>>> perl-clone: Validating /home/packager/oily-pine/main/perl-clone/APKBUILD...
>>> perl-clone: Cleaning up srcdir
>>> perl-clone: Cleaning up pkgdir
>>> perl-clone: Cleaning up tmpdir
>>> perl-clone: Fetching https://cpan.metacpan.org/authors/id/A/AT/ATOOMIC/Clone-0.47.tar.gz
>>> perl-clone: Fetching https://cpan.metacpan.org/authors/id/A/AT/ATOOMIC/Clone-0.47.tar.gz
>>> perl-clone: Checking sha512sums...
Clone-0.47.tar.gz: OK
>>> perl-clone: Preparing build chroot...
fetch http://dl-cdn.alpinelinux.org/alpine/edge/main/x86_64/APKINDEX.tar.gz
(1/76) Installing musl (1.2.5-r10)
(2/76) Installing libcrypto3 (3.5.0-r0)
(3/76) Installing ca-certificates-bundle (20241121-r2)
(4/76) Installing libssl3 (3.5.0-r0)
(5/76) Installing zlib (1.3.1-r2)
(6/76) Installing libapk2 (2.14.9-r2)
(7/76) Installing apk-tools (2.14.9-r2)
(8/76) Installing libcap2 (2.76-r0)
(9/76) Installing libcap-getcap (2.76-r0)
(10/76) Installing fakeroot (1.37.1.1-r0)
(11/76) Installing scanelf (1.3.8-r1)
(12/76) Installing musl-utils (1.2.5-r10)
(13/76) Installing libgcc (14.3.0-r0)
(14/76) Installing libstdc++ (14.3.0-r0)
(15/76) Installing lzip (1.25-r0)
(16/76) Installing openssl (3.5.0-r0)
(17/76) Installing patch (2.8-r0)
(18/76) Installing pkgconf (2.4.3-r0)
(19/76) Installing acl-libs (2.3.2-r1)
(20/76) Installing tar (1.35-r3)
(21/76) Installing busybox (1.37.0-r18)
Executing busybox-1.37.0-r18.post-install
(22/76) Installing ssl_client (1.37.0-r18)
(23/76) Installing busybox-binsh (1.37.0-r18)
(24/76) Installing abuild (3.15.0-r0)
Executing abuild-3.15.0-r0.pre-install
(25/76) Installing abuild-sudo (3.15.0-r0)
(26/76) Installing alpine-baselayout-data (3.7.0-r0)
(27/76) Installing alpine-baselayout (3.7.0-r0)
Executing alpine-baselayout-3.7.0-r0.pre-install
Executing alpine-baselayout-3.7.0-r0.post-install
(28/76) Installing bridge (1.5-r5)
(29/76) Installing ifupdown-ng (0.12.1-r7)
(30/76) Installing openrc-user (0.62.2-r2)
(31/76) Installing openrc (0.62.2-r2)
Executing openrc-0.62.2-r2.post-install
(32/76) Installing mdev-conf (4.8-r0)
(33/76) Installing busybox-mdev-openrc (1.37.0-r18)
(34/76) Installing alpine-conf (3.20.0-r0)
(35/76) Installing alpine-keys (2.5-r0)
(36/76) Installing alpine-release (3.22.0-r0)
(37/76) Installing busybox-openrc (1.37.0-r18)
(38/76) Installing busybox-suid (1.37.0-r18)
(39/76) Installing alpine-base (3.22.0-r0)
(40/76) Installing jansson (2.14.1-r0)
(41/76) Installing zstd-libs (1.5.7-r0)
(42/76) Installing binutils (2.44-r0)
(43/76) Installing libmagic (5.46-r2)
(44/76) Installing file (5.46-r2)
(45/76) Installing libgomp (14.3.0-r0)
(46/76) Installing libatomic (14.3.0-r0)
(47/76) Installing gmp (6.3.0-r3)
(48/76) Installing isl26 (0.26-r1)
(49/76) Installing mpfr4 (4.2.1_p1-r0)
(50/76) Installing mpc1 (1.3.1-r1)
(51/76) Installing gcc (14.3.0-r0)
(52/76) Installing libstdc++-dev (14.3.0-r0)
(53/76) Installing musl-dev (1.2.5-r10)
(54/76) Installing g++ (14.3.0-r0)
(55/76) Installing make (4.4.1-r3)
(56/76) Installing fortify-headers (1.1-r5)
(57/76) Installing build-base (0.5-r3)
(58/76) Installing brotli-libs (1.1.0-r2)
(59/76) Installing c-ares (1.34.5-r0)
(60/76) Installing libunistring (1.3-r0)
(61/76) Installing libidn2 (2.3.7-r0)
(62/76) Installing nghttp2-libs (1.65.0-r0)
(63/76) Installing libpsl (0.21.5-r3)
(64/76) Installing libcurl (8.14.0-r2)
(65/76) Installing libexpat (2.7.1-r0)
(66/76) Installing pcre2 (10.43-r1)
(67/76) Installing git (2.49.0-r0)
(68/76) Installing git-init-template (2.49.0-r0)
(69/76) Installing libbz2 (1.0.8-r6)
(70/76) Installing perl (5.40.2-r0)
(71/76) Installing perl-error (0.17030-r0)
(72/76) Installing perl-git (2.49.0-r0)
(73/76) Installing git-perl (2.49.0-r0)
(74/76) Installing perl-b-cow (0.007-r3)
(75/76) Installing perl-utils (5.40.2-r0)
(76/76) Installing perl-dev (5.40.2-r0)
Executing busybox-1.37.0-r18.trigger
OK: 305 MiB in 76 packages
>>> perl-clone: Fetching https://cpan.metacpan.org/authors/id/A/AT/ATOOMIC/Clone-0.47.tar.gz
>>> perl-clone: Checking sha512sums...
Clone-0.47.tar.gz: OK
>>> perl-clone: Unpacking /var/cache/distfiles/Clone-0.47.tar.gz...
Checking if your kit is complete...
Looks good
Generating a Unix-style Makefile
Writing Makefile for Clone
Writing MYMETA.yml and MYMETA.json
Running Mkbootstrap for Clone ()
"/usr/bin/perl" "/usr/share/perl5/core_perl/ExtUtils/xsubpp"  -typemap '/usr/share/perl5/core_perl/ExtUtils/typemap'  Clone.xs > Clone.xsc
chmod 644 "Clone.bs"
"/usr/bin/perl" -MExtUtils::Command::MM -e 'cp_nonempty' -- Clone.bs blib/arch/auto/Clone/Clone.bs 644
cp Clone.pm blib/lib/Clone.pm
AutoSplitting blib/lib/Clone.pm (blib/lib/auto/Clone)
mv Clone.xsc Clone.c
cc -c   -D_REENTRANT -D_GNU_SOURCE -D_GNU_SOURCE -fwrapv -fno-strict-aliasing -pipe -fstack-protector-strong -D_LARGEFILE_SOURCE -D_FILE_OFFSET_BITS=64 -O3   -DVERSION=\"0.47\" -DXS_VERSION=\"0.47\" -fPIC "-I/usr/lib/perl5/core_perl/CORE"   Clone.c
rm -f blib/arch/auto/Clone/Clone.so
cc  -shared -Os -fstack-clash-protection -Wformat -Werror=format-security -fno-plt -O2 -L/usr/local/lib -fstack-protector-strong  Clone.o  -o blib/arch/auto/Clone/Clone.so  \
      \
  
chmod 755 blib/arch/auto/Clone/Clone.so
Manifying 1 pod document
"/usr/bin/perl" -MExtUtils::Command::MM -e 'cp_nonempty' -- Clone.bs blib/arch/auto/Clone/Clone.bs 644
PERL_DL_NONLAZY=1 "/usr/bin/perl" "-MExtUtils::Command::MM" "-MTest::Harness" "-e" "undef *Test::Harness::Switches; test_harness(0, 'blib/lib', 'blib/arch')" t/*.t
t/01array.t ...... ok
t/02hash.t ....... ok
(?^:abcdefg) vs (?^:abcdefg) at t/03scalar.t line 133.
t/03scalar.t ..... ok
t/04tie.t ........ ok
t/05dtype.t ...... ok
t/06refcnt.t ..... ok
SV = PVMG(0x7f6256c59de0) at 0x7f6256c43f78
  REFCNT = 1
  FLAGS = (SMG,POK,pPOK,UTF8)
  IV = 0
  NV = 0
  PV = 0x7f6256b318c0 "a\r\n"\0 [UTF8 "a\r\n"]
  CUR = 3
  LEN = 16
  MAGIC = 0x7f6256b24660
    MG_VIRTUAL = &PL_vtbl_utf8
    MG_TYPE = PERL_MAGIC_utf8(w)
    MG_LEN = -1
    MG_PTR = 0x7f6256b325b0
       0: 2 -> 2
       1: 0 -> 0
SV = PVMG(0x7f6256c59e70) at 0x7f6256b72c48
  REFCNT = 1
  FLAGS = (SMG,POK,pPOK,UTF8)
  IV = 0
  NV = 0
  PV = 0x7f6256b2ff10 "a\r\n"\0 [UTF8 "a\r\n"]
  CUR = 3
  LEN = 16
  MAGIC = 0x7f6256b24620
    MG_VIRTUAL = &PL_vtbl_utf8
    MG_TYPE = PERL_MAGIC_utf8(w)
    MG_LEN = -1
    MG_PTR = 0x7f62578998f0
       0: 2 -> 2
       1: 0 -> 0
t/07magic.t ...... ok
t/08fieldhash.t .. ok
t/cow.t .......... ok
t/dclone.t ....... ok
All tests successful.

Test Summary Report
-------------------
t/cow.t        (Wstat: 0 Tests: 59 Failed: 0)
  TODO passed:   18-19, 23-24, 28-29, 33-34, 38-39
Files=10, Tests=145,  0 wallclock secs ( 0.02 usr  0.01 sys +  0.15 cusr  0.03 csys =  0.21 CPU)
Result: PASS
>>> perl-clone: Entering fakeroot...
"/usr/bin/perl" -MExtUtils::Command::MM -e 'cp_nonempty' -- Clone.bs blib/arch/auto/Clone/Clone.bs 644
Manifying 1 pod document
Files found in blib/arch: installing files in blib/lib into architecture dependent library tree
Installing /tmp/pkg/perl-clone/usr/lib/perl5/vendor_perl/auto/Clone/Clone.so
Installing /tmp/pkg/perl-clone/usr/lib/perl5/vendor_perl/Clone.pm
Installing /tmp/pkg/perl-clone/usr/lib/perl5/vendor_perl/auto/Clone/autosplit.ix
Installing /tmp/pkg/perl-clone/usr/share/man/man3/Clone.3pm
>>> perl-clone-doc*: Running split function doc...
'usr/share/man' -> '/tmp/pkg/perl-clone-doc/usr/share/man'
>>> perl-clone-doc*: Preparing subpackage perl-clone-doc...
>>> perl-clone-doc*: Running postcheck for perl-clone-doc
>>> perl-clone*: Running postcheck for perl-clone
>>> perl-clone*: Preparing package perl-clone...
>>> perl-clone*: Stripping binaries
>>> perl-clone-doc*: Scanning shared objects
>>> perl-clone*: Scanning shared objects
>>> perl-clone-doc*: Tracing dependencies...
>>> perl-clone-doc*: Package size: 1.7 KB
>>> perl-clone-doc*: Compressing data...
>>> perl-clone-doc*: Create checksum...
>>> perl-clone-doc*: Create perl-clone-doc-0.47-r0.apk
>>> perl-clone*: Tracing dependencies...
	perl
	so:libc.musl-x86_64.so.1
>>> perl-clone*: Package size: 20.1 KB
>>> perl-clone*: Compressing data...
>>> perl-clone*: Create checksum...
>>> perl-clone*: Create perl-clone-0.47-r0.apk
>>> perl-clone: Updating the main/x86_64 repository index...
>>> perl-clone: Signing the index...
>>> perl-clone: Cleaning up srcdir
>>> perl-clone: Cleaning up build chroot
>>> perl-clone: Cleaning up pkgdir
