pigz: not found
>>> perl-text-vfile-asdata: Building main/perl-text-vfile-asdata 0.08-r4 (using abuild 3.14.1-r4) started Sun, 18 May 2025 09:45:45 +0000
>>> perl-text-vfile-asdata: Validating /home/packager/aports/main/perl-text-vfile-asdata/APKBUILD...
>>> perl-text-vfile-asdata: Analyzing dependencies...
>>> perl-text-vfile-asdata: Installing for build: build-base perl perl-class-accessor-chained perl-dev
(1/10) Installing libbz2 (1.0.8-r6)
(2/10) Installing perl (5.40.2-r0)
(3/10) Installing perl-class-accessor (0.51-r4)
(4/10) Installing perl-class-accessor-chained (0.01-r4)
(5/10) Installing perl-utils (5.40.2-r0)
(6/10) Installing perl-dev (5.40.2-r0)
(7/10) Installing .makedepends-perl-text-vfile-asdata (20250518.094548)
(8/10) Installing perl-error (0.17030-r0)
(9/10) Installing perl-git (2.47.2-r0)
(10/10) Installing git-perl (2.47.2-r0)
Executing busybox-1.37.0-r12.trigger
OK: 307 MiB in 91 packages
>>> perl-text-vfile-asdata: Cleaning up srcdir
>>> perl-text-vfile-asdata: Cleaning up pkgdir
>>> perl-text-vfile-asdata: Cleaning up tmpdir
>>> perl-text-vfile-asdata: Fetching https://cpan.metacpan.org/authors/id/R/RC/RCLAMP/Text-vFile-asData-0.08.tar.gz
Connecting to cpan.metacpan.org (146.75.122.217:443)
saving to '/var/cache/distfiles/Text-vFile-asData-0.08.tar.gz.part'
Text-vFile-asData-0. 100% |********************************| 37806  0:00:00 ETA
'/var/cache/distfiles/Text-vFile-asData-0.08.tar.gz.part' saved
>>> perl-text-vfile-asdata: Fetching https://cpan.metacpan.org/authors/id/R/RC/RCLAMP/Text-vFile-asData-0.08.tar.gz
>>> perl-text-vfile-asdata: Checking sha512sums...
Text-vFile-asData-0.08.tar.gz: OK
>>> perl-text-vfile-asdata: Unpacking /var/cache/distfiles/Text-vFile-asData-0.08.tar.gz...
Checking if your kit is complete...
Looks good
Generating a Unix-style Makefile
Writing Makefile for Text::vFile::asData
Writing MYMETA.yml and MYMETA.json
cp lib/Text/vFile/asData.pm blib/lib/Text/vFile/asData.pm
Manifying 1 pod document
PERL_DL_NONLAZY=1 "/usr/bin/perl" "-MExtUtils::Command::MM" "-MTest::Harness" "-e" "undef *Test::Harness::Switches; test_harness(0, 'blib/lib', 'blib/arch')" t/*.t
t/01vfile.t ..... ok
# preservation is off
# preservation is on
t/02examples.t .. ok
t/03usage.t ..... ok
t/parse_line.t .. ok
t/pod.t ......... skipped: Test::Pod 1.00 required for testing POD
All tests successful.
Files=5, Tests=182,  1 wallclock secs ( 0.04 usr  0.01 sys +  0.46 cusr  0.06 csys =  0.57 CPU)
Result: PASS
>>> perl-text-vfile-asdata: Entering fakeroot...
Manifying 1 pod document
Appending installation info to /home/packager/aports/main/perl-text-vfile-asdata/pkg/perl-text-vfile-asdata/usr/lib/perl5/core_perl/perllocal.pod
Installing /home/packager/aports/main/perl-text-vfile-asdata/pkg/perl-text-vfile-asdata/usr/share/perl5/vendor_perl/Text/vFile/asData.pm
Installing /home/packager/aports/main/perl-text-vfile-asdata/pkg/perl-text-vfile-asdata/usr/share/man/man3/Text::vFile::asData.3pm
>>> perl-text-vfile-asdata-doc*: Running split function doc...
'usr/share/man' -> '/home/packager/aports/main/perl-text-vfile-asdata/pkg/perl-text-vfile-asdata-doc/usr/share/man'
>>> perl-text-vfile-asdata-doc*: Preparing subpackage perl-text-vfile-asdata-doc...
>>> perl-text-vfile-asdata-doc*: Running postcheck for perl-text-vfile-asdata-doc
>>> perl-text-vfile-asdata*: Running postcheck for perl-text-vfile-asdata
>>> perl-text-vfile-asdata*: Preparing package perl-text-vfile-asdata...
>>> perl-text-vfile-asdata-doc*: Tracing dependencies...
>>> perl-text-vfile-asdata-doc*: Package size: 2.5 KB
>>> perl-text-vfile-asdata-doc*: Compressing data...
>>> perl-text-vfile-asdata-doc*: Create checksum...
pigz: not found
>>> perl-text-vfile-asdata-doc*: Create perl-text-vfile-asdata-doc-0.08-r4.apk
>>> perl-text-vfile-asdata*: Tracing dependencies...
	perl
	perl-class-accessor-chained
>>> perl-text-vfile-asdata*: Package size: 8.6 KB
>>> perl-text-vfile-asdata*: Compressing data...
>>> perl-text-vfile-asdata*: Create checksum...
pigz: not found
>>> perl-text-vfile-asdata*: Create perl-text-vfile-asdata-0.08-r4.apk
>>> perl-text-vfile-asdata: Build complete at Sun, 18 May 2025 09:45:51 +0000 elapsed time 0h 0m 6s
>>> perl-text-vfile-asdata: Cleaning up srcdir
>>> perl-text-vfile-asdata: Cleaning up pkgdir
>>> perl-text-vfile-asdata: Uninstalling dependencies...
(1/10) Purging .makedepends-perl-text-vfile-asdata (20250518.094548)
(2/10) Purging perl-class-accessor-chained (0.01-r4)
(3/10) Purging perl-class-accessor (0.51-r4)
(4/10) Purging perl-dev (5.40.2-r0)
(5/10) Purging perl-utils (5.40.2-r0)
(6/10) Purging git-perl (2.47.2-r0)
(7/10) Purging perl-git (2.47.2-r0)
(8/10) Purging perl-error (0.17030-r0)
(9/10) Purging perl (5.40.2-r0)
(10/10) Purging libbz2 (1.0.8-r6)
Executing busybox-1.37.0-r12.trigger
OK: 261 MiB in 81 packages
>>> perl-text-vfile-asdata: Updating the main/x86_64 repository index...
>>> perl-text-vfile-asdata: Signing the index...
pigz: not found
