pigz: not found
>>> perl-test-file-sharedir: Building main/perl-test-file-sharedir 1.001002-r5 (using abuild 3.14.1-r4) started Sun, 18 May 2025 07:54:38 +0000
>>> perl-test-file-sharedir: Validating /home/packager/aports/main/perl-test-file-sharedir/APKBUILD...
>>> perl-test-file-sharedir: Analyzing dependencies...
>>> perl-test-file-sharedir: Installing for build: build-base perl perl-class-tiny perl-file-sharedir perl-file-copy-recursive perl-path-tiny perl-scope-guard perl-dev perl-test-fatal
(1/16) Installing libbz2 (1.0.8-r6)
(2/16) Installing perl (5.40.2-r0)
(3/16) Installing perl-class-tiny (1.008-r3)
(4/16) Installing perl-class-inspector (1.36-r3)
(5/16) Installing perl-file-sharedir (1.118-r1)
(6/16) Installing perl-file-copy-recursive (0.45-r3)
(7/16) Installing perl-path-tiny (0.146-r0)
(8/16) Installing perl-scope-guard (0.21-r5)
(9/16) Installing perl-utils (5.40.2-r0)
(10/16) Installing perl-dev (5.40.2-r0)
(11/16) Installing perl-try-tiny (0.32-r0)
(12/16) Installing perl-test-fatal (0.017-r1)
(13/16) Installing .makedepends-perl-test-file-sharedir (20250518.075439)
(14/16) Installing perl-error (0.17029-r2)
(15/16) Installing perl-git (2.47.2-r0)
(16/16) Installing git-perl (2.47.2-r0)
Executing busybox-1.37.0-r12.trigger
OK: 307 MiB in 97 packages
>>> perl-test-file-sharedir: Cleaning up srcdir
>>> perl-test-file-sharedir: Cleaning up pkgdir
>>> perl-test-file-sharedir: Cleaning up tmpdir
>>> perl-test-file-sharedir: Fetching https://cpan.metacpan.org/authors/id/K/KE/KENTNL/Test-File-ShareDir-1.001002.tar.gz
Connecting to cpan.metacpan.org (146.75.122.217:443)
saving to '/var/cache/distfiles/Test-File-ShareDir-1.001002.tar.gz.part'
Test-File-ShareDir-1 100% |********************************| 65466  0:00:00 ETA
'/var/cache/distfiles/Test-File-ShareDir-1.001002.tar.gz.part' saved
>>> perl-test-file-sharedir: Fetching https://cpan.metacpan.org/authors/id/K/KE/KENTNL/Test-File-ShareDir-1.001002.tar.gz
>>> perl-test-file-sharedir: Checking sha512sums...
Test-File-ShareDir-1.001002.tar.gz: OK
>>> perl-test-file-sharedir: Unpacking /var/cache/distfiles/Test-File-ShareDir-1.001002.tar.gz...
Checking if your kit is complete...
Looks good
Generating a Unix-style Makefile
Writing Makefile for Test::File::ShareDir
Writing MYMETA.yml and MYMETA.json
cp lib/Test/File/ShareDir/Object/Module.pm blib/lib/Test/File/ShareDir/Object/Module.pm
cp lib/Test/File/ShareDir/Object/Inc.pm blib/lib/Test/File/ShareDir/Object/Inc.pm
cp lib/Test/File/ShareDir/TempDirObject.pm blib/lib/Test/File/ShareDir/TempDirObject.pm
cp lib/Test/File/ShareDir.pm blib/lib/Test/File/ShareDir.pm
cp lib/Test/File/ShareDir/Module.pm blib/lib/Test/File/ShareDir/Module.pm
cp lib/Test/File/ShareDir/Dist.pm blib/lib/Test/File/ShareDir/Dist.pm
cp lib/Test/File/ShareDir/Object/Dist.pm blib/lib/Test/File/ShareDir/Object/Dist.pm
cp lib/Test/File/ShareDir/Utils.pm blib/lib/Test/File/ShareDir/Utils.pm
Manifying 8 pod documents
PERL_DL_NONLAZY=1 "/usr/bin/perl" "-MExtUtils::Command::MM" "-MTest::Harness" "-e" "undef *Test::Harness::Switches; test_harness(0, 'blib/lib', 'blib/arch')" t/*.t t/00-compile/*.t
t/00-compile/lib_Test_File_ShareDir_Dist_pm.t ........... ok
t/00-compile/lib_Test_File_ShareDir_Module_pm.t ......... ok
t/00-compile/lib_Test_File_ShareDir_Object_Dist_pm.t .... ok
t/00-compile/lib_Test_File_ShareDir_Object_Inc_pm.t ..... ok
t/00-compile/lib_Test_File_ShareDir_Object_Module_pm.t .. ok
t/00-compile/lib_Test_File_ShareDir_pm.t ................ ok
t/00-compile/lib_Test_File_ShareDir_TempDirObject_pm.t .. ok
t/00-compile/lib_Test_File_ShareDir_Utils_pm.t .......... ok
# 
# Versions for all modules listed in MYMETA.json (including optional ones):
# 
# === Configure Requires ===
# 
#     Module              Want Have
#     ------------------- ---- ----
#     ExtUtils::MakeMaker  any 7.70
# 
# === Configure Suggests ===
# 
#     Module              Want Have
#     ------------------- ---- ----
#     ExtUtils::MakeMaker 7.00 7.70
# 
# === Build Requires ===
# 
#     Module              Want Have
#     ------------------- ---- ----
#     ExtUtils::MakeMaker  any 7.70
# 
# === Test Requires ===
# 
#     Module              Want     Have
#     ------------------- ---- --------
#     Cwd                  any     3.91
#     ExtUtils::MakeMaker  any     7.70
#     File::Spec           any     3.91
#     FindBin              any     1.54
#     Test::Fatal          any    0.017
#     Test::More          0.96 1.302199
#     lib                  any     0.65
# 
# === Test Recommends ===
# 
#     Module         Want     Have
#     ---------- -------- --------
#     CPAN::Meta 2.120900 2.150010
# 
# === Test Suggests ===
# 
#     Module              Want     Have
#     ------------------- ---- --------
#     ExtUtils::MakeMaker 7.00     7.70
#     Test::More          0.99 1.302199
# 
# === Runtime Requires ===
# 
#     Module                 Want  Have
#     --------------------- ----- -----
#     Carp                    any  1.54
#     Class::Tiny             any 1.008
#     Exporter               5.57  5.78
#     File::Copy::Recursive   any  0.45
#     File::ShareDir         1.00 1.118
#     Path::Tiny            0.018 0.146
#     Scope::Guard            any  0.21
#     parent                  any 0.241
#     strict                  any  1.13
#     warnings                any  1.70
# 
# === Runtime Suggests ===
# 
#     Module      Want  Have
#     ---------- ----- -----
#     Path::Tiny 0.058 0.146
# 
t/00-report-prereqs.t ................................... ok
t/01_basic.t ............................................ ok
t/02_distdir.t .......................................... ok
t/03_cwd.t .............................................. ok
t/04_basic_simple.t ..................................... ok
t/05_dist_dir_simple.t .................................. ok
t/06_cwd_simple.t ....................................... ok
t/07_util_withdist.t .................................... ok
t/08_util_withmodule.t .................................. ok
All tests successful.
Files=17, Tests=29,  2 wallclock secs ( 0.06 usr  0.02 sys +  1.19 cusr  0.19 csys =  1.46 CPU)
Result: PASS
>>> perl-test-file-sharedir: Entering fakeroot...
Manifying 8 pod documents
Appending installation info to /home/packager/aports/main/perl-test-file-sharedir/pkg/perl-test-file-sharedir/usr/lib/perl5/core_perl/perllocal.pod
Installing /home/packager/aports/main/perl-test-file-sharedir/pkg/perl-test-file-sharedir/usr/share/perl5/vendor_perl/Test/File/ShareDir.pm
Installing /home/packager/aports/main/perl-test-file-sharedir/pkg/perl-test-file-sharedir/usr/share/perl5/vendor_perl/Test/File/ShareDir/Module.pm
Installing /home/packager/aports/main/perl-test-file-sharedir/pkg/perl-test-file-sharedir/usr/share/perl5/vendor_perl/Test/File/ShareDir/TempDirObject.pm
Installing /home/packager/aports/main/perl-test-file-sharedir/pkg/perl-test-file-sharedir/usr/share/perl5/vendor_perl/Test/File/ShareDir/Utils.pm
Installing /home/packager/aports/main/perl-test-file-sharedir/pkg/perl-test-file-sharedir/usr/share/perl5/vendor_perl/Test/File/ShareDir/Dist.pm
Installing /home/packager/aports/main/perl-test-file-sharedir/pkg/perl-test-file-sharedir/usr/share/perl5/vendor_perl/Test/File/ShareDir/Object/Module.pm
Installing /home/packager/aports/main/perl-test-file-sharedir/pkg/perl-test-file-sharedir/usr/share/perl5/vendor_perl/Test/File/ShareDir/Object/Inc.pm
Installing /home/packager/aports/main/perl-test-file-sharedir/pkg/perl-test-file-sharedir/usr/share/perl5/vendor_perl/Test/File/ShareDir/Object/Dist.pm
Installing /home/packager/aports/main/perl-test-file-sharedir/pkg/perl-test-file-sharedir/usr/share/man/man3/Test::File::ShareDir::Object::Inc.3pm
Installing /home/packager/aports/main/perl-test-file-sharedir/pkg/perl-test-file-sharedir/usr/share/man/man3/Test::File::ShareDir::Utils.3pm
Installing /home/packager/aports/main/perl-test-file-sharedir/pkg/perl-test-file-sharedir/usr/share/man/man3/Test::File::ShareDir::TempDirObject.3pm
Installing /home/packager/aports/main/perl-test-file-sharedir/pkg/perl-test-file-sharedir/usr/share/man/man3/Test::File::ShareDir::Object::Module.3pm
Installing /home/packager/aports/main/perl-test-file-sharedir/pkg/perl-test-file-sharedir/usr/share/man/man3/Test::File::ShareDir::Module.3pm
Installing /home/packager/aports/main/perl-test-file-sharedir/pkg/perl-test-file-sharedir/usr/share/man/man3/Test::File::ShareDir.3pm
Installing /home/packager/aports/main/perl-test-file-sharedir/pkg/perl-test-file-sharedir/usr/share/man/man3/Test::File::ShareDir::Object::Dist.3pm
Installing /home/packager/aports/main/perl-test-file-sharedir/pkg/perl-test-file-sharedir/usr/share/man/man3/Test::File::ShareDir::Dist.3pm
>>> perl-test-file-sharedir-doc*: Running split function doc...
'usr/share/man' -> '/home/packager/aports/main/perl-test-file-sharedir/pkg/perl-test-file-sharedir-doc/usr/share/man'
>>> perl-test-file-sharedir-doc*: Preparing subpackage perl-test-file-sharedir-doc...
>>> perl-test-file-sharedir-doc*: Running postcheck for perl-test-file-sharedir-doc
>>> perl-test-file-sharedir*: Running postcheck for perl-test-file-sharedir
>>> perl-test-file-sharedir*: Preparing package perl-test-file-sharedir...
>>> perl-test-file-sharedir-doc*: Tracing dependencies...
>>> perl-test-file-sharedir-doc*: Package size: 13.8 KB
>>> perl-test-file-sharedir-doc*: Compressing data...
>>> perl-test-file-sharedir-doc*: Create checksum...
pigz: not found
>>> perl-test-file-sharedir-doc*: Create perl-test-file-sharedir-doc-1.001002-r5.apk
>>> perl-test-file-sharedir*: Tracing dependencies...
	perl
	perl-class-tiny
	perl-file-sharedir
	perl-file-copy-recursive
	perl-path-tiny
	perl-scope-guard
>>> perl-test-file-sharedir*: Package size: 30.6 KB
>>> perl-test-file-sharedir*: Compressing data...
>>> perl-test-file-sharedir*: Create checksum...
pigz: not found
>>> perl-test-file-sharedir*: Create perl-test-file-sharedir-1.001002-r5.apk
>>> perl-test-file-sharedir: Build complete at Sun, 18 May 2025 07:54:43 +0000 elapsed time 0h 0m 5s
>>> perl-test-file-sharedir: Cleaning up srcdir
>>> perl-test-file-sharedir: Cleaning up pkgdir
>>> perl-test-file-sharedir: Uninstalling dependencies...
(1/16) Purging .makedepends-perl-test-file-sharedir (20250518.075439)
(2/16) Purging perl-class-tiny (1.008-r3)
(3/16) Purging perl-file-sharedir (1.118-r1)
(4/16) Purging perl-class-inspector (1.36-r3)
(5/16) Purging perl-file-copy-recursive (0.45-r3)
(6/16) Purging perl-path-tiny (0.146-r0)
(7/16) Purging perl-scope-guard (0.21-r5)
(8/16) Purging perl-dev (5.40.2-r0)
(9/16) Purging perl-utils (5.40.2-r0)
(10/16) Purging perl-test-fatal (0.017-r1)
(11/16) Purging perl-try-tiny (0.32-r0)
(12/16) Purging git-perl (2.47.2-r0)
(13/16) Purging perl-git (2.47.2-r0)
(14/16) Purging perl-error (0.17029-r2)
(15/16) Purging perl (5.40.2-r0)
(16/16) Purging libbz2 (1.0.8-r6)
Executing busybox-1.37.0-r12.trigger
OK: 261 MiB in 81 packages
>>> perl-test-file-sharedir: Updating the main/x86_64 repository index...
>>> perl-test-file-sharedir: Signing the index...
pigz: not found
