pigz: not found
>>> perl-net-ssleay: Building main/perl-net-ssleay 1.94-r2 (using abuild 3.14.1-r4) started Sun, 18 May 2025 07:11:41 +0000
>>> perl-net-ssleay: Validating /home/packager/aports/main/perl-net-ssleay/APKBUILD...
>>> perl-net-ssleay: Analyzing dependencies...
>>> perl-net-ssleay: Installing for build: build-base perl perl-dev openssl-dev>3 zlib-dev perl-test-exception perl-test-warn perl-test-nowarnings
(1/14) Installing libbz2 (1.0.8-r6)
(2/14) Installing perl (5.40.2-r0)
(3/14) Installing perl-utils (5.40.2-r0)
(4/14) Installing perl-dev (5.40.2-r0)
(5/14) Installing openssl-dev (3.3.3-r0)
(6/14) Installing zlib-dev (1.3.1-r2)
(7/14) Installing perl-sub-uplevel (0.2800-r6)
(8/14) Installing perl-test-exception (0.43-r4)
(9/14) Installing perl-test-warn (0.37-r2)
(10/14) Installing perl-test-nowarnings (1.06-r1)
(11/14) Installing .makedepends-perl-net-ssleay (20250518.071142)
(12/14) Installing perl-error (0.17029-r2)
(13/14) Installing perl-git (2.47.2-r0)
(14/14) Installing git-perl (2.47.2-r0)
Executing busybox-1.37.0-r12.trigger
OK: 308 MiB in 95 packages
>>> perl-net-ssleay: Cleaning up srcdir
>>> perl-net-ssleay: Cleaning up pkgdir
>>> perl-net-ssleay: Cleaning up tmpdir
>>> perl-net-ssleay: Fetching https://cpan.metacpan.org/authors/id/C/CH/CHRISN/Net-SSLeay-1.94.tar.gz
Connecting to cpan.metacpan.org (146.75.122.217:443)
saving to '/var/cache/distfiles/Net-SSLeay-1.94.tar.gz.part'
Net-SSLeay-1.94.tar. 100% |********************************|  648k  0:00:00 ETA
'/var/cache/distfiles/Net-SSLeay-1.94.tar.gz.part' saved
>>> perl-net-ssleay: Fetching https://cpan.metacpan.org/authors/id/C/CH/CHRISN/Net-SSLeay-1.94.tar.gz
>>> perl-net-ssleay: Checking sha512sums...
Net-SSLeay-1.94.tar.gz: OK
openssl-3.5.patch: OK
>>> perl-net-ssleay: Unpacking /var/cache/distfiles/Net-SSLeay-1.94.tar.gz...
>>> perl-net-ssleay: openssl-3.5.patch
patching file t/local/32_x509_get_cert_info.t
patching file t/local/32_x509_get_cert_info.t
Do you want to run external tests?
These tests *will* *fail* if you do not have network connectivity. [n] n
*** If there are build errors, test failures or run-time malfunctions,
    try to use the same compiler and options to compile your OpenSSL,
    Perl, and Net::SSLeay.
*** Found OpenSSL-3.3.3 installed in /usr
Checking if your kit is complete...
Looks good
Generating a Unix-style Makefile
Writing Makefile for Net::SSLeay
Writing MYMETA.yml and MYMETA.json
"/usr/bin/perl" "/usr/share/perl5/core_perl/ExtUtils/xsubpp"  -typemap '/usr/share/perl5/core_perl/ExtUtils/typemap' -typemap '/home/packager/aports/main/perl-net-ssleay/src/Net-SSLeay-1.94/typemap'  SSLeay.xs > SSLeay.xsc
Running Mkbootstrap for SSLeay ()
chmod 644 "SSLeay.bs"
"/usr/bin/perl" -MExtUtils::Command::MM -e 'cp_nonempty' -- SSLeay.bs blib/arch/auto/Net/SSLeay/SSLeay.bs 644
cp lib/Net/SSLeay/Handle.pm blib/lib/Net/SSLeay/Handle.pm
cp lib/Net/SSLeay.pm blib/lib/Net/SSLeay.pm
AutoSplitting blib/lib/Net/SSLeay.pm (blib/lib/auto/Net/SSLeay)
blib/lib/Net/SSLeay.pm: some names are not unique when truncated to 8 characters:
 directory blib/lib/auto/Net/SSLeay:
  do_https3.al, do_https2.al, do_https4.al, do_https.al truncate to do_https
  do_httpx3.al, do_httpx2.al, do_httpx4.al truncate to do_httpx
  get_https.al, get_https3.al, get_https4.al, get_http.al, get_http3.al, get_http4.al, get_httpx.al, get_httpx3.al, get_httpx4.al truncate to get_http
  head_https.al, head_https3.al, head_https4.al, head_http.al, head_http3.al, head_http4.al, head_httpx.al, head_httpx3.al, head_httpx4.al truncate to head_htt
  post_https.al, post_https3.al, post_https4.al, post_http.al, post_http3.al, post_http4.al, post_httpx.al, post_httpx3.al, post_httpx4.al truncate to post_htt
  put_https.al, put_https3.al, put_https4.al, put_http.al, put_http3.al, put_http4.al, put_httpx.al, put_httpx3.al, put_httpx4.al truncate to put_http
  ssl_read_all.al, ssl_read_until.al, ssl_read_CRLF.al truncate to ssl_read
  ssl_write_all.al, ssl_write_CRLF.al truncate to ssl_writ
  tcp_read_all.al, tcp_read_until.al, tcp_read_CRLF.al truncate to tcp_read
  tcp_write_all.al, tcp_write_CRLF.al truncate to tcp_writ
cp lib/Net/SSLeay.pod blib/lib/Net/SSLeay.pod
mv SSLeay.xsc SSLeay.c
cc -c  -I"/usr/include" -DOPENSSL_API_COMPAT=908 -DNET_SSLEAY_PERL_VERSION=5040002 -D_REENTRANT -D_GNU_SOURCE -D_GNU_SOURCE -fwrapv -fno-strict-aliasing -pipe -fstack-protector-strong -D_LARGEFILE_SOURCE -D_FILE_OFFSET_BITS=64 -Os -fstack-clash-protection -Wformat -Werror=format-security -fno-plt -O2   -DVERSION=\"1.94\" -DXS_VERSION=\"1.94\" -fPIC "-I/usr/lib/perl5/core_perl/CORE"   SSLeay.c
rm -f blib/arch/auto/Net/SSLeay/SSLeay.so
LD_RUN_PATH="/usr/lib" cc  -shared -Os -fstack-clash-protection -Wformat -Werror=format-security -fno-plt -O2 -L/usr -L/usr/lib -L/usr/local/lib -fstack-protector-strong  SSLeay.o  -o blib/arch/auto/Net/SSLeay/SSLeay.so  \
   -L/usr -L/usr/lib -lssl -lcrypto -lz   \
  
chmod 755 blib/arch/auto/Net/SSLeay/SSLeay.so
Manifying 2 pod documents
"/usr/bin/perl" -MExtUtils::Command::MM -e 'cp_nonempty' -- SSLeay.bs blib/arch/auto/Net/SSLeay/SSLeay.bs 644
PERL_DL_NONLAZY=1 "/usr/bin/perl" "-MExtUtils::Command::MM" "-MTest::Harness" "-e" "undef *Test::Harness::Switches; test_harness(0, 'blib/lib', 'blib/arch')" t/local/*.t t/handle/local/*.t
t/handle/local/05_use.t ..................... ok
t/local/01_pod.t ............................ skipped: Test::Pod 1.41 required for testing pod
t/local/02_pod_coverage.t ................... skipped: These tests are for only for release candidate testing. Enable with RELEASE_TESTING=1
# 
# Testing Net::SSLeay 1.94
# 
# Perl information:
#   Version:         '5.040002'
#   Executable path: '/usr/bin/perl'
# 
# Library version with OpenSSL_version_num():
#   OPENSSL_VERSION_NUMBER: '0x30300030'
# 
# Library information with SSLeay_version() and OpenSSL_version():
#   SSLEAY_VERSION:              'OpenSSL 3.3.3 11 Feb 2025'
#   SSLEAY_CFLAGS:               'compiler: gcc -fPIC -pthread -m64 -Wa,--noexecstack -Os -fstack-clash-protection -Wformat -Werror=format-security -fno-plt -g -Os -fstack-clash-protection -Wformat -Werror=format-security -fno-plt -g -Wa,--noexecstack -DOPENSSL_USE_NODELETE -DL_ENDIAN -DOPENSSL_PIC -DOPENSSL_BUILDING_OPENSSL -DNDEBUG'
#   SSLEAY_BUILT_ON:             'built on: Tue Feb 11 17:51:32 2025 UTC'
#   SSLEAY_PLATFORM:             'platform: linux-x86_64'
#   SSLEAY_DIR:                  'OPENSSLDIR: "/etc/ssl"'
#   OPENSSL_ENGINES_DIR:         'ENGINESDIR: "/usr/lib/engines-3"'
#   OPENSSL_MODULES_DIR:         'MODULESDIR: "/usr/lib/ossl-modules"'
#   OPENSSL_CPU_INFO:            'CPUINFO: OPENSSL_ia32cap=0x7fbae3ffffebffff:0x281'
#   OPENSSL_VERSION_STRING:      '3.3.3'
#   OPENSSL_FULL_VERSION_STRING: '3.3.3'
# 
# Library version information with OPENSSL_version_*():
#   OPENSSL_version_major():          '3'
#   OPENSSL_version_minor():          '3'
#   OPENSSL_version_patch():          '3'
#   OPENSSL_version_pre_release():    ''
#   OPENSSL_version_build_metadata(): ''
# 
# Library information with OPENSSL_info():
#   OPENSSL_INFO_CONFIG_DIR:             '/etc/ssl'
#   OPENSSL_INFO_ENGINES_DIR:            '/usr/lib/engines-3'
#   OPENSSL_INFO_MODULES_DIR:            '/usr/lib/ossl-modules'
#   OPENSSL_INFO_DSO_EXTENSION:          '.so'
#   OPENSSL_INFO_DIR_FILENAME_SEPARATOR: '/'
#   OPENSSL_INFO_LIST_SEPARATOR:         ':'
#   OPENSSL_INFO_SEED_SOURCE:            'os-specific'
#   OPENSSL_INFO_CPU_SETTINGS:           'OPENSSL_ia32cap=0x7fbae3ffffebffff:0x281'
t/local/03_use.t ............................ ok
t/local/04_basic.t .......................... ok
t/local/05_passwd_cb.t ...................... ok
t/local/06_tcpecho.t ........................ ok
t/local/07_sslecho.t ........................ ok
t/local/08_pipe.t ........................... ok
t/local/09_ctx_new.t ........................ ok
t/local/10_rand.t ........................... ok
t/local/11_read.t ........................... ok
t/local/15_bio.t ............................ ok
t/local/20_functions.t ...................... ok
t/local/21_constants.t ...................... ok
t/local/22_provider.t ....................... ok
t/local/22_provider_try_load.t .............. ok
t/local/22_provider_try_load_zero_retain.t .. ok
t/local/23_openssl_init.t ................... ok
t/local/30_error.t .......................... ok
t/local/31_rsa_generate_key.t ............... ok
t/local/32_x509_get_cert_info.t ............. ok
t/local/33_x509_create_cert.t ............... ok
t/local/34_x509_crl.t ....................... ok
t/local/35_ephemeral.t ...................... skipped: LibreSSL and OpenSSL 1.1.0 removed support for ephemeral/temporary RSA private keys
t/local/36_verify.t ......................... ok
t/local/37_asn1_time.t ...................... ok
t/local/38_priv-key.t ....................... ok
t/local/39_pkcs12.t ......................... ok
t/local/40_npn_support.t .................... ok
t/local/41_alpn_support.t ................... ok
t/local/42_info_callback.t .................. ok
t/local/43_misc_functions.t ................. ok
t/local/44_sess.t ........................... ok
t/local/45_exporter.t ....................... ok
t/local/46_msg_callback.t ................... ok
t/local/47_keylog.t ......................... ok
t/local/48_client_hello_callback.t .......... ok
t/local/50_digest.t ......................... ok
t/local/61_threads-cb-crash.t ............... ok
t/local/62_threads-ctx_new-deadlock.t ....... ok
t/local/63_ec_key_generate_key.t ............ ok
t/local/64_ticket_sharing.t ................. ok
t/local/65_security_level.t ................. ok
t/local/65_ticket_sharing_2.t ............... ok
t/local/66_curves.t ......................... ok
t/local/kwalitee.t .......................... skipped: These tests are for only for release candidate testing. Enable with RELEASE_TESTING=1
All tests successful.
Files=47, Tests=2784,  8 wallclock secs ( 0.33 usr  0.06 sys +  6.95 cusr  2.02 csys =  9.36 CPU)
Result: PASS
>>> perl-net-ssleay: Entering fakeroot...
"/usr/bin/perl" -MExtUtils::Command::MM -e 'cp_nonempty' -- SSLeay.bs blib/arch/auto/Net/SSLeay/SSLeay.bs 644
Manifying 2 pod documents
Appending installation info to /home/packager/aports/main/perl-net-ssleay/pkg/perl-net-ssleay/usr/lib/perl5/core_perl/perllocal.pod
Files found in blib/arch: installing files in blib/lib into architecture dependent library tree
Installing /home/packager/aports/main/perl-net-ssleay/pkg/perl-net-ssleay/usr/lib/perl5/vendor_perl/auto/Net/SSLeay/SSLeay.so
Installing /home/packager/aports/main/perl-net-ssleay/pkg/perl-net-ssleay/usr/lib/perl5/vendor_perl/Net/SSLeay.pm
Installing /home/packager/aports/main/perl-net-ssleay/pkg/perl-net-ssleay/usr/lib/perl5/vendor_perl/Net/SSLeay.pod
Installing /home/packager/aports/main/perl-net-ssleay/pkg/perl-net-ssleay/usr/lib/perl5/vendor_perl/Net/SSLeay/Handle.pm
Installing /home/packager/aports/main/perl-net-ssleay/pkg/perl-net-ssleay/usr/lib/perl5/vendor_perl/auto/Net/SSLeay/tcp_write_CRLF.al
Installing /home/packager/aports/main/perl-net-ssleay/pkg/perl-net-ssleay/usr/lib/perl5/vendor_perl/auto/Net/SSLeay/post_https.al
Installing /home/packager/aports/main/perl-net-ssleay/pkg/perl-net-ssleay/usr/lib/perl5/vendor_perl/auto/Net/SSLeay/post_httpx3.al
Installing /home/packager/aports/main/perl-net-ssleay/pkg/perl-net-ssleay/usr/lib/perl5/vendor_perl/auto/Net/SSLeay/initialize.al
Installing /home/packager/aports/main/perl-net-ssleay/pkg/perl-net-ssleay/usr/lib/perl5/vendor_perl/auto/Net/SSLeay/set_server_cert_and_key.al
Installing /home/packager/aports/main/perl-net-ssleay/pkg/perl-net-ssleay/usr/lib/perl5/vendor_perl/auto/Net/SSLeay/head_httpx4.al
Installing /home/packager/aports/main/perl-net-ssleay/pkg/perl-net-ssleay/usr/lib/perl5/vendor_perl/auto/Net/SSLeay/put_httpx3.al
Installing /home/packager/aports/main/perl-net-ssleay/pkg/perl-net-ssleay/usr/lib/perl5/vendor_perl/auto/Net/SSLeay/post_httpx4.al
Installing /home/packager/aports/main/perl-net-ssleay/pkg/perl-net-ssleay/usr/lib/perl5/vendor_perl/auto/Net/SSLeay/want_write.al
Installing /home/packager/aports/main/perl-net-ssleay/pkg/perl-net-ssleay/usr/lib/perl5/vendor_perl/auto/Net/SSLeay/put_https3.al
Installing /home/packager/aports/main/perl-net-ssleay/pkg/perl-net-ssleay/usr/lib/perl5/vendor_perl/auto/Net/SSLeay/get_https4.al
Installing /home/packager/aports/main/perl-net-ssleay/pkg/perl-net-ssleay/usr/lib/perl5/vendor_perl/auto/Net/SSLeay/tcpcat.al
Installing /home/packager/aports/main/perl-net-ssleay/pkg/perl-net-ssleay/usr/lib/perl5/vendor_perl/auto/Net/SSLeay/httpx_cat.al
Installing /home/packager/aports/main/perl-net-ssleay/pkg/perl-net-ssleay/usr/lib/perl5/vendor_perl/auto/Net/SSLeay/make_headers.al
Installing /home/packager/aports/main/perl-net-ssleay/pkg/perl-net-ssleay/usr/lib/perl5/vendor_perl/auto/Net/SSLeay/head_https3.al
Installing /home/packager/aports/main/perl-net-ssleay/pkg/perl-net-ssleay/usr/lib/perl5/vendor_perl/auto/Net/SSLeay/head_http3.al
Installing /home/packager/aports/main/perl-net-ssleay/pkg/perl-net-ssleay/usr/lib/perl5/vendor_perl/auto/Net/SSLeay/want_read.al
Installing /home/packager/aports/main/perl-net-ssleay/pkg/perl-net-ssleay/usr/lib/perl5/vendor_perl/auto/Net/SSLeay/set_proxy.al
Installing /home/packager/aports/main/perl-net-ssleay/pkg/perl-net-ssleay/usr/lib/perl5/vendor_perl/auto/Net/SSLeay/head_http4.al
Installing /home/packager/aports/main/perl-net-ssleay/pkg/perl-net-ssleay/usr/lib/perl5/vendor_perl/auto/Net/SSLeay/set_cert_and_key.al
Installing /home/packager/aports/main/perl-net-ssleay/pkg/perl-net-ssleay/usr/lib/perl5/vendor_perl/auto/Net/SSLeay/randomize.al
Installing /home/packager/aports/main/perl-net-ssleay/pkg/perl-net-ssleay/usr/lib/perl5/vendor_perl/auto/Net/SSLeay/head_httpx3.al
Installing /home/packager/aports/main/perl-net-ssleay/pkg/perl-net-ssleay/usr/lib/perl5/vendor_perl/auto/Net/SSLeay/tcp_write_all.al
Installing /home/packager/aports/main/perl-net-ssleay/pkg/perl-net-ssleay/usr/lib/perl5/vendor_perl/auto/Net/SSLeay/put_http3.al
Installing /home/packager/aports/main/perl-net-ssleay/pkg/perl-net-ssleay/usr/lib/perl5/vendor_perl/auto/Net/SSLeay/sslcat.al
Installing /home/packager/aports/main/perl-net-ssleay/pkg/perl-net-ssleay/usr/lib/perl5/vendor_perl/auto/Net/SSLeay/post_https3.al
Installing /home/packager/aports/main/perl-net-ssleay/pkg/perl-net-ssleay/usr/lib/perl5/vendor_perl/auto/Net/SSLeay/get_http4.al
Installing /home/packager/aports/main/perl-net-ssleay/pkg/perl-net-ssleay/usr/lib/perl5/vendor_perl/auto/Net/SSLeay/post_https4.al
Installing /home/packager/aports/main/perl-net-ssleay/pkg/perl-net-ssleay/usr/lib/perl5/vendor_perl/auto/Net/SSLeay/do_https3.al
Installing /home/packager/aports/main/perl-net-ssleay/pkg/perl-net-ssleay/usr/lib/perl5/vendor_perl/auto/Net/SSLeay/https_cat.al
Installing /home/packager/aports/main/perl-net-ssleay/pkg/perl-net-ssleay/usr/lib/perl5/vendor_perl/auto/Net/SSLeay/get_httpx4.al
Installing /home/packager/aports/main/perl-net-ssleay/pkg/perl-net-ssleay/usr/lib/perl5/vendor_perl/auto/Net/SSLeay/dump_peer_certificate.al
Installing /home/packager/aports/main/perl-net-ssleay/pkg/perl-net-ssleay/usr/lib/perl5/vendor_perl/auto/Net/SSLeay/head_httpx.al
Installing /home/packager/aports/main/perl-net-ssleay/pkg/perl-net-ssleay/usr/lib/perl5/vendor_perl/auto/Net/SSLeay/put_httpx.al
Installing /home/packager/aports/main/perl-net-ssleay/pkg/perl-net-ssleay/usr/lib/perl5/vendor_perl/auto/Net/SSLeay/ssl_read_all.al
Installing /home/packager/aports/main/perl-net-ssleay/pkg/perl-net-ssleay/usr/lib/perl5/vendor_perl/auto/Net/SSLeay/ssl_write_CRLF.al
Installing /home/packager/aports/main/perl-net-ssleay/pkg/perl-net-ssleay/usr/lib/perl5/vendor_perl/auto/Net/SSLeay/do_httpx3.al
Installing /home/packager/aports/main/perl-net-ssleay/pkg/perl-net-ssleay/usr/lib/perl5/vendor_perl/auto/Net/SSLeay/get_https.al
Installing /home/packager/aports/main/perl-net-ssleay/pkg/perl-net-ssleay/usr/lib/perl5/vendor_perl/auto/Net/SSLeay/do_httpx2.al
Installing /home/packager/aports/main/perl-net-ssleay/pkg/perl-net-ssleay/usr/lib/perl5/vendor_perl/auto/Net/SSLeay/post_http3.al
Installing /home/packager/aports/main/perl-net-ssleay/pkg/perl-net-ssleay/usr/lib/perl5/vendor_perl/auto/Net/SSLeay/do_https2.al
Installing /home/packager/aports/main/perl-net-ssleay/pkg/perl-net-ssleay/usr/lib/perl5/vendor_perl/auto/Net/SSLeay/tcp_read_CRLF.al
Installing /home/packager/aports/main/perl-net-ssleay/pkg/perl-net-ssleay/usr/lib/perl5/vendor_perl/auto/Net/SSLeay/ssl_read_until.al
Installing /home/packager/aports/main/perl-net-ssleay/pkg/perl-net-ssleay/usr/lib/perl5/vendor_perl/auto/Net/SSLeay/post_http4.al
Installing /home/packager/aports/main/perl-net-ssleay/pkg/perl-net-ssleay/usr/lib/perl5/vendor_perl/auto/Net/SSLeay/get_https3.al
Installing /home/packager/aports/main/perl-net-ssleay/pkg/perl-net-ssleay/usr/lib/perl5/vendor_perl/auto/Net/SSLeay/tcp_read_until.al
Installing /home/packager/aports/main/perl-net-ssleay/pkg/perl-net-ssleay/usr/lib/perl5/vendor_perl/auto/Net/SSLeay/put_https4.al
Installing /home/packager/aports/main/perl-net-ssleay/pkg/perl-net-ssleay/usr/lib/perl5/vendor_perl/auto/Net/SSLeay/get_http.al
Installing /home/packager/aports/main/perl-net-ssleay/pkg/perl-net-ssleay/usr/lib/perl5/vendor_perl/auto/Net/SSLeay/ssl_write_all.al
Installing /home/packager/aports/main/perl-net-ssleay/pkg/perl-net-ssleay/usr/lib/perl5/vendor_perl/auto/Net/SSLeay/get_httpx3.al
Installing /home/packager/aports/main/perl-net-ssleay/pkg/perl-net-ssleay/usr/lib/perl5/vendor_perl/auto/Net/SSLeay/head_http.al
Installing /home/packager/aports/main/perl-net-ssleay/pkg/perl-net-ssleay/usr/lib/perl5/vendor_perl/auto/Net/SSLeay/ssl_read_CRLF.al
Installing /home/packager/aports/main/perl-net-ssleay/pkg/perl-net-ssleay/usr/lib/perl5/vendor_perl/auto/Net/SSLeay/debug_read.al
Installing /home/packager/aports/main/perl-net-ssleay/pkg/perl-net-ssleay/usr/lib/perl5/vendor_perl/auto/Net/SSLeay/put_https.al
Installing /home/packager/aports/main/perl-net-ssleay/pkg/perl-net-ssleay/usr/lib/perl5/vendor_perl/auto/Net/SSLeay/open_tcp_connection.al
Installing /home/packager/aports/main/perl-net-ssleay/pkg/perl-net-ssleay/usr/lib/perl5/vendor_perl/auto/Net/SSLeay/put_http.al
Installing /home/packager/aports/main/perl-net-ssleay/pkg/perl-net-ssleay/usr/lib/perl5/vendor_perl/auto/Net/SSLeay/put_httpx4.al
Installing /home/packager/aports/main/perl-net-ssleay/pkg/perl-net-ssleay/usr/lib/perl5/vendor_perl/auto/Net/SSLeay/tcp_read_all.al
Installing /home/packager/aports/main/perl-net-ssleay/pkg/perl-net-ssleay/usr/lib/perl5/vendor_perl/auto/Net/SSLeay/new_x_ctx.al
Installing /home/packager/aports/main/perl-net-ssleay/pkg/perl-net-ssleay/usr/lib/perl5/vendor_perl/auto/Net/SSLeay/head_https4.al
Installing /home/packager/aports/main/perl-net-ssleay/pkg/perl-net-ssleay/usr/lib/perl5/vendor_perl/auto/Net/SSLeay/post_http.al
Installing /home/packager/aports/main/perl-net-ssleay/pkg/perl-net-ssleay/usr/lib/perl5/vendor_perl/auto/Net/SSLeay/want_X509_lookup.al
Installing /home/packager/aports/main/perl-net-ssleay/pkg/perl-net-ssleay/usr/lib/perl5/vendor_perl/auto/Net/SSLeay/get_http3.al
Installing /home/packager/aports/main/perl-net-ssleay/pkg/perl-net-ssleay/usr/lib/perl5/vendor_perl/auto/Net/SSLeay/autosplit.ix
Installing /home/packager/aports/main/perl-net-ssleay/pkg/perl-net-ssleay/usr/lib/perl5/vendor_perl/auto/Net/SSLeay/open_proxy_tcp_connection.al
Installing /home/packager/aports/main/perl-net-ssleay/pkg/perl-net-ssleay/usr/lib/perl5/vendor_perl/auto/Net/SSLeay/want_nothing.al
Installing /home/packager/aports/main/perl-net-ssleay/pkg/perl-net-ssleay/usr/lib/perl5/vendor_perl/auto/Net/SSLeay/post_httpx.al
Installing /home/packager/aports/main/perl-net-ssleay/pkg/perl-net-ssleay/usr/lib/perl5/vendor_perl/auto/Net/SSLeay/do_https.al
Installing /home/packager/aports/main/perl-net-ssleay/pkg/perl-net-ssleay/usr/lib/perl5/vendor_perl/auto/Net/SSLeay/http_cat.al
Installing /home/packager/aports/main/perl-net-ssleay/pkg/perl-net-ssleay/usr/lib/perl5/vendor_perl/auto/Net/SSLeay/head_https.al
Installing /home/packager/aports/main/perl-net-ssleay/pkg/perl-net-ssleay/usr/lib/perl5/vendor_perl/auto/Net/SSLeay/do_https4.al
Installing /home/packager/aports/main/perl-net-ssleay/pkg/perl-net-ssleay/usr/lib/perl5/vendor_perl/auto/Net/SSLeay/get_httpx.al
Installing /home/packager/aports/main/perl-net-ssleay/pkg/perl-net-ssleay/usr/lib/perl5/vendor_perl/auto/Net/SSLeay/tcpxcat.al
Installing /home/packager/aports/main/perl-net-ssleay/pkg/perl-net-ssleay/usr/lib/perl5/vendor_perl/auto/Net/SSLeay/do_httpx4.al
Installing /home/packager/aports/main/perl-net-ssleay/pkg/perl-net-ssleay/usr/lib/perl5/vendor_perl/auto/Net/SSLeay/put_http4.al
Installing /home/packager/aports/main/perl-net-ssleay/pkg/perl-net-ssleay/usr/lib/perl5/vendor_perl/auto/Net/SSLeay/make_form.al
Installing /home/packager/aports/main/perl-net-ssleay/pkg/perl-net-ssleay/usr/share/man/man3/Net::SSLeay.3pm
Installing /home/packager/aports/main/perl-net-ssleay/pkg/perl-net-ssleay/usr/share/man/man3/Net::SSLeay::Handle.3pm
>>> perl-net-ssleay-doc*: Running split function doc...
'usr/share/man' -> '/home/packager/aports/main/perl-net-ssleay/pkg/perl-net-ssleay-doc/usr/share/man'
>>> perl-net-ssleay-doc*: Preparing subpackage perl-net-ssleay-doc...
>>> perl-net-ssleay-doc*: Running postcheck for perl-net-ssleay-doc
>>> perl-net-ssleay*: Running postcheck for perl-net-ssleay
>>> perl-net-ssleay*: Preparing package perl-net-ssleay...
>>> perl-net-ssleay*: Stripping binaries
>>> WARNING: perl-net-ssleay*: Redundant /usr/lib in rpath found
>>> perl-net-ssleay-doc*: Scanning shared objects
>>> perl-net-ssleay*: Scanning shared objects
>>> perl-net-ssleay-doc*: Tracing dependencies...
>>> perl-net-ssleay-doc*: Package size: 83.9 KB
>>> perl-net-ssleay-doc*: Compressing data...
>>> perl-net-ssleay-doc*: Create checksum...
pigz: not found
>>> perl-net-ssleay-doc*: Create perl-net-ssleay-doc-1.94-r2.apk
>>> perl-net-ssleay*: Tracing dependencies...
	perl
	so:libc.musl-x86_64.so.1
	so:libcrypto.so.3
	so:libssl.so.3
>>> perl-net-ssleay*: Package size: 1.1 MB
>>> perl-net-ssleay*: Compressing data...
>>> perl-net-ssleay*: Create checksum...
pigz: not found
>>> perl-net-ssleay*: Create perl-net-ssleay-1.94-r2.apk
>>> perl-net-ssleay: Build complete at Sun, 18 May 2025 07:12:09 +0000 elapsed time 0h 0m 28s
>>> perl-net-ssleay: Cleaning up srcdir
>>> perl-net-ssleay: Cleaning up pkgdir
>>> perl-net-ssleay: Uninstalling dependencies...
(1/14) Purging .makedepends-perl-net-ssleay (20250518.071142)
(2/14) Purging perl-dev (5.40.2-r0)
(3/14) Purging perl-utils (5.40.2-r0)
(4/14) Purging openssl-dev (3.3.3-r0)
(5/14) Purging zlib-dev (1.3.1-r2)
(6/14) Purging perl-test-exception (0.43-r4)
(7/14) Purging perl-test-warn (0.37-r2)
(8/14) Purging perl-sub-uplevel (0.2800-r6)
(9/14) Purging perl-test-nowarnings (1.06-r1)
(10/14) Purging git-perl (2.47.2-r0)
(11/14) Purging perl-git (2.47.2-r0)
(12/14) Purging perl-error (0.17029-r2)
(13/14) Purging perl (5.40.2-r0)
(14/14) Purging libbz2 (1.0.8-r6)
Executing busybox-1.37.0-r12.trigger
OK: 260 MiB in 81 packages
>>> perl-net-ssleay: Updating the main/x86_64 repository index...
>>> perl-net-ssleay: Signing the index...
pigz: not found
