>>> perl-ipc-run: Validating /home/packager/oily-pine/main/perl-ipc-run/APKBUILD...
>>> perl-ipc-run: Cleaning up srcdir
>>> perl-ipc-run: Cleaning up pkgdir
>>> perl-ipc-run: Cleaning up tmpdir
>>> perl-ipc-run: Fetching https://cpan.metacpan.org/authors/id/T/TO/TODDR/IPC-Run-20231003.0.tar.gz
  % Total    % Received % Xferd  Average Speed   Time    Time     Time  Current
                                 Dload  Upload   Total   Spent    Left  Speed
  0     0    0     0    0     0      0      0 --:--:-- --:--:-- --:--:--     0100  132k  100  132k    0     0   657k      0 --:--:-- --:--:-- --:--:--  658k
>>> perl-ipc-run: Fetching https://cpan.metacpan.org/authors/id/T/TO/TODDR/IPC-Run-20231003.0.tar.gz
>>> perl-ipc-run: Checking sha512sums...
IPC-Run-20231003.0.tar.gz: OK
>>> perl-ipc-run: Preparing build chroot...
fetch http://dl-cdn.alpinelinux.org/alpine/edge/main/x86_64/APKINDEX.tar.gz
(1/74) Installing musl (1.2.5-r10)
(2/74) Installing libcrypto3 (3.5.0-r0)
(3/74) Installing ca-certificates-bundle (20241121-r2)
(4/74) Installing libssl3 (3.5.0-r0)
(5/74) Installing zlib (1.3.1-r2)
(6/74) Installing libapk2 (2.14.9-r2)
(7/74) Installing apk-tools (2.14.9-r2)
(8/74) Installing libcap2 (2.76-r0)
(9/74) Installing libcap-getcap (2.76-r0)
(10/74) Installing fakeroot (1.37.1.1-r0)
(11/74) Installing scanelf (1.3.8-r1)
(12/74) Installing musl-utils (1.2.5-r10)
(13/74) Installing libgcc (14.3.0-r0)
(14/74) Installing libstdc++ (14.3.0-r0)
(15/74) Installing lzip (1.25-r0)
(16/74) Installing openssl (3.5.0-r0)
(17/74) Installing patch (2.8-r0)
(18/74) Installing pkgconf (2.4.3-r0)
(19/74) Installing acl-libs (2.3.2-r1)
(20/74) Installing tar (1.35-r3)
(21/74) Installing busybox (1.37.0-r18)
Executing busybox-1.37.0-r18.post-install
(22/74) Installing ssl_client (1.37.0-r18)
(23/74) Installing busybox-binsh (1.37.0-r18)
(24/74) Installing abuild (3.15.0-r0)
Executing abuild-3.15.0-r0.pre-install
(25/74) Installing abuild-sudo (3.15.0-r0)
(26/74) Installing alpine-baselayout-data (3.7.0-r0)
(27/74) Installing alpine-baselayout (3.7.0-r0)
Executing alpine-baselayout-3.7.0-r0.pre-install
Executing alpine-baselayout-3.7.0-r0.post-install
(28/74) Installing bridge (1.5-r5)
(29/74) Installing ifupdown-ng (0.12.1-r7)
(30/74) Installing openrc-user (0.62.2-r2)
(31/74) Installing openrc (0.62.2-r2)
Executing openrc-0.62.2-r2.post-install
(32/74) Installing mdev-conf (4.8-r0)
(33/74) Installing busybox-mdev-openrc (1.37.0-r18)
(34/74) Installing alpine-conf (3.20.0-r0)
(35/74) Installing alpine-keys (2.5-r0)
(36/74) Installing alpine-release (3.22.0-r0)
(37/74) Installing busybox-openrc (1.37.0-r18)
(38/74) Installing busybox-suid (1.37.0-r18)
(39/74) Installing alpine-base (3.22.0-r0)
(40/74) Installing jansson (2.14.1-r0)
(41/74) Installing zstd-libs (1.5.7-r0)
(42/74) Installing binutils (2.44-r0)
(43/74) Installing libmagic (5.46-r2)
(44/74) Installing file (5.46-r2)
(45/74) Installing libgomp (14.3.0-r0)
(46/74) Installing libatomic (14.3.0-r0)
(47/74) Installing gmp (6.3.0-r3)
(48/74) Installing isl26 (0.26-r1)
(49/74) Installing mpfr4 (4.2.1_p1-r0)
(50/74) Installing mpc1 (1.3.1-r1)
(51/74) Installing gcc (14.3.0-r0)
(52/74) Installing libstdc++-dev (14.3.0-r0)
(53/74) Installing musl-dev (1.2.5-r10)
(54/74) Installing g++ (14.3.0-r0)
(55/74) Installing make (4.4.1-r3)
(56/74) Installing fortify-headers (1.1-r5)
(57/74) Installing build-base (0.5-r3)
(58/74) Installing brotli-libs (1.1.0-r2)
(59/74) Installing c-ares (1.34.5-r0)
(60/74) Installing libunistring (1.3-r0)
(61/74) Installing libidn2 (2.3.7-r0)
(62/74) Installing nghttp2-libs (1.65.0-r0)
(63/74) Installing libpsl (0.21.5-r3)
(64/74) Installing libcurl (8.14.0-r2)
(65/74) Installing libexpat (2.7.1-r0)
(66/74) Installing pcre2 (10.43-r1)
(67/74) Installing git (2.49.0-r0)
(68/74) Installing git-init-template (2.49.0-r0)
(69/74) Installing libbz2 (1.0.8-r6)
(70/74) Installing perl (5.40.2-r0)
(71/74) Installing perl-error (0.17030-r0)
(72/74) Installing perl-git (2.49.0-r0)
(73/74) Installing git-perl (2.49.0-r0)
(74/74) Installing perl-io-tty (1.20-r1)
Executing busybox-1.37.0-r18.trigger
OK: 296 MiB in 74 packages
>>> perl-ipc-run: Fetching https://cpan.metacpan.org/authors/id/T/TO/TODDR/IPC-Run-20231003.0.tar.gz
>>> perl-ipc-run: Checking sha512sums...
IPC-Run-20231003.0.tar.gz: OK
>>> perl-ipc-run: Unpacking /var/cache/distfiles/IPC-Run-20231003.0.tar.gz...
Checking if your kit is complete...
Looks good
Generating a Unix-style Makefile
Writing Makefile for IPC::Run
Writing MYMETA.yml and MYMETA.json
cp lib/IPC/Run/Debug.pm blib/lib/IPC/Run/Debug.pm
cp lib/IPC/Run/Win32Helper.pm blib/lib/IPC/Run/Win32Helper.pm
cp lib/IPC/Run/Win32Pump.pm blib/lib/IPC/Run/Win32Pump.pm
cp lib/IPC/Run/Win32Process.pm blib/lib/IPC/Run/Win32Process.pm
cp lib/IPC/Run.pm blib/lib/IPC/Run.pm
cp lib/IPC/Run/Timer.pm blib/lib/IPC/Run/Timer.pm
cp lib/IPC/Run/IO.pm blib/lib/IPC/Run/IO.pm
cp lib/IPC/Run/Win32IO.pm blib/lib/IPC/Run/Win32IO.pm
Manifying 8 pod documents
PERL_DL_NONLAZY=1 "/usr/bin/perl" "-MExtUtils::Command::MM" "-MTest::Harness" "-e" "undef *Test::Harness::Switches; test_harness(0, 'blib/lib', 'blib/arch')" t/*.t
t/adopt.t ............................ skipped: adopt not implemented yet
t/autoflush.t ........................ ok
t/autovivifyfh.t ..................... ok
t/binmode.t .......................... ok
t/bogus.t ............................ ok
t/child_fd_inadvertently_closed.t .... ok
t/eintr.t ............................ ok
t/filter.t ........................... ok
t/harness.t .......................... ok
t/io.t ............................... ok
t/kill_kill.t ........................ ok
t/parallel.t ......................... ok
t/parent_and_child_fds_match.t ....... ok
# IO::Tty 1.20, IO::Pty 1.20
t/pty.t .............................. ok
t/pump.t ............................. ok
t/readonly.t ......................... skipped: Readonly is required for this test to work.
t/result.t ........................... ok
t/run.t .............................. ok
t/run_stdin-callback-return-array.t .. ok
t/signal.t ........................... ok
t/timeout.t .......................... ok
t/timer.t ............................ ok
t/utf8.t ............................. ok
t/win32_compile.t .................... ok
t/win32_newlines.t ................... skipped: Skipping when not on Win32
t/windows_search_path.t .............. ok
All tests successful.
Files=26, Tests=752, 15 wallclock secs ( 0.06 usr  0.01 sys +  1.39 cusr  0.22 csys =  1.68 CPU)
Result: PASS
>>> perl-ipc-run: Entering fakeroot...
Manifying 8 pod documents
Appending installation info to /tmp/pkg/perl-ipc-run/usr/lib/perl5/core_perl/perllocal.pod
Installing /tmp/pkg/perl-ipc-run/usr/share/perl5/vendor_perl/IPC/Run.pm
Installing /tmp/pkg/perl-ipc-run/usr/share/perl5/vendor_perl/IPC/Run/Win32Helper.pm
Installing /tmp/pkg/perl-ipc-run/usr/share/perl5/vendor_perl/IPC/Run/Win32Process.pm
Installing /tmp/pkg/perl-ipc-run/usr/share/perl5/vendor_perl/IPC/Run/Win32Pump.pm
Installing /tmp/pkg/perl-ipc-run/usr/share/perl5/vendor_perl/IPC/Run/Timer.pm
Installing /tmp/pkg/perl-ipc-run/usr/share/perl5/vendor_perl/IPC/Run/IO.pm
Installing /tmp/pkg/perl-ipc-run/usr/share/perl5/vendor_perl/IPC/Run/Win32IO.pm
Installing /tmp/pkg/perl-ipc-run/usr/share/perl5/vendor_perl/IPC/Run/Debug.pm
Installing /tmp/pkg/perl-ipc-run/usr/share/man/man3/IPC::Run.3pm
Installing /tmp/pkg/perl-ipc-run/usr/share/man/man3/IPC::Run::Timer.3pm
Installing /tmp/pkg/perl-ipc-run/usr/share/man/man3/IPC::Run::Win32Process.3pm
Installing /tmp/pkg/perl-ipc-run/usr/share/man/man3/IPC::Run::Win32Pump.3pm
Installing /tmp/pkg/perl-ipc-run/usr/share/man/man3/IPC::Run::Win32IO.3pm
Installing /tmp/pkg/perl-ipc-run/usr/share/man/man3/IPC::Run::Debug.3pm
Installing /tmp/pkg/perl-ipc-run/usr/share/man/man3/IPC::Run::Win32Helper.3pm
Installing /tmp/pkg/perl-ipc-run/usr/share/man/man3/IPC::Run::IO.3pm
>>> perl-ipc-run-doc*: Running split function doc...
'usr/share/man' -> '/tmp/pkg/perl-ipc-run-doc/usr/share/man'
>>> perl-ipc-run-doc*: Preparing subpackage perl-ipc-run-doc...
>>> perl-ipc-run-doc*: Running postcheck for perl-ipc-run-doc
>>> perl-ipc-run*: Running postcheck for perl-ipc-run
>>> perl-ipc-run*: Preparing package perl-ipc-run...
>>> perl-ipc-run-doc*: Tracing dependencies...
>>> perl-ipc-run-doc*: Package size: 41.2 KB
>>> perl-ipc-run-doc*: Compressing data...
>>> perl-ipc-run-doc*: Create checksum...
>>> perl-ipc-run-doc*: Create perl-ipc-run-doc-20231003.0-r0.apk
>>> perl-ipc-run*: Tracing dependencies...
	perl
	perl-io-tty
>>> perl-ipc-run*: Package size: 231.3 KB
>>> perl-ipc-run*: Compressing data...
>>> perl-ipc-run*: Create checksum...
>>> perl-ipc-run*: Create perl-ipc-run-20231003.0-r0.apk
>>> perl-ipc-run: Updating the main/x86_64 repository index...
>>> perl-ipc-run: Signing the index...
>>> perl-ipc-run: Cleaning up srcdir
>>> perl-ipc-run: Cleaning up build chroot
>>> perl-ipc-run: Cleaning up pkgdir
