>>> ccache: Validating /home/packager/oily-pine/main/ccache/APKBUILD...
>>> ccache: Cleaning up srcdir
>>> ccache: Cleaning up pkgdir
>>> ccache: Cleaning up tmpdir
>>> ccache: Fetching https://github.com/ccache/ccache/releases/download/v4.11.3/ccache-4.11.3.tar.xz
  % Total    % Received % Xferd  Average Speed   Time    Time     Time  Current
                                 Dload  Upload   Total   Spent    Left  Speed
  0     0    0     0    0     0      0      0 --:--:-- --:--:-- --:--:--     0  0     0    0     0    0     0      0      0 --:--:-- --:--:-- --:--:--     0
  0  488k    0     0    0     0      0      0 --:--:-- --:--:-- --:--:--     0100  488k  100  488k    0     0   543k      0 --:--:-- --:--:-- --:--:-- 4041k
>>> ccache: Fetching https://github.com/ccache/ccache/releases/download/v4.11.3/ccache-4.11.3.tar.xz
>>> ccache: Checking sha512sums...
ccache-4.11.3.tar.xz: OK
>>> ccache: Preparing build chroot...
fetch http://dl-cdn.alpinelinux.org/alpine/edge/main/x86_64/APKINDEX.tar.gz
(1/117) Installing musl (1.2.5-r10)
(2/117) Installing libcrypto3 (3.5.0-r0)
(3/117) Installing ca-certificates-bundle (20241121-r2)
(4/117) Installing libssl3 (3.5.0-r0)
(5/117) Installing zlib (1.3.1-r2)
(6/117) Installing libapk2 (2.14.9-r2)
(7/117) Installing apk-tools (2.14.9-r2)
(8/117) Installing libcap2 (2.76-r0)
(9/117) Installing libcap-getcap (2.76-r0)
(10/117) Installing fakeroot (1.37.1.1-r0)
(11/117) Installing scanelf (1.3.8-r1)
(12/117) Installing musl-utils (1.2.5-r10)
(13/117) Installing libgcc (14.3.0-r1)
(14/117) Installing libstdc++ (14.3.0-r1)
(15/117) Installing lzip (1.25-r0)
(16/117) Installing openssl (3.5.0-r0)
(17/117) Installing patch (2.8-r0)
(18/117) Installing pkgconf (2.4.3-r0)
(19/117) Installing acl-libs (2.3.2-r1)
(20/117) Installing tar (1.35-r3)
(21/117) Installing busybox (1.37.0-r18)
Executing busybox-1.37.0-r18.post-install
(22/117) Installing ssl_client (1.37.0-r18)
(23/117) Installing busybox-binsh (1.37.0-r18)
(24/117) Installing abuild (3.15.0-r0)
Executing abuild-3.15.0-r0.pre-install
(25/117) Installing abuild-sudo (3.15.0-r0)
(26/117) Installing alpine-baselayout-data (3.7.0-r0)
(27/117) Installing alpine-baselayout (3.7.0-r0)
Executing alpine-baselayout-3.7.0-r0.pre-install
Executing alpine-baselayout-3.7.0-r0.post-install
(28/117) Installing bridge (1.5-r5)
(29/117) Installing ifupdown-ng (0.12.1-r7)
(30/117) Installing openrc-user (0.62.2-r2)
(31/117) Installing openrc (0.62.2-r2)
Executing openrc-0.62.2-r2.post-install
(32/117) Installing mdev-conf (4.8-r0)
(33/117) Installing busybox-mdev-openrc (1.37.0-r18)
(34/117) Installing alpine-conf (3.20.0-r0)
(35/117) Installing alpine-keys (2.5-r0)
(36/117) Installing alpine-release (3.22.0-r0)
(37/117) Installing busybox-openrc (1.37.0-r18)
(38/117) Installing busybox-suid (1.37.0-r18)
(39/117) Installing alpine-base (3.22.0-r0)
(40/117) Installing ca-certificates (20241121-r2)
(41/117) Installing gmp (6.3.0-r3)
(42/117) Installing libffi (3.4.8-r0)
(43/117) Installing yaml (0.2.5-r2)
(44/117) Installing ruby-libs (3.4.4-r0)
(45/117) Installing libucontext (1.3.2-r0)
(46/117) Installing ruby (3.4.4-r0)
(47/117) Installing asciidoctor (2.0.23-r1)
(48/117) Installing ncurses-terminfo-base (6.5_p20250503-r0)
(49/117) Installing libncursesw (6.5_p20250503-r0)
(50/117) Installing readline (8.2.13-r1)
(51/117) Installing bash (5.2.37-r0)
Executing bash-5.2.37-r0.post-install
(52/117) Installing jansson (2.14.1-r0)
(53/117) Installing zstd-libs (1.5.7-r0)
(54/117) Installing binutils (2.44-r0)
(55/117) Installing libmagic (5.46-r2)
(56/117) Installing file (5.46-r2)
(57/117) Installing libgomp (14.3.0-r1)
(58/117) Installing libatomic (14.3.0-r1)
(59/117) Installing isl26 (0.26-r1)
(60/117) Installing mpfr4 (4.2.1_p1-r0)
(61/117) Installing mpc1 (1.3.1-r1)
(62/117) Installing gcc (14.3.0-r1)
(63/117) Installing libstdc++-dev (14.3.0-r1)
(64/117) Installing musl-dev (1.2.5-r10)
(65/117) Installing g++ (14.3.0-r1)
(66/117) Installing make (4.4.1-r3)
(67/117) Installing fortify-headers (1.1-r5)
(68/117) Installing build-base (0.5-r3)
(69/117) Installing libbz2 (1.0.8-r6)
(70/117) Installing libexpat (2.7.1-r0)
(71/117) Installing lz4-libs (1.10.0-r0)
(72/117) Installing xz-libs (5.8.1-r0)
(73/117) Installing libarchive (3.8.0-r0)
(74/117) Installing rhash-libs (1.4.5-r0)
(75/117) Installing libuv (1.51.0-r0)
(76/117) Installing cmake (4.0.2-r0)
(77/117) Installing doctest-dev (2.4.11-r0)
(78/117) Installing brotli-libs (1.1.0-r2)
(79/117) Installing c-ares (1.34.5-r0)
(80/117) Installing libunistring (1.3-r0)
(81/117) Installing libidn2 (2.3.7-r0)
(82/117) Installing nghttp2-libs (1.65.0-r0)
(83/117) Installing libpsl (0.21.5-r3)
(84/117) Installing libcurl (8.14.0-r2)
(85/117) Installing pcre2 (10.43-r1)
(86/117) Installing git (2.49.0-r0)
(87/117) Installing git-init-template (2.49.0-r0)
(88/117) Installing hiredis (1.3.0-r0)
(89/117) Installing hiredis-dev (1.3.0-r0)
(90/117) Installing linux-headers (6.14.2-r0)
(91/117) Installing perl (5.40.2-r0)
(92/117) Installing perl-error (0.17030-r0)
(93/117) Installing perl-git (2.49.0-r0)
(94/117) Installing git-perl (2.49.0-r0)
(95/117) Installing gdbm (1.24-r0)
(96/117) Installing mpdecimal (4.0.1-r0)
(97/117) Installing libpanelw (6.5_p20250503-r0)
(98/117) Installing sqlite-libs (3.50.0-r0)
(99/117) Installing python3 (3.12.10-r1)
(100/117) Installing python3-pycache-pyc0 (3.12.10-r1)
(101/117) Installing pyc (3.12.10-r1)
(102/117) Installing python3-pyc (3.12.10-r1)
(103/117) Installing samurai (1.2-r7)
(104/117) Installing setarch (2.41-r9)
(105/117) Installing libeconf (0.6.3-r0)
(106/117) Installing libblkid (2.41-r9)
(107/117) Installing libuuid (2.41-r9)
(108/117) Installing libfdisk (2.41-r9)
(109/117) Installing libmount (2.41-r9)
(110/117) Installing libsmartcols (2.41-r9)
(111/117) Installing skalibs-libs (2.14.4.0-r0)
(112/117) Installing utmps-libs (0.1.3.1-r0)
(113/117) Installing util-linux-misc (2.41-r9)
(114/117) Installing libxxhash (0.8.3-r0)
(115/117) Installing xxhash-dev (0.8.3-r0)
(116/117) Installing zstd (1.5.7-r0)
(117/117) Installing zstd-dev (1.5.7-r0)
Executing busybox-1.37.0-r18.trigger
Executing ca-certificates-20241121-r2.trigger
OK: 416 MiB in 117 packages
>>> ccache: Fetching https://github.com/ccache/ccache/releases/download/v4.11.3/ccache-4.11.3.tar.xz
>>> ccache: Checking sha512sums...
ccache-4.11.3.tar.xz: OK
>>> ccache: Unpacking /var/cache/distfiles/ccache-4.11.3.tar.xz...
mode of '.' changed to 0755 (rwxr-xr-x)
-- The C compiler identification is GNU 14.3.0
-- The CXX compiler identification is GNU 14.3.0
-- The ASM compiler identification is GNU
-- Found assembler: /usr/bin/cc
-- The ASM_MASM compiler identification is unknown
-- Found assembler: ml
-- Detecting C compiler ABI info
-- Detecting C compiler ABI info - done
-- Check for working C compiler: /usr/bin/cc - skipped
-- Detecting C compile features
-- Detecting C compile features - done
-- Detecting CXX compiler ABI info
-- Detecting CXX compiler ABI info - done
-- Check for working CXX compiler: /usr/bin/c++ - skipped
-- Detecting CXX compile features
-- Detecting CXX compile features - done
-- Ccache version: 4.11.3
-- Ccache dev mode: OFF
-- Performing Test std_atomic_without_libatomic
-- Performing Test std_atomic_without_libatomic - Success
-- Performing Test std_filesystem_without_libfs
-- Performing Test std_filesystem_without_libfs - Success
-- Looking for cpuid.h
-- Looking for cpuid.h - found
-- Looking for dirent.h
-- Looking for dirent.h - found
-- Looking for linux/fs.h
-- Looking for linux/fs.h - found
-- Looking for pwd.h
-- Looking for pwd.h - found
-- Looking for spawn.h
-- Looking for spawn.h - found
-- Looking for sys/clonefile.h
-- Looking for sys/clonefile.h - not found
-- Looking for sys/file.h
-- Looking for sys/file.h - found
-- Looking for sys/ioctl.h
-- Looking for sys/ioctl.h - found
-- Looking for sys/mman.h
-- Looking for sys/mman.h - found
-- Looking for sys/sendfile.h
-- Looking for sys/sendfile.h - found
-- Looking for sys/utime.h
-- Looking for sys/utime.h - not found
-- Looking for sys/wait.h
-- Looking for sys/wait.h - found
-- Looking for syslog.h
-- Looking for syslog.h - found
-- Looking for unistd.h
-- Looking for unistd.h - found
-- Looking for utime.h
-- Looking for utime.h - found
-- Looking for asctime_r
-- Looking for asctime_r - found
-- Looking for getopt_long
-- Looking for getopt_long - found
-- Looking for getpwuid
-- Looking for getpwuid - found
-- Looking for localtime_r
-- Looking for localtime_r - found
-- Looking for posix_fallocate
-- Looking for posix_fallocate - found
-- Looking for setenv
-- Looking for setenv - found
-- Looking for syslog
-- Looking for syslog - found
-- Looking for unsetenv
-- Looking for unsetenv - found
-- Looking for utimensat
-- Looking for utimensat - found
-- Looking for utimes
-- Looking for utimes - found
-- Performing Test HAVE_STRUCT_STAT_ST_ATIM
-- Performing Test HAVE_STRUCT_STAT_ST_ATIM - Success
-- Performing Test HAVE_STRUCT_STAT_ST_ATIMENSEC
-- Performing Test HAVE_STRUCT_STAT_ST_ATIMENSEC - Failed
-- Performing Test HAVE_STRUCT_STAT_ST_ATIMESPEC
-- Performing Test HAVE_STRUCT_STAT_ST_ATIMESPEC - Failed
-- Performing Test HAVE_STRUCT_STAT_ST_CTIM
-- Performing Test HAVE_STRUCT_STAT_ST_CTIM - Success
-- Performing Test HAVE_STRUCT_STAT_ST_CTIMENSEC
-- Performing Test HAVE_STRUCT_STAT_ST_CTIMENSEC - Failed
-- Performing Test HAVE_STRUCT_STAT_ST_CTIMESPEC
-- Performing Test HAVE_STRUCT_STAT_ST_CTIMESPEC - Failed
-- Performing Test HAVE_STRUCT_STAT_ST_MTIM
-- Performing Test HAVE_STRUCT_STAT_ST_MTIM - Success
-- Performing Test HAVE_STRUCT_STAT_ST_MTIMENSEC
-- Performing Test HAVE_STRUCT_STAT_ST_MTIMENSEC - Failed
-- Performing Test HAVE_STRUCT_STAT_ST_MTIMESPEC
-- Performing Test HAVE_STRUCT_STAT_ST_MTIMESPEC - Failed
-- Performing Test HAVE_STRUCT_STATFS_F_FSTYPENAME
-- Performing Test HAVE_STRUCT_STATFS_F_FSTYPENAME - Failed
-- Performing Test HAVE_AVX2
-- Performing Test HAVE_AVX2 - Success
-- Using bundled Blake3 since Blake3>=1.4.0 was not found locally
-- Using bundled CppHttplib since CppHttplib>=0.10.6 was not found locally
-- Using bundled Fmt since Fmt>=8.0.0 was not found locally
-- Using bundled NonstdSpan since NonstdSpan>=0.10.3 was not found locally
-- Using bundled TlExpected since TlExpected>=1.1.0 was not found locally
-- Using system Xxhash (/usr/lib/libxxhash.so)
-- Using system Zstd (/usr/lib/libzstd.so)
-- Using system doctest (/usr/include/doctest/doctest.h)
-- Using system Hiredis (/usr/lib/libhiredis.so)
-- Performing Test HAVE_ASM_SSE2
-- Performing Test HAVE_ASM_SSE2 - Success
-- Performing Test HAVE_ASM_SSE41
-- Performing Test HAVE_ASM_SSE41 - Success
-- Performing Test HAVE_ASM_AVX2
-- Performing Test HAVE_ASM_AVX2 - Success
-- Performing Test HAVE_ASM_AVX512
-- Performing Test HAVE_ASM_AVX512 - Success
-- Performing Test HAVE_NEON
-- Performing Test HAVE_NEON - Failed
-- Performing Test CMAKE_HAVE_LIBC_PTHREAD
-- Performing Test CMAKE_HAVE_LIBC_PTHREAD - Success
-- Found Threads: TRUE
-- 
-- Configuration summary:
--   Storage backends:
--     file  ON
--     http  ON
--     redis ON
--   Dependencies:
--     Blake3     1.6.1  BUNDLED
--     CppHttplib 0.19.0 BUNDLED
--     Doctest    2.4.11 SYSTEM (/usr/include/doctest/doctest.h)
--     Fmt        11.1.4 BUNDLED
--     Hiredis    1.3.0  SYSTEM (/usr/lib/libhiredis.so)
--     NonstdSpan 0.11.0 BUNDLED
--     TlExpected 1.1.0  BUNDLED
--     Xxhash     0.8.3  SYSTEM (/usr/lib/libxxhash.so)
--     Zstd       1.5.7  SYSTEM (/usr/lib/libzstd.so)
-- 
-- Configuring done (2.1s)
-- Generating done (0.0s)
-- Build files have been written to: /tmp/src/ccache-4.11.3/build
[1/123] Building CXX object unittest/CMakeFiles/unittest.dir/test_inodecache.cpp.o
[2/123] Building CXX object unittest/CMakeFiles/unittest.dir/testutil.cpp.o
[3/123] Building CXX object unittest/CMakeFiles/unittest.dir/test_util_zstd.cpp.o
[4/123] Building CXX object unittest/CMakeFiles/unittest.dir/test_util_xxh3_64.cpp.o
[5/123] Building CXX object unittest/CMakeFiles/unittest.dir/test_util_xxh3_128.cpp.o
[6/123] Building CXX object unittest/CMakeFiles/unittest.dir/test_util_tokenizer.cpp.o
[7/123] Building CXX object unittest/CMakeFiles/unittest.dir/test_util_timepoint.cpp.o
[8/123] Building CXX object unittest/CMakeFiles/unittest.dir/test_util_texttable.cpp.o
[9/123] Building CXX object unittest/CMakeFiles/unittest.dir/test_util_string.cpp.o
[10/123] Building CXX object unittest/CMakeFiles/unittest.dir/test_util_path.cpp.o
[11/123] Building CXX object unittest/CMakeFiles/unittest.dir/test_util_lockfile.cpp.o
[12/123] Building CXX object unittest/CMakeFiles/unittest.dir/test_util_file.cpp.o
[13/123] Building CXX object unittest/CMakeFiles/unittest.dir/test_util_expected.cpp.o
[14/123] Building CXX object unittest/CMakeFiles/unittest.dir/test_util_environment.cpp.o
[15/123] Building CXX object unittest/CMakeFiles/unittest.dir/test_util_duration.cpp.o
[16/123] Building CXX object unittest/CMakeFiles/unittest.dir/test_util_direntry.cpp.o
[17/123] Building CXX object unittest/CMakeFiles/unittest.dir/test_util_conversion.cpp.o
[18/123] Building CXX object unittest/CMakeFiles/unittest.dir/test_util_bytes.cpp.o
[19/123] Building CXX object unittest/CMakeFiles/unittest.dir/test_util_bitset.cpp.o
[20/123] Building CXX object unittest/CMakeFiles/unittest.dir/test_storage_local_util.cpp.o
[21/123] Building CXX object unittest/CMakeFiles/unittest.dir/test_storage_local_statsfile.cpp.o
[22/123] Building CXX object unittest/CMakeFiles/unittest.dir/test_hashutil.cpp.o
[23/123] Building CXX object unittest/CMakeFiles/unittest.dir/test_hash.cpp.o
[24/123] Building CXX object unittest/CMakeFiles/unittest.dir/test_depfile.cpp.o
[25/123] Building CXX object unittest/CMakeFiles/unittest.dir/test_core_statslog.cpp.o
[26/123] Building CXX object unittest/CMakeFiles/unittest.dir/test_core_statisticscounters.cpp.o
[27/123] Building CXX object unittest/CMakeFiles/unittest.dir/test_core_statistics.cpp.o
[28/123] Building CXX object unittest/CMakeFiles/unittest.dir/test_core_msvcshowincludesoutput.cpp.o
[29/123] Building CXX object unittest/CMakeFiles/unittest.dir/test_core_common.cpp.o
[30/123] Building CXX object unittest/CMakeFiles/unittest.dir/test_core_atomicfile.cpp.o
[31/123] Building CXX object unittest/CMakeFiles/unittest.dir/test_config.cpp.o
[32/123] Building CXX object unittest/CMakeFiles/unittest.dir/test_compression_types.cpp.o
[33/123] Building CXX object unittest/CMakeFiles/unittest.dir/test_compopt.cpp.o
[34/123] Building CXX object unittest/CMakeFiles/unittest.dir/test_ccache.cpp.o
[35/123] Building CXX object unittest/CMakeFiles/unittest.dir/test_args.cpp.o
[36/123] Building CXX object unittest/CMakeFiles/unittest.dir/test_argprocessing.cpp.o
[37/123] Building CXX object unittest/CMakeFiles/unittest.dir/main.cpp.o
[38/123] Generating ccache.1.tmp
[39/123] Generating NEWS.html
[40/123] Generating MANUAL.html
[41/123] Generating AUTHORS.html
[42/123] Generating LICENSE.html
[43/123] Building CXX object src/ccache/CMakeFiles/test-lockfile.dir/test_lockfile.cpp.o
[44/123] Building CXX object src/third_party/fmt/CMakeFiles/dep_fmt.dir/fmt/format.cc.o
[45/123] Generating ccache.1
[46/123] Building CXX object src/third_party/cxxurl/CMakeFiles/dep_cxxurl.dir/cxxurl/url.cpp.o
[47/123] Building ASM object src/third_party/blake3/CMakeFiles/dep_blake3.dir/blake3/blake3_avx512_x86-64_unix.S.o
[48/123] Building ASM object src/third_party/blake3/CMakeFiles/dep_blake3.dir/blake3/blake3_avx2_x86-64_unix.S.o
[49/123] Building ASM object src/third_party/blake3/CMakeFiles/dep_blake3.dir/blake3/blake3_sse41_x86-64_unix.S.o
[50/123] Building ASM object src/third_party/blake3/CMakeFiles/dep_blake3.dir/blake3/blake3_sse2_x86-64_unix.S.o
[51/123] Building C object src/third_party/blake3/CMakeFiles/dep_blake3.dir/blake3/blake3_portable.c.o
[52/123] Building C object src/third_party/blake3/CMakeFiles/dep_blake3.dir/blake3/blake3_dispatch.c.o
[53/123] Building C object src/third_party/blake3/CMakeFiles/dep_blake3.dir/blake3/blake3.c.o
[54/123] Building CXX object src/ccache/CMakeFiles/ccache_framework.dir/util/zstd.cpp.o
[55/123] Building CXX object src/ccache/CMakeFiles/ccache_framework.dir/util/umaskscope.cpp.o
[56/123] Building CXX object src/ccache/CMakeFiles/ccache_framework.dir/util/tokenizer.cpp.o
[57/123] Building CXX object src/ccache/CMakeFiles/ccache_framework.dir/util/timepoint.cpp.o
[58/123] Building CXX object src/ccache/CMakeFiles/ccache_framework.dir/util/time.cpp.o
[59/123] Building CXX object src/ccache/CMakeFiles/ccache_framework.dir/util/threadpool.cpp.o
[60/123] Building CXX object src/ccache/CMakeFiles/ccache_framework.dir/util/texttable.cpp.o
[61/123] Building CXX object src/ccache/CMakeFiles/ccache_framework.dir/util/temporaryfile.cpp.o
[62/123] Building CXX object src/ccache/CMakeFiles/ccache_framework.dir/util/string.cpp.o
[63/123] Linking C static library src/third_party/blake3/libdep_blake3.a
[64/123] Building CXX object src/ccache/CMakeFiles/ccache_framework.dir/util/process.cpp.o
[65/123] Building CXX object src/ccache/CMakeFiles/ccache_framework.dir/util/path.cpp.o
[66/123] Building CXX object src/ccache/CMakeFiles/ccache_framework.dir/util/memorymap.cpp.o
[67/123] Building CXX object src/ccache/CMakeFiles/ccache_framework.dir/util/longlivedlockfilemanager.cpp.o
[68/123] Building CXX object src/ccache/CMakeFiles/ccache_framework.dir/util/logging.cpp.o
[69/123] Building CXX object src/ccache/CMakeFiles/ccache_framework.dir/util/lockfile.cpp.o
[70/123] Building CXX object src/ccache/CMakeFiles/ccache_framework.dir/util/filesystem.cpp.o
[71/123] Building CXX object src/ccache/CMakeFiles/ccache_framework.dir/util/filelock.cpp.o
[72/123] Building CXX object src/ccache/CMakeFiles/ccache_framework.dir/util/file.cpp.o
[73/123] Linking CXX static library src/third_party/cxxurl/libdep_cxxurl.a
[74/123] Building CXX object src/ccache/CMakeFiles/ccache_framework.dir/util/error.cpp.o
[75/123] Building CXX object src/ccache/CMakeFiles/ccache_framework.dir/util/environment.cpp.o
[76/123] Building CXX object src/ccache/CMakeFiles/ccache_framework.dir/util/direntry.cpp.o
[77/123] Building CXX object src/ccache/CMakeFiles/ccache_framework.dir/util/cpu.cpp.o
[78/123] Building CXX object src/ccache/CMakeFiles/ccache_framework.dir/util/bytes.cpp.o
[79/123] Building CXX object src/ccache/CMakeFiles/ccache_framework.dir/util/assertions.cpp.o
[80/123] Linking CXX static library src/third_party/fmt/libdep_fmt.a
[81/123] Building CXX object src/ccache/CMakeFiles/ccache_framework.dir/storage/storage.cpp.o
[82/123] Building CXX object src/ccache/CMakeFiles/ccache_framework.dir/storage/remote/httpstorage.cpp.o
[83/123] Building CXX object src/ccache/CMakeFiles/ccache_framework.dir/storage/remote/redisstorage.cpp.o
[84/123] Building CXX object src/ccache/CMakeFiles/ccache_framework.dir/storage/remote/remotestorage.cpp.o
[85/123] Building CXX object src/ccache/CMakeFiles/ccache_framework.dir/storage/remote/filestorage.cpp.o
[86/123] Building CXX object src/ccache/CMakeFiles/ccache_framework.dir/storage/local/util.cpp.o
[87/123] Building CXX object src/ccache/CMakeFiles/ccache_framework.dir/storage/local/statsfile.cpp.o
[88/123] Building CXX object src/ccache/CMakeFiles/ccache_framework.dir/storage/local/localstorage.cpp.o
[89/123] Building CXX object src/ccache/CMakeFiles/ccache_framework.dir/core/types.cpp.o
[90/123] Building CXX object src/ccache/CMakeFiles/ccache_framework.dir/core/statslog.cpp.o
[91/123] Building CXX object src/ccache/CMakeFiles/ccache_framework.dir/core/statisticscounters.cpp.o
[92/123] Building CXX object src/ccache/CMakeFiles/ccache_framework.dir/core/statistics.cpp.o
[93/123] Building CXX object src/ccache/CMakeFiles/ccache_framework.dir/core/resultretriever.cpp.o
[94/123] Building CXX object src/ccache/CMakeFiles/ccache_framework.dir/core/resultinspector.cpp.o
[95/123] Building CXX object src/ccache/CMakeFiles/ccache_framework.dir/core/resultextractor.cpp.o
[96/123] Building CXX object src/ccache/CMakeFiles/ccache_framework.dir/core/result.cpp.o
[97/123] Building CXX object src/ccache/CMakeFiles/ccache_framework.dir/core/msvcshowincludesoutput.cpp.o
[98/123] Building CXX object src/ccache/CMakeFiles/ccache_framework.dir/core/manifest.cpp.o
[99/123] Building CXX object src/ccache/CMakeFiles/ccache_framework.dir/core/mainoptions.cpp.o
[100/123] Building CXX object src/ccache/CMakeFiles/ccache_framework.dir/core/filerecompressor.cpp.o
[101/123] Building CXX object src/ccache/CMakeFiles/ccache_framework.dir/core/common.cpp.o
[102/123] Building CXX object src/ccache/CMakeFiles/ccache_framework.dir/core/cacheentry.cpp.o
[103/123] Building CXX object src/ccache/CMakeFiles/ccache_framework.dir/core/atomicfile.cpp.o
[104/123] Building CXX object src/ccache/CMakeFiles/ccache_framework.dir/signalhandler.cpp.o
[105/123] Building CXX object src/ccache/CMakeFiles/ccache_framework.dir/inodecache.cpp.o
[106/123] Building CXX object src/ccache/CMakeFiles/ccache_framework.dir/version.cpp.o
[107/123] Building CXX object src/ccache/CMakeFiles/ccache_framework.dir/progressbar.cpp.o
[108/123] Building CXX object src/ccache/CMakeFiles/ccache_framework.dir/language.cpp.o
[109/123] Building CXX object src/ccache/CMakeFiles/ccache_framework.dir/hashutil.cpp.o
[110/123] Building CXX object src/ccache/CMakeFiles/ccache_framework.dir/hash.cpp.o
[111/123] Building CXX object src/ccache/CMakeFiles/ccache_framework.dir/execute.cpp.o
[112/123] Building CXX object src/ccache/CMakeFiles/ccache_framework.dir/depfile.cpp.o
[113/123] Building CXX object src/ccache/CMakeFiles/ccache_framework.dir/context.cpp.o
[114/123] Building CXX object src/ccache/CMakeFiles/ccache_framework.dir/config.cpp.o
[115/123] Building CXX object src/ccache/CMakeFiles/ccache_framework.dir/compopt.cpp.o
[116/123] Building CXX object src/ccache/CMakeFiles/ccache_framework.dir/ccache.cpp.o
[117/123] Building CXX object src/ccache/CMakeFiles/ccache_framework.dir/args.cpp.o
[118/123] Building CXX object src/ccache/CMakeFiles/ccache_framework.dir/argprocessing.cpp.o
[119/123] Building CXX object CMakeFiles/ccache.dir/src/ccache/main.cpp.o
[120/123] Linking CXX static library src/ccache/libccache_framework.a
[121/123] Linking CXX executable unittest/unittest
[122/123] Linking CXX executable src/ccache/test-lockfile
[123/123] Linking CXX executable ccache
Test project /tmp/src/ccache-4.11.3/build
      Start  1: unittest
      Start  2: test.base
      Start  3: test.basedir
      Start  4: test.cache_levels
      Start  5: test.cleanup
      Start  6: test.color_diagnostics
      Start  7: test.config
      Start  8: test.cpp1
      Start  9: test.debug_compilation_dir
      Start 10: test.debug_prefix_map
      Start 11: test.depend
      Start 12: test.direct
      Start 13: test.fileclone
      Start 14: test.hardlink
      Start 15: test.inode_cache
      Start 16: test.input_charset
 1/48 Test  #2: test.base ........................***Skipped   0.01 sec
 2/48 Test  #3: test.basedir .....................***Skipped   0.01 sec
      Start 17: test.ivfsoverlay
      Start 18: test.masquerading
 3/48 Test  #4: test.cache_levels ................***Skipped   0.01 sec
      Start 19: test.modules
 4/48 Test  #5: test.cleanup .....................***Skipped   0.01 sec
      Start 20: test.multi_arch
 5/48 Test  #7: test.config ......................***Skipped   0.01 sec
 6/48 Test  #8: test.cpp1 ........................***Skipped   0.01 sec
      Start 21: test.namespace
      Start 22: test.no_compression
 7/48 Test  #6: test.color_diagnostics ...........***Skipped   0.01 sec
      Start 23: test.nocpp2
 8/48 Test  #9: test.debug_compilation_dir .......***Skipped   0.01 sec
      Start 24: test.nvcc
 9/48 Test #10: test.debug_prefix_map ............***Skipped   0.01 sec
      Start 25: test.nvcc_direct
10/48 Test #12: test.direct ......................***Skipped   0.01 sec
      Start 26: test.nvcc_ldir
11/48 Test #11: test.depend ......................***Skipped   0.01 sec
12/48 Test #13: test.fileclone ...................***Skipped   0.01 sec
13/48 Test #16: test.input_charset ...............***Skipped   0.01 sec
14/48 Test #17: test.ivfsoverlay .................***Skipped   0.01 sec
      Start 27: test.nvcc_nocpp2
      Start 28: test.pch
      Start 29: test.profiling
      Start 30: test.profiling_clang
15/48 Test #15: test.inode_cache .................***Skipped   0.01 sec
16/48 Test #14: test.hardlink ....................***Skipped   0.01 sec
17/48 Test #18: test.masquerading ................***Skipped   0.01 sec
18/48 Test #19: test.modules .....................***Skipped   0.01 sec
19/48 Test #20: test.multi_arch ..................***Skipped   0.01 sec
      Start 31: test.profiling_gcc
      Start 32: test.profiling_gcc_10+
      Start 33: test.profiling_hip_clang
      Start 34: test.readonly
      Start 35: test.readonly_direct
20/48 Test #21: test.namespace ...................***Skipped   0.01 sec
21/48 Test #22: test.no_compression ..............***Skipped   0.01 sec
22/48 Test #23: test.nocpp2 ......................***Skipped   0.01 sec
23/48 Test #24: test.nvcc ........................***Skipped   0.01 sec
      Start 36: test.remote_file
      Start 37: test.remote_http
      Start 38: test.remote_only
      Start 39: test.remote_redis
24/48 Test #25: test.nvcc_direct .................***Skipped   0.01 sec
25/48 Test #26: test.nvcc_ldir ...................***Skipped   0.01 sec
26/48 Test #28: test.pch .........................***Skipped   0.01 sec
27/48 Test #27: test.nvcc_nocpp2 .................***Skipped   0.01 sec
28/48 Test #29: test.profiling ...................***Skipped   0.01 sec
29/48 Test #30: test.profiling_clang .............***Skipped   0.01 sec
      Start 40: test.remote_redis_unix
      Start 41: test.remote_url
      Start 42: test.sanitize_blacklist
      Start 43: test.serialize_diagnostics
      Start 44: test.source_date_epoch
      Start 45: test.split_dwarf
30/48 Test #31: test.profiling_gcc ...............***Skipped   0.01 sec
31/48 Test #32: test.profiling_gcc_10+ ...........***Skipped   0.01 sec
32/48 Test #33: test.profiling_hip_clang .........***Skipped   0.01 sec
33/48 Test #34: test.readonly ....................***Skipped   0.01 sec
34/48 Test #35: test.readonly_direct .............***Skipped   0.01 sec
      Start 46: test.stats_log
      Start 47: test.trim_dir
      Start 48: test.upgrade
35/48 Test #36: test.remote_file .................***Skipped   0.01 sec
36/48 Test #37: test.remote_http .................***Skipped   0.01 sec
37/48 Test #39: test.remote_redis ................***Skipped   0.01 sec
38/48 Test #38: test.remote_only .................***Skipped   0.01 sec
39/48 Test #40: test.remote_redis_unix ...........***Skipped   0.01 sec
40/48 Test #41: test.remote_url ..................***Skipped   0.01 sec
41/48 Test #42: test.sanitize_blacklist ..........***Skipped   0.01 sec
42/48 Test #45: test.split_dwarf .................***Skipped   0.01 sec
43/48 Test #43: test.serialize_diagnostics .......***Skipped   0.01 sec
44/48 Test #44: test.source_date_epoch ...........***Skipped   0.01 sec
45/48 Test #47: test.trim_dir ....................***Skipped   0.01 sec
46/48 Test #48: test.upgrade .....................***Skipped   0.01 sec
47/48 Test #46: test.stats_log ...................***Skipped   0.01 sec
48/48 Test  #1: unittest .........................   Passed    0.10 sec

100% tests passed, 0 tests failed out of 48

Total Test time (real) =   0.10 sec

The following tests did not run:
	  2 - test.base (Skipped)
	  3 - test.basedir (Skipped)
	  4 - test.cache_levels (Skipped)
	  5 - test.cleanup (Skipped)
	  6 - test.color_diagnostics (Skipped)
	  7 - test.config (Skipped)
	  8 - test.cpp1 (Skipped)
	  9 - test.debug_compilation_dir (Skipped)
	 10 - test.debug_prefix_map (Skipped)
	 11 - test.depend (Skipped)
	 12 - test.direct (Skipped)
	 13 - test.fileclone (Skipped)
	 14 - test.hardlink (Skipped)
	 15 - test.inode_cache (Skipped)
	 16 - test.input_charset (Skipped)
	 17 - test.ivfsoverlay (Skipped)
	 18 - test.masquerading (Skipped)
	 19 - test.modules (Skipped)
	 20 - test.multi_arch (Skipped)
	 21 - test.namespace (Skipped)
	 22 - test.no_compression (Skipped)
	 23 - test.nocpp2 (Skipped)
	 24 - test.nvcc (Skipped)
	 25 - test.nvcc_direct (Skipped)
	 26 - test.nvcc_ldir (Skipped)
	 27 - test.nvcc_nocpp2 (Skipped)
	 28 - test.pch (Skipped)
	 29 - test.profiling (Skipped)
	 30 - test.profiling_clang (Skipped)
	 31 - test.profiling_gcc (Skipped)
	 32 - test.profiling_gcc_10+ (Skipped)
	 33 - test.profiling_hip_clang (Skipped)
	 34 - test.readonly (Skipped)
	 35 - test.readonly_direct (Skipped)
	 36 - test.remote_file (Skipped)
	 37 - test.remote_http (Skipped)
	 38 - test.remote_only (Skipped)
	 39 - test.remote_redis (Skipped)
	 40 - test.remote_redis_unix (Skipped)
	 41 - test.remote_url (Skipped)
	 42 - test.sanitize_blacklist (Skipped)
	 43 - test.serialize_diagnostics (Skipped)
	 44 - test.source_date_epoch (Skipped)
	 45 - test.split_dwarf (Skipped)
	 46 - test.stats_log (Skipped)
	 47 - test.trim_dir (Skipped)
	 48 - test.upgrade (Skipped)
>>> ccache: Entering fakeroot...
-- Install configuration: "MinSizeRel"
-- Installing: /tmp/pkg/ccache/usr/share/man/man1/ccache.1
-- Installing: /tmp/pkg/ccache/usr/bin/ccache
>>> ccache-doc*: Running split function doc...
'usr/share/man' -> '/tmp/pkg/ccache-doc/usr/share/man'
>>> ccache-doc*: Preparing subpackage ccache-doc...
>>> ccache-doc*: Running postcheck for ccache-doc
>>> ccache*: Running postcheck for ccache
>>> ccache*: Preparing package ccache...
>>> ccache*: Stripping binaries
>>> ccache-doc*: Scanning shared objects
>>> ccache*: Scanning shared objects
>>> ccache-doc*: Tracing dependencies...
>>> ccache-doc*: Package size: 27.0 KB
>>> ccache-doc*: Compressing data...
>>> ccache-doc*: Create checksum...
>>> ccache-doc*: Create ccache-doc-4.11.3-r0.apk
>>> ccache*: Tracing dependencies...
	so:libc.musl-x86_64.so.1
	so:libgcc_s.so.1
	so:libhiredis.so.1.3.0
	so:libstdc++.so.6
	so:libxxhash.so.0
	so:libzstd.so.1
>>> ccache*: Package size: 1.0 MB
>>> ccache*: Compressing data...
>>> ccache*: Create checksum...
>>> ccache*: Create ccache-4.11.3-r0.apk
>>> ccache: Updating the main/x86_64 repository index...
>>> ccache: Signing the index...
>>> ccache: Cleaning up srcdir
>>> ccache: Cleaning up build chroot
>>> ccache: Cleaning up pkgdir
