pigz: not found
>>> perl-exporter-tiny: Building main/perl-exporter-tiny 1.006002-r1 (using abuild 3.14.1-r4) started Sun, 18 May 2025 07:52:54 +0000
>>> perl-exporter-tiny: Validating /home/packager/aports/main/perl-exporter-tiny/APKBUILD...
>>> perl-exporter-tiny: Analyzing dependencies...
>>> perl-exporter-tiny: Installing for build: build-base perl perl-dev perl-test-fatal perl-test-warnings
(1/11) Installing libbz2 (1.0.8-r6)
(2/11) Installing perl (5.40.2-r0)
(3/11) Installing perl-utils (5.40.2-r0)
(4/11) Installing perl-dev (5.40.2-r0)
(5/11) Installing perl-try-tiny (0.32-r0)
(6/11) Installing perl-test-fatal (0.017-r1)
(7/11) Installing perl-test-warnings (0.038-r0)
(8/11) Installing .makedepends-perl-exporter-tiny (20250518.075255)
(9/11) Installing perl-error (0.17029-r2)
(10/11) Installing perl-git (2.47.2-r0)
(11/11) Installing git-perl (2.47.2-r0)
Executing busybox-1.37.0-r12.trigger
OK: 307 MiB in 92 packages
>>> perl-exporter-tiny: Cleaning up srcdir
>>> perl-exporter-tiny: Cleaning up pkgdir
>>> perl-exporter-tiny: Cleaning up tmpdir
>>> perl-exporter-tiny: Fetching https://cpan.metacpan.org/authors/id/T/TO/TOBYINK/Exporter-Tiny-1.006002.tar.gz
Connecting to cpan.metacpan.org (146.75.122.217:443)
saving to '/var/cache/distfiles/Exporter-Tiny-1.006002.tar.gz.part'
Exporter-Tiny-1.0060 100% |********************************| 92022  0:00:00 ETA
'/var/cache/distfiles/Exporter-Tiny-1.006002.tar.gz.part' saved
>>> perl-exporter-tiny: Fetching https://cpan.metacpan.org/authors/id/T/TO/TOBYINK/Exporter-Tiny-1.006002.tar.gz
>>> perl-exporter-tiny: Checking sha512sums...
Exporter-Tiny-1.006002.tar.gz: OK
>>> perl-exporter-tiny: Unpacking /var/cache/distfiles/Exporter-Tiny-1.006002.tar.gz...
Checking if your kit is complete...
Looks good
Generating a Unix-style Makefile
Writing Makefile for Exporter::Tiny
Writing MYMETA.yml and MYMETA.json
cp lib/Exporter/Shiny.pm blib/lib/Exporter/Shiny.pm
cp lib/Exporter/Tiny/Manual/Exporting.pod blib/lib/Exporter/Tiny/Manual/Exporting.pod
cp lib/Exporter/Tiny/Manual/Etc.pod blib/lib/Exporter/Tiny/Manual/Etc.pod
cp lib/Exporter/Tiny/Manual/QuickStart.pod blib/lib/Exporter/Tiny/Manual/QuickStart.pod
cp lib/Exporter/Tiny.pm blib/lib/Exporter/Tiny.pm
cp lib/Exporter/Tiny/Manual/Importing.pod blib/lib/Exporter/Tiny/Manual/Importing.pod
Manifying 6 pod documents
PERL_DL_NONLAZY=1 "/usr/bin/perl" "-MExtUtils::Command::MM" "-MTest::Harness" "-e" "undef *Test::Harness::Switches; test_harness(0, 'inc', 'blib/lib', 'blib/arch')" t/*.t
# Perl 5.040002
t/01basic.t .............. ok
t/02renaming.t ........... ok
t/03generators.t ......... ok
t/04into.t ............... ok
t/05shiny.t .............. ok
t/06notwant.t ............ ok
t/07regexp.t ............. ok
t/08tags.t ............... ok
t/09warnings.t ........... ok
t/10no.t ................. ok
t/11noncode.t ............ ok
t/12noncodegenerators.t .. ok
t/13doesntexist.t ........ ok
t/14lexical.t ............ ok
t/15nonhashvalue.t ....... ok
t/gh-8.t ................. ok
t/gh-9.t ................. ok
All tests successful.
Files=17, Tests=84,  1 wallclock secs ( 0.05 usr  0.03 sys +  1.12 cusr  0.18 csys =  1.38 CPU)
Result: PASS
>>> perl-exporter-tiny: Entering fakeroot...
Manifying 6 pod documents
Appending installation info to /home/packager/aports/main/perl-exporter-tiny/pkg/perl-exporter-tiny/usr/lib/perl5/core_perl/perllocal.pod
Installing /home/packager/aports/main/perl-exporter-tiny/pkg/perl-exporter-tiny/usr/share/perl5/vendor_perl/Exporter/Shiny.pm
Installing /home/packager/aports/main/perl-exporter-tiny/pkg/perl-exporter-tiny/usr/share/perl5/vendor_perl/Exporter/Tiny.pm
Installing /home/packager/aports/main/perl-exporter-tiny/pkg/perl-exporter-tiny/usr/share/perl5/vendor_perl/Exporter/Tiny/Manual/Exporting.pod
Installing /home/packager/aports/main/perl-exporter-tiny/pkg/perl-exporter-tiny/usr/share/perl5/vendor_perl/Exporter/Tiny/Manual/Etc.pod
Installing /home/packager/aports/main/perl-exporter-tiny/pkg/perl-exporter-tiny/usr/share/perl5/vendor_perl/Exporter/Tiny/Manual/Importing.pod
Installing /home/packager/aports/main/perl-exporter-tiny/pkg/perl-exporter-tiny/usr/share/perl5/vendor_perl/Exporter/Tiny/Manual/QuickStart.pod
Installing /home/packager/aports/main/perl-exporter-tiny/pkg/perl-exporter-tiny/usr/share/man/man3/Exporter::Tiny.3pm
Installing /home/packager/aports/main/perl-exporter-tiny/pkg/perl-exporter-tiny/usr/share/man/man3/Exporter::Tiny::Manual::Etc.3pm
Installing /home/packager/aports/main/perl-exporter-tiny/pkg/perl-exporter-tiny/usr/share/man/man3/Exporter::Tiny::Manual::Importing.3pm
Installing /home/packager/aports/main/perl-exporter-tiny/pkg/perl-exporter-tiny/usr/share/man/man3/Exporter::Tiny::Manual::Exporting.3pm
Installing /home/packager/aports/main/perl-exporter-tiny/pkg/perl-exporter-tiny/usr/share/man/man3/Exporter::Shiny.3pm
Installing /home/packager/aports/main/perl-exporter-tiny/pkg/perl-exporter-tiny/usr/share/man/man3/Exporter::Tiny::Manual::QuickStart.3pm
>>> perl-exporter-tiny-doc*: Running split function doc...
'usr/share/man' -> '/home/packager/aports/main/perl-exporter-tiny/pkg/perl-exporter-tiny-doc/usr/share/man'
>>> perl-exporter-tiny-doc*: Preparing subpackage perl-exporter-tiny-doc...
>>> perl-exporter-tiny-doc*: Running postcheck for perl-exporter-tiny-doc
>>> perl-exporter-tiny*: Running postcheck for perl-exporter-tiny
>>> perl-exporter-tiny*: Preparing package perl-exporter-tiny...
>>> perl-exporter-tiny-doc*: Tracing dependencies...
>>> perl-exporter-tiny-doc*: Package size: 16.8 KB
>>> perl-exporter-tiny-doc*: Compressing data...
>>> perl-exporter-tiny-doc*: Create checksum...
pigz: not found
>>> perl-exporter-tiny-doc*: Create perl-exporter-tiny-doc-1.006002-r1.apk
>>> perl-exporter-tiny*: Tracing dependencies...
	perl
>>> perl-exporter-tiny*: Package size: 41.4 KB
>>> perl-exporter-tiny*: Compressing data...
>>> perl-exporter-tiny*: Create checksum...
pigz: not found
>>> perl-exporter-tiny*: Create perl-exporter-tiny-1.006002-r1.apk
>>> perl-exporter-tiny: Build complete at Sun, 18 May 2025 07:52:58 +0000 elapsed time 0h 0m 4s
>>> perl-exporter-tiny: Cleaning up srcdir
>>> perl-exporter-tiny: Cleaning up pkgdir
>>> perl-exporter-tiny: Uninstalling dependencies...
(1/11) Purging .makedepends-perl-exporter-tiny (20250518.075255)
(2/11) Purging perl-dev (5.40.2-r0)
(3/11) Purging perl-utils (5.40.2-r0)
(4/11) Purging perl-test-fatal (0.017-r1)
(5/11) Purging perl-try-tiny (0.32-r0)
(6/11) Purging perl-test-warnings (0.038-r0)
(7/11) Purging git-perl (2.47.2-r0)
(8/11) Purging perl-git (2.47.2-r0)
(9/11) Purging perl-error (0.17029-r2)
(10/11) Purging perl (5.40.2-r0)
(11/11) Purging libbz2 (1.0.8-r6)
Executing busybox-1.37.0-r12.trigger
OK: 261 MiB in 81 packages
>>> perl-exporter-tiny: Updating the main/x86_64 repository index...
>>> perl-exporter-tiny: Signing the index...
pigz: not found
