pigz: not found
>>> perl-clone: Building main/perl-clone 0.47-r0 (using abuild 3.14.1-r4) started Sun, 18 May 2025 07:09:10 +0000
>>> perl-clone: Validating /home/packager/aports/main/perl-clone/APKBUILD...
>>> perl-clone: Analyzing dependencies...
>>> perl-clone: Installing for build: build-base perl perl-dev perl-b-cow
(1/9) Installing libbz2 (1.0.8-r6)
(2/9) Installing perl (5.40.2-r0)
(3/9) Installing perl-utils (5.40.2-r0)
(4/9) Installing perl-dev (5.40.2-r0)
(5/9) Installing perl-b-cow (0.007-r3)
(6/9) Installing .makedepends-perl-clone (20250518.070911)
(7/9) Installing perl-error (0.17029-r2)
(8/9) Installing perl-git (2.47.2-r0)
(9/9) Installing git-perl (2.47.2-r0)
Executing busybox-1.37.0-r12.trigger
OK: 306 MiB in 90 packages
>>> perl-clone: Cleaning up srcdir
>>> perl-clone: Cleaning up pkgdir
>>> perl-clone: Cleaning up tmpdir
>>> perl-clone: Fetching https://cpan.metacpan.org/authors/id/A/AT/ATOOMIC/Clone-0.47.tar.gz
Connecting to cpan.metacpan.org (146.75.122.217:443)
saving to '/var/cache/distfiles/Clone-0.47.tar.gz.part'
Clone-0.47.tar.gz.pa 100% |********************************|  135k  0:00:00 ETA
'/var/cache/distfiles/Clone-0.47.tar.gz.part' saved
>>> perl-clone: Fetching https://cpan.metacpan.org/authors/id/A/AT/ATOOMIC/Clone-0.47.tar.gz
>>> perl-clone: Checking sha512sums...
Clone-0.47.tar.gz: OK
>>> perl-clone: Unpacking /var/cache/distfiles/Clone-0.47.tar.gz...
Checking if your kit is complete...
Looks good
Generating a Unix-style Makefile
Writing Makefile for Clone
Writing MYMETA.yml and MYMETA.json
"/usr/bin/perl" "/usr/share/perl5/core_perl/ExtUtils/xsubpp"  -typemap '/usr/share/perl5/core_perl/ExtUtils/typemap'  Clone.xs > Clone.xsc
Running Mkbootstrap for Clone ()
chmod 644 "Clone.bs"
"/usr/bin/perl" -MExtUtils::Command::MM -e 'cp_nonempty' -- Clone.bs blib/arch/auto/Clone/Clone.bs 644
cp Clone.pm blib/lib/Clone.pm
AutoSplitting blib/lib/Clone.pm (blib/lib/auto/Clone)
mv Clone.xsc Clone.c
cc -c   -D_REENTRANT -D_GNU_SOURCE -D_GNU_SOURCE -fwrapv -fno-strict-aliasing -pipe -fstack-protector-strong -D_LARGEFILE_SOURCE -D_FILE_OFFSET_BITS=64 -O3   -DVERSION=\"0.47\" -DXS_VERSION=\"0.47\" -fPIC "-I/usr/lib/perl5/core_perl/CORE"   Clone.c
rm -f blib/arch/auto/Clone/Clone.so
cc  -shared -Os -fstack-clash-protection -Wformat -Werror=format-security -fno-plt -O2 -L/usr/local/lib -fstack-protector-strong  Clone.o  -o blib/arch/auto/Clone/Clone.so  \
      \
  
chmod 755 blib/arch/auto/Clone/Clone.so
Manifying 1 pod document
"/usr/bin/perl" -MExtUtils::Command::MM -e 'cp_nonempty' -- Clone.bs blib/arch/auto/Clone/Clone.bs 644
PERL_DL_NONLAZY=1 "/usr/bin/perl" "-MExtUtils::Command::MM" "-MTest::Harness" "-e" "undef *Test::Harness::Switches; test_harness(0, 'blib/lib', 'blib/arch')" t/*.t
t/01array.t ...... ok
t/02hash.t ....... ok
(?^:abcdefg) vs (?^:abcdefg) at t/03scalar.t line 133.
t/03scalar.t ..... ok
t/04tie.t ........ ok
t/05dtype.t ...... ok
t/06refcnt.t ..... ok
SV = PVMG(0x7f96b87bdf60) at 0x7f96b87a7f50
  REFCNT = 1
  FLAGS = (SMG,POK,pPOK,UTF8)
  IV = 0
  NV = 0
  PV = 0x7f96b86842c0 "a\r\n"\0 [UTF8 "a\r\n"]
  CUR = 3
  LEN = 16
  MAGIC = 0x7f96b8676bf0
    MG_VIRTUAL = &PL_vtbl_utf8
    MG_TYPE = PERL_MAGIC_utf8(w)
    MG_LEN = -1
    MG_PTR = 0x7f96b8685cd0
       0: 2 -> 2
       1: 0 -> 0
SV = PVMG(0x7f96b87bdff0) at 0x7f96b8653d18
  REFCNT = 1
  FLAGS = (SMG,POK,pPOK,UTF8)
  IV = 0
  NV = 0
  PV = 0x7f96b8682b80 "a\r\n"\0 [UTF8 "a\r\n"]
  CUR = 3
  LEN = 16
  MAGIC = 0x7f96b8672df0
    MG_VIRTUAL = &PL_vtbl_utf8
    MG_TYPE = PERL_MAGIC_utf8(w)
    MG_LEN = -1
    MG_PTR = 0x7f96b8685df0
       0: 2 -> 2
       1: 0 -> 0
t/07magic.t ...... ok
t/08fieldhash.t .. ok
t/cow.t .......... ok
t/dclone.t ....... ok
All tests successful.

Test Summary Report
-------------------
t/cow.t        (Wstat: 0 Tests: 59 Failed: 0)
  TODO passed:   18-19, 23-24, 28-29, 33-34, 38-39
Files=10, Tests=145,  0 wallclock secs ( 0.05 usr  0.01 sys +  0.37 cusr  0.04 csys =  0.47 CPU)
Result: PASS
>>> perl-clone: Entering fakeroot...
"/usr/bin/perl" -MExtUtils::Command::MM -e 'cp_nonempty' -- Clone.bs blib/arch/auto/Clone/Clone.bs 644
Manifying 1 pod document
Files found in blib/arch: installing files in blib/lib into architecture dependent library tree
Installing /home/packager/aports/main/perl-clone/pkg/perl-clone/usr/lib/perl5/vendor_perl/auto/Clone/Clone.so
Installing /home/packager/aports/main/perl-clone/pkg/perl-clone/usr/lib/perl5/vendor_perl/Clone.pm
Installing /home/packager/aports/main/perl-clone/pkg/perl-clone/usr/lib/perl5/vendor_perl/auto/Clone/autosplit.ix
Installing /home/packager/aports/main/perl-clone/pkg/perl-clone/usr/share/man/man3/Clone.3pm
>>> perl-clone-doc*: Running split function doc...
'usr/share/man' -> '/home/packager/aports/main/perl-clone/pkg/perl-clone-doc/usr/share/man'
>>> perl-clone-doc*: Preparing subpackage perl-clone-doc...
>>> perl-clone-doc*: Running postcheck for perl-clone-doc
>>> perl-clone*: Running postcheck for perl-clone
>>> perl-clone*: Preparing package perl-clone...
>>> perl-clone*: Stripping binaries
>>> perl-clone-doc*: Scanning shared objects
>>> perl-clone*: Scanning shared objects
>>> perl-clone-doc*: Tracing dependencies...
>>> perl-clone-doc*: Package size: 1.7 KB
>>> perl-clone-doc*: Compressing data...
>>> perl-clone-doc*: Create checksum...
pigz: not found
>>> perl-clone-doc*: Create perl-clone-doc-0.47-r0.apk
>>> perl-clone*: Tracing dependencies...
	perl
	so:libc.musl-x86_64.so.1
>>> perl-clone*: Package size: 20.1 KB
>>> perl-clone*: Compressing data...
>>> perl-clone*: Create checksum...
pigz: not found
>>> perl-clone*: Create perl-clone-0.47-r0.apk
>>> perl-clone: Build complete at Sun, 18 May 2025 07:09:14 +0000 elapsed time 0h 0m 4s
>>> perl-clone: Cleaning up srcdir
>>> perl-clone: Cleaning up pkgdir
>>> perl-clone: Uninstalling dependencies...
(1/9) Purging .makedepends-perl-clone (20250518.070911)
(2/9) Purging perl-dev (5.40.2-r0)
(3/9) Purging perl-utils (5.40.2-r0)
(4/9) Purging perl-b-cow (0.007-r3)
(5/9) Purging git-perl (2.47.2-r0)
(6/9) Purging perl-git (2.47.2-r0)
(7/9) Purging perl-error (0.17029-r2)
(8/9) Purging perl (5.40.2-r0)
(9/9) Purging libbz2 (1.0.8-r6)
Executing busybox-1.37.0-r12.trigger
OK: 260 MiB in 81 packages
>>> perl-clone: Updating the main/x86_64 repository index...
>>> perl-clone: Signing the index...
pigz: not found
