>>> perl-posix-strftime-compiler: Validating /home/packager/oily-pine/main/perl-posix-strftime-compiler/APKBUILD...
>>> perl-posix-strftime-compiler: Cleaning up srcdir
>>> perl-posix-strftime-compiler: Cleaning up pkgdir
>>> perl-posix-strftime-compiler: Cleaning up tmpdir
>>> perl-posix-strftime-compiler: Fetching https://cpan.metacpan.org/authors/id/K/KA/KAZEBURO/POSIX-strftime-Compiler-0.46.tar.gz
  % Total    % Received % Xferd  Average Speed   Time    Time     Time  Current
                                 Dload  Upload   Total   Spent    Left  Speed
  0     0    0     0    0     0      0      0 --:--:-- --:--:-- --:--:--     0100 17189  100 17189    0     0   112k      0 --:--:-- --:--:-- --:--:--  112k
>>> perl-posix-strftime-compiler: Fetching https://cpan.metacpan.org/authors/id/K/KA/KAZEBURO/POSIX-strftime-Compiler-0.46.tar.gz
>>> perl-posix-strftime-compiler: Checking sha512sums...
POSIX-strftime-Compiler-0.46.tar.gz: OK
change-timezone-name.patch: OK
>>> perl-posix-strftime-compiler: Preparing build chroot...
fetch http://dl-cdn.alpinelinux.org/alpine/edge/main/x86_64/APKINDEX.tar.gz
(1/78) Installing musl (1.2.5-r10)
(2/78) Installing libcrypto3 (3.5.0-r0)
(3/78) Installing ca-certificates-bundle (20241121-r2)
(4/78) Installing libssl3 (3.5.0-r0)
(5/78) Installing zlib (1.3.1-r2)
(6/78) Installing libapk2 (2.14.9-r2)
(7/78) Installing apk-tools (2.14.9-r2)
(8/78) Installing libcap2 (2.76-r0)
(9/78) Installing libcap-getcap (2.76-r0)
(10/78) Installing fakeroot (1.37.1.1-r0)
(11/78) Installing scanelf (1.3.8-r1)
(12/78) Installing musl-utils (1.2.5-r10)
(13/78) Installing libgcc (14.3.0-r0)
(14/78) Installing libstdc++ (14.3.0-r0)
(15/78) Installing lzip (1.25-r0)
(16/78) Installing openssl (3.5.0-r0)
(17/78) Installing patch (2.8-r0)
(18/78) Installing pkgconf (2.4.3-r0)
(19/78) Installing acl-libs (2.3.2-r1)
(20/78) Installing tar (1.35-r3)
(21/78) Installing busybox (1.37.0-r18)
Executing busybox-1.37.0-r18.post-install
(22/78) Installing ssl_client (1.37.0-r18)
(23/78) Installing busybox-binsh (1.37.0-r18)
(24/78) Installing abuild (3.15.0-r0)
Executing abuild-3.15.0-r0.pre-install
(25/78) Installing abuild-sudo (3.15.0-r0)
(26/78) Installing alpine-baselayout-data (3.7.0-r0)
(27/78) Installing alpine-baselayout (3.7.0-r0)
Executing alpine-baselayout-3.7.0-r0.pre-install
Executing alpine-baselayout-3.7.0-r0.post-install
(28/78) Installing bridge (1.5-r5)
(29/78) Installing ifupdown-ng (0.12.1-r7)
(30/78) Installing openrc-user (0.62.2-r2)
(31/78) Installing openrc (0.62.2-r2)
Executing openrc-0.62.2-r2.post-install
(32/78) Installing mdev-conf (4.8-r0)
(33/78) Installing busybox-mdev-openrc (1.37.0-r18)
(34/78) Installing alpine-conf (3.20.0-r0)
(35/78) Installing alpine-keys (2.5-r0)
(36/78) Installing alpine-release (3.22.0-r0)
(37/78) Installing busybox-openrc (1.37.0-r18)
(38/78) Installing busybox-suid (1.37.0-r18)
(39/78) Installing alpine-base (3.22.0-r0)
(40/78) Installing jansson (2.14.1-r0)
(41/78) Installing zstd-libs (1.5.7-r0)
(42/78) Installing binutils (2.44-r0)
(43/78) Installing libmagic (5.46-r2)
(44/78) Installing file (5.46-r2)
(45/78) Installing libgomp (14.3.0-r0)
(46/78) Installing libatomic (14.3.0-r0)
(47/78) Installing gmp (6.3.0-r3)
(48/78) Installing isl26 (0.26-r1)
(49/78) Installing mpfr4 (4.2.1_p1-r0)
(50/78) Installing mpc1 (1.3.1-r1)
(51/78) Installing gcc (14.3.0-r0)
(52/78) Installing libstdc++-dev (14.3.0-r0)
(53/78) Installing musl-dev (1.2.5-r10)
(54/78) Installing g++ (14.3.0-r0)
(55/78) Installing make (4.4.1-r3)
(56/78) Installing fortify-headers (1.1-r5)
(57/78) Installing build-base (0.5-r3)
(58/78) Installing brotli-libs (1.1.0-r2)
(59/78) Installing c-ares (1.34.5-r0)
(60/78) Installing libunistring (1.3-r0)
(61/78) Installing libidn2 (2.3.7-r0)
(62/78) Installing nghttp2-libs (1.65.0-r0)
(63/78) Installing libpsl (0.21.5-r3)
(64/78) Installing libcurl (8.14.0-r2)
(65/78) Installing libexpat (2.7.1-r0)
(66/78) Installing pcre2 (10.43-r1)
(67/78) Installing git (2.49.0-r0)
(68/78) Installing git-init-template (2.49.0-r0)
(69/78) Installing libbz2 (1.0.8-r6)
(70/78) Installing perl (5.40.2-r0)
(71/78) Installing perl-error (0.17030-r0)
(72/78) Installing perl-git (2.49.0-r0)
(73/78) Installing git-perl (2.49.0-r0)
(74/78) Installing perl-extutils-config (0.010-r0)
(75/78) Installing perl-extutils-helpers (0.028-r0)
(76/78) Installing perl-extutils-installpaths (0.014-r0)
(77/78) Installing perl-module-build-tiny (0.052-r0)
(78/78) Installing tzdata (2025b-r0)
Executing busybox-1.37.0-r18.trigger
OK: 297 MiB in 78 packages
>>> perl-posix-strftime-compiler: Fetching https://cpan.metacpan.org/authors/id/K/KA/KAZEBURO/POSIX-strftime-Compiler-0.46.tar.gz
>>> perl-posix-strftime-compiler: Checking sha512sums...
POSIX-strftime-Compiler-0.46.tar.gz: OK
change-timezone-name.patch: OK
>>> perl-posix-strftime-compiler: Unpacking /var/cache/distfiles/POSIX-strftime-Compiler-0.46.tar.gz...
>>> perl-posix-strftime-compiler: change-timezone-name.patch
patching file t/02_timezone.t
Creating new 'Build' script for 'POSIX-strftime-Compiler' version '0.46'
cp lib/POSIX/strftime/Compiler.pm blib/lib/POSIX/strftime/Compiler.pm
t/00_compile.t ... ok
t/01_basic.t ..... ok
t/02_timezone.t .. ok
t/03_isoweek.t ... ok
t/04_tzset.t ..... skipped: tzdada is not enough: +0200 at t/04_tzset.t line 33.
All tests successful.
Files=5, Tests=375,  0 wallclock secs ( 0.02 usr  0.01 sys +  0.25 cusr  0.07 csys =  0.35 CPU)
Result: PASS
>>> perl-posix-strftime-compiler: Entering fakeroot...
Installing /tmp/pkg/perl-posix-strftime-compiler/usr/share/perl5/vendor_perl/POSIX/strftime/Compiler.pm
Installing /tmp/pkg/perl-posix-strftime-compiler/usr/share/man/man3/POSIX::strftime::Compiler.3pm
>>> perl-posix-strftime-compiler-doc*: Running split function doc...
'usr/share/man' -> '/tmp/pkg/perl-posix-strftime-compiler-doc/usr/share/man'
>>> perl-posix-strftime-compiler-doc*: Preparing subpackage perl-posix-strftime-compiler-doc...
>>> perl-posix-strftime-compiler-doc*: Running postcheck for perl-posix-strftime-compiler-doc
>>> perl-posix-strftime-compiler*: Running postcheck for perl-posix-strftime-compiler
>>> perl-posix-strftime-compiler*: Preparing package perl-posix-strftime-compiler...
>>> perl-posix-strftime-compiler-doc*: Tracing dependencies...
>>> perl-posix-strftime-compiler-doc*: Package size: 2.0 KB
>>> perl-posix-strftime-compiler-doc*: Compressing data...
>>> perl-posix-strftime-compiler-doc*: Create checksum...
>>> perl-posix-strftime-compiler-doc*: Create perl-posix-strftime-compiler-doc-0.46-r0.apk
>>> perl-posix-strftime-compiler*: Tracing dependencies...
	perl
	tzdata
>>> perl-posix-strftime-compiler*: Package size: 14.5 KB
>>> perl-posix-strftime-compiler*: Compressing data...
>>> perl-posix-strftime-compiler*: Create checksum...
>>> perl-posix-strftime-compiler*: Create perl-posix-strftime-compiler-0.46-r0.apk
>>> perl-posix-strftime-compiler: Updating the main/x86_64 repository index...
>>> perl-posix-strftime-compiler: Signing the index...
>>> perl-posix-strftime-compiler: Cleaning up srcdir
>>> perl-posix-strftime-compiler: Cleaning up build chroot
>>> perl-posix-strftime-compiler: Cleaning up pkgdir
