pigz: not found
>>> perl-text-csv: Building main/perl-text-csv 2.06-r0 (using abuild 3.14.1-r4) started Sun, 18 May 2025 10:37:44 +0000
>>> perl-text-csv: Validating /home/packager/aports/main/perl-text-csv/APKBUILD...
>>> perl-text-csv: Analyzing dependencies...
>>> perl-text-csv: Installing for build: build-base perl
(1/6) Installing libbz2 (1.0.8-r6)
(2/6) Installing perl (5.40.2-r0)
(3/6) Installing .makedepends-perl-text-csv (20250518.103745)
(4/6) Installing perl-error (0.17030-r0)
(5/6) Installing perl-git (2.47.2-r0)
(6/6) Installing git-perl (2.47.2-r0)
Executing busybox-1.37.0-r12.trigger
OK: 297 MiB in 87 packages
>>> perl-text-csv: Cleaning up srcdir
>>> perl-text-csv: Cleaning up pkgdir
>>> perl-text-csv: Cleaning up tmpdir
>>> perl-text-csv: Fetching https://cpan.metacpan.org/authors/id/I/IS/ISHIGAKI/Text-CSV-2.06.tar.gz
Connecting to cpan.metacpan.org (146.75.122.217:443)
saving to '/var/cache/distfiles/Text-CSV-2.06.tar.gz.part'
Text-CSV-2.06.tar.gz 100% |********************************|  145k  0:00:00 ETA
'/var/cache/distfiles/Text-CSV-2.06.tar.gz.part' saved
>>> perl-text-csv: Fetching https://cpan.metacpan.org/authors/id/I/IS/ISHIGAKI/Text-CSV-2.06.tar.gz
>>> perl-text-csv: Checking sha512sums...
Text-CSV-2.06.tar.gz: OK
>>> perl-text-csv: Unpacking /var/cache/distfiles/Text-CSV-2.06.tar.gz...
Welcome to Text::CSV (v.2.06)
=============================
If you install Text::CSV_XS v.1.60, it makes Text::CSV faster.

Checking if your kit is complete...
Looks good
Generating a Unix-style Makefile
Writing Makefile for Text::CSV
Writing MYMETA.yml and MYMETA.json
cp lib/Text/CSV_PP.pm blib/lib/Text/CSV_PP.pm
cp lib/Text/CSV.pm blib/lib/Text/CSV.pm
Manifying 2 pod documents
PERL_DL_NONLAZY=1 "/usr/bin/perl" "-MExtUtils::Command::MM" "-MTest::Harness" "-e" "undef *Test::Harness::Switches; test_harness(0, 'blib/lib', 'blib/arch')" t/*.t
# PERL_TEXT_CSV: undef
t/00_pod.t ............... skipped: Test::Pod 1.00 required for testing POD
t/01_is_pp.t ............. ok
t/10_base.t .............. ok
t/12_acc.t ............... ok
t/15_flags.t ............. ok
t/16_import.t ............ ok
t/20_file.t .............. ok
t/21_lexicalio.t ......... ok
t/22_scalario.t .......... ok
t/30_types.t ............. ok
t/40_misc.t .............. ok
t/41_null.t .............. ok
t/45_eol.t ............... ok
t/46_eol_si.t ............ ok
t/47_comment.t ........... ok
t/50_utf8.t .............. ok
t/51_utf8.t .............. ok
t/55_combi.t ............. ok
t/60_samples.t ........... ok
t/65_allow.t ............. ok
t/66_formula.t ........... ok
t/67_emptrow.t ........... ok
t/68_header.t ............ ok
t/70_rt.t ................ ok
t/71_pp.t ................ ok
t/71_strict.t ............ ok
t/75_hashref.t ........... ok
t/76_magic.t ............. ok
t/77_getall.t ............ ok
t/78_fragment.t .......... ok
t/79_callbacks.t ......... ok
t/80_diag.t .............. ok
t/81_subclass.t .......... ok
# CSV_PP ERROR: 2016 - EOL - Inconsistent EOL @ rec 1 pos 15 field 2
# CSV_PP ERROR: 2016 - EOL - Inconsistent EOL @ rec 1 pos 15 field 2
# CSV_PP ERROR: 2016 - EOL - Inconsistent EOL @ rec 1 pos 15 field 2
# CSV_PP ERROR: 2016 - EOL - Inconsistent EOL @ rec 1 pos 15 field 2
# CSV_PP ERROR: 2016 - EOL - Inconsistent EOL @ rec 1 pos 15 field 2
# CSV_PP ERROR: 2016 - EOL - Inconsistent EOL @ rec 1 pos 15 field 2
# CSV_PP ERROR: 2016 - EOL - Inconsistent EOL @ rec 1 pos 13 field 2
# CSV_PP ERROR: 2016 - EOL - Inconsistent EOL @ rec 1 pos 13 field 2
# CSV_PP ERROR: 2016 - EOL - Inconsistent EOL @ rec 1 pos 13 field 2
# CSV_PP ERROR: 2016 - EOL - Inconsistent EOL @ rec 1 pos 13 field 2
# CSV_PP ERROR: 2016 - EOL - Inconsistent EOL @ rec 1 pos 13 field 2
# CSV_PP ERROR: 2016 - EOL - Inconsistent EOL @ rec 1 pos 13 field 2
# CSV_PP ERROR: 2016 - EOL - Inconsistent EOL @ rec 1 pos 13 field 2
# CSV_PP ERROR: 2016 - EOL - Inconsistent EOL @ rec 1 pos 13 field 2
# CSV_PP ERROR: 2016 - EOL - Inconsistent EOL @ rec 1 pos 13 field 2
# CSV_PP ERROR: 2016 - EOL - Inconsistent EOL @ rec 1 pos 13 field 2
# CSV_PP ERROR: 2016 - EOL - Inconsistent EOL @ rec 1 pos 13 field 2
# CSV_PP ERROR: 2016 - EOL - Inconsistent EOL @ rec 1 pos 13 field 2
# CSV_PP ERROR: 2016 - EOL - Inconsistent EOL @ rec 1 pos 15 field 2
# CSV_PP ERROR: 2016 - EOL - Inconsistent EOL @ rec 1 pos 15 field 2
# CSV_PP ERROR: 2016 - EOL - Inconsistent EOL @ rec 1 pos 15 field 2
# CSV_PP ERROR: 2016 - EOL - Inconsistent EOL @ rec 1 pos 16 field 2
# CSV_PP ERROR: 2016 - EOL - Inconsistent EOL @ rec 1 pos 16 field 2
# CSV_PP ERROR: 2016 - EOL - Inconsistent EOL @ rec 1 pos 16 field 2
# CSV_PP ERROR: 2016 - EOL - Inconsistent EOL @ rec 1 pos 16 field 2
# CSV_PP ERROR: 2016 - EOL - Inconsistent EOL @ rec 1 pos 16 field 2
# CSV_PP ERROR: 2016 - EOL - Inconsistent EOL @ rec 1 pos 16 field 2
# CSV_PP ERROR: 2016 - EOL - Inconsistent EOL @ rec 1 pos 14 field 2
# CSV_PP ERROR: 2016 - EOL - Inconsistent EOL @ rec 1 pos 14 field 2
# CSV_PP ERROR: 2016 - EOL - Inconsistent EOL @ rec 1 pos 14 field 2
# CSV_PP ERROR: 2016 - EOL - Inconsistent EOL @ rec 1 pos 14 field 2
# CSV_PP ERROR: 2016 - EOL - Inconsistent EOL @ rec 1 pos 14 field 2
# CSV_PP ERROR: 2016 - EOL - Inconsistent EOL @ rec 1 pos 14 field 2
# CSV_PP ERROR: 2016 - EOL - Inconsistent EOL @ rec 1 pos 14 field 2
# CSV_PP ERROR: 2016 - EOL - Inconsistent EOL @ rec 1 pos 14 field 2
# CSV_PP ERROR: 2016 - EOL - Inconsistent EOL @ rec 1 pos 14 field 2
# CSV_PP ERROR: 2016 - EOL - Inconsistent EOL @ rec 1 pos 14 field 2
# CSV_PP ERROR: 2016 - EOL - Inconsistent EOL @ rec 1 pos 14 field 2
# CSV_PP ERROR: 2016 - EOL - Inconsistent EOL @ rec 1 pos 14 field 2
# CSV_PP ERROR: 2016 - EOL - Inconsistent EOL @ rec 1 pos 16 field 2
# CSV_PP ERROR: 2016 - EOL - Inconsistent EOL @ rec 1 pos 16 field 2
# CSV_PP ERROR: 2016 - EOL - Inconsistent EOL @ rec 1 pos 16 field 2
t/85_util.t .............. ok
# CSV_PP ERROR: 2016 - EOL - Inconsistent EOL @ rec 1 pos 3 field 2
# CSV_PP ERROR: 2016 - EOL - Inconsistent EOL @ rec 1 pos 3 field 2
t/90_csv.t ............... ok
t/91_csv_cb.t ............ ok
t/92_stream.t ............ ok
t/csv_method.t ........... ok
t/fields_containing_0.t .. ok
t/rt99774.t .............. ok
All tests successful.
Files=40, Tests=52723, 22 wallclock secs ( 3.78 usr  0.39 sys + 18.27 cusr  2.78 csys = 25.22 CPU)
Result: PASS
>>> perl-text-csv: Entering fakeroot...
Manifying 2 pod documents
Installing /home/packager/aports/main/perl-text-csv/pkg/perl-text-csv/usr/share/perl5/vendor_perl/Text/CSV_PP.pm
Installing /home/packager/aports/main/perl-text-csv/pkg/perl-text-csv/usr/share/perl5/vendor_perl/Text/CSV.pm
Installing /home/packager/aports/main/perl-text-csv/pkg/perl-text-csv/usr/share/man/man3/Text::CSV.3pm
Installing /home/packager/aports/main/perl-text-csv/pkg/perl-text-csv/usr/share/man/man3/Text::CSV_PP.3pm
>>> perl-text-csv-doc*: Running split function doc...
'usr/share/man' -> '/home/packager/aports/main/perl-text-csv/pkg/perl-text-csv-doc/usr/share/man'
>>> perl-text-csv-doc*: Preparing subpackage perl-text-csv-doc...
>>> perl-text-csv-doc*: Running postcheck for perl-text-csv-doc
>>> perl-text-csv*: Running postcheck for perl-text-csv
>>> perl-text-csv*: Preparing package perl-text-csv...
>>> perl-text-csv-doc*: Tracing dependencies...
>>> perl-text-csv-doc*: Package size: 60.4 KB
>>> perl-text-csv-doc*: Compressing data...
>>> perl-text-csv-doc*: Create checksum...
pigz: not found
>>> perl-text-csv-doc*: Create perl-text-csv-doc-2.06-r0.apk
>>> perl-text-csv*: Tracing dependencies...
	perl
>>> perl-text-csv*: Package size: 294.7 KB
>>> perl-text-csv*: Compressing data...
>>> perl-text-csv*: Create checksum...
pigz: not found
>>> perl-text-csv*: Create perl-text-csv-2.06-r0.apk
>>> perl-text-csv: Build complete at Sun, 18 May 2025 10:38:09 +0000 elapsed time 0h 0m 25s
>>> perl-text-csv: Cleaning up srcdir
>>> perl-text-csv: Cleaning up pkgdir
>>> perl-text-csv: Uninstalling dependencies...
(1/6) Purging .makedepends-perl-text-csv (20250518.103745)
(2/6) Purging git-perl (2.47.2-r0)
(3/6) Purging perl-git (2.47.2-r0)
(4/6) Purging perl-error (0.17030-r0)
(5/6) Purging perl (5.40.2-r0)
(6/6) Purging libbz2 (1.0.8-r6)
Executing busybox-1.37.0-r12.trigger
OK: 261 MiB in 81 packages
>>> perl-text-csv: Updating the main/x86_64 repository index...
>>> perl-text-csv: Signing the index...
pigz: not found
