pigz: not found
>>> perl-test-deep: Building main/perl-test-deep 1.205-r0 (using abuild 3.14.1-r4) started Sun, 18 May 2025 07:03:14 +0000
>>> perl-test-deep: Validating /home/packager/aports/main/perl-test-deep/APKBUILD...
>>> perl-test-deep: Analyzing dependencies...
>>> perl-test-deep: Installing for build: build-base perl
(1/6) Installing libbz2 (1.0.8-r6)
(2/6) Installing perl (5.40.2-r0)
(3/6) Installing .makedepends-perl-test-deep (20250518.070315)
(4/6) Installing perl-error (0.17029-r2)
(5/6) Installing perl-git (2.47.2-r0)
(6/6) Installing git-perl (2.47.2-r0)
Executing busybox-1.37.0-r12.trigger
OK: 297 MiB in 87 packages
>>> perl-test-deep: Cleaning up srcdir
>>> perl-test-deep: Cleaning up pkgdir
>>> perl-test-deep: Cleaning up tmpdir
>>> perl-test-deep: Fetching https://cpan.metacpan.org/authors/id/R/RJ/RJBS/Test-Deep-1.205.tar.gz
Connecting to cpan.metacpan.org (146.75.122.217:443)
saving to '/var/cache/distfiles/Test-Deep-1.205.tar.gz.part'
Test-Deep-1.205.tar. 100% |********************************| 70624  0:00:00 ETA
'/var/cache/distfiles/Test-Deep-1.205.tar.gz.part' saved
>>> perl-test-deep: Fetching https://cpan.metacpan.org/authors/id/R/RJ/RJBS/Test-Deep-1.205.tar.gz
>>> perl-test-deep: Checking sha512sums...
Test-Deep-1.205.tar.gz: OK
>>> perl-test-deep: Unpacking /var/cache/distfiles/Test-Deep-1.205.tar.gz...
Checking if your kit is complete...
Looks good
Generating a Unix-style Makefile
Writing Makefile for Test::Deep
Writing MYMETA.yml and MYMETA.json
cp lib/Test/Deep/HashKeys.pm blib/lib/Test/Deep/HashKeys.pm
cp lib/Test/Deep/Set.pm blib/lib/Test/Deep/Set.pm
cp lib/Test/Deep/Methods.pm blib/lib/Test/Deep/Methods.pm
cp lib/Test/Deep/None.pm blib/lib/Test/Deep/None.pm
cp lib/Test/Deep/Cmp.pm blib/lib/Test/Deep/Cmp.pm
cp lib/Test/Deep/RefType.pm blib/lib/Test/Deep/RefType.pm
cp lib/Test/Deep/All.pm blib/lib/Test/Deep/All.pm
cp lib/Test/Deep/NoTest.pm blib/lib/Test/Deep/NoTest.pm
cp lib/Test/Deep/Isa.pm blib/lib/Test/Deep/Isa.pm
cp lib/Test/Deep/HashElements.pm blib/lib/Test/Deep/HashElements.pm
cp lib/Test/Deep/Ref.pm blib/lib/Test/Deep/Ref.pm
cp lib/Test/Deep/RegexpVersion.pm blib/lib/Test/Deep/RegexpVersion.pm
cp lib/Test/Deep/Code.pm blib/lib/Test/Deep/Code.pm
cp lib/Test/Deep/ArrayElementsOnly.pm blib/lib/Test/Deep/ArrayElementsOnly.pm
cp lib/Test/Deep/MM.pm blib/lib/Test/Deep/MM.pm
cp lib/Test/Deep/Class.pm blib/lib/Test/Deep/Class.pm
cp lib/Test/Deep/Hash.pm blib/lib/Test/Deep/Hash.pm
cp lib/Test/Deep/RegexpRefOnly.pm blib/lib/Test/Deep/RegexpRefOnly.pm
cp lib/Test/Deep/Blessed.pm blib/lib/Test/Deep/Blessed.pm
cp lib/Test/Deep/String.pm blib/lib/Test/Deep/String.pm
cp lib/Test/Deep/Regexp.pm blib/lib/Test/Deep/Regexp.pm
cp lib/Test/Deep/HashEach.pm blib/lib/Test/Deep/HashEach.pm
cp lib/Test/Deep/ScalarRef.pm blib/lib/Test/Deep/ScalarRef.pm
cp lib/Test/Deep/ArrayLengthOnly.pm blib/lib/Test/Deep/ArrayLengthOnly.pm
cp lib/Test/Deep/Stack.pm blib/lib/Test/Deep/Stack.pm
cp lib/Test/Deep/RegexpMatches.pm blib/lib/Test/Deep/RegexpMatches.pm
cp lib/Test/Deep/RegexpOnly.pm blib/lib/Test/Deep/RegexpOnly.pm
cp lib/Test/Deep/Obj.pm blib/lib/Test/Deep/Obj.pm
cp lib/Test/Deep/Cache.pm blib/lib/Test/Deep/Cache.pm
cp lib/Test/Deep/Any.pm blib/lib/Test/Deep/Any.pm
cp lib/Test/Deep/ArrayLength.pm blib/lib/Test/Deep/ArrayLength.pm
cp lib/Test/Deep/Cache/Simple.pm blib/lib/Test/Deep/Cache/Simple.pm
cp lib/Test/Deep/ListMethods.pm blib/lib/Test/Deep/ListMethods.pm
cp lib/Test/Deep/Shallow.pm blib/lib/Test/Deep/Shallow.pm
cp lib/Test/Deep/Number.pm blib/lib/Test/Deep/Number.pm
cp lib/Test/Deep/RegexpRef.pm blib/lib/Test/Deep/RegexpRef.pm
cp lib/Test/Deep.pm blib/lib/Test/Deep.pm
cp lib/Test/Deep/Ignore.pm blib/lib/Test/Deep/Ignore.pm
cp lib/Test/Deep/Array.pm blib/lib/Test/Deep/Array.pm
cp lib/Test/Deep/ScalarRefOnly.pm blib/lib/Test/Deep/ScalarRefOnly.pm
cp lib/Test/Deep/ArrayEach.pm blib/lib/Test/Deep/ArrayEach.pm
cp lib/Test/Deep/Boolean.pm blib/lib/Test/Deep/Boolean.pm
cp lib/Test/Deep/HashKeysOnly.pm blib/lib/Test/Deep/HashKeysOnly.pm
Manifying 43 pod documents
PERL_DL_NONLAZY=1 "/usr/bin/perl" "-MExtUtils::Command::MM" "-MTest::Harness" "-e" "undef *Test::Harness::Switches; test_harness(0, 'blib/lib', 'blib/arch')" t/*.t
# 
# Versions for all modules listed in MYMETA.json (including optional ones):
# 
# === Configure Requires ===
# 
#     Module              Want Have
#     ------------------- ---- ----
#     ExtUtils::MakeMaker 6.78 7.70
# 
# === Build Requires ===
# 
#     Module              Want Have
#     ------------------- ---- ----
#     ExtUtils::MakeMaker  any 7.70
# 
# === Test Requires ===
# 
#     Module               Want     Have
#     ------------------- ----- --------
#     ExtUtils::MakeMaker   any     7.70
#     File::Spec            any     3.91
#     Test::More           0.96 1.302199
#     Test::Tester        0.107 1.302199
# 
# === Test Recommends ===
# 
#     Module         Want     Have
#     ---------- -------- --------
#     CPAN::Meta 2.120900 2.150010
# 
# === Runtime Requires ===
# 
#     Module         Want     Have
#     ------------- ----- --------
#     List::Util     1.09     1.63
#     Scalar::Util   1.09     1.63
#     Test::Builder   any 1.302199
#     Test::More     0.96 1.302199
#     perl          5.012 5.040002
# 
t/00-report-prereqs.t ....... ok
t/all.t ..................... ok
t/any.t ..................... ok
t/array.t ................... ok
t/array_each.t .............. ok
t/arraylength.t ............. ok
t/bag.t ..................... ok
t/bagrecursion.t ............ ok
t/blessed.t ................. ok
t/boolean.t ................. ok
t/cache.t ................... ok
t/circular.t ................ ok
t/class.t ................... ok
t/code.t .................... ok
t/deep_utils.t .............. ok
t/descend.t ................. ok
t/error.t ................... ok
t/hash.t .................... ok
t/hash_each.t ............... ok
t/hashkeys.t ................ ok
t/ignore.t .................. ok
t/import.t .................. ok
t/isa.t ..................... ok
t/leaf-wrapper.t ............ ok
t/listmethods.t ............. ok
t/memory.t .................. ok
t/methods.t ................. ok
t/no-clobber-globals.t ...... ok
t/none.t .................... ok
t/notest.t .................. ok
t/notest_extra.t ............ ok
t/notest_withtest.t ......... ok
t/number.t .................. ok
t/reftype.t ................. ok
t/regexp.t .................. ok
t/regexpref.t ............... ok
t/rt78288_blessed_object.t .. ok
t/scalar.t .................. ok
t/scalarref.t ............... ok
t/set.t ..................... ok
t/shallow.t ................. ok
t/string.t .................. ok
All tests successful.
Files=42, Tests=1268,  4 wallclock secs ( 0.19 usr  0.05 sys +  3.16 cusr  0.58 csys =  3.98 CPU)
Result: PASS
>>> perl-test-deep: Entering fakeroot...
Manifying 43 pod documents
Installing /home/packager/aports/main/perl-test-deep/pkg/perl-test-deep/usr/share/perl5/vendor_perl/Test/Deep.pm
Installing /home/packager/aports/main/perl-test-deep/pkg/perl-test-deep/usr/share/perl5/vendor_perl/Test/Deep/Isa.pm
Installing /home/packager/aports/main/perl-test-deep/pkg/perl-test-deep/usr/share/perl5/vendor_perl/Test/Deep/Methods.pm
Installing /home/packager/aports/main/perl-test-deep/pkg/perl-test-deep/usr/share/perl5/vendor_perl/Test/Deep/HashKeysOnly.pm
Installing /home/packager/aports/main/perl-test-deep/pkg/perl-test-deep/usr/share/perl5/vendor_perl/Test/Deep/Set.pm
Installing /home/packager/aports/main/perl-test-deep/pkg/perl-test-deep/usr/share/perl5/vendor_perl/Test/Deep/Any.pm
Installing /home/packager/aports/main/perl-test-deep/pkg/perl-test-deep/usr/share/perl5/vendor_perl/Test/Deep/RegexpRefOnly.pm
Installing /home/packager/aports/main/perl-test-deep/pkg/perl-test-deep/usr/share/perl5/vendor_perl/Test/Deep/Ignore.pm
Installing /home/packager/aports/main/perl-test-deep/pkg/perl-test-deep/usr/share/perl5/vendor_perl/Test/Deep/HashKeys.pm
Installing /home/packager/aports/main/perl-test-deep/pkg/perl-test-deep/usr/share/perl5/vendor_perl/Test/Deep/All.pm
Installing /home/packager/aports/main/perl-test-deep/pkg/perl-test-deep/usr/share/perl5/vendor_perl/Test/Deep/RefType.pm
Installing /home/packager/aports/main/perl-test-deep/pkg/perl-test-deep/usr/share/perl5/vendor_perl/Test/Deep/Array.pm
Installing /home/packager/aports/main/perl-test-deep/pkg/perl-test-deep/usr/share/perl5/vendor_perl/Test/Deep/None.pm
Installing /home/packager/aports/main/perl-test-deep/pkg/perl-test-deep/usr/share/perl5/vendor_perl/Test/Deep/ArrayLength.pm
Installing /home/packager/aports/main/perl-test-deep/pkg/perl-test-deep/usr/share/perl5/vendor_perl/Test/Deep/MM.pm
Installing /home/packager/aports/main/perl-test-deep/pkg/perl-test-deep/usr/share/perl5/vendor_perl/Test/Deep/Code.pm
Installing /home/packager/aports/main/perl-test-deep/pkg/perl-test-deep/usr/share/perl5/vendor_perl/Test/Deep/Regexp.pm
Installing /home/packager/aports/main/perl-test-deep/pkg/perl-test-deep/usr/share/perl5/vendor_perl/Test/Deep/Obj.pm
Installing /home/packager/aports/main/perl-test-deep/pkg/perl-test-deep/usr/share/perl5/vendor_perl/Test/Deep/Shallow.pm
Installing /home/packager/aports/main/perl-test-deep/pkg/perl-test-deep/usr/share/perl5/vendor_perl/Test/Deep/NoTest.pm
Installing /home/packager/aports/main/perl-test-deep/pkg/perl-test-deep/usr/share/perl5/vendor_perl/Test/Deep/Number.pm
Installing /home/packager/aports/main/perl-test-deep/pkg/perl-test-deep/usr/share/perl5/vendor_perl/Test/Deep/String.pm
Installing /home/packager/aports/main/perl-test-deep/pkg/perl-test-deep/usr/share/perl5/vendor_perl/Test/Deep/ArrayEach.pm
Installing /home/packager/aports/main/perl-test-deep/pkg/perl-test-deep/usr/share/perl5/vendor_perl/Test/Deep/Cache.pm
Installing /home/packager/aports/main/perl-test-deep/pkg/perl-test-deep/usr/share/perl5/vendor_perl/Test/Deep/RegexpVersion.pm
Installing /home/packager/aports/main/perl-test-deep/pkg/perl-test-deep/usr/share/perl5/vendor_perl/Test/Deep/Ref.pm
Installing /home/packager/aports/main/perl-test-deep/pkg/perl-test-deep/usr/share/perl5/vendor_perl/Test/Deep/ArrayElementsOnly.pm
Installing /home/packager/aports/main/perl-test-deep/pkg/perl-test-deep/usr/share/perl5/vendor_perl/Test/Deep/Stack.pm
Installing /home/packager/aports/main/perl-test-deep/pkg/perl-test-deep/usr/share/perl5/vendor_perl/Test/Deep/RegexpMatches.pm
Installing /home/packager/aports/main/perl-test-deep/pkg/perl-test-deep/usr/share/perl5/vendor_perl/Test/Deep/Cmp.pm
Installing /home/packager/aports/main/perl-test-deep/pkg/perl-test-deep/usr/share/perl5/vendor_perl/Test/Deep/Class.pm
Installing /home/packager/aports/main/perl-test-deep/pkg/perl-test-deep/usr/share/perl5/vendor_perl/Test/Deep/ScalarRef.pm
Installing /home/packager/aports/main/perl-test-deep/pkg/perl-test-deep/usr/share/perl5/vendor_perl/Test/Deep/Blessed.pm
Installing /home/packager/aports/main/perl-test-deep/pkg/perl-test-deep/usr/share/perl5/vendor_perl/Test/Deep/Boolean.pm
Installing /home/packager/aports/main/perl-test-deep/pkg/perl-test-deep/usr/share/perl5/vendor_perl/Test/Deep/ScalarRefOnly.pm
Installing /home/packager/aports/main/perl-test-deep/pkg/perl-test-deep/usr/share/perl5/vendor_perl/Test/Deep/Hash.pm
Installing /home/packager/aports/main/perl-test-deep/pkg/perl-test-deep/usr/share/perl5/vendor_perl/Test/Deep/ListMethods.pm
Installing /home/packager/aports/main/perl-test-deep/pkg/perl-test-deep/usr/share/perl5/vendor_perl/Test/Deep/RegexpRef.pm
Installing /home/packager/aports/main/perl-test-deep/pkg/perl-test-deep/usr/share/perl5/vendor_perl/Test/Deep/HashElements.pm
Installing /home/packager/aports/main/perl-test-deep/pkg/perl-test-deep/usr/share/perl5/vendor_perl/Test/Deep/RegexpOnly.pm
Installing /home/packager/aports/main/perl-test-deep/pkg/perl-test-deep/usr/share/perl5/vendor_perl/Test/Deep/ArrayLengthOnly.pm
Installing /home/packager/aports/main/perl-test-deep/pkg/perl-test-deep/usr/share/perl5/vendor_perl/Test/Deep/HashEach.pm
Installing /home/packager/aports/main/perl-test-deep/pkg/perl-test-deep/usr/share/perl5/vendor_perl/Test/Deep/Cache/Simple.pm
Installing /home/packager/aports/main/perl-test-deep/pkg/perl-test-deep/usr/share/man/man3/Test::Deep::Methods.3pm
Installing /home/packager/aports/main/perl-test-deep/pkg/perl-test-deep/usr/share/man/man3/Test::Deep::Cache.3pm
Installing /home/packager/aports/main/perl-test-deep/pkg/perl-test-deep/usr/share/man/man3/Test::Deep::RegexpRef.3pm
Installing /home/packager/aports/main/perl-test-deep/pkg/perl-test-deep/usr/share/man/man3/Test::Deep::Regexp.3pm
Installing /home/packager/aports/main/perl-test-deep/pkg/perl-test-deep/usr/share/man/man3/Test::Deep::ArrayElementsOnly.3pm
Installing /home/packager/aports/main/perl-test-deep/pkg/perl-test-deep/usr/share/man/man3/Test::Deep::Obj.3pm
Installing /home/packager/aports/main/perl-test-deep/pkg/perl-test-deep/usr/share/man/man3/Test::Deep::HashEach.3pm
Installing /home/packager/aports/main/perl-test-deep/pkg/perl-test-deep/usr/share/man/man3/Test::Deep::RegexpRefOnly.3pm
Installing /home/packager/aports/main/perl-test-deep/pkg/perl-test-deep/usr/share/man/man3/Test::Deep::All.3pm
Installing /home/packager/aports/main/perl-test-deep/pkg/perl-test-deep/usr/share/man/man3/Test::Deep::ArrayEach.3pm
Installing /home/packager/aports/main/perl-test-deep/pkg/perl-test-deep/usr/share/man/man3/Test::Deep::Set.3pm
Installing /home/packager/aports/main/perl-test-deep/pkg/perl-test-deep/usr/share/man/man3/Test::Deep::Class.3pm
Installing /home/packager/aports/main/perl-test-deep/pkg/perl-test-deep/usr/share/man/man3/Test::Deep::Stack.3pm
Installing /home/packager/aports/main/perl-test-deep/pkg/perl-test-deep/usr/share/man/man3/Test::Deep::Array.3pm
Installing /home/packager/aports/main/perl-test-deep/pkg/perl-test-deep/usr/share/man/man3/Test::Deep.3pm
Installing /home/packager/aports/main/perl-test-deep/pkg/perl-test-deep/usr/share/man/man3/Test::Deep::Cache::Simple.3pm
Installing /home/packager/aports/main/perl-test-deep/pkg/perl-test-deep/usr/share/man/man3/Test::Deep::HashKeysOnly.3pm
Installing /home/packager/aports/main/perl-test-deep/pkg/perl-test-deep/usr/share/man/man3/Test::Deep::ArrayLength.3pm
Installing /home/packager/aports/main/perl-test-deep/pkg/perl-test-deep/usr/share/man/man3/Test::Deep::ArrayLengthOnly.3pm
Installing /home/packager/aports/main/perl-test-deep/pkg/perl-test-deep/usr/share/man/man3/Test::Deep::None.3pm
Installing /home/packager/aports/main/perl-test-deep/pkg/perl-test-deep/usr/share/man/man3/Test::Deep::ScalarRefOnly.3pm
Installing /home/packager/aports/main/perl-test-deep/pkg/perl-test-deep/usr/share/man/man3/Test::Deep::ListMethods.3pm
Installing /home/packager/aports/main/perl-test-deep/pkg/perl-test-deep/usr/share/man/man3/Test::Deep::RegexpMatches.3pm
Installing /home/packager/aports/main/perl-test-deep/pkg/perl-test-deep/usr/share/man/man3/Test::Deep::Code.3pm
Installing /home/packager/aports/main/perl-test-deep/pkg/perl-test-deep/usr/share/man/man3/Test::Deep::MM.3pm
Installing /home/packager/aports/main/perl-test-deep/pkg/perl-test-deep/usr/share/man/man3/Test::Deep::NoTest.3pm
Installing /home/packager/aports/main/perl-test-deep/pkg/perl-test-deep/usr/share/man/man3/Test::Deep::RefType.3pm
Installing /home/packager/aports/main/perl-test-deep/pkg/perl-test-deep/usr/share/man/man3/Test::Deep::Blessed.3pm
Installing /home/packager/aports/main/perl-test-deep/pkg/perl-test-deep/usr/share/man/man3/Test::Deep::String.3pm
Installing /home/packager/aports/main/perl-test-deep/pkg/perl-test-deep/usr/share/man/man3/Test::Deep::HashKeys.3pm
Installing /home/packager/aports/main/perl-test-deep/pkg/perl-test-deep/usr/share/man/man3/Test::Deep::Hash.3pm
Installing /home/packager/aports/main/perl-test-deep/pkg/perl-test-deep/usr/share/man/man3/Test::Deep::RegexpVersion.3pm
Installing /home/packager/aports/main/perl-test-deep/pkg/perl-test-deep/usr/share/man/man3/Test::Deep::ScalarRef.3pm
Installing /home/packager/aports/main/perl-test-deep/pkg/perl-test-deep/usr/share/man/man3/Test::Deep::Boolean.3pm
Installing /home/packager/aports/main/perl-test-deep/pkg/perl-test-deep/usr/share/man/man3/Test::Deep::RegexpOnly.3pm
Installing /home/packager/aports/main/perl-test-deep/pkg/perl-test-deep/usr/share/man/man3/Test::Deep::HashElements.3pm
Installing /home/packager/aports/main/perl-test-deep/pkg/perl-test-deep/usr/share/man/man3/Test::Deep::Ref.3pm
Installing /home/packager/aports/main/perl-test-deep/pkg/perl-test-deep/usr/share/man/man3/Test::Deep::Number.3pm
Installing /home/packager/aports/main/perl-test-deep/pkg/perl-test-deep/usr/share/man/man3/Test::Deep::Ignore.3pm
Installing /home/packager/aports/main/perl-test-deep/pkg/perl-test-deep/usr/share/man/man3/Test::Deep::Shallow.3pm
Installing /home/packager/aports/main/perl-test-deep/pkg/perl-test-deep/usr/share/man/man3/Test::Deep::Isa.3pm
Installing /home/packager/aports/main/perl-test-deep/pkg/perl-test-deep/usr/share/man/man3/Test::Deep::Cmp.3pm
Installing /home/packager/aports/main/perl-test-deep/pkg/perl-test-deep/usr/share/man/man3/Test::Deep::Any.3pm
>>> perl-test-deep-doc*: Running split function doc...
'usr/share/man' -> '/home/packager/aports/main/perl-test-deep/pkg/perl-test-deep-doc/usr/share/man'
>>> perl-test-deep-doc*: Preparing subpackage perl-test-deep-doc...
>>> perl-test-deep-doc*: Running postcheck for perl-test-deep-doc
>>> perl-test-deep*: Running postcheck for perl-test-deep
>>> perl-test-deep*: Preparing package perl-test-deep...
>>> perl-test-deep-doc*: Tracing dependencies...
>>> perl-test-deep-doc*: Package size: 66.2 KB
>>> perl-test-deep-doc*: Compressing data...
>>> perl-test-deep-doc*: Create checksum...
pigz: not found
>>> perl-test-deep-doc*: Create perl-test-deep-doc-1.205-r0.apk
>>> perl-test-deep*: Tracing dependencies...
	perl
>>> perl-test-deep*: Package size: 160.0 KB
>>> perl-test-deep*: Compressing data...
>>> perl-test-deep*: Create checksum...
pigz: not found
>>> perl-test-deep*: Create perl-test-deep-1.205-r0.apk
>>> perl-test-deep: Build complete at Sun, 18 May 2025 07:03:21 +0000 elapsed time 0h 0m 7s
>>> perl-test-deep: Cleaning up srcdir
>>> perl-test-deep: Cleaning up pkgdir
>>> perl-test-deep: Uninstalling dependencies...
(1/6) Purging .makedepends-perl-test-deep (20250518.070315)
(2/6) Purging git-perl (2.47.2-r0)
(3/6) Purging perl-git (2.47.2-r0)
(4/6) Purging perl-error (0.17029-r2)
(5/6) Purging perl (5.40.2-r0)
(6/6) Purging libbz2 (1.0.8-r6)
Executing busybox-1.37.0-r12.trigger
OK: 260 MiB in 81 packages
>>> perl-test-deep: Updating the main/x86_64 repository index...
>>> perl-test-deep: Signing the index...
pigz: not found
