pigz: not found
>>> perl-test-harness: Building main/perl-test-harness 3.50-r0 (using abuild 3.14.1-r4) started Sun, 18 May 2025 10:38:17 +0000
>>> perl-test-harness: Validating /home/packager/aports/main/perl-test-harness/APKBUILD...
>>> perl-test-harness: Analyzing dependencies...
>>> perl-test-harness: Installing for build: build-base perl
(1/6) Installing libbz2 (1.0.8-r6)
(2/6) Installing perl (5.40.2-r0)
(3/6) Installing .makedepends-perl-test-harness (20250518.103818)
(4/6) Installing perl-error (0.17030-r0)
(5/6) Installing perl-git (2.47.2-r0)
(6/6) Installing git-perl (2.47.2-r0)
Executing busybox-1.37.0-r12.trigger
OK: 297 MiB in 87 packages
>>> perl-test-harness: Cleaning up srcdir
>>> perl-test-harness: Cleaning up pkgdir
>>> perl-test-harness: Cleaning up tmpdir
>>> perl-test-harness: Fetching https://cpan.metacpan.org/authors/id/L/LE/LEONT/Test-Harness-3.50.tar.gz
Connecting to cpan.metacpan.org (146.75.122.217:443)
saving to '/var/cache/distfiles/Test-Harness-3.50.tar.gz.part'
Test-Harness-3.50.ta 100% |********************************|  210k  0:00:00 ETA
'/var/cache/distfiles/Test-Harness-3.50.tar.gz.part' saved
>>> perl-test-harness: Fetching https://cpan.metacpan.org/authors/id/L/LE/LEONT/Test-Harness-3.50.tar.gz
>>> perl-test-harness: Checking sha512sums...
Test-Harness-3.50.tar.gz: OK
>>> perl-test-harness: Unpacking /var/cache/distfiles/Test-Harness-3.50.tar.gz...
Checking if your kit is complete...
Looks good
Generating a Unix-style Makefile
Writing Makefile for Test::Harness
Writing MYMETA.yml and MYMETA.json
cp lib/TAP/Parser/Result/Bailout.pm blib/lib/TAP/Parser/Result/Bailout.pm
cp lib/TAP/Parser/Source.pm blib/lib/TAP/Parser/Source.pm
cp lib/TAP/Parser/Grammar.pm blib/lib/TAP/Parser/Grammar.pm
cp lib/TAP/Parser/ResultFactory.pm blib/lib/TAP/Parser/ResultFactory.pm
cp lib/TAP/Parser/Iterator/Stream.pm blib/lib/TAP/Parser/Iterator/Stream.pm
cp lib/TAP/Parser/Result/Test.pm blib/lib/TAP/Parser/Result/Test.pm
cp lib/TAP/Parser/Result/Comment.pm blib/lib/TAP/Parser/Result/Comment.pm
cp lib/TAP/Parser/Result/Unknown.pm blib/lib/TAP/Parser/Result/Unknown.pm
cp lib/TAP/Formatter/Console/ParallelSession.pm blib/lib/TAP/Formatter/Console/ParallelSession.pm
cp lib/TAP/Parser/Scheduler/Job.pm blib/lib/TAP/Parser/Scheduler/Job.pm
cp lib/TAP/Parser/Scheduler/Spinner.pm blib/lib/TAP/Parser/Scheduler/Spinner.pm
cp lib/TAP/Formatter/Console/Session.pm blib/lib/TAP/Formatter/Console/Session.pm
cp lib/TAP/Parser/Scheduler.pm blib/lib/TAP/Parser/Scheduler.pm
cp lib/TAP/Formatter/File/Session.pm blib/lib/TAP/Formatter/File/Session.pm
cp lib/TAP/Parser/SourceHandler/File.pm blib/lib/TAP/Parser/SourceHandler/File.pm
cp lib/TAP/Parser/Aggregator.pm blib/lib/TAP/Parser/Aggregator.pm
cp lib/TAP/Base.pm blib/lib/TAP/Base.pm
cp lib/TAP/Harness.pm blib/lib/TAP/Harness.pm
cp lib/TAP/Parser.pm blib/lib/TAP/Parser.pm
cp lib/Test/Harness.pm blib/lib/Test/Harness.pm
cp lib/TAP/Formatter/Base.pm blib/lib/TAP/Formatter/Base.pm
cp lib/TAP/Parser/YAMLish/Writer.pm blib/lib/TAP/Parser/YAMLish/Writer.pm
cp lib/TAP/Parser/Result/Version.pm blib/lib/TAP/Parser/Result/Version.pm
cp lib/TAP/Parser/Iterator/Array.pm blib/lib/TAP/Parser/Iterator/Array.pm
cp lib/TAP/Harness/Env.pm blib/lib/TAP/Harness/Env.pm
cp lib/TAP/Parser/SourceHandler/Executable.pm blib/lib/TAP/Parser/SourceHandler/Executable.pm
cp lib/TAP/Object.pm blib/lib/TAP/Object.pm
cp lib/TAP/Parser/IteratorFactory.pm blib/lib/TAP/Parser/IteratorFactory.pm
cp lib/TAP/Parser/YAMLish/Reader.pm blib/lib/TAP/Parser/YAMLish/Reader.pm
cp lib/TAP/Parser/Result.pm blib/lib/TAP/Parser/Result.pm
cp lib/TAP/Formatter/File.pm blib/lib/TAP/Formatter/File.pm
cp lib/TAP/Parser/SourceHandler.pm blib/lib/TAP/Parser/SourceHandler.pm
cp lib/App/Prove.pm blib/lib/App/Prove.pm
cp HACKING.pod blib/lib/Test/HACKING.pod
cp lib/TAP/Parser/Iterator.pm blib/lib/TAP/Parser/Iterator.pm
cp lib/TAP/Formatter/Console.pm blib/lib/TAP/Formatter/Console.pm
cp lib/TAP/Parser/Multiplexer.pm blib/lib/TAP/Parser/Multiplexer.pm
cp lib/TAP/Parser/SourceHandler/Handle.pm blib/lib/TAP/Parser/SourceHandler/Handle.pm
cp lib/App/Prove/State.pm blib/lib/App/Prove/State.pm
cp lib/TAP/Parser/SourceHandler/RawTAP.pm blib/lib/TAP/Parser/SourceHandler/RawTAP.pm
cp lib/TAP/Harness/Beyond.pod blib/lib/TAP/Harness/Beyond.pod
cp lib/TAP/Parser/Result/YAML.pm blib/lib/TAP/Parser/Result/YAML.pm
cp lib/TAP/Parser/Result/Pragma.pm blib/lib/TAP/Parser/Result/Pragma.pm
cp lib/TAP/Formatter/Color.pm blib/lib/TAP/Formatter/Color.pm
cp lib/App/Prove/State/Result.pm blib/lib/App/Prove/State/Result.pm
cp lib/TAP/Parser/SourceHandler/Perl.pm blib/lib/TAP/Parser/SourceHandler/Perl.pm
cp lib/TAP/Parser/Result/Plan.pm blib/lib/TAP/Parser/Result/Plan.pm
cp lib/App/Prove/State/Result/Test.pm blib/lib/App/Prove/State/Result/Test.pm
cp lib/TAP/Parser/Iterator/Process.pm blib/lib/TAP/Parser/Iterator/Process.pm
cp lib/TAP/Formatter/Session.pm blib/lib/TAP/Formatter/Session.pm
cp bin/prove blib/script/prove
"/usr/bin/perl" -MExtUtils::MY -e 'MY->fixin(shift)' -- blib/script/prove
Manifying 1 pod document
Manifying 50 pod documents
PERL_DL_NONLAZY=1 "/usr/bin/perl" "-Iblib/lib" "-Iblib/arch" "-MExtUtils::Command::MM" "-MTest::Harness" "-e" "undef *Test::Harness::Switches; test_harness(0, 'blib/lib', 'blib/arch')" t/*.t t/compat/*.t
# Testing Test::Harness 3.50, Perl 5.040002, /usr/bin/perl
t/000-load.t .................... ok
t/aggregator.t .................. ok
t/bailout.t ..................... ok
t/base.t ........................ ok
t/callbacks.t ................... ok
t/compat/env.t .................. ok
t/compat/env_opts.t ............. ok
t/compat/failure.t .............. ok
t/compat/inc-propagation.t ...... ok
t/compat/inc_taint.t ............ ok
t/compat/nonumbers.t ............ ok
t/compat/regression.t ........... ok
t/compat/subclass.t ............. ok
t/compat/switches.t ............. ok
t/compat/test-harness-compat.t .. ok
t/compat/version.t .............. ok
t/console.t ..................... ok
t/env_opts.t .................... ok
t/errors.t ...................... ok
t/file.t ........................ ok
t/glob-to-regexp.t .............. ok
t/grammar.t ..................... ok
t/harness-bailout.t ............. ok
t/harness-subclass.t ............ ok
t/harness.t ..................... ok
t/iterator_factory.t ............ ok
t/iterators.t ................... ok
t/multiplexer.t ................. ok
t/nested.t ...................... ok
t/nofork-mux.t .................. ok
t/nofork.t ...................... ok
t/object.t ...................... ok
t/parse.t ....................... ok
t/parser-config.t ............... ok
t/parser-subclass.t ............. ok
t/perl5lib.t .................... ok
t/premature-bailout.t ........... ok
t/process.t ..................... ok
t/prove.t ....................... ok
t/proverc.t ..................... ok
t/proverun.t .................... ok
t/proveversion.t ................ ok
t/regression.t .................. ok
t/results.t ..................... ok
t/rulesfile.t ................... ok
t/scheduler.t ................... ok
t/source.t ...................... ok
t/source_handler.t .............. ok
t/spool.t ....................... ok
t/state.t ....................... ok
t/state_results.t ............... ok
t/streams.t ..................... ok
t/taint.t ....................... ok
t/testargs.t .................... ok
t/unicode.t ..................... ok
t/yamlish-output.t .............. ok
t/yamlish-writer.t .............. ok
t/yamlish.t ..................... ok
All tests successful.
Files=58, Tests=12005, 13 wallclock secs ( 0.87 usr  0.13 sys +  8.71 cusr  1.87 csys = 11.58 CPU)
Result: PASS
>>> perl-test-harness: Entering fakeroot...
Manifying 1 pod document
Manifying 50 pod documents
Installing /home/packager/aports/main/perl-test-harness/pkg/perl-test-harness/usr/share/perl5/vendor_perl/App/Prove.pm
Installing /home/packager/aports/main/perl-test-harness/pkg/perl-test-harness/usr/share/perl5/vendor_perl/App/Prove/State.pm
Installing /home/packager/aports/main/perl-test-harness/pkg/perl-test-harness/usr/share/perl5/vendor_perl/App/Prove/State/Result.pm
Installing /home/packager/aports/main/perl-test-harness/pkg/perl-test-harness/usr/share/perl5/vendor_perl/App/Prove/State/Result/Test.pm
Installing /home/packager/aports/main/perl-test-harness/pkg/perl-test-harness/usr/share/perl5/vendor_perl/Test/HACKING.pod
Installing /home/packager/aports/main/perl-test-harness/pkg/perl-test-harness/usr/share/perl5/vendor_perl/Test/Harness.pm
Installing /home/packager/aports/main/perl-test-harness/pkg/perl-test-harness/usr/share/perl5/vendor_perl/TAP/Parser.pm
Installing /home/packager/aports/main/perl-test-harness/pkg/perl-test-harness/usr/share/perl5/vendor_perl/TAP/Harness.pm
Installing /home/packager/aports/main/perl-test-harness/pkg/perl-test-harness/usr/share/perl5/vendor_perl/TAP/Object.pm
Installing /home/packager/aports/main/perl-test-harness/pkg/perl-test-harness/usr/share/perl5/vendor_perl/TAP/Base.pm
Installing /home/packager/aports/main/perl-test-harness/pkg/perl-test-harness/usr/share/perl5/vendor_perl/TAP/Parser/IteratorFactory.pm
Installing /home/packager/aports/main/perl-test-harness/pkg/perl-test-harness/usr/share/perl5/vendor_perl/TAP/Parser/SourceHandler.pm
Installing /home/packager/aports/main/perl-test-harness/pkg/perl-test-harness/usr/share/perl5/vendor_perl/TAP/Parser/Grammar.pm
Installing /home/packager/aports/main/perl-test-harness/pkg/perl-test-harness/usr/share/perl5/vendor_perl/TAP/Parser/Iterator.pm
Installing /home/packager/aports/main/perl-test-harness/pkg/perl-test-harness/usr/share/perl5/vendor_perl/TAP/Parser/Scheduler.pm
Installing /home/packager/aports/main/perl-test-harness/pkg/perl-test-harness/usr/share/perl5/vendor_perl/TAP/Parser/Multiplexer.pm
Installing /home/packager/aports/main/perl-test-harness/pkg/perl-test-harness/usr/share/perl5/vendor_perl/TAP/Parser/Result.pm
Installing /home/packager/aports/main/perl-test-harness/pkg/perl-test-harness/usr/share/perl5/vendor_perl/TAP/Parser/Source.pm
Installing /home/packager/aports/main/perl-test-harness/pkg/perl-test-harness/usr/share/perl5/vendor_perl/TAP/Parser/Aggregator.pm
Installing /home/packager/aports/main/perl-test-harness/pkg/perl-test-harness/usr/share/perl5/vendor_perl/TAP/Parser/ResultFactory.pm
Installing /home/packager/aports/main/perl-test-harness/pkg/perl-test-harness/usr/share/perl5/vendor_perl/TAP/Parser/Iterator/Array.pm
Installing /home/packager/aports/main/perl-test-harness/pkg/perl-test-harness/usr/share/perl5/vendor_perl/TAP/Parser/Iterator/Stream.pm
Installing /home/packager/aports/main/perl-test-harness/pkg/perl-test-harness/usr/share/perl5/vendor_perl/TAP/Parser/Iterator/Process.pm
Installing /home/packager/aports/main/perl-test-harness/pkg/perl-test-harness/usr/share/perl5/vendor_perl/TAP/Parser/SourceHandler/File.pm
Installing /home/packager/aports/main/perl-test-harness/pkg/perl-test-harness/usr/share/perl5/vendor_perl/TAP/Parser/SourceHandler/Handle.pm
Installing /home/packager/aports/main/perl-test-harness/pkg/perl-test-harness/usr/share/perl5/vendor_perl/TAP/Parser/SourceHandler/Perl.pm
Installing /home/packager/aports/main/perl-test-harness/pkg/perl-test-harness/usr/share/perl5/vendor_perl/TAP/Parser/SourceHandler/RawTAP.pm
Installing /home/packager/aports/main/perl-test-harness/pkg/perl-test-harness/usr/share/perl5/vendor_perl/TAP/Parser/SourceHandler/Executable.pm
Installing /home/packager/aports/main/perl-test-harness/pkg/perl-test-harness/usr/share/perl5/vendor_perl/TAP/Parser/Scheduler/Job.pm
Installing /home/packager/aports/main/perl-test-harness/pkg/perl-test-harness/usr/share/perl5/vendor_perl/TAP/Parser/Scheduler/Spinner.pm
Installing /home/packager/aports/main/perl-test-harness/pkg/perl-test-harness/usr/share/perl5/vendor_perl/TAP/Parser/YAMLish/Writer.pm
Installing /home/packager/aports/main/perl-test-harness/pkg/perl-test-harness/usr/share/perl5/vendor_perl/TAP/Parser/YAMLish/Reader.pm
Installing /home/packager/aports/main/perl-test-harness/pkg/perl-test-harness/usr/share/perl5/vendor_perl/TAP/Parser/Result/Bailout.pm
Installing /home/packager/aports/main/perl-test-harness/pkg/perl-test-harness/usr/share/perl5/vendor_perl/TAP/Parser/Result/Comment.pm
Installing /home/packager/aports/main/perl-test-harness/pkg/perl-test-harness/usr/share/perl5/vendor_perl/TAP/Parser/Result/Version.pm
Installing /home/packager/aports/main/perl-test-harness/pkg/perl-test-harness/usr/share/perl5/vendor_perl/TAP/Parser/Result/Unknown.pm
Installing /home/packager/aports/main/perl-test-harness/pkg/perl-test-harness/usr/share/perl5/vendor_perl/TAP/Parser/Result/Pragma.pm
Installing /home/packager/aports/main/perl-test-harness/pkg/perl-test-harness/usr/share/perl5/vendor_perl/TAP/Parser/Result/YAML.pm
Installing /home/packager/aports/main/perl-test-harness/pkg/perl-test-harness/usr/share/perl5/vendor_perl/TAP/Parser/Result/Plan.pm
Installing /home/packager/aports/main/perl-test-harness/pkg/perl-test-harness/usr/share/perl5/vendor_perl/TAP/Parser/Result/Test.pm
Installing /home/packager/aports/main/perl-test-harness/pkg/perl-test-harness/usr/share/perl5/vendor_perl/TAP/Harness/Env.pm
Installing /home/packager/aports/main/perl-test-harness/pkg/perl-test-harness/usr/share/perl5/vendor_perl/TAP/Harness/Beyond.pod
Installing /home/packager/aports/main/perl-test-harness/pkg/perl-test-harness/usr/share/perl5/vendor_perl/TAP/Formatter/File.pm
Installing /home/packager/aports/main/perl-test-harness/pkg/perl-test-harness/usr/share/perl5/vendor_perl/TAP/Formatter/Console.pm
Installing /home/packager/aports/main/perl-test-harness/pkg/perl-test-harness/usr/share/perl5/vendor_perl/TAP/Formatter/Color.pm
Installing /home/packager/aports/main/perl-test-harness/pkg/perl-test-harness/usr/share/perl5/vendor_perl/TAP/Formatter/Base.pm
Installing /home/packager/aports/main/perl-test-harness/pkg/perl-test-harness/usr/share/perl5/vendor_perl/TAP/Formatter/Session.pm
Installing /home/packager/aports/main/perl-test-harness/pkg/perl-test-harness/usr/share/perl5/vendor_perl/TAP/Formatter/Console/Session.pm
Installing /home/packager/aports/main/perl-test-harness/pkg/perl-test-harness/usr/share/perl5/vendor_perl/TAP/Formatter/Console/ParallelSession.pm
Installing /home/packager/aports/main/perl-test-harness/pkg/perl-test-harness/usr/share/perl5/vendor_perl/TAP/Formatter/File/Session.pm
Installing /home/packager/aports/main/perl-test-harness/pkg/perl-test-harness/usr/share/man/man1/prove.1
Installing /home/packager/aports/main/perl-test-harness/pkg/perl-test-harness/usr/share/man/man3/TAP::Formatter::Console::ParallelSession.3pm
Installing /home/packager/aports/main/perl-test-harness/pkg/perl-test-harness/usr/share/man/man3/Test::HACKING.3pm
Installing /home/packager/aports/main/perl-test-harness/pkg/perl-test-harness/usr/share/man/man3/TAP::Parser::Scheduler::Spinner.3pm
Installing /home/packager/aports/main/perl-test-harness/pkg/perl-test-harness/usr/share/man/man3/TAP::Parser::Iterator::Array.3pm
Installing /home/packager/aports/main/perl-test-harness/pkg/perl-test-harness/usr/share/man/man3/Test::Harness.3pm
Installing /home/packager/aports/main/perl-test-harness/pkg/perl-test-harness/usr/share/man/man3/TAP::Parser::SourceHandler::Handle.3pm
Installing /home/packager/aports/main/perl-test-harness/pkg/perl-test-harness/usr/share/man/man3/TAP::Formatter::Base.3pm
Installing /home/packager/aports/main/perl-test-harness/pkg/perl-test-harness/usr/share/man/man3/TAP::Parser::Result::Version.3pm
Installing /home/packager/aports/main/perl-test-harness/pkg/perl-test-harness/usr/share/man/man3/TAP::Parser::Result::Unknown.3pm
Installing /home/packager/aports/main/perl-test-harness/pkg/perl-test-harness/usr/share/man/man3/App::Prove.3pm
Installing /home/packager/aports/main/perl-test-harness/pkg/perl-test-harness/usr/share/man/man3/TAP::Harness::Env.3pm
Installing /home/packager/aports/main/perl-test-harness/pkg/perl-test-harness/usr/share/man/man3/TAP::Formatter::File::Session.3pm
Installing /home/packager/aports/main/perl-test-harness/pkg/perl-test-harness/usr/share/man/man3/TAP::Formatter::Console::Session.3pm
Installing /home/packager/aports/main/perl-test-harness/pkg/perl-test-harness/usr/share/man/man3/TAP::Parser.3pm
Installing /home/packager/aports/main/perl-test-harness/pkg/perl-test-harness/usr/share/man/man3/TAP::Parser::Grammar.3pm
Installing /home/packager/aports/main/perl-test-harness/pkg/perl-test-harness/usr/share/man/man3/TAP::Formatter::Session.3pm
Installing /home/packager/aports/main/perl-test-harness/pkg/perl-test-harness/usr/share/man/man3/TAP::Parser::Iterator::Process.3pm
Installing /home/packager/aports/main/perl-test-harness/pkg/perl-test-harness/usr/share/man/man3/TAP::Parser::Result::Bailout.3pm
Installing /home/packager/aports/main/perl-test-harness/pkg/perl-test-harness/usr/share/man/man3/TAP::Formatter::File.3pm
Installing /home/packager/aports/main/perl-test-harness/pkg/perl-test-harness/usr/share/man/man3/TAP::Base.3pm
Installing /home/packager/aports/main/perl-test-harness/pkg/perl-test-harness/usr/share/man/man3/TAP::Formatter::Console.3pm
Installing /home/packager/aports/main/perl-test-harness/pkg/perl-test-harness/usr/share/man/man3/TAP::Parser::IteratorFactory.3pm
Installing /home/packager/aports/main/perl-test-harness/pkg/perl-test-harness/usr/share/man/man3/TAP::Parser::Aggregator.3pm
Installing /home/packager/aports/main/perl-test-harness/pkg/perl-test-harness/usr/share/man/man3/TAP::Parser::SourceHandler::Executable.3pm
Installing /home/packager/aports/main/perl-test-harness/pkg/perl-test-harness/usr/share/man/man3/TAP::Parser::Result::Comment.3pm
Installing /home/packager/aports/main/perl-test-harness/pkg/perl-test-harness/usr/share/man/man3/App::Prove::State::Result.3pm
Installing /home/packager/aports/main/perl-test-harness/pkg/perl-test-harness/usr/share/man/man3/TAP::Parser::Source.3pm
Installing /home/packager/aports/main/perl-test-harness/pkg/perl-test-harness/usr/share/man/man3/App::Prove::State.3pm
Installing /home/packager/aports/main/perl-test-harness/pkg/perl-test-harness/usr/share/man/man3/TAP::Harness::Beyond.3pm
Installing /home/packager/aports/main/perl-test-harness/pkg/perl-test-harness/usr/share/man/man3/TAP::Harness.3pm
Installing /home/packager/aports/main/perl-test-harness/pkg/perl-test-harness/usr/share/man/man3/TAP::Parser::SourceHandler::File.3pm
Installing /home/packager/aports/main/perl-test-harness/pkg/perl-test-harness/usr/share/man/man3/TAP::Parser::Result.3pm
Installing /home/packager/aports/main/perl-test-harness/pkg/perl-test-harness/usr/share/man/man3/TAP::Parser::Result::Test.3pm
Installing /home/packager/aports/main/perl-test-harness/pkg/perl-test-harness/usr/share/man/man3/TAP::Parser::YAMLish::Reader.3pm
Installing /home/packager/aports/main/perl-test-harness/pkg/perl-test-harness/usr/share/man/man3/TAP::Parser::Result::YAML.3pm
Installing /home/packager/aports/main/perl-test-harness/pkg/perl-test-harness/usr/share/man/man3/TAP::Parser::Multiplexer.3pm
Installing /home/packager/aports/main/perl-test-harness/pkg/perl-test-harness/usr/share/man/man3/TAP::Parser::Result::Plan.3pm
Installing /home/packager/aports/main/perl-test-harness/pkg/perl-test-harness/usr/share/man/man3/TAP::Parser::Scheduler::Job.3pm
Installing /home/packager/aports/main/perl-test-harness/pkg/perl-test-harness/usr/share/man/man3/TAP::Parser::ResultFactory.3pm
Installing /home/packager/aports/main/perl-test-harness/pkg/perl-test-harness/usr/share/man/man3/TAP::Parser::Iterator::Stream.3pm
Installing /home/packager/aports/main/perl-test-harness/pkg/perl-test-harness/usr/share/man/man3/TAP::Parser::SourceHandler.3pm
Installing /home/packager/aports/main/perl-test-harness/pkg/perl-test-harness/usr/share/man/man3/App::Prove::State::Result::Test.3pm
Installing /home/packager/aports/main/perl-test-harness/pkg/perl-test-harness/usr/share/man/man3/TAP::Parser::Iterator.3pm
Installing /home/packager/aports/main/perl-test-harness/pkg/perl-test-harness/usr/share/man/man3/TAP::Parser::Scheduler.3pm
Installing /home/packager/aports/main/perl-test-harness/pkg/perl-test-harness/usr/share/man/man3/TAP::Parser::YAMLish::Writer.3pm
Installing /home/packager/aports/main/perl-test-harness/pkg/perl-test-harness/usr/share/man/man3/TAP::Object.3pm
Installing /home/packager/aports/main/perl-test-harness/pkg/perl-test-harness/usr/share/man/man3/TAP::Parser::SourceHandler::RawTAP.3pm
Installing /home/packager/aports/main/perl-test-harness/pkg/perl-test-harness/usr/share/man/man3/TAP::Parser::Result::Pragma.3pm
Installing /home/packager/aports/main/perl-test-harness/pkg/perl-test-harness/usr/share/man/man3/TAP::Formatter::Color.3pm
Installing /home/packager/aports/main/perl-test-harness/pkg/perl-test-harness/usr/share/man/man3/TAP::Parser::SourceHandler::Perl.3pm
Installing /home/packager/aports/main/perl-test-harness/pkg/perl-test-harness/usr/bin/prove
>>> perl-test-harness-doc*: Running split function doc...
'usr/share/man' -> '/home/packager/aports/main/perl-test-harness/pkg/perl-test-harness-doc/usr/share/man'
'usr/share/perl5/vendor_perl/Test/HACKING.pod' -> '/home/packager/aports/main/perl-test-harness/pkg/perl-test-harness-doc/usr/share/perl5/vendor_perl/Test/HACKING.pod'
'usr/share/perl5/vendor_perl/TAP/Harness/Beyond.pod' -> '/home/packager/aports/main/perl-test-harness/pkg/perl-test-harness-doc/usr/share/perl5/vendor_perl/TAP/Harness/Beyond.pod'
>>> perl-test-harness-doc*: Preparing subpackage perl-test-harness-doc...
>>> perl-test-harness-doc*: Running postcheck for perl-test-harness-doc
>>> perl-test-harness-utils*: Running split function utils...
'usr/bin' -> '/home/packager/aports/main/perl-test-harness/pkg/perl-test-harness-utils/usr/bin'
>>> perl-test-harness-utils*: Preparing subpackage perl-test-harness-utils...
>>> perl-test-harness-utils*: Running postcheck for perl-test-harness-utils
>>> perl-test-harness*: Running postcheck for perl-test-harness
>>> perl-test-harness*: Preparing package perl-test-harness...
>>> perl-test-harness-doc*: Tracing dependencies...
>>> perl-test-harness-doc*: Package size: 137.2 KB
>>> perl-test-harness-doc*: Compressing data...
>>> perl-test-harness-doc*: Create checksum...
pigz: not found
>>> perl-test-harness-doc*: Create perl-test-harness-doc-3.50-r0.apk
>>> perl-test-harness-utils*: Tracing dependencies...
	perl-test-harness
	perl
>>> perl-test-harness-utils*: Package size: 13.3 KB
>>> perl-test-harness-utils*: Compressing data...
>>> perl-test-harness-utils*: Create checksum...
pigz: not found
>>> perl-test-harness-utils*: Create perl-test-harness-utils-3.50-r0.apk
>>> perl-test-harness*: Tracing dependencies...
	perl
>>> perl-test-harness*: Package size: 317.6 KB
>>> perl-test-harness*: Compressing data...
>>> perl-test-harness*: Create checksum...
pigz: not found
>>> perl-test-harness*: Create perl-test-harness-3.50-r0.apk
>>> perl-test-harness: Build complete at Sun, 18 May 2025 10:38:35 +0000 elapsed time 0h 0m 18s
>>> perl-test-harness: Cleaning up srcdir
>>> perl-test-harness: Cleaning up pkgdir
>>> perl-test-harness: Uninstalling dependencies...
(1/6) Purging .makedepends-perl-test-harness (20250518.103818)
(2/6) Purging git-perl (2.47.2-r0)
(3/6) Purging perl-git (2.47.2-r0)
(4/6) Purging perl-error (0.17030-r0)
(5/6) Purging perl (5.40.2-r0)
(6/6) Purging libbz2 (1.0.8-r6)
Executing busybox-1.37.0-r12.trigger
OK: 261 MiB in 81 packages
>>> perl-test-harness: Updating the main/x86_64 repository index...
>>> perl-test-harness: Signing the index...
pigz: not found
