pigz: not found
>>> perl-sub-quote: Building main/perl-sub-quote 2.006008-r1 (using abuild 3.14.1-r4) started Sun, 18 May 2025 07:35:23 +0000
>>> perl-sub-quote: Validating /home/packager/aports/main/perl-sub-quote/APKBUILD...
>>> perl-sub-quote: Analyzing dependencies...
>>> perl-sub-quote: Installing for build: build-base perl perl-dev perl-test-fatal
(1/10) Installing libbz2 (1.0.8-r6)
(2/10) Installing perl (5.40.2-r0)
(3/10) Installing perl-utils (5.40.2-r0)
(4/10) Installing perl-dev (5.40.2-r0)
(5/10) Installing perl-try-tiny (0.32-r0)
(6/10) Installing perl-test-fatal (0.017-r1)
(7/10) Installing .makedepends-perl-sub-quote (20250518.073526)
(8/10) Installing perl-error (0.17029-r2)
(9/10) Installing perl-git (2.47.2-r0)
(10/10) Installing git-perl (2.47.2-r0)
Executing busybox-1.37.0-r12.trigger
OK: 306 MiB in 91 packages
>>> perl-sub-quote: Cleaning up srcdir
>>> perl-sub-quote: Cleaning up pkgdir
>>> perl-sub-quote: Cleaning up tmpdir
>>> perl-sub-quote: Fetching https://cpan.metacpan.org/authors/id/H/HA/HAARG/Sub-Quote-2.006008.tar.gz
Connecting to cpan.metacpan.org (146.75.122.217:443)
saving to '/var/cache/distfiles/Sub-Quote-2.006008.tar.gz.part'
Sub-Quote-2.006008.t 100% |********************************| 35925  0:00:00 ETA
'/var/cache/distfiles/Sub-Quote-2.006008.tar.gz.part' saved
>>> perl-sub-quote: Fetching https://cpan.metacpan.org/authors/id/H/HA/HAARG/Sub-Quote-2.006008.tar.gz
>>> perl-sub-quote: Checking sha512sums...
Sub-Quote-2.006008.tar.gz: OK
>>> perl-sub-quote: Unpacking /var/cache/distfiles/Sub-Quote-2.006008.tar.gz...
Checking if your kit is complete...
Looks good
Generating a Unix-style Makefile
Writing Makefile for Sub::Quote
Writing MYMETA.yml and MYMETA.json
cp lib/Sub/Defer.pm blib/lib/Sub/Defer.pm
cp lib/Sub/Quote.pm blib/lib/Sub/Quote.pm
Manifying 2 pod documents
PERL_DL_NONLAZY=1 "/usr/bin/perl" "-MExtUtils::Command::MM" "-MTest::Harness" "-e" "undef *Test::Harness::Switches; test_harness(0, 'blib/lib', 'blib/arch')" t/*.t
t/croak-locations.t ........... ok
t/hints.t ..................... ok
t/inline.t .................... ok
t/leaks.t ..................... ok
t/quotify-no-hex.t ............ ok
t/quotify.t ................... ok
t/sub-defer-no-subname.t ...... ok
t/sub-defer-threads.t ......... ok
t/sub-defer.t ................. ok
t/sub-quote-threads.t ......... ok
t/sub-quote.t ................. ok
t/subname-none.t .............. ok
t/subname-sub-name-preload.t .. ok
t/subname-sub-name.t .......... ok
t/subname-sub-util.t .......... ok
All tests successful.
Files=15, Tests=7036,  3 wallclock secs ( 0.50 usr  0.07 sys +  2.17 cusr  0.24 csys =  2.98 CPU)
Result: PASS
>>> perl-sub-quote: Entering fakeroot...
Manifying 2 pod documents
Appending installation info to /home/packager/aports/main/perl-sub-quote/pkg/perl-sub-quote/usr/lib/perl5/core_perl/perllocal.pod
Installing /home/packager/aports/main/perl-sub-quote/pkg/perl-sub-quote/usr/share/perl5/vendor_perl/Sub/Defer.pm
Installing /home/packager/aports/main/perl-sub-quote/pkg/perl-sub-quote/usr/share/perl5/vendor_perl/Sub/Quote.pm
Installing /home/packager/aports/main/perl-sub-quote/pkg/perl-sub-quote/usr/share/man/man3/Sub::Quote.3pm
Installing /home/packager/aports/main/perl-sub-quote/pkg/perl-sub-quote/usr/share/man/man3/Sub::Defer.3pm
>>> perl-sub-quote-doc*: Running split function doc...
'usr/share/man' -> '/home/packager/aports/main/perl-sub-quote/pkg/perl-sub-quote-doc/usr/share/man'
>>> perl-sub-quote-doc*: Preparing subpackage perl-sub-quote-doc...
>>> perl-sub-quote-doc*: Running postcheck for perl-sub-quote-doc
>>> perl-sub-quote*: Running postcheck for perl-sub-quote
>>> perl-sub-quote*: Preparing package perl-sub-quote...
>>> perl-sub-quote-doc*: Tracing dependencies...
>>> perl-sub-quote-doc*: Package size: 6.6 KB
>>> perl-sub-quote-doc*: Compressing data...
>>> perl-sub-quote-doc*: Create checksum...
pigz: not found
>>> perl-sub-quote-doc*: Create perl-sub-quote-doc-2.006008-r1.apk
>>> perl-sub-quote*: Tracing dependencies...
	perl
>>> perl-sub-quote*: Package size: 29.2 KB
>>> perl-sub-quote*: Compressing data...
>>> perl-sub-quote*: Create checksum...
pigz: not found
>>> perl-sub-quote*: Create perl-sub-quote-2.006008-r1.apk
>>> perl-sub-quote: Build complete at Sun, 18 May 2025 07:35:31 +0000 elapsed time 0h 0m 8s
>>> perl-sub-quote: Cleaning up srcdir
>>> perl-sub-quote: Cleaning up pkgdir
>>> perl-sub-quote: Uninstalling dependencies...
(1/10) Purging .makedepends-perl-sub-quote (20250518.073526)
(2/10) Purging perl-dev (5.40.2-r0)
(3/10) Purging perl-utils (5.40.2-r0)
(4/10) Purging perl-test-fatal (0.017-r1)
(5/10) Purging perl-try-tiny (0.32-r0)
(6/10) Purging git-perl (2.47.2-r0)
(7/10) Purging perl-git (2.47.2-r0)
(8/10) Purging perl-error (0.17029-r2)
(9/10) Purging perl (5.40.2-r0)
(10/10) Purging libbz2 (1.0.8-r6)
Executing busybox-1.37.0-r12.trigger
OK: 260 MiB in 81 packages
>>> perl-sub-quote: Updating the main/x86_64 repository index...
>>> perl-sub-quote: Signing the index...
pigz: not found
