>>> perl-html-mason: Validating /home/packager/oily-pine/main/perl-html-mason/APKBUILD...
>>> perl-html-mason: Cleaning up srcdir
>>> perl-html-mason: Cleaning up pkgdir
>>> perl-html-mason: Cleaning up tmpdir
>>> perl-html-mason: Fetching https://cpan.metacpan.org/authors/id/D/DR/DROLSKY/HTML-Mason-1.60.tar.gz
  % Total    % Received % Xferd  Average Speed   Time    Time     Time  Current
                                 Dload  Upload   Total   Spent    Left  Speed
  0     0    0     0    0     0      0      0 --:--:-- --:--:-- --:--:--     0100  316k  100  316k    0     0   972k      0 --:--:-- --:--:-- --:--:--  973k
>>> perl-html-mason: Fetching https://cpan.metacpan.org/authors/id/D/DR/DROLSKY/HTML-Mason-1.60.tar.gz
>>> perl-html-mason: Checking sha512sums...
HTML-Mason-1.60.tar.gz: OK
>>> perl-html-mason: Preparing build chroot...
fetch http://dl-cdn.alpinelinux.org/alpine/edge/main/x86_64/APKINDEX.tar.gz
(1/98) Installing musl (1.2.5-r10)
(2/98) Installing libcrypto3 (3.5.0-r0)
(3/98) Installing ca-certificates-bundle (20241121-r2)
(4/98) Installing libssl3 (3.5.0-r0)
(5/98) Installing zlib (1.3.1-r2)
(6/98) Installing libapk2 (2.14.9-r2)
(7/98) Installing apk-tools (2.14.9-r2)
(8/98) Installing libcap2 (2.76-r0)
(9/98) Installing libcap-getcap (2.76-r0)
(10/98) Installing fakeroot (1.37.1.1-r0)
(11/98) Installing scanelf (1.3.8-r1)
(12/98) Installing musl-utils (1.2.5-r10)
(13/98) Installing libgcc (14.3.0-r1)
(14/98) Installing libstdc++ (14.3.0-r1)
(15/98) Installing lzip (1.25-r0)
(16/98) Installing openssl (3.5.0-r0)
(17/98) Installing patch (2.8-r0)
(18/98) Installing pkgconf (2.4.3-r0)
(19/98) Installing acl-libs (2.3.2-r1)
(20/98) Installing tar (1.35-r3)
(21/98) Installing busybox (1.37.0-r18)
Executing busybox-1.37.0-r18.post-install
(22/98) Installing ssl_client (1.37.0-r18)
(23/98) Installing busybox-binsh (1.37.0-r18)
(24/98) Installing abuild (3.15.0-r0)
Executing abuild-3.15.0-r0.pre-install
(25/98) Installing abuild-sudo (3.15.0-r0)
(26/98) Installing alpine-baselayout-data (3.7.0-r0)
(27/98) Installing alpine-baselayout (3.7.0-r0)
Executing alpine-baselayout-3.7.0-r0.pre-install
Executing alpine-baselayout-3.7.0-r0.post-install
(28/98) Installing bridge (1.5-r5)
(29/98) Installing ifupdown-ng (0.12.1-r7)
(30/98) Installing openrc-user (0.62.2-r2)
(31/98) Installing openrc (0.62.2-r2)
Executing openrc-0.62.2-r2.post-install
(32/98) Installing mdev-conf (4.8-r0)
(33/98) Installing busybox-mdev-openrc (1.37.0-r18)
(34/98) Installing alpine-conf (3.20.0-r0)
(35/98) Installing alpine-keys (2.5-r0)
(36/98) Installing alpine-release (3.22.0-r0)
(37/98) Installing busybox-openrc (1.37.0-r18)
(38/98) Installing busybox-suid (1.37.0-r18)
(39/98) Installing alpine-base (3.22.0-r0)
(40/98) Installing jansson (2.14.1-r0)
(41/98) Installing zstd-libs (1.5.7-r0)
(42/98) Installing binutils (2.44-r0)
(43/98) Installing libmagic (5.46-r2)
(44/98) Installing file (5.46-r2)
(45/98) Installing libgomp (14.3.0-r1)
(46/98) Installing libatomic (14.3.0-r1)
(47/98) Installing gmp (6.3.0-r3)
(48/98) Installing isl26 (0.26-r1)
(49/98) Installing mpfr4 (4.2.1_p1-r0)
(50/98) Installing mpc1 (1.3.1-r1)
(51/98) Installing gcc (14.3.0-r1)
(52/98) Installing libstdc++-dev (14.3.0-r1)
(53/98) Installing musl-dev (1.2.5-r10)
(54/98) Installing g++ (14.3.0-r1)
(55/98) Installing make (4.4.1-r3)
(56/98) Installing fortify-headers (1.1-r5)
(57/98) Installing build-base (0.5-r3)
(58/98) Installing brotli-libs (1.1.0-r2)
(59/98) Installing c-ares (1.34.5-r0)
(60/98) Installing libunistring (1.3-r0)
(61/98) Installing libidn2 (2.3.7-r0)
(62/98) Installing nghttp2-libs (1.65.0-r0)
(63/98) Installing libpsl (0.21.5-r3)
(64/98) Installing libcurl (8.14.0-r2)
(65/98) Installing libexpat (2.7.1-r0)
(66/98) Installing pcre2 (10.43-r1)
(67/98) Installing git (2.49.0-r0)
(68/98) Installing git-init-template (2.49.0-r0)
(69/98) Installing libbz2 (1.0.8-r6)
(70/98) Installing perl (5.40.2-r0)
(71/98) Installing perl-error (0.17030-r0)
(72/98) Installing perl-git (2.49.0-r0)
(73/98) Installing git-perl (2.49.0-r0)
(74/98) Installing perl-digest-sha1 (2.13-r19)
(75/98) Installing perl-ipc-sharelite (0.17-r13)
(76/98) Installing perl-cache-cache (1.08-r5)
(77/98) Installing perl-html-tagset (3.24-r0)
(78/98) Installing perl-clone (0.47-r0)
(79/98) Installing perl-http-date (6.06-r0)
(80/98) Installing perl-uri (5.28-r0)
(81/98) Installing perl-io-html (1.004-r1)
(82/98) Installing perl-encode-locale (1.05-r5)
(83/98) Installing perl-lwp-mediatypes (6.04-r3)
(84/98) Installing perl-http-message (7.00-r0)
(85/98) Installing perl-html-parser (3.83-r0)
(86/98) Installing perl-cgi (4.68-r0)
(87/98) Installing perl-module-runtime (0.016-r6)
(88/98) Installing perl-try-tiny (0.32-r0)
(89/98) Installing perl-module-implementation (0.09-r5)
(90/98) Installing perl-params-validate (1.31-r3)
(91/98) Installing perl-class-container (0.13-r4)
(92/98) Installing perl-utils (5.40.2-r0)
(93/98) Installing perl-dev (5.40.2-r0)
(94/98) Installing perl-devel-stacktrace (2.05-r0)
(95/98) Installing perl-class-data-inheritable (0.10-r0)
(96/98) Installing perl-exception-class (1.45-r1)
(97/98) Installing perl-log-any (1.717-r0)
(98/98) Installing perl-test-deep (1.205-r0)
Executing busybox-1.37.0-r18.trigger
OK: 308 MiB in 98 packages
>>> perl-html-mason: Fetching https://cpan.metacpan.org/authors/id/D/DR/DROLSKY/HTML-Mason-1.60.tar.gz
>>> perl-html-mason: Checking sha512sums...
HTML-Mason-1.60.tar.gz: OK
>>> perl-html-mason: Unpacking /var/cache/distfiles/HTML-Mason-1.60.tar.gz...
Checking if your kit is complete...
Looks good
Generating a Unix-style Makefile
Writing Makefile for HTML::Mason
Writing MYMETA.yml and MYMETA.json
cp lib/HTML/Mason/Tests.pm blib/lib/HTML/Mason/Tests.pm
cp lib/HTML/Mason/Component/Subcomponent.pm blib/lib/HTML/Mason/Component/Subcomponent.pm
cp lib/HTML/Mason/Lexer.pm blib/lib/HTML/Mason/Lexer.pm
cp lib/HTML/Mason/Params.pod blib/lib/HTML/Mason/Params.pod
cp lib/HTML/Mason/Tools.pm blib/lib/HTML/Mason/Tools.pm
cp lib/HTML/Mason/MethodMaker.pm blib/lib/HTML/Mason/MethodMaker.pm
cp lib/HTML/Mason/Resolver.pm blib/lib/HTML/Mason/Resolver.pm
cp lib/HTML/Mason/Component.pm blib/lib/HTML/Mason/Component.pm
cp lib/HTML/Mason.pm blib/lib/HTML/Mason.pm
cp lib/HTML/Mason/Compiler.pm blib/lib/HTML/Mason/Compiler.pm
cp lib/HTML/Mason/FakeApache.pm blib/lib/HTML/Mason/FakeApache.pm
cp lib/HTML/Mason/Plugin/Context.pm blib/lib/HTML/Mason/Plugin/Context.pm
cp lib/HTML/Mason/Devel.pod blib/lib/HTML/Mason/Devel.pod
cp lib/HTML/Mason/Parser.pm blib/lib/HTML/Mason/Parser.pm
cp lib/HTML/Mason/ComponentSource.pm blib/lib/HTML/Mason/ComponentSource.pm
cp lib/HTML/Mason/Handler.pm blib/lib/HTML/Mason/Handler.pm
cp lib/HTML/Mason/Resolver/Null.pm blib/lib/HTML/Mason/Resolver/Null.pm
cp lib/HTML/Mason/Apache/Request.pm blib/lib/HTML/Mason/Apache/Request.pm
cp lib/HTML/Mason/Compiler/ToObject.pm blib/lib/HTML/Mason/Compiler/ToObject.pm
cp lib/HTML/Mason/Escapes.pm blib/lib/HTML/Mason/Escapes.pm
cp lib/HTML/Mason/ApacheHandler.pm blib/lib/HTML/Mason/ApacheHandler.pm
cp lib/HTML/Mason/Admin.pod blib/lib/HTML/Mason/Admin.pod
cp lib/HTML/Mason/Cache/BaseCache.pm blib/lib/HTML/Mason/Cache/BaseCache.pm
cp lib/HTML/Mason/Utils.pm blib/lib/HTML/Mason/Utils.pm
cp lib/HTML/Mason/Plugin.pm blib/lib/HTML/Mason/Plugin.pm
cp lib/HTML/Mason/Interp.pm blib/lib/HTML/Mason/Interp.pm
cp lib/HTML/Mason/Subclassing.pod blib/lib/HTML/Mason/Subclassing.pod
cp lib/HTML/Mason/Exceptions.pm blib/lib/HTML/Mason/Exceptions.pm
cp lib/HTML/Mason/FAQ.pod blib/lib/HTML/Mason/FAQ.pod
cp lib/HTML/Mason/CGIHandler.pm blib/lib/HTML/Mason/CGIHandler.pm
cp lib/HTML/Mason/Component/FileBased.pm blib/lib/HTML/Mason/Component/FileBased.pm
cp lib/HTML/Mason/Resolver/File.pm blib/lib/HTML/Mason/Resolver/File.pm
cp lib/HTML/Mason/Request.pm blib/lib/HTML/Mason/Request.pm
cp bin/convert0.6.README blib/script/convert0.6.README
"/usr/bin/perl" -MExtUtils::MY -e 'MY->fixin(shift)' -- blib/script/convert0.6.README
cp bin/convert0.6.pl blib/script/convert0.6.pl
"/usr/bin/perl" -MExtUtils::MY -e 'MY->fixin(shift)' -- blib/script/convert0.6.pl
cp bin/convert0.8.README blib/script/convert0.8.README
"/usr/bin/perl" -MExtUtils::MY -e 'MY->fixin(shift)' -- blib/script/convert0.8.README
cp bin/convert0.8.pl blib/script/convert0.8.pl
"/usr/bin/perl" -MExtUtils::MY -e 'MY->fixin(shift)' -- blib/script/convert0.8.pl
cp bin/mason.pl blib/script/mason.pl
"/usr/bin/perl" -MExtUtils::MY -e 'MY->fixin(shift)' -- blib/script/mason.pl
Manifying 31 pod documents
PERL_DL_NONLAZY=1 "/usr/bin/perl" "-MExtUtils::Command::MM" "-MTest::Harness" "-e" "undef *Test::Harness::Switches; test_harness(0, 'blib/lib', 'blib/arch')" t/*.t
# 
# Versions for all modules listed in MYMETA.json (including optional ones):
# 
# === Configure Requires ===
# 
#     Module              Want Have
#     ------------------- ---- ----
#     ExtUtils::MakeMaker  any 7.70
# 
# === Configure Suggests ===
# 
#     Module      Want Have
#     -------- ------- ----
#     JSON::PP 2.27300 4.16
# 
# === Build Requires ===
# 
#     Module              Want Have
#     ------------------- ---- ----
#     ExtUtils::MakeMaker  any 7.70
# 
# === Test Requires ===
# 
#     Module              Want     Have
#     ------------------- ---- --------
#     ExtUtils::MakeMaker  any     7.70
#     File::Spec           0.8     3.91
#     Test::More          0.96 1.302199
# 
# === Test Recommends ===
# 
#     Module         Want     Have
#     ---------- -------- --------
#     CPAN::Meta 2.120900 2.150010
# 
# === Runtime Requires ===
# 
#     Module           Want  Have
#     ---------------- ---- -----
#     CGI              2.46  4.68
#     Cache::Cache     1.00  1.08
#     Class::Container 0.07  0.13
#     Exception::Class 1.15  1.45
#     File::Spec        0.8  3.91
#     HTML::Entities    any  3.83
#     Log::Any         0.08 1.717
#     Params::Validate 0.70  1.31
#     Scalar::Util     1.01  1.63
# 
t/00-report-prereqs.t ......... ok
t/01-syntax.t ................. ok
t/01a-comp-calls.t ............ ok
t/02-sections.t ............... ok
t/02a-filter.t ................ ok
t/04-misc.t ................... ok
t/05-request.t ................ ok
t/05a-stack-corruption.t ...... ok
t/06-compiler.t ............... ok
t/06a-compiler_obj.t .......... ok
t/06b-compiler-named-subs.t ... ok
t/06c-compiler-spaces-path.t .. ok
t/07-interp.t ................. ok
t/07a-interp-mcr.t ............ ok
t/07b-interp-static-source.t .. ok
t/09-component.t .............. ok
t/09a-comp_content.t .......... ok
t/10-cache.t .................. ok
t/10a-cache-1.0x.t ............ ok
t/10b-cache-chi.t ............. skipped: CHI 0.21+ is not installed
t/11-inherit.t ................ ok
t/12-taint.t .................. ok
t/13-errors.t ................. ok
t/14-cgi.t .................... ok
t/14a-fake_apache.t ........... ok
t/15-subclass.t ............... ok
t/17-print.t .................. ok
t/18-leak.t ................... ok
t/19-subrequest.t ............. ok
t/20-plugins.t ................ ok
t/21-escapes.t ................ ok
t/22-path-security.t .......... ok
t/23-leak2.t .................. skipped: These tests require Test::Memory::Cycle to run.
t/24-tools.t .................. ok
t/25-flush-in-content.t ....... ok
t/25-log.t .................... ok
All tests successful.
Files=36, Tests=515, 22 wallclock secs ( 0.06 usr  0.01 sys +  2.83 cusr  0.53 csys =  3.43 CPU)
Result: PASS
>>> perl-html-mason: Entering fakeroot...
Manifying 31 pod documents
Appending installation info to /tmp/pkg/perl-html-mason/usr/lib/perl5/core_perl/perllocal.pod
Installing /tmp/pkg/perl-html-mason/usr/share/perl5/vendor_perl/HTML/Mason.pm
Installing /tmp/pkg/perl-html-mason/usr/share/perl5/vendor_perl/HTML/Mason/Exceptions.pm
Installing /tmp/pkg/perl-html-mason/usr/share/perl5/vendor_perl/HTML/Mason/Escapes.pm
Installing /tmp/pkg/perl-html-mason/usr/share/perl5/vendor_perl/HTML/Mason/Lexer.pm
Installing /tmp/pkg/perl-html-mason/usr/share/perl5/vendor_perl/HTML/Mason/Devel.pod
Installing /tmp/pkg/perl-html-mason/usr/share/perl5/vendor_perl/HTML/Mason/Plugin.pm
Installing /tmp/pkg/perl-html-mason/usr/share/perl5/vendor_perl/HTML/Mason/Handler.pm
Installing /tmp/pkg/perl-html-mason/usr/share/perl5/vendor_perl/HTML/Mason/Request.pm
Installing /tmp/pkg/perl-html-mason/usr/share/perl5/vendor_perl/HTML/Mason/Compiler.pm
Installing /tmp/pkg/perl-html-mason/usr/share/perl5/vendor_perl/HTML/Mason/MethodMaker.pm
Installing /tmp/pkg/perl-html-mason/usr/share/perl5/vendor_perl/HTML/Mason/Component.pm
Installing /tmp/pkg/perl-html-mason/usr/share/perl5/vendor_perl/HTML/Mason/Resolver.pm
Installing /tmp/pkg/perl-html-mason/usr/share/perl5/vendor_perl/HTML/Mason/ApacheHandler.pm
Installing /tmp/pkg/perl-html-mason/usr/share/perl5/vendor_perl/HTML/Mason/FakeApache.pm
Installing /tmp/pkg/perl-html-mason/usr/share/perl5/vendor_perl/HTML/Mason/FAQ.pod
Installing /tmp/pkg/perl-html-mason/usr/share/perl5/vendor_perl/HTML/Mason/Subclassing.pod
Installing /tmp/pkg/perl-html-mason/usr/share/perl5/vendor_perl/HTML/Mason/Admin.pod
Installing /tmp/pkg/perl-html-mason/usr/share/perl5/vendor_perl/HTML/Mason/Parser.pm
Installing /tmp/pkg/perl-html-mason/usr/share/perl5/vendor_perl/HTML/Mason/Utils.pm
Installing /tmp/pkg/perl-html-mason/usr/share/perl5/vendor_perl/HTML/Mason/Params.pod
Installing /tmp/pkg/perl-html-mason/usr/share/perl5/vendor_perl/HTML/Mason/Tools.pm
Installing /tmp/pkg/perl-html-mason/usr/share/perl5/vendor_perl/HTML/Mason/Tests.pm
Installing /tmp/pkg/perl-html-mason/usr/share/perl5/vendor_perl/HTML/Mason/Interp.pm
Installing /tmp/pkg/perl-html-mason/usr/share/perl5/vendor_perl/HTML/Mason/ComponentSource.pm
Installing /tmp/pkg/perl-html-mason/usr/share/perl5/vendor_perl/HTML/Mason/CGIHandler.pm
Installing /tmp/pkg/perl-html-mason/usr/share/perl5/vendor_perl/HTML/Mason/Resolver/Null.pm
Installing /tmp/pkg/perl-html-mason/usr/share/perl5/vendor_perl/HTML/Mason/Resolver/File.pm
Installing /tmp/pkg/perl-html-mason/usr/share/perl5/vendor_perl/HTML/Mason/Component/Subcomponent.pm
Installing /tmp/pkg/perl-html-mason/usr/share/perl5/vendor_perl/HTML/Mason/Component/FileBased.pm
Installing /tmp/pkg/perl-html-mason/usr/share/perl5/vendor_perl/HTML/Mason/Compiler/ToObject.pm
Installing /tmp/pkg/perl-html-mason/usr/share/perl5/vendor_perl/HTML/Mason/Cache/BaseCache.pm
Installing /tmp/pkg/perl-html-mason/usr/share/perl5/vendor_perl/HTML/Mason/Plugin/Context.pm
Installing /tmp/pkg/perl-html-mason/usr/share/perl5/vendor_perl/HTML/Mason/Apache/Request.pm
Installing /tmp/pkg/perl-html-mason/usr/share/man/man3/HTML::Mason::Resolver.3pm
Installing /tmp/pkg/perl-html-mason/usr/share/man/man3/HTML::Mason::Devel.3pm
Installing /tmp/pkg/perl-html-mason/usr/share/man/man3/HTML::Mason::Component.3pm
Installing /tmp/pkg/perl-html-mason/usr/share/man/man3/HTML::Mason::Component::FileBased.3pm
Installing /tmp/pkg/perl-html-mason/usr/share/man/man3/HTML::Mason::Utils.3pm
Installing /tmp/pkg/perl-html-mason/usr/share/man/man3/HTML::Mason::Component::Subcomponent.3pm
Installing /tmp/pkg/perl-html-mason/usr/share/man/man3/HTML::Mason::FakeApache.3pm
Installing /tmp/pkg/perl-html-mason/usr/share/man/man3/HTML::Mason::FAQ.3pm
Installing /tmp/pkg/perl-html-mason/usr/share/man/man3/HTML::Mason.3pm
Installing /tmp/pkg/perl-html-mason/usr/share/man/man3/HTML::Mason::Subclassing.3pm
Installing /tmp/pkg/perl-html-mason/usr/share/man/man3/HTML::Mason::Tools.3pm
Installing /tmp/pkg/perl-html-mason/usr/share/man/man3/HTML::Mason::Lexer.3pm
Installing /tmp/pkg/perl-html-mason/usr/share/man/man3/HTML::Mason::Plugin.3pm
Installing /tmp/pkg/perl-html-mason/usr/share/man/man3/HTML::Mason::Plugin::Context.3pm
Installing /tmp/pkg/perl-html-mason/usr/share/man/man3/HTML::Mason::Tests.3pm
Installing /tmp/pkg/perl-html-mason/usr/share/man/man3/HTML::Mason::Resolver::File.3pm
Installing /tmp/pkg/perl-html-mason/usr/share/man/man3/HTML::Mason::MethodMaker.3pm
Installing /tmp/pkg/perl-html-mason/usr/share/man/man3/HTML::Mason::Interp.3pm
Installing /tmp/pkg/perl-html-mason/usr/share/man/man3/HTML::Mason::Resolver::Null.3pm
Installing /tmp/pkg/perl-html-mason/usr/share/man/man3/HTML::Mason::ApacheHandler.3pm
Installing /tmp/pkg/perl-html-mason/usr/share/man/man3/HTML::Mason::Exceptions.3pm
Installing /tmp/pkg/perl-html-mason/usr/share/man/man3/HTML::Mason::ComponentSource.3pm
Installing /tmp/pkg/perl-html-mason/usr/share/man/man3/HTML::Mason::CGIHandler.3pm
Installing /tmp/pkg/perl-html-mason/usr/share/man/man3/HTML::Mason::Parser.3pm
Installing /tmp/pkg/perl-html-mason/usr/share/man/man3/HTML::Mason::Compiler::ToObject.3pm
Installing /tmp/pkg/perl-html-mason/usr/share/man/man3/HTML::Mason::Request.3pm
Installing /tmp/pkg/perl-html-mason/usr/share/man/man3/HTML::Mason::Params.3pm
Installing /tmp/pkg/perl-html-mason/usr/share/man/man3/HTML::Mason::Compiler.3pm
Installing /tmp/pkg/perl-html-mason/usr/share/man/man3/HTML::Mason::Admin.3pm
Installing /tmp/pkg/perl-html-mason/usr/share/man/man3/HTML::Mason::Cache::BaseCache.3pm
Installing /tmp/pkg/perl-html-mason/usr/share/man/man3/HTML::Mason::Escapes.3pm
Installing /tmp/pkg/perl-html-mason/usr/bin/mason.pl
Installing /tmp/pkg/perl-html-mason/usr/bin/convert0.6.README
Installing /tmp/pkg/perl-html-mason/usr/bin/convert0.6.pl
Installing /tmp/pkg/perl-html-mason/usr/bin/convert0.8.pl
Installing /tmp/pkg/perl-html-mason/usr/bin/convert0.8.README
>>> perl-html-mason-doc*: Running split function doc...
'usr/share/man' -> '/tmp/pkg/perl-html-mason-doc/usr/share/man'
>>> perl-html-mason-doc*: Preparing subpackage perl-html-mason-doc...
>>> perl-html-mason-doc*: Running postcheck for perl-html-mason-doc
>>> perl-html-mason*: Running postcheck for perl-html-mason
>>> perl-html-mason*: Preparing package perl-html-mason...
>>> perl-html-mason-doc*: Tracing dependencies...
>>> perl-html-mason-doc*: Package size: 147.1 KB
>>> perl-html-mason-doc*: Compressing data...
>>> perl-html-mason-doc*: Create checksum...
>>> perl-html-mason-doc*: Create perl-html-mason-doc-1.60-r1.apk
>>> perl-html-mason*: Tracing dependencies...
	perl
	perl-cache-cache
	perl-log-any
	perl-html-parser
	perl-class-container
	perl-params-validate
	perl-exception-class
	perl-cgi
>>> perl-html-mason*: Package size: 604.8 KB
>>> perl-html-mason*: Compressing data...
>>> perl-html-mason*: Create checksum...
>>> perl-html-mason*: Create perl-html-mason-1.60-r1.apk
>>> perl-html-mason: Updating the main/x86_64 repository index...
>>> perl-html-mason: Signing the index...
>>> perl-html-mason: Cleaning up srcdir
>>> perl-html-mason: Cleaning up build chroot
>>> perl-html-mason: Cleaning up pkgdir
