>>> perl-html-parser: Validating /home/packager/oily-pine/main/perl-html-parser/APKBUILD...
>>> perl-html-parser: Cleaning up srcdir
>>> perl-html-parser: Cleaning up pkgdir
>>> perl-html-parser: Cleaning up tmpdir
>>> perl-html-parser: Fetching https://cpan.metacpan.org/authors/id/O/OA/OALDERS/HTML-Parser-3.83.tar.gz
  % Total    % Received % Xferd  Average Speed   Time    Time     Time  Current
                                 Dload  Upload   Total   Spent    Left  Speed
  0     0    0     0    0     0      0      0 --:--:-- --:--:-- --:--:--     0100  147k  100  147k    0     0   723k      0 --:--:-- --:--:-- --:--:--  727k
>>> perl-html-parser: Fetching https://cpan.metacpan.org/authors/id/O/OA/OALDERS/HTML-Parser-3.83.tar.gz
>>> perl-html-parser: Checking sha512sums...
HTML-Parser-3.83.tar.gz: OK
>>> perl-html-parser: Preparing build chroot...
fetch http://dl-cdn.alpinelinux.org/alpine/edge/main/x86_64/APKINDEX.tar.gz
(1/83) Installing musl (1.2.5-r10)
(2/83) Installing libcrypto3 (3.5.0-r0)
(3/83) Installing ca-certificates-bundle (20241121-r2)
(4/83) Installing libssl3 (3.5.0-r0)
(5/83) Installing zlib (1.3.1-r2)
(6/83) Installing libapk2 (2.14.9-r2)
(7/83) Installing apk-tools (2.14.9-r2)
(8/83) Installing libcap2 (2.76-r0)
(9/83) Installing libcap-getcap (2.76-r0)
(10/83) Installing fakeroot (1.37.1.1-r0)
(11/83) Installing scanelf (1.3.8-r1)
(12/83) Installing musl-utils (1.2.5-r10)
(13/83) Installing libgcc (14.3.0-r0)
(14/83) Installing libstdc++ (14.3.0-r0)
(15/83) Installing lzip (1.25-r0)
(16/83) Installing openssl (3.5.0-r0)
(17/83) Installing patch (2.8-r0)
(18/83) Installing pkgconf (2.4.3-r0)
(19/83) Installing acl-libs (2.3.2-r1)
(20/83) Installing tar (1.35-r3)
(21/83) Installing busybox (1.37.0-r18)
Executing busybox-1.37.0-r18.post-install
(22/83) Installing ssl_client (1.37.0-r18)
(23/83) Installing busybox-binsh (1.37.0-r18)
(24/83) Installing abuild (3.15.0-r0)
Executing abuild-3.15.0-r0.pre-install
(25/83) Installing abuild-sudo (3.15.0-r0)
(26/83) Installing alpine-baselayout-data (3.7.0-r0)
(27/83) Installing alpine-baselayout (3.7.0-r0)
Executing alpine-baselayout-3.7.0-r0.pre-install
Executing alpine-baselayout-3.7.0-r0.post-install
(28/83) Installing bridge (1.5-r5)
(29/83) Installing ifupdown-ng (0.12.1-r7)
(30/83) Installing openrc-user (0.62.2-r2)
(31/83) Installing openrc (0.62.2-r2)
Executing openrc-0.62.2-r2.post-install
(32/83) Installing mdev-conf (4.8-r0)
(33/83) Installing busybox-mdev-openrc (1.37.0-r18)
(34/83) Installing alpine-conf (3.20.0-r0)
(35/83) Installing alpine-keys (2.5-r0)
(36/83) Installing alpine-release (3.22.0-r0)
(37/83) Installing busybox-openrc (1.37.0-r18)
(38/83) Installing busybox-suid (1.37.0-r18)
(39/83) Installing alpine-base (3.22.0-r0)
(40/83) Installing jansson (2.14.1-r0)
(41/83) Installing zstd-libs (1.5.7-r0)
(42/83) Installing binutils (2.44-r0)
(43/83) Installing libmagic (5.46-r2)
(44/83) Installing file (5.46-r2)
(45/83) Installing libgomp (14.3.0-r0)
(46/83) Installing libatomic (14.3.0-r0)
(47/83) Installing gmp (6.3.0-r3)
(48/83) Installing isl26 (0.26-r1)
(49/83) Installing mpfr4 (4.2.1_p1-r0)
(50/83) Installing mpc1 (1.3.1-r1)
(51/83) Installing gcc (14.3.0-r0)
(52/83) Installing libstdc++-dev (14.3.0-r0)
(53/83) Installing musl-dev (1.2.5-r10)
(54/83) Installing g++ (14.3.0-r0)
(55/83) Installing make (4.4.1-r3)
(56/83) Installing fortify-headers (1.1-r5)
(57/83) Installing build-base (0.5-r3)
(58/83) Installing brotli-libs (1.1.0-r2)
(59/83) Installing c-ares (1.34.5-r0)
(60/83) Installing libunistring (1.3-r0)
(61/83) Installing libidn2 (2.3.7-r0)
(62/83) Installing nghttp2-libs (1.65.0-r0)
(63/83) Installing libpsl (0.21.5-r3)
(64/83) Installing libcurl (8.14.0-r2)
(65/83) Installing libexpat (2.7.1-r0)
(66/83) Installing pcre2 (10.43-r1)
(67/83) Installing git (2.49.0-r0)
(68/83) Installing git-init-template (2.49.0-r0)
(69/83) Installing libbz2 (1.0.8-r6)
(70/83) Installing perl (5.40.2-r0)
(71/83) Installing perl-error (0.17030-r0)
(72/83) Installing perl-git (2.49.0-r0)
(73/83) Installing git-perl (2.49.0-r0)
(74/83) Installing perl-utils (5.40.2-r0)
(75/83) Installing perl-dev (5.40.2-r0)
(76/83) Installing perl-html-tagset (3.24-r0)
(77/83) Installing perl-clone (0.47-r0)
(78/83) Installing perl-http-date (6.06-r0)
(79/83) Installing perl-uri (5.28-r0)
(80/83) Installing perl-io-html (1.004-r1)
(81/83) Installing perl-encode-locale (1.05-r5)
(82/83) Installing perl-lwp-mediatypes (6.04-r3)
(83/83) Installing perl-http-message (7.00-r0)
Executing busybox-1.37.0-r18.trigger
OK: 306 MiB in 83 packages
>>> perl-html-parser: Fetching https://cpan.metacpan.org/authors/id/O/OA/OALDERS/HTML-Parser-3.83.tar.gz
>>> perl-html-parser: Checking sha512sums...
HTML-Parser-3.83.tar.gz: OK
>>> perl-html-parser: Unpacking /var/cache/distfiles/HTML-Parser-3.83.tar.gz...
Checking if your kit is complete...
Looks good
Generating a Unix-style Makefile
Writing Makefile for HTML::Parser
Writing MYMETA.yml and MYMETA.json
Running Mkbootstrap for Parser ()
"/usr/bin/perl" "/usr/share/perl5/core_perl/ExtUtils/xsubpp"  -typemap '/usr/share/perl5/core_perl/ExtUtils/typemap' -typemap '/tmp/src/HTML-Parser-3.83/typemap'  Parser.xs > Parser.xsc
chmod 644 "Parser.bs"
"/usr/bin/perl" -MExtUtils::Command::MM -e 'cp_nonempty' -- Parser.bs blib/arch/auto/HTML/Parser/Parser.bs 644
cp lib/HTML/TokeParser.pm blib/lib/HTML/TokeParser.pm
cp lib/HTML/LinkExtor.pm blib/lib/HTML/LinkExtor.pm
cp lib/HTML/Filter.pm blib/lib/HTML/Filter.pm
cp lib/HTML/Entities.pm blib/lib/HTML/Entities.pm
cp lib/HTML/PullParser.pm blib/lib/HTML/PullParser.pm
cp lib/HTML/Parser.pm blib/lib/HTML/Parser.pm
cp lib/HTML/HeadParser.pm blib/lib/HTML/HeadParser.pm
mv Parser.xsc Parser.c
cc -c   -D_REENTRANT -D_GNU_SOURCE -D_GNU_SOURCE -fwrapv -fno-strict-aliasing -pipe -fstack-protector-strong -D_LARGEFILE_SOURCE -D_FILE_OFFSET_BITS=64 -Os -fstack-clash-protection -Wformat -Werror=format-security -fno-plt -O2   -DVERSION=\"3.83\" -DXS_VERSION=\"3.83\" -fPIC "-I/usr/lib/perl5/core_perl/CORE"  -DMARKED_SECTION Parser.c
In file included from Parser.xs:30:
util.c: In function 'decode_entities':
util.c:162:21: warning: 'Perl_uvuni_to_utf8' is deprecated [-Wdeprecated-declarations]
  162 |                     tmp = (char*)uvuni_to_utf8((U8*)buf, num);
      |                     ^~~
In file included from /usr/lib/perl5/core_perl/CORE/perl.h:6186,
                 from Parser.xs:11:
/usr/lib/perl5/core_perl/CORE/proto.h:6043:1: note: declared here
 6043 | Perl_uvuni_to_utf8(pTHX_ U8 *d, UV uv)
      | ^~~~~~~~~~~~~~~~~~
rm -f blib/arch/auto/HTML/Parser/Parser.so
cc  -shared -Os -fstack-clash-protection -Wformat -Werror=format-security -fno-plt -O2 -L/usr/local/lib -fstack-protector-strong  Parser.o  -o blib/arch/auto/HTML/Parser/Parser.so  \
      \
  
chmod 755 blib/arch/auto/HTML/Parser/Parser.so
Manifying 7 pod documents
"/usr/bin/perl" -MExtUtils::Command::MM -e 'cp_nonempty' -- Parser.bs blib/arch/auto/HTML/Parser/Parser.bs 644
PERL_DL_NONLAZY=1 "/usr/bin/perl" "-MExtUtils::Command::MM" "-MTest::Harness" "-e" "undef *Test::Harness::Switches; test_harness(0, 'blib/lib', 'blib/arch')" t/*.t
# 
# Versions for all modules listed in MYMETA.json (including optional ones):
# 
# === Configure Requires ===
# 
#     Module               Want     Have
#     ------------------- ----- --------
#     ExtUtils::MakeMaker  6.52     7.70
#     perl                5.008 5.040002
# 
# === Configure Suggests ===
# 
#     Module      Want Have
#     -------- ------- ----
#     JSON::PP 2.27300 4.16
# 
# === Build Requires ===
# 
#     Module              Want Have
#     ------------------- ---- ----
#     ExtUtils::MakeMaker  any 7.70
# 
# === Test Requires ===
# 
#     Module               Want     Have
#     ------------------- ----- --------
#     Config                any 5.040002
#     ExtUtils::MakeMaker   any     7.70
#     File::Spec            any     3.91
#     IO::File              any     1.55
#     SelectSaver           any     1.02
#     Test::More            any 1.302199
#     URI                   any     5.28
#     perl                5.008 5.040002
#     strict                any     1.13
# 
# === Test Recommends ===
# 
#     Module         Want     Have
#     ---------- -------- --------
#     CPAN::Meta 2.120900 2.150010
# 
# === Runtime Requires ===
# 
#     Module         Want     Have
#     ------------- ----- --------
#     Carp            any     1.54
#     Exporter        any     5.78
#     HTML::Tagset    any     3.24
#     HTTP::Headers   any     7.00
#     IO::File        any     1.55
#     URI             any     5.28
#     URI::URL        any     5.28
#     XSLoader        any     0.32
#     perl          5.008 5.040002
#     strict          any     1.13
# 
t/00-report-prereqs.t .. ok
t/api_version.t ........ ok
t/argspec-bad.t ........ ok
t/argspec.t ............ ok
t/argspec2.t ........... ok
t/attr-encoded.t ....... ok
t/callback.t ........... ok
t/case-sensitive.t ..... ok
t/cases.t .............. ok
t/comment.t ............ ok
t/crashme.t ............ ok
t/declaration.t ........ ok
t/default.t ............ ok
t/document.t ........... ok
t/dtext.t .............. ok
t/entities.t ........... ok
t/entities2.t .......... ok
t/filter-methods.t ..... ok
t/filter.t ............. ok
t/free.t ............... ok
t/handler-eof.t ........ ok
t/handler.t ............ ok
t/headparser-http.t .... ok
t/headparser.t ......... ok
t/ignore.t ............. ok
t/largetags.t .......... ok
t/linkextor-base.t ..... ok
t/linkextor-rel.t ...... ok
t/magic.t .............. ok
t/marked-sect.t ........ ok
t/msie-compat.t ........ ok
t/offset.t ............. ok
t/options.t ............ ok
t/parsefile.t .......... ok
t/parser.t ............. ok
t/plaintext.t .......... ok
t/process.t ............ ok
t/pullparser.t ......... ok
t/script.t ............. ok
t/skipped-text.t ....... ok
t/stack-realloc-eof.t .. ok
t/stack-realloc.t ...... ok
t/textarea.t ........... ok
t/threads.t ............ ok
t/tokeparser.t ......... ok
t/uentities.t .......... ok
t/unbroken-text.t ...... ok
t/unicode-bom.t ........ ok
t/unicode.t ............ ok
t/xml-mode.t ........... ok
All tests successful.
Files=50, Tests=464,  2 wallclock secs ( 0.05 usr  0.03 sys +  1.66 cusr  0.35 csys =  2.09 CPU)
Result: PASS
>>> perl-html-parser: Entering fakeroot...
"/usr/bin/perl" -MExtUtils::Command::MM -e 'cp_nonempty' -- Parser.bs blib/arch/auto/HTML/Parser/Parser.bs 644
Manifying 7 pod documents
Files found in blib/arch: installing files in blib/lib into architecture dependent library tree
Installing /tmp/pkg/perl-html-parser/usr/lib/perl5/vendor_perl/auto/HTML/Parser/Parser.so
Installing /tmp/pkg/perl-html-parser/usr/lib/perl5/vendor_perl/HTML/Entities.pm
Installing /tmp/pkg/perl-html-parser/usr/lib/perl5/vendor_perl/HTML/TokeParser.pm
Installing /tmp/pkg/perl-html-parser/usr/lib/perl5/vendor_perl/HTML/LinkExtor.pm
Installing /tmp/pkg/perl-html-parser/usr/lib/perl5/vendor_perl/HTML/Filter.pm
Installing /tmp/pkg/perl-html-parser/usr/lib/perl5/vendor_perl/HTML/Parser.pm
Installing /tmp/pkg/perl-html-parser/usr/lib/perl5/vendor_perl/HTML/HeadParser.pm
Installing /tmp/pkg/perl-html-parser/usr/lib/perl5/vendor_perl/HTML/PullParser.pm
Installing /tmp/pkg/perl-html-parser/usr/share/man/man3/HTML::HeadParser.3pm
Installing /tmp/pkg/perl-html-parser/usr/share/man/man3/HTML::TokeParser.3pm
Installing /tmp/pkg/perl-html-parser/usr/share/man/man3/HTML::LinkExtor.3pm
Installing /tmp/pkg/perl-html-parser/usr/share/man/man3/HTML::Filter.3pm
Installing /tmp/pkg/perl-html-parser/usr/share/man/man3/HTML::Parser.3pm
Installing /tmp/pkg/perl-html-parser/usr/share/man/man3/HTML::Entities.3pm
Installing /tmp/pkg/perl-html-parser/usr/share/man/man3/HTML::PullParser.3pm
>>> perl-html-parser-doc*: Running split function doc...
'usr/share/man' -> '/tmp/pkg/perl-html-parser-doc/usr/share/man'
>>> perl-html-parser-doc*: Preparing subpackage perl-html-parser-doc...
>>> perl-html-parser-doc*: Running postcheck for perl-html-parser-doc
>>> perl-html-parser*: Running postcheck for perl-html-parser
>>> perl-html-parser*: Preparing package perl-html-parser...
>>> perl-html-parser*: Stripping binaries
>>> perl-html-parser-doc*: Scanning shared objects
>>> perl-html-parser*: Scanning shared objects
>>> perl-html-parser-doc*: Tracing dependencies...
>>> perl-html-parser-doc*: Package size: 29.5 KB
>>> perl-html-parser-doc*: Compressing data...
>>> perl-html-parser-doc*: Create checksum...
>>> perl-html-parser-doc*: Create perl-html-parser-doc-3.83-r0.apk
>>> perl-html-parser*: Tracing dependencies...
	perl
	perl-html-tagset
	perl-http-message
	perl-uri
	so:libc.musl-x86_64.so.1
>>> perl-html-parser*: Package size: 134.5 KB
>>> perl-html-parser*: Compressing data...
>>> perl-html-parser*: Create checksum...
>>> perl-html-parser*: Create perl-html-parser-3.83-r0.apk
>>> perl-html-parser: Updating the main/x86_64 repository index...
>>> perl-html-parser: Signing the index...
>>> perl-html-parser: Cleaning up srcdir
>>> perl-html-parser: Cleaning up build chroot
>>> perl-html-parser: Cleaning up pkgdir
