pigz: not found
>>> perl-test-mocktime: Building main/perl-test-mocktime 0.17-r4 (using abuild 3.14.1-r4) started Sun, 18 May 2025 09:42:47 +0000
>>> perl-test-mocktime: Validating /home/packager/aports/main/perl-test-mocktime/APKBUILD...
>>> perl-test-mocktime: Analyzing dependencies...
>>> perl-test-mocktime: Installing for build: build-base perl perl-dev
(1/8) Installing libbz2 (1.0.8-r6)
(2/8) Installing perl (5.40.2-r0)
(3/8) Installing perl-utils (5.40.2-r0)
(4/8) Installing perl-dev (5.40.2-r0)
(5/8) Installing .makedepends-perl-test-mocktime (20250518.094250)
(6/8) Installing perl-error (0.17030-r0)
(7/8) Installing perl-git (2.47.2-r0)
(8/8) Installing git-perl (2.47.2-r0)
Executing busybox-1.37.0-r12.trigger
OK: 307 MiB in 89 packages
>>> perl-test-mocktime: Cleaning up srcdir
>>> perl-test-mocktime: Cleaning up pkgdir
>>> perl-test-mocktime: Cleaning up tmpdir
>>> perl-test-mocktime: Fetching https://cpan.metacpan.org/authors/id/D/DD/DDICK/Test-MockTime-0.17.tar.gz
Connecting to cpan.metacpan.org (146.75.122.217:443)
saving to '/var/cache/distfiles/Test-MockTime-0.17.tar.gz.part'
Test-MockTime-0.17.t 100% |********************************|  5885  0:00:00 ETA
'/var/cache/distfiles/Test-MockTime-0.17.tar.gz.part' saved
>>> perl-test-mocktime: Fetching https://cpan.metacpan.org/authors/id/D/DD/DDICK/Test-MockTime-0.17.tar.gz
>>> perl-test-mocktime: Checking sha512sums...
Test-MockTime-0.17.tar.gz: OK
>>> perl-test-mocktime: Unpacking /var/cache/distfiles/Test-MockTime-0.17.tar.gz...
Checking if your kit is complete...
Looks good
Generating a Unix-style Makefile
Writing Makefile for Test::MockTime
Writing MYMETA.yml and MYMETA.json
cp lib/Test/MockTime.pm blib/lib/Test/MockTime.pm
Manifying 1 pod document
PERL_DL_NONLAZY=1 "/usr/bin/perl" "-MExtUtils::Command::MM" "-MTest::Harness" "-e" "undef *Test::Harness::Switches; test_harness(0, 'blib/lib', 'blib/arch')" t/*.t
t/export.t ....... ok
t/pod.t .......... skipped: Test::Pod 1.00 required for testing POD
t/prototypes.t ... ok
t/string-time.t .. ok
t/test.t ......... ok
All tests successful.
Files=5, Tests=33, 29 wallclock secs ( 0.04 usr  0.01 sys +  0.36 cusr  0.03 csys =  0.44 CPU)
Result: PASS
>>> perl-test-mocktime: Entering fakeroot...
Manifying 1 pod document
Appending installation info to /home/packager/aports/main/perl-test-mocktime/pkg/perl-test-mocktime/usr/lib/perl5/core_perl/perllocal.pod
Installing /home/packager/aports/main/perl-test-mocktime/pkg/perl-test-mocktime/usr/share/perl5/vendor_perl/Test/MockTime.pm
Installing /home/packager/aports/main/perl-test-mocktime/pkg/perl-test-mocktime/usr/share/man/man3/Test::MockTime.3pm
>>> perl-test-mocktime-doc*: Running split function doc...
'usr/share/man' -> '/home/packager/aports/main/perl-test-mocktime/pkg/perl-test-mocktime-doc/usr/share/man'
>>> perl-test-mocktime-doc*: Preparing subpackage perl-test-mocktime-doc...
>>> perl-test-mocktime-doc*: Running postcheck for perl-test-mocktime-doc
>>> perl-test-mocktime*: Running postcheck for perl-test-mocktime
>>> perl-test-mocktime*: Preparing package perl-test-mocktime...
>>> perl-test-mocktime-doc*: Tracing dependencies...
>>> perl-test-mocktime-doc*: Package size: 2.4 KB
>>> perl-test-mocktime-doc*: Compressing data...
>>> perl-test-mocktime-doc*: Create checksum...
pigz: not found
>>> perl-test-mocktime-doc*: Create perl-test-mocktime-doc-0.17-r4.apk
>>> perl-test-mocktime*: Tracing dependencies...
	perl
>>> perl-test-mocktime*: Package size: 6.5 KB
>>> perl-test-mocktime*: Compressing data...
>>> perl-test-mocktime*: Create checksum...
pigz: not found
>>> perl-test-mocktime*: Create perl-test-mocktime-0.17-r4.apk
>>> perl-test-mocktime: Build complete at Sun, 18 May 2025 09:43:21 +0000 elapsed time 0h 0m 34s
>>> perl-test-mocktime: Cleaning up srcdir
>>> perl-test-mocktime: Cleaning up pkgdir
>>> perl-test-mocktime: Uninstalling dependencies...
(1/8) Purging .makedepends-perl-test-mocktime (20250518.094250)
(2/8) Purging perl-dev (5.40.2-r0)
(3/8) Purging perl-utils (5.40.2-r0)
(4/8) Purging git-perl (2.47.2-r0)
(5/8) Purging perl-git (2.47.2-r0)
(6/8) Purging perl-error (0.17030-r0)
(7/8) Purging perl (5.40.2-r0)
(8/8) Purging libbz2 (1.0.8-r6)
Executing busybox-1.37.0-r12.trigger
OK: 261 MiB in 81 packages
>>> perl-test-mocktime: Updating the main/x86_64 repository index...
>>> perl-test-mocktime: Signing the index...
pigz: not found
