>>> perl-pod-coverage: Validating /home/packager/oily-pine/main/perl-pod-coverage/APKBUILD...
>>> perl-pod-coverage: Cleaning up srcdir
>>> perl-pod-coverage: Cleaning up pkgdir
>>> perl-pod-coverage: Cleaning up tmpdir
>>> perl-pod-coverage: Fetching https://cpan.metacpan.org/authors/id/R/RC/RCLAMP/Pod-Coverage-0.23.tar.gz
  % Total    % Received % Xferd  Average Speed   Time    Time     Time  Current
                                 Dload  Upload   Total   Spent    Left  Speed
  0     0    0     0    0     0      0      0 --:--:-- --:--:-- --:--:--     0100 13211  100 13211    0     0  88301      0 --:--:-- --:--:-- --:--:-- 88664
>>> perl-pod-coverage: Fetching https://cpan.metacpan.org/authors/id/R/RC/RCLAMP/Pod-Coverage-0.23.tar.gz
>>> perl-pod-coverage: Checking sha512sums...
Pod-Coverage-0.23.tar.gz: OK
>>> perl-pod-coverage: Preparing build chroot...
fetch http://dl-cdn.alpinelinux.org/alpine/edge/main/x86_64/APKINDEX.tar.gz
(1/76) Installing musl (1.2.5-r10)
(2/76) Installing libcrypto3 (3.5.0-r0)
(3/76) Installing ca-certificates-bundle (20241121-r2)
(4/76) Installing libssl3 (3.5.0-r0)
(5/76) Installing zlib (1.3.1-r2)
(6/76) Installing libapk2 (2.14.9-r2)
(7/76) Installing apk-tools (2.14.9-r2)
(8/76) Installing libcap2 (2.76-r0)
(9/76) Installing libcap-getcap (2.76-r0)
(10/76) Installing fakeroot (1.37.1.1-r0)
(11/76) Installing scanelf (1.3.8-r1)
(12/76) Installing musl-utils (1.2.5-r10)
(13/76) Installing libgcc (14.3.0-r0)
(14/76) Installing libstdc++ (14.3.0-r0)
(15/76) Installing lzip (1.25-r0)
(16/76) Installing openssl (3.5.0-r0)
(17/76) Installing patch (2.8-r0)
(18/76) Installing pkgconf (2.4.3-r0)
(19/76) Installing acl-libs (2.3.2-r1)
(20/76) Installing tar (1.35-r3)
(21/76) Installing busybox (1.37.0-r18)
Executing busybox-1.37.0-r18.post-install
(22/76) Installing ssl_client (1.37.0-r18)
(23/76) Installing busybox-binsh (1.37.0-r18)
(24/76) Installing abuild (3.15.0-r0)
Executing abuild-3.15.0-r0.pre-install
(25/76) Installing abuild-sudo (3.15.0-r0)
(26/76) Installing alpine-baselayout-data (3.7.0-r0)
(27/76) Installing alpine-baselayout (3.7.0-r0)
Executing alpine-baselayout-3.7.0-r0.pre-install
Executing alpine-baselayout-3.7.0-r0.post-install
(28/76) Installing bridge (1.5-r5)
(29/76) Installing ifupdown-ng (0.12.1-r7)
(30/76) Installing openrc-user (0.62.2-r2)
(31/76) Installing openrc (0.62.2-r2)
Executing openrc-0.62.2-r2.post-install
(32/76) Installing mdev-conf (4.8-r0)
(33/76) Installing busybox-mdev-openrc (1.37.0-r18)
(34/76) Installing alpine-conf (3.20.0-r0)
(35/76) Installing alpine-keys (2.5-r0)
(36/76) Installing alpine-release (3.22.0-r0)
(37/76) Installing busybox-openrc (1.37.0-r18)
(38/76) Installing busybox-suid (1.37.0-r18)
(39/76) Installing alpine-base (3.22.0-r0)
(40/76) Installing jansson (2.14.1-r0)
(41/76) Installing zstd-libs (1.5.7-r0)
(42/76) Installing binutils (2.44-r0)
(43/76) Installing libmagic (5.46-r2)
(44/76) Installing file (5.46-r2)
(45/76) Installing libgomp (14.3.0-r0)
(46/76) Installing libatomic (14.3.0-r0)
(47/76) Installing gmp (6.3.0-r3)
(48/76) Installing isl26 (0.26-r1)
(49/76) Installing mpfr4 (4.2.1_p1-r0)
(50/76) Installing mpc1 (1.3.1-r1)
(51/76) Installing gcc (14.3.0-r0)
(52/76) Installing libstdc++-dev (14.3.0-r0)
(53/76) Installing musl-dev (1.2.5-r10)
(54/76) Installing g++ (14.3.0-r0)
(55/76) Installing make (4.4.1-r3)
(56/76) Installing fortify-headers (1.1-r5)
(57/76) Installing build-base (0.5-r3)
(58/76) Installing brotli-libs (1.1.0-r2)
(59/76) Installing c-ares (1.34.5-r0)
(60/76) Installing libunistring (1.3-r0)
(61/76) Installing libidn2 (2.3.7-r0)
(62/76) Installing nghttp2-libs (1.65.0-r0)
(63/76) Installing libpsl (0.21.5-r3)
(64/76) Installing libcurl (8.14.0-r2)
(65/76) Installing libexpat (2.7.1-r0)
(66/76) Installing pcre2 (10.43-r1)
(67/76) Installing git (2.49.0-r0)
(68/76) Installing git-init-template (2.49.0-r0)
(69/76) Installing libbz2 (1.0.8-r6)
(70/76) Installing perl (5.40.2-r0)
(71/76) Installing perl-error (0.17030-r0)
(72/76) Installing perl-git (2.49.0-r0)
(73/76) Installing git-perl (2.49.0-r0)
(74/76) Installing perl-devel-symdump (2.18-r4)
(75/76) Installing perl-pod-parser (1.67-r0)
(76/76) Installing perl-test-pod (1.52-r4)
Executing busybox-1.37.0-r18.trigger
OK: 296 MiB in 76 packages
>>> perl-pod-coverage: Fetching https://cpan.metacpan.org/authors/id/R/RC/RCLAMP/Pod-Coverage-0.23.tar.gz
>>> perl-pod-coverage: Checking sha512sums...
Pod-Coverage-0.23.tar.gz: OK
>>> perl-pod-coverage: Unpacking /var/cache/distfiles/Pod-Coverage-0.23.tar.gz...
Checking if your kit is complete...
Looks good
Generating a Unix-style Makefile
Writing Makefile for Pod::Coverage
Writing MYMETA.yml and MYMETA.json
cp lib/Pod/Coverage/CountParents.pm blib/lib/Pod/Coverage/CountParents.pm
cp lib/Pod/Coverage/Overloader.pm blib/lib/Pod/Coverage/Overloader.pm
cp lib/Pod/Coverage/ExportOnly.pm blib/lib/Pod/Coverage/ExportOnly.pm
cp lib/Pod/Coverage.pm blib/lib/Pod/Coverage.pm
cp bin/pod_cover blib/script/pod_cover
"/usr/bin/perl" -MExtUtils::MY -e 'MY->fixin(shift)' -- blib/script/pod_cover
Manifying 4 pod documents
PERL_DL_NONLAZY=1 "/usr/bin/perl" "-MExtUtils::Command::MM" "-MTest::Harness" "-e" "undef *Test::Harness::Switches; test_harness(0, 'blib/lib', 'blib/arch')" t/*.t
t/01compile.t ..... ok
t/02simple.t ...... ok
t/03import.t ...... ok
t/04cvgv.t ........ ok
t/05parentage.t ... ok
t/06trustme.t ..... ok
t/07pod.t ......... ok
t/08tie.t ......... ok
t/09whitespace.t .. ok
All tests successful.
Files=9, Tests=74,  0 wallclock secs ( 0.02 usr  0.00 sys +  0.37 cusr  0.06 csys =  0.45 CPU)
Result: PASS
>>> perl-pod-coverage: Entering fakeroot...
Manifying 4 pod documents
Installing /tmp/pkg/perl-pod-coverage/usr/share/perl5/vendor_perl/Pod/Coverage.pm
Installing /tmp/pkg/perl-pod-coverage/usr/share/perl5/vendor_perl/Pod/Coverage/Overloader.pm
Installing /tmp/pkg/perl-pod-coverage/usr/share/perl5/vendor_perl/Pod/Coverage/CountParents.pm
Installing /tmp/pkg/perl-pod-coverage/usr/share/perl5/vendor_perl/Pod/Coverage/ExportOnly.pm
Installing /tmp/pkg/perl-pod-coverage/usr/share/man/man3/Pod::Coverage::Overloader.3pm
Installing /tmp/pkg/perl-pod-coverage/usr/share/man/man3/Pod::Coverage.3pm
Installing /tmp/pkg/perl-pod-coverage/usr/share/man/man3/Pod::Coverage::CountParents.3pm
Installing /tmp/pkg/perl-pod-coverage/usr/share/man/man3/Pod::Coverage::ExportOnly.3pm
Installing /tmp/pkg/perl-pod-coverage/usr/bin/pod_cover
>>> perl-pod-coverage-doc*: Running split function doc...
'usr/share/man' -> '/tmp/pkg/perl-pod-coverage-doc/usr/share/man'
>>> perl-pod-coverage-doc*: Preparing subpackage perl-pod-coverage-doc...
>>> perl-pod-coverage-doc*: Running postcheck for perl-pod-coverage-doc
>>> perl-pod-coverage*: Running postcheck for perl-pod-coverage
>>> perl-pod-coverage*: Preparing package perl-pod-coverage...
>>> perl-pod-coverage-doc*: Tracing dependencies...
>>> perl-pod-coverage-doc*: Package size: 7.0 KB
>>> perl-pod-coverage-doc*: Compressing data...
>>> perl-pod-coverage-doc*: Create checksum...
>>> perl-pod-coverage-doc*: Create perl-pod-coverage-doc-0.23-r7.apk
>>> perl-pod-coverage*: Tracing dependencies...
	perl
	perl-devel-symdump
	perl-pod-parser
>>> perl-pod-coverage*: Package size: 17.1 KB
>>> perl-pod-coverage*: Compressing data...
>>> perl-pod-coverage*: Create checksum...
>>> perl-pod-coverage*: Create perl-pod-coverage-0.23-r7.apk
>>> perl-pod-coverage: Updating the main/x86_64 repository index...
>>> perl-pod-coverage: Signing the index...
>>> perl-pod-coverage: Cleaning up srcdir
>>> perl-pod-coverage: Cleaning up build chroot
>>> perl-pod-coverage: Cleaning up pkgdir
