>>> perl-test-file-sharedir: Validating /home/packager/oily-pine/main/perl-test-file-sharedir/APKBUILD...
>>> perl-test-file-sharedir: Cleaning up srcdir
>>> perl-test-file-sharedir: Cleaning up pkgdir
>>> perl-test-file-sharedir: Cleaning up tmpdir
>>> perl-test-file-sharedir: Fetching https://cpan.metacpan.org/authors/id/K/KE/KENTNL/Test-File-ShareDir-1.001002.tar.gz
  % Total    % Received % Xferd  Average Speed   Time    Time     Time  Current
                                 Dload  Upload   Total   Spent    Left  Speed
  0     0    0     0    0     0      0      0 --:--:-- --:--:-- --:--:--     0100 65466  100 65466    0     0   364k      0 --:--:-- --:--:-- --:--:--  365k
>>> perl-test-file-sharedir: Fetching https://cpan.metacpan.org/authors/id/K/KE/KENTNL/Test-File-ShareDir-1.001002.tar.gz
>>> perl-test-file-sharedir: Checking sha512sums...
Test-File-ShareDir-1.001002.tar.gz: OK
>>> perl-test-file-sharedir: Preparing build chroot...
fetch http://dl-cdn.alpinelinux.org/alpine/edge/main/x86_64/APKINDEX.tar.gz
(1/83) Installing musl (1.2.5-r10)
(2/83) Installing libcrypto3 (3.5.0-r0)
(3/83) Installing ca-certificates-bundle (20241121-r2)
(4/83) Installing libssl3 (3.5.0-r0)
(5/83) Installing zlib (1.3.1-r2)
(6/83) Installing libapk2 (2.14.9-r2)
(7/83) Installing apk-tools (2.14.9-r2)
(8/83) Installing libcap2 (2.76-r0)
(9/83) Installing libcap-getcap (2.76-r0)
(10/83) Installing fakeroot (1.37.1.1-r0)
(11/83) Installing scanelf (1.3.8-r1)
(12/83) Installing musl-utils (1.2.5-r10)
(13/83) Installing libgcc (14.3.0-r1)
(14/83) Installing libstdc++ (14.3.0-r1)
(15/83) Installing lzip (1.25-r0)
(16/83) Installing openssl (3.5.0-r0)
(17/83) Installing patch (2.8-r0)
(18/83) Installing pkgconf (2.4.3-r0)
(19/83) Installing acl-libs (2.3.2-r1)
(20/83) Installing tar (1.35-r3)
(21/83) Installing busybox (1.37.0-r18)
Executing busybox-1.37.0-r18.post-install
(22/83) Installing ssl_client (1.37.0-r18)
(23/83) Installing busybox-binsh (1.37.0-r18)
(24/83) Installing abuild (3.15.0-r0)
Executing abuild-3.15.0-r0.pre-install
(25/83) Installing abuild-sudo (3.15.0-r0)
(26/83) Installing alpine-baselayout-data (3.7.0-r0)
(27/83) Installing alpine-baselayout (3.7.0-r0)
Executing alpine-baselayout-3.7.0-r0.pre-install
Executing alpine-baselayout-3.7.0-r0.post-install
(28/83) Installing bridge (1.5-r5)
(29/83) Installing ifupdown-ng (0.12.1-r7)
(30/83) Installing openrc-user (0.62.2-r2)
(31/83) Installing openrc (0.62.2-r2)
Executing openrc-0.62.2-r2.post-install
(32/83) Installing mdev-conf (4.8-r0)
(33/83) Installing busybox-mdev-openrc (1.37.0-r18)
(34/83) Installing alpine-conf (3.20.0-r0)
(35/83) Installing alpine-keys (2.5-r0)
(36/83) Installing alpine-release (3.22.0-r0)
(37/83) Installing busybox-openrc (1.37.0-r18)
(38/83) Installing busybox-suid (1.37.0-r18)
(39/83) Installing alpine-base (3.22.0-r0)
(40/83) Installing jansson (2.14.1-r0)
(41/83) Installing zstd-libs (1.5.7-r0)
(42/83) Installing binutils (2.44-r0)
(43/83) Installing libmagic (5.46-r2)
(44/83) Installing file (5.46-r2)
(45/83) Installing libgomp (14.3.0-r1)
(46/83) Installing libatomic (14.3.0-r1)
(47/83) Installing gmp (6.3.0-r3)
(48/83) Installing isl26 (0.26-r1)
(49/83) Installing mpfr4 (4.2.1_p1-r0)
(50/83) Installing mpc1 (1.3.1-r1)
(51/83) Installing gcc (14.3.0-r1)
(52/83) Installing libstdc++-dev (14.3.0-r1)
(53/83) Installing musl-dev (1.2.5-r10)
(54/83) Installing g++ (14.3.0-r1)
(55/83) Installing make (4.4.1-r3)
(56/83) Installing fortify-headers (1.1-r5)
(57/83) Installing build-base (0.5-r3)
(58/83) Installing brotli-libs (1.1.0-r2)
(59/83) Installing c-ares (1.34.5-r0)
(60/83) Installing libunistring (1.3-r0)
(61/83) Installing libidn2 (2.3.7-r0)
(62/83) Installing nghttp2-libs (1.65.0-r0)
(63/83) Installing libpsl (0.21.5-r3)
(64/83) Installing libcurl (8.14.0-r2)
(65/83) Installing libexpat (2.7.1-r0)
(66/83) Installing pcre2 (10.43-r1)
(67/83) Installing git (2.49.0-r0)
(68/83) Installing git-init-template (2.49.0-r0)
(69/83) Installing libbz2 (1.0.8-r6)
(70/83) Installing perl (5.40.2-r0)
(71/83) Installing perl-error (0.17030-r0)
(72/83) Installing perl-git (2.49.0-r0)
(73/83) Installing git-perl (2.49.0-r0)
(74/83) Installing perl-class-tiny (1.008-r3)
(75/83) Installing perl-utils (5.40.2-r0)
(76/83) Installing perl-dev (5.40.2-r0)
(77/83) Installing perl-file-copy-recursive (0.45-r3)
(78/83) Installing perl-class-inspector (1.36-r3)
(79/83) Installing perl-file-sharedir (1.118-r1)
(80/83) Installing perl-path-tiny (0.146-r0)
(81/83) Installing perl-scope-guard (0.21-r5)
(82/83) Installing perl-try-tiny (0.32-r0)
(83/83) Installing perl-test-fatal (0.017-r1)
Executing busybox-1.37.0-r18.trigger
OK: 306 MiB in 83 packages
>>> perl-test-file-sharedir: Fetching https://cpan.metacpan.org/authors/id/K/KE/KENTNL/Test-File-ShareDir-1.001002.tar.gz
>>> perl-test-file-sharedir: Checking sha512sums...
Test-File-ShareDir-1.001002.tar.gz: OK
>>> perl-test-file-sharedir: Unpacking /var/cache/distfiles/Test-File-ShareDir-1.001002.tar.gz...
Checking if your kit is complete...
Looks good
Generating a Unix-style Makefile
Writing Makefile for Test::File::ShareDir
Writing MYMETA.yml and MYMETA.json
cp lib/Test/File/ShareDir/Dist.pm blib/lib/Test/File/ShareDir/Dist.pm
cp lib/Test/File/ShareDir/Object/Module.pm blib/lib/Test/File/ShareDir/Object/Module.pm
cp lib/Test/File/ShareDir/Object/Inc.pm blib/lib/Test/File/ShareDir/Object/Inc.pm
cp lib/Test/File/ShareDir/Module.pm blib/lib/Test/File/ShareDir/Module.pm
cp lib/Test/File/ShareDir.pm blib/lib/Test/File/ShareDir.pm
cp lib/Test/File/ShareDir/Utils.pm blib/lib/Test/File/ShareDir/Utils.pm
cp lib/Test/File/ShareDir/Object/Dist.pm blib/lib/Test/File/ShareDir/Object/Dist.pm
cp lib/Test/File/ShareDir/TempDirObject.pm blib/lib/Test/File/ShareDir/TempDirObject.pm
Manifying 8 pod documents
PERL_DL_NONLAZY=1 "/usr/bin/perl" "-MExtUtils::Command::MM" "-MTest::Harness" "-e" "undef *Test::Harness::Switches; test_harness(0, 'blib/lib', 'blib/arch')" t/*.t t/00-compile/*.t
t/00-compile/lib_Test_File_ShareDir_Dist_pm.t ........... ok
t/00-compile/lib_Test_File_ShareDir_Module_pm.t ......... ok
t/00-compile/lib_Test_File_ShareDir_Object_Dist_pm.t .... ok
t/00-compile/lib_Test_File_ShareDir_Object_Inc_pm.t ..... ok
t/00-compile/lib_Test_File_ShareDir_Object_Module_pm.t .. ok
t/00-compile/lib_Test_File_ShareDir_pm.t ................ ok
t/00-compile/lib_Test_File_ShareDir_TempDirObject_pm.t .. ok
t/00-compile/lib_Test_File_ShareDir_Utils_pm.t .......... ok
# 
# Versions for all modules listed in MYMETA.json (including optional ones):
# 
# === Configure Requires ===
# 
#     Module              Want Have
#     ------------------- ---- ----
#     ExtUtils::MakeMaker  any 7.70
# 
# === Configure Suggests ===
# 
#     Module              Want Have
#     ------------------- ---- ----
#     ExtUtils::MakeMaker 7.00 7.70
# 
# === Build Requires ===
# 
#     Module              Want Have
#     ------------------- ---- ----
#     ExtUtils::MakeMaker  any 7.70
# 
# === Test Requires ===
# 
#     Module              Want     Have
#     ------------------- ---- --------
#     Cwd                  any     3.91
#     ExtUtils::MakeMaker  any     7.70
#     File::Spec           any     3.91
#     FindBin              any     1.54
#     Test::Fatal          any    0.017
#     Test::More          0.96 1.302199
#     lib                  any     0.65
# 
# === Test Recommends ===
# 
#     Module         Want     Have
#     ---------- -------- --------
#     CPAN::Meta 2.120900 2.150010
# 
# === Test Suggests ===
# 
#     Module              Want     Have
#     ------------------- ---- --------
#     ExtUtils::MakeMaker 7.00     7.70
#     Test::More          0.99 1.302199
# 
# === Runtime Requires ===
# 
#     Module                 Want  Have
#     --------------------- ----- -----
#     Carp                    any  1.54
#     Class::Tiny             any 1.008
#     Exporter               5.57  5.78
#     File::Copy::Recursive   any  0.45
#     File::ShareDir         1.00 1.118
#     Path::Tiny            0.018 0.146
#     Scope::Guard            any  0.21
#     parent                  any 0.241
#     strict                  any  1.13
#     warnings                any  1.70
# 
# === Runtime Suggests ===
# 
#     Module      Want  Have
#     ---------- ----- -----
#     Path::Tiny 0.058 0.146
# 
t/00-report-prereqs.t ................................... ok
t/01_basic.t ............................................ ok
t/02_distdir.t .......................................... ok
t/03_cwd.t .............................................. ok
t/04_basic_simple.t ..................................... ok
t/05_dist_dir_simple.t .................................. ok
t/06_cwd_simple.t ....................................... ok
t/07_util_withdist.t .................................... ok
t/08_util_withmodule.t .................................. ok
All tests successful.
Files=17, Tests=29,  1 wallclock secs ( 0.03 usr  0.01 sys +  0.58 cusr  0.08 csys =  0.70 CPU)
Result: PASS
>>> perl-test-file-sharedir: Entering fakeroot...
Manifying 8 pod documents
Appending installation info to /tmp/pkg/perl-test-file-sharedir/usr/lib/perl5/core_perl/perllocal.pod
Installing /tmp/pkg/perl-test-file-sharedir/usr/share/perl5/vendor_perl/Test/File/ShareDir.pm
Installing /tmp/pkg/perl-test-file-sharedir/usr/share/perl5/vendor_perl/Test/File/ShareDir/Dist.pm
Installing /tmp/pkg/perl-test-file-sharedir/usr/share/perl5/vendor_perl/Test/File/ShareDir/Module.pm
Installing /tmp/pkg/perl-test-file-sharedir/usr/share/perl5/vendor_perl/Test/File/ShareDir/Utils.pm
Installing /tmp/pkg/perl-test-file-sharedir/usr/share/perl5/vendor_perl/Test/File/ShareDir/TempDirObject.pm
Installing /tmp/pkg/perl-test-file-sharedir/usr/share/perl5/vendor_perl/Test/File/ShareDir/Object/Inc.pm
Installing /tmp/pkg/perl-test-file-sharedir/usr/share/perl5/vendor_perl/Test/File/ShareDir/Object/Dist.pm
Installing /tmp/pkg/perl-test-file-sharedir/usr/share/perl5/vendor_perl/Test/File/ShareDir/Object/Module.pm
Installing /tmp/pkg/perl-test-file-sharedir/usr/share/man/man3/Test::File::ShareDir.3pm
Installing /tmp/pkg/perl-test-file-sharedir/usr/share/man/man3/Test::File::ShareDir::Object::Inc.3pm
Installing /tmp/pkg/perl-test-file-sharedir/usr/share/man/man3/Test::File::ShareDir::Utils.3pm
Installing /tmp/pkg/perl-test-file-sharedir/usr/share/man/man3/Test::File::ShareDir::Dist.3pm
Installing /tmp/pkg/perl-test-file-sharedir/usr/share/man/man3/Test::File::ShareDir::Object::Module.3pm
Installing /tmp/pkg/perl-test-file-sharedir/usr/share/man/man3/Test::File::ShareDir::Object::Dist.3pm
Installing /tmp/pkg/perl-test-file-sharedir/usr/share/man/man3/Test::File::ShareDir::Module.3pm
Installing /tmp/pkg/perl-test-file-sharedir/usr/share/man/man3/Test::File::ShareDir::TempDirObject.3pm
>>> perl-test-file-sharedir-doc*: Running split function doc...
'usr/share/man' -> '/tmp/pkg/perl-test-file-sharedir-doc/usr/share/man'
>>> perl-test-file-sharedir-doc*: Preparing subpackage perl-test-file-sharedir-doc...
>>> perl-test-file-sharedir-doc*: Running postcheck for perl-test-file-sharedir-doc
>>> perl-test-file-sharedir*: Running postcheck for perl-test-file-sharedir
>>> perl-test-file-sharedir*: Preparing package perl-test-file-sharedir...
>>> perl-test-file-sharedir-doc*: Tracing dependencies...
>>> perl-test-file-sharedir-doc*: Package size: 13.8 KB
>>> perl-test-file-sharedir-doc*: Compressing data...
>>> perl-test-file-sharedir-doc*: Create checksum...
>>> perl-test-file-sharedir-doc*: Create perl-test-file-sharedir-doc-1.001002-r5.apk
>>> perl-test-file-sharedir*: Tracing dependencies...
	perl
	perl-class-tiny
	perl-file-sharedir
	perl-file-copy-recursive
	perl-path-tiny
	perl-scope-guard
>>> perl-test-file-sharedir*: Package size: 30.6 KB
>>> perl-test-file-sharedir*: Compressing data...
>>> perl-test-file-sharedir*: Create checksum...
>>> perl-test-file-sharedir*: Create perl-test-file-sharedir-1.001002-r5.apk
>>> perl-test-file-sharedir: Updating the main/x86_64 repository index...
>>> perl-test-file-sharedir: Signing the index...
>>> perl-test-file-sharedir: Cleaning up srcdir
>>> perl-test-file-sharedir: Cleaning up build chroot
>>> perl-test-file-sharedir: Cleaning up pkgdir
