pigz: not found
>>> perl-file-temp: Building main/perl-file-temp 0.2311-r2 (using abuild 3.14.1-r4) started Sun, 18 May 2025 09:47:16 +0000
>>> perl-file-temp: Validating /home/packager/aports/main/perl-file-temp/APKBUILD...
>>> perl-file-temp: Analyzing dependencies...
>>> perl-file-temp: Installing for build: build-base perl
(1/6) Installing libbz2 (1.0.8-r6)
(2/6) Installing perl (5.40.2-r0)
(3/6) Installing .makedepends-perl-file-temp (20250518.094718)
(4/6) Installing perl-error (0.17030-r0)
(5/6) Installing perl-git (2.47.2-r0)
(6/6) Installing git-perl (2.47.2-r0)
Executing busybox-1.37.0-r12.trigger
OK: 297 MiB in 87 packages
>>> perl-file-temp: Cleaning up srcdir
>>> perl-file-temp: Cleaning up pkgdir
>>> perl-file-temp: Cleaning up tmpdir
>>> perl-file-temp: Fetching https://cpan.metacpan.org/authors/id/E/ET/ETHER/File-Temp-0.2311.tar.gz
Connecting to cpan.metacpan.org (146.75.122.217:443)
saving to '/var/cache/distfiles/File-Temp-0.2311.tar.gz.part'
File-Temp-0.2311.tar 100% |********************************| 76988  0:00:00 ETA
'/var/cache/distfiles/File-Temp-0.2311.tar.gz.part' saved
>>> perl-file-temp: Fetching https://cpan.metacpan.org/authors/id/E/ET/ETHER/File-Temp-0.2311.tar.gz
>>> perl-file-temp: Checking sha512sums...
File-Temp-0.2311.tar.gz: OK
>>> perl-file-temp: Unpacking /var/cache/distfiles/File-Temp-0.2311.tar.gz...
Checking if your kit is complete...
Looks good
Generating a Unix-style Makefile
Writing Makefile for File::Temp
Writing MYMETA.yml and MYMETA.json
cp lib/File/Temp.pm blib/lib/File/Temp.pm
Manifying 1 pod document
PERL_DL_NONLAZY=1 "/usr/bin/perl" "-MExtUtils::Command::MM" "-MTest::Harness" "-e" "undef *Test::Harness::Switches; test_harness(0, 'blib/lib', 'blib/arch')" t/*.t
# 
# Versions for all modules listed in MYMETA.json (including optional ones):
# 
# === Configure Requires ===
# 
#     Module              Want Have
#     ------------------- ---- ----
#     ExtUtils::MakeMaker  any 7.70
# 
# === Build Requires ===
# 
#     Module              Want Have
#     ------------------- ---- ----
#     ExtUtils::MakeMaker  any 7.70
# 
# === Test Requires ===
# 
#     Module              Want     Have
#     ------------------- ---- --------
#     ExtUtils::MakeMaker  any     7.70
#     File::Spec           0.8     3.91
#     FileHandle           any     2.05
#     Test::More           any 1.302199
#     warnings             any     1.70
# 
# === Test Recommends ===
# 
#     Module         Want     Have
#     ---------- -------- --------
#     CPAN::Meta 2.120900 2.150010
# 
# === Runtime Requires ===
# 
#     Module        Want  Have
#     ------------ ----- -----
#     Carp           any  1.54
#     Carp::Heavy    any  1.54
#     Cwd            any  3.91
#     Exporter      5.57  5.78
#     Fcntl         1.03  1.18
#     File::Path    2.06  2.18
#     File::Spec     0.8  3.91
#     IO::Handle     any  1.55
#     IO::Seekable   any  1.55
#     POSIX          any  2.20
#     Scalar::Util   any  1.63
#     Symbol         any  1.09
#     constant       any  1.33
#     overload       any  1.37
#     parent       0.221 0.241
#     strict         any  1.13
# 
# === Other Modules ===
# 
#     Module             Have
#     --------------- -------
#     Encode             3.21
#     File::Temp       0.2311
#     JSON::PP           4.16
#     Module::Runtime missing
#     Pod::Coverage   missing
#     Sub::Name       missing
#     YAML            missing
#     autodie            2.37
# 
t/00-report-prereqs.t .. ok
t/cmp.t ................ ok
t/fork.t ............... ok
t/lock.t ............... skipped: Do not seem to have O_EXLOCK
t/mktemp.t ............. ok
t/object.t ............. ok
t/posix.t .............. ok
t/rmtree.t ............. ok
t/security.t ........... ok
t/seekable.t ........... ok
t/tempfile.t ........... ok
All tests successful.
Files=11, Tests=132,  7 wallclock secs ( 0.07 usr  0.00 sys +  1.04 cusr  0.15 csys =  1.26 CPU)
Result: PASS
>>> perl-file-temp: Entering fakeroot...
Manifying 1 pod document
Appending installation info to /home/packager/aports/main/perl-file-temp/pkg/perl-file-temp/usr/lib/perl5/core_perl/perllocal.pod
Installing /home/packager/aports/main/perl-file-temp/pkg/perl-file-temp/usr/share/perl5/vendor_perl/File/Temp.pm
Installing /home/packager/aports/main/perl-file-temp/pkg/perl-file-temp/usr/share/man/man3/File::Temp.3pm
>>> perl-file-temp*: Running postcheck for perl-file-temp
>>> perl-file-temp*: Preparing package perl-file-temp...
>>> perl-file-temp*: Tracing dependencies...
	perl
>>> perl-file-temp*: Package size: 116.1 KB
>>> perl-file-temp*: Compressing data...
>>> perl-file-temp*: Create checksum...
pigz: not found
>>> perl-file-temp*: Create perl-file-temp-0.2311-r2.apk
>>> perl-file-temp: Build complete at Sun, 18 May 2025 09:47:27 +0000 elapsed time 0h 0m 11s
>>> perl-file-temp: Cleaning up srcdir
>>> perl-file-temp: Cleaning up pkgdir
>>> perl-file-temp: Uninstalling dependencies...
(1/6) Purging .makedepends-perl-file-temp (20250518.094718)
(2/6) Purging git-perl (2.47.2-r0)
(3/6) Purging perl-git (2.47.2-r0)
(4/6) Purging perl-error (0.17030-r0)
(5/6) Purging perl (5.40.2-r0)
(6/6) Purging libbz2 (1.0.8-r6)
Executing busybox-1.37.0-r12.trigger
OK: 261 MiB in 81 packages
>>> perl-file-temp: Updating the main/x86_64 repository index...
>>> perl-file-temp: Signing the index...
pigz: not found
