pigz: not found
>>> perl-test-warnings: Building main/perl-test-warnings 0.038-r0 (using abuild 3.14.1-r4) started Sun, 18 May 2025 07:13:13 +0000
>>> perl-test-warnings: Validating /home/packager/aports/main/perl-test-warnings/APKBUILD...
>>> perl-test-warnings: Analyzing dependencies...
>>> perl-test-warnings: Installing for build: build-base perl
(1/6) Installing libbz2 (1.0.8-r6)
(2/6) Installing perl (5.40.2-r0)
(3/6) Installing .makedepends-perl-test-warnings (20250518.071314)
(4/6) Installing perl-error (0.17029-r2)
(5/6) Installing perl-git (2.47.2-r0)
(6/6) Installing git-perl (2.47.2-r0)
Executing busybox-1.37.0-r12.trigger
OK: 297 MiB in 87 packages
>>> perl-test-warnings: Cleaning up srcdir
>>> perl-test-warnings: Cleaning up pkgdir
>>> perl-test-warnings: Cleaning up tmpdir
>>> perl-test-warnings: Fetching https://cpan.metacpan.org/authors/id/E/ET/ETHER/Test-Warnings-0.038.tar.gz
Connecting to cpan.metacpan.org (146.75.122.217:443)
saving to '/var/cache/distfiles/Test-Warnings-0.038.tar.gz.part'
Test-Warnings-0.038. 100% |********************************| 45021  0:00:00 ETA
'/var/cache/distfiles/Test-Warnings-0.038.tar.gz.part' saved
>>> perl-test-warnings: Fetching https://cpan.metacpan.org/authors/id/E/ET/ETHER/Test-Warnings-0.038.tar.gz
>>> perl-test-warnings: Checking sha512sums...
Test-Warnings-0.038.tar.gz: OK
>>> perl-test-warnings: Unpacking /var/cache/distfiles/Test-Warnings-0.038.tar.gz...
Checking if your kit is complete...
Looks good
Generating a Unix-style Makefile
Writing Makefile for Test::Warnings
Writing MYMETA.yml and MYMETA.json
cp lib/Test2/Warnings.pm blib/lib/Test2/Warnings.pm
cp lib/Test/Warnings.pm blib/lib/Test/Warnings.pm
Manifying 2 pod documents
PERL_DL_NONLAZY=1 "/usr/bin/perl" "-MExtUtils::Command::MM" "-MTest::Harness" "-e" "undef *Test::Harness::Switches; test_harness(0, 'blib/lib', 'blib/arch')" t/*.t
# 
# Versions for all modules listed in MYMETA.json (including optional ones):
# 
# === Configure Requires ===
# 
#     Module               Want     Have
#     ------------------- ----- --------
#     ExtUtils::MakeMaker   any     7.70
#     perl                5.006 5.040002
# 
# === Configure Suggests ===
# 
#     Module      Want Have
#     -------- ------- ----
#     JSON::PP 2.27300 4.16
# 
# === Build Requires ===
# 
#     Module              Want Have
#     ------------------- ---- ----
#     ExtUtils::MakeMaker  any 7.70
# 
# === Test Requires ===
# 
#     Module               Want     Have
#     ------------------- ----- --------
#     ExtUtils::MakeMaker   any     7.70
#     File::Spec            any     3.91
#     Term::ANSIColor       any     5.01
#     Test::More           0.94 1.302199
#     if                    any   0.0610
#     perl                5.006 5.040002
# 
# === Test Recommends ===
# 
#     Module         Want     Have
#     ---------- -------- --------
#     CPAN::Meta 2.120900 2.150010
# 
# === Test Suggests ===
# 
#     Module                    Want     Have
#     ------------------------ ----- --------
#     CPAN::Meta::Check        0.011  missing
#     CPAN::Meta::Requirements   any    2.143
#     PadWalker                  any  missing
#     Test::Tester             0.108 1.302199
# 
# === Runtime Requires ===
# 
#     Module         Want     Have
#     ------------- ----- --------
#     Carp            any     1.54
#     Exporter        any     5.78
#     Test::Builder   any 1.302199
#     parent          any    0.241
#     perl          5.006 5.040002
#     strict          any     1.13
#     warnings        any     1.70
# 
# === Other Modules ===
# 
#     Module             Have
#     --------------- -------
#     Encode             3.21
#     File::Temp       0.2311
#     JSON::PP           4.16
#     Module::Runtime missing
#     Sub::Name       missing
#     YAML            missing
#     autodie            2.37
# 
t/00-report-prereqs.t ................. ok
t/01-basic.t .......................... ok
t/02-done_testing.t ................... ok
t/03-subtest.t ........................ ok
t/04-no-tests.t ....................... ok
t/05-no-end-block.t ................... ok
t/06-skip-all.t ....................... skipped: Need Does::Not::Exist::753634824258373 to continue!
t/07-no_plan.t ........................ ok
t/08-use-if.t ......................... ok
t/09-warnings-contents.t .............. ok
t/10-no-done_testing.t ................ ok
t/11-double-use.t ..................... ok
t/12-no-newline.t ..................... ok
t/13-propagate-warnings.t ............. ok
t/14-propagate-subname.t .............. ok
t/15-propagate-default.t .............. ok
t/16-propagate-ignore.t ............... ok
t/17-propagate-subname-colons.t ....... ok
t/18-propagate-subname-package.t ...... ok
t/19-propagate-nonexistent-subname.t .. ok
t/20-propagate-stub.t ................. ok
t/21-fail-on-warning.t ................ ok
t/22-warnings-bareword.t .............. ok
t/23-report-warnings.t ................ ok
t/24-only-report-warnings.t ........... ok
t/25-allowed_patterns.t ............... ok
t/26-test2-compat.t ................... ok
t/27-module-ordering.t ................ ok
t/28-redefine-done_testing.t .......... ok
t/zzz-check-breaks.t .................. ok
All tests successful.
Files=30, Tests=89,  3 wallclock secs ( 0.10 usr  0.01 sys +  2.13 cusr  0.34 csys =  2.58 CPU)
Result: PASS
>>> perl-test-warnings: Entering fakeroot...
Manifying 2 pod documents
Installing /home/packager/aports/main/perl-test-warnings/pkg/perl-test-warnings/usr/share/perl5/vendor_perl/Test2/Warnings.pm
Installing /home/packager/aports/main/perl-test-warnings/pkg/perl-test-warnings/usr/share/perl5/vendor_perl/Test/Warnings.pm
Installing /home/packager/aports/main/perl-test-warnings/pkg/perl-test-warnings/usr/share/man/man3/Test::Warnings.3pm
Installing /home/packager/aports/main/perl-test-warnings/pkg/perl-test-warnings/usr/share/man/man3/Test2::Warnings.3pm
>>> perl-test-warnings-doc*: Running split function doc...
'usr/share/man' -> '/home/packager/aports/main/perl-test-warnings/pkg/perl-test-warnings-doc/usr/share/man'
>>> perl-test-warnings-doc*: Preparing subpackage perl-test-warnings-doc...
>>> perl-test-warnings-doc*: Running postcheck for perl-test-warnings-doc
>>> perl-test-warnings*: Running postcheck for perl-test-warnings
>>> perl-test-warnings*: Preparing package perl-test-warnings...
>>> perl-test-warnings-doc*: Tracing dependencies...
>>> perl-test-warnings-doc*: Package size: 7.3 KB
>>> perl-test-warnings-doc*: Compressing data...
>>> perl-test-warnings-doc*: Create checksum...
pigz: not found
>>> perl-test-warnings-doc*: Create perl-test-warnings-doc-0.038-r0.apk
>>> perl-test-warnings*: Tracing dependencies...
	perl
>>> perl-test-warnings*: Package size: 20.4 KB
>>> perl-test-warnings*: Compressing data...
>>> perl-test-warnings*: Create checksum...
pigz: not found
>>> perl-test-warnings*: Create perl-test-warnings-0.038-r0.apk
>>> perl-test-warnings: Build complete at Sun, 18 May 2025 07:13:19 +0000 elapsed time 0h 0m 6s
>>> perl-test-warnings: Cleaning up srcdir
>>> perl-test-warnings: Cleaning up pkgdir
>>> perl-test-warnings: Uninstalling dependencies...
(1/6) Purging .makedepends-perl-test-warnings (20250518.071314)
(2/6) Purging git-perl (2.47.2-r0)
(3/6) Purging perl-git (2.47.2-r0)
(4/6) Purging perl-error (0.17029-r2)
(5/6) Purging perl (5.40.2-r0)
(6/6) Purging libbz2 (1.0.8-r6)
Executing busybox-1.37.0-r12.trigger
OK: 260 MiB in 81 packages
>>> perl-test-warnings: Updating the main/x86_64 repository index...
>>> perl-test-warnings: Signing the index...
pigz: not found
