pigz: not found
>>> perl-hash-multivalue: Building main/perl-hash-multivalue 0.16-r4 (using abuild 3.14.1-r4) started Sun, 18 May 2025 09:23:52 +0000
>>> perl-hash-multivalue: Validating /home/packager/aports/main/perl-hash-multivalue/APKBUILD...
>>> perl-hash-multivalue: Analyzing dependencies...
>>> perl-hash-multivalue: Installing for build: build-base perl
(1/6) Installing libbz2 (1.0.8-r6)
(2/6) Installing perl (5.40.2-r0)
(3/6) Installing .makedepends-perl-hash-multivalue (20250518.092353)
(4/6) Installing perl-error (0.17030-r0)
(5/6) Installing perl-git (2.47.2-r0)
(6/6) Installing git-perl (2.47.2-r0)
Executing busybox-1.37.0-r12.trigger
OK: 297 MiB in 87 packages
>>> perl-hash-multivalue: Cleaning up srcdir
>>> perl-hash-multivalue: Cleaning up pkgdir
>>> perl-hash-multivalue: Cleaning up tmpdir
>>> perl-hash-multivalue: Fetching https://cpan.metacpan.org/authors/id/A/AR/ARISTOTLE/Hash-MultiValue-0.16.tar.gz
Connecting to cpan.metacpan.org (146.75.122.217:443)
saving to '/var/cache/distfiles/Hash-MultiValue-0.16.tar.gz.part'
Hash-MultiValue-0.16 100% |********************************| 19841  0:00:00 ETA
'/var/cache/distfiles/Hash-MultiValue-0.16.tar.gz.part' saved
>>> perl-hash-multivalue: Fetching https://cpan.metacpan.org/authors/id/A/AR/ARISTOTLE/Hash-MultiValue-0.16.tar.gz
>>> perl-hash-multivalue: Checking sha512sums...
Hash-MultiValue-0.16.tar.gz: OK
>>> perl-hash-multivalue: Unpacking /var/cache/distfiles/Hash-MultiValue-0.16.tar.gz...
Checking if your kit is complete...
Looks good
Generating a Unix-style Makefile
Writing Makefile for Hash::MultiValue
Writing MYMETA.yml and MYMETA.json
cp lib/Hash/MultiValue.pm blib/lib/Hash/MultiValue.pm
Manifying 1 pod document
PERL_DL_NONLAZY=1 "/usr/bin/perl" "-MExtUtils::Command::MM" "-MTest::Harness" "-e" "undef *Test::Harness::Switches; test_harness(0, 'blib/lib', 'blib/arch')" t/*.t
t/00_compile.t .......... ok
t/from_mixed.t .......... ok
t/hash.t ................ ok
t/multi.t ............... ok
t/ref.t ................. skipped: No UNIVERSAL::ref
t/release-pod-syntax.t .. skipped: these tests are for release candidate testing
t/set.t ................. ok
t/storable.t ............ ok
t/threads.t ............. ok
t/write.t ............... ok
All tests successful.
Files=10, Tests=57,  1 wallclock secs ( 0.05 usr  0.00 sys +  0.65 cusr  0.12 csys =  0.82 CPU)
Result: PASS
>>> perl-hash-multivalue: Entering fakeroot...
Manifying 1 pod document
Appending installation info to /home/packager/aports/main/perl-hash-multivalue/pkg/perl-hash-multivalue/usr/lib/perl5/core_perl/perllocal.pod
Installing /home/packager/aports/main/perl-hash-multivalue/pkg/perl-hash-multivalue/usr/share/perl5/vendor_perl/Hash/MultiValue.pm
Installing /home/packager/aports/main/perl-hash-multivalue/pkg/perl-hash-multivalue/usr/share/man/man3/Hash::MultiValue.3pm
>>> perl-hash-multivalue-doc*: Running split function doc...
'usr/share/man' -> '/home/packager/aports/main/perl-hash-multivalue/pkg/perl-hash-multivalue-doc/usr/share/man'
>>> perl-hash-multivalue-doc*: Preparing subpackage perl-hash-multivalue-doc...
>>> perl-hash-multivalue-doc*: Running postcheck for perl-hash-multivalue-doc
>>> perl-hash-multivalue*: Running postcheck for perl-hash-multivalue
>>> perl-hash-multivalue*: Preparing package perl-hash-multivalue...
>>> perl-hash-multivalue-doc*: Tracing dependencies...
>>> perl-hash-multivalue-doc*: Package size: 4.5 KB
>>> perl-hash-multivalue-doc*: Compressing data...
>>> perl-hash-multivalue-doc*: Create checksum...
pigz: not found
>>> perl-hash-multivalue-doc*: Create perl-hash-multivalue-doc-0.16-r4.apk
>>> perl-hash-multivalue*: Tracing dependencies...
	perl
>>> perl-hash-multivalue*: Package size: 14.1 KB
>>> perl-hash-multivalue*: Compressing data...
>>> perl-hash-multivalue*: Create checksum...
pigz: not found
>>> perl-hash-multivalue*: Create perl-hash-multivalue-0.16-r4.apk
>>> perl-hash-multivalue: Build complete at Sun, 18 May 2025 09:23:56 +0000 elapsed time 0h 0m 4s
>>> perl-hash-multivalue: Cleaning up srcdir
>>> perl-hash-multivalue: Cleaning up pkgdir
>>> perl-hash-multivalue: Uninstalling dependencies...
(1/6) Purging .makedepends-perl-hash-multivalue (20250518.092353)
(2/6) Purging git-perl (2.47.2-r0)
(3/6) Purging perl-git (2.47.2-r0)
(4/6) Purging perl-error (0.17030-r0)
(5/6) Purging perl (5.40.2-r0)
(6/6) Purging libbz2 (1.0.8-r6)
Executing busybox-1.37.0-r12.trigger
OK: 261 MiB in 81 packages
>>> perl-hash-multivalue: Updating the main/x86_64 repository index...
>>> perl-hash-multivalue: Signing the index...
pigz: not found
