pigz: not found
>>> perl-file-remove: Building main/perl-file-remove 1.61-r1 (using abuild 3.14.1-r4) started Sun, 18 May 2025 07:50:32 +0000
>>> perl-file-remove: Validating /home/packager/aports/main/perl-file-remove/APKBUILD...
>>> perl-file-remove: Analyzing dependencies...
>>> perl-file-remove: Installing for build: build-base perl perl-module-build
(1/7) Installing libbz2 (1.0.8-r6)
(2/7) Installing perl (5.40.2-r0)
(3/7) Installing perl-module-build (0.4234-r1)
(4/7) Installing .makedepends-perl-file-remove (20250518.075034)
(5/7) Installing perl-error (0.17029-r2)
(6/7) Installing perl-git (2.47.2-r0)
(7/7) Installing git-perl (2.47.2-r0)
Executing busybox-1.37.0-r12.trigger
OK: 298 MiB in 88 packages
>>> perl-file-remove: Cleaning up srcdir
>>> perl-file-remove: Cleaning up pkgdir
>>> perl-file-remove: Cleaning up tmpdir
>>> perl-file-remove: Fetching https://cpan.metacpan.org/authors/id/S/SH/SHLOMIF/File-Remove-1.61.tar.gz
Connecting to cpan.metacpan.org (146.75.122.217:443)
saving to '/var/cache/distfiles/File-Remove-1.61.tar.gz.part'
File-Remove-1.61.tar 100% |********************************| 26346  0:00:00 ETA
'/var/cache/distfiles/File-Remove-1.61.tar.gz.part' saved
>>> perl-file-remove: Fetching https://cpan.metacpan.org/authors/id/S/SH/SHLOMIF/File-Remove-1.61.tar.gz
>>> perl-file-remove: Checking sha512sums...
File-Remove-1.61.tar.gz: OK
>>> perl-file-remove: Unpacking /var/cache/distfiles/File-Remove-1.61.tar.gz...
Created MYMETA.yml and MYMETA.json
Creating new 'Build' script for 'File-Remove' version '1.61'
Building File-Remove
t/00-compile.t ........ ok
t/01_compile.t ........ ok
t/02_directories.t .... ok
t/03_deep_readonly.t .. ok
t/04_can_delete.t ..... ok
t/05_links.t .......... ok
t/06_curly.t .......... ok
t/07_cwd.t ............ ok
t/08_spaces.t ......... ok
t/09_fork.t ........... ok
t/10_noglob.t ......... ok
All tests successful.
Files=11, Tests=222,  4 wallclock secs ( 0.04 usr  0.04 sys +  0.85 cusr  0.18 csys =  1.11 CPU)
Result: PASS
>>> perl-file-remove: Entering fakeroot...
Building File-Remove
Installing /home/packager/aports/main/perl-file-remove/pkg/perl-file-remove/usr/share/perl5/vendor_perl/File/Remove.pm
Installing /home/packager/aports/main/perl-file-remove/pkg/perl-file-remove/usr/share/man/man3/File::Remove.3pm
>>> perl-file-remove-doc*: Running split function doc...
'usr/share/man' -> '/home/packager/aports/main/perl-file-remove/pkg/perl-file-remove-doc/usr/share/man'
>>> perl-file-remove-doc*: Preparing subpackage perl-file-remove-doc...
>>> perl-file-remove-doc*: Running postcheck for perl-file-remove-doc
>>> perl-file-remove*: Running postcheck for perl-file-remove
>>> perl-file-remove*: Preparing package perl-file-remove...
>>> perl-file-remove-doc*: Tracing dependencies...
>>> perl-file-remove-doc*: Package size: 3.6 KB
>>> perl-file-remove-doc*: Compressing data...
>>> perl-file-remove-doc*: Create checksum...
pigz: not found
>>> perl-file-remove-doc*: Create perl-file-remove-doc-1.61-r1.apk
>>> perl-file-remove*: Tracing dependencies...
	perl
>>> perl-file-remove*: Package size: 14.1 KB
>>> perl-file-remove*: Compressing data...
>>> perl-file-remove*: Create checksum...
pigz: not found
>>> perl-file-remove*: Create perl-file-remove-1.61-r1.apk
>>> perl-file-remove: Build complete at Sun, 18 May 2025 07:50:41 +0000 elapsed time 0h 0m 9s
>>> perl-file-remove: Cleaning up srcdir
>>> perl-file-remove: Cleaning up pkgdir
>>> perl-file-remove: Uninstalling dependencies...
(1/7) Purging .makedepends-perl-file-remove (20250518.075034)
(2/7) Purging perl-module-build (0.4234-r1)
(3/7) Purging git-perl (2.47.2-r0)
(4/7) Purging perl-git (2.47.2-r0)
(5/7) Purging perl-error (0.17029-r2)
(6/7) Purging perl (5.40.2-r0)
(7/7) Purging libbz2 (1.0.8-r6)
Executing busybox-1.37.0-r12.trigger
OK: 261 MiB in 81 packages
>>> perl-file-remove: Updating the main/x86_64 repository index...
>>> perl-file-remove: Signing the index...
pigz: not found
