>>> perl-dbd-sqlite: Validating /home/packager/oily-pine/main/perl-dbd-sqlite/APKBUILD...
>>> perl-dbd-sqlite: Cleaning up srcdir
>>> perl-dbd-sqlite: Cleaning up pkgdir
>>> perl-dbd-sqlite: Cleaning up tmpdir
>>> perl-dbd-sqlite: Fetching https://cpan.metacpan.org/authors/id/I/IS/ISHIGAKI/DBD-SQLite-1.76.tar.gz
  % Total    % Received % Xferd  Average Speed   Time    Time     Time  Current
                                 Dload  Upload   Total   Spent    Left  Speed
  0     0    0     0    0     0      0      0 --:--:-- --:--:-- --:--:--     0  0     0    0     0    0     0      0      0 --:--:-- --:--:-- --:--:--     0100 2682k  100 2682k    0     0  2800k      0 --:--:-- --:--:-- --:--:-- 2797k
>>> perl-dbd-sqlite: Fetching https://cpan.metacpan.org/authors/id/I/IS/ISHIGAKI/DBD-SQLite-1.76.tar.gz
>>> perl-dbd-sqlite: Checking sha512sums...
DBD-SQLite-1.76.tar.gz: OK
perl-DBD-SQLite-bz543982.patch: OK
>>> perl-dbd-sqlite: Preparing build chroot...
fetch http://dl-cdn.alpinelinux.org/alpine/edge/main/x86_64/APKINDEX.tar.gz
(1/82) Installing musl (1.2.5-r10)
(2/82) Installing libcrypto3 (3.5.0-r0)
(3/82) Installing ca-certificates-bundle (20241121-r2)
(4/82) Installing libssl3 (3.5.0-r0)
(5/82) Installing zlib (1.3.1-r2)
(6/82) Installing libapk2 (2.14.9-r2)
(7/82) Installing apk-tools (2.14.9-r2)
(8/82) Installing libcap2 (2.76-r0)
(9/82) Installing libcap-getcap (2.76-r0)
(10/82) Installing fakeroot (1.37.1.1-r0)
(11/82) Installing scanelf (1.3.8-r1)
(12/82) Installing musl-utils (1.2.5-r10)
(13/82) Installing libgcc (14.3.0-r1)
(14/82) Installing libstdc++ (14.3.0-r1)
(15/82) Installing lzip (1.25-r0)
(16/82) Installing openssl (3.5.0-r0)
(17/82) Installing patch (2.8-r0)
(18/82) Installing pkgconf (2.4.3-r0)
(19/82) Installing acl-libs (2.3.2-r1)
(20/82) Installing tar (1.35-r3)
(21/82) Installing busybox (1.37.0-r18)
Executing busybox-1.37.0-r18.post-install
(22/82) Installing ssl_client (1.37.0-r18)
(23/82) Installing busybox-binsh (1.37.0-r18)
(24/82) Installing abuild (3.15.0-r0)
Executing abuild-3.15.0-r0.pre-install
(25/82) Installing abuild-sudo (3.15.0-r0)
(26/82) Installing alpine-baselayout-data (3.7.0-r0)
(27/82) Installing alpine-baselayout (3.7.0-r0)
Executing alpine-baselayout-3.7.0-r0.pre-install
Executing alpine-baselayout-3.7.0-r0.post-install
(28/82) Installing bridge (1.5-r5)
(29/82) Installing ifupdown-ng (0.12.1-r7)
(30/82) Installing openrc-user (0.62.2-r2)
(31/82) Installing openrc (0.62.2-r2)
Executing openrc-0.62.2-r2.post-install
(32/82) Installing mdev-conf (4.8-r0)
(33/82) Installing busybox-mdev-openrc (1.37.0-r18)
(34/82) Installing alpine-conf (3.20.0-r0)
(35/82) Installing alpine-keys (2.5-r0)
(36/82) Installing alpine-release (3.22.0-r0)
(37/82) Installing busybox-openrc (1.37.0-r18)
(38/82) Installing busybox-suid (1.37.0-r18)
(39/82) Installing alpine-base (3.22.0-r0)
(40/82) Installing jansson (2.14.1-r0)
(41/82) Installing zstd-libs (1.5.7-r0)
(42/82) Installing binutils (2.44-r0)
(43/82) Installing libmagic (5.46-r2)
(44/82) Installing file (5.46-r2)
(45/82) Installing libgomp (14.3.0-r1)
(46/82) Installing libatomic (14.3.0-r1)
(47/82) Installing gmp (6.3.0-r3)
(48/82) Installing isl26 (0.26-r1)
(49/82) Installing mpfr4 (4.2.1_p1-r0)
(50/82) Installing mpc1 (1.3.1-r1)
(51/82) Installing gcc (14.3.0-r1)
(52/82) Installing libstdc++-dev (14.3.0-r1)
(53/82) Installing musl-dev (1.2.5-r10)
(54/82) Installing g++ (14.3.0-r1)
(55/82) Installing make (4.4.1-r3)
(56/82) Installing fortify-headers (1.1-r5)
(57/82) Installing build-base (0.5-r3)
(58/82) Installing brotli-libs (1.1.0-r2)
(59/82) Installing c-ares (1.34.5-r0)
(60/82) Installing libunistring (1.3-r0)
(61/82) Installing libidn2 (2.3.7-r0)
(62/82) Installing nghttp2-libs (1.65.0-r0)
(63/82) Installing libpsl (0.21.5-r3)
(64/82) Installing libcurl (8.14.0-r2)
(65/82) Installing libexpat (2.7.1-r0)
(66/82) Installing pcre2 (10.43-r1)
(67/82) Installing git (2.49.0-r0)
(68/82) Installing git-init-template (2.49.0-r0)
(69/82) Installing libbz2 (1.0.8-r6)
(70/82) Installing perl (5.40.2-r0)
(71/82) Installing perl-error (0.17030-r0)
(72/82) Installing perl-git (2.49.0-r0)
(73/82) Installing git-perl (2.49.0-r0)
(74/82) Installing perl-dbi (1.647-r0)
(75/82) Installing perl-utils (5.40.2-r0)
(76/82) Installing perl-dev (5.40.2-r0)
(77/82) Installing ncurses-terminfo-base (6.5_p20250503-r0)
(78/82) Installing libncursesw (6.5_p20250503-r0)
(79/82) Installing readline (8.2.13-r1)
(80/82) Installing sqlite (3.50.0-r0)
(81/82) Installing sqlite-libs (3.50.0-r0)
(82/82) Installing sqlite-dev (3.50.0-r0)
Executing busybox-1.37.0-r18.trigger
OK: 312 MiB in 82 packages
>>> perl-dbd-sqlite: Fetching https://cpan.metacpan.org/authors/id/I/IS/ISHIGAKI/DBD-SQLite-1.76.tar.gz
>>> perl-dbd-sqlite: Checking sha512sums...
DBD-SQLite-1.76.tar.gz: OK
perl-DBD-SQLite-bz543982.patch: OK
>>> perl-dbd-sqlite: Unpacking /var/cache/distfiles/DBD-SQLite-1.76.tar.gz...
>>> perl-dbd-sqlite: perl-DBD-SQLite-bz543982.patch
patching file Makefile.PL
Hunk #1 succeeded at 129 (offset 6 lines).
Checking if your kit is complete...
Looks good
Using DBI 1.647 (for perl 5.040002 on x86_64-linux-thread-multi) installed in /usr/lib/perl5/vendor_perl/auto/DBI/
Generating a Unix-style Makefile
Writing Makefile for DBD::SQLite
Writing MYMETA.yml and MYMETA.json
Running Mkbootstrap for SQLite ()
"/usr/bin/perl" -p -e "s/~DRIVER~/SQLite/g" /usr/lib/perl5/vendor_perl/auto/DBI/Driver.xst > SQLite.xsi
cc -c  -I. -I/usr/lib/perl5/vendor_perl/auto/DBI -D_REENTRANT -D_GNU_SOURCE -D_GNU_SOURCE -fwrapv -fno-strict-aliasing -pipe -fstack-protector-strong -D_LARGEFILE_SOURCE -D_FILE_OFFSET_BITS=64 -Wl,-Bsymbolic -Os -fstack-clash-protection -Wformat -Werror=format-security -fno-plt -O2   -DVERSION=\"1.76\" -DXS_VERSION=\"1.76\" -fPIC "-I/usr/lib/perl5/core_perl/CORE"  -DSQLITE_ENABLE_FTS4 -DSQLITE_ENABLE_FTS3_PARENTHESIS -DSQLITE_ENABLE_RTREE -DSQLITE_ENABLE_COLUMN_METADATA -DSQLITE_ENABLE_JSON1 -DSQLITE_ENABLE_FTS5 -DSQLITE_ENABLE_MATH_FUNCTIONS -DNDEBUG=1 -DHAVE_USLEEP=1 dbdimp.c
"/usr/bin/perl" "/usr/share/perl5/core_perl/ExtUtils/xsubpp"  -typemap '/usr/share/perl5/core_perl/ExtUtils/typemap' -typemap '/tmp/src/DBD-SQLite-1.76/typemap'  SQLite.xs > SQLite.xsc
chmod 644 "SQLite.bs"
"/usr/bin/perl" -MExtUtils::Command::MM -e 'cp_nonempty' -- SQLite.bs blib/arch/auto/DBD/SQLite/SQLite.bs 644
cp lib/DBD/SQLite/Constants.pm blib/lib/DBD/SQLite/Constants.pm
cp lib/DBD/SQLite/VirtualTable.pm blib/lib/DBD/SQLite/VirtualTable.pm
cp lib/DBD/SQLite/VirtualTable/PerlData.pm blib/lib/DBD/SQLite/VirtualTable/PerlData.pm
cp lib/DBD/SQLite/GetInfo.pm blib/lib/DBD/SQLite/GetInfo.pm
cp lib/DBD/SQLite/Cookbook.pod blib/lib/DBD/SQLite/Cookbook.pod
cp lib/DBD/SQLite/Fulltext_search.pod blib/lib/DBD/SQLite/Fulltext_search.pod
cp lib/DBD/SQLite.pm blib/lib/DBD/SQLite.pm
cp lib/DBD/SQLite/VirtualTable/FileContent.pm blib/lib/DBD/SQLite/VirtualTable/FileContent.pm
mv SQLite.xsc SQLite.c
cc -c  -I. -I/usr/lib/perl5/vendor_perl/auto/DBI -D_REENTRANT -D_GNU_SOURCE -D_GNU_SOURCE -fwrapv -fno-strict-aliasing -pipe -fstack-protector-strong -D_LARGEFILE_SOURCE -D_FILE_OFFSET_BITS=64 -Wl,-Bsymbolic -Os -fstack-clash-protection -Wformat -Werror=format-security -fno-plt -O2   -DVERSION=\"1.76\" -DXS_VERSION=\"1.76\" -fPIC "-I/usr/lib/perl5/core_perl/CORE"  -DSQLITE_ENABLE_FTS4 -DSQLITE_ENABLE_FTS3_PARENTHESIS -DSQLITE_ENABLE_RTREE -DSQLITE_ENABLE_COLUMN_METADATA -DSQLITE_ENABLE_JSON1 -DSQLITE_ENABLE_FTS5 -DSQLITE_ENABLE_MATH_FUNCTIONS -DNDEBUG=1 -DHAVE_USLEEP=1 SQLite.c
rm -f blib/arch/auto/DBD/SQLite/SQLite.so
LD_RUN_PATH="/usr/lib" cc  -shared -Os -fstack-clash-protection -Wformat -Werror=format-security -fno-plt -O2 -L/usr/local/lib -fstack-protector-strong -Wl,-Bsymbolic  SQLite.o dbdimp.o  -o blib/arch/auto/DBD/SQLite/SQLite.so  \
   -lsqlite3   \
  
chmod 755 blib/arch/auto/DBD/SQLite/SQLite.so
Manifying 7 pod documents
"/usr/bin/perl" -MExtUtils::Command::MM -e 'cp_nonempty' -- SQLite.bs blib/arch/auto/DBD/SQLite/SQLite.bs 644
PERL_DL_NONLAZY=1 "/usr/bin/perl" "-MExtUtils::Command::MM" "-MTest::Harness" "-e" "undef *Test::Harness::Switches; test_harness(0, 'blib/lib', 'blib/arch')" t/*.t t/*/*.t
# $DBI::VERSION=1.647
# Compile Options:
#   ATOMIC_INTRINSICS=1
#   COMPILER=gcc-14.3.0
#   DEFAULT_AUTOVACUUM
#   DEFAULT_CACHE_SIZE=-2000
#   DEFAULT_FILE_FORMAT=4
#   DEFAULT_JOURNAL_SIZE_LIMIT=-1
#   DEFAULT_MMAP_SIZE=0
#   DEFAULT_PAGE_SIZE=4096
#   DEFAULT_PCACHE_INITSZ=20
#   DEFAULT_RECURSIVE_TRIGGERS
#   DEFAULT_SECTOR_SIZE=4096
#   DEFAULT_SYNCHRONOUS=2
#   DEFAULT_WAL_AUTOCHECKPOINT=1000
#   DEFAULT_WAL_SYNCHRONOUS=2
#   DEFAULT_WORKER_THREADS=0
#   DIRECT_OVERFLOW_READ
#   ENABLE_COLUMN_METADATA
#   ENABLE_DBSTAT_VTAB
#   ENABLE_FTS3
#   ENABLE_FTS3_PARENTHESIS
#   ENABLE_FTS4
#   ENABLE_FTS5
#   ENABLE_GEOPOLY
#   ENABLE_MATH_FUNCTIONS
#   ENABLE_PREUPDATE_HOOK
#   ENABLE_RTREE
#   ENABLE_SESSION
#   ENABLE_UNLOCK_NOTIFY
#   MALLOC_SOFT_LIMIT=1024
#   MAX_ATTACHED=10
#   MAX_COLUMN=2000
#   MAX_COMPOUND_SELECT=500
#   MAX_DEFAULT_PAGE_SIZE=8192
#   MAX_EXPR_DEPTH=1000
#   MAX_FUNCTION_ARG=1000
#   MAX_LENGTH=1000000000
#   MAX_LIKE_PATTERN_LENGTH=50000
#   MAX_MMAP_SIZE=0x7fff0000
#   MAX_PAGE_COUNT=0xfffffffe
#   MAX_PAGE_SIZE=65536
#   MAX_SQL_LENGTH=1000000000
#   MAX_TRIGGER_DEPTH=1000
#   MAX_VARIABLE_NUMBER=250000
#   MAX_VDBE_OP=250000000
#   MAX_WORKER_THREADS=8
#   MUTEX_PTHREADS
#   SECURE_DELETE
#   SOUNDEX
#   SYSTEM_MALLOC
#   TEMP_STORE=1
#   THREADSAFE=1
#   USE_URI
t/01_compile.t ........................................ ok
# sqlite_version=3.50.0
t/02_logon.t .......................................... ok
t/03_create_table.t ................................... ok
t/04_insert.t ......................................... ok
t/05_select.t ......................................... ok
t/06_tran.t ........................................... ok
t/07_error.t .......................................... ok
t/08_busy.t ........................................... ok
t/09_create_function.t ................................ ok
t/10_create_aggregate.t ............................... ok
t/11_get_info.t ....................................... ok
t/12_unicode.t ........................................ ok
t/13_create_collation.t ............................... ok
t/14_progress_handler.t ............................... ok
t/15_ak_dbd.t ......................................... ok
t/16_column_info.t .................................... ok
t/17_createdrop.t ..................................... ok
t/18_insertfetch.t .................................... ok
t/19_bindparam.t ...................................... ok
t/20_blobs.t .......................................... ok
t/21_blobtext.t ....................................... ok
t/22_listfields.t ..................................... ok
t/23_nulls.t .......................................... ok
t/24_numrows.t ........................................ ok
t/25_chopblanks.t ..................................... ok
t/26_commit.t ......................................... ok
t/27_metadata.t ....................................... ok
t/28_schemachange.t ................................... ok
t/30_auto_rollback.t .................................. ok
t/31_bind_weird_number_param.t ........................ ok
t/32_inactive_error.t ................................. ok
t/33_non_latin_path.t ................................. ok
t/34_online_backup.t .................................. ok
t/35_table_info.t ..................................... ok
t/36_hooks.t .......................................... ok
t/37_regexp.t ......................................... ok
t/38_empty_statement.t ................................ ok
t/39_foreign_keys.t ................................... ok
t/40_multiple_statements.t ............................ ok
t/41_placeholders.t ................................... ok
t/42_primary_key_info.t ............................... ok
t/43_fts3.t ........................................... ok
t/44_rtree.t .......................................... ok
t/45_savepoints.t ..................................... ok
t/46_mod_perl.t ....................................... skipped: requires APR::Table
t/47_execute.t ........................................ ok
t/48_bind_param_is_sticky.t ........................... ok
t/49_trace_and_profile.t .............................. ok
t/50_foreign_key_info.t ............................... ok
t/51_table_column_metadata.t .......................... ok
t/52_db_filename.t .................................... ok
t/53_status.t ......................................... ok
t/54_literal_txn.t .................................... ok
t/55_statistics_info.t ................................ ok
t/56_open_flags.t ..................................... ok
t/57_uri_filename.t ................................... ok
t/58_see_if_its_a_number_and_explicit_binding.t ....... ok
t/59_extended_result_codes.t .......................... skipped: this test is for Win32 only
t/60_readonly.t ....................................... ok
t/61_strlike.t ........................................ ok
t/62_regexp_multibyte_char_class.t .................... ok
t/63_param_values.t ................................... ok
t/64_limit.t .......................................... ok
t/65_db_config.t ...................................... ok
t/66_get_autocommit.t ................................. ok
t/cookbook_variance.t ................................. ok
t/rt_106151_outermost_savepoint.t ..................... ok
t/rt_106950_extra_warnings_with_savepoints.t .......... ok
t/rt_115465_column_info_with_spaces.t ................. ok
t/rt_124227_index_regression.t ........................ ok
t/rt_15186_prepcached.t ............................... ok
t/rt_21406_auto_finish.t .............................. ok
t/rt_25371_asymmetric_unicode.t ....................... ok
t/rt_25460_numeric_aggregate.t ........................ ok
t/rt_25924_user_defined_func_unicode.t ................ ok
t/rt_26775_distinct.t ................................. ok
t/rt_27553_prepared_cache_and_analyze.t ............... ok
t/rt_29058_group_by.t ................................. ok
t/rt_29629_sqlite_where_length.t ...................... ok
t/rt_31324_full_names.t ............................... ok
t/rt_32889_prepare_cached_reexecute.t ................. ok
t/rt_36836_duplicate_key.t ............................ ok
t/rt_36838_unique_and_bus_error.t ..................... ok
t/rt_40594_nullable.t ................................. ok
t/rt_48393_debug_panic_with_commit.t .................. skipped: set $ENV{TEST_DBD_SQLITE_WITH_DEBUGGER} to enable this test
t/rt_50503_fts3.t ..................................... ok
t/rt_52573_manual_exclusive_lock.t .................... ok
t/rt_53235_icu_compatibility.t ........................ skipped: requires SQLite ICU plugin to be enabled
t/rt_62370_diconnected_handles_operation.t ............ ok
t/rt_64177_ping_wipes_out_the_errstr.t ................ ok
t/rt_67581_bind_params_mismatch.t ..................... ok
t/rt_71311_bind_col_and_unicode.t ..................... ok
t/rt_73159_fts_tokenizer_segfault.t ................... ok
t/rt_73787_exponential_buffer_overflow.t .............. ok
t/rt_76395_int_overflow.t ............................. ok
t/rt_77724_primary_key_with_a_whitespace.t ............ ok
t/rt_78833_utf8_flag_for_column_names.t ............... ok
t/rt_81536_multi_column_primary_key_info.t ............ ok
t/rt_88228_sqlite_3_8_0_crash.t ....................... ok
t/rt_96050_db_filename_for_a_closed_database.t ........ ok
t/rt_96877_unicode_statements.t ....................... ok
t/rt_96878_fts_contentless_table.t .................... ok
t/rt_97598_crash_on_disconnect_with_virtual_tables.t .. ok
t/virtual_table/00_base.t ............................. ok
t/virtual_table/01_destroy.t .......................... ok
t/virtual_table/02_find_function.t .................... ok
t/virtual_table/10_filecontent.t ...................... ok
t/virtual_table/11_filecontent_fulltext.t ............. ok
t/virtual_table/20_perldata.t ......................... ok
t/virtual_table/21_perldata_charinfo.t ................ ok
t/virtual_table/rt_124941.t ........................... ok
t/virtual_table/rt_99748.t ............................ ok
t/virtual_table/unknown_op.t .......................... ok
All tests successful.
Files=113, Tests=3863, 13 wallclock secs ( 0.19 usr  0.06 sys +  5.21 cusr  0.97 csys =  6.43 CPU)
Result: PASS
>>> perl-dbd-sqlite: Entering fakeroot...
"/usr/bin/perl" -MExtUtils::Command::MM -e 'cp_nonempty' -- SQLite.bs blib/arch/auto/DBD/SQLite/SQLite.bs 644
Manifying 7 pod documents
Files found in blib/arch: installing files in blib/lib into architecture dependent library tree
Installing /tmp/pkg/perl-dbd-sqlite/usr/lib/perl5/vendor_perl/auto/DBD/SQLite/SQLite.so
Installing /tmp/pkg/perl-dbd-sqlite/usr/lib/perl5/vendor_perl/auto/share/dist/DBD-SQLite/sqlite3.h
Installing /tmp/pkg/perl-dbd-sqlite/usr/lib/perl5/vendor_perl/auto/share/dist/DBD-SQLite/sqlite3.c
Installing /tmp/pkg/perl-dbd-sqlite/usr/lib/perl5/vendor_perl/auto/share/dist/DBD-SQLite/sqlite3ext.h
Installing /tmp/pkg/perl-dbd-sqlite/usr/lib/perl5/vendor_perl/DBD/SQLite.pm
Installing /tmp/pkg/perl-dbd-sqlite/usr/lib/perl5/vendor_perl/DBD/SQLite/Constants.pm
Installing /tmp/pkg/perl-dbd-sqlite/usr/lib/perl5/vendor_perl/DBD/SQLite/Fulltext_search.pod
Installing /tmp/pkg/perl-dbd-sqlite/usr/lib/perl5/vendor_perl/DBD/SQLite/VirtualTable.pm
Installing /tmp/pkg/perl-dbd-sqlite/usr/lib/perl5/vendor_perl/DBD/SQLite/Cookbook.pod
Installing /tmp/pkg/perl-dbd-sqlite/usr/lib/perl5/vendor_perl/DBD/SQLite/GetInfo.pm
Installing /tmp/pkg/perl-dbd-sqlite/usr/lib/perl5/vendor_perl/DBD/SQLite/VirtualTable/PerlData.pm
Installing /tmp/pkg/perl-dbd-sqlite/usr/lib/perl5/vendor_perl/DBD/SQLite/VirtualTable/FileContent.pm
Installing /tmp/pkg/perl-dbd-sqlite/usr/share/man/man3/DBD::SQLite::VirtualTable::FileContent.3pm
Installing /tmp/pkg/perl-dbd-sqlite/usr/share/man/man3/DBD::SQLite.3pm
Installing /tmp/pkg/perl-dbd-sqlite/usr/share/man/man3/DBD::SQLite::Cookbook.3pm
Installing /tmp/pkg/perl-dbd-sqlite/usr/share/man/man3/DBD::SQLite::VirtualTable::PerlData.3pm
Installing /tmp/pkg/perl-dbd-sqlite/usr/share/man/man3/DBD::SQLite::Fulltext_search.3pm
Installing /tmp/pkg/perl-dbd-sqlite/usr/share/man/man3/DBD::SQLite::Constants.3pm
Installing /tmp/pkg/perl-dbd-sqlite/usr/share/man/man3/DBD::SQLite::VirtualTable.3pm
>>> perl-dbd-sqlite-dev*: Running split function dev...
'usr/lib/perl5/vendor_perl/auto/share/dist/DBD-SQLite/sqlite3.h' -> '/tmp/pkg/perl-dbd-sqlite-dev/usr/lib/perl5/vendor_perl/auto/share/dist/DBD-SQLite/sqlite3.h'
'usr/lib/perl5/vendor_perl/auto/share/dist/DBD-SQLite/sqlite3.c' -> '/tmp/pkg/perl-dbd-sqlite-dev/usr/lib/perl5/vendor_perl/auto/share/dist/DBD-SQLite/sqlite3.c'
'usr/lib/perl5/vendor_perl/auto/share/dist/DBD-SQLite/sqlite3ext.h' -> '/tmp/pkg/perl-dbd-sqlite-dev/usr/lib/perl5/vendor_perl/auto/share/dist/DBD-SQLite/sqlite3ext.h'
>>> perl-dbd-sqlite-dev*: Preparing subpackage perl-dbd-sqlite-dev...
>>> perl-dbd-sqlite-dev*: Stripping binaries
>>> perl-dbd-sqlite-dev*: Running postcheck for perl-dbd-sqlite-dev
>>> perl-dbd-sqlite-doc*: Running split function doc...
'usr/lib/perl5/vendor_perl/DBD/SQLite/Fulltext_search.pod' -> '/tmp/pkg/perl-dbd-sqlite-doc/usr/lib/perl5/vendor_perl/DBD/SQLite/Fulltext_search.pod'
'usr/lib/perl5/vendor_perl/DBD/SQLite/Cookbook.pod' -> '/tmp/pkg/perl-dbd-sqlite-doc/usr/lib/perl5/vendor_perl/DBD/SQLite/Cookbook.pod'
'usr/share/man' -> '/tmp/pkg/perl-dbd-sqlite-doc/usr/share/man'
>>> perl-dbd-sqlite-doc*: Preparing subpackage perl-dbd-sqlite-doc...
>>> perl-dbd-sqlite-doc*: Running postcheck for perl-dbd-sqlite-doc
>>> perl-dbd-sqlite*: Running postcheck for perl-dbd-sqlite
>>> perl-dbd-sqlite*: Preparing package perl-dbd-sqlite...
>>> perl-dbd-sqlite*: Stripping binaries
>>> WARNING: perl-dbd-sqlite*: Redundant /usr/lib in rpath found
>>> perl-dbd-sqlite-dev*: Scanning shared objects
>>> perl-dbd-sqlite-doc*: Scanning shared objects
>>> perl-dbd-sqlite*: Scanning shared objects
>>> perl-dbd-sqlite-dev*: Tracing dependencies...
>>> perl-dbd-sqlite-dev*: Package size: 9.3 MB
>>> perl-dbd-sqlite-dev*: Compressing data...
>>> perl-dbd-sqlite-dev*: Create checksum...
>>> perl-dbd-sqlite-dev*: Create perl-dbd-sqlite-dev-1.76-r0.apk
>>> perl-dbd-sqlite-doc*: Tracing dependencies...
>>> perl-dbd-sqlite-doc*: Package size: 71.0 KB
>>> perl-dbd-sqlite-doc*: Compressing data...
>>> perl-dbd-sqlite-doc*: Create checksum...
>>> perl-dbd-sqlite-doc*: Create perl-dbd-sqlite-doc-1.76-r0.apk
>>> perl-dbd-sqlite*: Tracing dependencies...
	perl
	perl-dbi
	so:libc.musl-x86_64.so.1
	so:libsqlite3.so.0
>>> perl-dbd-sqlite*: Package size: 368.5 KB
>>> perl-dbd-sqlite*: Compressing data...
>>> perl-dbd-sqlite*: Create checksum...
>>> perl-dbd-sqlite*: Create perl-dbd-sqlite-1.76-r0.apk
>>> perl-dbd-sqlite: Updating the main/x86_64 repository index...
>>> perl-dbd-sqlite: Signing the index...
>>> perl-dbd-sqlite: Cleaning up srcdir
>>> perl-dbd-sqlite: Cleaning up build chroot
>>> perl-dbd-sqlite: Cleaning up pkgdir
