pigz: not found
>>> perl-file-tail: Building main/perl-file-tail 1.3-r5 (using abuild 3.14.1-r4) started Sun, 18 May 2025 09:35:03 +0000
>>> perl-file-tail: Validating /home/packager/aports/main/perl-file-tail/APKBUILD...
>>> perl-file-tail: Analyzing dependencies...
>>> perl-file-tail: Installing for build: build-base perl perl-dev
(1/8) Installing libbz2 (1.0.8-r6)
(2/8) Installing perl (5.40.2-r0)
(3/8) Installing perl-utils (5.40.2-r0)
(4/8) Installing perl-dev (5.40.2-r0)
(5/8) Installing .makedepends-perl-file-tail (20250518.093505)
(6/8) Installing perl-error (0.17030-r0)
(7/8) Installing perl-git (2.47.2-r0)
(8/8) Installing git-perl (2.47.2-r0)
Executing busybox-1.37.0-r12.trigger
OK: 307 MiB in 89 packages
>>> perl-file-tail: Cleaning up srcdir
>>> perl-file-tail: Cleaning up pkgdir
>>> perl-file-tail: Cleaning up tmpdir
>>> perl-file-tail: Fetching https://cpan.metacpan.org/authors/id/M/MG/MGRABNAR/File-Tail-1.3.tar.gz
Connecting to cpan.metacpan.org (146.75.122.217:443)
saving to '/var/cache/distfiles/File-Tail-1.3.tar.gz.part'
File-Tail-1.3.tar.gz 100% |********************************| 24412  0:00:00 ETA
'/var/cache/distfiles/File-Tail-1.3.tar.gz.part' saved
>>> perl-file-tail: Fetching https://cpan.metacpan.org/authors/id/M/MG/MGRABNAR/File-Tail-1.3.tar.gz
>>> perl-file-tail: Checking sha512sums...
File-Tail-1.3.tar.gz: OK
>>> perl-file-tail: Unpacking /var/cache/distfiles/File-Tail-1.3.tar.gz...

File::Tail will be installed without debugging information.
This information isn't usefull unless you intend to tinker 
with the code. To install with debugging enabled, use:
perl Makefile.PL LOGIT
Checking if your kit is complete...
Looks good
Generating a Unix-style Makefile
Writing Makefile for File::Tail
Writing MYMETA.yml and MYMETA.json
cp Tail.pm blib/lib/File/Tail.pm
Manifying 1 pod document
PERL_DL_NONLAZY=1 "/usr/bin/perl" "-MExtUtils::Command::MM" "-MTest::Harness" "-e" "undef *Test::Harness::Switches; test_harness(0, 'blib/lib', 'blib/arch')" t/*.t
t/10open.t ......... ok
t/20tail.t ......... ok
t/30name_change.t .. ok
All tests successful.
Files=3, Tests=15, 65 wallclock secs ( 0.03 usr  0.00 sys +  0.10 cusr  0.01 csys =  0.14 CPU)
Result: PASS
>>> perl-file-tail: Entering fakeroot...
Manifying 1 pod document
Appending installation info to /home/packager/aports/main/perl-file-tail/pkg/perl-file-tail/usr/lib/perl5/core_perl/perllocal.pod
Installing /home/packager/aports/main/perl-file-tail/pkg/perl-file-tail/usr/share/perl5/vendor_perl/File/Tail.pm
Installing /home/packager/aports/main/perl-file-tail/pkg/perl-file-tail/usr/share/man/man3/File::Tail.3pm
>>> perl-file-tail-doc*: Running split function doc...
'usr/share/man' -> '/home/packager/aports/main/perl-file-tail/pkg/perl-file-tail-doc/usr/share/man'
>>> perl-file-tail-doc*: Preparing subpackage perl-file-tail-doc...
>>> perl-file-tail-doc*: Running postcheck for perl-file-tail-doc
>>> perl-file-tail*: Running postcheck for perl-file-tail
>>> perl-file-tail*: Preparing package perl-file-tail...
>>> perl-file-tail-doc*: Tracing dependencies...
>>> perl-file-tail-doc*: Package size: 5.0 KB
>>> perl-file-tail-doc*: Compressing data...
>>> perl-file-tail-doc*: Create checksum...
pigz: not found
>>> perl-file-tail-doc*: Create perl-file-tail-doc-1.3-r5.apk
>>> perl-file-tail*: Tracing dependencies...
	perl
>>> perl-file-tail*: Package size: 25.2 KB
>>> perl-file-tail*: Compressing data...
>>> perl-file-tail*: Create checksum...
pigz: not found
>>> perl-file-tail*: Create perl-file-tail-1.3-r5.apk
>>> perl-file-tail: Build complete at Sun, 18 May 2025 09:36:13 +0000 elapsed time 0h 1m 10s
>>> perl-file-tail: Cleaning up srcdir
>>> perl-file-tail: Cleaning up pkgdir
>>> perl-file-tail: Uninstalling dependencies...
(1/8) Purging .makedepends-perl-file-tail (20250518.093505)
(2/8) Purging perl-dev (5.40.2-r0)
(3/8) Purging perl-utils (5.40.2-r0)
(4/8) Purging git-perl (2.47.2-r0)
(5/8) Purging perl-git (2.47.2-r0)
(6/8) Purging perl-error (0.17030-r0)
(7/8) Purging perl (5.40.2-r0)
(8/8) Purging libbz2 (1.0.8-r6)
Executing busybox-1.37.0-r12.trigger
OK: 261 MiB in 81 packages
>>> perl-file-tail: Updating the main/x86_64 repository index...
>>> perl-file-tail: Signing the index...
pigz: not found
