pigz: not found
>>> perl-http-body: Building main/perl-http-body 1.23-r0 (using abuild 3.14.1-r4) started Sun, 18 May 2025 09:44:45 +0000
>>> perl-http-body: Validating /home/packager/aports/main/perl-http-body/APKBUILD...
>>> perl-http-body: Analyzing dependencies...
>>> perl-http-body: Installing for build: build-base perl perl-http-message perl-test-deep
(1/14) Installing libbz2 (1.0.8-r6)
(2/14) Installing perl (5.40.2-r0)
(3/14) Installing perl-clone (0.47-r0)
(4/14) Installing perl-http-date (6.06-r0)
(5/14) Installing perl-uri (5.28-r0)
(6/14) Installing perl-io-html (1.004-r1)
(7/14) Installing perl-encode-locale (1.05-r5)
(8/14) Installing perl-lwp-mediatypes (6.04-r3)
(9/14) Installing perl-http-message (7.00-r0)
(10/14) Installing perl-test-deep (1.205-r0)
(11/14) Installing .makedepends-perl-http-body (20250518.094447)
(12/14) Installing perl-error (0.17030-r0)
(13/14) Installing perl-git (2.47.2-r0)
(14/14) Installing git-perl (2.47.2-r0)
Executing busybox-1.37.0-r12.trigger
OK: 298 MiB in 95 packages
>>> perl-http-body: Cleaning up srcdir
>>> perl-http-body: Cleaning up pkgdir
>>> perl-http-body: Cleaning up tmpdir
>>> perl-http-body: Fetching https://cpan.metacpan.org/authors/id/G/GE/GETTY/HTTP-Body-1.23.tar.gz
Connecting to cpan.metacpan.org (146.75.122.217:443)
saving to '/var/cache/distfiles/HTTP-Body-1.23.tar.gz.part'
HTTP-Body-1.23.tar.g 100% |********************************| 26980  0:00:00 ETA
'/var/cache/distfiles/HTTP-Body-1.23.tar.gz.part' saved
>>> perl-http-body: Fetching https://cpan.metacpan.org/authors/id/G/GE/GETTY/HTTP-Body-1.23.tar.gz
>>> perl-http-body: Checking sha512sums...
HTTP-Body-1.23.tar.gz: OK
>>> perl-http-body: Unpacking /var/cache/distfiles/HTTP-Body-1.23.tar.gz...
Checking if your kit is complete...
Looks good
Generating a Unix-style Makefile
Writing Makefile for HTTP::Body
Writing MYMETA.yml and MYMETA.json
cp lib/HTTP/Body/XFormsMultipart.pm blib/lib/HTTP/Body/XFormsMultipart.pm
cp lib/HTTP/Body/OctetStream.pm blib/lib/HTTP/Body/OctetStream.pm
cp lib/HTTP/Body/XForms.pm blib/lib/HTTP/Body/XForms.pm
cp lib/HTTP/Body/MultiPart.pm blib/lib/HTTP/Body/MultiPart.pm
cp lib/HTTP/Body/UrlEncoded.pm blib/lib/HTTP/Body/UrlEncoded.pm
cp lib/HTTP/Body.pm blib/lib/HTTP/Body.pm
Manifying 6 pod documents
PERL_DL_NONLAZY=1 "/usr/bin/perl" "-MExtUtils::Command::MM" "-MTest::Harness" "-e" "undef *Test::Harness::Switches; test_harness(0, 'blib/lib', 'blib/arch')" t/*.t
t/01use.t .................. ok
t/02pod.t .................. skipped: Test::Pod 1.14 required
t/03podcoverage.t .......... skipped: Test::Pod::Coverage 1.04 required
t/04critic.t ............... skipped: Critic test only for developers.
t/04multipart.t ............ ok
t/05urlencoded.t ........... ok
t/06octetstream.t .......... ok
t/07xforms.t ............... ok
t/08multipart-suffix.t ..... ok
t/09rt88342-diff-regexp.t .. ok
t/10mixparamcontent.t ...... ok
t/11new-suffix.t ........... ok
t/12rt88342-new.t .......... ok
All tests successful.
Files=13, Tests=250,  1 wallclock secs ( 0.07 usr  0.01 sys +  1.28 cusr  0.21 csys =  1.57 CPU)
Result: PASS
>>> perl-http-body: Entering fakeroot...
Manifying 6 pod documents
Installing /home/packager/aports/main/perl-http-body/pkg/perl-http-body/usr/share/perl5/vendor_perl/HTTP/Body.pm
Installing /home/packager/aports/main/perl-http-body/pkg/perl-http-body/usr/share/perl5/vendor_perl/HTTP/Body/UrlEncoded.pm
Installing /home/packager/aports/main/perl-http-body/pkg/perl-http-body/usr/share/perl5/vendor_perl/HTTP/Body/XFormsMultipart.pm
Installing /home/packager/aports/main/perl-http-body/pkg/perl-http-body/usr/share/perl5/vendor_perl/HTTP/Body/XForms.pm
Installing /home/packager/aports/main/perl-http-body/pkg/perl-http-body/usr/share/perl5/vendor_perl/HTTP/Body/MultiPart.pm
Installing /home/packager/aports/main/perl-http-body/pkg/perl-http-body/usr/share/perl5/vendor_perl/HTTP/Body/OctetStream.pm
Installing /home/packager/aports/main/perl-http-body/pkg/perl-http-body/usr/share/man/man3/HTTP::Body::MultiPart.3pm
Installing /home/packager/aports/main/perl-http-body/pkg/perl-http-body/usr/share/man/man3/HTTP::Body::UrlEncoded.3pm
Installing /home/packager/aports/main/perl-http-body/pkg/perl-http-body/usr/share/man/man3/HTTP::Body.3pm
Installing /home/packager/aports/main/perl-http-body/pkg/perl-http-body/usr/share/man/man3/HTTP::Body::XFormsMultipart.3pm
Installing /home/packager/aports/main/perl-http-body/pkg/perl-http-body/usr/share/man/man3/HTTP::Body::XForms.3pm
Installing /home/packager/aports/main/perl-http-body/pkg/perl-http-body/usr/share/man/man3/HTTP::Body::OctetStream.3pm
>>> perl-http-body-doc*: Running split function doc...
'usr/share/man' -> '/home/packager/aports/main/perl-http-body/pkg/perl-http-body-doc/usr/share/man'
>>> perl-http-body-doc*: Preparing subpackage perl-http-body-doc...
>>> perl-http-body-doc*: Running postcheck for perl-http-body-doc
>>> perl-http-body*: Running postcheck for perl-http-body
>>> perl-http-body*: Preparing package perl-http-body...
>>> perl-http-body-doc*: Tracing dependencies...
>>> perl-http-body-doc*: Package size: 8.9 KB
>>> perl-http-body-doc*: Compressing data...
>>> perl-http-body-doc*: Create checksum...
pigz: not found
>>> perl-http-body-doc*: Create perl-http-body-doc-1.23-r0.apk
>>> perl-http-body*: Tracing dependencies...
	perl
	perl-http-message
>>> perl-http-body*: Package size: 23.8 KB
>>> perl-http-body*: Compressing data...
>>> perl-http-body*: Create checksum...
pigz: not found
>>> perl-http-body*: Create perl-http-body-1.23-r0.apk
>>> perl-http-body: Build complete at Sun, 18 May 2025 09:44:50 +0000 elapsed time 0h 0m 5s
>>> perl-http-body: Cleaning up srcdir
>>> perl-http-body: Cleaning up pkgdir
>>> perl-http-body: Uninstalling dependencies...
(1/14) Purging .makedepends-perl-http-body (20250518.094447)
(2/14) Purging perl-http-message (7.00-r0)
(3/14) Purging perl-clone (0.47-r0)
(4/14) Purging perl-http-date (6.06-r0)
(5/14) Purging perl-uri (5.28-r0)
(6/14) Purging perl-io-html (1.004-r1)
(7/14) Purging perl-encode-locale (1.05-r5)
(8/14) Purging perl-lwp-mediatypes (6.04-r3)
(9/14) Purging perl-test-deep (1.205-r0)
(10/14) Purging git-perl (2.47.2-r0)
(11/14) Purging perl-git (2.47.2-r0)
(12/14) Purging perl-error (0.17030-r0)
(13/14) Purging perl (5.40.2-r0)
(14/14) Purging libbz2 (1.0.8-r6)
Executing busybox-1.37.0-r12.trigger
OK: 261 MiB in 81 packages
>>> perl-http-body: Updating the main/x86_64 repository index...
>>> perl-http-body: Signing the index...
pigz: not found
