>>> perl-text-wikiformat: Validating /home/packager/oily-pine/main/perl-text-wikiformat/APKBUILD...
>>> perl-text-wikiformat: Cleaning up srcdir
>>> perl-text-wikiformat: Cleaning up pkgdir
>>> perl-text-wikiformat: Cleaning up tmpdir
>>> perl-text-wikiformat: Fetching https://cpan.metacpan.org/authors/id/C/CY/CYCLES/Text-WikiFormat-0.81.tar.gz
  % Total    % Received % Xferd  Average Speed   Time    Time     Time  Current
                                 Dload  Upload   Total   Spent    Left  Speed
  0     0    0     0    0     0      0      0 --:--:-- --:--:-- --:--:--     0100 34409  100 34409    0     0  85949      0 --:--:-- --:--:-- --:--:-- 86022
>>> perl-text-wikiformat: Fetching https://cpan.metacpan.org/authors/id/C/CY/CYCLES/Text-WikiFormat-0.81.tar.gz
>>> perl-text-wikiformat: Checking sha512sums...
Text-WikiFormat-0.81.tar.gz: OK
>>> perl-text-wikiformat: Preparing build chroot...
fetch http://dl-cdn.alpinelinux.org/alpine/edge/main/x86_64/APKINDEX.tar.gz
(1/77) Installing musl (1.2.5-r10)
(2/77) Installing libcrypto3 (3.5.0-r0)
(3/77) Installing ca-certificates-bundle (20241121-r2)
(4/77) Installing libssl3 (3.5.0-r0)
(5/77) Installing zlib (1.3.1-r2)
(6/77) Installing libapk2 (2.14.9-r2)
(7/77) Installing apk-tools (2.14.9-r2)
(8/77) Installing libcap2 (2.76-r0)
(9/77) Installing libcap-getcap (2.76-r0)
(10/77) Installing fakeroot (1.37.1.1-r0)
(11/77) Installing scanelf (1.3.8-r1)
(12/77) Installing musl-utils (1.2.5-r10)
(13/77) Installing libgcc (14.3.0-r1)
(14/77) Installing libstdc++ (14.3.0-r1)
(15/77) Installing lzip (1.25-r0)
(16/77) Installing openssl (3.5.0-r0)
(17/77) Installing patch (2.8-r0)
(18/77) Installing pkgconf (2.4.3-r0)
(19/77) Installing acl-libs (2.3.2-r1)
(20/77) Installing tar (1.35-r3)
(21/77) Installing busybox (1.37.0-r18)
Executing busybox-1.37.0-r18.post-install
(22/77) Installing ssl_client (1.37.0-r18)
(23/77) Installing busybox-binsh (1.37.0-r18)
(24/77) Installing abuild (3.15.0-r0)
Executing abuild-3.15.0-r0.pre-install
(25/77) Installing abuild-sudo (3.15.0-r0)
(26/77) Installing alpine-baselayout-data (3.7.0-r0)
(27/77) Installing alpine-baselayout (3.7.0-r0)
Executing alpine-baselayout-3.7.0-r0.pre-install
Executing alpine-baselayout-3.7.0-r0.post-install
(28/77) Installing bridge (1.5-r5)
(29/77) Installing ifupdown-ng (0.12.1-r7)
(30/77) Installing openrc-user (0.62.2-r2)
(31/77) Installing openrc (0.62.2-r2)
Executing openrc-0.62.2-r2.post-install
(32/77) Installing mdev-conf (4.8-r0)
(33/77) Installing busybox-mdev-openrc (1.37.0-r18)
(34/77) Installing alpine-conf (3.20.0-r0)
(35/77) Installing alpine-keys (2.5-r0)
(36/77) Installing alpine-release (3.22.0-r0)
(37/77) Installing busybox-openrc (1.37.0-r18)
(38/77) Installing busybox-suid (1.37.0-r18)
(39/77) Installing alpine-base (3.22.0-r0)
(40/77) Installing jansson (2.14.1-r0)
(41/77) Installing zstd-libs (1.5.7-r0)
(42/77) Installing binutils (2.44-r0)
(43/77) Installing libmagic (5.46-r2)
(44/77) Installing file (5.46-r2)
(45/77) Installing libgomp (14.3.0-r1)
(46/77) Installing libatomic (14.3.0-r1)
(47/77) Installing gmp (6.3.0-r3)
(48/77) Installing isl26 (0.26-r1)
(49/77) Installing mpfr4 (4.2.1_p1-r0)
(50/77) Installing mpc1 (1.3.1-r1)
(51/77) Installing gcc (14.3.0-r1)
(52/77) Installing libstdc++-dev (14.3.0-r1)
(53/77) Installing musl-dev (1.2.5-r10)
(54/77) Installing g++ (14.3.0-r1)
(55/77) Installing make (4.4.1-r3)
(56/77) Installing fortify-headers (1.1-r5)
(57/77) Installing build-base (0.5-r3)
(58/77) Installing brotli-libs (1.1.0-r2)
(59/77) Installing c-ares (1.34.5-r0)
(60/77) Installing libunistring (1.3-r0)
(61/77) Installing libidn2 (2.3.7-r0)
(62/77) Installing nghttp2-libs (1.65.0-r0)
(63/77) Installing libpsl (0.21.5-r3)
(64/77) Installing libcurl (8.14.0-r2)
(65/77) Installing libexpat (2.7.1-r0)
(66/77) Installing pcre2 (10.43-r1)
(67/77) Installing git (2.49.0-r0)
(68/77) Installing git-init-template (2.49.0-r0)
(69/77) Installing libbz2 (1.0.8-r6)
(70/77) Installing perl (5.40.2-r0)
(71/77) Installing perl-error (0.17030-r0)
(72/77) Installing perl-git (2.49.0-r0)
(73/77) Installing git-perl (2.49.0-r0)
(74/77) Installing perl-utils (5.40.2-r0)
(75/77) Installing perl-dev (5.40.2-r0)
(76/77) Installing perl-module-build (0.4234-r1)
(77/77) Installing perl-uri (5.28-r0)
Executing busybox-1.37.0-r18.trigger
OK: 306 MiB in 77 packages
>>> perl-text-wikiformat: Fetching https://cpan.metacpan.org/authors/id/C/CY/CYCLES/Text-WikiFormat-0.81.tar.gz
>>> perl-text-wikiformat: Checking sha512sums...
Text-WikiFormat-0.81.tar.gz: OK
>>> perl-text-wikiformat: Unpacking /var/cache/distfiles/Text-WikiFormat-0.81.tar.gz...
Created MYMETA.yml and MYMETA.json
Creating new 'Build' script for 'Text-WikiFormat' version '0.81'
Building Text-WikiFormat
t/Wiki.t ................. ok
t/absolute_links.t ....... ok
t/base.t ................. ok
t/bugs.t ................. ok
t/embedded-links.t ....... ok
t/explicit.t ............. ok
t/implicit.t ............. ok
t/kake.t ................. ok
t/lists-nested.t ......... ok
t/lists-no-indent.t ...... ok
t/lists.t ................ ok
t/merge-hash.t ........... ok
t/tag-override-use-as.t .. ok
t/tag-override.t ......... ok
All tests successful.
Files=14, Tests=143,  1 wallclock secs ( 0.02 usr  0.01 sys +  0.49 cusr  0.09 csys =  0.61 CPU)
Result: PASS
>>> perl-text-wikiformat: Entering fakeroot...
Building Text-WikiFormat
Installing /tmp/pkg/perl-text-wikiformat/usr/share/perl5/vendor_perl/Text/WikiFormat.pm
Installing /tmp/pkg/perl-text-wikiformat/usr/share/perl5/vendor_perl/Text/WikiFormat/Blocks.pm
Installing /tmp/pkg/perl-text-wikiformat/usr/share/man/man3/Text::WikiFormat::Blocks.3pm
Installing /tmp/pkg/perl-text-wikiformat/usr/share/man/man3/Text::WikiFormat.3pm
>>> perl-text-wikiformat-doc*: Running split function doc...
'usr/share/man' -> '/tmp/pkg/perl-text-wikiformat-doc/usr/share/man'
>>> perl-text-wikiformat-doc*: Preparing subpackage perl-text-wikiformat-doc...
>>> perl-text-wikiformat-doc*: Running postcheck for perl-text-wikiformat-doc
>>> perl-text-wikiformat*: Running postcheck for perl-text-wikiformat
>>> perl-text-wikiformat*: Preparing package perl-text-wikiformat...
>>> perl-text-wikiformat-doc*: Tracing dependencies...
>>> perl-text-wikiformat-doc*: Package size: 8.4 KB
>>> perl-text-wikiformat-doc*: Compressing data...
>>> perl-text-wikiformat-doc*: Create checksum...
>>> perl-text-wikiformat-doc*: Create perl-text-wikiformat-doc-0.81-r4.apk
>>> perl-text-wikiformat*: Tracing dependencies...
	perl
	perl-uri
>>> perl-text-wikiformat*: Package size: 26.4 KB
>>> perl-text-wikiformat*: Compressing data...
>>> perl-text-wikiformat*: Create checksum...
>>> perl-text-wikiformat*: Create perl-text-wikiformat-0.81-r4.apk
>>> perl-text-wikiformat: Updating the main/x86_64 repository index...
>>> perl-text-wikiformat: Signing the index...
>>> perl-text-wikiformat: Cleaning up srcdir
>>> perl-text-wikiformat: Cleaning up build chroot
>>> perl-text-wikiformat: Cleaning up pkgdir
