pigz: not found
>>> perl-module-scandeps: Building main/perl-module-scandeps 1.37-r0 (using abuild 3.14.1-r4) started Sun, 18 May 2025 07:50:23 +0000
>>> perl-module-scandeps: Validating /home/packager/aports/main/perl-module-scandeps/APKBUILD...
>>> perl-module-scandeps: Analyzing dependencies...
>>> perl-module-scandeps: Installing for build: build-base perl perl-ipc-run3 perl-test-requires
(1/8) Installing libbz2 (1.0.8-r6)
(2/8) Installing perl (5.40.2-r0)
(3/8) Installing perl-ipc-run3 (0.049-r1)
(4/8) Installing perl-test-requires (0.11-r3)
(5/8) Installing .makedepends-perl-module-scandeps (20250518.075024)
(6/8) Installing perl-error (0.17029-r2)
(7/8) Installing perl-git (2.47.2-r0)
(8/8) Installing git-perl (2.47.2-r0)
Executing busybox-1.37.0-r12.trigger
OK: 297 MiB in 89 packages
>>> perl-module-scandeps: Cleaning up srcdir
>>> perl-module-scandeps: Cleaning up pkgdir
>>> perl-module-scandeps: Cleaning up tmpdir
>>> perl-module-scandeps: Fetching https://cpan.metacpan.org/authors/id/R/RS/RSCHUPP/Module-ScanDeps-1.37.tar.gz
Connecting to cpan.metacpan.org (146.75.122.217:443)
saving to '/var/cache/distfiles/Module-ScanDeps-1.37.tar.gz.part'
Module-ScanDeps-1.37 100% |********************************| 60271  0:00:00 ETA
'/var/cache/distfiles/Module-ScanDeps-1.37.tar.gz.part' saved
>>> perl-module-scandeps: Fetching https://cpan.metacpan.org/authors/id/R/RS/RSCHUPP/Module-ScanDeps-1.37.tar.gz
>>> perl-module-scandeps: Checking sha512sums...
Module-ScanDeps-1.37.tar.gz: OK
>>> perl-module-scandeps: Unpacking /var/cache/distfiles/Module-ScanDeps-1.37.tar.gz...
Checking if your kit is complete...
Looks good
Generating a Unix-style Makefile
Writing Makefile for Module::ScanDeps
Writing MYMETA.yml and MYMETA.json
cp lib/Module/ScanDeps.pm blib/lib/Module/ScanDeps.pm
cp lib/Module/ScanDeps/Cache.pm blib/lib/Module/ScanDeps/Cache.pm
cp script/scandeps.pl blib/script/scandeps.pl
"/usr/bin/perl" -MExtUtils::MY -e 'MY->fixin(shift)' -- blib/script/scandeps.pl
Manifying 1 pod document
Manifying 1 pod document
PERL_DL_NONLAZY=1 "/usr/bin/perl" "-MExtUtils::Command::MM" "-MTest::Harness" "-e" "undef *Test::Harness::Switches; test_harness(0, 'blib/lib', 'blib/arch')" t/*.t
t/0-pod.t ....................................... skipped: Test requires module 'Test::Pod' but it's not found
t/1-static_functional_interface_real.t .......... ok
t/10-case-insensitive-keys.t .................... skipped: Test irrelevant on case-sensitive systems
t/12-ScanFileRE.t ............................... ok
t/13-static_prefork_test.t ...................... ok
t/14-scan_chunk.t ............................... ok
0
Couldn't retrieve data from file deps_cache.dat. Building new cache.
t/14-static_functional_cached.t ................. ok
t/16-scan_line.t ................................ ok
t/17-private_methods.t .......................... ok
t/18-findbin.t .................................. ok
# use autosplitted module - static scan
# use autosplitted module - runtime scan, absolute search path
# use autosplitted module - runtime scan, relative search path
t/19-autosplit.t ................................ ok
t/2-static_functional_interface_fake.t .......... ok
t/20-_parse_libs.t .............................. ok
t/3-static_oo_interface_real.t .................. ok
t/4-static_functional_interface_options_fake.t .. ok
t/5-pluggable_fake.t ............................ ok
t/6-file-glob.t ................................. ok
# dynamic modules used for test: File::Glob Data::Dumper List::Util Time::HiRes Compress::Raw::Zlib
# check_bundle_path:static for File::Glob ...
/tmp/h_sGHad1S4 syntax OK
# check_bundle_path:compile for File::Glob ...
# check_bundle_path:execute for File::Glob ...
# check_bundle_path:execute_with_args for File::Glob ...
# check_bundle_path:static for Data::Dumper ...
/tmp/AIHVW_DHUe syntax OK
# check_bundle_path:compile for Data::Dumper ...
# check_bundle_path:execute for Data::Dumper ...
# check_bundle_path:execute_with_args for Data::Dumper ...
# check_bundle_path:static for List::Util ...
/tmp/JMqacTqyK5 syntax OK
# check_bundle_path:compile for List::Util ...
# check_bundle_path:execute for List::Util ...
# check_bundle_path:execute_with_args for List::Util ...
# check_bundle_path:static for Time::HiRes ...
/tmp/ejcWe5Jcvv syntax OK
# check_bundle_path:compile for Time::HiRes ...
# check_bundle_path:execute for Time::HiRes ...
# check_bundle_path:execute_with_args for Time::HiRes ...
# check_bundle_path:static for Compress::Raw::Zlib ...
/tmp/VM8WOYJbK5 syntax OK
# check_bundle_path:compile for Compress::Raw::Zlib ...
# check_bundle_path:execute for Compress::Raw::Zlib ...
# check_bundle_path:execute_with_args for Compress::Raw::Zlib ...
t/7-check-dynaloader.t .......................... ok
t/8-check_duplicated_entries.t .................. ok
t/9-check_path_to_inc_name.t .................... ok
t/rt90869.t ..................................... ok
All tests successful.
Files=21, Tests=201,  5 wallclock secs ( 0.18 usr  0.03 sys +  3.66 cusr  0.62 csys =  4.49 CPU)
Result: PASS
>>> perl-module-scandeps: Entering fakeroot...
Manifying 1 pod document
Manifying 1 pod document
Installing /home/packager/aports/main/perl-module-scandeps/pkg/perl-module-scandeps/usr/share/perl5/vendor_perl/Module/ScanDeps.pm
Installing /home/packager/aports/main/perl-module-scandeps/pkg/perl-module-scandeps/usr/share/perl5/vendor_perl/Module/ScanDeps/Cache.pm
Installing /home/packager/aports/main/perl-module-scandeps/pkg/perl-module-scandeps/usr/share/man/man1/scandeps.pl.1
Installing /home/packager/aports/main/perl-module-scandeps/pkg/perl-module-scandeps/usr/share/man/man3/Module::ScanDeps.3pm
Installing /home/packager/aports/main/perl-module-scandeps/pkg/perl-module-scandeps/usr/bin/scandeps.pl
>>> perl-module-scandeps-doc*: Running split function doc...
'usr/share/man' -> '/home/packager/aports/main/perl-module-scandeps/pkg/perl-module-scandeps-doc/usr/share/man'
>>> perl-module-scandeps-doc*: Preparing subpackage perl-module-scandeps-doc...
>>> perl-module-scandeps-doc*: Running postcheck for perl-module-scandeps-doc
>>> perl-module-scandeps*: Running postcheck for perl-module-scandeps
>>> perl-module-scandeps*: Preparing package perl-module-scandeps...
>>> perl-module-scandeps-doc*: Tracing dependencies...
>>> perl-module-scandeps-doc*: Package size: 6.6 KB
>>> perl-module-scandeps-doc*: Compressing data...
>>> perl-module-scandeps-doc*: Create checksum...
pigz: not found
>>> perl-module-scandeps-doc*: Create perl-module-scandeps-doc-1.37-r0.apk
>>> perl-module-scandeps*: Tracing dependencies...
	perl
>>> perl-module-scandeps*: Package size: 69.1 KB
>>> perl-module-scandeps*: Compressing data...
>>> perl-module-scandeps*: Create checksum...
pigz: not found
>>> perl-module-scandeps*: Create perl-module-scandeps-1.37-r0.apk
>>> perl-module-scandeps: Build complete at Sun, 18 May 2025 07:50:31 +0000 elapsed time 0h 0m 8s
>>> perl-module-scandeps: Cleaning up srcdir
>>> perl-module-scandeps: Cleaning up pkgdir
>>> perl-module-scandeps: Uninstalling dependencies...
(1/8) Purging .makedepends-perl-module-scandeps (20250518.075024)
(2/8) Purging perl-ipc-run3 (0.049-r1)
(3/8) Purging perl-test-requires (0.11-r3)
(4/8) Purging git-perl (2.47.2-r0)
(5/8) Purging perl-git (2.47.2-r0)
(6/8) Purging perl-error (0.17029-r2)
(7/8) Purging perl (5.40.2-r0)
(8/8) Purging libbz2 (1.0.8-r6)
Executing busybox-1.37.0-r12.trigger
OK: 261 MiB in 81 packages
>>> perl-module-scandeps: Updating the main/x86_64 repository index...
>>> perl-module-scandeps: Signing the index...
pigz: not found
