pigz: not found
>>> perl-mro-compat: Building main/perl-mro-compat 0.15-r2 (using abuild 3.14.1-r4) started Sun, 18 May 2025 07:49:39 +0000
>>> perl-mro-compat: Validating /home/packager/aports/main/perl-mro-compat/APKBUILD...
>>> perl-mro-compat: Analyzing dependencies...
>>> perl-mro-compat: Installing for build: build-base perl perl-dev
(1/8) Installing libbz2 (1.0.8-r6)
(2/8) Installing perl (5.40.2-r0)
(3/8) Installing perl-utils (5.40.2-r0)
(4/8) Installing perl-dev (5.40.2-r0)
(5/8) Installing .makedepends-perl-mro-compat (20250518.074941)
(6/8) Installing perl-error (0.17029-r2)
(7/8) Installing perl-git (2.47.2-r0)
(8/8) Installing git-perl (2.47.2-r0)
Executing busybox-1.37.0-r12.trigger
OK: 307 MiB in 89 packages
>>> perl-mro-compat: Cleaning up srcdir
>>> perl-mro-compat: Cleaning up pkgdir
>>> perl-mro-compat: Cleaning up tmpdir
>>> perl-mro-compat: Fetching https://cpan.metacpan.org/authors/id/H/HA/HAARG/MRO-Compat-0.15.tar.gz
Connecting to cpan.metacpan.org (146.75.122.217:443)
saving to '/var/cache/distfiles/MRO-Compat-0.15.tar.gz.part'
MRO-Compat-0.15.tar. 100% |********************************| 16504  0:00:00 ETA
'/var/cache/distfiles/MRO-Compat-0.15.tar.gz.part' saved
>>> perl-mro-compat: Fetching https://cpan.metacpan.org/authors/id/H/HA/HAARG/MRO-Compat-0.15.tar.gz
>>> perl-mro-compat: Checking sha512sums...
MRO-Compat-0.15.tar.gz: OK
>>> perl-mro-compat: Unpacking /var/cache/distfiles/MRO-Compat-0.15.tar.gz...
Checking if your kit is complete...
Looks good
Generating a Unix-style Makefile
Writing Makefile for MRO::Compat
Writing MYMETA.yml and MYMETA.json
cp lib/MRO/Compat.pm blib/lib/MRO/Compat.pm
Manifying 1 pod document
PERL_DL_NONLAZY=1 "/usr/bin/perl" "-MExtUtils::Command::MM" "-MTest::Harness" "-e" "undef *Test::Harness::Switches; test_harness(0, 'blib/lib', 'blib/arch')" t/*.t
t/10basic.t .... ok
t/15pkg_gen.t .. ok
t/20mros.t ..... ok
All tests successful.
Files=3, Tests=26,  0 wallclock secs ( 0.03 usr  0.01 sys +  0.19 cusr  0.03 csys =  0.26 CPU)
Result: PASS
>>> perl-mro-compat: Entering fakeroot...
Manifying 1 pod document
Appending installation info to /home/packager/aports/main/perl-mro-compat/pkg/perl-mro-compat/usr/lib/perl5/core_perl/perllocal.pod
Installing /home/packager/aports/main/perl-mro-compat/pkg/perl-mro-compat/usr/share/perl5/vendor_perl/MRO/Compat.pm
Installing /home/packager/aports/main/perl-mro-compat/pkg/perl-mro-compat/usr/share/man/man3/MRO::Compat.3pm
>>> perl-mro-compat-doc*: Running split function doc...
'usr/share/man' -> '/home/packager/aports/main/perl-mro-compat/pkg/perl-mro-compat-doc/usr/share/man'
>>> perl-mro-compat-doc*: Preparing subpackage perl-mro-compat-doc...
>>> perl-mro-compat-doc*: Running postcheck for perl-mro-compat-doc
>>> perl-mro-compat*: Running postcheck for perl-mro-compat
>>> perl-mro-compat*: Preparing package perl-mro-compat...
>>> perl-mro-compat-doc*: Tracing dependencies...
>>> perl-mro-compat-doc*: Package size: 3.2 KB
>>> perl-mro-compat-doc*: Compressing data...
>>> perl-mro-compat-doc*: Create checksum...
pigz: not found
>>> perl-mro-compat-doc*: Create perl-mro-compat-doc-0.15-r2.apk
>>> perl-mro-compat*: Tracing dependencies...
	perl
>>> perl-mro-compat*: Package size: 10.6 KB
>>> perl-mro-compat*: Compressing data...
>>> perl-mro-compat*: Create checksum...
pigz: not found
>>> perl-mro-compat*: Create perl-mro-compat-0.15-r2.apk
>>> perl-mro-compat: Build complete at Sun, 18 May 2025 07:49:44 +0000 elapsed time 0h 0m 5s
>>> perl-mro-compat: Cleaning up srcdir
>>> perl-mro-compat: Cleaning up pkgdir
>>> perl-mro-compat: Uninstalling dependencies...
(1/8) Purging .makedepends-perl-mro-compat (20250518.074941)
(2/8) Purging perl-dev (5.40.2-r0)
(3/8) Purging perl-utils (5.40.2-r0)
(4/8) Purging git-perl (2.47.2-r0)
(5/8) Purging perl-git (2.47.2-r0)
(6/8) Purging perl-error (0.17029-r2)
(7/8) Purging perl (5.40.2-r0)
(8/8) Purging libbz2 (1.0.8-r6)
Executing busybox-1.37.0-r12.trigger
OK: 261 MiB in 81 packages
>>> perl-mro-compat: Updating the main/x86_64 repository index...
>>> perl-mro-compat: Signing the index...
pigz: not found
