>>> perl-io-socket-ssl: Validating /home/packager/oily-pine/main/perl-io-socket-ssl/APKBUILD...
>>> perl-io-socket-ssl: Cleaning up srcdir
>>> perl-io-socket-ssl: Cleaning up pkgdir
>>> perl-io-socket-ssl: Cleaning up tmpdir
>>> perl-io-socket-ssl: Fetching https://cpan.metacpan.org/authors/id/S/SU/SULLR/IO-Socket-SSL-2.089.tar.gz
  % Total    % Received % Xferd  Average Speed   Time    Time     Time  Current
                                 Dload  Upload   Total   Spent    Left  Speed
  0     0    0     0    0     0      0      0 --:--:-- --:--:-- --:--:--     0100  265k  100  265k    0     0  1212k      0 --:--:-- --:--:-- --:--:-- 1215k
>>> perl-io-socket-ssl: Fetching https://cpan.metacpan.org/authors/id/S/SU/SULLR/IO-Socket-SSL-2.089.tar.gz
>>> perl-io-socket-ssl: Checking sha512sums...
IO-Socket-SSL-2.089.tar.gz: OK
>>> perl-io-socket-ssl: Preparing build chroot...
fetch http://dl-cdn.alpinelinux.org/alpine/edge/main/x86_64/APKINDEX.tar.gz
(1/76) Installing musl (1.2.5-r10)
(2/76) Installing libcrypto3 (3.5.0-r0)
(3/76) Installing ca-certificates-bundle (20241121-r2)
(4/76) Installing libssl3 (3.5.0-r0)
(5/76) Installing zlib (1.3.1-r2)
(6/76) Installing libapk2 (2.14.9-r2)
(7/76) Installing apk-tools (2.14.9-r2)
(8/76) Installing libcap2 (2.76-r0)
(9/76) Installing libcap-getcap (2.76-r0)
(10/76) Installing fakeroot (1.37.1.1-r0)
(11/76) Installing scanelf (1.3.8-r1)
(12/76) Installing musl-utils (1.2.5-r10)
(13/76) Installing libgcc (14.3.0-r0)
(14/76) Installing libstdc++ (14.3.0-r0)
(15/76) Installing lzip (1.25-r0)
(16/76) Installing openssl (3.5.0-r0)
(17/76) Installing patch (2.8-r0)
(18/76) Installing pkgconf (2.4.3-r0)
(19/76) Installing acl-libs (2.3.2-r1)
(20/76) Installing tar (1.35-r3)
(21/76) Installing busybox (1.37.0-r18)
Executing busybox-1.37.0-r18.post-install
(22/76) Installing ssl_client (1.37.0-r18)
(23/76) Installing busybox-binsh (1.37.0-r18)
(24/76) Installing abuild (3.15.0-r0)
Executing abuild-3.15.0-r0.pre-install
(25/76) Installing abuild-sudo (3.15.0-r0)
(26/76) Installing alpine-baselayout-data (3.7.0-r0)
(27/76) Installing alpine-baselayout (3.7.0-r0)
Executing alpine-baselayout-3.7.0-r0.pre-install
Executing alpine-baselayout-3.7.0-r0.post-install
(28/76) Installing bridge (1.5-r5)
(29/76) Installing ifupdown-ng (0.12.1-r7)
(30/76) Installing openrc-user (0.62.2-r2)
(31/76) Installing openrc (0.62.2-r2)
Executing openrc-0.62.2-r2.post-install
(32/76) Installing mdev-conf (4.8-r0)
(33/76) Installing busybox-mdev-openrc (1.37.0-r18)
(34/76) Installing alpine-conf (3.20.0-r0)
(35/76) Installing alpine-keys (2.5-r0)
(36/76) Installing alpine-release (3.22.0-r0)
(37/76) Installing busybox-openrc (1.37.0-r18)
(38/76) Installing busybox-suid (1.37.0-r18)
(39/76) Installing alpine-base (3.22.0-r0)
(40/76) Installing jansson (2.14.1-r0)
(41/76) Installing zstd-libs (1.5.7-r0)
(42/76) Installing binutils (2.44-r0)
(43/76) Installing libmagic (5.46-r2)
(44/76) Installing file (5.46-r2)
(45/76) Installing libgomp (14.3.0-r0)
(46/76) Installing libatomic (14.3.0-r0)
(47/76) Installing gmp (6.3.0-r3)
(48/76) Installing isl26 (0.26-r1)
(49/76) Installing mpfr4 (4.2.1_p1-r0)
(50/76) Installing mpc1 (1.3.1-r1)
(51/76) Installing gcc (14.3.0-r0)
(52/76) Installing libstdc++-dev (14.3.0-r0)
(53/76) Installing musl-dev (1.2.5-r10)
(54/76) Installing g++ (14.3.0-r0)
(55/76) Installing make (4.4.1-r3)
(56/76) Installing fortify-headers (1.1-r5)
(57/76) Installing build-base (0.5-r3)
(58/76) Installing ca-certificates (20241121-r2)
(59/76) Installing brotli-libs (1.1.0-r2)
(60/76) Installing c-ares (1.34.5-r0)
(61/76) Installing libunistring (1.3-r0)
(62/76) Installing libidn2 (2.3.7-r0)
(63/76) Installing nghttp2-libs (1.65.0-r0)
(64/76) Installing libpsl (0.21.5-r3)
(65/76) Installing libcurl (8.14.0-r2)
(66/76) Installing libexpat (2.7.1-r0)
(67/76) Installing pcre2 (10.43-r1)
(68/76) Installing git (2.49.0-r0)
(69/76) Installing git-init-template (2.49.0-r0)
(70/76) Installing libbz2 (1.0.8-r6)
(71/76) Installing perl (5.40.2-r0)
(72/76) Installing perl-error (0.17030-r0)
(73/76) Installing perl-git (2.49.0-r0)
(74/76) Installing git-perl (2.49.0-r0)
(75/76) Installing perl-mozilla-ca (20250202-r0)
(76/76) Installing perl-net-ssleay (1.94-r2)
Executing busybox-1.37.0-r18.trigger
Executing ca-certificates-20241121-r2.trigger
OK: 298 MiB in 76 packages
>>> perl-io-socket-ssl: Fetching https://cpan.metacpan.org/authors/id/S/SU/SULLR/IO-Socket-SSL-2.089.tar.gz
>>> perl-io-socket-ssl: Checking sha512sums...
IO-Socket-SSL-2.089.tar.gz: OK
>>> perl-io-socket-ssl: Unpacking /var/cache/distfiles/IO-Socket-SSL-2.089.tar.gz...

WARNING
No library for handling international domain names found.
It will work but croak if you try to verify an international name against
a certificate.
It's recommended to install URI version>=1.50.
Net::IDN::Encode and Net::LibIDN are also still supported.

Checking if your kit is complete...
Looks good
Generating a Unix-style Makefile
Writing Makefile for IO::Socket::SSL
Writing MYMETA.yml and MYMETA.json
cp lib/IO/Socket/SSL/PublicSuffix.pm blib/lib/IO/Socket/SSL/PublicSuffix.pm
cp lib/IO/Socket/SSL/Utils.pm blib/lib/IO/Socket/SSL/Utils.pm
cp lib/IO/Socket/SSL.pm blib/lib/IO/Socket/SSL.pm
cp lib/IO/Socket/SSL.pod blib/lib/IO/Socket/SSL.pod
cp lib/IO/Socket/SSL/Intercept.pm blib/lib/IO/Socket/SSL/Intercept.pm
Manifying 4 pod documents
PERL_DL_NONLAZY=1 "/usr/bin/perl" "-MExtUtils::Command::MM" "-MTest::Harness" "-e" "undef *Test::Harness::Switches; test_harness(0, 'blib/lib', 'blib/arch')" t/*.t t/external/*.t
# openssl version compiled=0x30500000 linked=0x30500000 -- OpenSSL 3.5.0 8 Apr 2025
# Net::SSLeay version=1.94
# parent IO::Socket::IP version=0.42
t/01loadmodule.t .................. ok
t/acceptSSL-timeout.t ............. ok
t/alpn.t .......................... ok
t/auto_verify_hostname.t .......... ok
t/cert_formats.t .................. ok
t/cert_no_file.t .................. ok
t/compatibility.t ................. ok
t/connectSSL-timeout.t ............ ok
t/core.t .......................... ok
t/dhe.t ........................... ok
t/ecdhe.t ......................... ok
t/external/ocsp.t ................. ok
# found 149 CA certs
# have root CA for www.bild.de in store
# have root CA for www.yahoo.com in store
# have root CA for www.comdirect.de in store
# have root CA for meine.deutsche-bank.de in store
# have root CA for www.twitter.com in store
# have root CA for www.facebook.com in store
# have root CA for www.live.com in store
t/external/usable_ca.t ............ ok
t/io-socket-inet6.t ............... skipped: no IO::Socket::INET6 available
t/io-socket-ip.t .................. ok
t/memleak_bad_handshake.t ......... skipped: - do we measure the right thing?
t/mitm.t .......................... ok
t/multiple-cert-rsa-ecc.t ......... ok
t/nonblock.t ...................... ok
t/npn.t ........................... ok
# -- test: newINET start_SSL stop_SSL start_SSL
# server accepted new client
# wait for initial data from client
# got 0x666f6f from client
# server: got plain data at start of connection
# server: TLS upgrade
# server: TLS downgrade
# server: TLS upgrade#2
# -- test: newSSL stop_SSL connect_SSL
# server accepted new client
# wait for initial data from client
# got 0x160301 from client
# server: TLS upgrade
# server: TLS downgrade
# server: TLS upgrade#2
# -- test: newSSL:0 connect_SSL stop_SSL connect_SSL
# server accepted new client
# wait for initial data from client
# got 0x666f6f from client
# server: got plain data at start of connection
# server: TLS upgrade
# server: TLS downgrade
# server: TLS upgrade#2
# -- test: newSSL:0 start_SSL stop_SSL connect_SSL
# server accepted new client
# wait for initial data from client
# got 0x666f6f from client
# server: got plain data at start of connection
# server: TLS upgrade
# server: TLS downgrade
# server: TLS upgrade#2
# server accepted new client
# wait for initial data from client
# got 0x656e64 from client
# client requested end of tests
t/plain_upgrade_downgrade.t ....... ok
# looks like OpenSSL was compiled without SSLv3 support
t/protocol_version.t .............. ok
# client accepted: ver=TLSv1_3 cipher=TLS_CHACHA20_POLY1305_SHA256
# accept failed: , SSL accept attempt failed error:0A0000FD:SSL routines::binder does not verify
# client accepted: ver=TLSv1_3 cipher=TLS_CHACHA20_POLY1305_SHA256
# client accepted: ver=TLSv1_3 cipher=TLS_CHACHA20_POLY1305_SHA256
# accept failed: , SSL accept attempt failed error:0A0000FD:SSL routines::binder does not verify
# client accepted: ver=TLSv1_3 cipher=TLS_CHACHA20_POLY1305_SHA256
# accept failed: , SSL accept attempt failed error:0A0000FD:SSL routines::binder does not verify
# client accepted: ver=TLSv1_2 cipher=DHE-PSK-AES256-GCM-SHA384
# accept failed: , SSL accept attempt failed error:1C800066:Provider routines::cipher operation failed error:0A000119:SSL routines::decryption failed or bad record mac error:0A000139:SSL routines::record layer failure
# client accepted: ver=TLSv1_2 cipher=DHE-PSK-AES256-GCM-SHA384
# client accepted: ver=TLSv1_2 cipher=DHE-PSK-AES256-GCM-SHA384
# accept failed: , SSL accept attempt failed error:1C800066:Provider routines::cipher operation failed error:0A000119:SSL routines::decryption failed or bad record mac error:0A000139:SSL routines::record layer failure
# client accepted: ver=TLSv1_2 cipher=DHE-PSK-AES256-GCM-SHA384
# accept failed: , SSL accept attempt failed error:1C800066:Provider routines::cipher operation failed error:0A000119:SSL routines::decryption failed or bad record mac error:0A000139:SSL routines::record layer failure
t/psk.t ........................... ok
t/public_suffix_lib_encode_idn.t .. ok
t/public_suffix_lib_libidn.t ...... ok
t/public_suffix_lib_uri.t ......... ok
t/public_suffix_ssl.t ............. ok
t/readline.t ...................... ok
t/session_cache.t ................. ok
# listen at 127.0.0.1:33733
# listen at 127.0.0.1:54319
# connect to 0: success reuse=0 version=TLSv1_3
# connect to 0: success reuse=1 version=TLSv1_3
# connect to 1: success reuse=1 version=TLSv1_3
# connect to 1: success reuse=0 version=TLSv1_3
# connect to 0: success reuse=0 version=TLSv1_3
# connect to 0: success reuse=1 version=TLSv1_3
t/session_ticket.t ................ ok
t/sessions.t ...................... ok
t/set_curves.t .................... ok
t/signal-readline.t ............... ok
t/sni.t ........................... ok
t/sni_verify.t .................... ok
t/start-stopssl.t ................. ok
t/startssl-failed.t ............... ok
t/startssl.t ...................... ok
t/sysread_write.t ................. ok
t/verify_fingerprint.t ............ ok
t/verify_hostname.t ............... ok
t/verify_hostname_standalone.t .... ok
t/verify_partial_chain.t .......... ok
All tests successful.
Files=43, Tests=835, 91 wallclock secs ( 0.06 usr  0.03 sys +  3.50 cusr  0.70 csys =  4.29 CPU)
Result: PASS
>>> perl-io-socket-ssl: Entering fakeroot...
Manifying 4 pod documents
Installing /tmp/pkg/perl-io-socket-ssl/usr/share/perl5/vendor_perl/IO/Socket/SSL.pod
Installing /tmp/pkg/perl-io-socket-ssl/usr/share/perl5/vendor_perl/IO/Socket/SSL.pm
Installing /tmp/pkg/perl-io-socket-ssl/usr/share/perl5/vendor_perl/IO/Socket/SSL/Intercept.pm
Installing /tmp/pkg/perl-io-socket-ssl/usr/share/perl5/vendor_perl/IO/Socket/SSL/Utils.pm
Installing /tmp/pkg/perl-io-socket-ssl/usr/share/perl5/vendor_perl/IO/Socket/SSL/PublicSuffix.pm
Installing /tmp/pkg/perl-io-socket-ssl/usr/share/man/man3/IO::Socket::SSL::Intercept.3pm
Installing /tmp/pkg/perl-io-socket-ssl/usr/share/man/man3/IO::Socket::SSL::PublicSuffix.3pm
Installing /tmp/pkg/perl-io-socket-ssl/usr/share/man/man3/IO::Socket::SSL.3pm
Installing /tmp/pkg/perl-io-socket-ssl/usr/share/man/man3/IO::Socket::SSL::Utils.3pm
>>> perl-io-socket-ssl-doc*: Running split function doc...
'usr/share/perl5/vendor_perl/IO/Socket/SSL.pod' -> '/tmp/pkg/perl-io-socket-ssl-doc/usr/share/perl5/vendor_perl/IO/Socket/SSL.pod'
'usr/share/man' -> '/tmp/pkg/perl-io-socket-ssl-doc/usr/share/man'
>>> perl-io-socket-ssl-doc*: Preparing subpackage perl-io-socket-ssl-doc...
>>> perl-io-socket-ssl-doc*: Running postcheck for perl-io-socket-ssl-doc
>>> perl-io-socket-ssl*: Running postcheck for perl-io-socket-ssl
>>> perl-io-socket-ssl*: Preparing package perl-io-socket-ssl...
>>> perl-io-socket-ssl-doc*: Tracing dependencies...
>>> perl-io-socket-ssl-doc*: Package size: 129.2 KB
>>> perl-io-socket-ssl-doc*: Compressing data...
>>> perl-io-socket-ssl-doc*: Create checksum...
>>> perl-io-socket-ssl-doc*: Create perl-io-socket-ssl-doc-2.089-r0.apk
>>> perl-io-socket-ssl*: Tracing dependencies...
	perl
	ca-certificates
	perl-net-ssleay
	perl-mozilla-ca
>>> perl-io-socket-ssl*: Package size: 469.1 KB
>>> perl-io-socket-ssl*: Compressing data...
>>> perl-io-socket-ssl*: Create checksum...
>>> perl-io-socket-ssl*: Create perl-io-socket-ssl-2.089-r0.apk
>>> perl-io-socket-ssl: Updating the main/x86_64 repository index...
>>> perl-io-socket-ssl: Signing the index...
>>> perl-io-socket-ssl: Cleaning up srcdir
>>> perl-io-socket-ssl: Cleaning up build chroot
>>> perl-io-socket-ssl: Cleaning up pkgdir
