pigz: not found
>>> perl-moo: Building main/perl-moo 2.005005-r1 (using abuild 3.14.1-r4) started Sun, 18 May 2025 07:35:39 +0000
>>> perl-moo: Validating /home/packager/aports/main/perl-moo/APKBUILD...
>>> perl-moo: Analyzing dependencies...
>>> perl-moo: Installing for build: build-base perl perl-class-method-modifiers perl-sub-quote perl-role-tiny
(1/9) Installing libbz2 (1.0.8-r6)
(2/9) Installing perl (5.40.2-r0)
(3/9) Installing perl-class-method-modifiers (2.15-r1)
(4/9) Installing perl-sub-quote (2.006008-r1)
(5/9) Installing perl-role-tiny (2.002004-r2)
(6/9) Installing .makedepends-perl-moo (20250518.073542)
(7/9) Installing perl-error (0.17029-r2)
(8/9) Installing perl-git (2.47.2-r0)
(9/9) Installing git-perl (2.47.2-r0)
Executing busybox-1.37.0-r12.trigger
OK: 297 MiB in 90 packages
>>> perl-moo: Cleaning up srcdir
>>> perl-moo: Cleaning up pkgdir
>>> perl-moo: Cleaning up tmpdir
>>> perl-moo: Fetching https://cpan.metacpan.org/authors/id/H/HA/HAARG/Moo-2.005005.tar.gz
Connecting to cpan.metacpan.org (146.75.122.217:443)
saving to '/var/cache/distfiles/Moo-2.005005.tar.gz.part'
Moo-2.005005.tar.gz. 100% |********************************|  106k  0:00:00 ETA
'/var/cache/distfiles/Moo-2.005005.tar.gz.part' saved
>>> perl-moo: Fetching https://cpan.metacpan.org/authors/id/H/HA/HAARG/Moo-2.005005.tar.gz
>>> perl-moo: Checking sha512sums...
Moo-2.005005.tar.gz: OK
>>> perl-moo: Unpacking /var/cache/distfiles/Moo-2.005005.tar.gz...
Checking if your kit is complete...
Looks good
Generating a Unix-style Makefile
Writing Makefile for Moo
Writing MYMETA.yml and MYMETA.json
cp lib/Moo/_Utils.pm blib/lib/Moo/_Utils.pm
cp lib/Method/Generate/BuildAll.pm blib/lib/Method/Generate/BuildAll.pm
cp lib/Method/Generate/Accessor.pm blib/lib/Method/Generate/Accessor.pm
cp lib/Moo/Role.pm blib/lib/Moo/Role.pm
cp lib/Moo.pm blib/lib/Moo.pm
cp lib/Method/Generate/Constructor.pm blib/lib/Method/Generate/Constructor.pm
cp lib/Method/Generate/DemolishAll.pm blib/lib/Method/Generate/DemolishAll.pm
cp lib/Moo/HandleMoose.pm blib/lib/Moo/HandleMoose.pm
cp lib/oo.pm blib/lib/oo.pm
cp lib/Moo/HandleMoose/_TypeMap.pm blib/lib/Moo/HandleMoose/_TypeMap.pm
cp lib/Moo/HandleMoose/FakeMetaClass.pm blib/lib/Moo/HandleMoose/FakeMetaClass.pm
cp lib/Moo/Object.pm blib/lib/Moo/Object.pm
cp lib/Moo/sification.pm blib/lib/Moo/sification.pm
Manifying 3 pod documents
PERL_DL_NONLAZY=1 "/usr/bin/perl" -It/lib "-MTestEnv=" "-MExtUtils::Command::MM" "-MTest::Harness" "-e" "undef *Test::Harness::Switches; test_harness(0, 'blib/lib', 'blib/arch')" t/*.t
t/accessor-coerce.t ................ ok
t/accessor-default.t ............... ok
t/accessor-generator-extension.t ... ok
t/accessor-handles.t ............... ok
t/accessor-isa.t ................... ok
t/accessor-mixed.t ................. ok
t/accessor-pred-clear.t ............ ok
t/accessor-reader-writer.t ......... ok
t/accessor-roles.t ................. ok
t/accessor-shortcuts.t ............. ok
t/accessor-trigger.t ............... ok
t/accessor-weaken-pre-5_8_3.t ...... ok
t/accessor-weaken.t ................ ok
t/buildall-subconstructor.t ........ ok
t/buildall.t ....................... ok
t/buildargs-error.t ................ ok
t/buildargs.t ...................... ok
t/coerce-1.t ....................... ok
t/compose-conflicts.t .............. ok
t/compose-non-role.t ............... ok
t/compose-roles.t .................. ok
t/constructor-modify.t ............. ok
t/croak-locations.t ................ ok
t/demolish-basics.t ................ ok
t/demolish-bugs-eats_exceptions.t .. ok
t/demolish-bugs-eats_mini.t ........ ok
t/demolish-global_destruction.t .... ok
t/demolish-throw.t ................. ok
t/does.t ........................... ok
t/extend-constructor.t ............. ok
t/extends-non-moo.t ................ ok
t/extends-role.t ................... ok
t/foreignbuildargs.t ............... ok
t/global_underscore.t .............. ok
t/has-array.t ...................... ok
t/has-before-extends.t ............. ok
t/has-plus.t ....................... ok
t/init-arg.t ....................... ok
t/isa-interfere.t .................. ok
t/lazy_isa.t ....................... ok
t/load_module.t .................... ok
t/load_module_error.t .............. ok
t/load_module_role_tiny.t .......... ok
t/long-package-name.t .............. ok
t/method-generate-accessor.t ....... ok
t/method-generate-constructor.t .... ok
t/modifiers.t ...................... ok
t/modify_lazy_handlers.t ........... ok
t/moo-accessors.t .................. ok
t/moo-c3.t ......................... ok
t/moo-object.t ..................... ok
t/moo-utils-_name_coderef.t ........ ok
t/moo-utils-_subname-Sub-Name.t .... ok
t/moo-utils-_subname.t ............. ok
t/moo-utils.t ...................... ok
t/moo.t ............................ ok
t/mutual-requires.t ................ ok
t/no-build.t ....................... ok
t/no-moo.t ......................... ok
t/non-moo-extends-c3.t ............. ok
t/non-moo-extends.t ................ ok
t/not-both.t ....................... ok
t/not-methods.t .................... ok
t/overloaded-coderefs.t ............ ok
t/overridden-core-funcs.t .......... ok
t/role-conflicts-moox.t ............ ok
t/sub-and-handles.t ................ ok
t/subconstructor.t ................. ok
t/undef-bug.t ...................... ok
t/use-after-no.t ................... ok
t/zzz-check-breaks.t ............... ok
All tests successful.
Files=71, Tests=841,  7 wallclock secs ( 0.23 usr  0.08 sys +  5.80 cusr  1.06 csys =  7.17 CPU)
Result: PASS
>>> perl-moo: Entering fakeroot...
Manifying 3 pod documents
Appending installation info to /home/packager/aports/main/perl-moo/pkg/perl-moo/usr/lib/perl5/core_perl/perllocal.pod
Installing /home/packager/aports/main/perl-moo/pkg/perl-moo/usr/share/perl5/vendor_perl/Moo.pm
Installing /home/packager/aports/main/perl-moo/pkg/perl-moo/usr/share/perl5/vendor_perl/oo.pm
Installing /home/packager/aports/main/perl-moo/pkg/perl-moo/usr/share/perl5/vendor_perl/Method/Generate/DemolishAll.pm
Installing /home/packager/aports/main/perl-moo/pkg/perl-moo/usr/share/perl5/vendor_perl/Method/Generate/Constructor.pm
Installing /home/packager/aports/main/perl-moo/pkg/perl-moo/usr/share/perl5/vendor_perl/Method/Generate/Accessor.pm
Installing /home/packager/aports/main/perl-moo/pkg/perl-moo/usr/share/perl5/vendor_perl/Method/Generate/BuildAll.pm
Installing /home/packager/aports/main/perl-moo/pkg/perl-moo/usr/share/perl5/vendor_perl/Moo/HandleMoose.pm
Installing /home/packager/aports/main/perl-moo/pkg/perl-moo/usr/share/perl5/vendor_perl/Moo/Object.pm
Installing /home/packager/aports/main/perl-moo/pkg/perl-moo/usr/share/perl5/vendor_perl/Moo/_Utils.pm
Installing /home/packager/aports/main/perl-moo/pkg/perl-moo/usr/share/perl5/vendor_perl/Moo/sification.pm
Installing /home/packager/aports/main/perl-moo/pkg/perl-moo/usr/share/perl5/vendor_perl/Moo/Role.pm
Installing /home/packager/aports/main/perl-moo/pkg/perl-moo/usr/share/perl5/vendor_perl/Moo/HandleMoose/_TypeMap.pm
Installing /home/packager/aports/main/perl-moo/pkg/perl-moo/usr/share/perl5/vendor_perl/Moo/HandleMoose/FakeMetaClass.pm
Installing /home/packager/aports/main/perl-moo/pkg/perl-moo/usr/share/man/man3/Moo::Role.3pm
Installing /home/packager/aports/main/perl-moo/pkg/perl-moo/usr/share/man/man3/Moo.3pm
Installing /home/packager/aports/main/perl-moo/pkg/perl-moo/usr/share/man/man3/oo.3pm
>>> perl-moo-doc*: Running split function doc...
'usr/share/man' -> '/home/packager/aports/main/perl-moo/pkg/perl-moo-doc/usr/share/man'
>>> perl-moo-doc*: Preparing subpackage perl-moo-doc...
>>> perl-moo-doc*: Running postcheck for perl-moo-doc
>>> perl-moo*: Running postcheck for perl-moo
>>> perl-moo*: Preparing package perl-moo...
>>> perl-moo-doc*: Tracing dependencies...
>>> perl-moo-doc*: Package size: 14.0 KB
>>> perl-moo-doc*: Compressing data...
>>> perl-moo-doc*: Create checksum...
pigz: not found
>>> perl-moo-doc*: Create perl-moo-doc-2.005005-r1.apk
>>> perl-moo*: Tracing dependencies...
	perl
	perl-class-method-modifiers
	perl-sub-quote
	perl-role-tiny
>>> perl-moo*: Package size: 97.7 KB
>>> perl-moo*: Compressing data...
>>> perl-moo*: Create checksum...
pigz: not found
>>> perl-moo*: Create perl-moo-2.005005-r1.apk
>>> perl-moo: Build complete at Sun, 18 May 2025 07:35:51 +0000 elapsed time 0h 0m 12s
>>> perl-moo: Cleaning up srcdir
>>> perl-moo: Cleaning up pkgdir
>>> perl-moo: Uninstalling dependencies...
(1/9) Purging .makedepends-perl-moo (20250518.073542)
(2/9) Purging perl-class-method-modifiers (2.15-r1)
(3/9) Purging perl-sub-quote (2.006008-r1)
(4/9) Purging perl-role-tiny (2.002004-r2)
(5/9) Purging git-perl (2.47.2-r0)
(6/9) Purging perl-git (2.47.2-r0)
(7/9) Purging perl-error (0.17029-r2)
(8/9) Purging perl (5.40.2-r0)
(9/9) Purging libbz2 (1.0.8-r6)
Executing busybox-1.37.0-r12.trigger
OK: 260 MiB in 81 packages
>>> perl-moo: Updating the main/x86_64 repository index...
>>> perl-moo: Signing the index...
pigz: not found
