pigz: not found
>>> perl-io-multiplex: Building main/perl-io-multiplex 1.16-r5 (using abuild 3.14.1-r4) started Sun, 18 May 2025 09:40:18 +0000
>>> perl-io-multiplex: Validating /home/packager/aports/main/perl-io-multiplex/APKBUILD...
>>> perl-io-multiplex: Analyzing dependencies...
>>> perl-io-multiplex: Installing for build: build-base perl
(1/6) Installing libbz2 (1.0.8-r6)
(2/6) Installing perl (5.40.2-r0)
(3/6) Installing .makedepends-perl-io-multiplex (20250518.094020)
(4/6) Installing perl-error (0.17030-r0)
(5/6) Installing perl-git (2.47.2-r0)
(6/6) Installing git-perl (2.47.2-r0)
Executing busybox-1.37.0-r12.trigger
OK: 297 MiB in 87 packages
>>> perl-io-multiplex: Cleaning up srcdir
>>> perl-io-multiplex: Cleaning up pkgdir
>>> perl-io-multiplex: Cleaning up tmpdir
>>> perl-io-multiplex: Fetching https://cpan.metacpan.org/authors/id/B/BB/BBB/IO-Multiplex-1.16.tar.gz
Connecting to cpan.metacpan.org (146.75.122.217:443)
saving to '/var/cache/distfiles/IO-Multiplex-1.16.tar.gz.part'
IO-Multiplex-1.16.ta 100% |********************************| 15974  0:00:00 ETA
'/var/cache/distfiles/IO-Multiplex-1.16.tar.gz.part' saved
>>> perl-io-multiplex: Fetching https://cpan.metacpan.org/authors/id/B/BB/BBB/IO-Multiplex-1.16.tar.gz
>>> perl-io-multiplex: Checking sha512sums...
IO-Multiplex-1.16.tar.gz: OK
>>> perl-io-multiplex: Unpacking /var/cache/distfiles/IO-Multiplex-1.16.tar.gz...
Checking if your kit is complete...
Looks good
Generating a Unix-style Makefile
Writing Makefile for IO::Multiplex
Writing MYMETA.yml and MYMETA.json
cp lib/IO/Multiplex.pm blib/lib/IO/Multiplex.pm
Manifying 1 pod document
PERL_DL_NONLAZY=1 "/usr/bin/perl" "-MExtUtils::Command::MM" "-MTest::Harness" "-e" "undef *Test::Harness::Switches; test_harness(0, 'blib/lib', 'blib/arch')" t/*.t
t/100_load.t ... ok
t/110_ntest.t .. ok
t/110_test.t ... ok
t/200_udp.t .... ok
All tests successful.
Files=4, Tests=32, 15 wallclock secs ( 0.03 usr  0.01 sys +  0.15 cusr  0.03 csys =  0.22 CPU)
Result: PASS
>>> perl-io-multiplex: Entering fakeroot...
Manifying 1 pod document
Appending installation info to /home/packager/aports/main/perl-io-multiplex/pkg/perl-io-multiplex/usr/lib/perl5/core_perl/perllocal.pod
Installing /home/packager/aports/main/perl-io-multiplex/pkg/perl-io-multiplex/usr/share/perl5/vendor_perl/IO/Multiplex.pm
Installing /home/packager/aports/main/perl-io-multiplex/pkg/perl-io-multiplex/usr/share/man/man3/IO::Multiplex.3pm
>>> perl-io-multiplex-doc*: Running split function doc...
'usr/share/man' -> '/home/packager/aports/main/perl-io-multiplex/pkg/perl-io-multiplex-doc/usr/share/man'
>>> perl-io-multiplex-doc*: Preparing subpackage perl-io-multiplex-doc...
>>> perl-io-multiplex-doc*: Running postcheck for perl-io-multiplex-doc
>>> perl-io-multiplex*: Running postcheck for perl-io-multiplex
>>> perl-io-multiplex*: Preparing package perl-io-multiplex...
>>> perl-io-multiplex-doc*: Tracing dependencies...
>>> perl-io-multiplex-doc*: Package size: 5.6 KB
>>> perl-io-multiplex-doc*: Compressing data...
>>> perl-io-multiplex-doc*: Create checksum...
pigz: not found
>>> perl-io-multiplex-doc*: Create perl-io-multiplex-doc-1.16-r5.apk
>>> perl-io-multiplex*: Tracing dependencies...
	perl
>>> perl-io-multiplex*: Package size: 29.7 KB
>>> perl-io-multiplex*: Compressing data...
>>> perl-io-multiplex*: Create checksum...
pigz: not found
>>> perl-io-multiplex*: Create perl-io-multiplex-1.16-r5.apk
>>> perl-io-multiplex: Build complete at Sun, 18 May 2025 09:40:38 +0000 elapsed time 0h 0m 20s
>>> perl-io-multiplex: Cleaning up srcdir
>>> perl-io-multiplex: Cleaning up pkgdir
>>> perl-io-multiplex: Uninstalling dependencies...
(1/6) Purging .makedepends-perl-io-multiplex (20250518.094020)
(2/6) Purging git-perl (2.47.2-r0)
(3/6) Purging perl-git (2.47.2-r0)
(4/6) Purging perl-error (0.17030-r0)
(5/6) Purging perl (5.40.2-r0)
(6/6) Purging libbz2 (1.0.8-r6)
Executing busybox-1.37.0-r12.trigger
OK: 261 MiB in 81 packages
>>> perl-io-multiplex: Updating the main/x86_64 repository index...
>>> perl-io-multiplex: Signing the index...
pigz: not found
