pigz: not found
>>> perl-email-address-list: Building main/perl-email-address-list 0.06-r4 (using abuild 3.14.1-r4) started Sun, 18 May 2025 10:04:18 +0000
>>> perl-email-address-list: Validating /home/packager/aports/main/perl-email-address-list/APKBUILD...
>>> perl-email-address-list: Analyzing dependencies...
>>> perl-email-address-list: Installing for build: build-base perl perl-email-address perl-json perl-module-install
(1/14) Installing libbz2 (1.0.8-r6)
(2/14) Installing perl (5.40.2-r0)
(3/14) Installing perl-capture-tiny (0.50-r0)
(4/14) Installing perl-email-address (1.913-r1)
(5/14) Installing perl-json (4.10-r1)
(6/14) Installing perl-yaml-tiny (1.76-r0)
(7/14) Installing perl-module-build (0.4234-r1)
(8/14) Installing perl-module-scandeps (1.37-r0)
(9/14) Installing perl-file-remove (1.61-r1)
(10/14) Installing perl-module-install (1.21-r1)
(11/14) Installing .makedepends-perl-email-address-list (20250518.100420)
(12/14) Installing perl-error (0.17030-r0)
(13/14) Installing perl-git (2.47.2-r0)
(14/14) Installing git-perl (2.47.2-r0)
Executing busybox-1.37.0-r12.trigger
OK: 298 MiB in 95 packages
>>> perl-email-address-list: Cleaning up srcdir
>>> perl-email-address-list: Cleaning up pkgdir
>>> perl-email-address-list: Cleaning up tmpdir
>>> perl-email-address-list: Fetching https://cpan.metacpan.org/authors/id/B/BP/BPS/Email-Address-List-0.06.tar.gz
Connecting to cpan.metacpan.org (146.75.122.217:443)
saving to '/var/cache/distfiles/Email-Address-List-0.06.tar.gz.part'
Email-Address-List-0 100% |********************************| 29428  0:00:00 ETA
'/var/cache/distfiles/Email-Address-List-0.06.tar.gz.part' saved
>>> perl-email-address-list: Fetching https://cpan.metacpan.org/authors/id/B/BP/BPS/Email-Address-List-0.06.tar.gz
>>> perl-email-address-list: Checking sha512sums...
Email-Address-List-0.06.tar.gz: OK
>>> perl-email-address-list: Unpacking /var/cache/distfiles/Email-Address-List-0.06.tar.gz...
Checking if your kit is complete...
Looks good
Generating a Unix-style Makefile
Writing Makefile for Email::Address::List
Writing MYMETA.yml and MYMETA.json
cp lib/Email/Address/List.pm blib/lib/Email/Address/List.pm
Manifying 1 pod document
PERL_DL_NONLAZY=1 "/usr/bin/perl" "-MExtUtils::Command::MM" "-MTest::Harness" "-e" "undef *Test::Harness::Switches; test_harness(0, 'inc', 'blib/lib', 'blib/arch')" t/*.t
t/basics.t ............... ok
t/invalid.t .............. ok
t/pathological.t ......... ok
# srand is 37590
t/random.combinations.t .. ok
t/single.suit.t .......... ok
All tests successful.
Files=5, Tests=2115,  1 wallclock secs ( 0.16 usr  0.02 sys +  0.91 cusr  0.10 csys =  1.19 CPU)
Result: PASS
>>> perl-email-address-list: Entering fakeroot...
Manifying 1 pod document
Appending installation info to /home/packager/aports/main/perl-email-address-list/pkg/perl-email-address-list/usr/lib/perl5/core_perl/perllocal.pod
Installing /home/packager/aports/main/perl-email-address-list/pkg/perl-email-address-list/usr/share/perl5/vendor_perl/Email/Address/List.pm
Installing /home/packager/aports/main/perl-email-address-list/pkg/perl-email-address-list/usr/share/man/man3/Email::Address::List.3pm
>>> perl-email-address-list-doc*: Running split function doc...
'usr/share/man' -> '/home/packager/aports/main/perl-email-address-list/pkg/perl-email-address-list-doc/usr/share/man'
>>> perl-email-address-list-doc*: Preparing subpackage perl-email-address-list-doc...
>>> perl-email-address-list-doc*: Running postcheck for perl-email-address-list-doc
>>> perl-email-address-list*: Running postcheck for perl-email-address-list
>>> perl-email-address-list*: Preparing package perl-email-address-list...
>>> perl-email-address-list-doc*: Tracing dependencies...
>>> perl-email-address-list-doc*: Package size: 2.7 KB
>>> perl-email-address-list-doc*: Compressing data...
>>> perl-email-address-list-doc*: Create checksum...
pigz: not found
>>> perl-email-address-list-doc*: Create perl-email-address-list-doc-0.06-r4.apk
>>> perl-email-address-list*: Tracing dependencies...
	perl
	perl-email-address
>>> perl-email-address-list*: Package size: 12.7 KB
>>> perl-email-address-list*: Compressing data...
>>> perl-email-address-list*: Create checksum...
pigz: not found
>>> perl-email-address-list*: Create perl-email-address-list-0.06-r4.apk
>>> perl-email-address-list: Build complete at Sun, 18 May 2025 10:04:24 +0000 elapsed time 0h 0m 6s
>>> perl-email-address-list: Cleaning up srcdir
>>> perl-email-address-list: Cleaning up pkgdir
>>> perl-email-address-list: Uninstalling dependencies...
(1/14) Purging .makedepends-perl-email-address-list (20250518.100420)
(2/14) Purging perl-email-address (1.913-r1)
(3/14) Purging perl-capture-tiny (0.50-r0)
(4/14) Purging perl-json (4.10-r1)
(5/14) Purging perl-module-install (1.21-r1)
(6/14) Purging perl-yaml-tiny (1.76-r0)
(7/14) Purging perl-module-build (0.4234-r1)
(8/14) Purging perl-module-scandeps (1.37-r0)
(9/14) Purging perl-file-remove (1.61-r1)
(10/14) Purging git-perl (2.47.2-r0)
(11/14) Purging perl-git (2.47.2-r0)
(12/14) Purging perl-error (0.17030-r0)
(13/14) Purging perl (5.40.2-r0)
(14/14) Purging libbz2 (1.0.8-r6)
Executing busybox-1.37.0-r12.trigger
OK: 261 MiB in 81 packages
>>> perl-email-address-list: Updating the main/x86_64 repository index...
>>> perl-email-address-list: Signing the index...
pigz: not found
