pigz: not found
>>> perl-devel-stacktrace: Building main/perl-devel-stacktrace 2.05-r0 (using abuild 3.14.1-r4) started Sun, 18 May 2025 07:49:32 +0000
>>> perl-devel-stacktrace: Validating /home/packager/aports/main/perl-devel-stacktrace/APKBUILD...
>>> perl-devel-stacktrace: Analyzing dependencies...
>>> perl-devel-stacktrace: Installing for build: build-base perl
(1/6) Installing libbz2 (1.0.8-r6)
(2/6) Installing perl (5.40.2-r0)
(3/6) Installing .makedepends-perl-devel-stacktrace (20250518.074935)
(4/6) Installing perl-error (0.17029-r2)
(5/6) Installing perl-git (2.47.2-r0)
(6/6) Installing git-perl (2.47.2-r0)
Executing busybox-1.37.0-r12.trigger
OK: 297 MiB in 87 packages
>>> perl-devel-stacktrace: Cleaning up srcdir
>>> perl-devel-stacktrace: Cleaning up pkgdir
>>> perl-devel-stacktrace: Cleaning up tmpdir
>>> perl-devel-stacktrace: Fetching https://cpan.metacpan.org/authors/id/D/DR/DROLSKY/Devel-StackTrace-2.05.tar.gz
Connecting to cpan.metacpan.org (146.75.122.217:443)
saving to '/var/cache/distfiles/Devel-StackTrace-2.05.tar.gz.part'
Devel-StackTrace-2.0 100% |********************************| 41366  0:00:00 ETA
'/var/cache/distfiles/Devel-StackTrace-2.05.tar.gz.part' saved
>>> perl-devel-stacktrace: Fetching https://cpan.metacpan.org/authors/id/D/DR/DROLSKY/Devel-StackTrace-2.05.tar.gz
>>> perl-devel-stacktrace: Checking sha512sums...
Devel-StackTrace-2.05.tar.gz: OK
>>> perl-devel-stacktrace: Unpacking /var/cache/distfiles/Devel-StackTrace-2.05.tar.gz...
Checking if your kit is complete...
Looks good
Generating a Unix-style Makefile
Writing Makefile for Devel::StackTrace
Writing MYMETA.yml and MYMETA.json
cp lib/Devel/StackTrace/Frame.pm blib/lib/Devel/StackTrace/Frame.pm
cp lib/Devel/StackTrace.pm blib/lib/Devel/StackTrace.pm
Manifying 2 pod documents
PERL_DL_NONLAZY=1 "/usr/bin/perl" "-MExtUtils::Command::MM" "-MTest::Harness" "-e" "undef *Test::Harness::Switches; test_harness(0, 'blib/lib', 'blib/arch')" t/*.t
# 
# Versions for all modules listed in MYMETA.json (including optional ones):
# 
# === Configure Requires ===
# 
#     Module              Want Have
#     ------------------- ---- ----
#     ExtUtils::MakeMaker  any 7.70
# 
# === Configure Suggests ===
# 
#     Module      Want Have
#     -------- ------- ----
#     JSON::PP 2.27300 4.16
# 
# === Build Requires ===
# 
#     Module              Want Have
#     ------------------- ---- ----
#     ExtUtils::MakeMaker  any 7.70
# 
# === Test Requires ===
# 
#     Module              Want     Have
#     ------------------- ---- --------
#     ExtUtils::MakeMaker  any     7.70
#     File::Spec           any     3.91
#     Test::More          0.96 1.302199
#     base                 any     2.27
#     bytes                any     1.09
# 
# === Test Recommends ===
# 
#     Module         Want     Have
#     ---------- -------- --------
#     CPAN::Meta 2.120900 2.150010
# 
# === Runtime Requires ===
# 
#     Module        Want     Have
#     ------------ ----- --------
#     File::Spec     any     3.91
#     Scalar::Util   any     1.63
#     overload       any     1.37
#     perl         5.006 5.040002
#     strict         any     1.13
#     warnings       any     1.70
# 
t/00-report-prereqs.t .. ok
t/01-basic.t ........... ok
t/02-bad-utf8.t ........ skipped: These tests are not relevant with Perl 5.13.8+
t/03-message.t ......... ok
t/04-indent.t .......... ok
t/05-back-compat.t ..... ok
t/06-dollar-at.t ....... ok
t/07-no-args.t ......... ok
t/08-filter-early.t .... ok
t/09-skip-frames.t ..... ok
t/10-set-frames.t ...... ok
All tests successful.
Files=11, Tests=71,  1 wallclock secs ( 0.04 usr  0.02 sys +  0.95 cusr  0.12 csys =  1.13 CPU)
Result: PASS
>>> perl-devel-stacktrace: Entering fakeroot...
Manifying 2 pod documents
Appending installation info to /home/packager/aports/main/perl-devel-stacktrace/pkg/perl-devel-stacktrace/usr/lib/perl5/core_perl/perllocal.pod
Installing /home/packager/aports/main/perl-devel-stacktrace/pkg/perl-devel-stacktrace/usr/share/perl5/vendor_perl/Devel/StackTrace.pm
Installing /home/packager/aports/main/perl-devel-stacktrace/pkg/perl-devel-stacktrace/usr/share/perl5/vendor_perl/Devel/StackTrace/Frame.pm
Installing /home/packager/aports/main/perl-devel-stacktrace/pkg/perl-devel-stacktrace/usr/share/man/man3/Devel::StackTrace::Frame.3pm
Installing /home/packager/aports/main/perl-devel-stacktrace/pkg/perl-devel-stacktrace/usr/share/man/man3/Devel::StackTrace.3pm
>>> perl-devel-stacktrace-doc*: Running split function doc...
'usr/share/man' -> '/home/packager/aports/main/perl-devel-stacktrace/pkg/perl-devel-stacktrace-doc/usr/share/man'
>>> perl-devel-stacktrace-doc*: Preparing subpackage perl-devel-stacktrace-doc...
>>> perl-devel-stacktrace-doc*: Running postcheck for perl-devel-stacktrace-doc
>>> perl-devel-stacktrace*: Running postcheck for perl-devel-stacktrace
>>> perl-devel-stacktrace*: Preparing package perl-devel-stacktrace...
>>> perl-devel-stacktrace-doc*: Tracing dependencies...
>>> perl-devel-stacktrace-doc*: Package size: 6.2 KB
>>> perl-devel-stacktrace-doc*: Compressing data...
>>> perl-devel-stacktrace-doc*: Create checksum...
pigz: not found
>>> perl-devel-stacktrace-doc*: Create perl-devel-stacktrace-doc-2.05-r0.apk
>>> perl-devel-stacktrace*: Tracing dependencies...
	perl
>>> perl-devel-stacktrace*: Package size: 23.2 KB
>>> perl-devel-stacktrace*: Compressing data...
>>> perl-devel-stacktrace*: Create checksum...
pigz: not found
>>> perl-devel-stacktrace*: Create perl-devel-stacktrace-2.05-r0.apk
>>> perl-devel-stacktrace: Build complete at Sun, 18 May 2025 07:49:38 +0000 elapsed time 0h 0m 6s
>>> perl-devel-stacktrace: Cleaning up srcdir
>>> perl-devel-stacktrace: Cleaning up pkgdir
>>> perl-devel-stacktrace: Uninstalling dependencies...
(1/6) Purging .makedepends-perl-devel-stacktrace (20250518.074935)
(2/6) Purging git-perl (2.47.2-r0)
(3/6) Purging perl-git (2.47.2-r0)
(4/6) Purging perl-error (0.17029-r2)
(5/6) Purging perl (5.40.2-r0)
(6/6) Purging libbz2 (1.0.8-r6)
Executing busybox-1.37.0-r12.trigger
OK: 261 MiB in 81 packages
>>> perl-devel-stacktrace: Updating the main/x86_64 repository index...
>>> perl-devel-stacktrace: Signing the index...
pigz: not found
