>>> perl-file-remove: Validating /home/packager/oily-pine/main/perl-file-remove/APKBUILD...
>>> perl-file-remove: Cleaning up srcdir
>>> perl-file-remove: Cleaning up pkgdir
>>> perl-file-remove: Cleaning up tmpdir
>>> perl-file-remove: Fetching https://cpan.metacpan.org/authors/id/S/SH/SHLOMIF/File-Remove-1.61.tar.gz
  % Total    % Received % Xferd  Average Speed   Time    Time     Time  Current
                                 Dload  Upload   Total   Spent    Left  Speed
  0     0    0     0    0     0      0      0 --:--:-- --:--:-- --:--:--     0100 26346  100 26346    0     0   170k      0 --:--:-- --:--:-- --:--:--  171k
>>> perl-file-remove: Fetching https://cpan.metacpan.org/authors/id/S/SH/SHLOMIF/File-Remove-1.61.tar.gz
>>> perl-file-remove: Checking sha512sums...
File-Remove-1.61.tar.gz: OK
>>> perl-file-remove: Preparing build chroot...
fetch http://dl-cdn.alpinelinux.org/alpine/edge/main/x86_64/APKINDEX.tar.gz
(1/74) Installing musl (1.2.5-r10)
(2/74) Installing libcrypto3 (3.5.0-r0)
(3/74) Installing ca-certificates-bundle (20241121-r2)
(4/74) Installing libssl3 (3.5.0-r0)
(5/74) Installing zlib (1.3.1-r2)
(6/74) Installing libapk2 (2.14.9-r2)
(7/74) Installing apk-tools (2.14.9-r2)
(8/74) Installing libcap2 (2.76-r0)
(9/74) Installing libcap-getcap (2.76-r0)
(10/74) Installing fakeroot (1.37.1.1-r0)
(11/74) Installing scanelf (1.3.8-r1)
(12/74) Installing musl-utils (1.2.5-r10)
(13/74) Installing libgcc (14.3.0-r0)
(14/74) Installing libstdc++ (14.3.0-r0)
(15/74) Installing lzip (1.25-r0)
(16/74) Installing openssl (3.5.0-r0)
(17/74) Installing patch (2.8-r0)
(18/74) Installing pkgconf (2.4.3-r0)
(19/74) Installing acl-libs (2.3.2-r1)
(20/74) Installing tar (1.35-r3)
(21/74) Installing busybox (1.37.0-r18)
Executing busybox-1.37.0-r18.post-install
(22/74) Installing ssl_client (1.37.0-r18)
(23/74) Installing busybox-binsh (1.37.0-r18)
(24/74) Installing abuild (3.15.0-r0)
Executing abuild-3.15.0-r0.pre-install
(25/74) Installing abuild-sudo (3.15.0-r0)
(26/74) Installing alpine-baselayout-data (3.7.0-r0)
(27/74) Installing alpine-baselayout (3.7.0-r0)
Executing alpine-baselayout-3.7.0-r0.pre-install
Executing alpine-baselayout-3.7.0-r0.post-install
(28/74) Installing bridge (1.5-r5)
(29/74) Installing ifupdown-ng (0.12.1-r7)
(30/74) Installing openrc-user (0.62.2-r2)
(31/74) Installing openrc (0.62.2-r2)
Executing openrc-0.62.2-r2.post-install
(32/74) Installing mdev-conf (4.8-r0)
(33/74) Installing busybox-mdev-openrc (1.37.0-r18)
(34/74) Installing alpine-conf (3.20.0-r0)
(35/74) Installing alpine-keys (2.5-r0)
(36/74) Installing alpine-release (3.22.0-r0)
(37/74) Installing busybox-openrc (1.37.0-r18)
(38/74) Installing busybox-suid (1.37.0-r18)
(39/74) Installing alpine-base (3.22.0-r0)
(40/74) Installing jansson (2.14.1-r0)
(41/74) Installing zstd-libs (1.5.7-r0)
(42/74) Installing binutils (2.44-r0)
(43/74) Installing libmagic (5.46-r2)
(44/74) Installing file (5.46-r2)
(45/74) Installing libgomp (14.3.0-r0)
(46/74) Installing libatomic (14.3.0-r0)
(47/74) Installing gmp (6.3.0-r3)
(48/74) Installing isl26 (0.26-r1)
(49/74) Installing mpfr4 (4.2.1_p1-r0)
(50/74) Installing mpc1 (1.3.1-r1)
(51/74) Installing gcc (14.3.0-r0)
(52/74) Installing libstdc++-dev (14.3.0-r0)
(53/74) Installing musl-dev (1.2.5-r10)
(54/74) Installing g++ (14.3.0-r0)
(55/74) Installing make (4.4.1-r3)
(56/74) Installing fortify-headers (1.1-r5)
(57/74) Installing build-base (0.5-r3)
(58/74) Installing brotli-libs (1.1.0-r2)
(59/74) Installing c-ares (1.34.5-r0)
(60/74) Installing libunistring (1.3-r0)
(61/74) Installing libidn2 (2.3.7-r0)
(62/74) Installing nghttp2-libs (1.65.0-r0)
(63/74) Installing libpsl (0.21.5-r3)
(64/74) Installing libcurl (8.14.0-r2)
(65/74) Installing libexpat (2.7.1-r0)
(66/74) Installing pcre2 (10.43-r1)
(67/74) Installing git (2.49.0-r0)
(68/74) Installing git-init-template (2.49.0-r0)
(69/74) Installing libbz2 (1.0.8-r6)
(70/74) Installing perl (5.40.2-r0)
(71/74) Installing perl-error (0.17030-r0)
(72/74) Installing perl-git (2.49.0-r0)
(73/74) Installing git-perl (2.49.0-r0)
(74/74) Installing perl-module-build (0.4234-r1)
Executing busybox-1.37.0-r18.trigger
OK: 297 MiB in 74 packages
>>> perl-file-remove: Fetching https://cpan.metacpan.org/authors/id/S/SH/SHLOMIF/File-Remove-1.61.tar.gz
>>> perl-file-remove: Checking sha512sums...
File-Remove-1.61.tar.gz: OK
>>> perl-file-remove: Unpacking /var/cache/distfiles/File-Remove-1.61.tar.gz...
Created MYMETA.yml and MYMETA.json
Creating new 'Build' script for 'File-Remove' version '1.61'
Building File-Remove
t/00-compile.t ........ ok
t/01_compile.t ........ ok
t/02_directories.t .... ok
t/03_deep_readonly.t .. ok
t/04_can_delete.t ..... ok
t/05_links.t .......... ok
t/06_curly.t .......... ok
t/07_cwd.t ............ ok
t/08_spaces.t ......... ok
t/09_fork.t ........... ok
t/10_noglob.t ......... ok
All tests successful.
Files=11, Tests=222,  4 wallclock secs ( 0.02 usr  0.02 sys +  0.43 cusr  0.08 csys =  0.55 CPU)
Result: PASS
>>> perl-file-remove: Entering fakeroot...
Building File-Remove
Installing /tmp/pkg/perl-file-remove/usr/share/perl5/vendor_perl/File/Remove.pm
Installing /tmp/pkg/perl-file-remove/usr/share/man/man3/File::Remove.3pm
>>> perl-file-remove-doc*: Running split function doc...
'usr/share/man' -> '/tmp/pkg/perl-file-remove-doc/usr/share/man'
>>> perl-file-remove-doc*: Preparing subpackage perl-file-remove-doc...
>>> perl-file-remove-doc*: Running postcheck for perl-file-remove-doc
>>> perl-file-remove*: Running postcheck for perl-file-remove
>>> perl-file-remove*: Preparing package perl-file-remove...
>>> perl-file-remove-doc*: Tracing dependencies...
libfakeroot internal error: payload not recognized!
>>> perl-file-remove-doc*: Package size: 3.6 KB
>>> perl-file-remove-doc*: Compressing data...
>>> perl-file-remove-doc*: Create checksum...
>>> perl-file-remove-doc*: Create perl-file-remove-doc-1.61-r1.apk
>>> perl-file-remove*: Tracing dependencies...
	perl
>>> perl-file-remove*: Package size: 14.1 KB
>>> perl-file-remove*: Compressing data...
>>> perl-file-remove*: Create checksum...
>>> perl-file-remove*: Create perl-file-remove-1.61-r1.apk
>>> perl-file-remove: Updating the main/x86_64 repository index...
>>> perl-file-remove: Signing the index...
>>> perl-file-remove: Cleaning up srcdir
>>> perl-file-remove: Cleaning up build chroot
>>> perl-file-remove: Cleaning up pkgdir
