pigz: not found
>>> perl-html-mason: Building main/perl-html-mason 1.60-r1 (using abuild 3.14.1-r4) started Sun, 18 May 2025 10:16:38 +0000
>>> perl-html-mason: Validating /home/packager/aports/main/perl-html-mason/APKBUILD...
>>> perl-html-mason: Analyzing dependencies...
>>> perl-html-mason: Installing for build: build-base perl perl-cache-cache perl-log-any perl-html-parser perl-class-container perl-params-validate perl-exception-class perl-cgi perl-dev perl-test-deep
(1/31) Installing libbz2 (1.0.8-r6)
(2/31) Installing perl (5.40.2-r0)
(3/31) Installing perl-error (0.17030-r0)
(4/31) Installing perl-digest-sha1 (2.13-r19)
(5/31) Installing perl-ipc-sharelite (0.17-r13)
(6/31) Installing perl-cache-cache (1.08-r5)
(7/31) Installing perl-log-any (1.717-r0)
(8/31) Installing perl-html-tagset (3.24-r0)
(9/31) Installing perl-clone (0.47-r0)
(10/31) Installing perl-http-date (6.06-r0)
(11/31) Installing perl-uri (5.28-r0)
(12/31) Installing perl-io-html (1.004-r1)
(13/31) Installing perl-encode-locale (1.05-r5)
(14/31) Installing perl-lwp-mediatypes (6.04-r3)
(15/31) Installing perl-http-message (7.00-r0)
(16/31) Installing perl-html-parser (3.83-r0)
(17/31) Installing perl-module-runtime (0.016-r6)
(18/31) Installing perl-try-tiny (0.32-r0)
(19/31) Installing perl-module-implementation (0.09-r5)
(20/31) Installing perl-params-validate (1.31-r3)
(21/31) Installing perl-class-container (0.13-r4)
(22/31) Installing perl-devel-stacktrace (2.05-r0)
(23/31) Installing perl-class-data-inheritable (0.10-r0)
(24/31) Installing perl-exception-class (1.45-r1)
(25/31) Installing perl-cgi (4.68-r0)
(26/31) Installing perl-utils (5.40.2-r0)
(27/31) Installing perl-dev (5.40.2-r0)
(28/31) Installing perl-test-deep (1.205-r0)
(29/31) Installing .makedepends-perl-html-mason (20250518.101640)
(30/31) Installing perl-git (2.47.2-r0)
(31/31) Installing git-perl (2.47.2-r0)
Executing busybox-1.37.0-r12.trigger
OK: 308 MiB in 112 packages
>>> perl-html-mason: Cleaning up srcdir
>>> perl-html-mason: Cleaning up pkgdir
>>> perl-html-mason: Cleaning up tmpdir
>>> perl-html-mason: Fetching https://cpan.metacpan.org/authors/id/D/DR/DROLSKY/HTML-Mason-1.60.tar.gz
Connecting to cpan.metacpan.org (146.75.122.217:443)
saving to '/var/cache/distfiles/HTML-Mason-1.60.tar.gz.part'
HTML-Mason-1.60.tar. 100% |********************************|  316k  0:00:00 ETA
'/var/cache/distfiles/HTML-Mason-1.60.tar.gz.part' saved
>>> perl-html-mason: Fetching https://cpan.metacpan.org/authors/id/D/DR/DROLSKY/HTML-Mason-1.60.tar.gz
>>> perl-html-mason: Checking sha512sums...
HTML-Mason-1.60.tar.gz: OK
>>> perl-html-mason: Unpacking /var/cache/distfiles/HTML-Mason-1.60.tar.gz...
Checking if your kit is complete...
Looks good
Generating a Unix-style Makefile
Writing Makefile for HTML::Mason
Writing MYMETA.yml and MYMETA.json
cp lib/HTML/Mason/Tools.pm blib/lib/HTML/Mason/Tools.pm
cp lib/HTML/Mason/Subclassing.pod blib/lib/HTML/Mason/Subclassing.pod
cp lib/HTML/Mason/Escapes.pm blib/lib/HTML/Mason/Escapes.pm
cp lib/HTML/Mason/Plugin/Context.pm blib/lib/HTML/Mason/Plugin/Context.pm
cp lib/HTML/Mason/Component/Subcomponent.pm blib/lib/HTML/Mason/Component/Subcomponent.pm
cp lib/HTML/Mason/Parser.pm blib/lib/HTML/Mason/Parser.pm
cp lib/HTML/Mason/Plugin.pm blib/lib/HTML/Mason/Plugin.pm
cp lib/HTML/Mason/Lexer.pm blib/lib/HTML/Mason/Lexer.pm
cp lib/HTML/Mason/Apache/Request.pm blib/lib/HTML/Mason/Apache/Request.pm
cp lib/HTML/Mason/Cache/BaseCache.pm blib/lib/HTML/Mason/Cache/BaseCache.pm
cp lib/HTML/Mason/FakeApache.pm blib/lib/HTML/Mason/FakeApache.pm
cp lib/HTML/Mason/Exceptions.pm blib/lib/HTML/Mason/Exceptions.pm
cp lib/HTML/Mason/Resolver/File.pm blib/lib/HTML/Mason/Resolver/File.pm
cp lib/HTML/Mason/Handler.pm blib/lib/HTML/Mason/Handler.pm
cp lib/HTML/Mason/Compiler/ToObject.pm blib/lib/HTML/Mason/Compiler/ToObject.pm
cp lib/HTML/Mason/Request.pm blib/lib/HTML/Mason/Request.pm
cp lib/HTML/Mason/Tests.pm blib/lib/HTML/Mason/Tests.pm
cp lib/HTML/Mason/Resolver/Null.pm blib/lib/HTML/Mason/Resolver/Null.pm
cp lib/HTML/Mason/Compiler.pm blib/lib/HTML/Mason/Compiler.pm
cp lib/HTML/Mason.pm blib/lib/HTML/Mason.pm
cp lib/HTML/Mason/Params.pod blib/lib/HTML/Mason/Params.pod
cp lib/HTML/Mason/Devel.pod blib/lib/HTML/Mason/Devel.pod
cp lib/HTML/Mason/MethodMaker.pm blib/lib/HTML/Mason/MethodMaker.pm
cp lib/HTML/Mason/Resolver.pm blib/lib/HTML/Mason/Resolver.pm
cp lib/HTML/Mason/FAQ.pod blib/lib/HTML/Mason/FAQ.pod
cp lib/HTML/Mason/ComponentSource.pm blib/lib/HTML/Mason/ComponentSource.pm
cp lib/HTML/Mason/Interp.pm blib/lib/HTML/Mason/Interp.pm
cp lib/HTML/Mason/CGIHandler.pm blib/lib/HTML/Mason/CGIHandler.pm
cp lib/HTML/Mason/ApacheHandler.pm blib/lib/HTML/Mason/ApacheHandler.pm
cp lib/HTML/Mason/Admin.pod blib/lib/HTML/Mason/Admin.pod
cp lib/HTML/Mason/Component.pm blib/lib/HTML/Mason/Component.pm
cp lib/HTML/Mason/Utils.pm blib/lib/HTML/Mason/Utils.pm
cp lib/HTML/Mason/Component/FileBased.pm blib/lib/HTML/Mason/Component/FileBased.pm
cp bin/convert0.6.README blib/script/convert0.6.README
"/usr/bin/perl" -MExtUtils::MY -e 'MY->fixin(shift)' -- blib/script/convert0.6.README
cp bin/convert0.6.pl blib/script/convert0.6.pl
"/usr/bin/perl" -MExtUtils::MY -e 'MY->fixin(shift)' -- blib/script/convert0.6.pl
cp bin/convert0.8.README blib/script/convert0.8.README
"/usr/bin/perl" -MExtUtils::MY -e 'MY->fixin(shift)' -- blib/script/convert0.8.README
cp bin/convert0.8.pl blib/script/convert0.8.pl
"/usr/bin/perl" -MExtUtils::MY -e 'MY->fixin(shift)' -- blib/script/convert0.8.pl
cp bin/mason.pl blib/script/mason.pl
"/usr/bin/perl" -MExtUtils::MY -e 'MY->fixin(shift)' -- blib/script/mason.pl
Manifying 31 pod documents
PERL_DL_NONLAZY=1 "/usr/bin/perl" "-MExtUtils::Command::MM" "-MTest::Harness" "-e" "undef *Test::Harness::Switches; test_harness(0, 'blib/lib', 'blib/arch')" t/*.t
# 
# Versions for all modules listed in MYMETA.json (including optional ones):
# 
# === Configure Requires ===
# 
#     Module              Want Have
#     ------------------- ---- ----
#     ExtUtils::MakeMaker  any 7.70
# 
# === Configure Suggests ===
# 
#     Module      Want Have
#     -------- ------- ----
#     JSON::PP 2.27300 4.16
# 
# === Build Requires ===
# 
#     Module              Want Have
#     ------------------- ---- ----
#     ExtUtils::MakeMaker  any 7.70
# 
# === Test Requires ===
# 
#     Module              Want     Have
#     ------------------- ---- --------
#     ExtUtils::MakeMaker  any     7.70
#     File::Spec           0.8     3.91
#     Test::More          0.96 1.302199
# 
# === Test Recommends ===
# 
#     Module         Want     Have
#     ---------- -------- --------
#     CPAN::Meta 2.120900 2.150010
# 
# === Runtime Requires ===
# 
#     Module           Want  Have
#     ---------------- ---- -----
#     CGI              2.46  4.68
#     Cache::Cache     1.00  1.08
#     Class::Container 0.07  0.13
#     Exception::Class 1.15  1.45
#     File::Spec        0.8  3.91
#     HTML::Entities    any  3.83
#     Log::Any         0.08 1.717
#     Params::Validate 0.70  1.31
#     Scalar::Util     1.01  1.63
# 
t/00-report-prereqs.t ......... ok
t/01-syntax.t ................. ok
t/01a-comp-calls.t ............ ok
t/02-sections.t ............... ok
t/02a-filter.t ................ ok
t/04-misc.t ................... ok
t/05-request.t ................ ok
t/05a-stack-corruption.t ...... ok
t/06-compiler.t ............... ok
t/06a-compiler_obj.t .......... ok
t/06b-compiler-named-subs.t ... ok
t/06c-compiler-spaces-path.t .. ok
t/07-interp.t ................. ok
t/07a-interp-mcr.t ............ ok
t/07b-interp-static-source.t .. ok
t/09-component.t .............. ok
t/09a-comp_content.t .......... ok
t/10-cache.t .................. ok
t/10a-cache-1.0x.t ............ ok
t/10b-cache-chi.t ............. skipped: CHI 0.21+ is not installed
t/11-inherit.t ................ ok
t/12-taint.t .................. ok
t/13-errors.t ................. ok
t/14-cgi.t .................... ok
t/14a-fake_apache.t ........... ok
t/15-subclass.t ............... ok
t/17-print.t .................. ok
t/18-leak.t ................... ok
t/19-subrequest.t ............. ok
t/20-plugins.t ................ ok
t/21-escapes.t ................ ok
t/22-path-security.t .......... ok
t/23-leak2.t .................. skipped: These tests require Test::Memory::Cycle to run.
t/24-tools.t .................. ok
t/25-flush-in-content.t ....... ok
t/25-log.t .................... ok
All tests successful.
Files=36, Tests=515, 25 wallclock secs ( 0.15 usr  0.04 sys +  5.65 cusr  1.05 csys =  6.89 CPU)
Result: PASS
>>> perl-html-mason: Entering fakeroot...
Manifying 31 pod documents
Appending installation info to /home/packager/aports/main/perl-html-mason/pkg/perl-html-mason/usr/lib/perl5/core_perl/perllocal.pod
Installing /home/packager/aports/main/perl-html-mason/pkg/perl-html-mason/usr/share/perl5/vendor_perl/HTML/Mason.pm
Installing /home/packager/aports/main/perl-html-mason/pkg/perl-html-mason/usr/share/perl5/vendor_perl/HTML/Mason/Parser.pm
Installing /home/packager/aports/main/perl-html-mason/pkg/perl-html-mason/usr/share/perl5/vendor_perl/HTML/Mason/Devel.pod
Installing /home/packager/aports/main/perl-html-mason/pkg/perl-html-mason/usr/share/perl5/vendor_perl/HTML/Mason/Escapes.pm
Installing /home/packager/aports/main/perl-html-mason/pkg/perl-html-mason/usr/share/perl5/vendor_perl/HTML/Mason/Request.pm
Installing /home/packager/aports/main/perl-html-mason/pkg/perl-html-mason/usr/share/perl5/vendor_perl/HTML/Mason/Exceptions.pm
Installing /home/packager/aports/main/perl-html-mason/pkg/perl-html-mason/usr/share/perl5/vendor_perl/HTML/Mason/ApacheHandler.pm
Installing /home/packager/aports/main/perl-html-mason/pkg/perl-html-mason/usr/share/perl5/vendor_perl/HTML/Mason/Subclassing.pod
Installing /home/packager/aports/main/perl-html-mason/pkg/perl-html-mason/usr/share/perl5/vendor_perl/HTML/Mason/CGIHandler.pm
Installing /home/packager/aports/main/perl-html-mason/pkg/perl-html-mason/usr/share/perl5/vendor_perl/HTML/Mason/Admin.pod
Installing /home/packager/aports/main/perl-html-mason/pkg/perl-html-mason/usr/share/perl5/vendor_perl/HTML/Mason/Compiler.pm
Installing /home/packager/aports/main/perl-html-mason/pkg/perl-html-mason/usr/share/perl5/vendor_perl/HTML/Mason/ComponentSource.pm
Installing /home/packager/aports/main/perl-html-mason/pkg/perl-html-mason/usr/share/perl5/vendor_perl/HTML/Mason/MethodMaker.pm
Installing /home/packager/aports/main/perl-html-mason/pkg/perl-html-mason/usr/share/perl5/vendor_perl/HTML/Mason/FakeApache.pm
Installing /home/packager/aports/main/perl-html-mason/pkg/perl-html-mason/usr/share/perl5/vendor_perl/HTML/Mason/FAQ.pod
Installing /home/packager/aports/main/perl-html-mason/pkg/perl-html-mason/usr/share/perl5/vendor_perl/HTML/Mason/Handler.pm
Installing /home/packager/aports/main/perl-html-mason/pkg/perl-html-mason/usr/share/perl5/vendor_perl/HTML/Mason/Resolver.pm
Installing /home/packager/aports/main/perl-html-mason/pkg/perl-html-mason/usr/share/perl5/vendor_perl/HTML/Mason/Plugin.pm
Installing /home/packager/aports/main/perl-html-mason/pkg/perl-html-mason/usr/share/perl5/vendor_perl/HTML/Mason/Lexer.pm
Installing /home/packager/aports/main/perl-html-mason/pkg/perl-html-mason/usr/share/perl5/vendor_perl/HTML/Mason/Utils.pm
Installing /home/packager/aports/main/perl-html-mason/pkg/perl-html-mason/usr/share/perl5/vendor_perl/HTML/Mason/Tests.pm
Installing /home/packager/aports/main/perl-html-mason/pkg/perl-html-mason/usr/share/perl5/vendor_perl/HTML/Mason/Interp.pm
Installing /home/packager/aports/main/perl-html-mason/pkg/perl-html-mason/usr/share/perl5/vendor_perl/HTML/Mason/Tools.pm
Installing /home/packager/aports/main/perl-html-mason/pkg/perl-html-mason/usr/share/perl5/vendor_perl/HTML/Mason/Component.pm
Installing /home/packager/aports/main/perl-html-mason/pkg/perl-html-mason/usr/share/perl5/vendor_perl/HTML/Mason/Params.pod
Installing /home/packager/aports/main/perl-html-mason/pkg/perl-html-mason/usr/share/perl5/vendor_perl/HTML/Mason/Component/Subcomponent.pm
Installing /home/packager/aports/main/perl-html-mason/pkg/perl-html-mason/usr/share/perl5/vendor_perl/HTML/Mason/Component/FileBased.pm
Installing /home/packager/aports/main/perl-html-mason/pkg/perl-html-mason/usr/share/perl5/vendor_perl/HTML/Mason/Apache/Request.pm
Installing /home/packager/aports/main/perl-html-mason/pkg/perl-html-mason/usr/share/perl5/vendor_perl/HTML/Mason/Compiler/ToObject.pm
Installing /home/packager/aports/main/perl-html-mason/pkg/perl-html-mason/usr/share/perl5/vendor_perl/HTML/Mason/Resolver/File.pm
Installing /home/packager/aports/main/perl-html-mason/pkg/perl-html-mason/usr/share/perl5/vendor_perl/HTML/Mason/Resolver/Null.pm
Installing /home/packager/aports/main/perl-html-mason/pkg/perl-html-mason/usr/share/perl5/vendor_perl/HTML/Mason/Plugin/Context.pm
Installing /home/packager/aports/main/perl-html-mason/pkg/perl-html-mason/usr/share/perl5/vendor_perl/HTML/Mason/Cache/BaseCache.pm
Installing /home/packager/aports/main/perl-html-mason/pkg/perl-html-mason/usr/share/man/man3/HTML::Mason::Plugin::Context.3pm
Installing /home/packager/aports/main/perl-html-mason/pkg/perl-html-mason/usr/share/man/man3/HTML::Mason::Parser.3pm
Installing /home/packager/aports/main/perl-html-mason/pkg/perl-html-mason/usr/share/man/man3/HTML::Mason::Resolver::Null.3pm
Installing /home/packager/aports/main/perl-html-mason/pkg/perl-html-mason/usr/share/man/man3/HTML::Mason::Subclassing.3pm
Installing /home/packager/aports/main/perl-html-mason/pkg/perl-html-mason/usr/share/man/man3/HTML::Mason::Component::FileBased.3pm
Installing /home/packager/aports/main/perl-html-mason/pkg/perl-html-mason/usr/share/man/man3/HTML::Mason::Plugin.3pm
Installing /home/packager/aports/main/perl-html-mason/pkg/perl-html-mason/usr/share/man/man3/HTML::Mason::Tests.3pm
Installing /home/packager/aports/main/perl-html-mason/pkg/perl-html-mason/usr/share/man/man3/HTML::Mason::Escapes.3pm
Installing /home/packager/aports/main/perl-html-mason/pkg/perl-html-mason/usr/share/man/man3/HTML::Mason::ApacheHandler.3pm
Installing /home/packager/aports/main/perl-html-mason/pkg/perl-html-mason/usr/share/man/man3/HTML::Mason::FAQ.3pm
Installing /home/packager/aports/main/perl-html-mason/pkg/perl-html-mason/usr/share/man/man3/HTML::Mason::Interp.3pm
Installing /home/packager/aports/main/perl-html-mason/pkg/perl-html-mason/usr/share/man/man3/HTML::Mason::Lexer.3pm
Installing /home/packager/aports/main/perl-html-mason/pkg/perl-html-mason/usr/share/man/man3/HTML::Mason::Devel.3pm
Installing /home/packager/aports/main/perl-html-mason/pkg/perl-html-mason/usr/share/man/man3/HTML::Mason::Utils.3pm
Installing /home/packager/aports/main/perl-html-mason/pkg/perl-html-mason/usr/share/man/man3/HTML::Mason::Admin.3pm
Installing /home/packager/aports/main/perl-html-mason/pkg/perl-html-mason/usr/share/man/man3/HTML::Mason::CGIHandler.3pm
Installing /home/packager/aports/main/perl-html-mason/pkg/perl-html-mason/usr/share/man/man3/HTML::Mason.3pm
Installing /home/packager/aports/main/perl-html-mason/pkg/perl-html-mason/usr/share/man/man3/HTML::Mason::Component.3pm
Installing /home/packager/aports/main/perl-html-mason/pkg/perl-html-mason/usr/share/man/man3/HTML::Mason::Request.3pm
Installing /home/packager/aports/main/perl-html-mason/pkg/perl-html-mason/usr/share/man/man3/HTML::Mason::Cache::BaseCache.3pm
Installing /home/packager/aports/main/perl-html-mason/pkg/perl-html-mason/usr/share/man/man3/HTML::Mason::Compiler::ToObject.3pm
Installing /home/packager/aports/main/perl-html-mason/pkg/perl-html-mason/usr/share/man/man3/HTML::Mason::Tools.3pm
Installing /home/packager/aports/main/perl-html-mason/pkg/perl-html-mason/usr/share/man/man3/HTML::Mason::MethodMaker.3pm
Installing /home/packager/aports/main/perl-html-mason/pkg/perl-html-mason/usr/share/man/man3/HTML::Mason::Resolver.3pm
Installing /home/packager/aports/main/perl-html-mason/pkg/perl-html-mason/usr/share/man/man3/HTML::Mason::FakeApache.3pm
Installing /home/packager/aports/main/perl-html-mason/pkg/perl-html-mason/usr/share/man/man3/HTML::Mason::Component::Subcomponent.3pm
Installing /home/packager/aports/main/perl-html-mason/pkg/perl-html-mason/usr/share/man/man3/HTML::Mason::Compiler.3pm
Installing /home/packager/aports/main/perl-html-mason/pkg/perl-html-mason/usr/share/man/man3/HTML::Mason::Params.3pm
Installing /home/packager/aports/main/perl-html-mason/pkg/perl-html-mason/usr/share/man/man3/HTML::Mason::Resolver::File.3pm
Installing /home/packager/aports/main/perl-html-mason/pkg/perl-html-mason/usr/share/man/man3/HTML::Mason::ComponentSource.3pm
Installing /home/packager/aports/main/perl-html-mason/pkg/perl-html-mason/usr/share/man/man3/HTML::Mason::Exceptions.3pm
Installing /home/packager/aports/main/perl-html-mason/pkg/perl-html-mason/usr/bin/convert0.6.pl
Installing /home/packager/aports/main/perl-html-mason/pkg/perl-html-mason/usr/bin/convert0.8.pl
Installing /home/packager/aports/main/perl-html-mason/pkg/perl-html-mason/usr/bin/mason.pl
Installing /home/packager/aports/main/perl-html-mason/pkg/perl-html-mason/usr/bin/convert0.6.README
Installing /home/packager/aports/main/perl-html-mason/pkg/perl-html-mason/usr/bin/convert0.8.README
>>> perl-html-mason-doc*: Running split function doc...
'usr/share/man' -> '/home/packager/aports/main/perl-html-mason/pkg/perl-html-mason-doc/usr/share/man'
>>> perl-html-mason-doc*: Preparing subpackage perl-html-mason-doc...
>>> perl-html-mason-doc*: Running postcheck for perl-html-mason-doc
>>> perl-html-mason*: Running postcheck for perl-html-mason
>>> perl-html-mason*: Preparing package perl-html-mason...
>>> perl-html-mason-doc*: Tracing dependencies...
>>> perl-html-mason-doc*: Package size: 147.1 KB
>>> perl-html-mason-doc*: Compressing data...
>>> perl-html-mason-doc*: Create checksum...
pigz: not found
>>> perl-html-mason-doc*: Create perl-html-mason-doc-1.60-r1.apk
>>> perl-html-mason*: Tracing dependencies...
	perl
	perl-cache-cache
	perl-log-any
	perl-html-parser
	perl-class-container
	perl-params-validate
	perl-exception-class
	perl-cgi
>>> perl-html-mason*: Package size: 604.8 KB
>>> perl-html-mason*: Compressing data...
>>> perl-html-mason*: Create checksum...
pigz: not found
>>> perl-html-mason*: Create perl-html-mason-1.60-r1.apk
>>> perl-html-mason: Build complete at Sun, 18 May 2025 10:17:09 +0000 elapsed time 0h 0m 31s
>>> perl-html-mason: Cleaning up srcdir
>>> perl-html-mason: Cleaning up pkgdir
>>> perl-html-mason: Uninstalling dependencies...
(1/31) Purging .makedepends-perl-html-mason (20250518.101640)
(2/31) Purging perl-cache-cache (1.08-r5)
(3/31) Purging perl-digest-sha1 (2.13-r19)
(4/31) Purging perl-ipc-sharelite (0.17-r13)
(5/31) Purging perl-log-any (1.717-r0)
(6/31) Purging perl-class-container (0.13-r4)
(7/31) Purging perl-params-validate (1.31-r3)
(8/31) Purging perl-module-implementation (0.09-r5)
(9/31) Purging perl-module-runtime (0.016-r6)
(10/31) Purging perl-try-tiny (0.32-r0)
(11/31) Purging perl-exception-class (1.45-r1)
(12/31) Purging perl-devel-stacktrace (2.05-r0)
(13/31) Purging perl-class-data-inheritable (0.10-r0)
(14/31) Purging perl-cgi (4.68-r0)
(15/31) Purging perl-html-parser (3.83-r0)
(16/31) Purging perl-html-tagset (3.24-r0)
(17/31) Purging perl-http-message (7.00-r0)
(18/31) Purging perl-clone (0.47-r0)
(19/31) Purging perl-http-date (6.06-r0)
(20/31) Purging perl-io-html (1.004-r1)
(21/31) Purging perl-encode-locale (1.05-r5)
(22/31) Purging perl-lwp-mediatypes (6.04-r3)
(23/31) Purging perl-uri (5.28-r0)
(24/31) Purging perl-dev (5.40.2-r0)
(25/31) Purging perl-utils (5.40.2-r0)
(26/31) Purging perl-test-deep (1.205-r0)
(27/31) Purging git-perl (2.47.2-r0)
(28/31) Purging perl-git (2.47.2-r0)
(29/31) Purging perl-error (0.17030-r0)
(30/31) Purging perl (5.40.2-r0)
(31/31) Purging libbz2 (1.0.8-r6)
Executing busybox-1.37.0-r12.trigger
OK: 261 MiB in 81 packages
>>> perl-html-mason: Updating the main/x86_64 repository index...
>>> perl-html-mason: Signing the index...
pigz: not found
