pigz: not found
>>> perl-socket-getaddrinfo: Building main/perl-socket-getaddrinfo 0.22-r5 (using abuild 3.14.1-r4) started Sun, 18 May 2025 10:17:51 +0000
>>> perl-socket-getaddrinfo: Validating /home/packager/aports/main/perl-socket-getaddrinfo/APKBUILD...
>>> perl-socket-getaddrinfo: Analyzing dependencies...
>>> perl-socket-getaddrinfo: Installing for build: build-base perl perl-extutils-cchecker perl-module-build
(1/8) Installing libbz2 (1.0.8-r6)
(2/8) Installing perl (5.40.2-r0)
(3/8) Installing perl-extutils-cchecker (0.12-r1)
(4/8) Installing perl-module-build (0.4234-r1)
(5/8) Installing .makedepends-perl-socket-getaddrinfo (20250518.101754)
(6/8) Installing perl-error (0.17030-r0)
(7/8) Installing perl-git (2.47.2-r0)
(8/8) Installing git-perl (2.47.2-r0)
Executing busybox-1.37.0-r12.trigger
OK: 298 MiB in 89 packages
>>> perl-socket-getaddrinfo: Cleaning up srcdir
>>> perl-socket-getaddrinfo: Cleaning up pkgdir
>>> perl-socket-getaddrinfo: Cleaning up tmpdir
>>> perl-socket-getaddrinfo: Fetching https://cpan.metacpan.org/authors/id/P/PE/PEVANS/Socket-GetAddrInfo-0.22.tar.gz
Connecting to cpan.metacpan.org (146.75.122.217:443)
saving to '/var/cache/distfiles/Socket-GetAddrInfo-0.22.tar.gz.part'
Socket-GetAddrInfo-0 100% |********************************| 90579  0:00:00 ETA
'/var/cache/distfiles/Socket-GetAddrInfo-0.22.tar.gz.part' saved
>>> perl-socket-getaddrinfo: Fetching https://cpan.metacpan.org/authors/id/P/PE/PEVANS/Socket-GetAddrInfo-0.22.tar.gz
>>> perl-socket-getaddrinfo: Checking sha512sums...
Socket-GetAddrInfo-0.22.tar.gz: OK
>>> perl-socket-getaddrinfo: Unpacking /var/cache/distfiles/Socket-GetAddrInfo-0.22.tar.gz...
# running Build.PL --installdirs vendor
&Socket::getaddrinfo exists so no need to build XS implementation
Created MYMETA.yml and MYMETA.json
Creating new 'Build' script for 'Socket-GetAddrInfo' version '0.22'
/usr/bin/perl Build --makefile_env_macros 1
Building Socket-GetAddrInfo
/usr/bin/perl Build --makefile_env_macros 1 test
# Using native getaddrinfo(3) from core
t/00use.t .......... ok
t/01getaddrinfo.t .. ok
t/02getnameinfo.t .. ok
t/03Socket6api.t ... ok
t/04Strict.t ....... ok
t/05emulation.t .... ok
t/99pod.t .......... skipped: Test::Pod 1.00 required for testing POD
All tests successful.
Files=7, Tests=98,  0 wallclock secs ( 0.04 usr  0.01 sys +  0.48 cusr  0.07 csys =  0.60 CPU)
Result: PASS
>>> perl-socket-getaddrinfo: Entering fakeroot...
/usr/bin/perl Build --makefile_env_macros 1 install
Building Socket-GetAddrInfo
Installing /home/packager/aports/main/perl-socket-getaddrinfo/pkg/perl-socket-getaddrinfo/usr/share/man/man1/getaddrinfo.1
Installing /home/packager/aports/main/perl-socket-getaddrinfo/pkg/perl-socket-getaddrinfo/usr/share/man/man1/getnameinfo.1
Installing /home/packager/aports/main/perl-socket-getaddrinfo/pkg/perl-socket-getaddrinfo/usr/share/perl5/vendor_perl/Socket/GetAddrInfo.pm
Installing /home/packager/aports/main/perl-socket-getaddrinfo/pkg/perl-socket-getaddrinfo/usr/share/perl5/vendor_perl/Socket/GetAddrInfo/Socket6api.pm
Installing /home/packager/aports/main/perl-socket-getaddrinfo/pkg/perl-socket-getaddrinfo/usr/share/perl5/vendor_perl/Socket/GetAddrInfo/XS.pm
Installing /home/packager/aports/main/perl-socket-getaddrinfo/pkg/perl-socket-getaddrinfo/usr/share/perl5/vendor_perl/Socket/GetAddrInfo/Strict.pm
Installing /home/packager/aports/main/perl-socket-getaddrinfo/pkg/perl-socket-getaddrinfo/usr/share/perl5/vendor_perl/Socket/GetAddrInfo/Core.pm
Installing /home/packager/aports/main/perl-socket-getaddrinfo/pkg/perl-socket-getaddrinfo/usr/share/perl5/vendor_perl/Socket/GetAddrInfo/Emul.pm
Installing /home/packager/aports/main/perl-socket-getaddrinfo/pkg/perl-socket-getaddrinfo/usr/share/man/man3/Socket::GetAddrInfo::Emul.3pm
Installing /home/packager/aports/main/perl-socket-getaddrinfo/pkg/perl-socket-getaddrinfo/usr/share/man/man3/Socket::GetAddrInfo::Socket6api.3pm
Installing /home/packager/aports/main/perl-socket-getaddrinfo/pkg/perl-socket-getaddrinfo/usr/share/man/man3/Socket::GetAddrInfo::Strict.3pm
Installing /home/packager/aports/main/perl-socket-getaddrinfo/pkg/perl-socket-getaddrinfo/usr/share/man/man3/Socket::GetAddrInfo.3pm
Installing /home/packager/aports/main/perl-socket-getaddrinfo/pkg/perl-socket-getaddrinfo/usr/bin/getnameinfo
Installing /home/packager/aports/main/perl-socket-getaddrinfo/pkg/perl-socket-getaddrinfo/usr/bin/getaddrinfo
>>> perl-socket-getaddrinfo-doc*: Running split function doc...
'usr/share/man' -> '/home/packager/aports/main/perl-socket-getaddrinfo/pkg/perl-socket-getaddrinfo-doc/usr/share/man'
>>> perl-socket-getaddrinfo-doc*: Preparing subpackage perl-socket-getaddrinfo-doc...
>>> perl-socket-getaddrinfo-doc*: Running postcheck for perl-socket-getaddrinfo-doc
>>> perl-socket-getaddrinfo*: Running postcheck for perl-socket-getaddrinfo
>>> perl-socket-getaddrinfo*: Preparing package perl-socket-getaddrinfo...
>>> perl-socket-getaddrinfo-doc*: Tracing dependencies...
>>> perl-socket-getaddrinfo-doc*: Package size: 13.6 KB
>>> perl-socket-getaddrinfo-doc*: Compressing data...
>>> perl-socket-getaddrinfo-doc*: Create checksum...
pigz: not found
>>> perl-socket-getaddrinfo-doc*: Create perl-socket-getaddrinfo-doc-0.22-r5.apk
>>> perl-socket-getaddrinfo*: Tracing dependencies...
	perl
	perl-extutils-cchecker
>>> perl-socket-getaddrinfo*: Package size: 41.5 KB
>>> perl-socket-getaddrinfo*: Compressing data...
>>> perl-socket-getaddrinfo*: Create checksum...
pigz: not found
>>> perl-socket-getaddrinfo*: Create perl-socket-getaddrinfo-0.22-r5.apk
>>> perl-socket-getaddrinfo: Build complete at Sun, 18 May 2025 10:17:58 +0000 elapsed time 0h 0m 7s
>>> perl-socket-getaddrinfo: Cleaning up srcdir
>>> perl-socket-getaddrinfo: Cleaning up pkgdir
>>> perl-socket-getaddrinfo: Uninstalling dependencies...
(1/8) Purging .makedepends-perl-socket-getaddrinfo (20250518.101754)
(2/8) Purging perl-extutils-cchecker (0.12-r1)
(3/8) Purging perl-module-build (0.4234-r1)
(4/8) Purging git-perl (2.47.2-r0)
(5/8) Purging perl-git (2.47.2-r0)
(6/8) Purging perl-error (0.17030-r0)
(7/8) Purging perl (5.40.2-r0)
(8/8) Purging libbz2 (1.0.8-r6)
Executing busybox-1.37.0-r12.trigger
OK: 261 MiB in 81 packages
>>> perl-socket-getaddrinfo: Updating the main/x86_64 repository index...
>>> perl-socket-getaddrinfo: Signing the index...
pigz: not found
