>>> perl-module-pluggable: Validating /home/packager/oily-pine/main/perl-module-pluggable/APKBUILD...
>>> perl-module-pluggable: Cleaning up srcdir
>>> perl-module-pluggable: Cleaning up pkgdir
>>> perl-module-pluggable: Cleaning up tmpdir
>>> perl-module-pluggable: Fetching https://cpan.metacpan.org/authors/id/S/SI/SIMONW/Module-Pluggable-6.3.tar.gz
  % Total    % Received % Xferd  Average Speed   Time    Time     Time  Current
                                 Dload  Upload   Total   Spent    Left  Speed
  0     0    0     0    0     0      0      0 --:--:-- --:--:-- --:--:--     0100 29053  100 29053    0     0   103k      0 --:--:-- --:--:-- --:--:--  103k
>>> perl-module-pluggable: Fetching https://cpan.metacpan.org/authors/id/S/SI/SIMONW/Module-Pluggable-6.3.tar.gz
>>> perl-module-pluggable: Checking sha512sums...
Module-Pluggable-6.3.tar.gz: OK
>>> perl-module-pluggable: Preparing build chroot...
fetch http://dl-cdn.alpinelinux.org/alpine/edge/main/x86_64/APKINDEX.tar.gz
(1/73) Installing musl (1.2.5-r10)
(2/73) Installing libcrypto3 (3.5.0-r0)
(3/73) Installing ca-certificates-bundle (20241121-r2)
(4/73) Installing libssl3 (3.5.0-r0)
(5/73) Installing zlib (1.3.1-r2)
(6/73) Installing libapk2 (2.14.9-r2)
(7/73) Installing apk-tools (2.14.9-r2)
(8/73) Installing libcap2 (2.76-r0)
(9/73) Installing libcap-getcap (2.76-r0)
(10/73) Installing fakeroot (1.37.1.1-r0)
(11/73) Installing scanelf (1.3.8-r1)
(12/73) Installing musl-utils (1.2.5-r10)
(13/73) Installing libgcc (14.3.0-r1)
(14/73) Installing libstdc++ (14.3.0-r1)
(15/73) Installing lzip (1.25-r0)
(16/73) Installing openssl (3.5.0-r0)
(17/73) Installing patch (2.8-r0)
(18/73) Installing pkgconf (2.4.3-r0)
(19/73) Installing acl-libs (2.3.2-r1)
(20/73) Installing tar (1.35-r3)
(21/73) Installing busybox (1.37.0-r18)
Executing busybox-1.37.0-r18.post-install
(22/73) Installing ssl_client (1.37.0-r18)
(23/73) Installing busybox-binsh (1.37.0-r18)
(24/73) Installing abuild (3.15.0-r0)
Executing abuild-3.15.0-r0.pre-install
(25/73) Installing abuild-sudo (3.15.0-r0)
(26/73) Installing alpine-baselayout-data (3.7.0-r0)
(27/73) Installing alpine-baselayout (3.7.0-r0)
Executing alpine-baselayout-3.7.0-r0.pre-install
Executing alpine-baselayout-3.7.0-r0.post-install
(28/73) Installing bridge (1.5-r5)
(29/73) Installing ifupdown-ng (0.12.1-r7)
(30/73) Installing openrc-user (0.62.2-r2)
(31/73) Installing openrc (0.62.2-r2)
Executing openrc-0.62.2-r2.post-install
(32/73) Installing mdev-conf (4.8-r0)
(33/73) Installing busybox-mdev-openrc (1.37.0-r18)
(34/73) Installing alpine-conf (3.20.0-r0)
(35/73) Installing alpine-keys (2.5-r0)
(36/73) Installing alpine-release (3.22.0-r0)
(37/73) Installing busybox-openrc (1.37.0-r18)
(38/73) Installing busybox-suid (1.37.0-r18)
(39/73) Installing alpine-base (3.22.0-r0)
(40/73) Installing jansson (2.14.1-r0)
(41/73) Installing zstd-libs (1.5.7-r0)
(42/73) Installing binutils (2.44-r0)
(43/73) Installing libmagic (5.46-r2)
(44/73) Installing file (5.46-r2)
(45/73) Installing libgomp (14.3.0-r1)
(46/73) Installing libatomic (14.3.0-r1)
(47/73) Installing gmp (6.3.0-r3)
(48/73) Installing isl26 (0.26-r1)
(49/73) Installing mpfr4 (4.2.1_p1-r0)
(50/73) Installing mpc1 (1.3.1-r1)
(51/73) Installing gcc (14.3.0-r1)
(52/73) Installing libstdc++-dev (14.3.0-r1)
(53/73) Installing musl-dev (1.2.5-r10)
(54/73) Installing g++ (14.3.0-r1)
(55/73) Installing make (4.4.1-r3)
(56/73) Installing fortify-headers (1.1-r5)
(57/73) Installing build-base (0.5-r3)
(58/73) Installing brotli-libs (1.1.0-r2)
(59/73) Installing c-ares (1.34.5-r0)
(60/73) Installing libunistring (1.3-r0)
(61/73) Installing libidn2 (2.3.7-r0)
(62/73) Installing nghttp2-libs (1.65.0-r0)
(63/73) Installing libpsl (0.21.5-r3)
(64/73) Installing libcurl (8.14.0-r2)
(65/73) Installing libexpat (2.7.1-r0)
(66/73) Installing pcre2 (10.43-r1)
(67/73) Installing git (2.49.0-r0)
(68/73) Installing git-init-template (2.49.0-r0)
(69/73) Installing libbz2 (1.0.8-r6)
(70/73) Installing perl (5.40.2-r0)
(71/73) Installing perl-error (0.17030-r0)
(72/73) Installing perl-git (2.49.0-r0)
(73/73) Installing git-perl (2.49.0-r0)
Executing busybox-1.37.0-r18.trigger
OK: 296 MiB in 73 packages
>>> perl-module-pluggable: Fetching https://cpan.metacpan.org/authors/id/S/SI/SIMONW/Module-Pluggable-6.3.tar.gz
>>> perl-module-pluggable: Checking sha512sums...
Module-Pluggable-6.3.tar.gz: OK
>>> perl-module-pluggable: Unpacking /var/cache/distfiles/Module-Pluggable-6.3.tar.gz...
tar: Ignoring unknown extended header keyword 'LIBARCHIVE.xattr.com.apple.metadata:kMDItemTextContentLanguage'
tar: Ignoring unknown extended header keyword 'LIBARCHIVE.xattr.com.apple.metadata:kMDItemKeyphraseVersion'
tar: Ignoring unknown extended header keyword 'LIBARCHIVE.xattr.com.apple.metadata:kMDItemKeyphraseLabels'
tar: Ignoring unknown extended header keyword 'LIBARCHIVE.xattr.com.apple.metadata:kMDItemKeyphraseConfidences'
tar: Ignoring unknown extended header keyword 'LIBARCHIVE.xattr.com.macromates.visibleIndex'
tar: Ignoring unknown extended header keyword 'LIBARCHIVE.xattr.com.macromates.selectionRange'
tar: Ignoring unknown extended header keyword 'LIBARCHIVE.xattr.com.apple.metadata:kMDItemTextContentLanguage'
tar: Ignoring unknown extended header keyword 'LIBARCHIVE.xattr.com.apple.metadata:kMDItemKeyphraseVersion'
tar: Ignoring unknown extended header keyword 'LIBARCHIVE.xattr.com.apple.metadata:kMDItemKeyphraseLabels'
tar: Ignoring unknown extended header keyword 'LIBARCHIVE.xattr.com.apple.metadata:kMDItemKeyphraseConfidences'
tar: Ignoring unknown extended header keyword 'LIBARCHIVE.xattr.com.macromates.visibleIndex'
tar: Ignoring unknown extended header keyword 'LIBARCHIVE.xattr.com.macromates.selectionRange'
tar: Ignoring unknown extended header keyword 'LIBARCHIVE.xattr.com.macromates.visibleIndex'
tar: Ignoring unknown extended header keyword 'LIBARCHIVE.xattr.com.macromates.selectionRange'
tar: Ignoring unknown extended header keyword 'LIBARCHIVE.xattr.com.macromates.visibleIndex'
tar: Ignoring unknown extended header keyword 'LIBARCHIVE.xattr.com.macromates.selectionRange'
tar: Ignoring unknown extended header keyword 'LIBARCHIVE.xattr.com.macromates.visibleIndex'
tar: Ignoring unknown extended header keyword 'LIBARCHIVE.xattr.com.macromates.selectionRange'
tar: Ignoring unknown extended header keyword 'LIBARCHIVE.xattr.com.macromates.caret'
tar: Ignoring unknown extended header keyword 'LIBARCHIVE.xattr.com.macromates.caret'
tar: Ignoring unknown extended header keyword 'LIBARCHIVE.xattr.com.macromates.caret'
tar: Ignoring unknown extended header keyword 'LIBARCHIVE.xattr.com.macromates.caret'
tar: Ignoring unknown extended header keyword 'LIBARCHIVE.xattr.com.macromates.visibleIndex'
tar: Ignoring unknown extended header keyword 'LIBARCHIVE.xattr.com.macromates.selectionRange'
tar: Ignoring unknown extended header keyword 'LIBARCHIVE.xattr.com.macromates.visibleIndex'
tar: Ignoring unknown extended header keyword 'LIBARCHIVE.xattr.com.macromates.selectionRange'
tar: Ignoring unknown extended header keyword 'LIBARCHIVE.xattr.com.macromates.caret'
tar: Ignoring unknown extended header keyword 'LIBARCHIVE.xattr.com.macromates.caret'
tar: Ignoring unknown extended header keyword 'LIBARCHIVE.xattr.com.macromates.visibleIndex'
tar: Ignoring unknown extended header keyword 'LIBARCHIVE.xattr.com.macromates.selectionRange'
tar: Ignoring unknown extended header keyword 'LIBARCHIVE.xattr.com.macromates.caret'
tar: Ignoring unknown extended header keyword 'LIBARCHIVE.xattr.com.macromates.visibleIndex'
tar: Ignoring unknown extended header keyword 'LIBARCHIVE.xattr.com.macromates.selectionRange'
tar: Ignoring unknown extended header keyword 'LIBARCHIVE.xattr.com.macromates.visibleIndex'
tar: Ignoring unknown extended header keyword 'LIBARCHIVE.xattr.com.macromates.selectionRange'
tar: Ignoring unknown extended header keyword 'LIBARCHIVE.xattr.com.macromates.caret'
tar: Ignoring unknown extended header keyword 'LIBARCHIVE.xattr.com.macromates.caret'
tar: Ignoring unknown extended header keyword 'LIBARCHIVE.xattr.com.macromates.caret'
tar: Ignoring unknown extended header keyword 'LIBARCHIVE.xattr.com.macromates.caret'
tar: Ignoring unknown extended header keyword 'LIBARCHIVE.xattr.com.macromates.caret'
tar: Ignoring unknown extended header keyword 'LIBARCHIVE.xattr.com.macromates.caret'
tar: Ignoring unknown extended header keyword 'LIBARCHIVE.xattr.com.macromates.visibleIndex'
tar: Ignoring unknown extended header keyword 'LIBARCHIVE.xattr.com.macromates.selectionRange'
tar: Ignoring unknown extended header keyword 'LIBARCHIVE.xattr.com.macromates.visibleIndex'
tar: Ignoring unknown extended header keyword 'LIBARCHIVE.xattr.com.macromates.selectionRange'
tar: Ignoring unknown extended header keyword 'LIBARCHIVE.xattr.com.macromates.caret'
tar: Ignoring unknown extended header keyword 'LIBARCHIVE.xattr.com.macromates.visibleIndex'
tar: Ignoring unknown extended header keyword 'LIBARCHIVE.xattr.com.macromates.selectionRange'
tar: Ignoring unknown extended header keyword 'LIBARCHIVE.xattr.com.macromates.caret'
tar: Ignoring unknown extended header keyword 'LIBARCHIVE.xattr.com.macromates.visibleIndex'
tar: Ignoring unknown extended header keyword 'LIBARCHIVE.xattr.com.macromates.selectionRange'
tar: Ignoring unknown extended header keyword 'LIBARCHIVE.xattr.com.macromates.visibleIndex'
tar: Ignoring unknown extended header keyword 'LIBARCHIVE.xattr.com.macromates.selectionRange'
tar: Ignoring unknown extended header keyword 'LIBARCHIVE.xattr.com.macromates.caret'
tar: Ignoring unknown extended header keyword 'LIBARCHIVE.xattr.com.macromates.visibleIndex'
tar: Ignoring unknown extended header keyword 'LIBARCHIVE.xattr.com.macromates.selectionRange'
tar: Ignoring unknown extended header keyword 'LIBARCHIVE.xattr.com.macromates.visibleIndex'
tar: Ignoring unknown extended header keyword 'LIBARCHIVE.xattr.com.macromates.selectionRange'
tar: Ignoring unknown extended header keyword 'LIBARCHIVE.xattr.com.macromates.visibleIndex'
tar: Ignoring unknown extended header keyword 'LIBARCHIVE.xattr.com.macromates.selectionRange'
Checking if your kit is complete...
Looks good
Generating a Unix-style Makefile
Writing Makefile for Module::Pluggable
Writing MYMETA.yml and MYMETA.json
cp lib/Module/Pluggable.pm blib/lib/Module/Pluggable.pm
cp lib/Module/Pluggable/Object.pm blib/lib/Module/Pluggable/Object.pm
cp lib/Devel/InnerPackage.pm blib/lib/Devel/InnerPackage.pm
Manifying 3 pod documents
PERL_DL_NONLAZY=1 "/usr/bin/perl" "-MExtUtils::Command::MM" "-MTest::Harness" "-e" "undef *Test::Harness::Switches; test_harness(0, 'blib/lib', 'blib/arch')" t/*.t
t/01use.t .................... ok
t/02alsoworks.t .............. ok
t/02works.t .................. ok
t/02works_taint.t ............ ok
t/03diffname.t ............... ok
t/04acmedir.t ................ ok
t/04acmedir_single.t ......... ok
t/04acmepath.t ............... ok
t/04acmepath_single.t ........ ok
t/05postpath.t ............... ok
t/06multipath.t .............. ok
t/07instantiate.t ............ ok
t/08nothing.t ................ ok
t/09require.t ................ ok
t/10innerpack.t .............. ok
t/10innerpack_inner.t ........ ok
t/10innerpack_noinner.t ...... ok
t/10innerpack_onefile.t ...... ok
t/10innerpack_override.t ..... ok
t/10innerpack_super.t ........ ok
t/11usetwice.t ............... ok
t/12only.t ................... ok
t/12onlyarray.t .............. ok
t/12onlyregex.t .............. ok
t/12onlyrequire.t ............ ok
t/13except.t ................. ok
t/13exceptarray.t ............ ok
t/13exceptregex.t ............ ok
t/14package.t ................ ok
t/15topicsafe.t .............. ok
t/16different_extension.t .... ok
t/17devel_inner_package.t .... ok
t/18skipped_package.t ........ ok
t/19can_ok_clobber.t ......... ok
t/20dodgy_files.t ............ ok
t/21editor_junk.t ............ ok
t/22trigger.t ................ ok
t/23depth.t .................. ok
t/24local_inc_object.t ....... ok
t/24local_inc_package.t ...... ok
t/25single_letter_package.t .. ok
t/26inc_hook.t ............... ok
t/27app_fatpacker.t .......... skipped: App::FatPacker >= 0.10.0 not available
t/28appledouble.t ............ ok
t/29unreadable.t ............. ok
All tests successful.
Files=45, Tests=192,  2 wallclock secs ( 0.06 usr  0.01 sys +  1.63 cusr  0.29 csys =  1.99 CPU)
Result: PASS
>>> perl-module-pluggable: Entering fakeroot...
Manifying 3 pod documents
Installing /tmp/pkg/perl-module-pluggable/usr/share/perl5/vendor_perl/Module/Pluggable.pm
Installing /tmp/pkg/perl-module-pluggable/usr/share/perl5/vendor_perl/Module/Pluggable/Object.pm
Installing /tmp/pkg/perl-module-pluggable/usr/share/perl5/vendor_perl/Devel/InnerPackage.pm
Installing /tmp/pkg/perl-module-pluggable/usr/share/man/man3/Module::Pluggable::Object.3pm
Installing /tmp/pkg/perl-module-pluggable/usr/share/man/man3/Module::Pluggable.3pm
Installing /tmp/pkg/perl-module-pluggable/usr/share/man/man3/Devel::InnerPackage.3pm
>>> perl-module-pluggable-doc*: Running split function doc...
'usr/share/man' -> '/tmp/pkg/perl-module-pluggable-doc/usr/share/man'
>>> perl-module-pluggable-doc*: Preparing subpackage perl-module-pluggable-doc...
>>> perl-module-pluggable-doc*: Running postcheck for perl-module-pluggable-doc
>>> perl-module-pluggable*: Running postcheck for perl-module-pluggable
>>> perl-module-pluggable*: Preparing package perl-module-pluggable...
>>> perl-module-pluggable-doc*: Tracing dependencies...
>>> perl-module-pluggable-doc*: Package size: 7.7 KB
>>> perl-module-pluggable-doc*: Compressing data...
>>> perl-module-pluggable-doc*: Create checksum...
>>> perl-module-pluggable-doc*: Create perl-module-pluggable-doc-6.3-r0.apk
>>> perl-module-pluggable*: Tracing dependencies...
	perl
>>> perl-module-pluggable*: Package size: 29.1 KB
>>> perl-module-pluggable*: Compressing data...
>>> perl-module-pluggable*: Create checksum...
>>> perl-module-pluggable*: Create perl-module-pluggable-6.3-r0.apk
>>> perl-module-pluggable: Updating the main/x86_64 repository index...
>>> perl-module-pluggable: Signing the index...
>>> perl-module-pluggable: Cleaning up srcdir
>>> perl-module-pluggable: Cleaning up build chroot
>>> perl-module-pluggable: Cleaning up pkgdir
