pigz: not found
>>> perl-b-cow: Building main/perl-b-cow 0.007-r3 (using abuild 3.14.1-r4) started Sun, 18 May 2025 07:09:05 +0000
>>> perl-b-cow: Validating /home/packager/aports/main/perl-b-cow/APKBUILD...
>>> perl-b-cow: Analyzing dependencies...
>>> perl-b-cow: Installing for build: build-base perl perl-dev
(1/8) Installing libbz2 (1.0.8-r6)
(2/8) Installing perl (5.40.2-r0)
(3/8) Installing perl-utils (5.40.2-r0)
(4/8) Installing perl-dev (5.40.2-r0)
(5/8) Installing .makedepends-perl-b-cow (20250518.070906)
(6/8) Installing perl-error (0.17029-r2)
(7/8) Installing perl-git (2.47.2-r0)
(8/8) Installing git-perl (2.47.2-r0)
Executing busybox-1.37.0-r12.trigger
OK: 306 MiB in 89 packages
>>> perl-b-cow: Cleaning up srcdir
>>> perl-b-cow: Cleaning up pkgdir
>>> perl-b-cow: Cleaning up tmpdir
>>> perl-b-cow: Fetching https://cpan.metacpan.org/authors/id/A/AT/ATOOMIC/B-COW-0.007.tar.gz
Connecting to cpan.metacpan.org (146.75.122.217:443)
saving to '/var/cache/distfiles/B-COW-0.007.tar.gz.part'
B-COW-0.007.tar.gz.p 100% |********************************| 18788  0:00:00 ETA
'/var/cache/distfiles/B-COW-0.007.tar.gz.part' saved
>>> perl-b-cow: Fetching https://cpan.metacpan.org/authors/id/A/AT/ATOOMIC/B-COW-0.007.tar.gz
>>> perl-b-cow: Checking sha512sums...
B-COW-0.007.tar.gz: OK
>>> perl-b-cow: Unpacking /var/cache/distfiles/B-COW-0.007.tar.gz...
Checking if your kit is complete...
Looks good
Generating a Unix-style Makefile
Writing Makefile for B::COW
Writing MYMETA.yml and MYMETA.json
"/usr/bin/perl" "/usr/share/perl5/core_perl/ExtUtils/xsubpp"  -typemap '/usr/share/perl5/core_perl/ExtUtils/typemap'  COW.xs > COW.xsc
Running Mkbootstrap for COW ()
chmod 644 "COW.bs"
"/usr/bin/perl" -MExtUtils::Command::MM -e 'cp_nonempty' -- COW.bs blib/arch/auto/B/COW/COW.bs 644
cp lib/B/COW.pm blib/lib/B/COW.pm
mv COW.xsc COW.c
cc -c   -D_REENTRANT -D_GNU_SOURCE -D_GNU_SOURCE -fwrapv -fno-strict-aliasing -pipe -fstack-protector-strong -D_LARGEFILE_SOURCE -D_FILE_OFFSET_BITS=64 -Os -fstack-clash-protection -Wformat -Werror=format-security -fno-plt -O2   -DVERSION=\"0.007\" -DXS_VERSION=\"0.007\" -fPIC "-I/usr/lib/perl5/core_perl/CORE"   COW.c
rm -f blib/arch/auto/B/COW/COW.so
cc  -shared -Os -fstack-clash-protection -Wformat -Werror=format-security -fno-plt -O2 -L/usr/local/lib -fstack-protector-strong  COW.o  -o blib/arch/auto/B/COW/COW.so  \
      \
  
chmod 755 blib/arch/auto/B/COW/COW.so
Manifying 1 pod document
"/usr/bin/perl" -MExtUtils::Command::MM -e 'cp_nonempty' -- COW.bs blib/arch/auto/B/COW/COW.bs 644
PERL_DL_NONLAZY=1 "/usr/bin/perl" "-MExtUtils::Command::MM" "-MTest::Harness" "-e" "undef *Test::Harness::Switches; test_harness(0, 'blib/lib', 'blib/arch')" t/*.t
t/00-load.t ............ ok
# 
# Versions for all modules listed in MYMETA.json (including optional ones):
# 
# === Configure Requires ===
# 
#     Module              Want Have
#     ------------------- ---- ----
#     ExtUtils::MakeMaker  any 7.70
# 
# === Build Requires ===
# 
#     Module              Want Have
#     ------------------- ---- ----
#     ExtUtils::MakeMaker  any 7.70
# 
# === Test Requires ===
# 
#     Module              Want     Have
#     ------------------- ---- --------
#     Devel::Peek          any     1.34
#     ExtUtils::MakeMaker  any     7.70
#     File::Spec           any     3.91
#     Test::More           any 1.302199
#     XSLoader             any     0.32
# 
# === Test Recommends ===
# 
#     Module         Want     Have
#     ---------- -------- --------
#     CPAN::Meta 2.120900 2.150010
# 
# === Runtime Requires ===
# 
#     Module Want Have
#     ------ ---- ----
# 
t/00-report-prereqs.t .. ok
t/01-basic.t ........... ok
All tests successful.
Files=3, Tests=22,  0 wallclock secs ( 0.01 usr  0.01 sys +  0.33 cusr  0.05 csys =  0.40 CPU)
Result: PASS
>>> perl-b-cow: Entering fakeroot...
"/usr/bin/perl" -MExtUtils::Command::MM -e 'cp_nonempty' -- COW.bs blib/arch/auto/B/COW/COW.bs 644
Manifying 1 pod document
Appending installation info to /home/packager/aports/main/perl-b-cow/pkg/perl-b-cow/usr/lib/perl5/core_perl/perllocal.pod
Files found in blib/arch: installing files in blib/lib into architecture dependent library tree
Installing /home/packager/aports/main/perl-b-cow/pkg/perl-b-cow/usr/lib/perl5/vendor_perl/auto/B/COW/COW.so
Installing /home/packager/aports/main/perl-b-cow/pkg/perl-b-cow/usr/lib/perl5/vendor_perl/B/COW.pm
Installing /home/packager/aports/main/perl-b-cow/pkg/perl-b-cow/usr/share/man/man3/B::COW.3pm
>>> perl-b-cow-doc*: Running split function doc...
'usr/share/man' -> '/home/packager/aports/main/perl-b-cow/pkg/perl-b-cow-doc/usr/share/man'
>>> perl-b-cow-doc*: Preparing subpackage perl-b-cow-doc...
>>> perl-b-cow-doc*: Running postcheck for perl-b-cow-doc
>>> perl-b-cow*: Running postcheck for perl-b-cow
>>> perl-b-cow*: Preparing package perl-b-cow...
>>> perl-b-cow*: Stripping binaries
>>> perl-b-cow-doc*: Scanning shared objects
>>> perl-b-cow*: Scanning shared objects
>>> perl-b-cow-doc*: Tracing dependencies...
>>> perl-b-cow-doc*: Package size: 1.9 KB
>>> perl-b-cow-doc*: Compressing data...
>>> perl-b-cow-doc*: Create checksum...
pigz: not found
>>> perl-b-cow-doc*: Create perl-b-cow-doc-0.007-r3.apk
>>> perl-b-cow*: Tracing dependencies...
	perl
	so:libc.musl-x86_64.so.1
>>> perl-b-cow*: Package size: 16.6 KB
>>> perl-b-cow*: Compressing data...
>>> perl-b-cow*: Create checksum...
pigz: not found
>>> perl-b-cow*: Create perl-b-cow-0.007-r3.apk
>>> perl-b-cow: Build complete at Sun, 18 May 2025 07:09:09 +0000 elapsed time 0h 0m 4s
>>> perl-b-cow: Cleaning up srcdir
>>> perl-b-cow: Cleaning up pkgdir
>>> perl-b-cow: Uninstalling dependencies...
(1/8) Purging .makedepends-perl-b-cow (20250518.070906)
(2/8) Purging perl-dev (5.40.2-r0)
(3/8) Purging perl-utils (5.40.2-r0)
(4/8) Purging git-perl (2.47.2-r0)
(5/8) Purging perl-git (2.47.2-r0)
(6/8) Purging perl-error (0.17029-r2)
(7/8) Purging perl (5.40.2-r0)
(8/8) Purging libbz2 (1.0.8-r6)
Executing busybox-1.37.0-r12.trigger
OK: 260 MiB in 81 packages
>>> perl-b-cow: Updating the main/x86_64 repository index...
>>> perl-b-cow: Signing the index...
pigz: not found
