pigz: not found
>>> perl-crypt-eksblowfish: Building main/perl-crypt-eksblowfish 0.009-r14 (using abuild 3.14.1-r4) started Sun, 18 May 2025 07:02:33 +0000
>>> perl-crypt-eksblowfish: Validating /home/packager/aports/main/perl-crypt-eksblowfish/APKBUILD...
>>> perl-crypt-eksblowfish: Analyzing dependencies...
>>> perl-crypt-eksblowfish: Installing for build: build-base perl perl-class-mix perl-dev perl-module-build
(1/11) Installing libbz2 (1.0.8-r6)
(2/11) Installing perl (5.40.2-r0)
(3/11) Installing perl-params-classify (0.015-r10)
(4/11) Installing perl-class-mix (0.006-r4)
(5/11) Installing perl-utils (5.40.2-r0)
(6/11) Installing perl-dev (5.40.2-r0)
(7/11) Installing perl-module-build (0.4234-r1)
(8/11) Installing .makedepends-perl-crypt-eksblowfish (20250518.070235)
(9/11) Installing perl-error (0.17029-r2)
(10/11) Installing perl-git (2.47.2-r0)
(11/11) Installing git-perl (2.47.2-r0)
Executing busybox-1.37.0-r12.trigger
OK: 306 MiB in 92 packages
>>> perl-crypt-eksblowfish: Cleaning up srcdir
>>> perl-crypt-eksblowfish: Cleaning up pkgdir
>>> perl-crypt-eksblowfish: Cleaning up tmpdir
>>> perl-crypt-eksblowfish: Fetching https://cpan.metacpan.org/authors/id/Z/ZE/ZEFRAM/Crypt-Eksblowfish-0.009.tar.gz
Connecting to cpan.metacpan.org (146.75.122.217:443)
saving to '/var/cache/distfiles/Crypt-Eksblowfish-0.009.tar.gz.part'
Crypt-Eksblowfish-0. 100% |********************************| 36302  0:00:00 ETA
'/var/cache/distfiles/Crypt-Eksblowfish-0.009.tar.gz.part' saved
>>> perl-crypt-eksblowfish: Fetching https://cpan.metacpan.org/authors/id/Z/ZE/ZEFRAM/Crypt-Eksblowfish-0.009.tar.gz
>>> perl-crypt-eksblowfish: Checking sha512sums...
Crypt-Eksblowfish-0.009.tar.gz: OK
>>> perl-crypt-eksblowfish: Unpacking /var/cache/distfiles/Crypt-Eksblowfish-0.009.tar.gz...
Created MYMETA.yml and MYMETA.json
Creating new 'Build' script for 'Crypt-Eksblowfish' version '0.009'
Building Crypt-Eksblowfish
gcc -I/usr/lib/perl5/core_perl/CORE '-DVERSION="0.009"' '-DXS_VERSION="0.009"' -fPIC -c -D_REENTRANT -D_GNU_SOURCE -D_GNU_SOURCE -fwrapv -fno-strict-aliasing -pipe -fstack-protector-strong -D_LARGEFILE_SOURCE '-D_FILE_OFFSET_BITS=64' -D_REENTRANT -D_GNU_SOURCE -D_GNU_SOURCE -fwrapv -fno-strict-aliasing -pipe -fstack-protector-strong -D_LARGEFILE_SOURCE '-D_FILE_OFFSET_BITS=64' -Os -fstack-clash-protection -Wformat '-Werror=format-security' -fno-plt -O2 -o lib/Crypt/Eksblowfish.o lib/Crypt/Eksblowfish.c
ExtUtils::Mkbootstrap::Mkbootstrap('blib/arch/auto/Crypt/Eksblowfish/Eksblowfish.bs')
cc -shared -Os -fstack-clash-protection -Wformat '-Werror=format-security' -fno-plt -O2 -L/usr/local/lib -fstack-protector-strong -o blib/arch/auto/Crypt/Eksblowfish/Eksblowfish.so lib/Crypt/Eksblowfish.o
t/base64.t ....... ok
t/bcrypt.t ....... ok
t/bcrypt_hash.t .. ok
t/blowfish.t ..... ok
t/eksblowfish.t .. ok
t/family.t ....... ok
t/pod_cvg.t ...... skipped: Test::Pod::Coverage not available
t/pod_syn.t ...... skipped: Test::Pod not available
t/subkey.t ....... ok
t/uklblowfish.t .. ok
t/utf8.t ......... ok
All tests successful.
Files=11, Tests=1314,  2 wallclock secs ( 0.12 usr  0.02 sys +  1.54 cusr  0.13 csys =  1.81 CPU)
Result: PASS
>>> perl-crypt-eksblowfish: Entering fakeroot...
Building Crypt-Eksblowfish
Files found in blib/arch: installing files in blib/lib into architecture dependent library tree
Installing /home/packager/aports/main/perl-crypt-eksblowfish/pkg/perl-crypt-eksblowfish/usr/lib/perl5/vendor_perl/auto/Crypt/Eksblowfish/Eksblowfish.bs
Installing /home/packager/aports/main/perl-crypt-eksblowfish/pkg/perl-crypt-eksblowfish/usr/lib/perl5/vendor_perl/auto/Crypt/Eksblowfish/Eksblowfish.so
Installing /home/packager/aports/main/perl-crypt-eksblowfish/pkg/perl-crypt-eksblowfish/usr/lib/perl5/vendor_perl/Crypt/Eksblowfish.pm
Installing /home/packager/aports/main/perl-crypt-eksblowfish/pkg/perl-crypt-eksblowfish/usr/lib/perl5/vendor_perl/Crypt/Eksblowfish/Family.pm
Installing /home/packager/aports/main/perl-crypt-eksblowfish/pkg/perl-crypt-eksblowfish/usr/lib/perl5/vendor_perl/Crypt/Eksblowfish/Bcrypt.pm
Installing /home/packager/aports/main/perl-crypt-eksblowfish/pkg/perl-crypt-eksblowfish/usr/lib/perl5/vendor_perl/Crypt/Eksblowfish/Blowfish.pm
Installing /home/packager/aports/main/perl-crypt-eksblowfish/pkg/perl-crypt-eksblowfish/usr/lib/perl5/vendor_perl/Crypt/Eksblowfish/Uklblowfish.pm
Installing /home/packager/aports/main/perl-crypt-eksblowfish/pkg/perl-crypt-eksblowfish/usr/lib/perl5/vendor_perl/Crypt/Eksblowfish/Subkeyed.pm
Installing /home/packager/aports/main/perl-crypt-eksblowfish/pkg/perl-crypt-eksblowfish/usr/share/man/man3/Crypt::Eksblowfish::Blowfish.3pm
Installing /home/packager/aports/main/perl-crypt-eksblowfish/pkg/perl-crypt-eksblowfish/usr/share/man/man3/Crypt::Eksblowfish::Uklblowfish.3pm
Installing /home/packager/aports/main/perl-crypt-eksblowfish/pkg/perl-crypt-eksblowfish/usr/share/man/man3/Crypt::Eksblowfish::Bcrypt.3pm
Installing /home/packager/aports/main/perl-crypt-eksblowfish/pkg/perl-crypt-eksblowfish/usr/share/man/man3/Crypt::Eksblowfish::Family.3pm
Installing /home/packager/aports/main/perl-crypt-eksblowfish/pkg/perl-crypt-eksblowfish/usr/share/man/man3/Crypt::Eksblowfish.3pm
Installing /home/packager/aports/main/perl-crypt-eksblowfish/pkg/perl-crypt-eksblowfish/usr/share/man/man3/Crypt::Eksblowfish::Subkeyed.3pm
>>> perl-crypt-eksblowfish-doc*: Running split function doc...
'usr/share/man' -> '/home/packager/aports/main/perl-crypt-eksblowfish/pkg/perl-crypt-eksblowfish-doc/usr/share/man'
>>> perl-crypt-eksblowfish-doc*: Preparing subpackage perl-crypt-eksblowfish-doc...
>>> perl-crypt-eksblowfish-doc*: Running postcheck for perl-crypt-eksblowfish-doc
>>> perl-crypt-eksblowfish*: Running postcheck for perl-crypt-eksblowfish
>>> perl-crypt-eksblowfish*: Preparing package perl-crypt-eksblowfish...
>>> perl-crypt-eksblowfish*: Stripping binaries
>>> perl-crypt-eksblowfish-doc*: Scanning shared objects
>>> perl-crypt-eksblowfish*: Scanning shared objects
>>> perl-crypt-eksblowfish-doc*: Tracing dependencies...
>>> perl-crypt-eksblowfish-doc*: Package size: 17.0 KB
>>> perl-crypt-eksblowfish-doc*: Compressing data...
>>> perl-crypt-eksblowfish-doc*: Create checksum...
pigz: not found
>>> perl-crypt-eksblowfish-doc*: Create perl-crypt-eksblowfish-doc-0.009-r14.apk
>>> perl-crypt-eksblowfish*: Tracing dependencies...
	perl
	perl-class-mix
	so:libc.musl-x86_64.so.1
>>> perl-crypt-eksblowfish*: Package size: 57.5 KB
>>> perl-crypt-eksblowfish*: Compressing data...
>>> perl-crypt-eksblowfish*: Create checksum...
pigz: not found
>>> perl-crypt-eksblowfish*: Create perl-crypt-eksblowfish-0.009-r14.apk
>>> perl-crypt-eksblowfish: Build complete at Sun, 18 May 2025 07:02:40 +0000 elapsed time 0h 0m 7s
>>> perl-crypt-eksblowfish: Cleaning up srcdir
>>> perl-crypt-eksblowfish: Cleaning up pkgdir
>>> perl-crypt-eksblowfish: Uninstalling dependencies...
(1/11) Purging .makedepends-perl-crypt-eksblowfish (20250518.070235)
(2/11) Purging perl-class-mix (0.006-r4)
(3/11) Purging perl-params-classify (0.015-r10)
(4/11) Purging perl-dev (5.40.2-r0)
(5/11) Purging perl-utils (5.40.2-r0)
(6/11) Purging perl-module-build (0.4234-r1)
(7/11) Purging git-perl (2.47.2-r0)
(8/11) Purging perl-git (2.47.2-r0)
(9/11) Purging perl-error (0.17029-r2)
(10/11) Purging perl (5.40.2-r0)
(11/11) Purging libbz2 (1.0.8-r6)
Executing busybox-1.37.0-r12.trigger
OK: 260 MiB in 81 packages
>>> perl-crypt-eksblowfish: Updating the main/x86_64 repository index...
>>> perl-crypt-eksblowfish: Signing the index...
pigz: not found
