pigz: not found
>>> perl-universal-can: Building main/perl-universal-can 1.20140328-r3 (using abuild 3.14.1-r4) started Sun, 18 May 2025 07:49:26 +0000
>>> perl-universal-can: Validating /home/packager/aports/main/perl-universal-can/APKBUILD...
>>> perl-universal-can: Analyzing dependencies...
>>> perl-universal-can: Installing for build: build-base perl perl-dev
(1/8) Installing libbz2 (1.0.8-r6)
(2/8) Installing perl (5.40.2-r0)
(3/8) Installing perl-utils (5.40.2-r0)
(4/8) Installing perl-dev (5.40.2-r0)
(5/8) Installing .makedepends-perl-universal-can (20250518.074929)
(6/8) Installing perl-error (0.17029-r2)
(7/8) Installing perl-git (2.47.2-r0)
(8/8) Installing git-perl (2.47.2-r0)
Executing busybox-1.37.0-r12.trigger
OK: 307 MiB in 89 packages
>>> perl-universal-can: Cleaning up srcdir
>>> perl-universal-can: Cleaning up pkgdir
>>> perl-universal-can: Cleaning up tmpdir
>>> perl-universal-can: Fetching https://cpan.metacpan.org/authors/id/C/CH/CHROMATIC/UNIVERSAL-can-1.20140328.tar.gz
Connecting to cpan.metacpan.org (146.75.122.217:443)
saving to '/var/cache/distfiles/UNIVERSAL-can-1.20140328.tar.gz.part'
UNIVERSAL-can-1.2014 100% |********************************| 14654  0:00:00 ETA
'/var/cache/distfiles/UNIVERSAL-can-1.20140328.tar.gz.part' saved
>>> perl-universal-can: Fetching https://cpan.metacpan.org/authors/id/C/CH/CHROMATIC/UNIVERSAL-can-1.20140328.tar.gz
>>> perl-universal-can: Checking sha512sums...
UNIVERSAL-can-1.20140328.tar.gz: OK
>>> perl-universal-can: Unpacking /var/cache/distfiles/UNIVERSAL-can-1.20140328.tar.gz...
Checking if your kit is complete...
Looks good
Generating a Unix-style Makefile
Writing Makefile for UNIVERSAL::can
Writing MYMETA.yml and MYMETA.json
cp lib/UNIVERSAL/can.pm blib/lib/UNIVERSAL/can.pm
Manifying 1 pod document
PERL_DL_NONLAZY=1 "/usr/bin/perl" "-MExtUtils::Command::MM" "-MTest::Harness" "-e" "undef *Test::Harness::Switches; test_harness(0, 'blib/lib', 'blib/arch')" t/*.t
# Testing UNIVERSAL::can 1.20140328, Perl 5.040002, /usr/bin/perl
t/00-load.t .................. ok
t/always_warn.t .............. ok
t/bad-input.t ................ ok
t/bugs.t ..................... ok
t/class.t .................... ok
t/deep-recursion.t ........... ok
t/isa-triggering-overload.t .. ok
t/object.t ................... ok
t/SUPER-can.t ................ ok
All tests successful.
Files=9, Tests=59,  0 wallclock secs ( 0.05 usr  0.00 sys +  0.56 cusr  0.11 csys =  0.72 CPU)
Result: PASS
>>> perl-universal-can: Entering fakeroot...
Manifying 1 pod document
Appending installation info to /home/packager/aports/main/perl-universal-can/pkg/perl-universal-can/usr/lib/perl5/core_perl/perllocal.pod
Installing /home/packager/aports/main/perl-universal-can/pkg/perl-universal-can/usr/share/perl5/vendor_perl/UNIVERSAL/can.pm
Installing /home/packager/aports/main/perl-universal-can/pkg/perl-universal-can/usr/share/man/man3/UNIVERSAL::can.3pm
>>> perl-universal-can-doc*: Running split function doc...
'usr/share/man' -> '/home/packager/aports/main/perl-universal-can/pkg/perl-universal-can-doc/usr/share/man'
>>> perl-universal-can-doc*: Preparing subpackage perl-universal-can-doc...
>>> perl-universal-can-doc*: Running postcheck for perl-universal-can-doc
>>> perl-universal-can*: Running postcheck for perl-universal-can
>>> perl-universal-can*: Preparing package perl-universal-can...
>>> perl-universal-can-doc*: Tracing dependencies...
>>> perl-universal-can-doc*: Package size: 2.2 KB
>>> perl-universal-can-doc*: Compressing data...
>>> perl-universal-can-doc*: Create checksum...
pigz: not found
>>> perl-universal-can-doc*: Create perl-universal-can-doc-1.20140328-r3.apk
>>> perl-universal-can*: Tracing dependencies...
	perl
>>> perl-universal-can*: Package size: 4.4 KB
>>> perl-universal-can*: Compressing data...
>>> perl-universal-can*: Create checksum...
pigz: not found
>>> perl-universal-can*: Create perl-universal-can-1.20140328-r3.apk
>>> perl-universal-can: Build complete at Sun, 18 May 2025 07:49:32 +0000 elapsed time 0h 0m 6s
>>> perl-universal-can: Cleaning up srcdir
>>> perl-universal-can: Cleaning up pkgdir
>>> perl-universal-can: Uninstalling dependencies...
(1/8) Purging .makedepends-perl-universal-can (20250518.074929)
(2/8) Purging perl-dev (5.40.2-r0)
(3/8) Purging perl-utils (5.40.2-r0)
(4/8) Purging git-perl (2.47.2-r0)
(5/8) Purging perl-git (2.47.2-r0)
(6/8) Purging perl-error (0.17029-r2)
(7/8) Purging perl (5.40.2-r0)
(8/8) Purging libbz2 (1.0.8-r6)
Executing busybox-1.37.0-r12.trigger
OK: 261 MiB in 81 packages
>>> perl-universal-can: Updating the main/x86_64 repository index...
>>> perl-universal-can: Signing the index...
pigz: not found
