pigz: not found
>>> perl-package-deprecationmanager: Building main/perl-package-deprecationmanager 0.18-r1 (using abuild 3.14.1-r4) started Sun, 18 May 2025 09:09:46 +0000
>>> perl-package-deprecationmanager: Validating /home/packager/aports/main/perl-package-deprecationmanager/APKBUILD...
>>> perl-package-deprecationmanager: Analyzing dependencies...
>>> perl-package-deprecationmanager: Installing for build: build-base perl perl-sub-install perl-params-util perl-package-stash perl-dev perl-test-fatal perl-test-warnings
(1/17) Installing libbz2 (1.0.8-r6)
(2/17) Installing perl (5.40.2-r0)
(3/17) Installing perl-sub-install (0.929-r2)
(4/17) Installing perl-params-util (1.102-r5)
(5/17) Installing perl-module-runtime (0.016-r6)
(6/17) Installing perl-dist-checkconflicts (0.11-r4)
(7/17) Installing perl-try-tiny (0.32-r0)
(8/17) Installing perl-module-implementation (0.09-r5)
(9/17) Installing perl-package-stash (0.40-r1)
(10/17) Installing perl-utils (5.40.2-r0)
(11/17) Installing perl-dev (5.40.2-r0)
(12/17) Installing perl-test-fatal (0.017-r1)
(13/17) Installing perl-test-warnings (0.038-r0)
(14/17) Installing .makedepends-perl-package-deprecationmanager (20250518.090949)
(15/17) Installing perl-error (0.17030-r0)
(16/17) Installing perl-git (2.47.2-r0)
(17/17) Installing git-perl (2.47.2-r0)
Executing busybox-1.37.0-r12.trigger
OK: 307 MiB in 98 packages
>>> perl-package-deprecationmanager: Cleaning up srcdir
>>> perl-package-deprecationmanager: Cleaning up pkgdir
>>> perl-package-deprecationmanager: Cleaning up tmpdir
>>> perl-package-deprecationmanager: Fetching https://cpan.metacpan.org/authors/id/D/DR/DROLSKY/Package-DeprecationManager-0.18.tar.gz
Connecting to cpan.metacpan.org (146.75.122.217:443)
saving to '/var/cache/distfiles/Package-DeprecationManager-0.18.tar.gz.part'
Package-DeprecationM 100% |********************************| 31812  0:00:00 ETA
'/var/cache/distfiles/Package-DeprecationManager-0.18.tar.gz.part' saved
>>> perl-package-deprecationmanager: Fetching https://cpan.metacpan.org/authors/id/D/DR/DROLSKY/Package-DeprecationManager-0.18.tar.gz
>>> perl-package-deprecationmanager: Checking sha512sums...
Package-DeprecationManager-0.18.tar.gz: OK
>>> perl-package-deprecationmanager: Unpacking /var/cache/distfiles/Package-DeprecationManager-0.18.tar.gz...
Checking if your kit is complete...
Looks good
Generating a Unix-style Makefile
Writing Makefile for Package::DeprecationManager
Writing MYMETA.yml and MYMETA.json
cp lib/Package/DeprecationManager.pm blib/lib/Package/DeprecationManager.pm
Manifying 1 pod document
PERL_DL_NONLAZY=1 "/usr/bin/perl" "-MExtUtils::Command::MM" "-MTest::Harness" "-e" "undef *Test::Harness::Switches; test_harness(0, 'blib/lib', 'blib/arch')" t/*.t
# 
# Versions for all modules listed in MYMETA.json (including optional ones):
# 
# === Configure Requires ===
# 
#     Module              Want Have
#     ------------------- ---- ----
#     ExtUtils::MakeMaker  any 7.70
# 
# === Build Requires ===
# 
#     Module              Want Have
#     ------------------- ---- ----
#     ExtUtils::MakeMaker  any 7.70
# 
# === Test Requires ===
# 
#     Module              Want     Have
#     ------------------- ---- --------
#     Exporter             any     5.78
#     ExtUtils::MakeMaker  any     7.70
#     File::Spec           any     3.91
#     Test::Fatal          any    0.017
#     Test::More          0.96 1.302199
#     Test::Warnings       any    0.038
# 
# === Test Recommends ===
# 
#     Module         Want     Have
#     ---------- -------- --------
#     CPAN::Meta 2.120900 2.150010
# 
# === Runtime Requires ===
# 
#     Module         Want  Have
#     -------------- ---- -----
#     Carp            any  1.54
#     List::Util     1.33  1.63
#     Package::Stash  any  0.40
#     Params::Util    any 1.102
#     Sub::Install    any 0.929
#     Sub::Util       any  1.63
#     strict          any  1.13
#     warnings        any  1.70
# 
t/00-report-prereqs.t .. ok
t/basic.t .............. ok
t/export.t ............. ok
All tests successful.
Files=3, Tests=30,  1 wallclock secs ( 0.02 usr  0.01 sys +  0.39 cusr  0.04 csys =  0.46 CPU)
Result: PASS
>>> perl-package-deprecationmanager: Entering fakeroot...
Manifying 1 pod document
Appending installation info to /home/packager/aports/main/perl-package-deprecationmanager/pkg/perl-package-deprecationmanager/usr/lib/perl5/core_perl/perllocal.pod
Installing /home/packager/aports/main/perl-package-deprecationmanager/pkg/perl-package-deprecationmanager/usr/share/perl5/vendor_perl/Package/DeprecationManager.pm
Installing /home/packager/aports/main/perl-package-deprecationmanager/pkg/perl-package-deprecationmanager/usr/share/man/man3/Package::DeprecationManager.3pm
>>> perl-package-deprecationmanager-doc*: Running split function doc...
'usr/share/man' -> '/home/packager/aports/main/perl-package-deprecationmanager/pkg/perl-package-deprecationmanager-doc/usr/share/man'
>>> perl-package-deprecationmanager-doc*: Preparing subpackage perl-package-deprecationmanager-doc...
>>> perl-package-deprecationmanager-doc*: Running postcheck for perl-package-deprecationmanager-doc
>>> perl-package-deprecationmanager*: Running postcheck for perl-package-deprecationmanager
>>> perl-package-deprecationmanager*: Preparing package perl-package-deprecationmanager...
>>> perl-package-deprecationmanager-doc*: Tracing dependencies...
>>> perl-package-deprecationmanager-doc*: Package size: 3.3 KB
>>> perl-package-deprecationmanager-doc*: Compressing data...
>>> perl-package-deprecationmanager-doc*: Create checksum...
pigz: not found
>>> perl-package-deprecationmanager-doc*: Create perl-package-deprecationmanager-doc-0.18-r1.apk
>>> perl-package-deprecationmanager*: Tracing dependencies...
	perl
	perl-sub-install
	perl-params-util
	perl-package-stash
>>> perl-package-deprecationmanager*: Package size: 10.1 KB
>>> perl-package-deprecationmanager*: Compressing data...
>>> perl-package-deprecationmanager*: Create checksum...
pigz: not found
>>> perl-package-deprecationmanager*: Create perl-package-deprecationmanager-0.18-r1.apk
>>> perl-package-deprecationmanager: Build complete at Sun, 18 May 2025 09:09:52 +0000 elapsed time 0h 0m 6s
>>> perl-package-deprecationmanager: Cleaning up srcdir
>>> perl-package-deprecationmanager: Cleaning up pkgdir
>>> perl-package-deprecationmanager: Uninstalling dependencies...
(1/17) Purging .makedepends-perl-package-deprecationmanager (20250518.090949)
(2/17) Purging perl-sub-install (0.929-r2)
(3/17) Purging perl-params-util (1.102-r5)
(4/17) Purging perl-package-stash (0.40-r1)
(5/17) Purging perl-dist-checkconflicts (0.11-r4)
(6/17) Purging perl-module-implementation (0.09-r5)
(7/17) Purging perl-module-runtime (0.016-r6)
(8/17) Purging perl-dev (5.40.2-r0)
(9/17) Purging perl-utils (5.40.2-r0)
(10/17) Purging perl-test-fatal (0.017-r1)
(11/17) Purging perl-try-tiny (0.32-r0)
(12/17) Purging perl-test-warnings (0.038-r0)
(13/17) Purging git-perl (2.47.2-r0)
(14/17) Purging perl-git (2.47.2-r0)
(15/17) Purging perl-error (0.17030-r0)
(16/17) Purging perl (5.40.2-r0)
(17/17) Purging libbz2 (1.0.8-r6)
Executing busybox-1.37.0-r12.trigger
OK: 261 MiB in 81 packages
>>> perl-package-deprecationmanager: Updating the main/x86_64 repository index...
>>> perl-package-deprecationmanager: Signing the index...
pigz: not found
