pigz: not found
>>> perl-http-message: Building main/perl-http-message 7.00-r0 (using abuild 3.14.1-r4) started Sun, 18 May 2025 07:14:08 +0000
>>> perl-http-message: Validating /home/packager/aports/main/perl-http-message/APKBUILD...
>>> perl-http-message: Analyzing dependencies...
>>> perl-http-message: Installing for build: build-base perl perl-clone>=0.46 perl-http-date perl-uri perl-io-html perl-encode-locale perl-lwp-mediatypes perl-try-tiny perl-test-needs
(1/14) Installing libbz2 (1.0.8-r6)
(2/14) Installing perl (5.40.2-r0)
(3/14) Installing perl-clone (0.47-r0)
(4/14) Installing perl-http-date (6.06-r0)
(5/14) Installing perl-uri (5.28-r0)
(6/14) Installing perl-io-html (1.004-r1)
(7/14) Installing perl-encode-locale (1.05-r5)
(8/14) Installing perl-lwp-mediatypes (6.04-r3)
(9/14) Installing perl-try-tiny (0.32-r0)
(10/14) Installing perl-test-needs (0.002010-r1)
(11/14) Installing .makedepends-perl-http-message (20250518.071410)
(12/14) Installing perl-error (0.17029-r2)
(13/14) Installing perl-git (2.47.2-r0)
(14/14) Installing git-perl (2.47.2-r0)
Executing busybox-1.37.0-r12.trigger
OK: 297 MiB in 95 packages
>>> perl-http-message: Cleaning up srcdir
>>> perl-http-message: Cleaning up pkgdir
>>> perl-http-message: Cleaning up tmpdir
>>> perl-http-message: Fetching https://cpan.metacpan.org/authors/id/O/OA/OALDERS/HTTP-Message-7.00.tar.gz
Connecting to cpan.metacpan.org (146.75.122.217:443)
saving to '/var/cache/distfiles/HTTP-Message-7.00.tar.gz.part'
HTTP-Message-7.00.ta 100% |********************************| 95242  0:00:00 ETA
'/var/cache/distfiles/HTTP-Message-7.00.tar.gz.part' saved
>>> perl-http-message: Fetching https://cpan.metacpan.org/authors/id/O/OA/OALDERS/HTTP-Message-7.00.tar.gz
>>> perl-http-message: Checking sha512sums...
HTTP-Message-7.00.tar.gz: OK
>>> perl-http-message: Unpacking /var/cache/distfiles/HTTP-Message-7.00.tar.gz...
Checking if your kit is complete...
Looks good
Generating a Unix-style Makefile
Writing Makefile for HTTP::Message
Writing MYMETA.yml and MYMETA.json
cp lib/HTTP/Status.pm blib/lib/HTTP/Status.pm
cp lib/HTTP/Message.pm blib/lib/HTTP/Message.pm
cp lib/HTTP/Headers/Util.pm blib/lib/HTTP/Headers/Util.pm
cp lib/HTTP/Headers.pm blib/lib/HTTP/Headers.pm
cp lib/HTTP/Response.pm blib/lib/HTTP/Response.pm
cp lib/HTTP/Headers/Auth.pm blib/lib/HTTP/Headers/Auth.pm
cp lib/HTTP/Config.pm blib/lib/HTTP/Config.pm
cp lib/HTTP/Request/Common.pm blib/lib/HTTP/Request/Common.pm
cp lib/HTTP/Headers/ETag.pm blib/lib/HTTP/Headers/ETag.pm
cp lib/HTTP/Request.pm blib/lib/HTTP/Request.pm
Manifying 10 pod documents
PERL_DL_NONLAZY=1 "/usr/bin/perl" "-MExtUtils::Command::MM" "-MTest::Harness" "-e" "undef *Test::Harness::Switches; test_harness(0, 'blib/lib', 'blib/arch')" t/*.t
# 
# Versions for all modules listed in MYMETA.json (including optional ones):
# 
# === Configure Requires ===
# 
#     Module               Want     Have
#     ------------------- ----- --------
#     ExtUtils::MakeMaker   any     7.70
#     perl                5.006 5.040002
# 
# === Configure Suggests ===
# 
#     Module      Want Have
#     -------- ------- ----
#     JSON::PP 2.27300 4.16
# 
# === Build Requires ===
# 
#     Module              Want Have
#     ------------------- ---- ----
#     ExtUtils::MakeMaker  any 7.70
# 
# === Test Requires ===
# 
#     Module                  Want     Have
#     ------------------- -------- --------
#     ExtUtils::MakeMaker      any     7.70
#     File::Spec               any     3.91
#     File::Temp               any   0.2311
#     PerlIO::encoding         any     0.31
#     Test::More              0.88 1.302199
#     Test::Needs              any 0.002010
#     Time::Local              any     1.35
#     Try::Tiny                any     0.32
#     URI::URL                 any     5.28
#     lib                      any     0.65
#     overload                 any     1.37
#     perl                5.008001 5.040002
# 
# === Test Recommends ===
# 
#     Module                     Want     Have
#     ---------------------- -------- --------
#     CPAN::Meta             2.120900 2.150010
#     IO::Compress::Brotli   0.004001  missing
#     IO::Uncompress::Brotli 0.004001  missing
# 
# === Runtime Requires ===
# 
#     Module                         Want     Have
#     -------------------------- -------- --------
#     Carp                            any     1.54
#     Clone                          0.46     0.47
#     Compress::Raw::Bzip2            any    2.212
#     Compress::Raw::Zlib           2.062    2.212
#     Encode                         3.01     3.21
#     Encode::Locale                    1     1.05
#     Exporter                       5.57     5.78
#     File::Spec                      any     3.91
#     HTTP::Date                        6     6.06
#     IO::Compress::Bzip2           2.021    2.212
#     IO::Compress::Deflate           any    2.212
#     IO::Compress::Gzip              any    2.212
#     IO::HTML                        any    1.004
#     IO::Uncompress::Inflate         any    2.212
#     IO::Uncompress::RawInflate      any    2.212
#     LWP::MediaTypes                   6     6.04
#     MIME::Base64                    2.1  3.16_01
#     MIME::QuotedPrint               any  3.16_01
#     URI                            1.10     5.28
#     parent                          any    0.241
#     perl                       5.008001 5.040002
#     strict                          any     1.13
#     warnings                        any     1.70
# 
# === Runtime Recommends ===
# 
#     Module                     Want    Have
#     ---------------------- -------- -------
#     IO::Compress::Brotli   0.004001 missing
#     IO::Uncompress::Brotli 0.004001 missing
# 
t/00-report-prereqs.t .......... ok
t/common-req.t ................. ok
t/headers-auth.t ............... ok
t/headers-etag.t ............... ok
t/headers-util.t ............... ok
t/headers.t .................... ok
t/http-config.t ................ ok
t/message-brotli.t ............. skipped: Need IO::Compress::Brotli, IO::Uncompress::Brotli
t/message-charset.t ............ ok
t/message-decode-brotlibomb.t .. skipped: Need IO::Compress::Brotli, IO::Uncompress::Brotli
t/message-decode-bzipbomb.t .... ok
t/message-decode-xml.t ......... ok
t/message-decode-zipbomb.t ..... ok
t/message-old.t ................ ok
t/message-parts.t .............. ok
t/message.t .................... ok
t/request.t .................... ok
t/request_type_with_data.t ..... ok
t/response.t ................... ok
t/status-old.t ................. ok
t/status.t ..................... ok
All tests successful.
Files=21, Tests=841,  3 wallclock secs ( 0.10 usr  0.05 sys +  2.76 cusr  0.32 csys =  3.23 CPU)
Result: PASS
>>> perl-http-message: Entering fakeroot...
Manifying 10 pod documents
Installing /home/packager/aports/main/perl-http-message/pkg/perl-http-message/usr/share/perl5/vendor_perl/HTTP/Status.pm
Installing /home/packager/aports/main/perl-http-message/pkg/perl-http-message/usr/share/perl5/vendor_perl/HTTP/Request.pm
Installing /home/packager/aports/main/perl-http-message/pkg/perl-http-message/usr/share/perl5/vendor_perl/HTTP/Headers.pm
Installing /home/packager/aports/main/perl-http-message/pkg/perl-http-message/usr/share/perl5/vendor_perl/HTTP/Message.pm
Installing /home/packager/aports/main/perl-http-message/pkg/perl-http-message/usr/share/perl5/vendor_perl/HTTP/Config.pm
Installing /home/packager/aports/main/perl-http-message/pkg/perl-http-message/usr/share/perl5/vendor_perl/HTTP/Response.pm
Installing /home/packager/aports/main/perl-http-message/pkg/perl-http-message/usr/share/perl5/vendor_perl/HTTP/Request/Common.pm
Installing /home/packager/aports/main/perl-http-message/pkg/perl-http-message/usr/share/perl5/vendor_perl/HTTP/Headers/ETag.pm
Installing /home/packager/aports/main/perl-http-message/pkg/perl-http-message/usr/share/perl5/vendor_perl/HTTP/Headers/Auth.pm
Installing /home/packager/aports/main/perl-http-message/pkg/perl-http-message/usr/share/perl5/vendor_perl/HTTP/Headers/Util.pm
Installing /home/packager/aports/main/perl-http-message/pkg/perl-http-message/usr/share/man/man3/HTTP::Request.3pm
Installing /home/packager/aports/main/perl-http-message/pkg/perl-http-message/usr/share/man/man3/HTTP::Headers::Util.3pm
Installing /home/packager/aports/main/perl-http-message/pkg/perl-http-message/usr/share/man/man3/HTTP::Status.3pm
Installing /home/packager/aports/main/perl-http-message/pkg/perl-http-message/usr/share/man/man3/HTTP::Message.3pm
Installing /home/packager/aports/main/perl-http-message/pkg/perl-http-message/usr/share/man/man3/HTTP::Request::Common.3pm
Installing /home/packager/aports/main/perl-http-message/pkg/perl-http-message/usr/share/man/man3/HTTP::Headers::ETag.3pm
Installing /home/packager/aports/main/perl-http-message/pkg/perl-http-message/usr/share/man/man3/HTTP::Response.3pm
Installing /home/packager/aports/main/perl-http-message/pkg/perl-http-message/usr/share/man/man3/HTTP::Config.3pm
Installing /home/packager/aports/main/perl-http-message/pkg/perl-http-message/usr/share/man/man3/HTTP::Headers.3pm
Installing /home/packager/aports/main/perl-http-message/pkg/perl-http-message/usr/share/man/man3/HTTP::Headers::Auth.3pm
>>> perl-http-message-doc*: Running split function doc...
'usr/share/man' -> '/home/packager/aports/main/perl-http-message/pkg/perl-http-message-doc/usr/share/man'
>>> perl-http-message-doc*: Preparing subpackage perl-http-message-doc...
>>> perl-http-message-doc*: Running postcheck for perl-http-message-doc
>>> perl-http-message*: Running postcheck for perl-http-message
>>> perl-http-message*: Preparing package perl-http-message...
>>> perl-http-message-doc*: Tracing dependencies...
>>> perl-http-message-doc*: Package size: 34.4 KB
>>> perl-http-message-doc*: Compressing data...
>>> perl-http-message-doc*: Create checksum...
pigz: not found
>>> perl-http-message-doc*: Create perl-http-message-doc-7.00-r0.apk
>>> perl-http-message*: Tracing dependencies...
	perl
	perl-clone>=0.46
	perl-http-date
	perl-uri
	perl-io-html
	perl-encode-locale
	perl-lwp-mediatypes
>>> perl-http-message*: Package size: 134.2 KB
>>> perl-http-message*: Compressing data...
>>> perl-http-message*: Create checksum...
pigz: not found
>>> perl-http-message*: Create perl-http-message-7.00-r0.apk
>>> perl-http-message: Build complete at Sun, 18 May 2025 07:14:16 +0000 elapsed time 0h 0m 8s
>>> perl-http-message: Cleaning up srcdir
>>> perl-http-message: Cleaning up pkgdir
>>> perl-http-message: Uninstalling dependencies...
(1/14) Purging .makedepends-perl-http-message (20250518.071410)
(2/14) Purging perl-clone (0.47-r0)
(3/14) Purging perl-http-date (6.06-r0)
(4/14) Purging perl-uri (5.28-r0)
(5/14) Purging perl-io-html (1.004-r1)
(6/14) Purging perl-encode-locale (1.05-r5)
(7/14) Purging perl-lwp-mediatypes (6.04-r3)
(8/14) Purging perl-try-tiny (0.32-r0)
(9/14) Purging perl-test-needs (0.002010-r1)
(10/14) Purging git-perl (2.47.2-r0)
(11/14) Purging perl-git (2.47.2-r0)
(12/14) Purging perl-error (0.17029-r2)
(13/14) Purging perl (5.40.2-r0)
(14/14) Purging libbz2 (1.0.8-r6)
Executing busybox-1.37.0-r12.trigger
OK: 260 MiB in 81 packages
>>> perl-http-message: Updating the main/x86_64 repository index...
>>> perl-http-message: Signing the index...
pigz: not found
