pigz: not found
>>> perl-config-autoconf: Building main/perl-config-autoconf 0.320-r2 (using abuild 3.14.1-r4) started Sun, 18 May 2025 09:03:44 +0000
>>> perl-config-autoconf: Validating /home/packager/aports/main/perl-config-autoconf/APKBUILD...
>>> perl-config-autoconf: Analyzing dependencies...
>>> perl-config-autoconf: Installing for build: build-base perl perl-capture-tiny perl-dev
(1/9) Installing libbz2 (1.0.8-r6)
(2/9) Installing perl (5.40.2-r0)
(3/9) Installing perl-capture-tiny (0.50-r0)
(4/9) Installing perl-utils (5.40.2-r0)
(5/9) Installing perl-dev (5.40.2-r0)
(6/9) Installing .makedepends-perl-config-autoconf (20250518.090347)
(7/9) Installing perl-error (0.17030-r0)
(8/9) Installing perl-git (2.47.2-r0)
(9/9) Installing git-perl (2.47.2-r0)
Executing busybox-1.37.0-r12.trigger
OK: 307 MiB in 90 packages
>>> perl-config-autoconf: Cleaning up srcdir
>>> perl-config-autoconf: Cleaning up pkgdir
>>> perl-config-autoconf: Cleaning up tmpdir
>>> perl-config-autoconf: Fetching https://cpan.metacpan.org/authors/id/A/AM/AMBS/Config-AutoConf-0.320.tar.gz
Connecting to cpan.metacpan.org (146.75.122.217:443)
saving to '/var/cache/distfiles/Config-AutoConf-0.320.tar.gz.part'
Config-AutoConf-0.32 100% |********************************| 52267  0:00:00 ETA
'/var/cache/distfiles/Config-AutoConf-0.320.tar.gz.part' saved
>>> perl-config-autoconf: Fetching https://cpan.metacpan.org/authors/id/A/AM/AMBS/Config-AutoConf-0.320.tar.gz
>>> perl-config-autoconf: Checking sha512sums...
Config-AutoConf-0.320.tar.gz: OK
>>> perl-config-autoconf: Unpacking /var/cache/distfiles/Config-AutoConf-0.320.tar.gz...
Checking if your kit is complete...
Looks good
Generating a Unix-style Makefile
Writing Makefile for Config::AutoConf
Writing MYMETA.yml and MYMETA.json
cp lib/Config/AutoConf.pm blib/lib/Config/AutoConf.pm
Manifying 1 pod document
PERL_DL_NONLAZY=1 "/usr/bin/perl" "-MExtUtils::Command::MM" "-MTest::Harness" "-e" "undef *Test::Harness::Switches; test_harness(0, 'blib/lib', 'blib/arch')" t/*.t xt/*.t
t/00.load.t ....... ok
# Check for some progs to get an overview about world outside
# Found AWK as /usr/bin/awk
# Found SED as /bin/sed
# Found EGREP as /bin/egrep
# Found PKG-CONFIG as /usr/bin/pkg-config
t/01.checkprog.t .. ok
t/02.compile.t .... ok
t/03.link.t ....... ok
All tests successful.

Test Summary Report
-------------------
t/02.compile.t  (Wstat: 0 Tests: 31 Failed: 0)
  TODO passed:   28-30
t/03.link.t     (Wstat: 0 Tests: 18 Failed: 0)
  TODO passed:   11, 16-18
Files=4, Tests=68, 41 wallclock secs ( 0.06 usr  0.02 sys + 35.46 cusr  5.26 csys = 40.80 CPU)
Result: PASS
>>> perl-config-autoconf: Entering fakeroot...
Manifying 1 pod document
Appending installation info to /home/packager/aports/main/perl-config-autoconf/pkg/perl-config-autoconf/usr/lib/perl5/core_perl/perllocal.pod
Installing /home/packager/aports/main/perl-config-autoconf/pkg/perl-config-autoconf/usr/share/perl5/vendor_perl/Config/AutoConf.pm
Installing /home/packager/aports/main/perl-config-autoconf/pkg/perl-config-autoconf/usr/share/man/man3/Config::AutoConf.3pm
>>> perl-config-autoconf-doc*: Running split function doc...
'usr/share/man' -> '/home/packager/aports/main/perl-config-autoconf/pkg/perl-config-autoconf-doc/usr/share/man'
>>> perl-config-autoconf-doc*: Preparing subpackage perl-config-autoconf-doc...
>>> perl-config-autoconf-doc*: Running postcheck for perl-config-autoconf-doc
>>> perl-config-autoconf*: Running postcheck for perl-config-autoconf
>>> perl-config-autoconf*: Preparing package perl-config-autoconf...
>>> perl-config-autoconf-doc*: Tracing dependencies...
>>> perl-config-autoconf-doc*: Package size: 12.2 KB
>>> perl-config-autoconf-doc*: Compressing data...
>>> perl-config-autoconf-doc*: Create checksum...
pigz: not found
>>> perl-config-autoconf-doc*: Create perl-config-autoconf-doc-0.320-r2.apk
>>> perl-config-autoconf*: Tracing dependencies...
	perl
	perl-capture-tiny
>>> perl-config-autoconf*: Package size: 121.7 KB
>>> perl-config-autoconf*: Compressing data...
>>> perl-config-autoconf*: Create checksum...
pigz: not found
>>> perl-config-autoconf*: Create perl-config-autoconf-0.320-r2.apk
>>> perl-config-autoconf: Build complete at Sun, 18 May 2025 09:04:30 +0000 elapsed time 0h 0m 46s
>>> perl-config-autoconf: Cleaning up srcdir
>>> perl-config-autoconf: Cleaning up pkgdir
>>> perl-config-autoconf: Uninstalling dependencies...
(1/9) Purging .makedepends-perl-config-autoconf (20250518.090347)
(2/9) Purging perl-capture-tiny (0.50-r0)
(3/9) Purging perl-dev (5.40.2-r0)
(4/9) Purging perl-utils (5.40.2-r0)
(5/9) Purging git-perl (2.47.2-r0)
(6/9) Purging perl-git (2.47.2-r0)
(7/9) Purging perl-error (0.17030-r0)
(8/9) Purging perl (5.40.2-r0)
(9/9) Purging libbz2 (1.0.8-r6)
Executing busybox-1.37.0-r12.trigger
OK: 261 MiB in 81 packages
>>> perl-config-autoconf: Updating the main/x86_64 repository index...
>>> perl-config-autoconf: Signing the index...
pigz: not found
