pigz: not found
>>> perl-class-accessor: Building main/perl-class-accessor 0.51-r4 (using abuild 3.14.1-r4) started Sun, 18 May 2025 07:49:03 +0000
>>> perl-class-accessor: Validating /home/packager/aports/main/perl-class-accessor/APKBUILD...
>>> perl-class-accessor: Analyzing dependencies...
>>> perl-class-accessor: Installing for build: build-base perl
(1/6) Installing libbz2 (1.0.8-r6)
(2/6) Installing perl (5.40.2-r0)
(3/6) Installing .makedepends-perl-class-accessor (20250518.074904)
(4/6) Installing perl-error (0.17029-r2)
(5/6) Installing perl-git (2.47.2-r0)
(6/6) Installing git-perl (2.47.2-r0)
Executing busybox-1.37.0-r12.trigger
OK: 297 MiB in 87 packages
>>> perl-class-accessor: Cleaning up srcdir
>>> perl-class-accessor: Cleaning up pkgdir
>>> perl-class-accessor: Cleaning up tmpdir
>>> perl-class-accessor: Fetching https://cpan.metacpan.org/authors/id/K/KA/KASEI/Class-Accessor-0.51.tar.gz
Connecting to cpan.metacpan.org (146.75.122.217:443)
saving to '/var/cache/distfiles/Class-Accessor-0.51.tar.gz.part'
Class-Accessor-0.51. 100% |********************************| 13013  0:00:00 ETA
'/var/cache/distfiles/Class-Accessor-0.51.tar.gz.part' saved
>>> perl-class-accessor: Fetching https://cpan.metacpan.org/authors/id/K/KA/KASEI/Class-Accessor-0.51.tar.gz
>>> perl-class-accessor: Checking sha512sums...
Class-Accessor-0.51.tar.gz: OK
>>> perl-class-accessor: Unpacking /var/cache/distfiles/Class-Accessor-0.51.tar.gz...
Checking if your kit is complete...
Looks good
Generating a Unix-style Makefile
Writing Makefile for Class::Accessor
Writing MYMETA.yml and MYMETA.json
cp lib/Class/Accessor.pm blib/lib/Class/Accessor.pm
cp lib/Class/Accessor/Fast.pm blib/lib/Class/Accessor/Fast.pm
cp lib/Class/Accessor/Faster.pm blib/lib/Class/Accessor/Faster.pm
Manifying 3 pod documents
PERL_DL_NONLAZY=1 "/usr/bin/perl" "-MExtUtils::Command::MM" "-MTest::Harness" "-e" "undef *Test::Harness::Switches; test_harness(0, 'blib/lib', 'blib/arch')" t/*.t
t/accessors.t ..... ok
t/aliases.t ....... ok
t/antlers.t ....... ok
t/bestpractice.t .. ok
t/caller.t ........ skipped: Sub::Name is not installed
t/croak.t ......... ok
t/getset.t ........ ok
All tests successful.
Files=7, Tests=133,  1 wallclock secs ( 0.04 usr  0.01 sys +  0.44 cusr  0.09 csys =  0.58 CPU)
Result: PASS
>>> perl-class-accessor: Entering fakeroot...
Manifying 3 pod documents
Appending installation info to /home/packager/aports/main/perl-class-accessor/pkg/perl-class-accessor/usr/lib/perl5/core_perl/perllocal.pod
Installing /home/packager/aports/main/perl-class-accessor/pkg/perl-class-accessor/usr/share/perl5/vendor_perl/Class/Accessor.pm
Installing /home/packager/aports/main/perl-class-accessor/pkg/perl-class-accessor/usr/share/perl5/vendor_perl/Class/Accessor/Fast.pm
Installing /home/packager/aports/main/perl-class-accessor/pkg/perl-class-accessor/usr/share/perl5/vendor_perl/Class/Accessor/Faster.pm
Installing /home/packager/aports/main/perl-class-accessor/pkg/perl-class-accessor/usr/share/man/man3/Class::Accessor::Fast.3pm
Installing /home/packager/aports/main/perl-class-accessor/pkg/perl-class-accessor/usr/share/man/man3/Class::Accessor::Faster.3pm
Installing /home/packager/aports/main/perl-class-accessor/pkg/perl-class-accessor/usr/share/man/man3/Class::Accessor.3pm
>>> perl-class-accessor-doc*: Running split function doc...
'usr/share/man' -> '/home/packager/aports/main/perl-class-accessor/pkg/perl-class-accessor-doc/usr/share/man'
>>> perl-class-accessor-doc*: Preparing subpackage perl-class-accessor-doc...
>>> perl-class-accessor-doc*: Running postcheck for perl-class-accessor-doc
>>> perl-class-accessor*: Running postcheck for perl-class-accessor
>>> perl-class-accessor*: Preparing package perl-class-accessor...
>>> perl-class-accessor-doc*: Tracing dependencies...
>>> perl-class-accessor-doc*: Package size: 9.1 KB
>>> perl-class-accessor-doc*: Compressing data...
>>> perl-class-accessor-doc*: Create checksum...
pigz: not found
>>> perl-class-accessor-doc*: Create perl-class-accessor-doc-0.51-r4.apk
>>> perl-class-accessor*: Tracing dependencies...
	perl
>>> perl-class-accessor*: Package size: 25.3 KB
>>> perl-class-accessor*: Compressing data...
>>> perl-class-accessor*: Create checksum...
pigz: not found
>>> perl-class-accessor*: Create perl-class-accessor-0.51-r4.apk
>>> perl-class-accessor: Build complete at Sun, 18 May 2025 07:49:07 +0000 elapsed time 0h 0m 4s
>>> perl-class-accessor: Cleaning up srcdir
>>> perl-class-accessor: Cleaning up pkgdir
>>> perl-class-accessor: Uninstalling dependencies...
(1/6) Purging .makedepends-perl-class-accessor (20250518.074904)
(2/6) Purging git-perl (2.47.2-r0)
(3/6) Purging perl-git (2.47.2-r0)
(4/6) Purging perl-error (0.17029-r2)
(5/6) Purging perl (5.40.2-r0)
(6/6) Purging libbz2 (1.0.8-r6)
Executing busybox-1.37.0-r12.trigger
OK: 261 MiB in 81 packages
>>> perl-class-accessor: Updating the main/x86_64 repository index...
>>> perl-class-accessor: Signing the index...
pigz: not found
