pigz: not found
>>> perl-test-requires: Building main/perl-test-requires 0.11-r3 (using abuild 3.14.1-r4) started Sun, 18 May 2025 07:16:31 +0000
>>> perl-test-requires: Validating /home/packager/aports/main/perl-test-requires/APKBUILD...
>>> perl-test-requires: Analyzing dependencies...
>>> perl-test-requires: Installing for build: build-base perl perl-dev
(1/8) Installing libbz2 (1.0.8-r6)
(2/8) Installing perl (5.40.2-r0)
(3/8) Installing perl-utils (5.40.2-r0)
(4/8) Installing perl-dev (5.40.2-r0)
(5/8) Installing .makedepends-perl-test-requires (20250518.071632)
(6/8) Installing perl-error (0.17029-r2)
(7/8) Installing perl-git (2.47.2-r0)
(8/8) Installing git-perl (2.47.2-r0)
Executing busybox-1.37.0-r12.trigger
OK: 306 MiB in 89 packages
>>> perl-test-requires: Cleaning up srcdir
>>> perl-test-requires: Cleaning up pkgdir
>>> perl-test-requires: Cleaning up tmpdir
>>> perl-test-requires: Fetching https://cpan.metacpan.org/authors/id/T/TO/TOKUHIROM/Test-Requires-0.11.tar.gz
Connecting to cpan.metacpan.org (146.75.122.217:443)
saving to '/var/cache/distfiles/Test-Requires-0.11.tar.gz.part'
Test-Requires-0.11.t 100% |********************************| 10902  0:00:00 ETA
'/var/cache/distfiles/Test-Requires-0.11.tar.gz.part' saved
>>> perl-test-requires: Fetching https://cpan.metacpan.org/authors/id/T/TO/TOKUHIROM/Test-Requires-0.11.tar.gz
>>> perl-test-requires: Checking sha512sums...
Test-Requires-0.11.tar.gz: OK
>>> perl-test-requires: Unpacking /var/cache/distfiles/Test-Requires-0.11.tar.gz...
Checking if your kit is complete...
Looks good
Generating a Unix-style Makefile
Writing Makefile for Test::Requires
Writing MYMETA.yml and MYMETA.json
cp lib/Test/Requires.pm blib/lib/Test/Requires.pm
Manifying 1 pod document
PERL_DL_NONLAZY=1 "/usr/bin/perl" "-MExtUtils::Command::MM" "-MTest::Harness" "-e" "undef *Test::Harness::Switches; test_harness(0, 'blib/lib', 'blib/arch')" t/*.t
# Test::More: 1.302199
t/00_compile.t ......... ok
t/01_simple.t .......... ok
t/02_no_plan.t ......... ok
t/03_import_hashref.t .. skipped: Test requires module 'Acme::Unknown::Missing::Module::Name' but it's not found
t/04_import_array.t .... skipped: Test requires module 'Acme::Unknown::Missing::Module::Name' but it's not found
t/05_success.t ......... ok
t/06_perlver.t ......... ok
All tests successful.
Files=7, Tests=15,  1 wallclock secs ( 0.03 usr  0.01 sys +  0.41 cusr  0.10 csys =  0.55 CPU)
Result: PASS
>>> perl-test-requires: Entering fakeroot...
Manifying 1 pod document
Appending installation info to /home/packager/aports/main/perl-test-requires/pkg/perl-test-requires/usr/lib/perl5/core_perl/perllocal.pod
Installing /home/packager/aports/main/perl-test-requires/pkg/perl-test-requires/usr/share/perl5/vendor_perl/Test/Requires.pm
Installing /home/packager/aports/main/perl-test-requires/pkg/perl-test-requires/usr/share/man/man3/Test::Requires.3pm
>>> perl-test-requires-doc*: Running split function doc...
'usr/share/man' -> '/home/packager/aports/main/perl-test-requires/pkg/perl-test-requires-doc/usr/share/man'
>>> perl-test-requires-doc*: Preparing subpackage perl-test-requires-doc...
>>> perl-test-requires-doc*: Running postcheck for perl-test-requires-doc
>>> perl-test-requires*: Running postcheck for perl-test-requires
>>> perl-test-requires*: Preparing package perl-test-requires...
>>> perl-test-requires-doc*: Tracing dependencies...
>>> perl-test-requires-doc*: Package size: 1.6 KB
>>> perl-test-requires-doc*: Compressing data...
>>> perl-test-requires-doc*: Create checksum...
pigz: not found
>>> perl-test-requires-doc*: Create perl-test-requires-doc-0.11-r3.apk
>>> perl-test-requires*: Tracing dependencies...
	perl
>>> perl-test-requires*: Package size: 3.6 KB
>>> perl-test-requires*: Compressing data...
>>> perl-test-requires*: Create checksum...
pigz: not found
>>> perl-test-requires*: Create perl-test-requires-0.11-r3.apk
>>> perl-test-requires: Build complete at Sun, 18 May 2025 07:16:35 +0000 elapsed time 0h 0m 4s
>>> perl-test-requires: Cleaning up srcdir
>>> perl-test-requires: Cleaning up pkgdir
>>> perl-test-requires: Uninstalling dependencies...
(1/8) Purging .makedepends-perl-test-requires (20250518.071632)
(2/8) Purging perl-dev (5.40.2-r0)
(3/8) Purging perl-utils (5.40.2-r0)
(4/8) Purging git-perl (2.47.2-r0)
(5/8) Purging perl-git (2.47.2-r0)
(6/8) Purging perl-error (0.17029-r2)
(7/8) Purging perl (5.40.2-r0)
(8/8) Purging libbz2 (1.0.8-r6)
Executing busybox-1.37.0-r12.trigger
OK: 260 MiB in 81 packages
>>> perl-test-requires: Updating the main/x86_64 repository index...
>>> perl-test-requires: Signing the index...
pigz: not found
