pigz: not found
>>> perl-config-grammar: Building main/perl-config-grammar 1.13-r4 (using abuild 3.14.1-r4) started Sun, 18 May 2025 10:37:39 +0000
>>> perl-config-grammar: Validating /home/packager/aports/main/perl-config-grammar/APKBUILD...
>>> perl-config-grammar: Analyzing dependencies...
>>> perl-config-grammar: Installing for build: build-base perl
(1/6) Installing libbz2 (1.0.8-r6)
(2/6) Installing perl (5.40.2-r0)
(3/6) Installing .makedepends-perl-config-grammar (20250518.103741)
(4/6) Installing perl-error (0.17030-r0)
(5/6) Installing perl-git (2.47.2-r0)
(6/6) Installing git-perl (2.47.2-r0)
Executing busybox-1.37.0-r12.trigger
OK: 297 MiB in 87 packages
>>> perl-config-grammar: Cleaning up srcdir
>>> perl-config-grammar: Cleaning up pkgdir
>>> perl-config-grammar: Cleaning up tmpdir
>>> perl-config-grammar: Fetching https://cpan.metacpan.org/authors/id/D/DS/DSCHWEI/Config-Grammar-1.13.tar.gz
Connecting to cpan.metacpan.org (146.75.122.217:443)
saving to '/var/cache/distfiles/Config-Grammar-1.13.tar.gz.part'
Config-Grammar-1.13. 100% |********************************| 26281  0:00:00 ETA
'/var/cache/distfiles/Config-Grammar-1.13.tar.gz.part' saved
>>> perl-config-grammar: Fetching https://cpan.metacpan.org/authors/id/D/DS/DSCHWEI/Config-Grammar-1.13.tar.gz
>>> perl-config-grammar: Checking sha512sums...
Config-Grammar-1.13.tar.gz: OK
>>> perl-config-grammar: Unpacking /var/cache/distfiles/Config-Grammar-1.13.tar.gz...
Checking if your kit is complete...
Looks good
Generating a Unix-style Makefile
Writing Makefile for Config::Grammar
Writing MYMETA.yml and MYMETA.json
cp lib/Config/Grammar/Dynamic.pm blib/lib/Config/Grammar/Dynamic.pm
cp lib/Config/Grammar/Document.pm blib/lib/Config/Grammar/Document.pm
cp lib/Config/Grammar.pm blib/lib/Config/Grammar.pm
Manifying 2 pod documents
PERL_DL_NONLAZY=1 "/usr/bin/perl" "-MExtUtils::Command::MM" "-MTest::Harness" "-e" "undef *Test::Harness::Switches; test_harness(0, 'blib/lib', 'blib/arch')" t/*.t
t/dyn.t ........ ok
t/example.t .... ok
t/inherit.t .... ok
t/sub_error.t .. ok
All tests successful.
Files=4, Tests=44,  0 wallclock secs ( 0.02 usr  0.01 sys +  0.14 cusr  0.03 csys =  0.20 CPU)
Result: PASS
>>> perl-config-grammar: Entering fakeroot...
Manifying 2 pod documents
Appending installation info to /home/packager/aports/main/perl-config-grammar/pkg/perl-config-grammar/usr/lib/perl5/core_perl/perllocal.pod
Installing /home/packager/aports/main/perl-config-grammar/pkg/perl-config-grammar/usr/share/perl5/vendor_perl/Config/Grammar.pm
Installing /home/packager/aports/main/perl-config-grammar/pkg/perl-config-grammar/usr/share/perl5/vendor_perl/Config/Grammar/Document.pm
Installing /home/packager/aports/main/perl-config-grammar/pkg/perl-config-grammar/usr/share/perl5/vendor_perl/Config/Grammar/Dynamic.pm
Installing /home/packager/aports/main/perl-config-grammar/pkg/perl-config-grammar/usr/share/man/man3/Config::Grammar.3pm
Installing /home/packager/aports/main/perl-config-grammar/pkg/perl-config-grammar/usr/share/man/man3/Config::Grammar::Dynamic.3pm
>>> perl-config-grammar-doc*: Running split function doc...
'usr/share/man' -> '/home/packager/aports/main/perl-config-grammar/pkg/perl-config-grammar-doc/usr/share/man'
>>> perl-config-grammar-doc*: Preparing subpackage perl-config-grammar-doc...
>>> perl-config-grammar-doc*: Running postcheck for perl-config-grammar-doc
>>> perl-config-grammar*: Running postcheck for perl-config-grammar
>>> perl-config-grammar*: Preparing package perl-config-grammar...
>>> perl-config-grammar-doc*: Tracing dependencies...
>>> perl-config-grammar-doc*: Package size: 6.6 KB
>>> perl-config-grammar-doc*: Compressing data...
>>> perl-config-grammar-doc*: Create checksum...
pigz: not found
>>> perl-config-grammar-doc*: Create perl-config-grammar-doc-1.13-r4.apk
>>> perl-config-grammar*: Tracing dependencies...
	perl
>>> perl-config-grammar*: Package size: 50.8 KB
>>> perl-config-grammar*: Compressing data...
>>> perl-config-grammar*: Create checksum...
pigz: not found
>>> perl-config-grammar*: Create perl-config-grammar-1.13-r4.apk
>>> perl-config-grammar: Build complete at Sun, 18 May 2025 10:37:43 +0000 elapsed time 0h 0m 4s
>>> perl-config-grammar: Cleaning up srcdir
>>> perl-config-grammar: Cleaning up pkgdir
>>> perl-config-grammar: Uninstalling dependencies...
(1/6) Purging .makedepends-perl-config-grammar (20250518.103741)
(2/6) Purging git-perl (2.47.2-r0)
(3/6) Purging perl-git (2.47.2-r0)
(4/6) Purging perl-error (0.17030-r0)
(5/6) Purging perl (5.40.2-r0)
(6/6) Purging libbz2 (1.0.8-r6)
Executing busybox-1.37.0-r12.trigger
OK: 261 MiB in 81 packages
>>> perl-config-grammar: Updating the main/x86_64 repository index...
>>> perl-config-grammar: Signing the index...
pigz: not found
