>>> perl-http-cookiejar: Validating /home/packager/oily-pine/main/perl-http-cookiejar/APKBUILD...
>>> perl-http-cookiejar: Cleaning up srcdir
>>> perl-http-cookiejar: Cleaning up pkgdir
>>> perl-http-cookiejar: Cleaning up tmpdir
>>> perl-http-cookiejar: Fetching https://cpan.metacpan.org/authors/id/D/DA/DAGOLDEN/HTTP-CookieJar-0.014.tar.gz
  % Total    % Received % Xferd  Average Speed   Time    Time     Time  Current
                                 Dload  Upload   Total   Spent    Left  Speed
  0     0    0     0    0     0      0      0 --:--:-- --:--:-- --:--:--     0100 29036  100 29036    0     0   185k      0 --:--:-- --:--:-- --:--:--  185k
>>> perl-http-cookiejar: Fetching https://cpan.metacpan.org/authors/id/D/DA/DAGOLDEN/HTTP-CookieJar-0.014.tar.gz
>>> perl-http-cookiejar: Checking sha512sums...
HTTP-CookieJar-0.014.tar.gz: OK
>>> perl-http-cookiejar: Preparing build chroot...
fetch http://dl-cdn.alpinelinux.org/alpine/edge/main/x86_64/APKINDEX.tar.gz
(1/77) Installing musl (1.2.5-r10)
(2/77) Installing libcrypto3 (3.5.0-r0)
(3/77) Installing ca-certificates-bundle (20241121-r2)
(4/77) Installing libssl3 (3.5.0-r0)
(5/77) Installing zlib (1.3.1-r2)
(6/77) Installing libapk2 (2.14.9-r2)
(7/77) Installing apk-tools (2.14.9-r2)
(8/77) Installing libcap2 (2.76-r0)
(9/77) Installing libcap-getcap (2.76-r0)
(10/77) Installing fakeroot (1.37.1.1-r0)
(11/77) Installing scanelf (1.3.8-r1)
(12/77) Installing musl-utils (1.2.5-r10)
(13/77) Installing libgcc (14.3.0-r1)
(14/77) Installing libstdc++ (14.3.0-r1)
(15/77) Installing lzip (1.25-r0)
(16/77) Installing openssl (3.5.0-r0)
(17/77) Installing patch (2.8-r0)
(18/77) Installing pkgconf (2.4.3-r0)
(19/77) Installing acl-libs (2.3.2-r1)
(20/77) Installing tar (1.35-r3)
(21/77) Installing busybox (1.37.0-r18)
Executing busybox-1.37.0-r18.post-install
(22/77) Installing ssl_client (1.37.0-r18)
(23/77) Installing busybox-binsh (1.37.0-r18)
(24/77) Installing abuild (3.15.0-r0)
Executing abuild-3.15.0-r0.pre-install
(25/77) Installing abuild-sudo (3.15.0-r0)
(26/77) Installing alpine-baselayout-data (3.7.0-r0)
(27/77) Installing alpine-baselayout (3.7.0-r0)
Executing alpine-baselayout-3.7.0-r0.pre-install
Executing alpine-baselayout-3.7.0-r0.post-install
(28/77) Installing bridge (1.5-r5)
(29/77) Installing ifupdown-ng (0.12.1-r7)
(30/77) Installing openrc-user (0.62.2-r2)
(31/77) Installing openrc (0.62.2-r2)
Executing openrc-0.62.2-r2.post-install
(32/77) Installing mdev-conf (4.8-r0)
(33/77) Installing busybox-mdev-openrc (1.37.0-r18)
(34/77) Installing alpine-conf (3.20.0-r0)
(35/77) Installing alpine-keys (2.5-r0)
(36/77) Installing alpine-release (3.22.0-r0)
(37/77) Installing busybox-openrc (1.37.0-r18)
(38/77) Installing busybox-suid (1.37.0-r18)
(39/77) Installing alpine-base (3.22.0-r0)
(40/77) Installing jansson (2.14.1-r0)
(41/77) Installing zstd-libs (1.5.7-r0)
(42/77) Installing binutils (2.44-r0)
(43/77) Installing libmagic (5.46-r2)
(44/77) Installing file (5.46-r2)
(45/77) Installing libgomp (14.3.0-r1)
(46/77) Installing libatomic (14.3.0-r1)
(47/77) Installing gmp (6.3.0-r3)
(48/77) Installing isl26 (0.26-r1)
(49/77) Installing mpfr4 (4.2.1_p1-r0)
(50/77) Installing mpc1 (1.3.1-r1)
(51/77) Installing gcc (14.3.0-r1)
(52/77) Installing libstdc++-dev (14.3.0-r1)
(53/77) Installing musl-dev (1.2.5-r10)
(54/77) Installing g++ (14.3.0-r1)
(55/77) Installing make (4.4.1-r3)
(56/77) Installing fortify-headers (1.1-r5)
(57/77) Installing build-base (0.5-r3)
(58/77) Installing brotli-libs (1.1.0-r2)
(59/77) Installing c-ares (1.34.5-r0)
(60/77) Installing libunistring (1.3-r0)
(61/77) Installing libidn2 (2.3.7-r0)
(62/77) Installing nghttp2-libs (1.65.0-r0)
(63/77) Installing libpsl (0.21.5-r3)
(64/77) Installing libcurl (8.14.0-r2)
(65/77) Installing libexpat (2.7.1-r0)
(66/77) Installing pcre2 (10.43-r1)
(67/77) Installing git (2.49.0-r0)
(68/77) Installing git-init-template (2.49.0-r0)
(69/77) Installing libbz2 (1.0.8-r6)
(70/77) Installing perl (5.40.2-r0)
(71/77) Installing perl-error (0.17030-r0)
(72/77) Installing perl-git (2.49.0-r0)
(73/77) Installing git-perl (2.49.0-r0)
(74/77) Installing perl-http-date (6.06-r0)
(75/77) Installing perl-test-deep (1.205-r0)
(76/77) Installing perl-test-requires (0.11-r3)
(77/77) Installing perl-uri (5.28-r0)
Executing busybox-1.37.0-r18.trigger
OK: 297 MiB in 77 packages
>>> perl-http-cookiejar: Fetching https://cpan.metacpan.org/authors/id/D/DA/DAGOLDEN/HTTP-CookieJar-0.014.tar.gz
>>> perl-http-cookiejar: Checking sha512sums...
HTTP-CookieJar-0.014.tar.gz: OK
>>> perl-http-cookiejar: Unpacking /var/cache/distfiles/HTTP-CookieJar-0.014.tar.gz...
Checking if your kit is complete...
Looks good
Generating a Unix-style Makefile
Writing Makefile for HTTP::CookieJar
Writing MYMETA.yml and MYMETA.json
cp lib/HTTP/CookieJar/LWP.pm blib/lib/HTTP/CookieJar/LWP.pm
cp lib/HTTP/CookieJar.pm blib/lib/HTTP/CookieJar.pm
Manifying 2 pod documents
PERL_DL_NONLAZY=1 "/usr/bin/perl" "-MExtUtils::Command::MM" "-MTest::Harness" "-e" "undef *Test::Harness::Switches; test_harness(0, 'blib/lib', 'blib/arch')" t/*.t
# 
# Versions for all modules listed in MYMETA.json (including optional ones):
# 
# === Configure Requires ===
# 
#     Module              Want Have
#     ------------------- ---- ----
#     ExtUtils::MakeMaker 6.17 7.70
# 
# === Build Requires ===
# 
#     Module              Want Have
#     ------------------- ---- ----
#     ExtUtils::MakeMaker  any 7.70
# 
# === Test Requires ===
# 
#     Module                Want     Have
#     ------------------- ------ --------
#     ExtUtils::MakeMaker    any     7.70
#     File::Spec             any     3.91
#     Test::Deep             any    1.205
#     Test::More            0.96 1.302199
#     Test::Requires         any     0.11
#     Time::Local         1.1901     1.35
#     URI                    any     5.28
#     lib                    any     0.65
# 
# === Test Recommends ===
# 
#     Module         Want     Have
#     ---------- -------- --------
#     CPAN::Meta 2.120900 2.150010
# 
# === Runtime Requires ===
# 
#     Module        Want  Have
#     ----------- ------ -----
#     Carp           any  1.54
#     HTTP::Date     any  6.06
#     Time::Local 1.1901  1.35
#     parent         any 0.241
#     strict         any  1.13
#     warnings       any  1.70
# 
# === Runtime Recommends ===
# 
#     Module                Want    Have
#     --------------------- ---- -------
#     Mozilla::PublicSuffix  any missing
# 
t/00-report-prereqs.t .. ok
t/add.t ................ ok
t/cookies_for.t ........ ok
t/examples.t ........... ok
t/parse.t .............. ok
t/publicsuffix.t ....... skipped: Test requires module 'Mozilla::PublicSuffix' but it's not found
t/save.t ............... ok
t/sort.t ............... ok
t/zzz-lwp.t ............ skipped: Test requires module 'HTTP::Request' but it's not found
All tests successful.
Files=9, Tests=49,  0 wallclock secs ( 0.01 usr  0.01 sys +  0.36 cusr  0.07 csys =  0.45 CPU)
Result: PASS
>>> perl-http-cookiejar: Entering fakeroot...
Manifying 2 pod documents
Appending installation info to /tmp/pkg/perl-http-cookiejar/usr/lib/perl5/core_perl/perllocal.pod
Installing /tmp/pkg/perl-http-cookiejar/usr/share/perl5/vendor_perl/HTTP/CookieJar.pm
Installing /tmp/pkg/perl-http-cookiejar/usr/share/perl5/vendor_perl/HTTP/CookieJar/LWP.pm
Installing /tmp/pkg/perl-http-cookiejar/usr/share/man/man3/HTTP::CookieJar.3pm
Installing /tmp/pkg/perl-http-cookiejar/usr/share/man/man3/HTTP::CookieJar::LWP.3pm
>>> perl-http-cookiejar-doc*: Running split function doc...
'usr/share/man' -> '/tmp/pkg/perl-http-cookiejar-doc/usr/share/man'
>>> perl-http-cookiejar-doc*: Preparing subpackage perl-http-cookiejar-doc...
>>> perl-http-cookiejar-doc*: Running postcheck for perl-http-cookiejar-doc
>>> perl-http-cookiejar*: Running postcheck for perl-http-cookiejar
>>> perl-http-cookiejar*: Preparing package perl-http-cookiejar...
>>> perl-http-cookiejar-doc*: Tracing dependencies...
>>> perl-http-cookiejar-doc*: Package size: 4.7 KB
>>> perl-http-cookiejar-doc*: Compressing data...
>>> perl-http-cookiejar-doc*: Create checksum...
>>> perl-http-cookiejar-doc*: Create perl-http-cookiejar-doc-0.014-r1.apk
>>> perl-http-cookiejar*: Tracing dependencies...
	perl
	perl-http-date
>>> perl-http-cookiejar*: Package size: 21.4 KB
>>> perl-http-cookiejar*: Compressing data...
>>> perl-http-cookiejar*: Create checksum...
>>> perl-http-cookiejar*: Create perl-http-cookiejar-0.014-r1.apk
>>> perl-http-cookiejar: Updating the main/x86_64 repository index...
>>> perl-http-cookiejar: Signing the index...
>>> perl-http-cookiejar: Cleaning up srcdir
>>> perl-http-cookiejar: Cleaning up build chroot
>>> perl-http-cookiejar: Cleaning up pkgdir
