>>> ada: Validating /home/packager/oily-pine/main/ada/APKBUILD...
>>> ada: Cleaning up srcdir
>>> ada: Cleaning up pkgdir
>>> ada: Cleaning up tmpdir
>>> ada: Fetching https://github.com/ada-url/ada/archive/v2.9.2/ada-2.9.2.tar.gz
  % Total    % Received % Xferd  Average Speed   Time    Time     Time  Current
                                 Dload  Upload   Total   Spent    Left  Speed
  0     0    0     0    0     0      0      0 --:--:-- --:--:-- --:--:--     0  0     0    0     0    0     0      0      0 --:--:-- --:--:-- --:--:--     0
100  225k    0  225k    0     0   268k      0 --:--:-- --:--:-- --:--:--  268k100  375k    0  375k    0     0   420k      0 --:--:-- --:--:-- --:--:-- 2837k
>>> ada: Fetching CPM_0.38.6.cmake::https://github.com/cpm-cmake/CPM.cmake/releases/download/v0.38.6/CPM.cmake
  % Total    % Received % Xferd  Average Speed   Time    Time     Time  Current
                                 Dload  Upload   Total   Spent    Left  Speed
  0     0    0     0    0     0      0      0 --:--:-- --:--:-- --:--:--     0  0     0    0     0    0     0      0      0 --:--:-- --:--:-- --:--:--     0
100 36302  100 36302    0     0  41326      0 --:--:-- --:--:-- --:--:-- 41326
>>> ada: Fetching https://github.com/ada-url/ada/archive/v2.9.2/ada-2.9.2.tar.gz
>>> ada: Fetching CPM_0.38.6.cmake::https://github.com/cpm-cmake/CPM.cmake/releases/download/v0.38.6/CPM.cmake
>>> ada: Checking sha512sums...
ada-2.9.2.tar.gz: OK
CPM_0.38.6.cmake: OK
use-system-deps.patch: OK
ada.pc.in: OK
>>> ada: Preparing build chroot...
fetch http://dl-cdn.alpinelinux.org/alpine/edge/main/x86_64/APKINDEX.tar.gz
(1/84) Installing musl (1.2.5-r10)
(2/84) Installing libcrypto3 (3.5.0-r0)
(3/84) Installing ca-certificates-bundle (20241121-r2)
(4/84) Installing libssl3 (3.5.0-r0)
(5/84) Installing zlib (1.3.1-r2)
(6/84) Installing libapk2 (2.14.9-r2)
(7/84) Installing apk-tools (2.14.9-r2)
(8/84) Installing libcap2 (2.76-r0)
(9/84) Installing libcap-getcap (2.76-r0)
(10/84) Installing fakeroot (1.37.1.1-r0)
(11/84) Installing scanelf (1.3.8-r1)
(12/84) Installing musl-utils (1.2.5-r10)
(13/84) Installing libgcc (14.3.0-r1)
(14/84) Installing libstdc++ (14.3.0-r1)
(15/84) Installing lzip (1.25-r0)
(16/84) Installing openssl (3.5.0-r0)
(17/84) Installing patch (2.8-r0)
(18/84) Installing pkgconf (2.4.3-r0)
(19/84) Installing acl-libs (2.3.2-r1)
(20/84) Installing tar (1.35-r3)
(21/84) Installing busybox (1.37.0-r18)
Executing busybox-1.37.0-r18.post-install
(22/84) Installing ssl_client (1.37.0-r18)
(23/84) Installing busybox-binsh (1.37.0-r18)
(24/84) Installing abuild (3.15.0-r0)
Executing abuild-3.15.0-r0.pre-install
(25/84) Installing abuild-sudo (3.15.0-r0)
(26/84) Installing alpine-baselayout-data (3.7.0-r0)
(27/84) Installing alpine-baselayout (3.7.0-r0)
Executing alpine-baselayout-3.7.0-r0.pre-install
Executing alpine-baselayout-3.7.0-r0.post-install
(28/84) Installing bridge (1.5-r5)
(29/84) Installing ifupdown-ng (0.12.1-r7)
(30/84) Installing openrc-user (0.62.2-r2)
(31/84) Installing openrc (0.62.2-r2)
Executing openrc-0.62.2-r2.post-install
(32/84) Installing mdev-conf (4.8-r0)
(33/84) Installing busybox-mdev-openrc (1.37.0-r18)
(34/84) Installing alpine-conf (3.20.0-r0)
(35/84) Installing alpine-keys (2.5-r0)
(36/84) Installing alpine-release (3.22.0-r0)
(37/84) Installing busybox-openrc (1.37.0-r18)
(38/84) Installing busybox-suid (1.37.0-r18)
(39/84) Installing alpine-base (3.22.0-r0)
(40/84) Installing jansson (2.14.1-r0)
(41/84) Installing zstd-libs (1.5.7-r0)
(42/84) Installing binutils (2.44-r0)
(43/84) Installing libmagic (5.46-r2)
(44/84) Installing file (5.46-r2)
(45/84) Installing libgomp (14.3.0-r1)
(46/84) Installing libatomic (14.3.0-r1)
(47/84) Installing gmp (6.3.0-r3)
(48/84) Installing isl26 (0.26-r1)
(49/84) Installing mpfr4 (4.2.1_p1-r0)
(50/84) Installing mpc1 (1.3.1-r1)
(51/84) Installing gcc (14.3.0-r1)
(52/84) Installing libstdc++-dev (14.3.0-r1)
(53/84) Installing musl-dev (1.2.5-r10)
(54/84) Installing g++ (14.3.0-r1)
(55/84) Installing make (4.4.1-r3)
(56/84) Installing fortify-headers (1.1-r5)
(57/84) Installing build-base (0.5-r3)
(58/84) Installing libbz2 (1.0.8-r6)
(59/84) Installing libexpat (2.7.1-r0)
(60/84) Installing lz4-libs (1.10.0-r0)
(61/84) Installing xz-libs (5.8.1-r0)
(62/84) Installing libarchive (3.8.0-r0)
(63/84) Installing rhash-libs (1.4.5-r0)
(64/84) Installing libuv (1.51.0-r0)
(65/84) Installing cmake (4.0.2-r0)
(66/84) Installing cxxopts-dev (3.2.1-r0)
(67/84) Installing fmt (11.2.0-r0)
(68/84) Installing fmt-dev (11.2.0-r0)
(69/84) Installing brotli-libs (1.1.0-r2)
(70/84) Installing c-ares (1.34.5-r0)
(71/84) Installing libunistring (1.3-r0)
(72/84) Installing libidn2 (2.3.7-r0)
(73/84) Installing nghttp2-libs (1.65.0-r0)
(74/84) Installing libpsl (0.21.5-r3)
(75/84) Installing libcurl (8.14.0-r2)
(76/84) Installing pcre2 (10.43-r1)
(77/84) Installing git (2.49.0-r0)
(78/84) Installing git-init-template (2.49.0-r0)
(79/84) Installing gtest (1.16.0-r0)
(80/84) Installing gmock (1.16.0-r0)
(81/84) Installing gtest-dev (1.16.0-r0)
(82/84) Installing samurai (1.2-r7)
(83/84) Installing simdjson (3.12.0-r0)
(84/84) Installing simdjson-dev (3.12.0-r0)
Executing busybox-1.37.0-r18.trigger
OK: 321 MiB in 84 packages
>>> ada: Fetching https://github.com/ada-url/ada/archive/v2.9.2/ada-2.9.2.tar.gz
>>> ada: Fetching CPM_0.38.6.cmake::https://github.com/cpm-cmake/CPM.cmake/releases/download/v0.38.6/CPM.cmake
>>> ada: Checking sha512sums...
ada-2.9.2.tar.gz: OK
CPM_0.38.6.cmake: OK
use-system-deps.patch: OK
ada.pc.in: OK
>>> ada: Unpacking /var/cache/distfiles/ada-2.9.2.tar.gz...
>>> ada: use-system-deps.patch
patching file CMakeLists.txt
patching file tools/CMakeLists.txt
patching file tools/cli/CMakeLists.txt
-- The C compiler identification is GNU 14.3.0
-- The CXX compiler identification is GNU 14.3.0
-- Detecting C compiler ABI info
-- Detecting C compiler ABI info - done
-- Check for working C compiler: /usr/bin/cc - skipped
-- Detecting C compile features
-- Detecting C compile features - done
-- Detecting CXX compiler ABI info
-- Detecting CXX compiler ABI info - done
-- Check for working CXX compiler: /usr/bin/c++ - skipped
-- Detecting CXX compile features
-- Detecting CXX compile features - done
-- Compiler ID : GNU
-- CMAKE_BUILD_TYPE : MinSizeRel
-- Assuming GCC-like compiler.
-- Found GTest: /usr/lib/cmake/GTest/GTestConfig.cmake (found version "1.16.0")
-- The tests are enabled.
-- Could NOT find Python3 (missing: Python3_EXECUTABLE Interpreter) 
-- Python not found, we are unable to test amalgamate.py.
-- Configuring done (0.3s)
-- Generating done (0.0s)
-- Build files have been written to: /tmp/src/ada-2.9.2/build
[1/18] Building CXX object tools/cli/CMakeFiles/adaparse.dir/adaparse.cpp.o
[2/18] Building CXX object tests/CMakeFiles/url_search_params.dir/url_search_params.cpp.o
[3/18] Building CXX object tests/CMakeFiles/ada_c.dir/ada_c.cpp.o
[4/18] Building CXX object tests/CMakeFiles/from_file_tests.dir/from_file_tests.cpp.o
[5/18] Building CXX object tests/CMakeFiles/basic_tests.dir/basic_tests.cpp.o
[6/18] Building CXX object tests/CMakeFiles/url_components.dir/url_components.cpp.o
[7/18] Building CXX object tests/CMakeFiles/wpt_tests.dir/wpt_tests.cpp.o
[8/18] Building CXX object tests/CMakeFiles/basic_fuzzer.dir/basic_fuzzer.cpp.o
[9/18] Building CXX object src/CMakeFiles/ada.dir/ada.cpp.o
[10/18] Linking CXX static library src/libada.a
[11/18] Linking CXX executable tools/cli/adaparse
[12/18] Linking CXX executable tests/url_search_params
[13/18] Linking CXX executable tests/ada_c
[14/18] Linking CXX executable tests/from_file_tests
[15/18] Linking CXX executable tests/basic_tests
[16/18] Linking CXX executable tests/url_components
[17/18] Linking CXX executable tests/basic_fuzzer
[18/18] Linking CXX executable tests/wpt_tests
-- Compiler ID : GNU
-- CMAKE_BUILD_TYPE : MinSizeRel
-- Assuming GCC-like compiler.
-- The tests are enabled.
-- Could NOT find Python3 (missing: Python3_EXECUTABLE Interpreter) 
-- Python not found, we are unable to test amalgamate.py.
-- Configuring done (0.1s)
-- Generating done (0.0s)
-- Build files have been written to: /tmp/src/ada-2.9.2/build
[1/11] Building CXX object src/CMakeFiles/ada.dir/ada.cpp.o
[2/11] Linking CXX shared library src/libada.so.2.9.2
[3/11] Creating library symlink src/libada.so.2 src/libada.so
[4/11] Linking CXX executable tools/cli/adaparse
[5/11] Linking CXX executable tests/url_search_params
[6/11] Linking CXX executable tests/ada_c
[7/11] Linking CXX executable tests/from_file_tests
[8/11] Linking CXX executable tests/basic_tests
[9/11] Linking CXX executable tests/url_components
[10/11] Linking CXX executable tests/wpt_tests
[11/11] Linking CXX executable tests/basic_fuzzer
Test project /tmp/src/ada-2.9.2/build
        Start   1: wpt_tests.idna_test_v2_to_ascii
        Start   2: wpt_tests.percent_encoding
        Start   3: wpt_tests.verify_dns_length
        Start   4: wpt_tests_typed.setters_tests_encoding<ada::url>
        Start   5: wpt_tests_typed.toascii_encoding<ada::url>
        Start   6: wpt_tests_typed.urltestdata_encoding<ada::url>
        Start   7: wpt_tests_typed.setters_tests_encoding<ada::url_aggregator>
        Start   8: wpt_tests_typed.toascii_encoding<ada::url_aggregator>
        Start   9: wpt_tests_typed.urltestdata_encoding<ada::url_aggregator>
        Start  10: url_components.urltestdata_encoding
        Start  11: basic_tests.insane_url<ada::url>
        Start  12: basic_tests.bad_percent_encoding<ada::url>
        Start  13: basic_tests.spaces_spaces<ada::url>
        Start  14: basic_tests.pluses<ada::url>
        Start  15: basic_tests.set_host_should_return_false_sometimes<ada::url>
        Start  16: basic_tests.empty_url_should_return_false<ada::url>
  1/139 Test   #1: wpt_tests.idna_test_v2_to_ascii ...............................................   Passed    0.01 sec
  2/139 Test   #2: wpt_tests.percent_encoding ....................................................   Passed    0.01 sec
  3/139 Test   #3: wpt_tests.verify_dns_length ...................................................   Passed    0.01 sec
  4/139 Test   #4: wpt_tests_typed.setters_tests_encoding<ada::url> ..............................   Passed    0.01 sec
  5/139 Test   #5: wpt_tests_typed.toascii_encoding<ada::url> ....................................   Passed    0.01 sec
  6/139 Test   #7: wpt_tests_typed.setters_tests_encoding<ada::url_aggregator> ...................   Passed    0.01 sec
  7/139 Test   #8: wpt_tests_typed.toascii_encoding<ada::url_aggregator> .........................   Passed    0.01 sec
  8/139 Test  #11: basic_tests.insane_url<ada::url> ..............................................   Passed    0.01 sec
  9/139 Test  #12: basic_tests.bad_percent_encoding<ada::url> ....................................   Passed    0.01 sec
 10/139 Test  #13: basic_tests.spaces_spaces<ada::url> ...........................................   Passed    0.01 sec
        Start  17: basic_tests.set_host_should_return_true_sometimes<ada::url>
        Start  18: basic_tests.set_hostname_should_return_false_sometimes<ada::url>
        Start  19: basic_tests.set_hostname_should_return_true_sometimes<ada::url>
        Start  20: basic_tests.readme<ada::url>
        Start  21: basic_tests.readme2<ada::url>
        Start  22: basic_tests.readme3<ada::url>
        Start  23: basic_tests.set_protocol_should_return_false_sometimes<ada::url>
        Start  24: basic_tests.set_protocol_should_return_true_sometimes<ada::url>
        Start  25: basic_tests.readme4<ada::url>
        Start  26: basic_tests.readme5<ada::url>
 11/139 Test  #10: url_components.urltestdata_encoding ...........................................   Passed    0.02 sec
 12/139 Test  #14: basic_tests.pluses<ada::url> ..................................................   Passed    0.02 sec
 13/139 Test  #15: basic_tests.set_host_should_return_false_sometimes<ada::url> ..................   Passed    0.02 sec
 14/139 Test  #16: basic_tests.empty_url_should_return_false<ada::url> ...........................   Passed    0.02 sec
 15/139 Test  #17: basic_tests.set_host_should_return_true_sometimes<ada::url> ...................   Passed    0.01 sec
 16/139 Test  #18: basic_tests.set_hostname_should_return_false_sometimes<ada::url> ..............   Passed    0.01 sec
 17/139 Test  #19: basic_tests.set_hostname_should_return_true_sometimes<ada::url> ...............   Passed    0.01 sec
 18/139 Test  #20: basic_tests.readme<ada::url> ..................................................   Passed    0.01 sec
 19/139 Test  #21: basic_tests.readme2<ada::url> .................................................   Passed    0.01 sec
 20/139 Test  #23: basic_tests.set_protocol_should_return_false_sometimes<ada::url> ..............   Passed    0.01 sec
        Start  27: basic_tests.readme6<ada::url>
        Start  28: basic_tests.readme7<ada::url>
        Start  29: basic_tests.readme8<ada::url>
        Start  30: basic_tests.nodejs1<ada::url>
        Start  31: basic_tests.nodejs2<ada::url>
        Start  32: basic_tests.nodejs3<ada::url>
        Start  33: basic_tests.nodejs4<ada::url>
        Start  34: basic_tests.empty_url<ada::url>
        Start  35: basic_tests.just_hash<ada::url>
        Start  36: basic_tests.empty_host_dash_dash_path<ada::url>
 21/139 Test   #6: wpt_tests_typed.urltestdata_encoding<ada::url> ................................   Passed    0.03 sec
 22/139 Test  #24: basic_tests.set_protocol_should_return_true_sometimes<ada::url> ...............   Passed    0.01 sec
 23/139 Test  #22: basic_tests.readme3<ada::url> .................................................   Passed    0.01 sec
 24/139 Test  #25: basic_tests.readme4<ada::url> .................................................   Passed    0.01 sec
 25/139 Test  #26: basic_tests.readme5<ada::url> .................................................   Passed    0.01 sec
 26/139 Test  #27: basic_tests.readme6<ada::url> .................................................   Passed    0.01 sec
 27/139 Test  #28: basic_tests.readme7<ada::url> .................................................   Passed    0.01 sec
 28/139 Test  #29: basic_tests.readme8<ada::url> .................................................   Passed    0.01 sec
 29/139 Test  #30: basic_tests.nodejs1<ada::url> .................................................   Passed    0.01 sec
        Start  37: basic_tests.confusing_mess<ada::url>
        Start  38: basic_tests.standard_file<ada::url>
        Start  39: basic_tests.default_port_should_be_removed<ada::url>
        Start  40: basic_tests.test_amazon<ada::url>
        Start  41: basic_tests.remove_username<ada::url>
        Start  42: basic_tests.remove_password<ada::url>
        Start  43: basic_tests.remove_password_with_empty_username<ada::url>
        Start  44: basic_tests.should_remove_dash_dot<ada::url>
        Start  45: basic_tests.should_remove_dash_dot_with_empty_hostname<ada::url>
 30/139 Test  #31: basic_tests.nodejs2<ada::url> .................................................   Passed    0.01 sec
 31/139 Test  #32: basic_tests.nodejs3<ada::url> .................................................   Passed    0.01 sec
 32/139 Test  #33: basic_tests.nodejs4<ada::url> .................................................   Passed    0.01 sec
 33/139 Test  #35: basic_tests.just_hash<ada::url> ...............................................   Passed    0.01 sec
 34/139 Test  #36: basic_tests.empty_host_dash_dash_path<ada::url> ...............................   Passed    0.01 sec
 35/139 Test  #34: basic_tests.empty_url<ada::url> ...............................................   Passed    0.01 sec
 36/139 Test  #37: basic_tests.confusing_mess<ada::url> ..........................................   Passed    0.01 sec
 37/139 Test  #38: basic_tests.standard_file<ada::url> ...........................................   Passed    0.01 sec
 38/139 Test  #39: basic_tests.default_port_should_be_removed<ada::url> ..........................   Passed    0.00 sec
 39/139 Test  #40: basic_tests.test_amazon<ada::url> .............................................   Passed    0.00 sec
 40/139 Test  #41: basic_tests.remove_username<ada::url> .........................................   Passed    0.00 sec
        Start  46: basic_tests.should_add_dash_dot_on_pathname<ada::url>
        Start  47: basic_tests.should_update_password_correctly<ada::url>
        Start  48: basic_tests.node_issue_47889<ada::url>
        Start  49: basic_tests.node_issue_48254<ada::url>
        Start  50: basic_tests.url_host_type<ada::url>
        Start  51: basic_tests.nodejs_49650<ada::url>
        Start  52: basic_tests.nodejs_50235<ada::url>
        Start  53: basic_tests.nodejs_51514<ada::url>
        Start  54: basic_tests.nodejs_51593<ada::url>
        Start  55: basic_tests.nodejs_51619<ada::url>
        Start  56: basic_tests.nodejs_undici_2971<ada::url>
 41/139 Test  #43: basic_tests.remove_password_with_empty_username<ada::url> .....................   Passed    0.01 sec
 42/139 Test  #42: basic_tests.remove_password<ada::url> .........................................   Passed    0.01 sec
 43/139 Test  #45: basic_tests.should_remove_dash_dot_with_empty_hostname<ada::url> ..............   Passed    0.01 sec
 44/139 Test  #44: basic_tests.should_remove_dash_dot<ada::url> ..................................   Passed    0.01 sec
 45/139 Test  #46: basic_tests.should_add_dash_dot_on_pathname<ada::url> .........................   Passed    0.01 sec
 46/139 Test  #47: basic_tests.should_update_password_correctly<ada::url> ........................   Passed    0.01 sec
 47/139 Test  #48: basic_tests.node_issue_47889<ada::url> ........................................   Passed    0.01 sec
 48/139 Test  #49: basic_tests.node_issue_48254<ada::url> ........................................   Passed    0.01 sec
 49/139 Test  #51: basic_tests.nodejs_49650<ada::url> ............................................   Passed    0.00 sec
 50/139 Test  #52: basic_tests.nodejs_50235<ada::url> ............................................   Passed    0.00 sec
        Start  57: basic_tests.path_setter_bug<ada::url>
        Start  58: basic_tests.negativeport<ada::url>
        Start  59: basic_tests.insane_url<ada::url_aggregator>
        Start  60: basic_tests.bad_percent_encoding<ada::url_aggregator>
        Start  61: basic_tests.spaces_spaces<ada::url_aggregator>
        Start  62: basic_tests.pluses<ada::url_aggregator>
        Start  63: basic_tests.set_host_should_return_false_sometimes<ada::url_aggregator>
        Start  64: basic_tests.empty_url_should_return_false<ada::url_aggregator>
        Start  65: basic_tests.set_host_should_return_true_sometimes<ada::url_aggregator>
        Start  66: basic_tests.set_hostname_should_return_false_sometimes<ada::url_aggregator>
 51/139 Test  #50: basic_tests.url_host_type<ada::url> ...........................................   Passed    0.01 sec
 52/139 Test  #53: basic_tests.nodejs_51514<ada::url> ............................................   Passed    0.01 sec
 53/139 Test  #54: basic_tests.nodejs_51593<ada::url> ............................................   Passed    0.01 sec
 54/139 Test  #55: basic_tests.nodejs_51619<ada::url> ............................................   Passed    0.01 sec
 55/139 Test  #56: basic_tests.nodejs_undici_2971<ada::url> ......................................   Passed    0.01 sec
 56/139 Test  #57: basic_tests.path_setter_bug<ada::url> .........................................   Passed    0.01 sec
 57/139 Test  #58: basic_tests.negativeport<ada::url> ............................................   Passed    0.01 sec
 58/139 Test  #59: basic_tests.insane_url<ada::url_aggregator> ...................................   Passed    0.01 sec
 59/139 Test  #61: basic_tests.spaces_spaces<ada::url_aggregator> ................................   Passed    0.00 sec
        Start  67: basic_tests.set_hostname_should_return_true_sometimes<ada::url_aggregator>
        Start  68: basic_tests.readme<ada::url_aggregator>
        Start  69: basic_tests.readme2<ada::url_aggregator>
        Start  70: basic_tests.readme3<ada::url_aggregator>
        Start  71: basic_tests.set_protocol_should_return_false_sometimes<ada::url_aggregator>
        Start  72: basic_tests.set_protocol_should_return_true_sometimes<ada::url_aggregator>
        Start  73: basic_tests.readme4<ada::url_aggregator>
        Start  74: basic_tests.readme5<ada::url_aggregator>
        Start  75: basic_tests.readme6<ada::url_aggregator>
 60/139 Test  #60: basic_tests.bad_percent_encoding<ada::url_aggregator> .........................   Passed    0.01 sec
 61/139 Test  #63: basic_tests.set_host_should_return_false_sometimes<ada::url_aggregator> .......   Passed    0.01 sec
 62/139 Test  #64: basic_tests.empty_url_should_return_false<ada::url_aggregator> ................   Passed    0.01 sec
 63/139 Test  #62: basic_tests.pluses<ada::url_aggregator> .......................................   Passed    0.01 sec
 64/139 Test  #65: basic_tests.set_host_should_return_true_sometimes<ada::url_aggregator> ........   Passed    0.01 sec
 65/139 Test  #66: basic_tests.set_hostname_should_return_false_sometimes<ada::url_aggregator> ...   Passed    0.01 sec
 66/139 Test  #67: basic_tests.set_hostname_should_return_true_sometimes<ada::url_aggregator> ....   Passed    0.01 sec
 67/139 Test  #68: basic_tests.readme<ada::url_aggregator> .......................................   Passed    0.01 sec
 68/139 Test  #69: basic_tests.readme2<ada::url_aggregator> ......................................   Passed    0.01 sec
 69/139 Test  #71: basic_tests.set_protocol_should_return_false_sometimes<ada::url_aggregator> ...   Passed    0.01 sec
        Start  76: basic_tests.readme7<ada::url_aggregator>
        Start  77: basic_tests.readme8<ada::url_aggregator>
        Start  78: basic_tests.nodejs1<ada::url_aggregator>
        Start  79: basic_tests.nodejs2<ada::url_aggregator>
        Start  80: basic_tests.nodejs3<ada::url_aggregator>
        Start  81: basic_tests.nodejs4<ada::url_aggregator>
        Start  82: basic_tests.empty_url<ada::url_aggregator>
        Start  83: basic_tests.just_hash<ada::url_aggregator>
        Start  84: basic_tests.empty_host_dash_dash_path<ada::url_aggregator>
        Start  85: basic_tests.confusing_mess<ada::url_aggregator>
 70/139 Test   #9: wpt_tests_typed.urltestdata_encoding<ada::url_aggregator> .....................   Passed    0.06 sec
 71/139 Test  #70: basic_tests.readme3<ada::url_aggregator> ......................................   Passed    0.01 sec
 72/139 Test  #72: basic_tests.set_protocol_should_return_true_sometimes<ada::url_aggregator> ....   Passed    0.01 sec
 73/139 Test  #74: basic_tests.readme5<ada::url_aggregator> ......................................   Passed    0.01 sec
 74/139 Test  #75: basic_tests.readme6<ada::url_aggregator> ......................................   Passed    0.01 sec
 75/139 Test  #73: basic_tests.readme4<ada::url_aggregator> ......................................   Passed    0.01 sec
 76/139 Test  #76: basic_tests.readme7<ada::url_aggregator> ......................................   Passed    0.01 sec
 77/139 Test  #77: basic_tests.readme8<ada::url_aggregator> ......................................   Passed    0.01 sec
 78/139 Test  #78: basic_tests.nodejs1<ada::url_aggregator> ......................................   Passed    0.01 sec
 79/139 Test  #79: basic_tests.nodejs2<ada::url_aggregator> ......................................   Passed    0.01 sec
 80/139 Test  #80: basic_tests.nodejs3<ada::url_aggregator> ......................................   Passed    0.00 sec
 81/139 Test  #81: basic_tests.nodejs4<ada::url_aggregator> ......................................   Passed    0.00 sec
        Start  86: basic_tests.standard_file<ada::url_aggregator>
        Start  87: basic_tests.default_port_should_be_removed<ada::url_aggregator>
        Start  88: basic_tests.test_amazon<ada::url_aggregator>
        Start  89: basic_tests.remove_username<ada::url_aggregator>
        Start  90: basic_tests.remove_password<ada::url_aggregator>
        Start  91: basic_tests.remove_password_with_empty_username<ada::url_aggregator>
        Start  92: basic_tests.should_remove_dash_dot<ada::url_aggregator>
        Start  93: basic_tests.should_remove_dash_dot_with_empty_hostname<ada::url_aggregator>
        Start  94: basic_tests.should_add_dash_dot_on_pathname<ada::url_aggregator>
        Start  95: basic_tests.should_update_password_correctly<ada::url_aggregator>
        Start  96: basic_tests.node_issue_47889<ada::url_aggregator>
        Start  97: basic_tests.node_issue_48254<ada::url_aggregator>
 82/139 Test  #82: basic_tests.empty_url<ada::url_aggregator> ....................................   Passed    0.01 sec
 83/139 Test  #84: basic_tests.empty_host_dash_dash_path<ada::url_aggregator> ....................   Passed    0.01 sec
 84/139 Test  #83: basic_tests.just_hash<ada::url_aggregator> ....................................   Passed    0.01 sec
 85/139 Test  #85: basic_tests.confusing_mess<ada::url_aggregator> ...............................   Passed    0.01 sec
 86/139 Test  #86: basic_tests.standard_file<ada::url_aggregator> ................................   Passed    0.01 sec
 87/139 Test  #87: basic_tests.default_port_should_be_removed<ada::url_aggregator> ...............   Passed    0.01 sec
 88/139 Test  #88: basic_tests.test_amazon<ada::url_aggregator> ..................................   Passed    0.01 sec
 89/139 Test  #89: basic_tests.remove_username<ada::url_aggregator> ..............................   Passed    0.01 sec
 90/139 Test  #90: basic_tests.remove_password<ada::url_aggregator> ..............................   Passed    0.00 sec
 91/139 Test  #91: basic_tests.remove_password_with_empty_username<ada::url_aggregator> ..........   Passed    0.00 sec
 92/139 Test  #92: basic_tests.should_remove_dash_dot<ada::url_aggregator> .......................   Passed    0.00 sec
        Start  98: basic_tests.url_host_type<ada::url_aggregator>
        Start  99: basic_tests.nodejs_49650<ada::url_aggregator>
        Start 100: basic_tests.nodejs_50235<ada::url_aggregator>
        Start 101: basic_tests.nodejs_51514<ada::url_aggregator>
        Start 102: basic_tests.nodejs_51593<ada::url_aggregator>
        Start 103: basic_tests.nodejs_51619<ada::url_aggregator>
        Start 104: basic_tests.nodejs_undici_2971<ada::url_aggregator>
        Start 105: basic_tests.path_setter_bug<ada::url_aggregator>
        Start 106: basic_tests.negativeport<ada::url_aggregator>
        Start 107: basic_tests.can_parse
        Start 108: from_file_tests.basics
 93/139 Test  #94: basic_tests.should_add_dash_dot_on_pathname<ada::url_aggregator> ..............   Passed    0.01 sec
 94/139 Test  #95: basic_tests.should_update_password_correctly<ada::url_aggregator> .............   Passed    0.01 sec
 95/139 Test  #93: basic_tests.should_remove_dash_dot_with_empty_hostname<ada::url_aggregator> ...   Passed    0.01 sec
 96/139 Test  #96: basic_tests.node_issue_47889<ada::url_aggregator> .............................   Passed    0.01 sec
 97/139 Test  #97: basic_tests.node_issue_48254<ada::url_aggregator> .............................   Passed    0.01 sec
 98/139 Test  #98: basic_tests.url_host_type<ada::url_aggregator> ................................   Passed    0.00 sec
 99/139 Test  #99: basic_tests.nodejs_49650<ada::url_aggregator> .................................   Passed    0.00 sec
100/139 Test #100: basic_tests.nodejs_50235<ada::url_aggregator> .................................   Passed    0.00 sec
101/139 Test #101: basic_tests.nodejs_51514<ada::url_aggregator> .................................   Passed    0.00 sec
102/139 Test #102: basic_tests.nodejs_51593<ada::url_aggregator> .................................   Passed    0.00 sec
103/139 Test #103: basic_tests.nodejs_51619<ada::url_aggregator> .................................   Passed    0.00 sec
104/139 Test #104: basic_tests.nodejs_undici_2971<ada::url_aggregator> ...........................   Passed    0.00 sec
        Start 109: ada_c.ada_parse
        Start 110: ada_c.ada_parse_with_base
        Start 111: ada_c.getters
        Start 112: ada_c.setters
        Start 113: ada_c.can_parse
        Start 114: ada_c.ada_url_components
        Start 115: ada_c.ada_copy
        Start 116: ada_c.ada_idna
        Start 117: ada_c.ada_clear_hash
        Start 118: ada_c.ada_clear_search
        Start 119: ada_c.ada_get_scheme_type
        Start 120: ada_c.ada_search_params_reset
105/139 Test #105: basic_tests.path_setter_bug<ada::url_aggregator> ..............................   Passed    0.01 sec
106/139 Test #107: basic_tests.can_parse .........................................................   Passed    0.01 sec
107/139 Test #108: from_file_tests.basics ........................................................   Passed    0.01 sec
108/139 Test #106: basic_tests.negativeport<ada::url_aggregator> .................................   Passed    0.01 sec
109/139 Test #109: ada_c.ada_parse ...............................................................   Passed    0.01 sec
110/139 Test #110: ada_c.ada_parse_with_base .....................................................   Passed    0.01 sec
111/139 Test #111: ada_c.getters .................................................................   Passed    0.01 sec
112/139 Test #112: ada_c.setters .................................................................   Passed    0.01 sec
113/139 Test #113: ada_c.can_parse ...............................................................   Passed    0.01 sec
114/139 Test #114: ada_c.ada_url_components ......................................................   Passed    0.01 sec
115/139 Test #115: ada_c.ada_copy ................................................................   Passed    0.00 sec
116/139 Test #116: ada_c.ada_idna ................................................................   Passed    0.00 sec
117/139 Test #117: ada_c.ada_clear_hash ..........................................................   Passed    0.00 sec
        Start 121: ada_c.ada_url_search_params
        Start 122: url_search_params.append
        Start 123: url_search_params.to_string
        Start 124: url_search_params.with_accents
        Start 125: url_search_params.to_string_serialize_space
        Start 126: url_search_params.to_string_serialize_plus
        Start 127: url_search_params.to_string_serialize_ampersand
        Start 128: url_search_params.set
        Start 129: url_search_params.remove
        Start 130: url_search_params.sort
        Start 131: url_search_params.string_constructor
        Start 132: url_search_params.string_constructor_with_empty_input
        Start 133: url_search_params.string_constructor_without_value
118/139 Test #118: ada_c.ada_clear_search ........................................................   Passed    0.01 sec
119/139 Test #119: ada_c.ada_get_scheme_type .....................................................   Passed    0.01 sec
120/139 Test #120: ada_c.ada_search_params_reset .................................................   Passed    0.01 sec
121/139 Test #121: ada_c.ada_url_search_params ...................................................   Passed    0.01 sec
122/139 Test #122: url_search_params.append ......................................................   Passed    0.01 sec
123/139 Test #123: url_search_params.to_string ...................................................   Passed    0.01 sec
124/139 Test #124: url_search_params.with_accents ................................................   Passed    0.00 sec
125/139 Test #125: url_search_params.to_string_serialize_space ...................................   Passed    0.00 sec
126/139 Test #126: url_search_params.to_string_serialize_plus ....................................   Passed    0.00 sec
127/139 Test #127: url_search_params.to_string_serialize_ampersand ...............................   Passed    0.00 sec
128/139 Test #128: url_search_params.set .........................................................   Passed    0.00 sec
        Start 134: url_search_params.string_constructor_with_edge_cases
        Start 135: url_search_params.has
        Start 136: url_search_params.iterators
        Start 137: url_search_params.test_to_string_encoding
        Start 138: url_search_params.test_character_set
        Start 139: basic_fuzzer
129/139 Test #130: url_search_params.sort ........................................................   Passed    0.01 sec
130/139 Test #129: url_search_params.remove ......................................................   Passed    0.01 sec
131/139 Test #131: url_search_params.string_constructor ..........................................   Passed    0.01 sec
132/139 Test #132: url_search_params.string_constructor_with_empty_input .........................   Passed    0.01 sec
133/139 Test #133: url_search_params.string_constructor_without_value ............................   Passed    0.01 sec
134/139 Test #134: url_search_params.string_constructor_with_edge_cases ..........................   Passed    0.00 sec
135/139 Test #135: url_search_params.has .........................................................   Passed    0.00 sec
136/139 Test #137: url_search_params.test_to_string_encoding .....................................   Passed    0.00 sec
137/139 Test #136: url_search_params.iterators ...................................................   Passed    0.00 sec
138/139 Test #138: url_search_params.test_character_set ..........................................   Passed    0.00 sec
139/139 Test #139: basic_fuzzer ..................................................................   Passed    0.98 sec

100% tests passed, 0 tests failed out of 139

Total Test time (real) =   1.08 sec
>>> ada: Entering fakeroot...
-- Install configuration: "MinSizeRel"
-- Installing: /tmp/pkg/ada/usr/bin/adaparse
-- Set non-toolchain portion of runtime path of "/tmp/pkg/ada/usr/bin/adaparse" to ""
-- Installing: /tmp/pkg/ada/usr/include/ada.h
-- Installing: /tmp/pkg/ada/usr/include/ada_c.h
-- Installing: /tmp/pkg/ada/usr/include/ada
-- Installing: /tmp/pkg/ada/usr/include/ada/url.h
-- Installing: /tmp/pkg/ada/usr/include/ada/url_aggregator-inl.h
-- Installing: /tmp/pkg/ada/usr/include/ada/implementation.h
-- Installing: /tmp/pkg/ada/usr/include/ada/character_sets.h
-- Installing: /tmp/pkg/ada/usr/include/ada/state.h
-- Installing: /tmp/pkg/ada/usr/include/ada/unicode-inl.h
-- Installing: /tmp/pkg/ada/usr/include/ada/url_search_params-inl.h
-- Installing: /tmp/pkg/ada/usr/include/ada/log.h
-- Installing: /tmp/pkg/ada/usr/include/ada/encoding_type.h
-- Installing: /tmp/pkg/ada/usr/include/ada/checkers.h
-- Installing: /tmp/pkg/ada/usr/include/ada/checkers-inl.h
-- Installing: /tmp/pkg/ada/usr/include/ada/common_defs.h
-- Installing: /tmp/pkg/ada/usr/include/ada/serializers.h
-- Installing: /tmp/pkg/ada/usr/include/ada/url_base.h
-- Installing: /tmp/pkg/ada/usr/include/ada/unicode.h
-- Installing: /tmp/pkg/ada/usr/include/ada/url_search_params.h
-- Installing: /tmp/pkg/ada/usr/include/ada/scheme-inl.h
-- Installing: /tmp/pkg/ada/usr/include/ada/parser.h
-- Installing: /tmp/pkg/ada/usr/include/ada/ada_idna.h
-- Installing: /tmp/pkg/ada/usr/include/ada/character_sets-inl.h
-- Installing: /tmp/pkg/ada/usr/include/ada/url_aggregator.h
-- Installing: /tmp/pkg/ada/usr/include/ada/helpers.h
-- Installing: /tmp/pkg/ada/usr/include/ada/url_components.h
-- Installing: /tmp/pkg/ada/usr/include/ada/url_base-inl.h
-- Installing: /tmp/pkg/ada/usr/include/ada/url-inl.h
-- Installing: /tmp/pkg/ada/usr/include/ada/ada_version.h
-- Installing: /tmp/pkg/ada/usr/include/ada/scheme.h
-- Installing: /tmp/pkg/ada/usr/include/ada/expected.h
-- Installing: /tmp/pkg/ada/usr/lib/libada.so.2.9.2
-- Installing: /tmp/pkg/ada/usr/lib/libada.so.2
-- Installing: /tmp/pkg/ada/usr/lib/libada.so
-- Installing: /tmp/pkg/ada/usr/lib/cmake/ada/ada-config.cmake
-- Installing: /tmp/pkg/ada/usr/lib/cmake/ada/ada-config-version.cmake
-- Installing: /tmp/pkg/ada/usr/lib/cmake/ada/ada_targets.cmake
-- Installing: /tmp/pkg/ada/usr/lib/cmake/ada/ada_targets-minsizerel.cmake
-- Up-to-date: /tmp/pkg/ada/usr/lib/cmake/ada/ada_targets.cmake
-- Up-to-date: /tmp/pkg/ada/usr/lib/cmake/ada/ada_targets-minsizerel.cmake
>>> ada-static*: Running split function static...
'usr/lib/libada.a' -> '/tmp/pkg/ada-static/usr/lib/libada.a'
>>> ada-static*: Preparing subpackage ada-static...
>>> ada-static*: Stripping binaries
>>> ada-static*: Running postcheck for ada-static
>>> ada-dev*: Running split function dev...
'usr/include' -> '/tmp/pkg/ada-dev/usr/include'
'usr/lib/pkgconfig' -> '/tmp/pkg/ada-dev/usr/lib/pkgconfig'
'usr/lib/cmake' -> '/tmp/pkg/ada-dev/usr/lib/cmake'
'usr/lib/libada.so' -> '/tmp/pkg/ada-dev/usr/lib/libada.so'
>>> ada-dev*: Preparing subpackage ada-dev...
>>> ada-dev*: Stripping binaries
>>> ada-dev*: Running postcheck for ada-dev
>>> ada-libs*: Running split function libs...
'usr/lib/libada.so.2' -> '/tmp/pkg/ada-libs/usr/lib/libada.so.2'
'usr/lib/libada.so.2.9.2' -> '/tmp/pkg/ada-libs/usr/lib/libada.so.2.9.2'
>>> ada-libs*: Preparing subpackage ada-libs...
>>> ada-libs*: Stripping binaries
>>> ada-libs*: Running postcheck for ada-libs
>>> ada*: Running postcheck for ada
>>> ada*: Preparing package ada...
>>> ada*: Stripping binaries
>>> ada-dev*: Scanning shared objects
>>> ada-libs*: Scanning shared objects
>>> ada-static*: Scanning shared objects
>>> ada*: Scanning shared objects
>>> ada-dev*: Tracing dependencies...
	ada=2.9.2-r3
	ada-libs=2.9.2-r3
	pkgconfig
>>> ada-dev*: Package size: 269.6 KB
>>> ada-dev*: Compressing data...
>>> ada-dev*: Create checksum...
>>> ada-dev*: Create ada-dev-2.9.2-r3.apk
>>> ada-libs*: Tracing dependencies...
	so:libc.musl-x86_64.so.1
	so:libgcc_s.so.1
	so:libstdc++.so.6
>>> ada-libs*: Package size: 478.9 KB
>>> ada-libs*: Compressing data...
>>> ada-libs*: Create checksum...
>>> ada-libs*: Create ada-libs-2.9.2-r3.apk
>>> ada-static*: Tracing dependencies...
>>> ada-static*: Package size: 666.2 KB
>>> ada-static*: Compressing data...
>>> ada-static*: Create checksum...
>>> ada-static*: Create ada-static-2.9.2-r3.apk
>>> ada*: Tracing dependencies...
	so:libada.so.2
	so:libc.musl-x86_64.so.1
	so:libfmt.so.11
	so:libgcc_s.so.1
	so:libstdc++.so.6
>>> ada*: Package size: 195.2 KB
>>> ada*: Compressing data...
>>> ada*: Create checksum...
>>> ada*: Create ada-2.9.2-r3.apk
>>> ada: Updating the main/x86_64 repository index...
>>> ada: Signing the index...
>>> ada: Cleaning up srcdir
>>> ada: Cleaning up build chroot
>>> ada: Cleaning up pkgdir
