pigz: not found
>>> perl-list-moreutils: Building main/perl-list-moreutils 0.430-r1 (using abuild 3.14.1-r4) started Sun, 18 May 2025 09:04:52 +0000
>>> perl-list-moreutils: Validating /home/packager/aports/main/perl-list-moreutils/APKBUILD...
>>> perl-list-moreutils: Analyzing dependencies...
>>> perl-list-moreutils: Installing for build: build-base perl perl-exporter-tiny perl-list-moreutils-xs perl-dev perl-config-autoconf perl-test-leaktrace
(1/13) Installing libbz2 (1.0.8-r6)
(2/13) Installing perl (5.40.2-r0)
(3/13) Installing perl-exporter-tiny (1.006002-r1)
(4/13) Installing perl-list-moreutils-xs (0.430-r5)
(5/13) Installing perl-utils (5.40.2-r0)
(6/13) Installing perl-dev (5.40.2-r0)
(7/13) Installing perl-capture-tiny (0.50-r0)
(8/13) Installing perl-config-autoconf (0.320-r2)
(9/13) Installing perl-test-leaktrace (0.17-r5)
(10/13) Installing .makedepends-perl-list-moreutils (20250518.090453)
(11/13) Installing perl-error (0.17030-r0)
(12/13) Installing perl-git (2.47.2-r0)
(13/13) Installing git-perl (2.47.2-r0)
Executing busybox-1.37.0-r12.trigger
OK: 307 MiB in 94 packages
>>> perl-list-moreutils: Cleaning up srcdir
>>> perl-list-moreutils: Cleaning up pkgdir
>>> perl-list-moreutils: Cleaning up tmpdir
>>> perl-list-moreutils: Fetching https://cpan.metacpan.org/authors/id/R/RE/REHSACK/List-MoreUtils-0.430.tar.gz
Connecting to cpan.metacpan.org (146.75.122.217:443)
saving to '/var/cache/distfiles/List-MoreUtils-0.430.tar.gz.part'
List-MoreUtils-0.430 100% |********************************|  147k  0:00:00 ETA
'/var/cache/distfiles/List-MoreUtils-0.430.tar.gz.part' saved
>>> perl-list-moreutils: Fetching https://cpan.metacpan.org/authors/id/R/RE/REHSACK/List-MoreUtils-0.430.tar.gz
>>> perl-list-moreutils: Checking sha512sums...
List-MoreUtils-0.430.tar.gz: OK
>>> perl-list-moreutils: Unpacking /var/cache/distfiles/List-MoreUtils-0.430.tar.gz...
Checking whether pureperl is required... no
Checking for cc... gcc
Checking for cc... (cached) gcc
Checking whether perlapi is accessible... yes
Checking if your kit is complete...
Looks good
Generating a Unix-style Makefile
Writing Makefile for List::MoreUtils
Writing MYMETA.yml and MYMETA.json
cp lib/List/MoreUtils.pm blib/lib/List/MoreUtils.pm
cp lib/List/MoreUtils/Contributing.pod blib/lib/List/MoreUtils/Contributing.pod
cp lib/List/MoreUtils/PP.pm blib/lib/List/MoreUtils/PP.pm
Manifying 3 pod documents
PERL_DL_NONLAZY=1 "/usr/bin/perl" "-MExtUtils::Command::MM" "-MTest::Harness" "-e" "undef *Test::Harness::Switches; test_harness(0, 'blib/lib', 'blib/arch')" t/*.t t/pureperl/*.t t/xs/*.t xt/*.t
t/pureperl/after.t ................ ok
t/pureperl/after_incl.t ........... ok
t/pureperl/all.t .................. ok
t/pureperl/all_u.t ................ ok
t/pureperl/any.t .................. ok
t/pureperl/any_u.t ................ ok
t/pureperl/apply.t ................ ok
t/pureperl/arrayify.t ............. ok
t/pureperl/before.t ............... ok
t/pureperl/before_incl.t .......... ok
t/pureperl/binsert.t .............. ok
t/pureperl/bremove.t .............. ok
t/pureperl/bsearch.t .............. ok
t/pureperl/bsearchidx.t ........... ok
t/pureperl/duplicates.t ........... ok
t/pureperl/each_array.t ........... ok
t/pureperl/equal_range.t .......... ok
t/pureperl/false.t ................ ok
t/pureperl/firstidx.t ............. ok
t/pureperl/firstres.t ............. ok
t/pureperl/firstval.t ............. ok
t/pureperl/frequency.t ............ ok
t/pureperl/Import.t ............... ok
t/pureperl/indexes.t .............. ok
t/pureperl/insert_after.t ......... ok
t/pureperl/insert_after_string.t .. ok
t/pureperl/lastidx.t .............. ok
t/pureperl/lastres.t .............. ok
t/pureperl/lastval.t .............. ok
t/pureperl/listcmp.t .............. ok
t/pureperl/lower_bound.t .......... ok
t/pureperl/mesh.t ................. ok
t/pureperl/minmax.t ............... ok
t/pureperl/minmaxstr.t ............ ok
t/pureperl/mode.t ................. ok
t/pureperl/natatime.t ............. ok
t/pureperl/none.t ................. ok
t/pureperl/none_u.t ............... ok
t/pureperl/notall.t ............... ok
t/pureperl/notall_u.t ............. ok
t/pureperl/occurrences.t .......... ok
t/pureperl/one.t .................. ok
t/pureperl/one_u.t ................ ok
t/pureperl/onlyidx.t .............. ok
t/pureperl/onlyres.t .............. ok
t/pureperl/onlyval.t .............. ok
t/pureperl/pairwise.t ............. ok
t/pureperl/part.t ................. ok
t/pureperl/qsort.t ................ skipped: It's insane to use a pure-perl qsort
t/pureperl/reduce_0.t ............. ok
t/pureperl/reduce_1.t ............. ok
t/pureperl/reduce_u.t ............. ok
t/pureperl/samples.t .............. ok
t/pureperl/singleton.t ............ ok
t/pureperl/slide.t ................ ok
t/pureperl/slideatatime.t ......... ok
t/pureperl/true.t ................. ok
t/pureperl/uniq.t ................. ok
t/pureperl/upper_bound.t .......... ok
t/pureperl/XS.t ................... ok
t/pureperl/zip6.t ................. ok
t/xs/after.t ...................... ok
t/xs/after_incl.t ................. ok
t/xs/all.t ........................ ok
t/xs/all_u.t ...................... ok
t/xs/any.t ........................ ok
t/xs/any_u.t ...................... ok
t/xs/apply.t ...................... ok
t/xs/arrayify.t ................... ok
t/xs/before.t ..................... ok
t/xs/before_incl.t ................ ok
t/xs/binsert.t .................... ok
t/xs/bremove.t .................... ok
t/xs/bsearch.t .................... ok
t/xs/bsearchidx.t ................. ok
t/xs/duplicates.t ................. ok
t/xs/each_array.t ................. ok
t/xs/equal_range.t ................ ok
t/xs/false.t ...................... ok
t/xs/firstidx.t ................... ok
t/xs/firstres.t ................... ok
t/xs/firstval.t ................... ok
t/xs/frequency.t .................. ok
t/xs/Import.t ..................... ok
t/xs/indexes.t .................... ok
t/xs/insert_after.t ............... ok
t/xs/insert_after_string.t ........ ok
t/xs/lastidx.t .................... ok
t/xs/lastres.t .................... ok
t/xs/lastval.t .................... ok
t/xs/listcmp.t .................... ok
t/xs/lower_bound.t ................ ok
t/xs/mesh.t ....................... ok
t/xs/minmax.t ..................... ok
t/xs/minmaxstr.t .................. ok
t/xs/mode.t ....................... ok
t/xs/natatime.t ................... ok
t/xs/none.t ....................... ok
t/xs/none_u.t ..................... ok
t/xs/notall.t ..................... ok
t/xs/notall_u.t ................... ok
t/xs/occurrences.t ................ ok
t/xs/one.t ........................ ok
t/xs/one_u.t ...................... ok
t/xs/onlyidx.t .................... ok
t/xs/onlyres.t .................... ok
t/xs/onlyval.t .................... ok
t/xs/pairwise.t ................... ok
t/xs/part.t ....................... ok
t/xs/qsort.t ...................... ok
t/xs/reduce_0.t ................... ok
t/xs/reduce_1.t ................... ok
t/xs/reduce_u.t ................... ok
t/xs/samples.t .................... ok
t/xs/singleton.t .................. ok
t/xs/slide.t ...................... ok
t/xs/slideatatime.t ............... ok
t/xs/true.t ....................... ok
t/xs/uniq.t ....................... ok
t/xs/upper_bound.t ................ ok
t/xs/XS.t ......................... ok
t/xs/zip6.t ....................... ok
All tests successful.
Files=122, Tests=9066, 21 wallclock secs ( 0.78 usr  0.20 sys + 19.64 cusr  1.65 csys = 22.27 CPU)
Result: PASS
>>> perl-list-moreutils: Entering fakeroot...
Manifying 3 pod documents
Appending installation info to /home/packager/aports/main/perl-list-moreutils/pkg/perl-list-moreutils/usr/lib/perl5/core_perl/perllocal.pod
Installing /home/packager/aports/main/perl-list-moreutils/pkg/perl-list-moreutils/usr/share/perl5/vendor_perl/List/MoreUtils.pm
Installing /home/packager/aports/main/perl-list-moreutils/pkg/perl-list-moreutils/usr/share/perl5/vendor_perl/List/MoreUtils/Contributing.pod
Installing /home/packager/aports/main/perl-list-moreutils/pkg/perl-list-moreutils/usr/share/perl5/vendor_perl/List/MoreUtils/PP.pm
Installing /home/packager/aports/main/perl-list-moreutils/pkg/perl-list-moreutils/usr/share/man/man3/List::MoreUtils.3pm
Installing /home/packager/aports/main/perl-list-moreutils/pkg/perl-list-moreutils/usr/share/man/man3/List::MoreUtils::Contributing.3pm
Installing /home/packager/aports/main/perl-list-moreutils/pkg/perl-list-moreutils/usr/share/man/man3/List::MoreUtils::PP.3pm
>>> perl-list-moreutils-doc*: Running split function doc...
'usr/share/man' -> '/home/packager/aports/main/perl-list-moreutils/pkg/perl-list-moreutils-doc/usr/share/man'
>>> perl-list-moreutils-doc*: Preparing subpackage perl-list-moreutils-doc...
>>> perl-list-moreutils-doc*: Running postcheck for perl-list-moreutils-doc
>>> perl-list-moreutils*: Running postcheck for perl-list-moreutils
>>> perl-list-moreutils*: Preparing package perl-list-moreutils...
>>> perl-list-moreutils-doc*: Tracing dependencies...
>>> perl-list-moreutils-doc*: Package size: 17.3 KB
>>> perl-list-moreutils-doc*: Compressing data...
>>> perl-list-moreutils-doc*: Create checksum...
pigz: not found
>>> perl-list-moreutils-doc*: Create perl-list-moreutils-doc-0.430-r1.apk
>>> perl-list-moreutils*: Tracing dependencies...
	perl
	perl-exporter-tiny
	perl-list-moreutils-xs
>>> perl-list-moreutils*: Package size: 61.9 KB
>>> perl-list-moreutils*: Compressing data...
>>> perl-list-moreutils*: Create checksum...
pigz: not found
>>> perl-list-moreutils*: Create perl-list-moreutils-0.430-r1.apk
>>> perl-list-moreutils: Build complete at Sun, 18 May 2025 09:05:18 +0000 elapsed time 0h 0m 26s
>>> perl-list-moreutils: Cleaning up srcdir
>>> perl-list-moreutils: Cleaning up pkgdir
>>> perl-list-moreutils: Uninstalling dependencies...
(1/13) Purging .makedepends-perl-list-moreutils (20250518.090453)
(2/13) Purging perl-exporter-tiny (1.006002-r1)
(3/13) Purging perl-list-moreutils-xs (0.430-r5)
(4/13) Purging perl-dev (5.40.2-r0)
(5/13) Purging perl-utils (5.40.2-r0)
(6/13) Purging perl-config-autoconf (0.320-r2)
(7/13) Purging perl-capture-tiny (0.50-r0)
(8/13) Purging perl-test-leaktrace (0.17-r5)
(9/13) Purging git-perl (2.47.2-r0)
(10/13) Purging perl-git (2.47.2-r0)
(11/13) Purging perl-error (0.17030-r0)
(12/13) Purging perl (5.40.2-r0)
(13/13) Purging libbz2 (1.0.8-r6)
Executing busybox-1.37.0-r12.trigger
OK: 261 MiB in 81 packages
>>> perl-list-moreutils: Updating the main/x86_64 repository index...
>>> perl-list-moreutils: Signing the index...
pigz: not found
