pigz: not found
>>> perl-text-autoformat: Building main/perl-text-autoformat 1.75-r2 (using abuild 3.14.1-r4) started Sun, 18 May 2025 09:30:45 +0000
>>> perl-text-autoformat: Validating /home/packager/aports/main/perl-text-autoformat/APKBUILD...
>>> perl-text-autoformat: Analyzing dependencies...
>>> perl-text-autoformat: Installing for build: build-base perl perl-text-reform
(1/7) Installing libbz2 (1.0.8-r6)
(2/7) Installing perl (5.40.2-r0)
(3/7) Installing perl-text-reform (1.20-r4)
(4/7) Installing .makedepends-perl-text-autoformat (20250518.093046)
(5/7) Installing perl-error (0.17030-r0)
(6/7) Installing perl-git (2.47.2-r0)
(7/7) Installing git-perl (2.47.2-r0)
Executing busybox-1.37.0-r12.trigger
OK: 297 MiB in 88 packages
>>> perl-text-autoformat: Cleaning up srcdir
>>> perl-text-autoformat: Cleaning up pkgdir
>>> perl-text-autoformat: Cleaning up tmpdir
>>> perl-text-autoformat: Fetching https://cpan.metacpan.org/authors/id/N/NE/NEILB/Text-Autoformat-1.75.tar.gz
Connecting to cpan.metacpan.org (146.75.122.217:443)
saving to '/var/cache/distfiles/Text-Autoformat-1.75.tar.gz.part'
Text-Autoformat-1.75 100% |********************************| 29621  0:00:00 ETA
'/var/cache/distfiles/Text-Autoformat-1.75.tar.gz.part' saved
>>> perl-text-autoformat: Fetching https://cpan.metacpan.org/authors/id/N/NE/NEILB/Text-Autoformat-1.75.tar.gz
>>> perl-text-autoformat: Checking sha512sums...
Text-Autoformat-1.75.tar.gz: OK
>>> perl-text-autoformat: Unpacking /var/cache/distfiles/Text-Autoformat-1.75.tar.gz...
Checking if your kit is complete...
Looks good
Generating a Unix-style Makefile
Writing Makefile for Text::Autoformat
Writing MYMETA.yml and MYMETA.json
cp lib/Text/Autoformat/NullHang.pm blib/lib/Text/Autoformat/NullHang.pm
cp lib/Text/Autoformat.pm blib/lib/Text/Autoformat.pm
cp lib/Text/Autoformat/Hang.pm blib/lib/Text/Autoformat/Hang.pm
Manifying 1 pod document
PERL_DL_NONLAZY=1 "/usr/bin/perl" "-MExtUtils::Command::MM" "-MTest::Harness" "-e" "undef *Test::Harness::Switches; test_harness(0, 'blib/lib', 'blib/arch')" t/*.t
# Testing Text::Autoformat 1.75
t/00.load.t .......... ok
t/01.ignore.t ........ ok
t/02.empty-string.t .. ok
t/02.wide-numbers.t .. ok
t/03.zero-number.t ... ok
All tests successful.
Files=5, Tests=7,  1 wallclock secs ( 0.03 usr  0.01 sys +  0.35 cusr  0.08 csys =  0.47 CPU)
Result: PASS
>>> perl-text-autoformat: Entering fakeroot...
Manifying 1 pod document
Appending installation info to /home/packager/aports/main/perl-text-autoformat/pkg/perl-text-autoformat/usr/lib/perl5/core_perl/perllocal.pod
Installing /home/packager/aports/main/perl-text-autoformat/pkg/perl-text-autoformat/usr/share/perl5/vendor_perl/Text/Autoformat.pm
Installing /home/packager/aports/main/perl-text-autoformat/pkg/perl-text-autoformat/usr/share/perl5/vendor_perl/Text/Autoformat/Hang.pm
Installing /home/packager/aports/main/perl-text-autoformat/pkg/perl-text-autoformat/usr/share/perl5/vendor_perl/Text/Autoformat/NullHang.pm
Installing /home/packager/aports/main/perl-text-autoformat/pkg/perl-text-autoformat/usr/share/man/man3/Text::Autoformat.3pm
>>> perl-text-autoformat-doc*: Running split function doc...
'usr/share/man' -> '/home/packager/aports/main/perl-text-autoformat/pkg/perl-text-autoformat-doc/usr/share/man'
>>> perl-text-autoformat-doc*: Preparing subpackage perl-text-autoformat-doc...
>>> perl-text-autoformat-doc*: Running postcheck for perl-text-autoformat-doc
>>> perl-text-autoformat*: Running postcheck for perl-text-autoformat
>>> perl-text-autoformat*: Preparing package perl-text-autoformat...
>>> perl-text-autoformat-doc*: Tracing dependencies...
>>> perl-text-autoformat-doc*: Package size: 9.7 KB
>>> perl-text-autoformat-doc*: Compressing data...
>>> perl-text-autoformat-doc*: Create checksum...
pigz: not found
>>> perl-text-autoformat-doc*: Create perl-text-autoformat-doc-1.75-r2.apk
>>> perl-text-autoformat*: Tracing dependencies...
	perl
	perl-text-reform
>>> perl-text-autoformat*: Package size: 51.4 KB
>>> perl-text-autoformat*: Compressing data...
>>> perl-text-autoformat*: Create checksum...
pigz: not found
>>> perl-text-autoformat*: Create perl-text-autoformat-1.75-r2.apk
>>> perl-text-autoformat: Build complete at Sun, 18 May 2025 09:30:49 +0000 elapsed time 0h 0m 4s
>>> perl-text-autoformat: Cleaning up srcdir
>>> perl-text-autoformat: Cleaning up pkgdir
>>> perl-text-autoformat: Uninstalling dependencies...
(1/7) Purging .makedepends-perl-text-autoformat (20250518.093046)
(2/7) Purging perl-text-reform (1.20-r4)
(3/7) Purging git-perl (2.47.2-r0)
(4/7) Purging perl-git (2.47.2-r0)
(5/7) Purging perl-error (0.17030-r0)
(6/7) Purging perl (5.40.2-r0)
(7/7) Purging libbz2 (1.0.8-r6)
Executing busybox-1.37.0-r12.trigger
OK: 261 MiB in 81 packages
>>> perl-text-autoformat: Updating the main/x86_64 repository index...
>>> perl-text-autoformat: Signing the index...
pigz: not found
