pigz: not found
>>> perl-html-formattext-withlinks-andtables: Building main/perl-html-formattext-withlinks-andtables 0.07-r4 (using abuild 3.14.1-r4) started Sun, 18 May 2025 09:25:20 +0000
>>> perl-html-formattext-withlinks-andtables: Validating /home/packager/aports/main/perl-html-formattext-withlinks-andtables/APKBUILD...
>>> perl-html-formattext-withlinks-andtables: Analyzing dependencies...
>>> perl-html-formattext-withlinks-andtables: Installing for build: build-base perl perl-html-formattext-withlinks perl-html-tree perl-html-formatter perl-dev
(1/21) Installing libbz2 (1.0.8-r6)
(2/21) Installing perl (5.40.2-r0)
(3/21) Installing perl-html-tagset (3.24-r0)
(4/21) Installing perl-clone (0.47-r0)
(5/21) Installing perl-http-date (6.06-r0)
(6/21) Installing perl-uri (5.28-r0)
(7/21) Installing perl-io-html (1.004-r1)
(8/21) Installing perl-encode-locale (1.05-r5)
(9/21) Installing perl-lwp-mediatypes (6.04-r3)
(10/21) Installing perl-http-message (7.00-r0)
(11/21) Installing perl-html-parser (3.83-r0)
(12/21) Installing perl-html-tree (5.07-r5)
(13/21) Installing perl-font-afm (1.20-r4)
(14/21) Installing perl-html-formatter (2.16-r3)
(15/21) Installing perl-html-formattext-withlinks (0.15-r5)
(16/21) Installing perl-utils (5.40.2-r0)
(17/21) Installing perl-dev (5.40.2-r0)
(18/21) Installing .makedepends-perl-html-formattext-withlinks-andtables (20250518.092522)
(19/21) Installing perl-error (0.17030-r0)
(20/21) Installing perl-git (2.47.2-r0)
(21/21) Installing git-perl (2.47.2-r0)
Executing busybox-1.37.0-r12.trigger
OK: 308 MiB in 102 packages
>>> perl-html-formattext-withlinks-andtables: Cleaning up srcdir
>>> perl-html-formattext-withlinks-andtables: Cleaning up pkgdir
>>> perl-html-formattext-withlinks-andtables: Cleaning up tmpdir
>>> perl-html-formattext-withlinks-andtables: Fetching https://cpan.metacpan.org/authors/id/D/DA/DALEEVANS/HTML-FormatText-WithLinks-AndTables-0.07.tar.gz
Connecting to cpan.metacpan.org (146.75.122.217:443)
saving to '/var/cache/distfiles/HTML-FormatText-WithLinks-AndTables-0.07.tar.gz.part'
HTML-FormatText-With 100% |********************************| 11934  0:00:00 ETA
'/var/cache/distfiles/HTML-FormatText-WithLinks-AndTables-0.07.tar.gz.part' saved
>>> perl-html-formattext-withlinks-andtables: Fetching https://cpan.metacpan.org/authors/id/D/DA/DALEEVANS/HTML-FormatText-WithLinks-AndTables-0.07.tar.gz
>>> perl-html-formattext-withlinks-andtables: Checking sha512sums...
HTML-FormatText-WithLinks-AndTables-0.07.tar.gz: OK
>>> perl-html-formattext-withlinks-andtables: Unpacking /var/cache/distfiles/HTML-FormatText-WithLinks-AndTables-0.07.tar.gz...
WARNING: Older versions of ExtUtils::MakeMaker may errantly install README.pod as part of this distribution. It is recommended to avoid using this path in CPAN modules.
Checking if your kit is complete...
Looks good
Generating a Unix-style Makefile
Writing Makefile for HTML::FormatText::WithLinks::AndTables
Writing MYMETA.yml and MYMETA.json
cp lib/HTML/FormatText/WithLinks/AndTables.pm blib/lib/HTML/FormatText/WithLinks/AndTables.pm
Manifying 1 pod document
PERL_DL_NONLAZY=1 "/usr/bin/perl" "-MExtUtils::Command::MM" "-MTest::Harness" "-e" "undef *Test::Harness::Switches; test_harness(0, 'blib/lib', 'blib/arch')" t/*.t
# Testing HTML::FormatText::WithLinks::AndTables 0.07, Perl 5.040002, /usr/bin/perl
t/00-load.t .............................. ok
t/author-critic.t ........................ skipped: these tests are for testing by the author
t/author-pod-coverage.t .................. skipped: these tests are for testing by the author
t/author-pod-syntax.t .................... skipped: these tests are for testing by the author
t/boilerplate.t .......................... ok
t/empty_row.t ............................ ok
t/empty_td.t ............................. ok
t/empty_td_warning.t ..................... ok
t/html-formattext-withlinks-andtables.t .. ok
t/pod.t .................................. skipped: Test::Pod 1.22 required for testing POD
t/preserve_options.t ..................... ok
t/table-header.t ......................... ok
All tests successful.

Test Summary Report
-------------------
t/boilerplate.t                        (Wstat: 0 Tests: 3 Failed: 0)
  TODO passed:   1-3
Files=12, Tests=10,  1 wallclock secs ( 0.05 usr  0.01 sys +  0.79 cusr  0.12 csys =  0.97 CPU)
Result: PASS
>>> perl-html-formattext-withlinks-andtables: Entering fakeroot...
Manifying 1 pod document
Appending installation info to /home/packager/aports/main/perl-html-formattext-withlinks-andtables/pkg/perl-html-formattext-withlinks-andtables/usr/lib/perl5/core_perl/perllocal.pod
Installing /home/packager/aports/main/perl-html-formattext-withlinks-andtables/pkg/perl-html-formattext-withlinks-andtables/usr/share/perl5/vendor_perl/HTML/FormatText/WithLinks/AndTables.pm
Installing /home/packager/aports/main/perl-html-formattext-withlinks-andtables/pkg/perl-html-formattext-withlinks-andtables/usr/share/man/man3/HTML::FormatText::WithLinks::AndTables.3pm
>>> perl-html-formattext-withlinks-andtables-doc*: Running split function doc...
'usr/share/man' -> '/home/packager/aports/main/perl-html-formattext-withlinks-andtables/pkg/perl-html-formattext-withlinks-andtables-doc/usr/share/man'
>>> perl-html-formattext-withlinks-andtables-doc*: Preparing subpackage perl-html-formattext-withlinks-andtables-doc...
>>> perl-html-formattext-withlinks-andtables-doc*: Running postcheck for perl-html-formattext-withlinks-andtables-doc
>>> perl-html-formattext-withlinks-andtables*: Running postcheck for perl-html-formattext-withlinks-andtables
>>> perl-html-formattext-withlinks-andtables*: Preparing package perl-html-formattext-withlinks-andtables...
>>> perl-html-formattext-withlinks-andtables-doc*: Tracing dependencies...
>>> perl-html-formattext-withlinks-andtables-doc*: Package size: 2.5 KB
>>> perl-html-formattext-withlinks-andtables-doc*: Compressing data...
>>> perl-html-formattext-withlinks-andtables-doc*: Create checksum...
pigz: not found
>>> perl-html-formattext-withlinks-andtables-doc*: Create perl-html-formattext-withlinks-andtables-doc-0.07-r4.apk
>>> perl-html-formattext-withlinks-andtables*: Tracing dependencies...
	perl
	perl-html-formattext-withlinks
	perl-html-tree
	perl-html-formatter
>>> perl-html-formattext-withlinks-andtables*: Package size: 12.6 KB
>>> perl-html-formattext-withlinks-andtables*: Compressing data...
>>> perl-html-formattext-withlinks-andtables*: Create checksum...
pigz: not found
>>> perl-html-formattext-withlinks-andtables*: Create perl-html-formattext-withlinks-andtables-0.07-r4.apk
>>> perl-html-formattext-withlinks-andtables: Build complete at Sun, 18 May 2025 09:25:26 +0000 elapsed time 0h 0m 6s
>>> perl-html-formattext-withlinks-andtables: Cleaning up srcdir
>>> perl-html-formattext-withlinks-andtables: Cleaning up pkgdir
>>> perl-html-formattext-withlinks-andtables: Uninstalling dependencies...
(1/21) Purging .makedepends-perl-html-formattext-withlinks-andtables (20250518.092522)
(2/21) Purging perl-html-formattext-withlinks (0.15-r5)
(3/21) Purging perl-html-formatter (2.16-r3)
(4/21) Purging perl-font-afm (1.20-r4)
(5/21) Purging perl-html-tree (5.07-r5)
(6/21) Purging perl-html-parser (3.83-r0)
(7/21) Purging perl-html-tagset (3.24-r0)
(8/21) Purging perl-http-message (7.00-r0)
(9/21) Purging perl-clone (0.47-r0)
(10/21) Purging perl-http-date (6.06-r0)
(11/21) Purging perl-io-html (1.004-r1)
(12/21) Purging perl-encode-locale (1.05-r5)
(13/21) Purging perl-lwp-mediatypes (6.04-r3)
(14/21) Purging perl-uri (5.28-r0)
(15/21) Purging perl-dev (5.40.2-r0)
(16/21) Purging perl-utils (5.40.2-r0)
(17/21) Purging git-perl (2.47.2-r0)
(18/21) Purging perl-git (2.47.2-r0)
(19/21) Purging perl-error (0.17030-r0)
(20/21) Purging perl (5.40.2-r0)
(21/21) Purging libbz2 (1.0.8-r6)
Executing busybox-1.37.0-r12.trigger
OK: 261 MiB in 81 packages
>>> perl-html-formattext-withlinks-andtables: Updating the main/x86_64 repository index...
>>> perl-html-formattext-withlinks-andtables: Signing the index...
pigz: not found
