>>> perl-http-body: Validating /home/packager/oily-pine/main/perl-http-body/APKBUILD...
>>> perl-http-body: Cleaning up srcdir
>>> perl-http-body: Cleaning up pkgdir
>>> perl-http-body: Cleaning up tmpdir
>>> perl-http-body: Fetching https://cpan.metacpan.org/authors/id/G/GE/GETTY/HTTP-Body-1.23.tar.gz
  % Total    % Received % Xferd  Average Speed   Time    Time     Time  Current
                                 Dload  Upload   Total   Spent    Left  Speed
  0     0    0     0    0     0      0      0 --:--:-- --:--:-- --:--:--     0100 26980  100 26980    0     0  64597      0 --:--:-- --:--:-- --:--:-- 64700
>>> perl-http-body: Fetching https://cpan.metacpan.org/authors/id/G/GE/GETTY/HTTP-Body-1.23.tar.gz
>>> perl-http-body: Checking sha512sums...
HTTP-Body-1.23.tar.gz: OK
>>> perl-http-body: Preparing build chroot...
fetch http://dl-cdn.alpinelinux.org/alpine/edge/main/x86_64/APKINDEX.tar.gz
(1/81) Installing musl (1.2.5-r10)
(2/81) Installing libcrypto3 (3.5.0-r0)
(3/81) Installing ca-certificates-bundle (20241121-r2)
(4/81) Installing libssl3 (3.5.0-r0)
(5/81) Installing zlib (1.3.1-r2)
(6/81) Installing libapk2 (2.14.9-r2)
(7/81) Installing apk-tools (2.14.9-r2)
(8/81) Installing libcap2 (2.76-r0)
(9/81) Installing libcap-getcap (2.76-r0)
(10/81) Installing fakeroot (1.37.1.1-r0)
(11/81) Installing scanelf (1.3.8-r1)
(12/81) Installing musl-utils (1.2.5-r10)
(13/81) Installing libgcc (14.3.0-r1)
(14/81) Installing libstdc++ (14.3.0-r1)
(15/81) Installing lzip (1.25-r0)
(16/81) Installing openssl (3.5.0-r0)
(17/81) Installing patch (2.8-r0)
(18/81) Installing pkgconf (2.4.3-r0)
(19/81) Installing acl-libs (2.3.2-r1)
(20/81) Installing tar (1.35-r3)
(21/81) Installing busybox (1.37.0-r18)
Executing busybox-1.37.0-r18.post-install
(22/81) Installing ssl_client (1.37.0-r18)
(23/81) Installing busybox-binsh (1.37.0-r18)
(24/81) Installing abuild (3.15.0-r0)
Executing abuild-3.15.0-r0.pre-install
(25/81) Installing abuild-sudo (3.15.0-r0)
(26/81) Installing alpine-baselayout-data (3.7.0-r0)
(27/81) Installing alpine-baselayout (3.7.0-r0)
Executing alpine-baselayout-3.7.0-r0.pre-install
Executing alpine-baselayout-3.7.0-r0.post-install
(28/81) Installing bridge (1.5-r5)
(29/81) Installing ifupdown-ng (0.12.1-r7)
(30/81) Installing openrc-user (0.62.2-r2)
(31/81) Installing openrc (0.62.2-r2)
Executing openrc-0.62.2-r2.post-install
(32/81) Installing mdev-conf (4.8-r0)
(33/81) Installing busybox-mdev-openrc (1.37.0-r18)
(34/81) Installing alpine-conf (3.20.0-r0)
(35/81) Installing alpine-keys (2.5-r0)
(36/81) Installing alpine-release (3.22.0-r0)
(37/81) Installing busybox-openrc (1.37.0-r18)
(38/81) Installing busybox-suid (1.37.0-r18)
(39/81) Installing alpine-base (3.22.0-r0)
(40/81) Installing jansson (2.14.1-r0)
(41/81) Installing zstd-libs (1.5.7-r0)
(42/81) Installing binutils (2.44-r0)
(43/81) Installing libmagic (5.46-r2)
(44/81) Installing file (5.46-r2)
(45/81) Installing libgomp (14.3.0-r1)
(46/81) Installing libatomic (14.3.0-r1)
(47/81) Installing gmp (6.3.0-r3)
(48/81) Installing isl26 (0.26-r1)
(49/81) Installing mpfr4 (4.2.1_p1-r0)
(50/81) Installing mpc1 (1.3.1-r1)
(51/81) Installing gcc (14.3.0-r1)
(52/81) Installing libstdc++-dev (14.3.0-r1)
(53/81) Installing musl-dev (1.2.5-r10)
(54/81) Installing g++ (14.3.0-r1)
(55/81) Installing make (4.4.1-r3)
(56/81) Installing fortify-headers (1.1-r5)
(57/81) Installing build-base (0.5-r3)
(58/81) Installing brotli-libs (1.1.0-r2)
(59/81) Installing c-ares (1.34.5-r0)
(60/81) Installing libunistring (1.3-r0)
(61/81) Installing libidn2 (2.3.7-r0)
(62/81) Installing nghttp2-libs (1.65.0-r0)
(63/81) Installing libpsl (0.21.5-r3)
(64/81) Installing libcurl (8.14.0-r2)
(65/81) Installing libexpat (2.7.1-r0)
(66/81) Installing pcre2 (10.43-r1)
(67/81) Installing git (2.49.0-r0)
(68/81) Installing git-init-template (2.49.0-r0)
(69/81) Installing libbz2 (1.0.8-r6)
(70/81) Installing perl (5.40.2-r0)
(71/81) Installing perl-error (0.17030-r0)
(72/81) Installing perl-git (2.49.0-r0)
(73/81) Installing git-perl (2.49.0-r0)
(74/81) Installing perl-clone (0.47-r0)
(75/81) Installing perl-http-date (6.06-r0)
(76/81) Installing perl-uri (5.28-r0)
(77/81) Installing perl-io-html (1.004-r1)
(78/81) Installing perl-encode-locale (1.05-r5)
(79/81) Installing perl-lwp-mediatypes (6.04-r3)
(80/81) Installing perl-http-message (7.00-r0)
(81/81) Installing perl-test-deep (1.205-r0)
Executing busybox-1.37.0-r18.trigger
OK: 297 MiB in 81 packages
>>> perl-http-body: Fetching https://cpan.metacpan.org/authors/id/G/GE/GETTY/HTTP-Body-1.23.tar.gz
>>> perl-http-body: Checking sha512sums...
HTTP-Body-1.23.tar.gz: OK
>>> perl-http-body: Unpacking /var/cache/distfiles/HTTP-Body-1.23.tar.gz...
Checking if your kit is complete...
Looks good
Generating a Unix-style Makefile
Writing Makefile for HTTP::Body
Writing MYMETA.yml and MYMETA.json
cp lib/HTTP/Body/OctetStream.pm blib/lib/HTTP/Body/OctetStream.pm
cp lib/HTTP/Body.pm blib/lib/HTTP/Body.pm
cp lib/HTTP/Body/XForms.pm blib/lib/HTTP/Body/XForms.pm
cp lib/HTTP/Body/XFormsMultipart.pm blib/lib/HTTP/Body/XFormsMultipart.pm
cp lib/HTTP/Body/UrlEncoded.pm blib/lib/HTTP/Body/UrlEncoded.pm
cp lib/HTTP/Body/MultiPart.pm blib/lib/HTTP/Body/MultiPart.pm
Manifying 6 pod documents
PERL_DL_NONLAZY=1 "/usr/bin/perl" "-MExtUtils::Command::MM" "-MTest::Harness" "-e" "undef *Test::Harness::Switches; test_harness(0, 'blib/lib', 'blib/arch')" t/*.t
t/01use.t .................. ok
t/02pod.t .................. skipped: Test::Pod 1.14 required
t/03podcoverage.t .......... skipped: Test::Pod::Coverage 1.04 required
t/04critic.t ............... skipped: Critic test only for developers.
t/04multipart.t ............ ok
t/05urlencoded.t ........... ok
t/06octetstream.t .......... ok
t/07xforms.t ............... ok
t/08multipart-suffix.t ..... ok
t/09rt88342-diff-regexp.t .. ok
t/10mixparamcontent.t ...... ok
t/11new-suffix.t ........... ok
t/12rt88342-new.t .......... ok
All tests successful.
Files=13, Tests=250,  1 wallclock secs ( 0.03 usr  0.00 sys +  0.65 cusr  0.09 csys =  0.77 CPU)
Result: PASS
>>> perl-http-body: Entering fakeroot...
Manifying 6 pod documents
Installing /tmp/pkg/perl-http-body/usr/share/perl5/vendor_perl/HTTP/Body.pm
Installing /tmp/pkg/perl-http-body/usr/share/perl5/vendor_perl/HTTP/Body/OctetStream.pm
Installing /tmp/pkg/perl-http-body/usr/share/perl5/vendor_perl/HTTP/Body/XFormsMultipart.pm
Installing /tmp/pkg/perl-http-body/usr/share/perl5/vendor_perl/HTTP/Body/XForms.pm
Installing /tmp/pkg/perl-http-body/usr/share/perl5/vendor_perl/HTTP/Body/UrlEncoded.pm
Installing /tmp/pkg/perl-http-body/usr/share/perl5/vendor_perl/HTTP/Body/MultiPart.pm
Installing /tmp/pkg/perl-http-body/usr/share/man/man3/HTTP::Body::UrlEncoded.3pm
Installing /tmp/pkg/perl-http-body/usr/share/man/man3/HTTP::Body::XForms.3pm
Installing /tmp/pkg/perl-http-body/usr/share/man/man3/HTTP::Body::OctetStream.3pm
Installing /tmp/pkg/perl-http-body/usr/share/man/man3/HTTP::Body::MultiPart.3pm
Installing /tmp/pkg/perl-http-body/usr/share/man/man3/HTTP::Body.3pm
Installing /tmp/pkg/perl-http-body/usr/share/man/man3/HTTP::Body::XFormsMultipart.3pm
>>> perl-http-body-doc*: Running split function doc...
'usr/share/man' -> '/tmp/pkg/perl-http-body-doc/usr/share/man'
>>> perl-http-body-doc*: Preparing subpackage perl-http-body-doc...
>>> perl-http-body-doc*: Running postcheck for perl-http-body-doc
>>> perl-http-body*: Running postcheck for perl-http-body
>>> perl-http-body*: Preparing package perl-http-body...
>>> perl-http-body-doc*: Tracing dependencies...
>>> perl-http-body-doc*: Package size: 8.9 KB
>>> perl-http-body-doc*: Compressing data...
>>> perl-http-body-doc*: Create checksum...
>>> perl-http-body-doc*: Create perl-http-body-doc-1.23-r0.apk
>>> perl-http-body*: Tracing dependencies...
	perl
	perl-http-message
>>> perl-http-body*: Package size: 23.8 KB
>>> perl-http-body*: Compressing data...
>>> perl-http-body*: Create checksum...
>>> perl-http-body*: Create perl-http-body-1.23-r0.apk
>>> perl-http-body: Updating the main/x86_64 repository index...
>>> perl-http-body: Signing the index...
>>> perl-http-body: Cleaning up srcdir
>>> perl-http-body: Cleaning up build chroot
>>> perl-http-body: Cleaning up pkgdir
