>>> perl-sub-exporter: Validating /home/packager/oily-pine/main/perl-sub-exporter/APKBUILD...
>>> perl-sub-exporter: Cleaning up srcdir
>>> perl-sub-exporter: Cleaning up pkgdir
>>> perl-sub-exporter: Cleaning up tmpdir
>>> perl-sub-exporter: Fetching https://cpan.metacpan.org/authors/id/R/RJ/RJBS/Sub-Exporter-0.991.tar.gz
  % Total    % Received % Xferd  Average Speed   Time    Time     Time  Current
                                 Dload  Upload   Total   Spent    Left  Speed
  0     0    0     0    0     0      0      0 --:--:-- --:--:-- --:--:--     0100 57552  100 57552    0     0   298k      0 --:--:-- --:--:-- --:--:--  300k
>>> perl-sub-exporter: Fetching https://cpan.metacpan.org/authors/id/R/RJ/RJBS/Sub-Exporter-0.991.tar.gz
>>> perl-sub-exporter: Checking sha512sums...
Sub-Exporter-0.991.tar.gz: OK
>>> perl-sub-exporter: Preparing build chroot...
fetch http://dl-cdn.alpinelinux.org/alpine/edge/main/x86_64/APKINDEX.tar.gz
(1/76) Installing musl (1.2.5-r10)
(2/76) Installing libcrypto3 (3.5.0-r0)
(3/76) Installing ca-certificates-bundle (20241121-r2)
(4/76) Installing libssl3 (3.5.0-r0)
(5/76) Installing zlib (1.3.1-r2)
(6/76) Installing libapk2 (2.14.9-r2)
(7/76) Installing apk-tools (2.14.9-r2)
(8/76) Installing libcap2 (2.76-r0)
(9/76) Installing libcap-getcap (2.76-r0)
(10/76) Installing fakeroot (1.37.1.1-r0)
(11/76) Installing scanelf (1.3.8-r1)
(12/76) Installing musl-utils (1.2.5-r10)
(13/76) Installing libgcc (14.3.0-r1)
(14/76) Installing libstdc++ (14.3.0-r1)
(15/76) Installing lzip (1.25-r0)
(16/76) Installing openssl (3.5.0-r0)
(17/76) Installing patch (2.8-r0)
(18/76) Installing pkgconf (2.4.3-r0)
(19/76) Installing acl-libs (2.3.2-r1)
(20/76) Installing tar (1.35-r3)
(21/76) Installing busybox (1.37.0-r18)
Executing busybox-1.37.0-r18.post-install
(22/76) Installing ssl_client (1.37.0-r18)
(23/76) Installing busybox-binsh (1.37.0-r18)
(24/76) Installing abuild (3.15.0-r0)
Executing abuild-3.15.0-r0.pre-install
(25/76) Installing abuild-sudo (3.15.0-r0)
(26/76) Installing alpine-baselayout-data (3.7.0-r0)
(27/76) Installing alpine-baselayout (3.7.0-r0)
Executing alpine-baselayout-3.7.0-r0.pre-install
Executing alpine-baselayout-3.7.0-r0.post-install
(28/76) Installing bridge (1.5-r5)
(29/76) Installing ifupdown-ng (0.12.1-r7)
(30/76) Installing openrc-user (0.62.2-r2)
(31/76) Installing openrc (0.62.2-r2)
Executing openrc-0.62.2-r2.post-install
(32/76) Installing mdev-conf (4.8-r0)
(33/76) Installing busybox-mdev-openrc (1.37.0-r18)
(34/76) Installing alpine-conf (3.20.0-r0)
(35/76) Installing alpine-keys (2.5-r0)
(36/76) Installing alpine-release (3.22.0-r0)
(37/76) Installing busybox-openrc (1.37.0-r18)
(38/76) Installing busybox-suid (1.37.0-r18)
(39/76) Installing alpine-base (3.22.0-r0)
(40/76) Installing jansson (2.14.1-r0)
(41/76) Installing zstd-libs (1.5.7-r0)
(42/76) Installing binutils (2.44-r0)
(43/76) Installing libmagic (5.46-r2)
(44/76) Installing file (5.46-r2)
(45/76) Installing libgomp (14.3.0-r1)
(46/76) Installing libatomic (14.3.0-r1)
(47/76) Installing gmp (6.3.0-r3)
(48/76) Installing isl26 (0.26-r1)
(49/76) Installing mpfr4 (4.2.1_p1-r0)
(50/76) Installing mpc1 (1.3.1-r1)
(51/76) Installing gcc (14.3.0-r1)
(52/76) Installing libstdc++-dev (14.3.0-r1)
(53/76) Installing musl-dev (1.2.5-r10)
(54/76) Installing g++ (14.3.0-r1)
(55/76) Installing make (4.4.1-r3)
(56/76) Installing fortify-headers (1.1-r5)
(57/76) Installing build-base (0.5-r3)
(58/76) Installing brotli-libs (1.1.0-r2)
(59/76) Installing c-ares (1.34.5-r0)
(60/76) Installing libunistring (1.3-r0)
(61/76) Installing libidn2 (2.3.7-r0)
(62/76) Installing nghttp2-libs (1.65.0-r0)
(63/76) Installing libpsl (0.21.5-r3)
(64/76) Installing libcurl (8.14.0-r2)
(65/76) Installing libexpat (2.7.1-r0)
(66/76) Installing pcre2 (10.43-r1)
(67/76) Installing git (2.49.0-r0)
(68/76) Installing git-init-template (2.49.0-r0)
(69/76) Installing libbz2 (1.0.8-r6)
(70/76) Installing perl (5.40.2-r0)
(71/76) Installing perl-error (0.17030-r0)
(72/76) Installing perl-git (2.49.0-r0)
(73/76) Installing git-perl (2.49.0-r0)
(74/76) Installing perl-params-util (1.102-r5)
(75/76) Installing perl-sub-install (0.929-r2)
(76/76) Installing perl-data-optlist (0.114-r1)
Executing busybox-1.37.0-r18.trigger
OK: 296 MiB in 76 packages
>>> perl-sub-exporter: Fetching https://cpan.metacpan.org/authors/id/R/RJ/RJBS/Sub-Exporter-0.991.tar.gz
>>> perl-sub-exporter: Checking sha512sums...
Sub-Exporter-0.991.tar.gz: OK
>>> perl-sub-exporter: Unpacking /var/cache/distfiles/Sub-Exporter-0.991.tar.gz...
Checking if your kit is complete...
Looks good
Generating a Unix-style Makefile
Writing Makefile for Sub::Exporter
Writing MYMETA.yml and MYMETA.json
cp lib/Sub/Exporter/Util.pm blib/lib/Sub/Exporter/Util.pm
cp lib/Sub/Exporter/Cookbook.pod blib/lib/Sub/Exporter/Cookbook.pod
cp lib/Sub/Exporter/Tutorial.pod blib/lib/Sub/Exporter/Tutorial.pod
cp lib/Sub/Exporter.pm blib/lib/Sub/Exporter.pm
Manifying 4 pod documents
PERL_DL_NONLAZY=1 "/usr/bin/perl" "-MExtUtils::Command::MM" "-MTest::Harness" "-e" "undef *Test::Harness::Switches; test_harness(0, 'blib/lib', 'blib/arch')" t/*.t
# 
# Versions for all modules listed in MYMETA.json (including optional ones):
# 
# === Configure Requires ===
# 
#     Module              Want Have
#     ------------------- ---- ----
#     ExtUtils::MakeMaker 6.78 7.70
# 
# === Build Requires ===
# 
#     Module              Want Have
#     ------------------- ---- ----
#     ExtUtils::MakeMaker  any 7.70
# 
# === Test Requires ===
# 
#     Module              Want     Have
#     ------------------- ---- --------
#     Exporter             any     5.78
#     ExtUtils::MakeMaker  any     7.70
#     File::Spec           any     3.91
#     Test::More          0.96 1.302199
#     base                 any     2.27
#     lib                  any     0.65
#     overload             any     1.37
#     subs                 any     1.04
# 
# === Test Recommends ===
# 
#     Module         Want     Have
#     ---------- -------- --------
#     CPAN::Meta 2.120900 2.150010
# 
# === Runtime Requires ===
# 
#     Module         Want     Have
#     ------------- ----- --------
#     Carp            any     1.54
#     Data::OptList 0.100    0.114
#     Params::Util   0.14    1.102
#     Sub::Install   0.92    0.929
#     perl          5.012 5.040002
#     strict          any     1.13
#     warnings        any     1.70
# 
t/00-report-prereqs.t ..... ok
t/col-init.t .............. ok
t/collection.t ............ ok
t/expand-group.t .......... ok
t/faux-export.t ........... ok
t/gen-callable.t .......... ok
t/group-generator.t ....... ok
t/inherited.t ............. ok
t/into-level.t ............ ok
t/real-export-groupgen.t .. ok
t/real-export-href.t ...... ok
t/real-export-setup.t ..... ok
t/util-curry.t ............ ok
t/util-currychain.t ....... ok
t/util-like.t ............. ok
t/util-merge.t ............ ok
t/util-mixin.t ............ skipped: the mixin exporter requires Package::Generator
t/util-namemap.t .......... skipped: not actually offerring this feature yet
t/valid-config.t .......... ok
All tests successful.
Files=19, Tests=250,  1 wallclock secs ( 0.02 usr  0.03 sys +  0.71 cusr  0.11 csys =  0.87 CPU)
Result: PASS
>>> perl-sub-exporter: Entering fakeroot...
Manifying 4 pod documents
Appending installation info to /tmp/pkg/perl-sub-exporter/usr/lib/perl5/core_perl/perllocal.pod
Installing /tmp/pkg/perl-sub-exporter/usr/share/perl5/vendor_perl/Sub/Exporter.pm
Installing /tmp/pkg/perl-sub-exporter/usr/share/perl5/vendor_perl/Sub/Exporter/Cookbook.pod
Installing /tmp/pkg/perl-sub-exporter/usr/share/perl5/vendor_perl/Sub/Exporter/Util.pm
Installing /tmp/pkg/perl-sub-exporter/usr/share/perl5/vendor_perl/Sub/Exporter/Tutorial.pod
Installing /tmp/pkg/perl-sub-exporter/usr/share/man/man3/Sub::Exporter::Util.3pm
Installing /tmp/pkg/perl-sub-exporter/usr/share/man/man3/Sub::Exporter::Tutorial.3pm
Installing /tmp/pkg/perl-sub-exporter/usr/share/man/man3/Sub::Exporter::Cookbook.3pm
Installing /tmp/pkg/perl-sub-exporter/usr/share/man/man3/Sub::Exporter.3pm
>>> perl-sub-exporter-doc*: Running split function doc...
'usr/share/man' -> '/tmp/pkg/perl-sub-exporter-doc/usr/share/man'
>>> perl-sub-exporter-doc*: Preparing subpackage perl-sub-exporter-doc...
>>> perl-sub-exporter-doc*: Running postcheck for perl-sub-exporter-doc
>>> perl-sub-exporter*: Running postcheck for perl-sub-exporter
>>> perl-sub-exporter*: Preparing package perl-sub-exporter...
>>> perl-sub-exporter-doc*: Tracing dependencies...
>>> perl-sub-exporter-doc*: Package size: 21.1 KB
>>> perl-sub-exporter-doc*: Compressing data...
>>> perl-sub-exporter-doc*: Create checksum...
>>> perl-sub-exporter-doc*: Create perl-sub-exporter-doc-0.991-r0.apk
>>> perl-sub-exporter*: Tracing dependencies...
	perl
	perl-data-optlist
	perl-sub-install
	perl-params-util
>>> perl-sub-exporter*: Package size: 111.8 KB
>>> perl-sub-exporter*: Compressing data...
>>> perl-sub-exporter*: Create checksum...
>>> perl-sub-exporter*: Create perl-sub-exporter-0.991-r0.apk
>>> perl-sub-exporter: Updating the main/x86_64 repository index...
>>> perl-sub-exporter: Signing the index...
>>> perl-sub-exporter: Cleaning up srcdir
>>> perl-sub-exporter: Cleaning up build chroot
>>> perl-sub-exporter: Cleaning up pkgdir
