pigz: not found
>>> perl-test-pod: Building main/perl-test-pod 1.52-r4 (using abuild 3.14.1-r4) started Sun, 18 May 2025 06:19:39 +0000
>>> perl-test-pod: Validating /home/packager/aports/main/perl-test-pod/APKBUILD...
>>> perl-test-pod: Analyzing dependencies...
>>> perl-test-pod: Installing for build: build-base perl perl-dev
(1/8) Installing libbz2 (1.0.8-r6)
(2/8) Installing perl (5.40.2-r0)
(3/8) Installing perl-utils (5.40.2-r0)
(4/8) Installing perl-dev (5.40.2-r0)
(5/8) Installing .makedepends-perl-test-pod (20250518.061942)
(6/8) Installing perl-error (0.17029-r2)
(7/8) Installing perl-git (2.47.2-r0)
(8/8) Installing git-perl (2.47.2-r0)
Executing busybox-1.37.0-r12.trigger
OK: 306 MiB in 89 packages
>>> perl-test-pod: Cleaning up srcdir
>>> perl-test-pod: Cleaning up pkgdir
>>> perl-test-pod: Cleaning up tmpdir
>>> perl-test-pod: Fetching https://cpan.metacpan.org/authors/id/E/ET/ETHER/Test-Pod-1.52.tar.gz
Connecting to cpan.metacpan.org (146.75.122.217:443)
saving to '/var/cache/distfiles/Test-Pod-1.52.tar.gz.part'
Test-Pod-1.52.tar.gz 100% |********************************| 11841  0:00:00 ETA
'/var/cache/distfiles/Test-Pod-1.52.tar.gz.part' saved
>>> perl-test-pod: Fetching https://cpan.metacpan.org/authors/id/E/ET/ETHER/Test-Pod-1.52.tar.gz
>>> perl-test-pod: Checking sha512sums...
Test-Pod-1.52.tar.gz: OK
>>> perl-test-pod: Unpacking /var/cache/distfiles/Test-Pod-1.52.tar.gz...
Checking if your kit is complete...
Looks good
Generating a Unix-style Makefile
Writing Makefile for Test::Pod
Writing MYMETA.yml and MYMETA.json
cp lib/Test/Pod.pm blib/lib/Test/Pod.pm
Manifying 1 pod document
PERL_DL_NONLAZY=1 "/usr/bin/perl" "-MExtUtils::Command::MM" "-MTest::Harness" "-e" "undef *Test::Harness::Switches; test_harness(0, 'blib/lib', 'blib/arch')" t/*.t
# Testing Test::Pod 1.52, Perl 5.040002, /usr/bin/perl
# Using Pod::Simple 3.45
t/00-load.t ............ ok
t/all_pod_files.t ...... ok
t/cut-outside-block.t .. ok
t/good.t ............... ok
t/item-ordering.t ...... ok
t/load.t ............... ok
t/missing-file.t ....... ok
t/selftest.t ........... ok
t/spaced-directives.t .. skipped: Not written yet
t/unknown-directive.t .. ok
All tests successful.
Files=10, Tests=19,  1 wallclock secs ( 0.04 usr  0.01 sys +  0.82 cusr  0.13 csys =  1.00 CPU)
Result: PASS
>>> perl-test-pod: Entering fakeroot...
Manifying 1 pod document
Appending installation info to /home/packager/aports/main/perl-test-pod/pkg/perl-test-pod/usr/lib/perl5/core_perl/perllocal.pod
Installing /home/packager/aports/main/perl-test-pod/pkg/perl-test-pod/usr/share/perl5/vendor_perl/Test/Pod.pm
Installing /home/packager/aports/main/perl-test-pod/pkg/perl-test-pod/usr/share/man/man3/Test::Pod.3pm
>>> perl-test-pod-doc*: Running split function doc...
'usr/share/man' -> '/home/packager/aports/main/perl-test-pod/pkg/perl-test-pod-doc/usr/share/man'
>>> perl-test-pod-doc*: Preparing subpackage perl-test-pod-doc...
>>> perl-test-pod-doc*: Running postcheck for perl-test-pod-doc
>>> perl-test-pod*: Running postcheck for perl-test-pod
>>> perl-test-pod*: Preparing package perl-test-pod...
>>> perl-test-pod-doc*: Tracing dependencies...
>>> perl-test-pod-doc*: Package size: 2.7 KB
>>> perl-test-pod-doc*: Compressing data...
>>> perl-test-pod-doc*: Create checksum...
pigz: not found
>>> perl-test-pod-doc*: Create perl-test-pod-doc-1.52-r4.apk
>>> perl-test-pod*: Tracing dependencies...
	perl
>>> perl-test-pod*: Package size: 7.2 KB
>>> perl-test-pod*: Compressing data...
>>> perl-test-pod*: Create checksum...
pigz: not found
>>> perl-test-pod*: Create perl-test-pod-1.52-r4.apk
>>> perl-test-pod: Build complete at Sun, 18 May 2025 06:19:45 +0000 elapsed time 0h 0m 6s
>>> perl-test-pod: Cleaning up srcdir
>>> perl-test-pod: Cleaning up pkgdir
>>> perl-test-pod: Uninstalling dependencies...
(1/8) Purging .makedepends-perl-test-pod (20250518.061942)
(2/8) Purging perl-dev (5.40.2-r0)
(3/8) Purging perl-utils (5.40.2-r0)
(4/8) Purging git-perl (2.47.2-r0)
(5/8) Purging perl-git (2.47.2-r0)
(6/8) Purging perl-error (0.17029-r2)
(7/8) Purging perl (5.40.2-r0)
(8/8) Purging libbz2 (1.0.8-r6)
Executing busybox-1.37.0-r12.trigger
OK: 260 MiB in 81 packages
>>> perl-test-pod: Updating the main/x86_64 repository index...
>>> perl-test-pod: Signing the index...
pigz: not found
