>>> perl-file-tail: Validating /home/packager/oily-pine/main/perl-file-tail/APKBUILD...
>>> perl-file-tail: Cleaning up srcdir
>>> perl-file-tail: Cleaning up pkgdir
>>> perl-file-tail: Cleaning up tmpdir
>>> perl-file-tail: Fetching https://cpan.metacpan.org/authors/id/M/MG/MGRABNAR/File-Tail-1.3.tar.gz
  % Total    % Received % Xferd  Average Speed   Time    Time     Time  Current
                                 Dload  Upload   Total   Spent    Left  Speed
  0     0    0     0    0     0      0      0 --:--:-- --:--:-- --:--:--     0100 24412  100 24412    0     0  96234      0 --:--:-- --:--:-- --:--:-- 96490
>>> perl-file-tail: Fetching https://cpan.metacpan.org/authors/id/M/MG/MGRABNAR/File-Tail-1.3.tar.gz
>>> perl-file-tail: Checking sha512sums...
File-Tail-1.3.tar.gz: OK
>>> perl-file-tail: Preparing build chroot...
fetch http://dl-cdn.alpinelinux.org/alpine/edge/main/x86_64/APKINDEX.tar.gz
(1/75) Installing musl (1.2.5-r10)
(2/75) Installing libcrypto3 (3.5.0-r0)
(3/75) Installing ca-certificates-bundle (20241121-r2)
(4/75) Installing libssl3 (3.5.0-r0)
(5/75) Installing zlib (1.3.1-r2)
(6/75) Installing libapk2 (2.14.9-r2)
(7/75) Installing apk-tools (2.14.9-r2)
(8/75) Installing libcap2 (2.76-r0)
(9/75) Installing libcap-getcap (2.76-r0)
(10/75) Installing fakeroot (1.37.1.1-r0)
(11/75) Installing scanelf (1.3.8-r1)
(12/75) Installing musl-utils (1.2.5-r10)
(13/75) Installing libgcc (14.3.0-r0)
(14/75) Installing libstdc++ (14.3.0-r0)
(15/75) Installing lzip (1.25-r0)
(16/75) Installing openssl (3.5.0-r0)
(17/75) Installing patch (2.8-r0)
(18/75) Installing pkgconf (2.4.3-r0)
(19/75) Installing acl-libs (2.3.2-r1)
(20/75) Installing tar (1.35-r3)
(21/75) Installing busybox (1.37.0-r18)
Executing busybox-1.37.0-r18.post-install
(22/75) Installing ssl_client (1.37.0-r18)
(23/75) Installing busybox-binsh (1.37.0-r18)
(24/75) Installing abuild (3.15.0-r0)
Executing abuild-3.15.0-r0.pre-install
(25/75) Installing abuild-sudo (3.15.0-r0)
(26/75) Installing alpine-baselayout-data (3.7.0-r0)
(27/75) Installing alpine-baselayout (3.7.0-r0)
Executing alpine-baselayout-3.7.0-r0.pre-install
Executing alpine-baselayout-3.7.0-r0.post-install
(28/75) Installing bridge (1.5-r5)
(29/75) Installing ifupdown-ng (0.12.1-r7)
(30/75) Installing openrc-user (0.62.2-r2)
(31/75) Installing openrc (0.62.2-r2)
Executing openrc-0.62.2-r2.post-install
(32/75) Installing mdev-conf (4.8-r0)
(33/75) Installing busybox-mdev-openrc (1.37.0-r18)
(34/75) Installing alpine-conf (3.20.0-r0)
(35/75) Installing alpine-keys (2.5-r0)
(36/75) Installing alpine-release (3.22.0-r0)
(37/75) Installing busybox-openrc (1.37.0-r18)
(38/75) Installing busybox-suid (1.37.0-r18)
(39/75) Installing alpine-base (3.22.0-r0)
(40/75) Installing jansson (2.14.1-r0)
(41/75) Installing zstd-libs (1.5.7-r0)
(42/75) Installing binutils (2.44-r0)
(43/75) Installing libmagic (5.46-r2)
(44/75) Installing file (5.46-r2)
(45/75) Installing libgomp (14.3.0-r0)
(46/75) Installing libatomic (14.3.0-r0)
(47/75) Installing gmp (6.3.0-r3)
(48/75) Installing isl26 (0.26-r1)
(49/75) Installing mpfr4 (4.2.1_p1-r0)
(50/75) Installing mpc1 (1.3.1-r1)
(51/75) Installing gcc (14.3.0-r0)
(52/75) Installing libstdc++-dev (14.3.0-r0)
(53/75) Installing musl-dev (1.2.5-r10)
(54/75) Installing g++ (14.3.0-r0)
(55/75) Installing make (4.4.1-r3)
(56/75) Installing fortify-headers (1.1-r5)
(57/75) Installing build-base (0.5-r3)
(58/75) Installing brotli-libs (1.1.0-r2)
(59/75) Installing c-ares (1.34.5-r0)
(60/75) Installing libunistring (1.3-r0)
(61/75) Installing libidn2 (2.3.7-r0)
(62/75) Installing nghttp2-libs (1.65.0-r0)
(63/75) Installing libpsl (0.21.5-r3)
(64/75) Installing libcurl (8.14.0-r2)
(65/75) Installing libexpat (2.7.1-r0)
(66/75) Installing pcre2 (10.43-r1)
(67/75) Installing git (2.49.0-r0)
(68/75) Installing git-init-template (2.49.0-r0)
(69/75) Installing libbz2 (1.0.8-r6)
(70/75) Installing perl (5.40.2-r0)
(71/75) Installing perl-error (0.17030-r0)
(72/75) Installing perl-git (2.49.0-r0)
(73/75) Installing git-perl (2.49.0-r0)
(74/75) Installing perl-utils (5.40.2-r0)
(75/75) Installing perl-dev (5.40.2-r0)
Executing busybox-1.37.0-r18.trigger
OK: 305 MiB in 75 packages
>>> perl-file-tail: Fetching https://cpan.metacpan.org/authors/id/M/MG/MGRABNAR/File-Tail-1.3.tar.gz
>>> perl-file-tail: Checking sha512sums...
File-Tail-1.3.tar.gz: OK
>>> perl-file-tail: Unpacking /var/cache/distfiles/File-Tail-1.3.tar.gz...

File::Tail will be installed without debugging information.
This information isn't usefull unless you intend to tinker 
with the code. To install with debugging enabled, use:
perl Makefile.PL LOGIT
Checking if your kit is complete...
Looks good
Generating a Unix-style Makefile
Writing Makefile for File::Tail
Writing MYMETA.yml and MYMETA.json
cp Tail.pm blib/lib/File/Tail.pm
Manifying 1 pod document
PERL_DL_NONLAZY=1 "/usr/bin/perl" "-MExtUtils::Command::MM" "-MTest::Harness" "-e" "undef *Test::Harness::Switches; test_harness(0, 'blib/lib', 'blib/arch')" t/*.t
t/10open.t ......... ok
t/20tail.t ......... ok
t/30name_change.t .. ok
All tests successful.
Files=3, Tests=15, 64 wallclock secs ( 0.01 usr  0.01 sys +  0.03 cusr  0.02 csys =  0.07 CPU)
Result: PASS
>>> perl-file-tail: Entering fakeroot...
Manifying 1 pod document
Appending installation info to /tmp/pkg/perl-file-tail/usr/lib/perl5/core_perl/perllocal.pod
Installing /tmp/pkg/perl-file-tail/usr/share/perl5/vendor_perl/File/Tail.pm
Installing /tmp/pkg/perl-file-tail/usr/share/man/man3/File::Tail.3pm
>>> perl-file-tail-doc*: Running split function doc...
'usr/share/man' -> '/tmp/pkg/perl-file-tail-doc/usr/share/man'
>>> perl-file-tail-doc*: Preparing subpackage perl-file-tail-doc...
>>> perl-file-tail-doc*: Running postcheck for perl-file-tail-doc
>>> perl-file-tail*: Running postcheck for perl-file-tail
>>> perl-file-tail*: Preparing package perl-file-tail...
>>> perl-file-tail-doc*: Tracing dependencies...
>>> perl-file-tail-doc*: Package size: 5.0 KB
>>> perl-file-tail-doc*: Compressing data...
>>> perl-file-tail-doc*: Create checksum...
>>> perl-file-tail-doc*: Create perl-file-tail-doc-1.3-r5.apk
>>> perl-file-tail*: Tracing dependencies...
	perl
>>> perl-file-tail*: Package size: 25.2 KB
>>> perl-file-tail*: Compressing data...
>>> perl-file-tail*: Create checksum...
>>> perl-file-tail*: Create perl-file-tail-1.3-r5.apk
>>> perl-file-tail: Updating the main/x86_64 repository index...
>>> perl-file-tail: Signing the index...
>>> perl-file-tail: Cleaning up srcdir
>>> perl-file-tail: Cleaning up build chroot
>>> perl-file-tail: Cleaning up pkgdir
