pigz: not found
>>> perl-cgi-session: Building main/perl-cgi-session 4.48-r5 (using abuild 3.14.1-r4) started Sun, 18 May 2025 09:43:33 +0000
>>> perl-cgi-session: Validating /home/packager/aports/main/perl-cgi-session/APKBUILD...
>>> perl-cgi-session: Analyzing dependencies...
>>> perl-cgi-session: Installing for build: build-base perl perl-cgi
(1/16) Installing libbz2 (1.0.8-r6)
(2/16) Installing perl (5.40.2-r0)
(3/16) Installing perl-html-tagset (3.24-r0)
(4/16) Installing perl-clone (0.47-r0)
(5/16) Installing perl-http-date (6.06-r0)
(6/16) Installing perl-uri (5.28-r0)
(7/16) Installing perl-io-html (1.004-r1)
(8/16) Installing perl-encode-locale (1.05-r5)
(9/16) Installing perl-lwp-mediatypes (6.04-r3)
(10/16) Installing perl-http-message (7.00-r0)
(11/16) Installing perl-html-parser (3.83-r0)
(12/16) Installing perl-cgi (4.68-r0)
(13/16) Installing .makedepends-perl-cgi-session (20250518.094335)
(14/16) Installing perl-error (0.17030-r0)
(15/16) Installing perl-git (2.47.2-r0)
(16/16) Installing git-perl (2.47.2-r0)
Executing busybox-1.37.0-r12.trigger
OK: 298 MiB in 97 packages
>>> perl-cgi-session: Cleaning up srcdir
>>> perl-cgi-session: Cleaning up pkgdir
>>> perl-cgi-session: Cleaning up tmpdir
>>> perl-cgi-session: Fetching https://cpan.metacpan.org/authors/id/M/MA/MARKSTOS/CGI-Session-4.48.tar.gz
Connecting to cpan.metacpan.org (146.75.122.217:443)
saving to '/var/cache/distfiles/CGI-Session-4.48.tar.gz.part'
CGI-Session-4.48.tar 100% |********************************| 95291  0:00:00 ETA
'/var/cache/distfiles/CGI-Session-4.48.tar.gz.part' saved
>>> perl-cgi-session: Fetching https://cpan.metacpan.org/authors/id/M/MA/MARKSTOS/CGI-Session-4.48.tar.gz
>>> perl-cgi-session: Checking sha512sums...
CGI-Session-4.48.tar.gz: OK
>>> perl-cgi-session: Unpacking /var/cache/distfiles/CGI-Session-4.48.tar.gz...
WARNING: EXTRA_META is not a known parameter.
----------------------------------------
#### WARNING ####

If you are using custom CGI::Session drivers they may not be compatible
with the current driver specifications. You will need to make some changes
to your drivers' code before proceeding with this installation to make it
compatible with CGI::Session 4.x.

Fortunately, current driver specifications are a lot easier to adapt to.
Should you have any assistance re-coding your current drivers, please let
me know.

Current driver specs are documented in CGI/Session/Driver.pm

#### TESTING #####

You are encouraged to run tests for the backend you will be using. The
database backends that need a customized connection string won't run by
default. To run them, some environment variables must be set.

The simplest method is to use the standard "DBI_DSN/DBI_USER/DBI_PASS"
environment variables.

Otherwise, you can set these variables: 
For PostgreSQL:
    CGISESS_PG_DSN
    CGISESS_PG_USER
    CGISESS_PG_PASS

For MySQL:
    CGISESS_MYSQL_DSN
    CGISESS_MYSQL_USER
    CGISESS_MYSQL_PASS
    CGISESS_MYSQL_SOCKET

----------------------------------------
Warning: Module::Metadata::Changes's ini.report.pl failed to generate or update Changelog.ini. 
----------------------------------------
Checking if your kit is complete...
Warning: the following files are missing in your kit:
	MYMETA.json
Please inform the author.
'EXTRA_META' is not a known MakeMaker parameter name.
Generating a Unix-style Makefile
Writing Makefile for CGI::Session
Writing MYMETA.yml and MYMETA.json
cp lib/CGI/Session/ID/static.pm blib/lib/CGI/Session/ID/static.pm
cp lib/CGI/Session/Driver.pm blib/lib/CGI/Session/Driver.pm
cp lib/CGI/Session/Serialize/storable.pm blib/lib/CGI/Session/Serialize/storable.pm
cp lib/CGI/Session/Driver/mysql.pm blib/lib/CGI/Session/Driver/mysql.pm
cp lib/CGI/Session/ID/md5.pm blib/lib/CGI/Session/ID/md5.pm
cp lib/CGI/Session/Test/Default.pm blib/lib/CGI/Session/Test/Default.pm
cp lib/CGI/Session/ErrorHandler.pm blib/lib/CGI/Session/ErrorHandler.pm
cp lib/CGI/Session/Driver/postgresql.pm blib/lib/CGI/Session/Driver/postgresql.pm
cp lib/CGI/Session/Driver/DBI.pm blib/lib/CGI/Session/Driver/DBI.pm
cp lib/CGI/Session.pm blib/lib/CGI/Session.pm
cp lib/CGI/Session/Serialize/freezethaw.pm blib/lib/CGI/Session/Serialize/freezethaw.pm
cp lib/CGI/Session/Driver/sqlite.pm blib/lib/CGI/Session/Driver/sqlite.pm
cp lib/CGI/Session/Tutorial.pm blib/lib/CGI/Session/Tutorial.pm
cp lib/CGI/Session/Driver/file.pm blib/lib/CGI/Session/Driver/file.pm
cp lib/CGI/Session/ID/incr.pm blib/lib/CGI/Session/ID/incr.pm
cp lib/CGI/Session/Driver/db_file.pm blib/lib/CGI/Session/Driver/db_file.pm
cp lib/CGI/Session/Serialize/default.pm blib/lib/CGI/Session/Serialize/default.pm
Manifying 17 pod documents
PERL_DL_NONLAZY=1 "/usr/bin/perl" "-MExtUtils::Command::MM" "-MTest::Harness" "-e" "undef *Test::Harness::Switches; test_harness(0, 'blib/lib', 'blib/arch')" t/*.t
t/api3_db_file.t ................ skipped: DB_File not available
t/api3_db_file_freezethaw.t ..... skipped: DB_File not available
t/api3_db_file_storable.t ....... skipped: DB_File not available
t/api3_db_file_storable_incr.t .. skipped: DB_File not available
t/api3_file.t ................... ok
t/api3_file_freezethaw.t ........ skipped: FreezeThaw not available
t/api3_file_freezethaw_incr.t ... skipped: FreezeThaw not available
t/api3_file_storable.t .......... ok
t/api3_file_storable_incr.t ..... ok
t/api3_incr.t ................... ok
#Using Storable as object serializer
t/api3_obj_store.t .............. ok
t/api3_obj_store_db_file.t ...... skipped: DB_File is not available
t/bug21952.t .................... ok
t/bug24285.t .................... ok
t/cgi_simple.t .................. skipped: CGI::Simple not installed, so skipping related tests.
t/complex_ds.t .................. ok
t/driver_dbi.t .................. skipped: DBI module not found
t/expire.t ...................... ok
# The found session has been deleted and flushed
t/find.t ........................ ok
t/flush.t ....................... ok
t/g4.t .......................... ok
t/g4_dbfile.t ................... skipped: DB_File is NOT available
t/g4_dbfile_freezethaw.t ........ skipped: DB_File is NOT available
t/g4_dbfile_storable.t .......... skipped: DB_File is NOT available
t/g4_freezethaw.t ............... skipped: FreezeThaw is NOT available
t/g4_mysql.t .................... skipped: DBI is NOT available
t/g4_mysql_freezethaw.t ......... skipped: DBI is NOT available
t/g4_mysql_storable.t ........... skipped: DBI is NOT available
t/g4_postgresql.t ............... skipped: DataSource is not known
t/g4_postgresql_freezethaw.t .... skipped: DataSource is not known
t/g4_postgresql_storable.t ...... skipped: DataSource is not known
t/g4_sqlite.t ................... skipped: DBI is NOT available
t/g4_sqlite_freezethaw.t ........ skipped: DBI is NOT available
t/g4_sqlite_storable.t .......... skipped: DBI is NOT available
t/g4_storable.t ................. ok
t/header.t ...................... ok
t/ip_matches.t .................. ok
t/is_new.t ...................... ok
t/load.t ........................ ok
t/load_with_undef.t ............. ok
t/name.t ........................ ok
t/new_with_undef.t .............. ok
t/parse_dsn.t ................... ok
t/remote_addr.t ................. ok
# Check in STORE of original item
# Check in STORE of stored/retrieved item
# Check in LOAD after loading from session
t/session_param_undef.t ......... ok
t/str2seconds.t ................. ok
t/symlink_db_file.t ............. skipped: DB_File not available
t/symlink_file.t ................ ok
All tests successful.
Files=48, Tests=410, 11 wallclock secs ( 0.18 usr  0.04 sys +  4.05 cusr  0.76 csys =  5.03 CPU)
Result: PASS
>>> perl-cgi-session: Entering fakeroot...
Manifying 17 pod documents
Appending installation info to /home/packager/aports/main/perl-cgi-session/pkg/perl-cgi-session/usr/lib/perl5/core_perl/perllocal.pod
Installing /home/packager/aports/main/perl-cgi-session/pkg/perl-cgi-session/usr/share/perl5/vendor_perl/CGI/Session.pm
Installing /home/packager/aports/main/perl-cgi-session/pkg/perl-cgi-session/usr/share/perl5/vendor_perl/CGI/Session/Driver.pm
Installing /home/packager/aports/main/perl-cgi-session/pkg/perl-cgi-session/usr/share/perl5/vendor_perl/CGI/Session/Tutorial.pm
Installing /home/packager/aports/main/perl-cgi-session/pkg/perl-cgi-session/usr/share/perl5/vendor_perl/CGI/Session/ErrorHandler.pm
Installing /home/packager/aports/main/perl-cgi-session/pkg/perl-cgi-session/usr/share/perl5/vendor_perl/CGI/Session/Serialize/freezethaw.pm
Installing /home/packager/aports/main/perl-cgi-session/pkg/perl-cgi-session/usr/share/perl5/vendor_perl/CGI/Session/Serialize/storable.pm
Installing /home/packager/aports/main/perl-cgi-session/pkg/perl-cgi-session/usr/share/perl5/vendor_perl/CGI/Session/Serialize/default.pm
Installing /home/packager/aports/main/perl-cgi-session/pkg/perl-cgi-session/usr/share/perl5/vendor_perl/CGI/Session/ID/md5.pm
Installing /home/packager/aports/main/perl-cgi-session/pkg/perl-cgi-session/usr/share/perl5/vendor_perl/CGI/Session/ID/static.pm
Installing /home/packager/aports/main/perl-cgi-session/pkg/perl-cgi-session/usr/share/perl5/vendor_perl/CGI/Session/ID/incr.pm
Installing /home/packager/aports/main/perl-cgi-session/pkg/perl-cgi-session/usr/share/perl5/vendor_perl/CGI/Session/Test/Default.pm
Installing /home/packager/aports/main/perl-cgi-session/pkg/perl-cgi-session/usr/share/perl5/vendor_perl/CGI/Session/Driver/postgresql.pm
Installing /home/packager/aports/main/perl-cgi-session/pkg/perl-cgi-session/usr/share/perl5/vendor_perl/CGI/Session/Driver/file.pm
Installing /home/packager/aports/main/perl-cgi-session/pkg/perl-cgi-session/usr/share/perl5/vendor_perl/CGI/Session/Driver/mysql.pm
Installing /home/packager/aports/main/perl-cgi-session/pkg/perl-cgi-session/usr/share/perl5/vendor_perl/CGI/Session/Driver/DBI.pm
Installing /home/packager/aports/main/perl-cgi-session/pkg/perl-cgi-session/usr/share/perl5/vendor_perl/CGI/Session/Driver/sqlite.pm
Installing /home/packager/aports/main/perl-cgi-session/pkg/perl-cgi-session/usr/share/perl5/vendor_perl/CGI/Session/Driver/db_file.pm
Installing /home/packager/aports/main/perl-cgi-session/pkg/perl-cgi-session/usr/share/man/man3/CGI::Session::Serialize::default.3pm
Installing /home/packager/aports/main/perl-cgi-session/pkg/perl-cgi-session/usr/share/man/man3/CGI::Session::Driver::postgresql.3pm
Installing /home/packager/aports/main/perl-cgi-session/pkg/perl-cgi-session/usr/share/man/man3/CGI::Session::Test::Default.3pm
Installing /home/packager/aports/main/perl-cgi-session/pkg/perl-cgi-session/usr/share/man/man3/CGI::Session::Driver::mysql.3pm
Installing /home/packager/aports/main/perl-cgi-session/pkg/perl-cgi-session/usr/share/man/man3/CGI::Session::ID::incr.3pm
Installing /home/packager/aports/main/perl-cgi-session/pkg/perl-cgi-session/usr/share/man/man3/CGI::Session.3pm
Installing /home/packager/aports/main/perl-cgi-session/pkg/perl-cgi-session/usr/share/man/man3/CGI::Session::Driver::DBI.3pm
Installing /home/packager/aports/main/perl-cgi-session/pkg/perl-cgi-session/usr/share/man/man3/CGI::Session::Driver::file.3pm
Installing /home/packager/aports/main/perl-cgi-session/pkg/perl-cgi-session/usr/share/man/man3/CGI::Session::Tutorial.3pm
Installing /home/packager/aports/main/perl-cgi-session/pkg/perl-cgi-session/usr/share/man/man3/CGI::Session::ID::static.3pm
Installing /home/packager/aports/main/perl-cgi-session/pkg/perl-cgi-session/usr/share/man/man3/CGI::Session::Driver::db_file.3pm
Installing /home/packager/aports/main/perl-cgi-session/pkg/perl-cgi-session/usr/share/man/man3/CGI::Session::ID::md5.3pm
Installing /home/packager/aports/main/perl-cgi-session/pkg/perl-cgi-session/usr/share/man/man3/CGI::Session::Driver.3pm
Installing /home/packager/aports/main/perl-cgi-session/pkg/perl-cgi-session/usr/share/man/man3/CGI::Session::Serialize::storable.3pm
Installing /home/packager/aports/main/perl-cgi-session/pkg/perl-cgi-session/usr/share/man/man3/CGI::Session::Serialize::freezethaw.3pm
Installing /home/packager/aports/main/perl-cgi-session/pkg/perl-cgi-session/usr/share/man/man3/CGI::Session::ErrorHandler.3pm
Installing /home/packager/aports/main/perl-cgi-session/pkg/perl-cgi-session/usr/share/man/man3/CGI::Session::Driver::sqlite.3pm
>>> perl-cgi-session-doc*: Running split function doc...
'usr/share/man' -> '/home/packager/aports/main/perl-cgi-session/pkg/perl-cgi-session-doc/usr/share/man'
>>> perl-cgi-session-doc*: Preparing subpackage perl-cgi-session-doc...
>>> perl-cgi-session-doc*: Running postcheck for perl-cgi-session-doc
>>> perl-cgi-session*: Running postcheck for perl-cgi-session
>>> perl-cgi-session*: Preparing package perl-cgi-session...
>>> perl-cgi-session-doc*: Tracing dependencies...
>>> perl-cgi-session-doc*: Package size: 44.0 KB
>>> perl-cgi-session-doc*: Compressing data...
>>> perl-cgi-session-doc*: Create checksum...
pigz: not found
>>> perl-cgi-session-doc*: Create perl-cgi-session-doc-4.48-r5.apk
>>> perl-cgi-session*: Tracing dependencies...
	perl
>>> perl-cgi-session*: Package size: 143.1 KB
>>> perl-cgi-session*: Compressing data...
>>> perl-cgi-session*: Create checksum...
pigz: not found
>>> perl-cgi-session*: Create perl-cgi-session-4.48-r5.apk
>>> perl-cgi-session: Build complete at Sun, 18 May 2025 09:43:48 +0000 elapsed time 0h 0m 15s
>>> perl-cgi-session: Cleaning up srcdir
>>> perl-cgi-session: Cleaning up pkgdir
>>> perl-cgi-session: Uninstalling dependencies...
(1/16) Purging .makedepends-perl-cgi-session (20250518.094335)
(2/16) Purging perl-cgi (4.68-r0)
(3/16) Purging perl-html-parser (3.83-r0)
(4/16) Purging perl-html-tagset (3.24-r0)
(5/16) Purging perl-http-message (7.00-r0)
(6/16) Purging perl-clone (0.47-r0)
(7/16) Purging perl-http-date (6.06-r0)
(8/16) Purging perl-io-html (1.004-r1)
(9/16) Purging perl-encode-locale (1.05-r5)
(10/16) Purging perl-lwp-mediatypes (6.04-r3)
(11/16) Purging perl-uri (5.28-r0)
(12/16) Purging git-perl (2.47.2-r0)
(13/16) Purging perl-git (2.47.2-r0)
(14/16) Purging perl-error (0.17030-r0)
(15/16) Purging perl (5.40.2-r0)
(16/16) Purging libbz2 (1.0.8-r6)
Executing busybox-1.37.0-r12.trigger
OK: 261 MiB in 81 packages
>>> perl-cgi-session: Updating the main/x86_64 repository index...
>>> perl-cgi-session: Signing the index...
pigz: not found
