pigz: not found
>>> perl-io-stringy: Building main/perl-io-stringy 2.113-r3 (using abuild 3.14.1-r4) started Sun, 18 May 2025 07:02:52 +0000
>>> perl-io-stringy: Validating /home/packager/aports/main/perl-io-stringy/APKBUILD...
>>> perl-io-stringy: Analyzing dependencies...
>>> perl-io-stringy: Installing for build: build-base perl
(1/6) Installing libbz2 (1.0.8-r6)
(2/6) Installing perl (5.40.2-r0)
(3/6) Installing .makedepends-perl-io-stringy (20250518.070254)
(4/6) Installing perl-error (0.17029-r2)
(5/6) Installing perl-git (2.47.2-r0)
(6/6) Installing git-perl (2.47.2-r0)
Executing busybox-1.37.0-r12.trigger
OK: 297 MiB in 87 packages
>>> perl-io-stringy: Cleaning up srcdir
>>> perl-io-stringy: Cleaning up pkgdir
>>> perl-io-stringy: Cleaning up tmpdir
>>> perl-io-stringy: Fetching https://cpan.metacpan.org/authors/id/C/CA/CAPOEIRAB/IO-Stringy-2.113.tar.gz
Connecting to cpan.metacpan.org (146.75.122.217:443)
saving to '/var/cache/distfiles/IO-Stringy-2.113.tar.gz.part'
IO-Stringy-2.113.tar 100% |********************************| 47755  0:00:00 ETA
'/var/cache/distfiles/IO-Stringy-2.113.tar.gz.part' saved
>>> perl-io-stringy: Fetching https://cpan.metacpan.org/authors/id/C/CA/CAPOEIRAB/IO-Stringy-2.113.tar.gz
>>> perl-io-stringy: Checking sha512sums...
IO-Stringy-2.113.tar.gz: OK
>>> perl-io-stringy: Unpacking /var/cache/distfiles/IO-Stringy-2.113.tar.gz...
Checking if your kit is complete...
Looks good
Generating a Unix-style Makefile
Writing Makefile for IO::Stringy
Writing MYMETA.yml and MYMETA.json
cp lib/IO/Scalar.pm blib/lib/IO/Scalar.pm
cp lib/IO/Wrap.pm blib/lib/IO/Wrap.pm
cp lib/IO/ScalarArray.pm blib/lib/IO/ScalarArray.pm
cp lib/IO/InnerFile.pm blib/lib/IO/InnerFile.pm
cp lib/IO/AtomicFile.pm blib/lib/IO/AtomicFile.pm
cp lib/IO/Lines.pm blib/lib/IO/Lines.pm
cp lib/IO/WrapTie.pm blib/lib/IO/WrapTie.pm
cp lib/IO/Stringy.pm blib/lib/IO/Stringy.pm
Manifying 8 pod documents
PERL_DL_NONLAZY=1 "/usr/bin/perl" "-MExtUtils::Command::MM" "-MTest::Harness" "-e" "undef *Test::Harness::Switches; test_harness(0, 'blib/lib', 'blib/arch')" t/*.t
# 
# Versions for all modules listed in MYMETA.json (including optional ones):
# 
# === Configure Requires ===
# 
#     Module              Want Have
#     ------------------- ---- ----
#     ExtUtils::MakeMaker  any 7.70
# 
# === Build Requires ===
# 
#     Module              Want Have
#     ------------------- ---- ----
#     ExtUtils::MakeMaker  any 7.70
# 
# === Test Requires ===
# 
#     Module              Want     Have
#     ------------------- ---- --------
#     ExtUtils::MakeMaker  any     7.70
#     File::Basename       any     2.86
#     File::Spec           any     3.91
#     File::Temp           any   0.2311
#     FileHandle           any     2.05
#     IO::File             any     1.55
#     IO::Handle           any     1.55
#     Symbol               any     1.09
#     Test::More          0.88 1.302199
#     Test::Tester         any 1.302199
#     strict               any     1.13
#     warnings             any     1.70
# 
# === Test Recommends ===
# 
#     Module         Want     Have
#     ---------- -------- --------
#     CPAN::Meta 2.120900 2.150010
# 
# === Runtime Requires ===
# 
#     Module     Want  Have
#     ---------- ---- -----
#     Carp        any  1.54
#     Exporter   5.57  5.78
#     File::Spec  any  3.91
#     FileHandle  any  2.05
#     IO::File    any  1.55
#     IO::Handle  any  1.55
#     Symbol      any  1.09
#     overload    any  1.37
#     parent      any 0.241
#     strict      any  1.13
#     warnings    any  1.70
# 
t/00-report-prereqs.t .. ok
t/IO_InnerFile.t ....... ok
t/IO_Lines.t ........... ok
t/IO_Scalar.t .......... ok
t/IO_ScalarArray.t ..... ok
t/IO_WrapTie.t ......... ok
t/simple.t ............. ok
t/two.t ................ ok
All tests successful.
Files=8, Tests=127,  1 wallclock secs ( 0.03 usr  0.02 sys +  0.66 cusr  0.16 csys =  0.87 CPU)
Result: PASS
>>> perl-io-stringy: Entering fakeroot...
Manifying 8 pod documents
Appending installation info to /home/packager/aports/main/perl-io-stringy/pkg/perl-io-stringy/usr/lib/perl5/core_perl/perllocal.pod
Installing /home/packager/aports/main/perl-io-stringy/pkg/perl-io-stringy/usr/share/perl5/vendor_perl/IO/Wrap.pm
Installing /home/packager/aports/main/perl-io-stringy/pkg/perl-io-stringy/usr/share/perl5/vendor_perl/IO/InnerFile.pm
Installing /home/packager/aports/main/perl-io-stringy/pkg/perl-io-stringy/usr/share/perl5/vendor_perl/IO/Lines.pm
Installing /home/packager/aports/main/perl-io-stringy/pkg/perl-io-stringy/usr/share/perl5/vendor_perl/IO/Scalar.pm
Installing /home/packager/aports/main/perl-io-stringy/pkg/perl-io-stringy/usr/share/perl5/vendor_perl/IO/WrapTie.pm
Installing /home/packager/aports/main/perl-io-stringy/pkg/perl-io-stringy/usr/share/perl5/vendor_perl/IO/ScalarArray.pm
Installing /home/packager/aports/main/perl-io-stringy/pkg/perl-io-stringy/usr/share/perl5/vendor_perl/IO/AtomicFile.pm
Installing /home/packager/aports/main/perl-io-stringy/pkg/perl-io-stringy/usr/share/perl5/vendor_perl/IO/Stringy.pm
Installing /home/packager/aports/main/perl-io-stringy/pkg/perl-io-stringy/usr/share/man/man3/IO::Stringy.3pm
Installing /home/packager/aports/main/perl-io-stringy/pkg/perl-io-stringy/usr/share/man/man3/IO::Lines.3pm
Installing /home/packager/aports/main/perl-io-stringy/pkg/perl-io-stringy/usr/share/man/man3/IO::Wrap.3pm
Installing /home/packager/aports/main/perl-io-stringy/pkg/perl-io-stringy/usr/share/man/man3/IO::WrapTie.3pm
Installing /home/packager/aports/main/perl-io-stringy/pkg/perl-io-stringy/usr/share/man/man3/IO::AtomicFile.3pm
Installing /home/packager/aports/main/perl-io-stringy/pkg/perl-io-stringy/usr/share/man/man3/IO::ScalarArray.3pm
Installing /home/packager/aports/main/perl-io-stringy/pkg/perl-io-stringy/usr/share/man/man3/IO::InnerFile.3pm
Installing /home/packager/aports/main/perl-io-stringy/pkg/perl-io-stringy/usr/share/man/man3/IO::Scalar.3pm
>>> perl-io-stringy-doc*: Running split function doc...
'usr/share/man' -> '/home/packager/aports/main/perl-io-stringy/pkg/perl-io-stringy-doc/usr/share/man'
>>> perl-io-stringy-doc*: Preparing subpackage perl-io-stringy-doc...
>>> perl-io-stringy-doc*: Running postcheck for perl-io-stringy-doc
>>> perl-io-stringy*: Running postcheck for perl-io-stringy
>>> perl-io-stringy*: Preparing package perl-io-stringy...
>>> perl-io-stringy-doc*: Tracing dependencies...
>>> perl-io-stringy-doc*: Package size: 22.0 KB
>>> perl-io-stringy-doc*: Compressing data...
>>> perl-io-stringy-doc*: Create checksum...
pigz: not found
>>> perl-io-stringy-doc*: Create perl-io-stringy-doc-2.113-r3.apk
>>> perl-io-stringy*: Tracing dependencies...
	perl
>>> perl-io-stringy*: Package size: 73.3 KB
>>> perl-io-stringy*: Compressing data...
>>> perl-io-stringy*: Create checksum...
pigz: not found
>>> perl-io-stringy*: Create perl-io-stringy-2.113-r3.apk
>>> perl-io-stringy: Build complete at Sun, 18 May 2025 07:02:57 +0000 elapsed time 0h 0m 5s
>>> perl-io-stringy: Cleaning up srcdir
>>> perl-io-stringy: Cleaning up pkgdir
>>> perl-io-stringy: Uninstalling dependencies...
(1/6) Purging .makedepends-perl-io-stringy (20250518.070254)
(2/6) Purging git-perl (2.47.2-r0)
(3/6) Purging perl-git (2.47.2-r0)
(4/6) Purging perl-error (0.17029-r2)
(5/6) Purging perl (5.40.2-r0)
(6/6) Purging libbz2 (1.0.8-r6)
Executing busybox-1.37.0-r12.trigger
OK: 260 MiB in 81 packages
>>> perl-io-stringy: Updating the main/x86_64 repository index...
>>> perl-io-stringy: Signing the index...
pigz: not found
