>>> perl-net-dns-resolver-mock: Validating /home/packager/oily-pine/main/perl-net-dns-resolver-mock/APKBUILD...
>>> perl-net-dns-resolver-mock: Cleaning up srcdir
>>> perl-net-dns-resolver-mock: Cleaning up pkgdir
>>> perl-net-dns-resolver-mock: Cleaning up tmpdir
>>> perl-net-dns-resolver-mock: Fetching https://cpan.metacpan.org/authors/id/M/MB/MBRADSHAW/Net-DNS-Resolver-Mock-1.20230216.tar.gz
  % Total    % Received % Xferd  Average Speed   Time    Time     Time  Current
                                 Dload  Upload   Total   Spent    Left  Speed
  0     0    0     0    0     0      0      0 --:--:-- --:--:-- --:--:--     0  0     0    0     0    0     0      0      0 --:--:-- --:--:-- --:--:--     0100 11264  100 11264    0     0  39636      0 --:--:-- --:--:-- --:--:-- 39522
>>> perl-net-dns-resolver-mock: Fetching https://cpan.metacpan.org/authors/id/M/MB/MBRADSHAW/Net-DNS-Resolver-Mock-1.20230216.tar.gz
>>> perl-net-dns-resolver-mock: Checking sha512sums...
Net-DNS-Resolver-Mock-1.20230216.tar.gz: OK
>>> perl-net-dns-resolver-mock: Preparing build chroot...
fetch http://dl-cdn.alpinelinux.org/alpine/edge/main/x86_64/APKINDEX.tar.gz
(1/81) Installing musl (1.2.5-r10)
(2/81) Installing libcrypto3 (3.5.0-r0)
(3/81) Installing ca-certificates-bundle (20241121-r2)
(4/81) Installing libssl3 (3.5.0-r0)
(5/81) Installing zlib (1.3.1-r2)
(6/81) Installing libapk2 (2.14.9-r2)
(7/81) Installing apk-tools (2.14.9-r2)
(8/81) Installing libcap2 (2.76-r0)
(9/81) Installing libcap-getcap (2.76-r0)
(10/81) Installing fakeroot (1.37.1.1-r0)
(11/81) Installing scanelf (1.3.8-r1)
(12/81) Installing musl-utils (1.2.5-r10)
(13/81) Installing libgcc (14.3.0-r0)
(14/81) Installing libstdc++ (14.3.0-r0)
(15/81) Installing lzip (1.25-r0)
(16/81) Installing openssl (3.5.0-r0)
(17/81) Installing patch (2.8-r0)
(18/81) Installing pkgconf (2.4.3-r0)
(19/81) Installing acl-libs (2.3.2-r1)
(20/81) Installing tar (1.35-r3)
(21/81) Installing busybox (1.37.0-r18)
Executing busybox-1.37.0-r18.post-install
(22/81) Installing ssl_client (1.37.0-r18)
(23/81) Installing busybox-binsh (1.37.0-r18)
(24/81) Installing abuild (3.15.0-r0)
Executing abuild-3.15.0-r0.pre-install
(25/81) Installing abuild-sudo (3.15.0-r0)
(26/81) Installing alpine-baselayout-data (3.7.0-r0)
(27/81) Installing alpine-baselayout (3.7.0-r0)
Executing alpine-baselayout-3.7.0-r0.pre-install
Executing alpine-baselayout-3.7.0-r0.post-install
(28/81) Installing bridge (1.5-r5)
(29/81) Installing ifupdown-ng (0.12.1-r7)
(30/81) Installing openrc-user (0.62.2-r2)
(31/81) Installing openrc (0.62.2-r2)
Executing openrc-0.62.2-r2.post-install
(32/81) Installing mdev-conf (4.8-r0)
(33/81) Installing busybox-mdev-openrc (1.37.0-r18)
(34/81) Installing alpine-conf (3.20.0-r0)
(35/81) Installing alpine-keys (2.5-r0)
(36/81) Installing alpine-release (3.22.0-r0)
(37/81) Installing busybox-openrc (1.37.0-r18)
(38/81) Installing busybox-suid (1.37.0-r18)
(39/81) Installing alpine-base (3.22.0-r0)
(40/81) Installing jansson (2.14.1-r0)
(41/81) Installing zstd-libs (1.5.7-r0)
(42/81) Installing binutils (2.44-r0)
(43/81) Installing libmagic (5.46-r2)
(44/81) Installing file (5.46-r2)
(45/81) Installing libgomp (14.3.0-r0)
(46/81) Installing libatomic (14.3.0-r0)
(47/81) Installing gmp (6.3.0-r3)
(48/81) Installing isl26 (0.26-r1)
(49/81) Installing mpfr4 (4.2.1_p1-r0)
(50/81) Installing mpc1 (1.3.1-r1)
(51/81) Installing gcc (14.3.0-r0)
(52/81) Installing libstdc++-dev (14.3.0-r0)
(53/81) Installing musl-dev (1.2.5-r10)
(54/81) Installing g++ (14.3.0-r0)
(55/81) Installing make (4.4.1-r3)
(56/81) Installing fortify-headers (1.1-r5)
(57/81) Installing build-base (0.5-r3)
(58/81) Installing brotli-libs (1.1.0-r2)
(59/81) Installing c-ares (1.34.5-r0)
(60/81) Installing libunistring (1.3-r0)
(61/81) Installing libidn2 (2.3.7-r0)
(62/81) Installing nghttp2-libs (1.65.0-r0)
(63/81) Installing libpsl (0.21.5-r3)
(64/81) Installing libcurl (8.14.0-r2)
(65/81) Installing libexpat (2.7.1-r0)
(66/81) Installing pcre2 (10.43-r1)
(67/81) Installing git (2.49.0-r0)
(68/81) Installing git-init-template (2.49.0-r0)
(69/81) Installing libbz2 (1.0.8-r6)
(70/81) Installing perl (5.40.2-r0)
(71/81) Installing perl-error (0.17030-r0)
(72/81) Installing perl-git (2.49.0-r0)
(73/81) Installing git-perl (2.49.0-r0)
(74/81) Installing perl-utils (5.40.2-r0)
(75/81) Installing perl-dev (5.40.2-r0)
(76/81) Installing perl-digest-sha1 (2.13-r19)
(77/81) Installing perl-digest-md5 (2.59-r2)
(78/81) Installing perl-digest-hmac (1.05-r0)
(79/81) Installing perl-net-dns (1.49-r0)
(80/81) Installing perl-sub-uplevel (0.2800-r6)
(81/81) Installing perl-test-exception (0.43-r4)
Executing busybox-1.37.0-r18.trigger
OK: 306 MiB in 81 packages
>>> perl-net-dns-resolver-mock: Fetching https://cpan.metacpan.org/authors/id/M/MB/MBRADSHAW/Net-DNS-Resolver-Mock-1.20230216.tar.gz
>>> perl-net-dns-resolver-mock: Checking sha512sums...
Net-DNS-Resolver-Mock-1.20230216.tar.gz: OK
>>> perl-net-dns-resolver-mock: Unpacking /var/cache/distfiles/Net-DNS-Resolver-Mock-1.20230216.tar.gz...
Checking if your kit is complete...
Looks good
Generating a Unix-style Makefile
Writing Makefile for Net::DNS::Resolver::Mock
Writing MYMETA.yml and MYMETA.json
cp lib/Net/DNS/Resolver/Mock.pm blib/lib/Net/DNS/Resolver/Mock.pm
Manifying 1 pod document
PERL_DL_NONLAZY=1 "/usr/bin/perl" "-MExtUtils::Command::MM" "-MTest::Harness" "-e" "undef *Test::Harness::Switches; test_harness(0, 'blib/lib', 'blib/arch')" t/*.t
t/00-load.t ............ ok
Net::DNS::Resolver::Mock Debugging enabled at /tmp/src/Net-DNS-Resolver-Mock-1.20230216/blib/lib/Net/DNS/Resolver/Mock.pm line 32.
DNS Lookup 'google.com' 'A' at /tmp/src/Net-DNS-Resolver-Mock-1.20230216/blib/lib/Net/DNS/Resolver/Mock.pm line 32.
DNS Lookup 'google.com.au' 'TXT' at /tmp/src/Net-DNS-Resolver-Mock-1.20230216/blib/lib/Net/DNS/Resolver/Mock.pm line 32.
DNS Lookup 'google.com.au' 'TXT' at /tmp/src/Net-DNS-Resolver-Mock-1.20230216/blib/lib/Net/DNS/Resolver/Mock.pm line 32.
t/01-debug.t ........... ok
deprecated method; prefer $rr->rdstring() at t/01-test.t line 35.
t/01-test.t ............ ok
t/author-critic.t ...... skipped: these tests are for testing by the author
t/author-pod-syntax.t .. skipped: these tests are for testing by the author
All tests successful.
Files=5, Tests=41,  0 wallclock secs ( 0.02 usr  0.01 sys +  0.13 cusr  0.06 csys =  0.22 CPU)
Result: PASS
>>> perl-net-dns-resolver-mock: Entering fakeroot...
Manifying 1 pod document
Appending installation info to /tmp/pkg/perl-net-dns-resolver-mock/usr/lib/perl5/core_perl/perllocal.pod
Installing /tmp/pkg/perl-net-dns-resolver-mock/usr/share/perl5/vendor_perl/Net/DNS/Resolver/Mock.pm
Installing /tmp/pkg/perl-net-dns-resolver-mock/usr/share/man/man3/Net::DNS::Resolver::Mock.3pm
>>> perl-net-dns-resolver-mock-doc*: Running split function doc...
'usr/share/man' -> '/tmp/pkg/perl-net-dns-resolver-mock-doc/usr/share/man'
>>> perl-net-dns-resolver-mock-doc*: Preparing subpackage perl-net-dns-resolver-mock-doc...
>>> perl-net-dns-resolver-mock-doc*: Running postcheck for perl-net-dns-resolver-mock-doc
>>> perl-net-dns-resolver-mock*: Running postcheck for perl-net-dns-resolver-mock
>>> perl-net-dns-resolver-mock*: Preparing package perl-net-dns-resolver-mock...
>>> perl-net-dns-resolver-mock-doc*: Tracing dependencies...
>>> perl-net-dns-resolver-mock-doc*: Package size: 1.6 KB
>>> perl-net-dns-resolver-mock-doc*: Compressing data...
>>> perl-net-dns-resolver-mock-doc*: Create checksum...
>>> perl-net-dns-resolver-mock-doc*: Create perl-net-dns-resolver-mock-doc-1.20230216-r1.apk
>>> perl-net-dns-resolver-mock*: Tracing dependencies...
	perl
	perl-net-dns
>>> perl-net-dns-resolver-mock*: Package size: 5.1 KB
>>> perl-net-dns-resolver-mock*: Compressing data...
>>> perl-net-dns-resolver-mock*: Create checksum...
>>> perl-net-dns-resolver-mock*: Create perl-net-dns-resolver-mock-1.20230216-r1.apk
>>> perl-net-dns-resolver-mock: Updating the main/x86_64 repository index...
>>> perl-net-dns-resolver-mock: Signing the index...
>>> perl-net-dns-resolver-mock: Cleaning up srcdir
>>> perl-net-dns-resolver-mock: Cleaning up build chroot
>>> perl-net-dns-resolver-mock: Cleaning up pkgdir
