>>> perl-encode-hanextra: Validating /home/packager/oily-pine/main/perl-encode-hanextra/APKBUILD...
>>> perl-encode-hanextra: Cleaning up srcdir
>>> perl-encode-hanextra: Cleaning up pkgdir
>>> perl-encode-hanextra: Cleaning up tmpdir
>>> perl-encode-hanextra: Fetching https://cpan.metacpan.org/authors/id/A/AU/AUDREYT/Encode-HanExtra-0.23.tar.gz
  % Total    % Received % Xferd  Average Speed   Time    Time     Time  Current
                                 Dload  Upload   Total   Spent    Left  Speed
  0     0    0     0    0     0      0      0 --:--:-- --:--:-- --:--:--     0  0 1529k    0  5507    0     0   7645      0  0:03:24 --:--:--  0:03:24  7638100 1529k  100 1529k    0     0  1769k      0 --:--:-- --:--:-- --:--:-- 1768k
>>> perl-encode-hanextra: Fetching https://cpan.metacpan.org/authors/id/A/AU/AUDREYT/Encode-HanExtra-0.23.tar.gz
>>> perl-encode-hanextra: Checking sha512sums...
Encode-HanExtra-0.23.tar.gz: OK
reproducible-hash-order.patch: OK
>>> perl-encode-hanextra: Preparing build chroot...
fetch http://dl-cdn.alpinelinux.org/alpine/edge/main/x86_64/APKINDEX.tar.gz
(1/75) Installing musl (1.2.5-r10)
(2/75) Installing libcrypto3 (3.5.0-r0)
(3/75) Installing ca-certificates-bundle (20241121-r2)
(4/75) Installing libssl3 (3.5.0-r0)
(5/75) Installing zlib (1.3.1-r2)
(6/75) Installing libapk2 (2.14.9-r2)
(7/75) Installing apk-tools (2.14.9-r2)
(8/75) Installing libcap2 (2.76-r0)
(9/75) Installing libcap-getcap (2.76-r0)
(10/75) Installing fakeroot (1.37.1.1-r0)
(11/75) Installing scanelf (1.3.8-r1)
(12/75) Installing musl-utils (1.2.5-r10)
(13/75) Installing libgcc (14.3.0-r1)
(14/75) Installing libstdc++ (14.3.0-r1)
(15/75) Installing lzip (1.25-r0)
(16/75) Installing openssl (3.5.0-r0)
(17/75) Installing patch (2.8-r0)
(18/75) Installing pkgconf (2.4.3-r0)
(19/75) Installing acl-libs (2.3.2-r1)
(20/75) Installing tar (1.35-r3)
(21/75) Installing busybox (1.37.0-r18)
Executing busybox-1.37.0-r18.post-install
(22/75) Installing ssl_client (1.37.0-r18)
(23/75) Installing busybox-binsh (1.37.0-r18)
(24/75) Installing abuild (3.15.0-r0)
Executing abuild-3.15.0-r0.pre-install
(25/75) Installing abuild-sudo (3.15.0-r0)
(26/75) Installing alpine-baselayout-data (3.7.0-r0)
(27/75) Installing alpine-baselayout (3.7.0-r0)
Executing alpine-baselayout-3.7.0-r0.pre-install
Executing alpine-baselayout-3.7.0-r0.post-install
(28/75) Installing bridge (1.5-r5)
(29/75) Installing ifupdown-ng (0.12.1-r7)
(30/75) Installing openrc-user (0.62.2-r2)
(31/75) Installing openrc (0.62.2-r2)
Executing openrc-0.62.2-r2.post-install
(32/75) Installing mdev-conf (4.8-r0)
(33/75) Installing busybox-mdev-openrc (1.37.0-r18)
(34/75) Installing alpine-conf (3.20.0-r0)
(35/75) Installing alpine-keys (2.5-r0)
(36/75) Installing alpine-release (3.22.0-r0)
(37/75) Installing busybox-openrc (1.37.0-r18)
(38/75) Installing busybox-suid (1.37.0-r18)
(39/75) Installing alpine-base (3.22.0-r0)
(40/75) Installing jansson (2.14.1-r0)
(41/75) Installing zstd-libs (1.5.7-r0)
(42/75) Installing binutils (2.44-r0)
(43/75) Installing libmagic (5.46-r2)
(44/75) Installing file (5.46-r2)
(45/75) Installing libgomp (14.3.0-r1)
(46/75) Installing libatomic (14.3.0-r1)
(47/75) Installing gmp (6.3.0-r3)
(48/75) Installing isl26 (0.26-r1)
(49/75) Installing mpfr4 (4.2.1_p1-r0)
(50/75) Installing mpc1 (1.3.1-r1)
(51/75) Installing gcc (14.3.0-r1)
(52/75) Installing libstdc++-dev (14.3.0-r1)
(53/75) Installing musl-dev (1.2.5-r10)
(54/75) Installing g++ (14.3.0-r1)
(55/75) Installing make (4.4.1-r3)
(56/75) Installing fortify-headers (1.1-r5)
(57/75) Installing build-base (0.5-r3)
(58/75) Installing brotli-libs (1.1.0-r2)
(59/75) Installing c-ares (1.34.5-r0)
(60/75) Installing libunistring (1.3-r0)
(61/75) Installing libidn2 (2.3.7-r0)
(62/75) Installing nghttp2-libs (1.65.0-r0)
(63/75) Installing libpsl (0.21.5-r3)
(64/75) Installing libcurl (8.14.0-r2)
(65/75) Installing libexpat (2.7.1-r0)
(66/75) Installing pcre2 (10.43-r1)
(67/75) Installing git (2.49.0-r0)
(68/75) Installing git-init-template (2.49.0-r0)
(69/75) Installing libbz2 (1.0.8-r6)
(70/75) Installing perl (5.40.2-r0)
(71/75) Installing perl-error (0.17030-r0)
(72/75) Installing perl-git (2.49.0-r0)
(73/75) Installing git-perl (2.49.0-r0)
(74/75) Installing perl-utils (5.40.2-r0)
(75/75) Installing perl-dev (5.40.2-r0)
Executing busybox-1.37.0-r18.trigger
OK: 305 MiB in 75 packages
>>> perl-encode-hanextra: Fetching https://cpan.metacpan.org/authors/id/A/AU/AUDREYT/Encode-HanExtra-0.23.tar.gz
>>> perl-encode-hanextra: Checking sha512sums...
Encode-HanExtra-0.23.tar.gz: OK
reproducible-hash-order.patch: OK
>>> perl-encode-hanextra: Unpacking /var/cache/distfiles/Encode-HanExtra-0.23.tar.gz...
>>> perl-encode-hanextra: reproducible-hash-order.patch
patching file Makefile.PL
enc2xs is /usr/bin/enc2xs
encode.h is at /usr/share/perl5/core_perl/Encode
Checking if your kit is complete...
Looks good
Generating a Unix-style Makefile
Writing Makefile for Encode::HanExtra
Writing MYMETA.yml and MYMETA.json
Running Mkbootstrap for HanExtra ()
"/usr/bin/perl" "-Iinc"  /usr/bin/enc2xs -"Q" -o Big5_t.c -f Big5_t.fnm
"/usr/bin/perl" "-Iinc"  /usr/bin/enc2xs -"Q" -o CCCII_t.c -f CCCII_t.fnm
"/usr/bin/perl" "-Iinc"  /usr/bin/enc2xs -"Q" -o CNS11643_t.c -f CNS11643_t.fnm
"/usr/bin/perl" "-Iinc"  /usr/bin/enc2xs -"Q" -o EUC_TW_t.c -f EUC_TW_t.fnm
"/usr/bin/perl" "-Iinc"  /usr/bin/enc2xs -"Q" -o GB18030_t.c -f GB18030_t.fnm
"/usr/bin/perl" "-Iinc"  /usr/bin/enc2xs -"Q" -o Unisys_t.c -f Unisys_t.fnm
chmod 644 "HanExtra.bs"
"/usr/bin/perl" "-Iinc" -MExtUtils::Command::MM -e 'cp_nonempty' -- HanExtra.bs blib/arch/auto/Encode/HanExtra/HanExtra.bs 644
cp lib/Encode/TW/Unisys/SOSI2.pm blib/lib/Encode/TW/Unisys/SOSI2.pm
cp lib/Encode/HanExtra.pm blib/lib/Encode/HanExtra.pm
cp lib/Encode/TW/Unisys/SOSI1.pm blib/lib/Encode/TW/Unisys/SOSI1.pm
Reading unisys (unisys)
cc -c  -I/usr/share/perl5/core_perl/Encode -D_REENTRANT -D_GNU_SOURCE -D_GNU_SOURCE -fwrapv -fno-strict-aliasing -pipe -fstack-protector-strong -D_LARGEFILE_SOURCE -D_FILE_OFFSET_BITS=64 -Os -fstack-clash-protection -Wformat -Werror=format-security -fno-plt -O2   -DVERSION=\"0.23\" -DXS_VERSION=\"0.23\" -fPIC "-I/usr/lib/perl5/core_perl/CORE"   Unisys_t.c
Reading gb18030 (gb18030)
cc -c  -I/usr/share/perl5/core_perl/Encode -D_REENTRANT -D_GNU_SOURCE -D_GNU_SOURCE -fwrapv -fno-strict-aliasing -pipe -fstack-protector-strong -D_LARGEFILE_SOURCE -D_FILE_OFFSET_BITS=64 -Os -fstack-clash-protection -Wformat -Werror=format-security -fno-plt -O2   -DVERSION=\"0.23\" -DXS_VERSION=\"0.23\" -fPIC "-I/usr/lib/perl5/core_perl/CORE"   GB18030_t.c
Reading big5-1984 (big5-1984)
Reading big5-2003 (big5-2003)
Reading big5ext (big5ext)
Reading big5plus (big5plus)
cc -c  -I/usr/share/perl5/core_perl/Encode -D_REENTRANT -D_GNU_SOURCE -D_GNU_SOURCE -fwrapv -fno-strict-aliasing -pipe -fstack-protector-strong -D_LARGEFILE_SOURCE -D_FILE_OFFSET_BITS=64 -Os -fstack-clash-protection -Wformat -Werror=format-security -fno-plt -O2   -DVERSION=\"0.23\" -DXS_VERSION=\"0.23\" -fPIC "-I/usr/lib/perl5/core_perl/CORE"   Big5_t.c
Reading cns11643-1 (cns11643-1)
Reading cns11643-2 (cns11643-2)
Reading cns11643-3 (cns11643-3)
Reading cns11643-4 (cns11643-4)
Reading cns11643-5 (cns11643-5)
Reading cns11643-6 (cns11643-6)
Reading cns11643-7 (cns11643-7)
Reading cns11643-f (cns11643-f)
cc -c  -I/usr/share/perl5/core_perl/Encode -D_REENTRANT -D_GNU_SOURCE -D_GNU_SOURCE -fwrapv -fno-strict-aliasing -pipe -fstack-protector-strong -D_LARGEFILE_SOURCE -D_FILE_OFFSET_BITS=64 -Os -fstack-clash-protection -Wformat -Werror=format-security -fno-plt -O2   -DVERSION=\"0.23\" -DXS_VERSION=\"0.23\" -fPIC "-I/usr/lib/perl5/core_perl/CORE"   CNS11643_t.c
Reading euc-tw (euc-tw)
cc -c  -I/usr/share/perl5/core_perl/Encode -D_REENTRANT -D_GNU_SOURCE -D_GNU_SOURCE -fwrapv -fno-strict-aliasing -pipe -fstack-protector-strong -D_LARGEFILE_SOURCE -D_FILE_OFFSET_BITS=64 -Os -fstack-clash-protection -Wformat -Werror=format-security -fno-plt -O2   -DVERSION=\"0.23\" -DXS_VERSION=\"0.23\" -fPIC "-I/usr/lib/perl5/core_perl/CORE"   EUC_TW_t.c
Reading cccii (cccii)
cc -c  -I/usr/share/perl5/core_perl/Encode -D_REENTRANT -D_GNU_SOURCE -D_GNU_SOURCE -fwrapv -fno-strict-aliasing -pipe -fstack-protector-strong -D_LARGEFILE_SOURCE -D_FILE_OFFSET_BITS=64 -Os -fstack-clash-protection -Wformat -Werror=format-security -fno-plt -O2   -DVERSION=\"0.23\" -DXS_VERSION=\"0.23\" -fPIC "-I/usr/lib/perl5/core_perl/CORE"   CCCII_t.c
"/usr/bin/perl" "-Iinc" "/usr/share/perl5/core_perl/ExtUtils/xsubpp"  -nolinenumbers -typemap '/usr/share/perl5/core_perl/ExtUtils/typemap'  HanExtra.xs > HanExtra.xsc
mv HanExtra.xsc HanExtra.c
cc -c  -I/usr/share/perl5/core_perl/Encode -D_REENTRANT -D_GNU_SOURCE -D_GNU_SOURCE -fwrapv -fno-strict-aliasing -pipe -fstack-protector-strong -D_LARGEFILE_SOURCE -D_FILE_OFFSET_BITS=64 -Os -fstack-clash-protection -Wformat -Werror=format-security -fno-plt -O2   -DVERSION=\"0.23\" -DXS_VERSION=\"0.23\" -fPIC "-I/usr/lib/perl5/core_perl/CORE"   HanExtra.c
rm -f blib/arch/auto/Encode/HanExtra/HanExtra.so
cc  -shared -Os -fstack-clash-protection -Wformat -Werror=format-security -fno-plt -O2 -L/usr/local/lib -fstack-protector-strong  Big5_t.o CCCII_t.o CNS11643_t.o EUC_TW_t.o GB18030_t.o HanExtra.o Unisys_t.o  -o blib/arch/auto/Encode/HanExtra/HanExtra.so  \
      \
  
chmod 755 blib/arch/auto/Encode/HanExtra/HanExtra.so
Manifying 3 pod documents
"/usr/bin/perl" "-Iinc" -MExtUtils::Command::MM -e 'cp_nonempty' -- HanExtra.bs blib/arch/auto/Encode/HanExtra/HanExtra.bs 644
PERL_DL_NONLAZY=1 "/usr/bin/perl" "-MExtUtils::Command::MM" "-MTest::Harness" "-e" "undef *Test::Harness::Switches; test_harness(0, 'inc', 'blib/lib', 'blib/arch')" t/*.t
t/0-signature.t .. ok
t/1-basic.t ...... ok
t/2-alias.t ...... ok
All tests successful.
Files=3, Tests=29,  0 wallclock secs ( 0.01 usr  0.00 sys +  0.08 cusr  0.00 csys =  0.09 CPU)
Result: PASS
>>> perl-encode-hanextra: Entering fakeroot...
"/usr/bin/perl" "-Iinc" -MExtUtils::Command::MM -e 'cp_nonempty' -- HanExtra.bs blib/arch/auto/Encode/HanExtra/HanExtra.bs 644
Manifying 3 pod documents
Files found in blib/arch: installing files in blib/lib into architecture dependent library tree
Installing /tmp/pkg/perl-encode-hanextra/usr/lib/perl5/vendor_perl/auto/Encode/HanExtra/HanExtra.so
Installing /tmp/pkg/perl-encode-hanextra/usr/lib/perl5/vendor_perl/Encode/HanExtra.pm
Installing /tmp/pkg/perl-encode-hanextra/usr/lib/perl5/vendor_perl/Encode/TW/Unisys/SOSI1.pm
Installing /tmp/pkg/perl-encode-hanextra/usr/lib/perl5/vendor_perl/Encode/TW/Unisys/SOSI2.pm
Installing /tmp/pkg/perl-encode-hanextra/usr/share/man/man3/Encode::TW::Unisys::SOSI1.3pm
Installing /tmp/pkg/perl-encode-hanextra/usr/share/man/man3/Encode::HanExtra.3pm
Installing /tmp/pkg/perl-encode-hanextra/usr/share/man/man3/Encode::TW::Unisys::SOSI2.3pm
>>> perl-encode-hanextra-doc*: Running split function doc...
'usr/share/man' -> '/tmp/pkg/perl-encode-hanextra-doc/usr/share/man'
>>> perl-encode-hanextra-doc*: Preparing subpackage perl-encode-hanextra-doc...
>>> perl-encode-hanextra-doc*: Running postcheck for perl-encode-hanextra-doc
>>> perl-encode-hanextra*: Running postcheck for perl-encode-hanextra
>>> perl-encode-hanextra*: Preparing package perl-encode-hanextra...
>>> perl-encode-hanextra*: Stripping binaries
>>> perl-encode-hanextra-doc*: Scanning shared objects
>>> perl-encode-hanextra*: Scanning shared objects
>>> perl-encode-hanextra-doc*: Tracing dependencies...
>>> perl-encode-hanextra-doc*: Package size: 5.2 KB
>>> perl-encode-hanextra-doc*: Compressing data...
>>> perl-encode-hanextra-doc*: Create checksum...
>>> perl-encode-hanextra-doc*: Create perl-encode-hanextra-doc-0.23-r13.apk
>>> perl-encode-hanextra*: Tracing dependencies...
	perl
	so:libc.musl-x86_64.so.1
>>> perl-encode-hanextra*: Package size: 10.7 MB
>>> perl-encode-hanextra*: Compressing data...
>>> perl-encode-hanextra*: Create checksum...
>>> perl-encode-hanextra*: Create perl-encode-hanextra-0.23-r13.apk
>>> perl-encode-hanextra: Updating the main/x86_64 repository index...
>>> perl-encode-hanextra: Signing the index...
>>> perl-encode-hanextra: Cleaning up srcdir
>>> perl-encode-hanextra: Cleaning up build chroot
>>> perl-encode-hanextra: Cleaning up pkgdir
