>>> perl-test-deep: Validating /home/packager/oily-pine/main/perl-test-deep/APKBUILD...
>>> perl-test-deep: Cleaning up srcdir
>>> perl-test-deep: Cleaning up pkgdir
>>> perl-test-deep: Cleaning up tmpdir
>>> perl-test-deep: Fetching https://cpan.metacpan.org/authors/id/R/RJ/RJBS/Test-Deep-1.205.tar.gz
  % Total    % Received % Xferd  Average Speed   Time    Time     Time  Current
                                 Dload  Upload   Total   Spent    Left  Speed
  0     0    0     0    0     0      0      0 --:--:-- --:--:-- --:--:--     0100 70624  100 70624    0     0   391k      0 --:--:-- --:--:-- --:--:--  394k
>>> perl-test-deep: Fetching https://cpan.metacpan.org/authors/id/R/RJ/RJBS/Test-Deep-1.205.tar.gz
>>> perl-test-deep: Checking sha512sums...
Test-Deep-1.205.tar.gz: OK
>>> perl-test-deep: Preparing build chroot...
fetch http://dl-cdn.alpinelinux.org/alpine/edge/main/x86_64/APKINDEX.tar.gz
(1/73) Installing musl (1.2.5-r10)
(2/73) Installing libcrypto3 (3.5.0-r0)
(3/73) Installing ca-certificates-bundle (20241121-r2)
(4/73) Installing libssl3 (3.5.0-r0)
(5/73) Installing zlib (1.3.1-r2)
(6/73) Installing libapk2 (2.14.9-r2)
(7/73) Installing apk-tools (2.14.9-r2)
(8/73) Installing libcap2 (2.76-r0)
(9/73) Installing libcap-getcap (2.76-r0)
(10/73) Installing fakeroot (1.37.1.1-r0)
(11/73) Installing scanelf (1.3.8-r1)
(12/73) Installing musl-utils (1.2.5-r10)
(13/73) Installing libgcc (14.3.0-r1)
(14/73) Installing libstdc++ (14.3.0-r1)
(15/73) Installing lzip (1.25-r0)
(16/73) Installing openssl (3.5.0-r0)
(17/73) Installing patch (2.8-r0)
(18/73) Installing pkgconf (2.4.3-r0)
(19/73) Installing acl-libs (2.3.2-r1)
(20/73) Installing tar (1.35-r3)
(21/73) Installing busybox (1.37.0-r18)
Executing busybox-1.37.0-r18.post-install
(22/73) Installing ssl_client (1.37.0-r18)
(23/73) Installing busybox-binsh (1.37.0-r18)
(24/73) Installing abuild (3.15.0-r0)
Executing abuild-3.15.0-r0.pre-install
(25/73) Installing abuild-sudo (3.15.0-r0)
(26/73) Installing alpine-baselayout-data (3.7.0-r0)
(27/73) Installing alpine-baselayout (3.7.0-r0)
Executing alpine-baselayout-3.7.0-r0.pre-install
Executing alpine-baselayout-3.7.0-r0.post-install
(28/73) Installing bridge (1.5-r5)
(29/73) Installing ifupdown-ng (0.12.1-r7)
(30/73) Installing openrc-user (0.62.2-r2)
(31/73) Installing openrc (0.62.2-r2)
Executing openrc-0.62.2-r2.post-install
(32/73) Installing mdev-conf (4.8-r0)
(33/73) Installing busybox-mdev-openrc (1.37.0-r18)
(34/73) Installing alpine-conf (3.20.0-r0)
(35/73) Installing alpine-keys (2.5-r0)
(36/73) Installing alpine-release (3.22.0-r0)
(37/73) Installing busybox-openrc (1.37.0-r18)
(38/73) Installing busybox-suid (1.37.0-r18)
(39/73) Installing alpine-base (3.22.0-r0)
(40/73) Installing jansson (2.14.1-r0)
(41/73) Installing zstd-libs (1.5.7-r0)
(42/73) Installing binutils (2.44-r0)
(43/73) Installing libmagic (5.46-r2)
(44/73) Installing file (5.46-r2)
(45/73) Installing libgomp (14.3.0-r1)
(46/73) Installing libatomic (14.3.0-r1)
(47/73) Installing gmp (6.3.0-r3)
(48/73) Installing isl26 (0.26-r1)
(49/73) Installing mpfr4 (4.2.1_p1-r0)
(50/73) Installing mpc1 (1.3.1-r1)
(51/73) Installing gcc (14.3.0-r1)
(52/73) Installing libstdc++-dev (14.3.0-r1)
(53/73) Installing musl-dev (1.2.5-r10)
(54/73) Installing g++ (14.3.0-r1)
(55/73) Installing make (4.4.1-r3)
(56/73) Installing fortify-headers (1.1-r5)
(57/73) Installing build-base (0.5-r3)
(58/73) Installing brotli-libs (1.1.0-r2)
(59/73) Installing c-ares (1.34.5-r0)
(60/73) Installing libunistring (1.3-r0)
(61/73) Installing libidn2 (2.3.7-r0)
(62/73) Installing nghttp2-libs (1.65.0-r0)
(63/73) Installing libpsl (0.21.5-r3)
(64/73) Installing libcurl (8.14.0-r2)
(65/73) Installing libexpat (2.7.1-r0)
(66/73) Installing pcre2 (10.43-r1)
(67/73) Installing git (2.49.0-r0)
(68/73) Installing git-init-template (2.49.0-r0)
(69/73) Installing libbz2 (1.0.8-r6)
(70/73) Installing perl (5.40.2-r0)
(71/73) Installing perl-error (0.17030-r0)
(72/73) Installing perl-git (2.49.0-r0)
(73/73) Installing git-perl (2.49.0-r0)
Executing busybox-1.37.0-r18.trigger
OK: 296 MiB in 73 packages
>>> perl-test-deep: Fetching https://cpan.metacpan.org/authors/id/R/RJ/RJBS/Test-Deep-1.205.tar.gz
>>> perl-test-deep: Checking sha512sums...
Test-Deep-1.205.tar.gz: OK
>>> perl-test-deep: Unpacking /var/cache/distfiles/Test-Deep-1.205.tar.gz...
Checking if your kit is complete...
Looks good
Generating a Unix-style Makefile
Writing Makefile for Test::Deep
Writing MYMETA.yml and MYMETA.json
cp lib/Test/Deep/Array.pm blib/lib/Test/Deep/Array.pm
cp lib/Test/Deep/RegexpRef.pm blib/lib/Test/Deep/RegexpRef.pm
cp lib/Test/Deep/ScalarRefOnly.pm blib/lib/Test/Deep/ScalarRefOnly.pm
cp lib/Test/Deep/Cache.pm blib/lib/Test/Deep/Cache.pm
cp lib/Test/Deep/Code.pm blib/lib/Test/Deep/Code.pm
cp lib/Test/Deep/RefType.pm blib/lib/Test/Deep/RefType.pm
cp lib/Test/Deep/RegexpOnly.pm blib/lib/Test/Deep/RegexpOnly.pm
cp lib/Test/Deep/ListMethods.pm blib/lib/Test/Deep/ListMethods.pm
cp lib/Test/Deep/All.pm blib/lib/Test/Deep/All.pm
cp lib/Test/Deep/Stack.pm blib/lib/Test/Deep/Stack.pm
cp lib/Test/Deep/Blessed.pm blib/lib/Test/Deep/Blessed.pm
cp lib/Test/Deep/Hash.pm blib/lib/Test/Deep/Hash.pm
cp lib/Test/Deep/HashEach.pm blib/lib/Test/Deep/HashEach.pm
cp lib/Test/Deep.pm blib/lib/Test/Deep.pm
cp lib/Test/Deep/Cmp.pm blib/lib/Test/Deep/Cmp.pm
cp lib/Test/Deep/Ignore.pm blib/lib/Test/Deep/Ignore.pm
cp lib/Test/Deep/Class.pm blib/lib/Test/Deep/Class.pm
cp lib/Test/Deep/ArrayElementsOnly.pm blib/lib/Test/Deep/ArrayElementsOnly.pm
cp lib/Test/Deep/String.pm blib/lib/Test/Deep/String.pm
cp lib/Test/Deep/Shallow.pm blib/lib/Test/Deep/Shallow.pm
cp lib/Test/Deep/NoTest.pm blib/lib/Test/Deep/NoTest.pm
cp lib/Test/Deep/RegexpRefOnly.pm blib/lib/Test/Deep/RegexpRefOnly.pm
cp lib/Test/Deep/Cache/Simple.pm blib/lib/Test/Deep/Cache/Simple.pm
cp lib/Test/Deep/ArrayEach.pm blib/lib/Test/Deep/ArrayEach.pm
cp lib/Test/Deep/HashKeys.pm blib/lib/Test/Deep/HashKeys.pm
cp lib/Test/Deep/HashElements.pm blib/lib/Test/Deep/HashElements.pm
cp lib/Test/Deep/Methods.pm blib/lib/Test/Deep/Methods.pm
cp lib/Test/Deep/Ref.pm blib/lib/Test/Deep/Ref.pm
cp lib/Test/Deep/Set.pm blib/lib/Test/Deep/Set.pm
cp lib/Test/Deep/RegexpVersion.pm blib/lib/Test/Deep/RegexpVersion.pm
cp lib/Test/Deep/ArrayLength.pm blib/lib/Test/Deep/ArrayLength.pm
cp lib/Test/Deep/ScalarRef.pm blib/lib/Test/Deep/ScalarRef.pm
cp lib/Test/Deep/Any.pm blib/lib/Test/Deep/Any.pm
cp lib/Test/Deep/Regexp.pm blib/lib/Test/Deep/Regexp.pm
cp lib/Test/Deep/Obj.pm blib/lib/Test/Deep/Obj.pm
cp lib/Test/Deep/None.pm blib/lib/Test/Deep/None.pm
cp lib/Test/Deep/HashKeysOnly.pm blib/lib/Test/Deep/HashKeysOnly.pm
cp lib/Test/Deep/Isa.pm blib/lib/Test/Deep/Isa.pm
cp lib/Test/Deep/Boolean.pm blib/lib/Test/Deep/Boolean.pm
cp lib/Test/Deep/RegexpMatches.pm blib/lib/Test/Deep/RegexpMatches.pm
cp lib/Test/Deep/MM.pm blib/lib/Test/Deep/MM.pm
cp lib/Test/Deep/ArrayLengthOnly.pm blib/lib/Test/Deep/ArrayLengthOnly.pm
cp lib/Test/Deep/Number.pm blib/lib/Test/Deep/Number.pm
Manifying 43 pod documents
PERL_DL_NONLAZY=1 "/usr/bin/perl" "-MExtUtils::Command::MM" "-MTest::Harness" "-e" "undef *Test::Harness::Switches; test_harness(0, 'blib/lib', 'blib/arch')" t/*.t
# 
# Versions for all modules listed in MYMETA.json (including optional ones):
# 
# === Configure Requires ===
# 
#     Module              Want Have
#     ------------------- ---- ----
#     ExtUtils::MakeMaker 6.78 7.70
# 
# === Build Requires ===
# 
#     Module              Want Have
#     ------------------- ---- ----
#     ExtUtils::MakeMaker  any 7.70
# 
# === Test Requires ===
# 
#     Module               Want     Have
#     ------------------- ----- --------
#     ExtUtils::MakeMaker   any     7.70
#     File::Spec            any     3.91
#     Test::More           0.96 1.302199
#     Test::Tester        0.107 1.302199
# 
# === Test Recommends ===
# 
#     Module         Want     Have
#     ---------- -------- --------
#     CPAN::Meta 2.120900 2.150010
# 
# === Runtime Requires ===
# 
#     Module         Want     Have
#     ------------- ----- --------
#     List::Util     1.09     1.63
#     Scalar::Util   1.09     1.63
#     Test::Builder   any 1.302199
#     Test::More     0.96 1.302199
#     perl          5.012 5.040002
# 
t/00-report-prereqs.t ....... ok
t/all.t ..................... ok
t/any.t ..................... ok
t/array.t ................... ok
t/array_each.t .............. ok
t/arraylength.t ............. ok
t/bag.t ..................... ok
t/bagrecursion.t ............ ok
t/blessed.t ................. ok
t/boolean.t ................. ok
t/cache.t ................... ok
t/circular.t ................ ok
t/class.t ................... ok
t/code.t .................... ok
t/deep_utils.t .............. ok
t/descend.t ................. ok
t/error.t ................... ok
t/hash.t .................... ok
t/hash_each.t ............... ok
t/hashkeys.t ................ ok
t/ignore.t .................. ok
t/import.t .................. ok
t/isa.t ..................... ok
t/leaf-wrapper.t ............ ok
t/listmethods.t ............. ok
t/memory.t .................. ok
t/methods.t ................. ok
t/no-clobber-globals.t ...... ok
t/none.t .................... ok
t/notest.t .................. ok
t/notest_extra.t ............ ok
t/notest_withtest.t ......... ok
t/number.t .................. ok
t/reftype.t ................. ok
t/regexp.t .................. ok
t/regexpref.t ............... ok
t/rt78288_blessed_object.t .. ok
t/scalar.t .................. ok
t/scalarref.t ............... ok
t/set.t ..................... ok
t/shallow.t ................. ok
t/string.t .................. ok
All tests successful.
Files=42, Tests=1268,  1 wallclock secs ( 0.06 usr  0.02 sys +  1.50 cusr  0.28 csys =  1.86 CPU)
Result: PASS
>>> perl-test-deep: Entering fakeroot...
Manifying 43 pod documents
Installing /tmp/pkg/perl-test-deep/usr/share/perl5/vendor_perl/Test/Deep.pm
Installing /tmp/pkg/perl-test-deep/usr/share/perl5/vendor_perl/Test/Deep/HashElements.pm
Installing /tmp/pkg/perl-test-deep/usr/share/perl5/vendor_perl/Test/Deep/Code.pm
Installing /tmp/pkg/perl-test-deep/usr/share/perl5/vendor_perl/Test/Deep/Ignore.pm
Installing /tmp/pkg/perl-test-deep/usr/share/perl5/vendor_perl/Test/Deep/ArrayLength.pm
Installing /tmp/pkg/perl-test-deep/usr/share/perl5/vendor_perl/Test/Deep/All.pm
Installing /tmp/pkg/perl-test-deep/usr/share/perl5/vendor_perl/Test/Deep/ListMethods.pm
Installing /tmp/pkg/perl-test-deep/usr/share/perl5/vendor_perl/Test/Deep/Stack.pm
Installing /tmp/pkg/perl-test-deep/usr/share/perl5/vendor_perl/Test/Deep/RegexpVersion.pm
Installing /tmp/pkg/perl-test-deep/usr/share/perl5/vendor_perl/Test/Deep/Any.pm
Installing /tmp/pkg/perl-test-deep/usr/share/perl5/vendor_perl/Test/Deep/HashKeysOnly.pm
Installing /tmp/pkg/perl-test-deep/usr/share/perl5/vendor_perl/Test/Deep/RefType.pm
Installing /tmp/pkg/perl-test-deep/usr/share/perl5/vendor_perl/Test/Deep/ArrayEach.pm
Installing /tmp/pkg/perl-test-deep/usr/share/perl5/vendor_perl/Test/Deep/NoTest.pm
Installing /tmp/pkg/perl-test-deep/usr/share/perl5/vendor_perl/Test/Deep/ScalarRef.pm
Installing /tmp/pkg/perl-test-deep/usr/share/perl5/vendor_perl/Test/Deep/ArrayLengthOnly.pm
Installing /tmp/pkg/perl-test-deep/usr/share/perl5/vendor_perl/Test/Deep/RegexpRef.pm
Installing /tmp/pkg/perl-test-deep/usr/share/perl5/vendor_perl/Test/Deep/RegexpMatches.pm
Installing /tmp/pkg/perl-test-deep/usr/share/perl5/vendor_perl/Test/Deep/Isa.pm
Installing /tmp/pkg/perl-test-deep/usr/share/perl5/vendor_perl/Test/Deep/Class.pm
Installing /tmp/pkg/perl-test-deep/usr/share/perl5/vendor_perl/Test/Deep/Number.pm
Installing /tmp/pkg/perl-test-deep/usr/share/perl5/vendor_perl/Test/Deep/RegexpOnly.pm
Installing /tmp/pkg/perl-test-deep/usr/share/perl5/vendor_perl/Test/Deep/None.pm
Installing /tmp/pkg/perl-test-deep/usr/share/perl5/vendor_perl/Test/Deep/HashKeys.pm
Installing /tmp/pkg/perl-test-deep/usr/share/perl5/vendor_perl/Test/Deep/String.pm
Installing /tmp/pkg/perl-test-deep/usr/share/perl5/vendor_perl/Test/Deep/RegexpRefOnly.pm
Installing /tmp/pkg/perl-test-deep/usr/share/perl5/vendor_perl/Test/Deep/Shallow.pm
Installing /tmp/pkg/perl-test-deep/usr/share/perl5/vendor_perl/Test/Deep/Boolean.pm
Installing /tmp/pkg/perl-test-deep/usr/share/perl5/vendor_perl/Test/Deep/ArrayElementsOnly.pm
Installing /tmp/pkg/perl-test-deep/usr/share/perl5/vendor_perl/Test/Deep/ScalarRefOnly.pm
Installing /tmp/pkg/perl-test-deep/usr/share/perl5/vendor_perl/Test/Deep/Array.pm
Installing /tmp/pkg/perl-test-deep/usr/share/perl5/vendor_perl/Test/Deep/Ref.pm
Installing /tmp/pkg/perl-test-deep/usr/share/perl5/vendor_perl/Test/Deep/Regexp.pm
Installing /tmp/pkg/perl-test-deep/usr/share/perl5/vendor_perl/Test/Deep/Set.pm
Installing /tmp/pkg/perl-test-deep/usr/share/perl5/vendor_perl/Test/Deep/Cmp.pm
Installing /tmp/pkg/perl-test-deep/usr/share/perl5/vendor_perl/Test/Deep/HashEach.pm
Installing /tmp/pkg/perl-test-deep/usr/share/perl5/vendor_perl/Test/Deep/Hash.pm
Installing /tmp/pkg/perl-test-deep/usr/share/perl5/vendor_perl/Test/Deep/Methods.pm
Installing /tmp/pkg/perl-test-deep/usr/share/perl5/vendor_perl/Test/Deep/Cache.pm
Installing /tmp/pkg/perl-test-deep/usr/share/perl5/vendor_perl/Test/Deep/Blessed.pm
Installing /tmp/pkg/perl-test-deep/usr/share/perl5/vendor_perl/Test/Deep/Obj.pm
Installing /tmp/pkg/perl-test-deep/usr/share/perl5/vendor_perl/Test/Deep/MM.pm
Installing /tmp/pkg/perl-test-deep/usr/share/perl5/vendor_perl/Test/Deep/Cache/Simple.pm
Installing /tmp/pkg/perl-test-deep/usr/share/man/man3/Test::Deep::HashEach.3pm
Installing /tmp/pkg/perl-test-deep/usr/share/man/man3/Test::Deep::ArrayElementsOnly.3pm
Installing /tmp/pkg/perl-test-deep/usr/share/man/man3/Test::Deep::Cache::Simple.3pm
Installing /tmp/pkg/perl-test-deep/usr/share/man/man3/Test::Deep::Set.3pm
Installing /tmp/pkg/perl-test-deep/usr/share/man/man3/Test::Deep::Hash.3pm
Installing /tmp/pkg/perl-test-deep/usr/share/man/man3/Test::Deep::Cmp.3pm
Installing /tmp/pkg/perl-test-deep/usr/share/man/man3/Test::Deep::ArrayLengthOnly.3pm
Installing /tmp/pkg/perl-test-deep/usr/share/man/man3/Test::Deep::None.3pm
Installing /tmp/pkg/perl-test-deep/usr/share/man/man3/Test::Deep::RefType.3pm
Installing /tmp/pkg/perl-test-deep/usr/share/man/man3/Test::Deep::HashElements.3pm
Installing /tmp/pkg/perl-test-deep/usr/share/man/man3/Test::Deep::RegexpMatches.3pm
Installing /tmp/pkg/perl-test-deep/usr/share/man/man3/Test::Deep::ScalarRef.3pm
Installing /tmp/pkg/perl-test-deep/usr/share/man/man3/Test::Deep::Code.3pm
Installing /tmp/pkg/perl-test-deep/usr/share/man/man3/Test::Deep::HashKeys.3pm
Installing /tmp/pkg/perl-test-deep/usr/share/man/man3/Test::Deep::Stack.3pm
Installing /tmp/pkg/perl-test-deep/usr/share/man/man3/Test::Deep.3pm
Installing /tmp/pkg/perl-test-deep/usr/share/man/man3/Test::Deep::Isa.3pm
Installing /tmp/pkg/perl-test-deep/usr/share/man/man3/Test::Deep::Array.3pm
Installing /tmp/pkg/perl-test-deep/usr/share/man/man3/Test::Deep::Any.3pm
Installing /tmp/pkg/perl-test-deep/usr/share/man/man3/Test::Deep::Ignore.3pm
Installing /tmp/pkg/perl-test-deep/usr/share/man/man3/Test::Deep::ArrayEach.3pm
Installing /tmp/pkg/perl-test-deep/usr/share/man/man3/Test::Deep::RegexpOnly.3pm
Installing /tmp/pkg/perl-test-deep/usr/share/man/man3/Test::Deep::RegexpVersion.3pm
Installing /tmp/pkg/perl-test-deep/usr/share/man/man3/Test::Deep::HashKeysOnly.3pm
Installing /tmp/pkg/perl-test-deep/usr/share/man/man3/Test::Deep::Ref.3pm
Installing /tmp/pkg/perl-test-deep/usr/share/man/man3/Test::Deep::Boolean.3pm
Installing /tmp/pkg/perl-test-deep/usr/share/man/man3/Test::Deep::All.3pm
Installing /tmp/pkg/perl-test-deep/usr/share/man/man3/Test::Deep::RegexpRefOnly.3pm
Installing /tmp/pkg/perl-test-deep/usr/share/man/man3/Test::Deep::NoTest.3pm
Installing /tmp/pkg/perl-test-deep/usr/share/man/man3/Test::Deep::Obj.3pm
Installing /tmp/pkg/perl-test-deep/usr/share/man/man3/Test::Deep::MM.3pm
Installing /tmp/pkg/perl-test-deep/usr/share/man/man3/Test::Deep::String.3pm
Installing /tmp/pkg/perl-test-deep/usr/share/man/man3/Test::Deep::ArrayLength.3pm
Installing /tmp/pkg/perl-test-deep/usr/share/man/man3/Test::Deep::Number.3pm
Installing /tmp/pkg/perl-test-deep/usr/share/man/man3/Test::Deep::Class.3pm
Installing /tmp/pkg/perl-test-deep/usr/share/man/man3/Test::Deep::RegexpRef.3pm
Installing /tmp/pkg/perl-test-deep/usr/share/man/man3/Test::Deep::Shallow.3pm
Installing /tmp/pkg/perl-test-deep/usr/share/man/man3/Test::Deep::Blessed.3pm
Installing /tmp/pkg/perl-test-deep/usr/share/man/man3/Test::Deep::Regexp.3pm
Installing /tmp/pkg/perl-test-deep/usr/share/man/man3/Test::Deep::ListMethods.3pm
Installing /tmp/pkg/perl-test-deep/usr/share/man/man3/Test::Deep::Methods.3pm
Installing /tmp/pkg/perl-test-deep/usr/share/man/man3/Test::Deep::Cache.3pm
Installing /tmp/pkg/perl-test-deep/usr/share/man/man3/Test::Deep::ScalarRefOnly.3pm
>>> perl-test-deep-doc*: Running split function doc...
'usr/share/man' -> '/tmp/pkg/perl-test-deep-doc/usr/share/man'
>>> perl-test-deep-doc*: Preparing subpackage perl-test-deep-doc...
>>> perl-test-deep-doc*: Running postcheck for perl-test-deep-doc
>>> perl-test-deep*: Running postcheck for perl-test-deep
>>> perl-test-deep*: Preparing package perl-test-deep...
>>> perl-test-deep-doc*: Tracing dependencies...
>>> perl-test-deep-doc*: Package size: 66.2 KB
>>> perl-test-deep-doc*: Compressing data...
>>> perl-test-deep-doc*: Create checksum...
>>> perl-test-deep-doc*: Create perl-test-deep-doc-1.205-r0.apk
>>> perl-test-deep*: Tracing dependencies...
	perl
>>> perl-test-deep*: Package size: 160.0 KB
>>> perl-test-deep*: Compressing data...
>>> perl-test-deep*: Create checksum...
>>> perl-test-deep*: Create perl-test-deep-1.205-r0.apk
>>> perl-test-deep: Updating the main/x86_64 repository index...
>>> perl-test-deep: Signing the index...
>>> perl-test-deep: Cleaning up srcdir
>>> perl-test-deep: Cleaning up build chroot
>>> perl-test-deep: Cleaning up pkgdir
