pigz: not found
>>> brotli: Building main/brotli 1.1.0-r2 (using abuild 3.14.1-r4) started Sun, 18 May 2025 04:49:41 +0000
>>> brotli: Validating /home/packager/aports/main/brotli/APKBUILD...
>>> brotli: Analyzing dependencies...
>>> brotli: Installing for build: build-base cmake samurai python3-dev py3-gpep517 py3-setuptools py3-wheel
(1/30) Installing libbz2 (1.0.8-r6)
(2/30) Installing lz4-libs (1.10.0-r0)
(3/30) Installing xz-libs (5.6.3-r1)
(4/30) Installing libarchive (3.7.9-r0)
(5/30) Installing rhash-libs (1.4.5-r0)
(6/30) Installing libuv (1.49.2-r0)
(7/30) Installing cmake (3.31.7-r0)
(8/30) Installing samurai (1.2-r6)
(9/30) Installing libffi (3.4.7-r0)
(10/30) Installing gdbm (1.24-r0)
(11/30) Installing mpdecimal (4.0.0-r0)
(12/30) Installing sqlite-libs (3.49.2-r0)
(13/30) Installing python3 (3.12.10-r0)
(14/30) Installing python3-pycache-pyc0 (3.12.10-r0)
(15/30) Installing pyc (3.12.10-r0)
(16/30) Installing python3-pyc (3.12.10-r0)
(17/30) Installing python3-dev (3.12.10-r0)
(18/30) Installing py3-installer (0.7.0-r2)
(19/30) Installing py3-installer-pyc (0.7.0-r2)
(20/30) Installing py3-gpep517 (19-r0)
(21/30) Installing py3-gpep517-pyc (19-r0)
(22/30) Installing py3-parsing (3.2.3-r0)
(23/30) Installing py3-parsing-pyc (3.2.3-r0)
(24/30) Installing py3-packaging (25.0-r0)
(25/30) Installing py3-packaging-pyc (25.0-r0)
(26/30) Installing py3-setuptools (80.3.1-r0)
(27/30) Installing py3-setuptools-pyc (80.3.1-r0)
(28/30) Installing py3-wheel (0.46.1-r0)
(29/30) Installing py3-wheel-pyc (0.46.1-r0)
(30/30) Installing .makedepends-brotli (20250518.044942)
Executing busybox-1.37.0-r12.trigger
OK: 450 MiB in 111 packages
>>> brotli: Cleaning up srcdir
>>> brotli: Cleaning up pkgdir
>>> brotli: Cleaning up tmpdir
>>> brotli: Fetching brotli-1.1.0.tar.gz::https://github.com/google/brotli/archive/refs/tags/v1.1.0.tar.gz
Connecting to github.com (140.82.121.3:443)
Connecting to codeload.github.com (140.82.121.9:443)
saving to '/var/cache/distfiles/brotli-1.1.0.tar.gz.part'
brotli-1.1.0.tar.gz. 100% |********************************|  499k  0:00:00 ETA
'/var/cache/distfiles/brotli-1.1.0.tar.gz.part' saved
>>> brotli: Fetching brotli-1.1.0.tar.gz::https://github.com/google/brotli/archive/refs/tags/v1.1.0.tar.gz
>>> brotli: Checking sha512sums...
brotli-1.1.0.tar.gz: OK
optimize-mips-s390x.patch: OK
>>> brotli: Unpacking /var/cache/distfiles/brotli-1.1.0.tar.gz...
>>> brotli: optimize-mips-s390x.patch
patching file c/common/platform.h
-- The C compiler identification is GNU 14.2.0
-- Detecting C compiler ABI info
-- Detecting C compiler ABI info - done
-- Check for working C compiler: /usr/bin/gcc - skipped
-- Detecting C compile features
-- Detecting C compile features - done
-- Build type is 'None'
-- Performing Test BROTLI_EMSCRIPTEN
-- Performing Test BROTLI_EMSCRIPTEN - Failed
-- Compiler is not EMSCRIPTEN
-- Looking for log2
-- Looking for log2 - found
CMake Warning at CMakeLists.txt:264 (message):
  Test file tests/testdata/alice29.txt does not exist.


CMake Warning at CMakeLists.txt:264 (message):
  Test file tests/testdata/asyoulik.txt does not exist.


CMake Warning at CMakeLists.txt:264 (message):
  Test file tests/testdata/lcet10.txt does not exist.


CMake Warning at CMakeLists.txt:264 (message):
  Test file tests/testdata/plrabn12.txt does not exist.


-- Configuring done (1.6s)
-- Generating done (0.0s)
-- Build files have been written to: /home/packager/aports/main/brotli/src/brotli-1.1.0/build
[1/36] Building C object CMakeFiles/brotli.dir/c/tools/brotli.c.o
[2/36] Building C object CMakeFiles/brotlienc.dir/c/enc/utf8_util.c.o
[3/36] Building C object CMakeFiles/brotlienc.dir/c/enc/static_dict.c.o
[4/36] Building C object CMakeFiles/brotlienc.dir/c/enc/metablock.c.o
[5/36] Building C object CMakeFiles/brotlienc.dir/c/enc/memory.c.o
[6/36] Building C object CMakeFiles/brotlienc.dir/c/enc/literal_cost.c.o
[7/36] Building C object CMakeFiles/brotlienc.dir/c/enc/histogram.c.o
[8/36] Building C object CMakeFiles/brotlienc.dir/c/enc/fast_log.c.o
[9/36] Building C object CMakeFiles/brotlienc.dir/c/enc/entropy_encode.c.o
[10/36] Building C object CMakeFiles/brotlienc.dir/c/enc/encoder_dict.c.o
[11/36] Building C object CMakeFiles/brotlienc.dir/c/enc/encode.c.o
[12/36] Building C object CMakeFiles/brotlienc.dir/c/enc/dictionary_hash.c.o
[13/36] Building C object CMakeFiles/brotlienc.dir/c/enc/compress_fragment_two_pass.c.o
[14/36] Building C object CMakeFiles/brotlienc.dir/c/enc/compress_fragment.c.o
[15/36] Building C object CMakeFiles/brotlienc.dir/c/enc/compound_dictionary.c.o
[16/36] Building C object CMakeFiles/brotlienc.dir/c/enc/command.c.o
[17/36] Building C object CMakeFiles/brotlienc.dir/c/enc/cluster.c.o
[18/36] Building C object CMakeFiles/brotlienc.dir/c/enc/brotli_bit_stream.c.o
[19/36] Building C object CMakeFiles/brotlienc.dir/c/enc/block_splitter.c.o
[20/36] Building C object CMakeFiles/brotlienc.dir/c/enc/bit_cost.c.o
[21/36] Building C object CMakeFiles/brotlienc.dir/c/enc/backward_references_hq.c.o
[22/36] Building C object CMakeFiles/brotlienc.dir/c/enc/backward_references.c.o
[23/36] Building C object CMakeFiles/brotlidec.dir/c/dec/state.c.o
[24/36] Building C object CMakeFiles/brotlidec.dir/c/dec/huffman.c.o
[25/36] Building C object CMakeFiles/brotlidec.dir/c/dec/decode.c.o
[26/36] Building C object CMakeFiles/brotlidec.dir/c/dec/bit_reader.c.o
[27/36] Building C object CMakeFiles/brotlicommon.dir/c/common/transform.c.o
[28/36] Building C object CMakeFiles/brotlicommon.dir/c/common/shared_dictionary.c.o
[29/36] Building C object CMakeFiles/brotlicommon.dir/c/common/platform.c.o
[30/36] Building C object CMakeFiles/brotlicommon.dir/c/common/dictionary.c.o
[31/36] Building C object CMakeFiles/brotlicommon.dir/c/common/context.c.o
[32/36] Building C object CMakeFiles/brotlicommon.dir/c/common/constants.c.o
[33/36] Linking C static library libbrotlicommon.a
[34/36] Linking C static library libbrotlidec.a
[35/36] Linking C static library libbrotlienc.a
[36/36] Linking C executable brotli
-- Build type is 'None'
-- Compiler is not EMSCRIPTEN
CMake Warning at CMakeLists.txt:264 (message):
  Test file tests/testdata/alice29.txt does not exist.


CMake Warning at CMakeLists.txt:264 (message):
  Test file tests/testdata/asyoulik.txt does not exist.


CMake Warning at CMakeLists.txt:264 (message):
  Test file tests/testdata/lcet10.txt does not exist.


CMake Warning at CMakeLists.txt:264 (message):
  Test file tests/testdata/plrabn12.txt does not exist.


-- Configuring done (0.0s)
-- Generating done (0.0s)
-- Build files have been written to: /home/packager/aports/main/brotli/src/brotli-1.1.0/build
[1/39] Building C object CMakeFiles/brotli.dir/c/tools/brotli.c.o
[2/39] Building C object CMakeFiles/brotlienc.dir/c/enc/utf8_util.c.o
[3/39] Building C object CMakeFiles/brotlienc.dir/c/enc/static_dict.c.o
[4/39] Building C object CMakeFiles/brotlienc.dir/c/enc/metablock.c.o
[5/39] Building C object CMakeFiles/brotlienc.dir/c/enc/memory.c.o
[6/39] Building C object CMakeFiles/brotlienc.dir/c/enc/literal_cost.c.o
[7/39] Building C object CMakeFiles/brotlienc.dir/c/enc/histogram.c.o
[8/39] Building C object CMakeFiles/brotlienc.dir/c/enc/fast_log.c.o
[9/39] Building C object CMakeFiles/brotlienc.dir/c/enc/entropy_encode.c.o
[10/39] Building C object CMakeFiles/brotlienc.dir/c/enc/encoder_dict.c.o
[11/39] Building C object CMakeFiles/brotlienc.dir/c/enc/encode.c.o
[12/39] Building C object CMakeFiles/brotlienc.dir/c/enc/dictionary_hash.c.o
[13/39] Building C object CMakeFiles/brotlienc.dir/c/enc/compress_fragment_two_pass.c.o
[14/39] Building C object CMakeFiles/brotlienc.dir/c/enc/compress_fragment.c.o
[15/39] Building C object CMakeFiles/brotlienc.dir/c/enc/compound_dictionary.c.o
[16/39] Building C object CMakeFiles/brotlienc.dir/c/enc/command.c.o
[17/39] Building C object CMakeFiles/brotlienc.dir/c/enc/cluster.c.o
[18/39] Building C object CMakeFiles/brotlienc.dir/c/enc/brotli_bit_stream.c.o
[19/39] Building C object CMakeFiles/brotlienc.dir/c/enc/block_splitter.c.o
[20/39] Building C object CMakeFiles/brotlienc.dir/c/enc/bit_cost.c.o
[21/39] Building C object CMakeFiles/brotlienc.dir/c/enc/backward_references_hq.c.o
[22/39] Building C object CMakeFiles/brotlienc.dir/c/enc/backward_references.c.o
[23/39] Building C object CMakeFiles/brotlidec.dir/c/dec/state.c.o
[24/39] Building C object CMakeFiles/brotlidec.dir/c/dec/huffman.c.o
[25/39] Building C object CMakeFiles/brotlidec.dir/c/dec/decode.c.o
[26/39] Building C object CMakeFiles/brotlidec.dir/c/dec/bit_reader.c.o
[27/39] Building C object CMakeFiles/brotlicommon.dir/c/common/transform.c.o
[28/39] Building C object CMakeFiles/brotlicommon.dir/c/common/shared_dictionary.c.o
[29/39] Building C object CMakeFiles/brotlicommon.dir/c/common/platform.c.o
[30/39] Building C object CMakeFiles/brotlicommon.dir/c/common/dictionary.c.o
[31/39] Building C object CMakeFiles/brotlicommon.dir/c/common/context.c.o
[32/39] Building C object CMakeFiles/brotlicommon.dir/c/common/constants.c.o
[33/39] Linking C shared library libbrotlicommon.so.1.1.0
[34/39] Creating library symlink libbrotlicommon.so.1 libbrotlicommon.so
[35/39] Linking C shared library libbrotlidec.so.1.1.0
[36/39] Linking C shared library libbrotlienc.so.1.1.0
[37/39] Creating library symlink libbrotlidec.so.1 libbrotlidec.so
[38/39] Creating library symlink libbrotlienc.so.1 libbrotlienc.so
[39/39] Linking C executable brotli
2025-05-18 04:50:06,065 gpep517 INFO Building wheel via backend setuptools.build_meta:__legacy__
/usr/lib/python3.12/site-packages/setuptools/_distutils/dist.py:289: UserWarning: Unknown distribution option: 'test_suite'
  warnings.warn(msg)
/usr/lib/python3.12/site-packages/setuptools/dist.py:761: SetuptoolsDeprecationWarning: License classifiers are deprecated.
!!

        ********************************************************************************
        Please consider removing the following classifiers in favor of a SPDX license expression:

        License :: OSI Approved :: MIT License

        See https://packaging.python.org/en/latest/guides/writing-pyproject-toml/#license for details.
        ********************************************************************************

!!
  self._finalize_license_expression()
2025-05-18 04:50:06,103 root INFO running bdist_wheel
2025-05-18 04:50:06,117 root INFO running build
2025-05-18 04:50:06,117 root INFO running build_py
2025-05-18 04:50:06,120 root INFO creating bin/lib.linux-x86_64-cpython-312
2025-05-18 04:50:06,120 root INFO copying python/brotli.py -> bin/lib.linux-x86_64-cpython-312
2025-05-18 04:50:06,120 root INFO running build_ext
<string>:70: DeprecationWarning: dep_util is Deprecated. Use functions from setuptools instead.
2025-05-18 04:50:06,122 root INFO building '_brotli' extension
2025-05-18 04:50:06,124 root INFO creating bin/temp.linux-x86_64-cpython-312/python
2025-05-18 04:50:06,125 root INFO creating bin/temp.linux-x86_64-cpython-312/c/common
2025-05-18 04:50:06,125 root INFO creating bin/temp.linux-x86_64-cpython-312/c/dec
2025-05-18 04:50:06,125 root INFO creating bin/temp.linux-x86_64-cpython-312/c/enc
2025-05-18 04:50:06,126 root INFO gcc -Os -fstack-clash-protection -Wformat -Werror=format-security -fno-plt -flto=auto -O2 -fPIC -Ic/include -I/usr/include/python3.12 -c python/_brotli.c -o bin/temp.linux-x86_64-cpython-312/python/_brotli.o
2025-05-18 04:50:06,335 root INFO gcc -Os -fstack-clash-protection -Wformat -Werror=format-security -fno-plt -flto=auto -O2 -fPIC -Ic/include -I/usr/include/python3.12 -c c/common/constants.c -o bin/temp.linux-x86_64-cpython-312/c/common/constants.o
2025-05-18 04:50:06,366 root INFO gcc -Os -fstack-clash-protection -Wformat -Werror=format-security -fno-plt -flto=auto -O2 -fPIC -Ic/include -I/usr/include/python3.12 -c c/common/context.c -o bin/temp.linux-x86_64-cpython-312/c/common/context.o
2025-05-18 04:50:06,410 root INFO gcc -Os -fstack-clash-protection -Wformat -Werror=format-security -fno-plt -flto=auto -O2 -fPIC -Ic/include -I/usr/include/python3.12 -c c/common/dictionary.c -o bin/temp.linux-x86_64-cpython-312/c/common/dictionary.o
2025-05-18 04:50:06,645 root INFO gcc -Os -fstack-clash-protection -Wformat -Werror=format-security -fno-plt -flto=auto -O2 -fPIC -Ic/include -I/usr/include/python3.12 -c c/common/platform.c -o bin/temp.linux-x86_64-cpython-312/c/common/platform.o
2025-05-18 04:50:06,675 root INFO gcc -Os -fstack-clash-protection -Wformat -Werror=format-security -fno-plt -flto=auto -O2 -fPIC -Ic/include -I/usr/include/python3.12 -c c/common/shared_dictionary.c -o bin/temp.linux-x86_64-cpython-312/c/common/shared_dictionary.o
2025-05-18 04:50:06,714 root INFO gcc -Os -fstack-clash-protection -Wformat -Werror=format-security -fno-plt -flto=auto -O2 -fPIC -Ic/include -I/usr/include/python3.12 -c c/common/transform.c -o bin/temp.linux-x86_64-cpython-312/c/common/transform.o
2025-05-18 04:50:06,754 root INFO gcc -Os -fstack-clash-protection -Wformat -Werror=format-security -fno-plt -flto=auto -O2 -fPIC -Ic/include -I/usr/include/python3.12 -c c/dec/bit_reader.c -o bin/temp.linux-x86_64-cpython-312/c/dec/bit_reader.o
2025-05-18 04:50:06,796 root INFO gcc -Os -fstack-clash-protection -Wformat -Werror=format-security -fno-plt -flto=auto -O2 -fPIC -Ic/include -I/usr/include/python3.12 -c c/dec/decode.c -o bin/temp.linux-x86_64-cpython-312/c/dec/decode.o
2025-05-18 04:50:07,366 root INFO gcc -Os -fstack-clash-protection -Wformat -Werror=format-security -fno-plt -flto=auto -O2 -fPIC -Ic/include -I/usr/include/python3.12 -c c/dec/huffman.c -o bin/temp.linux-x86_64-cpython-312/c/dec/huffman.o
2025-05-18 04:50:07,424 root INFO gcc -Os -fstack-clash-protection -Wformat -Werror=format-security -fno-plt -flto=auto -O2 -fPIC -Ic/include -I/usr/include/python3.12 -c c/dec/state.c -o bin/temp.linux-x86_64-cpython-312/c/dec/state.o
2025-05-18 04:50:07,470 root INFO gcc -Os -fstack-clash-protection -Wformat -Werror=format-security -fno-plt -flto=auto -O2 -fPIC -Ic/include -I/usr/include/python3.12 -c c/enc/backward_references.c -o bin/temp.linux-x86_64-cpython-312/c/enc/backward_references.o
2025-05-18 04:50:09,398 root INFO gcc -Os -fstack-clash-protection -Wformat -Werror=format-security -fno-plt -flto=auto -O2 -fPIC -Ic/include -I/usr/include/python3.12 -c c/enc/backward_references_hq.c -o bin/temp.linux-x86_64-cpython-312/c/enc/backward_references_hq.o
2025-05-18 04:50:09,973 root INFO gcc -Os -fstack-clash-protection -Wformat -Werror=format-security -fno-plt -flto=auto -O2 -fPIC -Ic/include -I/usr/include/python3.12 -c c/enc/bit_cost.c -o bin/temp.linux-x86_64-cpython-312/c/enc/bit_cost.o
2025-05-18 04:50:10,255 root INFO gcc -Os -fstack-clash-protection -Wformat -Werror=format-security -fno-plt -flto=auto -O2 -fPIC -Ic/include -I/usr/include/python3.12 -c c/enc/block_splitter.c -o bin/temp.linux-x86_64-cpython-312/c/enc/block_splitter.o
2025-05-18 04:50:10,724 root INFO gcc -Os -fstack-clash-protection -Wformat -Werror=format-security -fno-plt -flto=auto -O2 -fPIC -Ic/include -I/usr/include/python3.12 -c c/enc/brotli_bit_stream.c -o bin/temp.linux-x86_64-cpython-312/c/enc/brotli_bit_stream.o
2025-05-18 04:50:11,234 root INFO gcc -Os -fstack-clash-protection -Wformat -Werror=format-security -fno-plt -flto=auto -O2 -fPIC -Ic/include -I/usr/include/python3.12 -c c/enc/cluster.c -o bin/temp.linux-x86_64-cpython-312/c/enc/cluster.o
2025-05-18 04:50:11,644 root INFO gcc -Os -fstack-clash-protection -Wformat -Werror=format-security -fno-plt -flto=auto -O2 -fPIC -Ic/include -I/usr/include/python3.12 -c c/enc/command.c -o bin/temp.linux-x86_64-cpython-312/c/enc/command.o
2025-05-18 04:50:11,890 root INFO gcc -Os -fstack-clash-protection -Wformat -Werror=format-security -fno-plt -flto=auto -O2 -fPIC -Ic/include -I/usr/include/python3.12 -c c/enc/compound_dictionary.c -o bin/temp.linux-x86_64-cpython-312/c/enc/compound_dictionary.o
2025-05-18 04:50:12,158 root INFO gcc -Os -fstack-clash-protection -Wformat -Werror=format-security -fno-plt -flto=auto -O2 -fPIC -Ic/include -I/usr/include/python3.12 -c c/enc/compress_fragment.c -o bin/temp.linux-x86_64-cpython-312/c/enc/compress_fragment.o
2025-05-18 04:50:12,876 root INFO gcc -Os -fstack-clash-protection -Wformat -Werror=format-security -fno-plt -flto=auto -O2 -fPIC -Ic/include -I/usr/include/python3.12 -c c/enc/compress_fragment_two_pass.c -o bin/temp.linux-x86_64-cpython-312/c/enc/compress_fragment_two_pass.o
2025-05-18 04:50:13,624 root INFO gcc -Os -fstack-clash-protection -Wformat -Werror=format-security -fno-plt -flto=auto -O2 -fPIC -Ic/include -I/usr/include/python3.12 -c c/enc/dictionary_hash.c -o bin/temp.linux-x86_64-cpython-312/c/enc/dictionary_hash.o
2025-05-18 04:50:13,801 root INFO gcc -Os -fstack-clash-protection -Wformat -Werror=format-security -fno-plt -flto=auto -O2 -fPIC -Ic/include -I/usr/include/python3.12 -c c/enc/encode.c -o bin/temp.linux-x86_64-cpython-312/c/enc/encode.o
2025-05-18 04:50:14,532 root INFO gcc -Os -fstack-clash-protection -Wformat -Werror=format-security -fno-plt -flto=auto -O2 -fPIC -Ic/include -I/usr/include/python3.12 -c c/enc/encoder_dict.c -o bin/temp.linux-x86_64-cpython-312/c/enc/encoder_dict.o
2025-05-18 04:50:15,035 root INFO gcc -Os -fstack-clash-protection -Wformat -Werror=format-security -fno-plt -flto=auto -O2 -fPIC -Ic/include -I/usr/include/python3.12 -c c/enc/entropy_encode.c -o bin/temp.linux-x86_64-cpython-312/c/enc/entropy_encode.o
2025-05-18 04:50:15,113 root INFO gcc -Os -fstack-clash-protection -Wformat -Werror=format-security -fno-plt -flto=auto -O2 -fPIC -Ic/include -I/usr/include/python3.12 -c c/enc/fast_log.c -o bin/temp.linux-x86_64-cpython-312/c/enc/fast_log.o
2025-05-18 04:50:15,149 root INFO gcc -Os -fstack-clash-protection -Wformat -Werror=format-security -fno-plt -flto=auto -O2 -fPIC -Ic/include -I/usr/include/python3.12 -c c/enc/histogram.c -o bin/temp.linux-x86_64-cpython-312/c/enc/histogram.o
2025-05-18 04:50:15,417 root INFO gcc -Os -fstack-clash-protection -Wformat -Werror=format-security -fno-plt -flto=auto -O2 -fPIC -Ic/include -I/usr/include/python3.12 -c c/enc/literal_cost.c -o bin/temp.linux-x86_64-cpython-312/c/enc/literal_cost.o
2025-05-18 04:50:15,468 root INFO gcc -Os -fstack-clash-protection -Wformat -Werror=format-security -fno-plt -flto=auto -O2 -fPIC -Ic/include -I/usr/include/python3.12 -c c/enc/memory.c -o bin/temp.linux-x86_64-cpython-312/c/enc/memory.o
2025-05-18 04:50:15,505 root INFO gcc -Os -fstack-clash-protection -Wformat -Werror=format-security -fno-plt -flto=auto -O2 -fPIC -Ic/include -I/usr/include/python3.12 -c c/enc/metablock.c -o bin/temp.linux-x86_64-cpython-312/c/enc/metablock.o
2025-05-18 04:50:15,926 root INFO gcc -Os -fstack-clash-protection -Wformat -Werror=format-security -fno-plt -flto=auto -O2 -fPIC -Ic/include -I/usr/include/python3.12 -c c/enc/static_dict.c -o bin/temp.linux-x86_64-cpython-312/c/enc/static_dict.o
2025-05-18 04:50:16,287 root INFO gcc -Os -fstack-clash-protection -Wformat -Werror=format-security -fno-plt -flto=auto -O2 -fPIC -Ic/include -I/usr/include/python3.12 -c c/enc/utf8_util.c -o bin/temp.linux-x86_64-cpython-312/c/enc/utf8_util.o
2025-05-18 04:50:16,326 root INFO gcc -shared -Wl,--as-needed,-O1,--sort-common -Wl,-z,pack-relative-relocs -Os -fstack-clash-protection -Wformat -Werror=format-security -fno-plt -flto=auto -O2 bin/temp.linux-x86_64-cpython-312/python/_brotli.o bin/temp.linux-x86_64-cpython-312/c/common/constants.o bin/temp.linux-x86_64-cpython-312/c/common/context.o bin/temp.linux-x86_64-cpython-312/c/common/dictionary.o bin/temp.linux-x86_64-cpython-312/c/common/platform.o bin/temp.linux-x86_64-cpython-312/c/common/shared_dictionary.o bin/temp.linux-x86_64-cpython-312/c/common/transform.o bin/temp.linux-x86_64-cpython-312/c/dec/bit_reader.o bin/temp.linux-x86_64-cpython-312/c/dec/decode.o bin/temp.linux-x86_64-cpython-312/c/dec/huffman.o bin/temp.linux-x86_64-cpython-312/c/dec/state.o bin/temp.linux-x86_64-cpython-312/c/enc/backward_references.o bin/temp.linux-x86_64-cpython-312/c/enc/backward_references_hq.o bin/temp.linux-x86_64-cpython-312/c/enc/bit_cost.o bin/temp.linux-x86_64-cpython-312/c/enc/block_splitter.o bin/temp.linux-x86_64-cpython-312/c/enc/brotli_bit_stream.o bin/temp.linux-x86_64-cpython-312/c/enc/cluster.o bin/temp.linux-x86_64-cpython-312/c/enc/command.o bin/temp.linux-x86_64-cpython-312/c/enc/compound_dictionary.o bin/temp.linux-x86_64-cpython-312/c/enc/compress_fragment.o bin/temp.linux-x86_64-cpython-312/c/enc/compress_fragment_two_pass.o bin/temp.linux-x86_64-cpython-312/c/enc/dictionary_hash.o bin/temp.linux-x86_64-cpython-312/c/enc/encode.o bin/temp.linux-x86_64-cpython-312/c/enc/encoder_dict.o bin/temp.linux-x86_64-cpython-312/c/enc/entropy_encode.o bin/temp.linux-x86_64-cpython-312/c/enc/fast_log.o bin/temp.linux-x86_64-cpython-312/c/enc/histogram.o bin/temp.linux-x86_64-cpython-312/c/enc/literal_cost.o bin/temp.linux-x86_64-cpython-312/c/enc/memory.o bin/temp.linux-x86_64-cpython-312/c/enc/metablock.o bin/temp.linux-x86_64-cpython-312/c/enc/static_dict.o bin/temp.linux-x86_64-cpython-312/c/enc/utf8_util.o -L/usr/lib -o bin/lib.linux-x86_64-cpython-312/_brotli.cpython-312-x86_64-linux-musl.so
2025-05-18 04:50:22,503 root INFO installing to bin/bdist.linux-x86_64/wheel
2025-05-18 04:50:22,503 root INFO running install
2025-05-18 04:50:22,514 root INFO running install_lib
2025-05-18 04:50:22,517 root INFO creating bin/bdist.linux-x86_64/wheel
2025-05-18 04:50:22,518 root INFO copying bin/lib.linux-x86_64-cpython-312/_brotli.cpython-312-x86_64-linux-musl.so -> bin/bdist.linux-x86_64/wheel/.
2025-05-18 04:50:22,519 root INFO copying bin/lib.linux-x86_64-cpython-312/brotli.py -> bin/bdist.linux-x86_64/wheel/.
2025-05-18 04:50:22,519 root INFO running install_egg_info
2025-05-18 04:50:22,522 root INFO running egg_info
2025-05-18 04:50:22,525 root INFO creating python/Brotli.egg-info
2025-05-18 04:50:22,525 root INFO writing python/Brotli.egg-info/PKG-INFO
2025-05-18 04:50:22,525 root INFO writing dependency_links to python/Brotli.egg-info/dependency_links.txt
2025-05-18 04:50:22,525 root INFO writing top-level names to python/Brotli.egg-info/top_level.txt
2025-05-18 04:50:22,525 root INFO writing manifest file 'python/Brotli.egg-info/SOURCES.txt'
2025-05-18 04:50:22,529 root INFO reading manifest file 'python/Brotli.egg-info/SOURCES.txt'
2025-05-18 04:50:22,529 root INFO reading manifest template 'MANIFEST.in'
2025-05-18 04:50:22,531 root WARNING warning: no files found matching 'python/_brotli.cc'
2025-05-18 04:50:22,532 root INFO adding license file 'LICENSE'
2025-05-18 04:50:22,534 root INFO writing manifest file 'python/Brotli.egg-info/SOURCES.txt'
2025-05-18 04:50:22,534 root INFO Copying python/Brotli.egg-info to bin/bdist.linux-x86_64/wheel/./Brotli-1.1.0-py3.12.egg-info
2025-05-18 04:50:22,535 root INFO running install_scripts
2025-05-18 04:50:22,539 root INFO creating bin/bdist.linux-x86_64/wheel/brotli-1.1.0.dist-info/WHEEL
2025-05-18 04:50:22,540 wheel INFO creating '/home/packager/aports/main/brotli/src/brotli-1.1.0/.dist/.tmp-pbapd9gb/brotli-1.1.0-cp312-cp312-linux_x86_64.whl' and adding 'bin/bdist.linux-x86_64/wheel' to it
2025-05-18 04:50:22,541 wheel INFO adding '_brotli.cpython-312-x86_64-linux-musl.so'
2025-05-18 04:50:22,544 wheel INFO adding 'brotli.py'
2025-05-18 04:50:22,545 wheel INFO adding 'brotli-1.1.0.dist-info/licenses/LICENSE'
2025-05-18 04:50:22,545 wheel INFO adding 'brotli-1.1.0.dist-info/METADATA'
2025-05-18 04:50:22,545 wheel INFO adding 'brotli-1.1.0.dist-info/WHEEL'
2025-05-18 04:50:22,545 wheel INFO adding 'brotli-1.1.0.dist-info/top_level.txt'
2025-05-18 04:50:22,545 wheel INFO adding 'brotli-1.1.0.dist-info/RECORD'
2025-05-18 04:50:22,546 root INFO removing bin/bdist.linux-x86_64/wheel
2025-05-18 04:50:22,546 gpep517 INFO The backend produced .dist/brotli-1.1.0-cp312-cp312-linux_x86_64.whl
brotli-1.1.0-cp312-cp312-linux_x86_64.whl
Internal ctest changing into directory: /home/packager/aports/main/brotli/src/brotli-1.1.0/build
Test project /home/packager/aports/main/brotli/src/brotli-1.1.0/build
      Start  1: roundtrip/c/enc/encode.c/1
      Start  2: roundtrip/c/enc/encode.c/6
      Start  3: roundtrip/c/enc/encode.c/9
      Start  4: roundtrip/c/enc/encode.c/11
      Start  5: roundtrip/c/common/dictionary.h/1
      Start  6: roundtrip/c/common/dictionary.h/6
      Start  7: roundtrip/c/common/dictionary.h/9
      Start  8: roundtrip/c/common/dictionary.h/11
 1/14 Test  #1: roundtrip/c/enc/encode.c/1 .........................   Passed    0.02 sec
      Start  9: roundtrip/c/dec/decode.c/1
 2/14 Test  #5: roundtrip/c/common/dictionary.h/1 ..................   Passed    0.02 sec
 3/14 Test  #6: roundtrip/c/common/dictionary.h/6 ..................   Passed    0.02 sec
 4/14 Test  #7: roundtrip/c/common/dictionary.h/9 ..................   Passed    0.01 sec
      Start 10: roundtrip/c/dec/decode.c/6
      Start 11: roundtrip/c/dec/decode.c/9
      Start 12: roundtrip/c/dec/decode.c/11
 5/14 Test  #2: roundtrip/c/enc/encode.c/6 .........................   Passed    0.02 sec
      Start 13: compatibility/tests/testdata/empty.compressed
 6/14 Test  #3: roundtrip/c/enc/encode.c/9 .........................   Passed    0.02 sec
      Start 14: compatibility/tests/testdata/ukkonooa.compressed
 7/14 Test  #8: roundtrip/c/common/dictionary.h/11 .................   Passed    0.02 sec
 8/14 Test  #9: roundtrip/c/dec/decode.c/1 .........................   Passed    0.02 sec
 9/14 Test #13: compatibility/tests/testdata/empty.compressed ......   Passed    0.01 sec
10/14 Test #10: roundtrip/c/dec/decode.c/6 .........................   Passed    0.02 sec
11/14 Test #14: compatibility/tests/testdata/ukkonooa.compressed ...   Passed    0.01 sec
12/14 Test #11: roundtrip/c/dec/decode.c/9 .........................   Passed    0.02 sec
13/14 Test  #4: roundtrip/c/enc/encode.c/11 ........................   Passed    0.15 sec
14/14 Test #12: roundtrip/c/dec/decode.c/11 ........................   Passed    0.19 sec

100% tests passed, 0 tests failed out of 14

Total Test time (real) =   0.21 sec
test__test_compress_file_quality_11_lgwin_10_empty (tests.bro_test.TestBroCompress.test__test_compress_file_quality_11_lgwin_10_empty) ... ok
test__test_compress_file_quality_11_lgwin_10_ukkonooa (tests.bro_test.TestBroCompress.test__test_compress_file_quality_11_lgwin_10_ukkonooa) ... ok
test__test_compress_file_quality_11_lgwin_15_empty (tests.bro_test.TestBroCompress.test__test_compress_file_quality_11_lgwin_15_empty) ... ok
test__test_compress_file_quality_11_lgwin_15_ukkonooa (tests.bro_test.TestBroCompress.test__test_compress_file_quality_11_lgwin_15_ukkonooa) ... ok
test__test_compress_file_quality_11_lgwin_20_empty (tests.bro_test.TestBroCompress.test__test_compress_file_quality_11_lgwin_20_empty) ... ok
test__test_compress_file_quality_11_lgwin_20_ukkonooa (tests.bro_test.TestBroCompress.test__test_compress_file_quality_11_lgwin_20_ukkonooa) ... ok
test__test_compress_file_quality_11_lgwin_24_empty (tests.bro_test.TestBroCompress.test__test_compress_file_quality_11_lgwin_24_empty) ... ok
test__test_compress_file_quality_11_lgwin_24_ukkonooa (tests.bro_test.TestBroCompress.test__test_compress_file_quality_11_lgwin_24_ukkonooa) ... ok
test__test_compress_file_quality_1_lgwin_10_empty (tests.bro_test.TestBroCompress.test__test_compress_file_quality_1_lgwin_10_empty) ... ok
test__test_compress_file_quality_1_lgwin_10_ukkonooa (tests.bro_test.TestBroCompress.test__test_compress_file_quality_1_lgwin_10_ukkonooa) ... ok
test__test_compress_file_quality_1_lgwin_15_empty (tests.bro_test.TestBroCompress.test__test_compress_file_quality_1_lgwin_15_empty) ... ok
test__test_compress_file_quality_1_lgwin_15_ukkonooa (tests.bro_test.TestBroCompress.test__test_compress_file_quality_1_lgwin_15_ukkonooa) ... ok
test__test_compress_file_quality_1_lgwin_20_empty (tests.bro_test.TestBroCompress.test__test_compress_file_quality_1_lgwin_20_empty) ... ok
test__test_compress_file_quality_1_lgwin_20_ukkonooa (tests.bro_test.TestBroCompress.test__test_compress_file_quality_1_lgwin_20_ukkonooa) ... ok
test__test_compress_file_quality_1_lgwin_24_empty (tests.bro_test.TestBroCompress.test__test_compress_file_quality_1_lgwin_24_empty) ... ok
test__test_compress_file_quality_1_lgwin_24_ukkonooa (tests.bro_test.TestBroCompress.test__test_compress_file_quality_1_lgwin_24_ukkonooa) ... ok
test__test_compress_file_quality_6_lgwin_10_empty (tests.bro_test.TestBroCompress.test__test_compress_file_quality_6_lgwin_10_empty) ... ok
test__test_compress_file_quality_6_lgwin_10_ukkonooa (tests.bro_test.TestBroCompress.test__test_compress_file_quality_6_lgwin_10_ukkonooa) ... ok
test__test_compress_file_quality_6_lgwin_15_empty (tests.bro_test.TestBroCompress.test__test_compress_file_quality_6_lgwin_15_empty) ... ok
test__test_compress_file_quality_6_lgwin_15_ukkonooa (tests.bro_test.TestBroCompress.test__test_compress_file_quality_6_lgwin_15_ukkonooa) ... ok
test__test_compress_file_quality_6_lgwin_20_empty (tests.bro_test.TestBroCompress.test__test_compress_file_quality_6_lgwin_20_empty) ... ok
test__test_compress_file_quality_6_lgwin_20_ukkonooa (tests.bro_test.TestBroCompress.test__test_compress_file_quality_6_lgwin_20_ukkonooa) ... ok
test__test_compress_file_quality_6_lgwin_24_empty (tests.bro_test.TestBroCompress.test__test_compress_file_quality_6_lgwin_24_empty) ... ok
test__test_compress_file_quality_6_lgwin_24_ukkonooa (tests.bro_test.TestBroCompress.test__test_compress_file_quality_6_lgwin_24_ukkonooa) ... ok
test__test_compress_file_quality_9_lgwin_10_empty (tests.bro_test.TestBroCompress.test__test_compress_file_quality_9_lgwin_10_empty) ... ok
test__test_compress_file_quality_9_lgwin_10_ukkonooa (tests.bro_test.TestBroCompress.test__test_compress_file_quality_9_lgwin_10_ukkonooa) ... ok
test__test_compress_file_quality_9_lgwin_15_empty (tests.bro_test.TestBroCompress.test__test_compress_file_quality_9_lgwin_15_empty) ... ok
test__test_compress_file_quality_9_lgwin_15_ukkonooa (tests.bro_test.TestBroCompress.test__test_compress_file_quality_9_lgwin_15_ukkonooa) ... ok
test__test_compress_file_quality_9_lgwin_20_empty (tests.bro_test.TestBroCompress.test__test_compress_file_quality_9_lgwin_20_empty) ... ok
test__test_compress_file_quality_9_lgwin_20_ukkonooa (tests.bro_test.TestBroCompress.test__test_compress_file_quality_9_lgwin_20_ukkonooa) ... ok
test__test_compress_file_quality_9_lgwin_24_empty (tests.bro_test.TestBroCompress.test__test_compress_file_quality_9_lgwin_24_empty) ... ok
test__test_compress_file_quality_9_lgwin_24_ukkonooa (tests.bro_test.TestBroCompress.test__test_compress_file_quality_9_lgwin_24_ukkonooa) ... ok
test__test_compress_pipe_quality_11_lgwin_10_empty (tests.bro_test.TestBroCompress.test__test_compress_pipe_quality_11_lgwin_10_empty) ... ok
test__test_compress_pipe_quality_11_lgwin_10_ukkonooa (tests.bro_test.TestBroCompress.test__test_compress_pipe_quality_11_lgwin_10_ukkonooa) ... ok
test__test_compress_pipe_quality_11_lgwin_15_empty (tests.bro_test.TestBroCompress.test__test_compress_pipe_quality_11_lgwin_15_empty) ... ok
test__test_compress_pipe_quality_11_lgwin_15_ukkonooa (tests.bro_test.TestBroCompress.test__test_compress_pipe_quality_11_lgwin_15_ukkonooa) ... ok
test__test_compress_pipe_quality_11_lgwin_20_empty (tests.bro_test.TestBroCompress.test__test_compress_pipe_quality_11_lgwin_20_empty) ... ok
test__test_compress_pipe_quality_11_lgwin_20_ukkonooa (tests.bro_test.TestBroCompress.test__test_compress_pipe_quality_11_lgwin_20_ukkonooa) ... ok
test__test_compress_pipe_quality_11_lgwin_24_empty (tests.bro_test.TestBroCompress.test__test_compress_pipe_quality_11_lgwin_24_empty) ... ok
test__test_compress_pipe_quality_11_lgwin_24_ukkonooa (tests.bro_test.TestBroCompress.test__test_compress_pipe_quality_11_lgwin_24_ukkonooa) ... ok
test__test_compress_pipe_quality_1_lgwin_10_empty (tests.bro_test.TestBroCompress.test__test_compress_pipe_quality_1_lgwin_10_empty) ... ok
test__test_compress_pipe_quality_1_lgwin_10_ukkonooa (tests.bro_test.TestBroCompress.test__test_compress_pipe_quality_1_lgwin_10_ukkonooa) ... ok
test__test_compress_pipe_quality_1_lgwin_15_empty (tests.bro_test.TestBroCompress.test__test_compress_pipe_quality_1_lgwin_15_empty) ... ok
test__test_compress_pipe_quality_1_lgwin_15_ukkonooa (tests.bro_test.TestBroCompress.test__test_compress_pipe_quality_1_lgwin_15_ukkonooa) ... ok
test__test_compress_pipe_quality_1_lgwin_20_empty (tests.bro_test.TestBroCompress.test__test_compress_pipe_quality_1_lgwin_20_empty) ... ok
test__test_compress_pipe_quality_1_lgwin_20_ukkonooa (tests.bro_test.TestBroCompress.test__test_compress_pipe_quality_1_lgwin_20_ukkonooa) ... ok
test__test_compress_pipe_quality_1_lgwin_24_empty (tests.bro_test.TestBroCompress.test__test_compress_pipe_quality_1_lgwin_24_empty) ... ok
test__test_compress_pipe_quality_1_lgwin_24_ukkonooa (tests.bro_test.TestBroCompress.test__test_compress_pipe_quality_1_lgwin_24_ukkonooa) ... ok
test__test_compress_pipe_quality_6_lgwin_10_empty (tests.bro_test.TestBroCompress.test__test_compress_pipe_quality_6_lgwin_10_empty) ... ok
test__test_compress_pipe_quality_6_lgwin_10_ukkonooa (tests.bro_test.TestBroCompress.test__test_compress_pipe_quality_6_lgwin_10_ukkonooa) ... ok
test__test_compress_pipe_quality_6_lgwin_15_empty (tests.bro_test.TestBroCompress.test__test_compress_pipe_quality_6_lgwin_15_empty) ... ok
test__test_compress_pipe_quality_6_lgwin_15_ukkonooa (tests.bro_test.TestBroCompress.test__test_compress_pipe_quality_6_lgwin_15_ukkonooa) ... ok
test__test_compress_pipe_quality_6_lgwin_20_empty (tests.bro_test.TestBroCompress.test__test_compress_pipe_quality_6_lgwin_20_empty) ... ok
test__test_compress_pipe_quality_6_lgwin_20_ukkonooa (tests.bro_test.TestBroCompress.test__test_compress_pipe_quality_6_lgwin_20_ukkonooa) ... ok
test__test_compress_pipe_quality_6_lgwin_24_empty (tests.bro_test.TestBroCompress.test__test_compress_pipe_quality_6_lgwin_24_empty) ... ok
test__test_compress_pipe_quality_6_lgwin_24_ukkonooa (tests.bro_test.TestBroCompress.test__test_compress_pipe_quality_6_lgwin_24_ukkonooa) ... ok
test__test_compress_pipe_quality_9_lgwin_10_empty (tests.bro_test.TestBroCompress.test__test_compress_pipe_quality_9_lgwin_10_empty) ... ok
test__test_compress_pipe_quality_9_lgwin_10_ukkonooa (tests.bro_test.TestBroCompress.test__test_compress_pipe_quality_9_lgwin_10_ukkonooa) ... ok
test__test_compress_pipe_quality_9_lgwin_15_empty (tests.bro_test.TestBroCompress.test__test_compress_pipe_quality_9_lgwin_15_empty) ... ok
test__test_compress_pipe_quality_9_lgwin_15_ukkonooa (tests.bro_test.TestBroCompress.test__test_compress_pipe_quality_9_lgwin_15_ukkonooa) ... ok
test__test_compress_pipe_quality_9_lgwin_20_empty (tests.bro_test.TestBroCompress.test__test_compress_pipe_quality_9_lgwin_20_empty) ... ok
test__test_compress_pipe_quality_9_lgwin_20_ukkonooa (tests.bro_test.TestBroCompress.test__test_compress_pipe_quality_9_lgwin_20_ukkonooa) ... ok
test__test_compress_pipe_quality_9_lgwin_24_empty (tests.bro_test.TestBroCompress.test__test_compress_pipe_quality_9_lgwin_24_empty) ... ok
test__test_compress_pipe_quality_9_lgwin_24_ukkonooa (tests.bro_test.TestBroCompress.test__test_compress_pipe_quality_9_lgwin_24_ukkonooa) ... ok
test__test_decompress_file__empty (tests.bro_test.TestBroDecompress.test__test_decompress_file__empty) ... ok
test__test_decompress_file__ukkonooa (tests.bro_test.TestBroDecompress.test__test_decompress_file__ukkonooa) ... ok
test__test_decompress_pipe__empty (tests.bro_test.TestBroDecompress.test__test_decompress_pipe__empty) ... ok
test__test_decompress_pipe__ukkonooa (tests.bro_test.TestBroDecompress.test__test_decompress_pipe__ukkonooa) ... ok
test__test_compress_quality_11_lgwin_10_empty (tests.compress_test.TestCompress.test__test_compress_quality_11_lgwin_10_empty) ... ok
test__test_compress_quality_11_lgwin_10_ukkonooa (tests.compress_test.TestCompress.test__test_compress_quality_11_lgwin_10_ukkonooa) ... ok
test__test_compress_quality_11_lgwin_15_empty (tests.compress_test.TestCompress.test__test_compress_quality_11_lgwin_15_empty) ... ok
test__test_compress_quality_11_lgwin_15_ukkonooa (tests.compress_test.TestCompress.test__test_compress_quality_11_lgwin_15_ukkonooa) ... ok
test__test_compress_quality_11_lgwin_20_empty (tests.compress_test.TestCompress.test__test_compress_quality_11_lgwin_20_empty) ... ok
test__test_compress_quality_11_lgwin_20_ukkonooa (tests.compress_test.TestCompress.test__test_compress_quality_11_lgwin_20_ukkonooa) ... ok
test__test_compress_quality_11_lgwin_24_empty (tests.compress_test.TestCompress.test__test_compress_quality_11_lgwin_24_empty) ... ok
test__test_compress_quality_11_lgwin_24_ukkonooa (tests.compress_test.TestCompress.test__test_compress_quality_11_lgwin_24_ukkonooa) ... ok
test__test_compress_quality_1_lgwin_10_empty (tests.compress_test.TestCompress.test__test_compress_quality_1_lgwin_10_empty) ... ok
test__test_compress_quality_1_lgwin_10_ukkonooa (tests.compress_test.TestCompress.test__test_compress_quality_1_lgwin_10_ukkonooa) ... ok
test__test_compress_quality_1_lgwin_15_empty (tests.compress_test.TestCompress.test__test_compress_quality_1_lgwin_15_empty) ... ok
test__test_compress_quality_1_lgwin_15_ukkonooa (tests.compress_test.TestCompress.test__test_compress_quality_1_lgwin_15_ukkonooa) ... ok
test__test_compress_quality_1_lgwin_20_empty (tests.compress_test.TestCompress.test__test_compress_quality_1_lgwin_20_empty) ... ok
test__test_compress_quality_1_lgwin_20_ukkonooa (tests.compress_test.TestCompress.test__test_compress_quality_1_lgwin_20_ukkonooa) ... ok
test__test_compress_quality_1_lgwin_24_empty (tests.compress_test.TestCompress.test__test_compress_quality_1_lgwin_24_empty) ... ok
test__test_compress_quality_1_lgwin_24_ukkonooa (tests.compress_test.TestCompress.test__test_compress_quality_1_lgwin_24_ukkonooa) ... ok
test__test_compress_quality_6_lgwin_10_empty (tests.compress_test.TestCompress.test__test_compress_quality_6_lgwin_10_empty) ... ok
test__test_compress_quality_6_lgwin_10_ukkonooa (tests.compress_test.TestCompress.test__test_compress_quality_6_lgwin_10_ukkonooa) ... ok
test__test_compress_quality_6_lgwin_15_empty (tests.compress_test.TestCompress.test__test_compress_quality_6_lgwin_15_empty) ... ok
test__test_compress_quality_6_lgwin_15_ukkonooa (tests.compress_test.TestCompress.test__test_compress_quality_6_lgwin_15_ukkonooa) ... ok
test__test_compress_quality_6_lgwin_20_empty (tests.compress_test.TestCompress.test__test_compress_quality_6_lgwin_20_empty) ... ok
test__test_compress_quality_6_lgwin_20_ukkonooa (tests.compress_test.TestCompress.test__test_compress_quality_6_lgwin_20_ukkonooa) ... ok
test__test_compress_quality_6_lgwin_24_empty (tests.compress_test.TestCompress.test__test_compress_quality_6_lgwin_24_empty) ... ok
test__test_compress_quality_6_lgwin_24_ukkonooa (tests.compress_test.TestCompress.test__test_compress_quality_6_lgwin_24_ukkonooa) ... ok
test__test_compress_quality_9_lgwin_10_empty (tests.compress_test.TestCompress.test__test_compress_quality_9_lgwin_10_empty) ... ok
test__test_compress_quality_9_lgwin_10_ukkonooa (tests.compress_test.TestCompress.test__test_compress_quality_9_lgwin_10_ukkonooa) ... ok
test__test_compress_quality_9_lgwin_15_empty (tests.compress_test.TestCompress.test__test_compress_quality_9_lgwin_15_empty) ... ok
test__test_compress_quality_9_lgwin_15_ukkonooa (tests.compress_test.TestCompress.test__test_compress_quality_9_lgwin_15_ukkonooa) ... ok
test__test_compress_quality_9_lgwin_20_empty (tests.compress_test.TestCompress.test__test_compress_quality_9_lgwin_20_empty) ... ok
test__test_compress_quality_9_lgwin_20_ukkonooa (tests.compress_test.TestCompress.test__test_compress_quality_9_lgwin_20_ukkonooa) ... ok
test__test_compress_quality_9_lgwin_24_empty (tests.compress_test.TestCompress.test__test_compress_quality_9_lgwin_24_empty) ... ok
test__test_compress_quality_9_lgwin_24_ukkonooa (tests.compress_test.TestCompress.test__test_compress_quality_9_lgwin_24_ukkonooa) ... ok
test__test_multiple_process__empty (tests.compressor_test.TestCompressorQuality1.test__test_multiple_process__empty) ... ok
test__test_multiple_process__ukkonooa (tests.compressor_test.TestCompressorQuality1.test__test_multiple_process__ukkonooa) ... ok
test__test_multiple_process_and_flush__empty (tests.compressor_test.TestCompressorQuality1.test__test_multiple_process_and_flush__empty) ... ok
test__test_multiple_process_and_flush__ukkonooa (tests.compressor_test.TestCompressorQuality1.test__test_multiple_process_and_flush__ukkonooa) ... ok
test__test_single_process__empty (tests.compressor_test.TestCompressorQuality1.test__test_single_process__empty) ... ok
test__test_single_process__ukkonooa (tests.compressor_test.TestCompressorQuality1.test__test_single_process__ukkonooa) ... ok
test__test_multiple_process__empty (tests.compressor_test.TestCompressorQuality11.test__test_multiple_process__empty) ... ok
test__test_multiple_process__ukkonooa (tests.compressor_test.TestCompressorQuality11.test__test_multiple_process__ukkonooa) ... ok
test__test_multiple_process_and_flush__empty (tests.compressor_test.TestCompressorQuality11.test__test_multiple_process_and_flush__empty) ... ok
test__test_multiple_process_and_flush__ukkonooa (tests.compressor_test.TestCompressorQuality11.test__test_multiple_process_and_flush__ukkonooa) ... ok
test__test_single_process__empty (tests.compressor_test.TestCompressorQuality11.test__test_single_process__empty) ... ok
test__test_single_process__ukkonooa (tests.compressor_test.TestCompressorQuality11.test__test_single_process__ukkonooa) ... ok
test__test_multiple_process__empty (tests.compressor_test.TestCompressorQuality6.test__test_multiple_process__empty) ... ok
test__test_multiple_process__ukkonooa (tests.compressor_test.TestCompressorQuality6.test__test_multiple_process__ukkonooa) ... ok
test__test_multiple_process_and_flush__empty (tests.compressor_test.TestCompressorQuality6.test__test_multiple_process_and_flush__empty) ... ok
test__test_multiple_process_and_flush__ukkonooa (tests.compressor_test.TestCompressorQuality6.test__test_multiple_process_and_flush__ukkonooa) ... ok
test__test_single_process__empty (tests.compressor_test.TestCompressorQuality6.test__test_single_process__empty) ... ok
test__test_single_process__ukkonooa (tests.compressor_test.TestCompressorQuality6.test__test_single_process__ukkonooa) ... ok
test__test_multiple_process__empty (tests.compressor_test.TestCompressorQuality9.test__test_multiple_process__empty) ... ok
test__test_multiple_process__ukkonooa (tests.compressor_test.TestCompressorQuality9.test__test_multiple_process__ukkonooa) ... ok
test__test_multiple_process_and_flush__empty (tests.compressor_test.TestCompressorQuality9.test__test_multiple_process_and_flush__empty) ... ok
test__test_multiple_process_and_flush__ukkonooa (tests.compressor_test.TestCompressorQuality9.test__test_multiple_process_and_flush__ukkonooa) ... ok
test__test_single_process__empty (tests.compressor_test.TestCompressorQuality9.test__test_single_process__empty) ... ok
test__test_single_process__ukkonooa (tests.compressor_test.TestCompressorQuality9.test__test_single_process__ukkonooa) ... ok
test__test_decompress__empty (tests.decompress_test.TestDecompress.test__test_decompress__empty) ... ok
test__test_decompress__ukkonooa (tests.decompress_test.TestDecompress.test__test_decompress__ukkonooa) ... ok
test_garbage_appended (tests.decompress_test.TestDecompress.test_garbage_appended) ... ok
test__test_decompress__empty (tests.decompressor_test.TestDecompressor.test__test_decompress__empty) ... ok
test__test_decompress__ukkonooa (tests.decompressor_test.TestDecompressor.test__test_decompress__ukkonooa) ... ok
test_already_finished (tests.decompressor_test.TestDecompressor.test_already_finished) ... ok
test_garbage_appended (tests.decompressor_test.TestDecompressor.test_garbage_appended) ... ok

----------------------------------------------------------------------
Ran 131 tests in 5.694s

OK
>>> brotli: Entering fakeroot...
-- Install configuration: "None"
-- Installing: /home/packager/aports/main/brotli/pkg/brotli/usr/bin/brotli
-- Set non-toolchain portion of runtime path of "/home/packager/aports/main/brotli/pkg/brotli/usr/bin/brotli" to ""
-- Installing: /home/packager/aports/main/brotli/pkg/brotli/usr/lib/libbrotlienc.so.1.1.0
-- Installing: /home/packager/aports/main/brotli/pkg/brotli/usr/lib/libbrotlienc.so.1
-- Set non-toolchain portion of runtime path of "/home/packager/aports/main/brotli/pkg/brotli/usr/lib/libbrotlienc.so.1.1.0" to ""
-- Installing: /home/packager/aports/main/brotli/pkg/brotli/usr/lib/libbrotlienc.so
-- Installing: /home/packager/aports/main/brotli/pkg/brotli/usr/lib/libbrotlidec.so.1.1.0
-- Installing: /home/packager/aports/main/brotli/pkg/brotli/usr/lib/libbrotlidec.so.1
-- Set non-toolchain portion of runtime path of "/home/packager/aports/main/brotli/pkg/brotli/usr/lib/libbrotlidec.so.1.1.0" to ""
-- Installing: /home/packager/aports/main/brotli/pkg/brotli/usr/lib/libbrotlidec.so
-- Installing: /home/packager/aports/main/brotli/pkg/brotli/usr/lib/libbrotlicommon.so.1.1.0
-- Installing: /home/packager/aports/main/brotli/pkg/brotli/usr/lib/libbrotlicommon.so.1
-- Installing: /home/packager/aports/main/brotli/pkg/brotli/usr/lib/libbrotlicommon.so
-- Installing: /home/packager/aports/main/brotli/pkg/brotli/usr/include/brotli
-- Installing: /home/packager/aports/main/brotli/pkg/brotli/usr/include/brotli/encode.h
-- Installing: /home/packager/aports/main/brotli/pkg/brotli/usr/include/brotli/types.h
-- Installing: /home/packager/aports/main/brotli/pkg/brotli/usr/include/brotli/decode.h
-- Installing: /home/packager/aports/main/brotli/pkg/brotli/usr/include/brotli/port.h
-- Installing: /home/packager/aports/main/brotli/pkg/brotli/usr/include/brotli/shared_dictionary.h
-- Installing: /home/packager/aports/main/brotli/pkg/brotli/usr/lib/pkgconfig/libbrotlicommon.pc
-- Installing: /home/packager/aports/main/brotli/pkg/brotli/usr/lib/pkgconfig/libbrotlidec.pc
-- Installing: /home/packager/aports/main/brotli/pkg/brotli/usr/lib/pkgconfig/libbrotlienc.pc
>>> brotli-doc*: Running split function doc...
'usr/share/man' -> '/home/packager/aports/main/brotli/pkg/brotli-doc/usr/share/man'
>>> brotli-doc*: Preparing subpackage brotli-doc...
>>> brotli-doc*: Running postcheck for brotli-doc
>>> brotli-static*: Running split function static...
'./usr/lib/libbrotlicommon.a' -> '/home/packager/aports/main/brotli/pkg/brotli-static/./usr/lib/libbrotlicommon.a'
'./usr/lib/libbrotlidec.a' -> '/home/packager/aports/main/brotli/pkg/brotli-static/./usr/lib/libbrotlidec.a'
'./usr/lib/libbrotlienc.a' -> '/home/packager/aports/main/brotli/pkg/brotli-static/./usr/lib/libbrotlienc.a'
>>> brotli-static*: Preparing subpackage brotli-static...
>>> brotli-static*: Stripping binaries
>>> brotli-static*: Running postcheck for brotli-static
>>> brotli-dev*: Running split function dev...
'usr/include' -> '/home/packager/aports/main/brotli/pkg/brotli-dev/usr/include'
'usr/lib/pkgconfig' -> '/home/packager/aports/main/brotli/pkg/brotli-dev/usr/lib/pkgconfig'
'usr/lib/libbrotlicommon.so' -> '/home/packager/aports/main/brotli/pkg/brotli-dev/usr/lib/libbrotlicommon.so'
'usr/lib/libbrotlidec.so' -> '/home/packager/aports/main/brotli/pkg/brotli-dev/usr/lib/libbrotlidec.so'
'usr/lib/libbrotlienc.so' -> '/home/packager/aports/main/brotli/pkg/brotli-dev/usr/lib/libbrotlienc.so'
>>> brotli-dev*: Preparing subpackage brotli-dev...
>>> brotli-dev*: Stripping binaries
>>> brotli-dev*: Running postcheck for brotli-dev
>>> brotli-libs*: Running split function libs...
'usr/lib/libbrotlicommon.so.1' -> '/home/packager/aports/main/brotli/pkg/brotli-libs/usr/lib/libbrotlicommon.so.1'
'usr/lib/libbrotlicommon.so.1.1.0' -> '/home/packager/aports/main/brotli/pkg/brotli-libs/usr/lib/libbrotlicommon.so.1.1.0'
'usr/lib/libbrotlidec.so.1' -> '/home/packager/aports/main/brotli/pkg/brotli-libs/usr/lib/libbrotlidec.so.1'
'usr/lib/libbrotlidec.so.1.1.0' -> '/home/packager/aports/main/brotli/pkg/brotli-libs/usr/lib/libbrotlidec.so.1.1.0'
'usr/lib/libbrotlienc.so.1' -> '/home/packager/aports/main/brotli/pkg/brotli-libs/usr/lib/libbrotlienc.so.1'
'usr/lib/libbrotlienc.so.1.1.0' -> '/home/packager/aports/main/brotli/pkg/brotli-libs/usr/lib/libbrotlienc.so.1.1.0'
>>> brotli-libs*: Preparing subpackage brotli-libs...
>>> brotli-libs*: Stripping binaries
>>> brotli-libs*: Running postcheck for brotli-libs
>>> py3-brotli-pyc*: Running split function pyc...
'usr/lib/python3.12/site-packages/__pycache__' -> '/home/packager/aports/main/brotli/pkg/py3-brotli-pyc/usr/lib/python3.12/site-packages/__pycache__'
>>> py3-brotli-pyc*: Preparing subpackage py3-brotli-pyc...
>>> py3-brotli-pyc*: Running postcheck for py3-brotli-pyc
>>> py3-brotli*: Running split function py3...
'usr/lib/python3.12' -> '/home/packager/aports/main/brotli/pkg/py3-brotli/usr/lib/python3.12'
>>> py3-brotli*: Preparing subpackage py3-brotli...
>>> py3-brotli*: Stripping binaries
>>> py3-brotli*: Running postcheck for py3-brotli
>>> brotli*: Running postcheck for brotli
>>> brotli*: Preparing package brotli...
>>> brotli*: Stripping binaries
>>> brotli-dev*: Scanning shared objects
>>> brotli-doc*: Scanning shared objects
>>> brotli-libs*: Scanning shared objects
>>> brotli-static*: Scanning shared objects
>>> brotli*: Scanning shared objects
>>> py3-brotli-pyc*: Scanning shared objects
>>> py3-brotli*: Scanning shared objects
>>> brotli-dev*: Tracing dependencies...
	brotli=1.1.0-r2
	brotli-libs=1.1.0-r2
	pkgconfig
>>> brotli-dev*: Package size: 53.9 KB
>>> brotli-dev*: Compressing data...
>>> brotli-dev*: Create checksum...
pigz: not found
>>> brotli-dev*: Create brotli-dev-1.1.0-r2.apk
>>> brotli-doc*: Tracing dependencies...
>>> brotli-doc*: Package size: 13.5 KB
>>> brotli-doc*: Compressing data...
>>> brotli-doc*: Create checksum...
pigz: not found
>>> brotli-doc*: Create brotli-doc-1.1.0-r2.apk
>>> brotli-libs*: Tracing dependencies...
	so:libc.musl-x86_64.so.1
>>> brotli-libs*: Package size: 913.5 KB
>>> brotli-libs*: Compressing data...
>>> brotli-libs*: Create checksum...
pigz: not found
>>> brotli-libs*: Create brotli-libs-1.1.0-r2.apk
>>> brotli-static*: Tracing dependencies...
>>> brotli-static*: Package size: 2.7 MB
>>> brotli-static*: Compressing data...
>>> brotli-static*: Create checksum...
pigz: not found
>>> brotli-static*: Create brotli-static-1.1.0-r2.apk
>>> brotli*: Tracing dependencies...
	so:libbrotlidec.so.1
	so:libbrotlienc.so.1
	so:libc.musl-x86_64.so.1
>>> brotli*: Package size: 29.8 KB
>>> brotli*: Compressing data...
>>> brotli*: Create checksum...
pigz: not found
>>> brotli*: Create brotli-1.1.0-r2.apk
>>> py3-brotli-pyc*: Tracing dependencies...
	python3~3.12
>>> py3-brotli-pyc*: Package size: 1.9 KB
>>> py3-brotli-pyc*: Compressing data...
>>> py3-brotli-pyc*: Create checksum...
pigz: not found
>>> py3-brotli-pyc*: Create py3-brotli-pyc-1.1.0-r2.apk
>>> py3-brotli*: Tracing dependencies...
	python3~3.12
	so:libc.musl-x86_64.so.1
>>> py3-brotli*: Package size: 912.5 KB
>>> py3-brotli*: Compressing data...
>>> py3-brotli*: Create checksum...
pigz: not found
>>> py3-brotli*: Create py3-brotli-1.1.0-r2.apk
>>> brotli: Build complete at Sun, 18 May 2025 04:50:32 +0000 elapsed time 0h 0m 51s
>>> brotli: Cleaning up srcdir
>>> brotli: Cleaning up pkgdir
>>> brotli: Uninstalling dependencies...
(1/30) Purging .makedepends-brotli (20250518.044942)
(2/30) Purging cmake (3.31.7-r0)
(3/30) Purging samurai (1.2-r6)
(4/30) Purging python3-dev (3.12.10-r0)
(5/30) Purging py3-gpep517-pyc (19-r0)
(6/30) Purging py3-gpep517 (19-r0)
(7/30) Purging py3-installer-pyc (0.7.0-r2)
(8/30) Purging py3-installer (0.7.0-r2)
(9/30) Purging py3-setuptools-pyc (80.3.1-r0)
(10/30) Purging py3-setuptools (80.3.1-r0)
(11/30) Purging py3-wheel-pyc (0.46.1-r0)
(12/30) Purging py3-wheel (0.46.1-r0)
(13/30) Purging py3-packaging-pyc (25.0-r0)
(14/30) Purging py3-packaging (25.0-r0)
(15/30) Purging py3-parsing-pyc (3.2.3-r0)
(16/30) Purging py3-parsing (3.2.3-r0)
(17/30) Purging python3-pyc (3.12.10-r0)
(18/30) Purging python3-pycache-pyc0 (3.12.10-r0)
(19/30) Purging pyc (3.12.10-r0)
(20/30) Purging python3 (3.12.10-r0)
(21/30) Purging gdbm (1.24-r0)
(22/30) Purging libarchive (3.7.9-r0)
(23/30) Purging libbz2 (1.0.8-r6)
(24/30) Purging libffi (3.4.7-r0)
(25/30) Purging libuv (1.49.2-r0)
(26/30) Purging lz4-libs (1.10.0-r0)
(27/30) Purging mpdecimal (4.0.0-r0)
(28/30) Purging rhash-libs (1.4.5-r0)
(29/30) Purging sqlite-libs (3.49.2-r0)
(30/30) Purging xz-libs (5.6.3-r1)
Executing busybox-1.37.0-r12.trigger
OK: 260 MiB in 81 packages
>>> brotli: Updating the main/x86_64 repository index...
>>> brotli: Signing the index...
pigz: not found
