>>> perl-scope-upper: Validating /home/packager/oily-pine/main/perl-scope-upper/APKBUILD...
>>> perl-scope-upper: Cleaning up srcdir
>>> perl-scope-upper: Cleaning up pkgdir
>>> perl-scope-upper: Cleaning up tmpdir
>>> perl-scope-upper: Fetching https://cpan.metacpan.org/authors/id/V/VP/VPIT/Scope-Upper-0.34.tar.gz
  % Total    % Received % Xferd  Average Speed   Time    Time     Time  Current
                                 Dload  Upload   Total   Spent    Left  Speed
  0     0    0     0    0     0      0      0 --:--:-- --:--:-- --:--:--     0100 98128  100 98128    0     0   246k      0 --:--:-- --:--:-- --:--:--  246k
>>> perl-scope-upper: Fetching https://cpan.metacpan.org/authors/id/V/VP/VPIT/Scope-Upper-0.34.tar.gz
>>> perl-scope-upper: Checking sha512sums...
Scope-Upper-0.34.tar.gz: OK
>>> perl-scope-upper: Preparing build chroot...
fetch http://dl-cdn.alpinelinux.org/alpine/edge/main/x86_64/APKINDEX.tar.gz
(1/75) Installing musl (1.2.5-r10)
(2/75) Installing libcrypto3 (3.5.0-r0)
(3/75) Installing ca-certificates-bundle (20241121-r2)
(4/75) Installing libssl3 (3.5.0-r0)
(5/75) Installing zlib (1.3.1-r2)
(6/75) Installing libapk2 (2.14.9-r2)
(7/75) Installing apk-tools (2.14.9-r2)
(8/75) Installing libcap2 (2.76-r0)
(9/75) Installing libcap-getcap (2.76-r0)
(10/75) Installing fakeroot (1.37.1.1-r0)
(11/75) Installing scanelf (1.3.8-r1)
(12/75) Installing musl-utils (1.2.5-r10)
(13/75) Installing libgcc (14.3.0-r1)
(14/75) Installing libstdc++ (14.3.0-r1)
(15/75) Installing lzip (1.25-r0)
(16/75) Installing openssl (3.5.0-r0)
(17/75) Installing patch (2.8-r0)
(18/75) Installing pkgconf (2.4.3-r0)
(19/75) Installing acl-libs (2.3.2-r1)
(20/75) Installing tar (1.35-r3)
(21/75) Installing busybox (1.37.0-r18)
Executing busybox-1.37.0-r18.post-install
(22/75) Installing ssl_client (1.37.0-r18)
(23/75) Installing busybox-binsh (1.37.0-r18)
(24/75) Installing abuild (3.15.0-r0)
Executing abuild-3.15.0-r0.pre-install
(25/75) Installing abuild-sudo (3.15.0-r0)
(26/75) Installing alpine-baselayout-data (3.7.0-r0)
(27/75) Installing alpine-baselayout (3.7.0-r0)
Executing alpine-baselayout-3.7.0-r0.pre-install
Executing alpine-baselayout-3.7.0-r0.post-install
(28/75) Installing bridge (1.5-r5)
(29/75) Installing ifupdown-ng (0.12.1-r7)
(30/75) Installing openrc-user (0.62.2-r2)
(31/75) Installing openrc (0.62.2-r2)
Executing openrc-0.62.2-r2.post-install
(32/75) Installing mdev-conf (4.8-r0)
(33/75) Installing busybox-mdev-openrc (1.37.0-r18)
(34/75) Installing alpine-conf (3.20.0-r0)
(35/75) Installing alpine-keys (2.5-r0)
(36/75) Installing alpine-release (3.22.0-r0)
(37/75) Installing busybox-openrc (1.37.0-r18)
(38/75) Installing busybox-suid (1.37.0-r18)
(39/75) Installing alpine-base (3.22.0-r0)
(40/75) Installing jansson (2.14.1-r0)
(41/75) Installing zstd-libs (1.5.7-r0)
(42/75) Installing binutils (2.44-r0)
(43/75) Installing libmagic (5.46-r2)
(44/75) Installing file (5.46-r2)
(45/75) Installing libgomp (14.3.0-r1)
(46/75) Installing libatomic (14.3.0-r1)
(47/75) Installing gmp (6.3.0-r3)
(48/75) Installing isl26 (0.26-r1)
(49/75) Installing mpfr4 (4.2.1_p1-r0)
(50/75) Installing mpc1 (1.3.1-r1)
(51/75) Installing gcc (14.3.0-r1)
(52/75) Installing libstdc++-dev (14.3.0-r1)
(53/75) Installing musl-dev (1.2.5-r10)
(54/75) Installing g++ (14.3.0-r1)
(55/75) Installing make (4.4.1-r3)
(56/75) Installing fortify-headers (1.1-r5)
(57/75) Installing build-base (0.5-r3)
(58/75) Installing brotli-libs (1.1.0-r2)
(59/75) Installing c-ares (1.34.5-r0)
(60/75) Installing libunistring (1.3-r0)
(61/75) Installing libidn2 (2.3.7-r0)
(62/75) Installing nghttp2-libs (1.65.0-r0)
(63/75) Installing libpsl (0.21.5-r3)
(64/75) Installing libcurl (8.14.0-r2)
(65/75) Installing libexpat (2.7.1-r0)
(66/75) Installing pcre2 (10.43-r1)
(67/75) Installing git (2.49.0-r0)
(68/75) Installing git-init-template (2.49.0-r0)
(69/75) Installing libbz2 (1.0.8-r6)
(70/75) Installing perl (5.40.2-r0)
(71/75) Installing perl-error (0.17030-r0)
(72/75) Installing perl-git (2.49.0-r0)
(73/75) Installing git-perl (2.49.0-r0)
(74/75) Installing perl-utils (5.40.2-r0)
(75/75) Installing perl-dev (5.40.2-r0)
Executing busybox-1.37.0-r18.trigger
OK: 305 MiB in 75 packages
>>> perl-scope-upper: Fetching https://cpan.metacpan.org/authors/id/V/VP/VPIT/Scope-Upper-0.34.tar.gz
>>> perl-scope-upper: Checking sha512sums...
Scope-Upper-0.34.tar.gz: OK
>>> perl-scope-upper: Unpacking /var/cache/distfiles/Scope-Upper-0.34.tar.gz...
Checking if this is an official release of perl... yes
Checking if this is gcc 3.4 on Windows trying to link against an import library... no
Checking if your kit is complete...
Looks good
Generating a Unix-style Makefile
Writing Makefile for Scope::Upper
Writing MYMETA.yml and MYMETA.json
Running Mkbootstrap for Upper ()
"/usr/bin/perl" "/usr/share/perl5/core_perl/ExtUtils/xsubpp"  -typemap '/usr/share/perl5/core_perl/ExtUtils/typemap'  Upper.xs > Upper.xsc
chmod 644 "Upper.bs"
"/usr/bin/perl" -MExtUtils::Command::MM -e 'cp_nonempty' -- Upper.bs blib/arch/auto/Scope/Upper/Upper.bs 644
cp lib/Scope/Upper.pm blib/lib/Scope/Upper.pm
mv Upper.xsc Upper.c
cc -c   -D_REENTRANT -D_GNU_SOURCE -D_GNU_SOURCE -fwrapv -fno-strict-aliasing -pipe -fstack-protector-strong -D_LARGEFILE_SOURCE -D_FILE_OFFSET_BITS=64 -Os -fstack-clash-protection -Wformat -Werror=format-security -fno-plt -O2   -DVERSION=\"0.34\" -DXS_VERSION=\"0.34\" -fPIC "-I/usr/lib/perl5/core_perl/CORE"  -DSU_RELEASE=1 Upper.c
rm -f blib/arch/auto/Scope/Upper/Upper.so
cc  -shared -Os -fstack-clash-protection -Wformat -Werror=format-security -fno-plt -O2 -L/usr/local/lib -fstack-protector-strong  Upper.o  -o blib/arch/auto/Scope/Upper/Upper.so  \
      \
  
chmod 755 blib/arch/auto/Scope/Upper/Upper.so
Manifying 1 pod document
"/usr/bin/perl" -MExtUtils::Command::MM -e 'cp_nonempty' -- Upper.bs blib/arch/auto/Scope/Upper/Upper.bs 644
PERL_DL_NONLAZY=1 "/usr/bin/perl" "-MExtUtils::Command::MM" "-MTest::Harness" "-e" "undef *Test::Harness::Switches; test_harness(0, 'blib/lib', 'blib/arch')" t/*.t
# Testing Scope::Upper 0.34, Perl 5.040002, /usr/bin/perl
t/00-load.t ...................... ok
t/01-import.t .................... ok
t/05-words.t ..................... ok
t/06-want_at.t ................... ok
t/07-context_info.t .............. ok
# Using threads 2.40
# Using threads::shared 1.69
t/09-load-threads.t .............. ok
t/11-reap-level.t ................ ok
t/12-reap-block.t ................ ok
t/13-reap-ctl.t .................. ok
t/15-reap-multi.t ................ ok
t/16-reap-numerous.t ............. ok
t/20-localize-target.t ........... ok
t/21-localize-level.t ............ ok
t/22-localize-block.t ............ ok
t/23-localize-ctl.t .............. ok
t/24-localize-magic.t ............ ok
t/25-localize-multi.t ............ ok
t/26-localize-numerous.t ......... ok
t/30-localize_elem-target.t ...... ok
t/31-localize_elem-level.t ....... ok
t/32-localize_elem-block.t ....... ok
t/34-localize_elem-magic.t ....... ok
t/36-localize_elem-numerous.t .... ok
t/40-localize_delete-target.t .... ok
t/41-localize_delete-level.t ..... ok
t/44-localize_delete-magic.t ..... ok
t/46-localize_delete-numerous.t .. ok
t/50-unwind-target.t ............. ok
t/51-unwind-multi.t .............. ok
t/52-unwind-context.t ............ ok
t/53-unwind-misc.t ............... ok
# Using threads 2.40
# Using threads::shared 1.69
# Using usleep() from Time::HiRes 1.9777
t/54-unwind-threads.t ............ ok
t/55-yield-target.t .............. ok
t/57-yield-context.t ............. ok
t/58-yield-misc.t ................ ok
# Using threads 2.40
# Using threads::shared 1.69
# Using usleep() from Time::HiRes 1.9777
t/59-yield-threads.t ............. ok
t/60-uplevel-target.t ............ ok
t/61-uplevel-args.t .............. ok
t/62-uplevel-return.t ............ ok
t/63-uplevel-ctl.t ............... ok
t/64-uplevel-caller.t ............ ok
t/65-uplevel-multi.t ............. ok
t/66-uplevel-context.t ........... ok
t/67-uplevel-scope.t ............. ok
# Using threads 2.40
# Using threads::shared 1.69
# Using usleep() from Time::HiRes 1.9777
t/69-uplevel-threads.t ........... ok
t/70-uid-target.t ................ ok
t/74-uid-validate.t .............. ok
t/75-uid-uplevel.t ............... ok
# Using threads 2.40
# Using threads::shared 1.69
# Using usleep() from Time::HiRes 1.9777
t/79-uid-threads.t ............... ok
t/81-stress-level.t .............. ok
t/84-stress-unwind.t ............. ok
t/85-stress-yield.t .............. ok
t/86-stress-uplevel.t ............ ok
t/87-stress-uid.t ................ ok
All tests successful.
Files=54, Tests=89771,  4 wallclock secs ( 1.14 usr  0.04 sys +  3.27 cusr  0.67 csys =  5.12 CPU)
Result: PASS
>>> perl-scope-upper: Entering fakeroot...
"/usr/bin/perl" -MExtUtils::Command::MM -e 'cp_nonempty' -- Upper.bs blib/arch/auto/Scope/Upper/Upper.bs 644
Manifying 1 pod document
Appending installation info to /tmp/pkg/perl-scope-upper/usr/lib/perl5/core_perl/perllocal.pod
Files found in blib/arch: installing files in blib/lib into architecture dependent library tree
Installing /tmp/pkg/perl-scope-upper/usr/lib/perl5/vendor_perl/auto/Scope/Upper/Upper.so
Installing /tmp/pkg/perl-scope-upper/usr/lib/perl5/vendor_perl/Scope/Upper.pm
Installing /tmp/pkg/perl-scope-upper/usr/share/man/man3/Scope::Upper.3pm
>>> perl-scope-upper-doc*: Running split function doc...
'usr/share/man' -> '/tmp/pkg/perl-scope-upper-doc/usr/share/man'
>>> perl-scope-upper-doc*: Preparing subpackage perl-scope-upper-doc...
>>> perl-scope-upper-doc*: Running postcheck for perl-scope-upper-doc
>>> perl-scope-upper*: Running postcheck for perl-scope-upper
>>> perl-scope-upper*: Preparing package perl-scope-upper...
>>> perl-scope-upper*: Stripping binaries
>>> perl-scope-upper-doc*: Scanning shared objects
>>> perl-scope-upper*: Scanning shared objects
>>> perl-scope-upper-doc*: Tracing dependencies...
>>> perl-scope-upper-doc*: Package size: 9.5 KB
>>> perl-scope-upper-doc*: Compressing data...
>>> perl-scope-upper-doc*: Create checksum...
>>> perl-scope-upper-doc*: Create perl-scope-upper-doc-0.34-r3.apk
>>> perl-scope-upper*: Tracing dependencies...
	perl
	so:libc.musl-x86_64.so.1
>>> perl-scope-upper*: Package size: 71.3 KB
>>> perl-scope-upper*: Compressing data...
>>> perl-scope-upper*: Create checksum...
>>> perl-scope-upper*: Create perl-scope-upper-0.34-r3.apk
>>> perl-scope-upper: Updating the main/x86_64 repository index...
>>> perl-scope-upper: Signing the index...
>>> perl-scope-upper: Cleaning up srcdir
>>> perl-scope-upper: Cleaning up build chroot
>>> perl-scope-upper: Cleaning up pkgdir
