pigz: not found
>>> perl-term-table: Building main/perl-term-table 0.024-r0 (using abuild 3.14.1-r4) started Sun, 18 May 2025 10:40:21 +0000
>>> perl-term-table: Validating /home/packager/aports/main/perl-term-table/APKBUILD...
>>> perl-term-table: Analyzing dependencies...
>>> perl-term-table: Installing for build: build-base perl
(1/6) Installing libbz2 (1.0.8-r6)
(2/6) Installing perl (5.40.2-r0)
(3/6) Installing .makedepends-perl-term-table (20250518.104022)
(4/6) Installing perl-error (0.17030-r0)
(5/6) Installing perl-git (2.47.2-r0)
(6/6) Installing git-perl (2.47.2-r0)
Executing busybox-1.37.0-r12.trigger
OK: 297 MiB in 87 packages
>>> perl-term-table: Cleaning up srcdir
>>> perl-term-table: Cleaning up pkgdir
>>> perl-term-table: Cleaning up tmpdir
>>> perl-term-table: Fetching https://cpan.metacpan.org/authors/id/E/EX/EXODIST/Term-Table-0.024.tar.gz
Connecting to cpan.metacpan.org (146.75.122.217:443)
saving to '/var/cache/distfiles/Term-Table-0.024.tar.gz.part'
Term-Table-0.024.tar 100% |********************************| 29271  0:00:00 ETA
'/var/cache/distfiles/Term-Table-0.024.tar.gz.part' saved
>>> perl-term-table: Fetching https://cpan.metacpan.org/authors/id/E/EX/EXODIST/Term-Table-0.024.tar.gz
>>> perl-term-table: Checking sha512sums...
Term-Table-0.024.tar.gz: OK
>>> perl-term-table: Unpacking /var/cache/distfiles/Term-Table-0.024.tar.gz...
Checking if your kit is complete...
Looks good
Generating a Unix-style Makefile
Writing Makefile for Term::Table
Writing MYMETA.yml and MYMETA.json
cp lib/Term/Table.pm blib/lib/Term/Table.pm
cp lib/Term/Table/Util.pm blib/lib/Term/Table/Util.pm
cp lib/Term/Table/HashBase.pm blib/lib/Term/Table/HashBase.pm
cp lib/Term/Table/LineBreak.pm blib/lib/Term/Table/LineBreak.pm
cp lib/Term/Table/Spacer.pm blib/lib/Term/Table/Spacer.pm
cp lib/Term/Table/Cell.pm blib/lib/Term/Table/Cell.pm
cp lib/Term/Table/CellStack.pm blib/lib/Term/Table/CellStack.pm
Manifying 6 pod documents
PERL_DL_NONLAZY=1 "/usr/bin/perl" "-MExtUtils::Command::MM" "-MTest::Harness" "-e" "undef *Test::Harness::Switches; test_harness(0, 'blib/lib', 'blib/arch')" t/*.t t/Table/*.t
t/bad_blank_line.t ........ ok
t/HashBase.t .............. ok
# Using Test2::Tools::Tiny 1.302199
t/honor_env_in_non_tty.t .. ok
t/issue-9.t ............... ok
t/Table.t ................. ok
t/Table/Cell.t ............ ok
t/Table/CellStack.t ....... ok
t/Table/LineBreak.t ....... ok
All tests successful.
Files=8, Tests=82,  1 wallclock secs ( 0.02 usr  0.02 sys +  0.47 cusr  0.11 csys =  0.62 CPU)
Result: PASS
>>> perl-term-table: Entering fakeroot...
Manifying 6 pod documents
Installing /home/packager/aports/main/perl-term-table/pkg/perl-term-table/usr/share/perl5/vendor_perl/Term/Table.pm
Installing /home/packager/aports/main/perl-term-table/pkg/perl-term-table/usr/share/perl5/vendor_perl/Term/Table/Spacer.pm
Installing /home/packager/aports/main/perl-term-table/pkg/perl-term-table/usr/share/perl5/vendor_perl/Term/Table/Cell.pm
Installing /home/packager/aports/main/perl-term-table/pkg/perl-term-table/usr/share/perl5/vendor_perl/Term/Table/HashBase.pm
Installing /home/packager/aports/main/perl-term-table/pkg/perl-term-table/usr/share/perl5/vendor_perl/Term/Table/CellStack.pm
Installing /home/packager/aports/main/perl-term-table/pkg/perl-term-table/usr/share/perl5/vendor_perl/Term/Table/Util.pm
Installing /home/packager/aports/main/perl-term-table/pkg/perl-term-table/usr/share/perl5/vendor_perl/Term/Table/LineBreak.pm
Installing /home/packager/aports/main/perl-term-table/pkg/perl-term-table/usr/share/man/man3/Term::Table::HashBase.3pm
Installing /home/packager/aports/main/perl-term-table/pkg/perl-term-table/usr/share/man/man3/Term::Table::Cell.3pm
Installing /home/packager/aports/main/perl-term-table/pkg/perl-term-table/usr/share/man/man3/Term::Table::Util.3pm
Installing /home/packager/aports/main/perl-term-table/pkg/perl-term-table/usr/share/man/man3/Term::Table.3pm
Installing /home/packager/aports/main/perl-term-table/pkg/perl-term-table/usr/share/man/man3/Term::Table::CellStack.3pm
Installing /home/packager/aports/main/perl-term-table/pkg/perl-term-table/usr/share/man/man3/Term::Table::LineBreak.3pm
>>> perl-term-table*: Running postcheck for perl-term-table
>>> perl-term-table*: Preparing package perl-term-table...
>>> perl-term-table*: Tracing dependencies...
	perl
>>> perl-term-table*: Package size: 37.7 KB
>>> perl-term-table*: Compressing data...
>>> perl-term-table*: Create checksum...
pigz: not found
>>> perl-term-table*: Create perl-term-table-0.024-r0.apk
>>> perl-term-table: Build complete at Sun, 18 May 2025 10:40:25 +0000 elapsed time 0h 0m 4s
>>> perl-term-table: Cleaning up srcdir
>>> perl-term-table: Cleaning up pkgdir
>>> perl-term-table: Uninstalling dependencies...
(1/6) Purging .makedepends-perl-term-table (20250518.104022)
(2/6) Purging git-perl (2.47.2-r0)
(3/6) Purging perl-git (2.47.2-r0)
(4/6) Purging perl-error (0.17030-r0)
(5/6) Purging perl (5.40.2-r0)
(6/6) Purging libbz2 (1.0.8-r6)
Executing busybox-1.37.0-r12.trigger
OK: 261 MiB in 81 packages
>>> perl-term-table: Updating the main/x86_64 repository index...
>>> perl-term-table: Signing the index...
pigz: not found
