>>> perl-gd: Validating /home/packager/oily-pine/main/perl-gd/APKBUILD...
>>> perl-gd: Cleaning up srcdir
>>> perl-gd: Cleaning up pkgdir
>>> perl-gd: Cleaning up tmpdir
>>> perl-gd: Fetching https://cpan.metacpan.org/authors/id/R/RU/RURBAN/GD-2.83.tar.gz
  % Total    % Received % Xferd  Average Speed   Time    Time     Time  Current
                                 Dload  Upload   Total   Spent    Left  Speed
  0     0    0     0    0     0      0      0 --:--:-- --:--:-- --:--:--     0100  280k  100  280k    0     0   460k      0 --:--:-- --:--:-- --:--:--  461k
>>> perl-gd: Fetching https://cpan.metacpan.org/authors/id/R/RU/RURBAN/GD-2.83.tar.gz
>>> perl-gd: Checking sha512sums...
GD-2.83.tar.gz: OK
>>> perl-gd: Preparing build chroot...
fetch http://dl-cdn.alpinelinux.org/alpine/edge/main/x86_64/APKINDEX.tar.gz
(1/149) Installing musl (1.2.5-r10)
(2/149) Installing libcrypto3 (3.5.0-r0)
(3/149) Installing ca-certificates-bundle (20241121-r2)
(4/149) Installing libssl3 (3.5.0-r0)
(5/149) Installing zlib (1.3.1-r2)
(6/149) Installing libapk2 (2.14.9-r2)
(7/149) Installing apk-tools (2.14.9-r2)
(8/149) Installing libcap2 (2.76-r0)
(9/149) Installing libcap-getcap (2.76-r0)
(10/149) Installing fakeroot (1.37.1.1-r0)
(11/149) Installing scanelf (1.3.8-r1)
(12/149) Installing musl-utils (1.2.5-r10)
(13/149) Installing libgcc (14.3.0-r1)
(14/149) Installing libstdc++ (14.3.0-r1)
(15/149) Installing lzip (1.25-r0)
(16/149) Installing openssl (3.5.0-r0)
(17/149) Installing patch (2.8-r0)
(18/149) Installing pkgconf (2.4.3-r0)
(19/149) Installing acl-libs (2.3.2-r1)
(20/149) Installing tar (1.35-r3)
(21/149) Installing busybox (1.37.0-r18)
Executing busybox-1.37.0-r18.post-install
(22/149) Installing ssl_client (1.37.0-r18)
(23/149) Installing busybox-binsh (1.37.0-r18)
(24/149) Installing abuild (3.15.0-r0)
Executing abuild-3.15.0-r0.pre-install
(25/149) Installing abuild-sudo (3.15.0-r0)
(26/149) Installing alpine-baselayout-data (3.7.0-r0)
(27/149) Installing alpine-baselayout (3.7.0-r0)
Executing alpine-baselayout-3.7.0-r0.pre-install
Executing alpine-baselayout-3.7.0-r0.post-install
(28/149) Installing bridge (1.5-r5)
(29/149) Installing ifupdown-ng (0.12.1-r7)
(30/149) Installing openrc-user (0.62.2-r2)
(31/149) Installing openrc (0.62.2-r2)
Executing openrc-0.62.2-r2.post-install
(32/149) Installing mdev-conf (4.8-r0)
(33/149) Installing busybox-mdev-openrc (1.37.0-r18)
(34/149) Installing alpine-conf (3.20.0-r0)
(35/149) Installing alpine-keys (2.5-r0)
(36/149) Installing alpine-release (3.22.0-r0)
(37/149) Installing busybox-openrc (1.37.0-r18)
(38/149) Installing busybox-suid (1.37.0-r18)
(39/149) Installing alpine-base (3.22.0-r0)
(40/149) Installing jansson (2.14.1-r0)
(41/149) Installing zstd-libs (1.5.7-r0)
(42/149) Installing binutils (2.44-r0)
(43/149) Installing libmagic (5.46-r2)
(44/149) Installing file (5.46-r2)
(45/149) Installing libgomp (14.3.0-r1)
(46/149) Installing libatomic (14.3.0-r1)
(47/149) Installing gmp (6.3.0-r3)
(48/149) Installing isl26 (0.26-r1)
(49/149) Installing mpfr4 (4.2.1_p1-r0)
(50/149) Installing mpc1 (1.3.1-r1)
(51/149) Installing gcc (14.3.0-r1)
(52/149) Installing libstdc++-dev (14.3.0-r1)
(53/149) Installing musl-dev (1.2.5-r10)
(54/149) Installing g++ (14.3.0-r1)
(55/149) Installing make (4.4.1-r3)
(56/149) Installing fortify-headers (1.1-r5)
(57/149) Installing build-base (0.5-r3)
(58/149) Installing brotli-libs (1.1.0-r2)
(59/149) Installing libbz2 (1.0.8-r6)
(60/149) Installing libpng (1.6.47-r0)
(61/149) Installing freetype (2.13.3-r0)
(62/149) Installing bzip2-dev (1.0.8-r6)
(63/149) Installing brotli (1.1.0-r2)
(64/149) Installing brotli-dev (1.1.0-r2)
(65/149) Installing zlib-dev (1.3.1-r2)
(66/149) Installing libpng-dev (1.6.47-r0)
(67/149) Installing freetype-dev (2.13.3-r0)
(68/149) Installing libxau (1.0.12-r0)
(69/149) Installing libmd (1.1.0-r0)
(70/149) Installing libbsd (0.12.2-r0)
(71/149) Installing libxdmcp (1.1.5-r1)
(72/149) Installing libxcb (1.17.0-r0)
(73/149) Installing libx11 (1.8.11-r0)
(74/149) Installing libxext (1.3.6-r2)
(75/149) Installing libice (1.1.2-r0)
(76/149) Installing libuuid (2.41-r9)
(77/149) Installing libsm (1.2.5-r0)
(78/149) Installing libxt (1.3.1-r0)
(79/149) Installing libxpm (3.5.17-r0)
(80/149) Installing aom-libs (3.12.1-r0)
(81/149) Installing libdav1d (1.5.1-r0)
(82/149) Installing libjpeg-turbo (3.1.0-r0)
(83/149) Installing libyuv (0.0.1887.20251502-r1)
(84/149) Installing libavif (1.2.1-r1)
(85/149) Installing libexpat (2.7.1-r0)
(86/149) Installing fontconfig (2.15.0-r3)
(87/149) Installing libsharpyuv (1.5.0-r0)
(88/149) Installing libwebp (1.5.0-r0)
(89/149) Installing tiff (4.7.0-r0)
(90/149) Installing libgd (2.3.3-r10)
(91/149) Installing gd (2.3.3-r10)
(92/149) Installing perl (5.40.2-r0)
(93/149) Installing expat (2.7.1-r0)
(94/149) Installing expat-dev (2.7.1-r0)
(95/149) Installing fontconfig-dev (2.15.0-r3)
(96/149) Installing aom-dev (3.12.1-r0)
(97/149) Installing dav1d-dev (1.5.1-r0)
(98/149) Installing libavif-dev (1.2.1-r1)
(99/149) Installing libturbojpeg (3.1.0-r0)
(100/149) Installing libjpeg-turbo-dev (3.1.0-r0)
(101/149) Installing libtiffxx (4.7.0-r0)
(102/149) Installing libwebpdecoder (1.5.0-r0)
(103/149) Installing libwebpdemux (1.5.0-r0)
(104/149) Installing libwebpmux (1.5.0-r0)
(105/149) Installing libwebp-dev (1.5.0-r0)
(106/149) Installing zstd (1.5.7-r0)
(107/149) Installing zstd-dev (1.5.7-r0)
(108/149) Installing tiff-dev (4.7.0-r0)
(109/149) Installing xorgproto (2024.1-r0)
(110/149) Installing libxau-dev (1.0.12-r0)
(111/149) Installing libffi (3.4.8-r0)
(112/149) Installing gdbm (1.24-r0)
(113/149) Installing xz-libs (5.8.1-r0)
(114/149) Installing mpdecimal (4.0.1-r0)
(115/149) Installing ncurses-terminfo-base (6.5_p20250503-r0)
(116/149) Installing libncursesw (6.5_p20250503-r0)
(117/149) Installing libpanelw (6.5_p20250503-r0)
(118/149) Installing readline (8.2.13-r1)
(119/149) Installing sqlite-libs (3.50.0-r0)
(120/149) Installing python3 (3.12.10-r1)
(121/149) Installing python3-pycache-pyc0 (3.12.10-r1)
(122/149) Installing pyc (3.12.10-r1)
(123/149) Installing xcb-proto-pyc (1.17.0-r0)
(124/149) Installing python3-pyc (3.12.10-r1)
(125/149) Installing xcb-proto (1.17.0-r0)
(126/149) Installing libxdmcp-dev (1.1.5-r1)
(127/149) Installing libxcb-dev (1.17.0-r0)
(128/149) Installing xtrans (1.5.2-r0)
(129/149) Installing libx11-dev (1.8.11-r0)
(130/149) Installing libxpm-dev (3.5.17-r0)
(131/149) Installing gd-dev (2.3.3-r10)
(132/149) Installing c-ares (1.34.5-r0)
(133/149) Installing libunistring (1.3-r0)
(134/149) Installing libidn2 (2.3.7-r0)
(135/149) Installing nghttp2-libs (1.65.0-r0)
(136/149) Installing libpsl (0.21.5-r3)
(137/149) Installing libcurl (8.14.0-r2)
(138/149) Installing pcre2 (10.43-r1)
(139/149) Installing git (2.49.0-r0)
(140/149) Installing git-init-template (2.49.0-r0)
(141/149) Installing perl-error (0.17030-r0)
(142/149) Installing perl-git (2.49.0-r0)
(143/149) Installing git-perl (2.49.0-r0)
(144/149) Installing perl-utils (5.40.2-r0)
(145/149) Installing perl-dev (5.40.2-r0)
(146/149) Installing perl-extutils-pkgconfig (1.16-r5)
(147/149) Installing perl-file-which (1.27-r1)
(148/149) Installing perl-test-fork (0.02-r3)
(149/149) Installing perl-test-nowarnings (1.06-r1)
Executing busybox-1.37.0-r18.trigger
OK: 370 MiB in 149 packages
>>> perl-gd: Fetching https://cpan.metacpan.org/authors/id/R/RU/RURBAN/GD-2.83.tar.gz
>>> perl-gd: Checking sha512sums...
GD-2.83.tar.gz: OK
>>> perl-gd: Unpacking /var/cache/distfiles/GD-2.83.tar.gz...
Configuring for libgd version 2.3.3.
gdlib.pc not found, guessing the features.

Included Features:          GD_GIF GD_OPENPOLYGON GD_ZLIB GD_PNG GD_FREETYPE GD_FONTCONFIG GD_JPEG GD_XPM GD_TIFF GD_WEBP GD_AVIF GD_HEIF GD_UNCLOSEDPOLY GD_FTCIRCLE VERSION_33 WINDOWS_BMP
gdlib-config used from the PATH
Where is libgd installed? [/usr/lib] /usr/lib
External LIBS:               -lgd
Checking if your kit is complete...
Looks good
Generating a Unix-style Makefile
Writing Makefile for GD
Writing MYMETA.yml and MYMETA.json
"/usr/bin/perl" lib/GD/Image_pm.PL lib/GD/Image.pm 
Running Mkbootstrap for GD ()
"/usr/bin/perl" "/usr/share/perl5/core_perl/ExtUtils/xsubpp"  -typemap '/usr/share/perl5/core_perl/ExtUtils/typemap' -typemap '/tmp/src/GD-2.83/typemap'  GD.xs > GD.xsc
chmod 644 "GD.bs"
Extracting Image.pm (with variable substitutions)
"/usr/bin/perl" -MExtUtils::Command::MM -e 'cp_nonempty' -- GD.bs blib/arch/auto/GD/GD.bs 644
cp lib/GD/Simple.pm blib/lib/GD/Simple.pm
cp lib/GD/Polygon.pm blib/lib/GD/Polygon.pm
cp lib/GD/Polyline.pm blib/lib/GD/Polyline.pm
cp lib/GD.pm blib/lib/GD.pm
AutoSplitting blib/lib/GD.pm (blib/lib/auto/GD)
cp lib/GD/Group.pm blib/lib/GD/Group.pm
cp lib/GD/Image.pm blib/lib/GD/Image.pm
"/usr/bin/perl" "-Iblib/arch" "-Iblib/lib" bdf_scripts/bdf2gdfont_pl.PL bdf_scripts/bdf2gdfont.pl 
Extracting bdf2gdfont.pl (with variable substitutions)
mv GD.xsc GD.c
cc -c  -I/usr/include/freetype2 -I/usr/include/libpng16 -I/usr/include/webp  -D_REENTRANT -D_GNU_SOURCE -D_GNU_SOURCE -fwrapv -fno-strict-aliasing -pipe -fstack-protector-strong -D_LARGEFILE_SOURCE -D_FILE_OFFSET_BITS=64 -Wall -Wextra -Wformat=1 -Os -fstack-clash-protection -Wformat -Werror=format-security -fno-plt -O2   -DVERSION=\"2.83\" -DXS_VERSION=\"2.83\" -fPIC "-I/usr/lib/perl5/core_perl/CORE"  -DHAVE_WBMP -DHAVE_JPEG -DHAVE_FT -DHAVE_GIF -DHAVE_PNG -DHAVE_TIFF -DVERSION_33 -DHAVE_UNCLOSEDPOLY -DHAVE_FONTCONFIG -DHAVE_FTCIRCLE -DHAVE_WEBP -DHAVE_HEIF -DHAVE_AVIF -DHAVE_BMP -DLIBGD_VERSION="2.3.3" GD.c
In file included from GD.xs:108:
const-c.inc: In function 'constant_19':
const-c.inc:795:42: warning: unused parameter 'iv_return' [-Wunused-parameter]
  795 | constant_19 (pTHX_ const char *name, IV *iv_return) {
      |                                      ~~~~^~~~~~~~~
rm -f blib/arch/auto/GD/GD.so
LD_RUN_PATH="/usr/lib" cc  -shared -Os -fstack-clash-protection -Wformat -Werror=format-security -fno-plt -O2 -L/usr/local/lib -fstack-protector-strong  GD.o  -o blib/arch/auto/GD/GD.so  \
   -lgd   \
  
chmod 755 blib/arch/auto/GD/GD.so
cp bdf_scripts/bdf2gdfont.pl blib/script/bdf2gdfont.pl
"/usr/bin/perl" -MExtUtils::MY -e 'MY->fixin(shift)' -- blib/script/bdf2gdfont.pl
Manifying 1 pod document
Manifying 6 pod documents
"/usr/bin/perl" -MExtUtils::Command::MM -e 'cp_nonempty' -- GD.bs blib/arch/auto/GD/GD.bs 644
PERL_DL_NONLAZY=1 "/usr/bin/perl" "-MExtUtils::Command::MM" "-MTest::Harness" "-e" "undef *Test::Harness::Switches; test_harness(0, 'blib/lib', 'blib/arch')" t/*.t
GD Warning: HEIF image support has been disabled
t/autodetect.t ............ ok
t/caller.t ................ ok
t/fork.t .................. ok
# Testing gd 2.3.3 using png support.
# gd: 2.3.3, files: ./test_data/images/t2/2-00.png
# gd: 2.3.3, files: ./test_data/images/t7/7-00.png
# ignore corrupt png error messages...
GD Warning: gd-png: fatal libpng error: IHDR: CRC error
GD Warning: gd-png error: setjmp returns error condition 1
t/GD.t .................... ok
t/HSV.t ................... ok
t/Polyline.t .............. ok
t/transp.t ................ ok
t/windows_bmp.t ........... ok
t/z_kwalitee.t ............ skipped: No RELEASE_TESTING
t/z_manifest.t ............ skipped: requires a git checkout and a unix for git and diff
t/z_pod-spell-mistakes.t .. skipped: No RELEASE_TESTING
t/z_pod.t ................. skipped: No RELEASE_TESTING
All tests successful.
Files=12, Tests=66,  0 wallclock secs ( 0.02 usr  0.00 sys +  0.46 cusr  0.12 csys =  0.60 CPU)
Result: PASS
>>> perl-gd: Entering fakeroot...
"/usr/bin/perl" -MExtUtils::Command::MM -e 'cp_nonempty' -- GD.bs blib/arch/auto/GD/GD.bs 644
Manifying 1 pod document
Manifying 6 pod documents
Files found in blib/arch: installing files in blib/lib into architecture dependent library tree
Installing /tmp/pkg/perl-gd/usr/lib/perl5/vendor_perl/auto/GD/GD.so
Installing /tmp/pkg/perl-gd/usr/lib/perl5/vendor_perl/GD.pm
Installing /tmp/pkg/perl-gd/usr/lib/perl5/vendor_perl/auto/GD/autosplit.ix
Installing /tmp/pkg/perl-gd/usr/lib/perl5/vendor_perl/GD/Group.pm
Installing /tmp/pkg/perl-gd/usr/lib/perl5/vendor_perl/GD/Polyline.pm
Installing /tmp/pkg/perl-gd/usr/lib/perl5/vendor_perl/GD/Polygon.pm
Installing /tmp/pkg/perl-gd/usr/lib/perl5/vendor_perl/GD/Simple.pm
Installing /tmp/pkg/perl-gd/usr/lib/perl5/vendor_perl/GD/Image.pm
Installing /tmp/pkg/perl-gd/usr/share/man/man1/bdf2gdfont.pl.1
Installing /tmp/pkg/perl-gd/usr/share/man/man3/GD::Polygon.3pm
Installing /tmp/pkg/perl-gd/usr/share/man/man3/GD::Simple.3pm
Installing /tmp/pkg/perl-gd/usr/share/man/man3/GD.3pm
Installing /tmp/pkg/perl-gd/usr/share/man/man3/GD::Polyline.3pm
Installing /tmp/pkg/perl-gd/usr/share/man/man3/GD::Image.3pm
Installing /tmp/pkg/perl-gd/usr/share/man/man3/GD::Group.3pm
Installing /tmp/pkg/perl-gd/usr/bin/bdf2gdfont.pl
>>> perl-gd-doc*: Running split function doc...
'usr/share/man' -> '/tmp/pkg/perl-gd-doc/usr/share/man'
>>> perl-gd-doc*: Preparing subpackage perl-gd-doc...
>>> perl-gd-doc*: Running postcheck for perl-gd-doc
>>> perl-gd*: Running postcheck for perl-gd
>>> perl-gd*: Preparing package perl-gd...
>>> perl-gd*: Stripping binaries
>>> WARNING: perl-gd*: Redundant /usr/lib in rpath found
>>> perl-gd-doc*: Scanning shared objects
>>> perl-gd*: Scanning shared objects
>>> perl-gd-doc*: Tracing dependencies...
>>> perl-gd-doc*: Package size: 42.7 KB
>>> perl-gd-doc*: Compressing data...
>>> perl-gd-doc*: Create checksum...
>>> perl-gd-doc*: Create perl-gd-doc-2.83-r0.apk
>>> perl-gd*: Tracing dependencies...
	perl
	so:libc.musl-x86_64.so.1
	so:libgd.so.3
>>> perl-gd*: Package size: 289.5 KB
>>> perl-gd*: Compressing data...
>>> perl-gd*: Create checksum...
>>> perl-gd*: Create perl-gd-2.83-r0.apk
>>> perl-gd: Updating the main/x86_64 repository index...
>>> perl-gd: Signing the index...
>>> perl-gd: Cleaning up srcdir
>>> perl-gd: Cleaning up build chroot
>>> perl-gd: Cleaning up pkgdir
