>>> perl-test-sharedfork: Validating /home/packager/oily-pine/main/perl-test-sharedfork/APKBUILD...
>>> perl-test-sharedfork: Cleaning up srcdir
>>> perl-test-sharedfork: Cleaning up pkgdir
>>> perl-test-sharedfork: Cleaning up tmpdir
>>> perl-test-sharedfork: Fetching https://cpan.metacpan.org/authors/id/E/EX/EXODIST/Test-SharedFork-0.35.tar.gz
  % Total    % Received % Xferd  Average Speed   Time    Time     Time  Current
                                 Dload  Upload   Total   Spent    Left  Speed
  0     0    0     0    0     0      0      0 --:--:-- --:--:-- --:--:--     0100 15502  100 15502    0     0   101k      0 --:--:-- --:--:-- --:--:--  101k
>>> perl-test-sharedfork: Fetching https://cpan.metacpan.org/authors/id/E/EX/EXODIST/Test-SharedFork-0.35.tar.gz
>>> perl-test-sharedfork: Checking sha512sums...
Test-SharedFork-0.35.tar.gz: OK
>>> perl-test-sharedfork: Preparing build chroot...
fetch http://dl-cdn.alpinelinux.org/alpine/edge/main/x86_64/APKINDEX.tar.gz
(1/74) Installing musl (1.2.5-r10)
(2/74) Installing libcrypto3 (3.5.0-r0)
(3/74) Installing ca-certificates-bundle (20241121-r2)
(4/74) Installing libssl3 (3.5.0-r0)
(5/74) Installing zlib (1.3.1-r2)
(6/74) Installing libapk2 (2.14.9-r2)
(7/74) Installing apk-tools (2.14.9-r2)
(8/74) Installing libcap2 (2.76-r0)
(9/74) Installing libcap-getcap (2.76-r0)
(10/74) Installing fakeroot (1.37.1.1-r0)
(11/74) Installing scanelf (1.3.8-r1)
(12/74) Installing musl-utils (1.2.5-r10)
(13/74) Installing libgcc (14.3.0-r1)
(14/74) Installing libstdc++ (14.3.0-r1)
(15/74) Installing lzip (1.25-r0)
(16/74) Installing openssl (3.5.0-r0)
(17/74) Installing patch (2.8-r0)
(18/74) Installing pkgconf (2.4.3-r0)
(19/74) Installing acl-libs (2.3.2-r1)
(20/74) Installing tar (1.35-r3)
(21/74) Installing busybox (1.37.0-r18)
Executing busybox-1.37.0-r18.post-install
(22/74) Installing ssl_client (1.37.0-r18)
(23/74) Installing busybox-binsh (1.37.0-r18)
(24/74) Installing abuild (3.15.0-r0)
Executing abuild-3.15.0-r0.pre-install
(25/74) Installing abuild-sudo (3.15.0-r0)
(26/74) Installing alpine-baselayout-data (3.7.0-r0)
(27/74) Installing alpine-baselayout (3.7.0-r0)
Executing alpine-baselayout-3.7.0-r0.pre-install
Executing alpine-baselayout-3.7.0-r0.post-install
(28/74) Installing bridge (1.5-r5)
(29/74) Installing ifupdown-ng (0.12.1-r7)
(30/74) Installing openrc-user (0.62.2-r2)
(31/74) Installing openrc (0.62.2-r2)
Executing openrc-0.62.2-r2.post-install
(32/74) Installing mdev-conf (4.8-r0)
(33/74) Installing busybox-mdev-openrc (1.37.0-r18)
(34/74) Installing alpine-conf (3.20.0-r0)
(35/74) Installing alpine-keys (2.5-r0)
(36/74) Installing alpine-release (3.22.0-r0)
(37/74) Installing busybox-openrc (1.37.0-r18)
(38/74) Installing busybox-suid (1.37.0-r18)
(39/74) Installing alpine-base (3.22.0-r0)
(40/74) Installing jansson (2.14.1-r0)
(41/74) Installing zstd-libs (1.5.7-r0)
(42/74) Installing binutils (2.44-r0)
(43/74) Installing libmagic (5.46-r2)
(44/74) Installing file (5.46-r2)
(45/74) Installing libgomp (14.3.0-r1)
(46/74) Installing libatomic (14.3.0-r1)
(47/74) Installing gmp (6.3.0-r3)
(48/74) Installing isl26 (0.26-r1)
(49/74) Installing mpfr4 (4.2.1_p1-r0)
(50/74) Installing mpc1 (1.3.1-r1)
(51/74) Installing gcc (14.3.0-r1)
(52/74) Installing libstdc++-dev (14.3.0-r1)
(53/74) Installing musl-dev (1.2.5-r10)
(54/74) Installing g++ (14.3.0-r1)
(55/74) Installing make (4.4.1-r3)
(56/74) Installing fortify-headers (1.1-r5)
(57/74) Installing build-base (0.5-r3)
(58/74) Installing brotli-libs (1.1.0-r2)
(59/74) Installing c-ares (1.34.5-r0)
(60/74) Installing libunistring (1.3-r0)
(61/74) Installing libidn2 (2.3.7-r0)
(62/74) Installing nghttp2-libs (1.65.0-r0)
(63/74) Installing libpsl (0.21.5-r3)
(64/74) Installing libcurl (8.14.0-r2)
(65/74) Installing libexpat (2.7.1-r0)
(66/74) Installing pcre2 (10.43-r1)
(67/74) Installing git (2.49.0-r0)
(68/74) Installing git-init-template (2.49.0-r0)
(69/74) Installing libbz2 (1.0.8-r6)
(70/74) Installing perl (5.40.2-r0)
(71/74) Installing perl-error (0.17030-r0)
(72/74) Installing perl-git (2.49.0-r0)
(73/74) Installing git-perl (2.49.0-r0)
(74/74) Installing perl-test-requires (0.11-r3)
Executing busybox-1.37.0-r18.trigger
OK: 296 MiB in 74 packages
>>> perl-test-sharedfork: Fetching https://cpan.metacpan.org/authors/id/E/EX/EXODIST/Test-SharedFork-0.35.tar.gz
>>> perl-test-sharedfork: Checking sha512sums...
Test-SharedFork-0.35.tar.gz: OK
>>> perl-test-sharedfork: Unpacking /var/cache/distfiles/Test-SharedFork-0.35.tar.gz...
Checking if your kit is complete...
Looks good
Generating a Unix-style Makefile
Writing Makefile for Test::SharedFork
Writing MYMETA.yml and MYMETA.json
cp lib/Test/SharedFork.pm blib/lib/Test/SharedFork.pm
cp lib/Test/SharedFork/Array.pm blib/lib/Test/SharedFork/Array.pm
cp lib/Test/SharedFork/Scalar.pm blib/lib/Test/SharedFork/Scalar.pm
cp lib/Test/SharedFork/Store.pm blib/lib/Test/SharedFork/Store.pm
Manifying 1 pod document
PERL_DL_NONLAZY=1 "/usr/bin/perl" "-MExtUtils::Command::MM" "-MTest::Harness" "-e" "undef *Test::Harness::Switches; test_harness(0, 'blib/lib', 'blib/arch')" t/*.t
# Test::Builder::VERSION: 1.302199
t/00_compile.t ........... ok
t/01_simple.t ............ ok
t/02_fork_method.t ....... ok
t/03_toomany_run.t ....... ok
t/04_test_before_fork.t .. ok
t/05_nest.t .............. ok
t/06_fail_lineno.t ....... ok
t/07_lazy_load.t ......... ok
t/08_threads.t ........... skipped: Not implemented yet
t/09_very_simple.t ....... ok

    #   Failed test 'child three'
    #   at t/nest/subtest.ttt line 14.
    # Looks like you failed 1 test of 6.

#   Failed test 'foo'
#   at t/nest/subtest.ttt line 19.
# Looks like you failed 1 test of 1.
t/10_subtest.t ........... ok
t/11_failure_location.t .. ok
# ok 1
# not ok 2
# #   Failed test at t/12_is_passing.t line 18.
# ok 3
t/12_is_passing.t ........ ok
All tests successful.

Test Summary Report
-------------------
t/10_subtest.t         (Wstat: 0 Tests: 1 Failed: 0)
  TODO passed:   1
Files=13, Tests=137, 41 wallclock secs ( 0.03 usr  0.01 sys +  0.64 cusr  0.15 csys =  0.83 CPU)
Result: PASS
>>> perl-test-sharedfork: Entering fakeroot...
Manifying 1 pod document
Appending installation info to /tmp/pkg/perl-test-sharedfork/usr/lib/perl5/core_perl/perllocal.pod
Installing /tmp/pkg/perl-test-sharedfork/usr/share/perl5/vendor_perl/Test/SharedFork.pm
Installing /tmp/pkg/perl-test-sharedfork/usr/share/perl5/vendor_perl/Test/SharedFork/Scalar.pm
Installing /tmp/pkg/perl-test-sharedfork/usr/share/perl5/vendor_perl/Test/SharedFork/Array.pm
Installing /tmp/pkg/perl-test-sharedfork/usr/share/perl5/vendor_perl/Test/SharedFork/Store.pm
Installing /tmp/pkg/perl-test-sharedfork/usr/share/man/man3/Test::SharedFork.3pm
>>> perl-test-sharedfork-doc*: Running split function doc...
'usr/share/man' -> '/tmp/pkg/perl-test-sharedfork-doc/usr/share/man'
>>> perl-test-sharedfork-doc*: Preparing subpackage perl-test-sharedfork-doc...
>>> perl-test-sharedfork-doc*: Running postcheck for perl-test-sharedfork-doc
>>> perl-test-sharedfork*: Running postcheck for perl-test-sharedfork
>>> perl-test-sharedfork*: Preparing package perl-test-sharedfork...
>>> perl-test-sharedfork-doc*: Tracing dependencies...
>>> perl-test-sharedfork-doc*: Package size: 1.3 KB
>>> perl-test-sharedfork-doc*: Compressing data...
>>> perl-test-sharedfork-doc*: Create checksum...
>>> perl-test-sharedfork-doc*: Create perl-test-sharedfork-doc-0.35-r3.apk
>>> perl-test-sharedfork*: Tracing dependencies...
	perl
	perl-test-requires
>>> perl-test-sharedfork*: Package size: 9.0 KB
>>> perl-test-sharedfork*: Compressing data...
>>> perl-test-sharedfork*: Create checksum...
>>> perl-test-sharedfork*: Create perl-test-sharedfork-0.35-r3.apk
>>> perl-test-sharedfork: Updating the main/x86_64 repository index...
>>> perl-test-sharedfork: Signing the index...
>>> perl-test-sharedfork: Cleaning up srcdir
>>> perl-test-sharedfork: Cleaning up build chroot
>>> perl-test-sharedfork: Cleaning up pkgdir
