pigz: not found
>>> perl-log-dispatch: Building main/perl-log-dispatch 2.71-r1 (using abuild 3.14.1-r4) started Sun, 18 May 2025 09:31:37 +0000
>>> perl-log-dispatch: Validating /home/packager/aports/main/perl-log-dispatch/APKBUILD...
>>> perl-log-dispatch: Analyzing dependencies...
>>> perl-log-dispatch: Installing for build: build-base perl perl-module-runtime perl-dist-checkconflicts perl-devel-globaldestruction perl-namespace-autoclean perl-params-validationcompiler perl-try-tiny perl-specio perl-test-needs perl-test-fatal perl-ipc-run3
(1/32) Installing libbz2 (1.0.8-r6)
(2/32) Installing perl (5.40.2-r0)
(3/32) Installing perl-module-runtime (0.016-r6)
(4/32) Installing perl-dist-checkconflicts (0.11-r4)
(5/32) Installing perl-sub-exporter-progressive (0.001013-r4)
(6/32) Installing perl-devel-globaldestruction (0.14-r4)
(7/32) Installing perl-try-tiny (0.32-r0)
(8/32) Installing perl-module-implementation (0.09-r5)
(9/32) Installing perl-b-hooks-endofscope (0.28-r0)
(10/32) Installing perl-package-stash (0.40-r1)
(11/32) Installing perl-namespace-clean (0.27-r4)
(12/32) Installing perl-namespace-autoclean (0.31-r0)
(13/32) Installing perl-sub-quote (2.006008-r1)
(14/32) Installing perl-devel-stacktrace (2.05-r0)
(15/32) Installing perl-role-tiny (2.002004-r2)
(16/32) Installing perl-mro-compat (0.15-r2)
(17/32) Installing perl-test-fatal (0.017-r1)
(18/32) Installing perl-eval-closure (0.14-r4)
(19/32) Installing perl-clone (0.47-r0)
(20/32) Installing perl-specio (0.50-r0)
(21/32) Installing perl-test-simple (1.302209-r0)
(22/32) Installing perl-test-without-module (0.23-r0)
(23/32) Installing perl-class-data-inheritable (0.10-r0)
(24/32) Installing perl-exception-class (1.45-r1)
(25/32) Installing perl-test2-plugin-nowarnings (0.10-r1)
(26/32) Installing perl-params-validationcompiler (0.31-r2)
(27/32) Installing perl-test-needs (0.002010-r1)
(28/32) Installing perl-ipc-run3 (0.049-r1)
(29/32) Installing .makedepends-perl-log-dispatch (20250518.093138)
(30/32) Installing perl-error (0.17030-r0)
(31/32) Installing perl-git (2.47.2-r0)
(32/32) Installing git-perl (2.47.2-r0)
Executing busybox-1.37.0-r12.trigger
OK: 299 MiB in 113 packages
>>> perl-log-dispatch: Cleaning up srcdir
>>> perl-log-dispatch: Cleaning up pkgdir
>>> perl-log-dispatch: Cleaning up tmpdir
>>> perl-log-dispatch: Fetching https://cpan.metacpan.org/authors/id/D/DR/DROLSKY/Log-Dispatch-2.71.tar.gz
Connecting to cpan.metacpan.org (146.75.122.217:443)
saving to '/var/cache/distfiles/Log-Dispatch-2.71.tar.gz.part'
Log-Dispatch-2.71.ta 100% |********************************| 72470  0:00:00 ETA
'/var/cache/distfiles/Log-Dispatch-2.71.tar.gz.part' saved
>>> perl-log-dispatch: Fetching https://cpan.metacpan.org/authors/id/D/DR/DROLSKY/Log-Dispatch-2.71.tar.gz
>>> perl-log-dispatch: Checking sha512sums...
Log-Dispatch-2.71.tar.gz: OK
>>> perl-log-dispatch: Unpacking /var/cache/distfiles/Log-Dispatch-2.71.tar.gz...
Checking if your kit is complete...
Looks good
Generating a Unix-style Makefile
Writing Makefile for Log::Dispatch
Writing MYMETA.yml and MYMETA.json
cp lib/Log/Dispatch/Email/MIMELite.pm blib/lib/Log/Dispatch/Email/MIMELite.pm
cp lib/Log/Dispatch/Conflicts.pm blib/lib/Log/Dispatch/Conflicts.pm
cp lib/Log/Dispatch/File.pm blib/lib/Log/Dispatch/File.pm
cp lib/Log/Dispatch/ApacheLog.pm blib/lib/Log/Dispatch/ApacheLog.pm
cp lib/Log/Dispatch/Types.pm blib/lib/Log/Dispatch/Types.pm
cp lib/Log/Dispatch/File/Locked.pm blib/lib/Log/Dispatch/File/Locked.pm
cp lib/Log/Dispatch/Email.pm blib/lib/Log/Dispatch/Email.pm
cp lib/Log/Dispatch/Syslog.pm blib/lib/Log/Dispatch/Syslog.pm
cp lib/Log/Dispatch/Screen.pm blib/lib/Log/Dispatch/Screen.pm
cp lib/Log/Dispatch.pm blib/lib/Log/Dispatch.pm
cp lib/Log/Dispatch/Email/MailSendmail.pm blib/lib/Log/Dispatch/Email/MailSendmail.pm
cp lib/Log/Dispatch/Email/MailSender.pm blib/lib/Log/Dispatch/Email/MailSender.pm
cp lib/Log/Dispatch/Output.pm blib/lib/Log/Dispatch/Output.pm
cp lib/Log/Dispatch/Code.pm blib/lib/Log/Dispatch/Code.pm
cp lib/Log/Dispatch/Base.pm blib/lib/Log/Dispatch/Base.pm
cp lib/Log/Dispatch/Null.pm blib/lib/Log/Dispatch/Null.pm
cp lib/Log/Dispatch/Handle.pm blib/lib/Log/Dispatch/Handle.pm
cp lib/Log/Dispatch/Vars.pm blib/lib/Log/Dispatch/Vars.pm
cp lib/Log/Dispatch/Email/MailSend.pm blib/lib/Log/Dispatch/Email/MailSend.pm
Manifying 18 pod documents
PERL_DL_NONLAZY=1 "/usr/bin/perl" "-MExtUtils::Command::MM" "-MTest::Harness" "-e" "undef *Test::Harness::Switches; test_harness(0, 'blib/lib', 'blib/arch')" t/*.t
t/00-compile.t ............................. ok
# 
# Versions for all modules listed in MYMETA.json (including optional ones):
# 
# === Configure Requires ===
# 
#     Module               Want Have
#     -------------------- ---- ----
#     Dist::CheckConflicts 0.02 0.11
#     ExtUtils::MakeMaker   any 7.70
# 
# === Configure Suggests ===
# 
#     Module      Want Have
#     -------- ------- ----
#     JSON::PP 2.27300 4.16
# 
# === Build Requires ===
# 
#     Module              Want Have
#     ------------------- ---- ----
#     ExtUtils::MakeMaker  any 7.70
# 
# === Test Requires ===
# 
#     Module              Want     Have
#     ------------------- ---- --------
#     Data::Dumper         any    2.189
#     ExtUtils::MakeMaker  any     7.70
#     File::Spec           any     3.91
#     File::Temp           any   0.2311
#     FindBin              any     1.54
#     Getopt::Long         any     2.57
#     IO::File             any     1.55
#     IPC::Run3            any    0.049
#     POSIX                any     2.20
#     PerlIO               any     1.12
#     Test::Fatal          any    0.017
#     Test::More          0.96 1.302209
#     Test::Needs          any 0.002010
#     lib                  any     0.65
#     utf8                 any     1.25
# 
# === Test Recommends ===
# 
#     Module         Want     Have
#     ---------- -------- --------
#     CPAN::Meta 2.120900 2.150010
# 
# === Runtime Requires ===
# 
#     Module                      Want     Have
#     -------------------------- ----- --------
#     Carp                         any     1.54
#     Devel::GlobalDestruction     any     0.14
#     Dist::CheckConflicts        0.02     0.11
#     Encode                       any     3.21
#     Exporter                     any     5.78
#     Fcntl                        any     1.18
#     IO::Handle                   any     1.55
#     Module::Runtime              any    0.016
#     Params::ValidationCompiler   any     0.31
#     Scalar::Util                 any     1.63
#     Specio                      0.32     0.50
#     Specio::Declare              any     0.50
#     Specio::Exporter             any     0.50
#     Specio::Library::Builtins    any     0.50
#     Specio::Library::Numeric     any     0.50
#     Specio::Library::String      any     0.50
#     Sys::Syslog                 0.28     0.36
#     Try::Tiny                    any     0.32
#     base                         any     2.27
#     namespace::autoclean         any     0.31
#     parent                       any    0.241
#     perl                       5.006 5.040002
#     strict                       any     1.13
#     warnings                     any     1.70
# 
t/00-report-prereqs.t ...................... ok
t/basic.t .................................. ok
t/binmode.t ................................ ok
t/close-after-write.t ...................... ok
t/email-exit.t ............................. skipped: This test only runs for the maintainer
t/file-locked.t ............................ ok
t/lazy-open.t .............................. ok
t/screen.t ................................. ok
t/short-syntax.t ........................... ok
t/syslog-lock-without-preloaded-threads.t .. ok
t/syslog-threads.t ......................... ok
t/syslog.t ................................. ok
All tests successful.
Files=13, Tests=84,  5 wallclock secs ( 0.06 usr  0.02 sys +  3.22 cusr  1.96 csys =  5.26 CPU)
Result: PASS
>>> perl-log-dispatch: Entering fakeroot...
Manifying 18 pod documents
Appending installation info to /home/packager/aports/main/perl-log-dispatch/pkg/perl-log-dispatch/usr/lib/perl5/core_perl/perllocal.pod
Installing /home/packager/aports/main/perl-log-dispatch/pkg/perl-log-dispatch/usr/share/perl5/vendor_perl/Log/Dispatch.pm
Installing /home/packager/aports/main/perl-log-dispatch/pkg/perl-log-dispatch/usr/share/perl5/vendor_perl/Log/Dispatch/File.pm
Installing /home/packager/aports/main/perl-log-dispatch/pkg/perl-log-dispatch/usr/share/perl5/vendor_perl/Log/Dispatch/Handle.pm
Installing /home/packager/aports/main/perl-log-dispatch/pkg/perl-log-dispatch/usr/share/perl5/vendor_perl/Log/Dispatch/Email.pm
Installing /home/packager/aports/main/perl-log-dispatch/pkg/perl-log-dispatch/usr/share/perl5/vendor_perl/Log/Dispatch/Types.pm
Installing /home/packager/aports/main/perl-log-dispatch/pkg/perl-log-dispatch/usr/share/perl5/vendor_perl/Log/Dispatch/ApacheLog.pm
Installing /home/packager/aports/main/perl-log-dispatch/pkg/perl-log-dispatch/usr/share/perl5/vendor_perl/Log/Dispatch/Vars.pm
Installing /home/packager/aports/main/perl-log-dispatch/pkg/perl-log-dispatch/usr/share/perl5/vendor_perl/Log/Dispatch/Code.pm
Installing /home/packager/aports/main/perl-log-dispatch/pkg/perl-log-dispatch/usr/share/perl5/vendor_perl/Log/Dispatch/Base.pm
Installing /home/packager/aports/main/perl-log-dispatch/pkg/perl-log-dispatch/usr/share/perl5/vendor_perl/Log/Dispatch/Conflicts.pm
Installing /home/packager/aports/main/perl-log-dispatch/pkg/perl-log-dispatch/usr/share/perl5/vendor_perl/Log/Dispatch/Output.pm
Installing /home/packager/aports/main/perl-log-dispatch/pkg/perl-log-dispatch/usr/share/perl5/vendor_perl/Log/Dispatch/Syslog.pm
Installing /home/packager/aports/main/perl-log-dispatch/pkg/perl-log-dispatch/usr/share/perl5/vendor_perl/Log/Dispatch/Screen.pm
Installing /home/packager/aports/main/perl-log-dispatch/pkg/perl-log-dispatch/usr/share/perl5/vendor_perl/Log/Dispatch/Null.pm
Installing /home/packager/aports/main/perl-log-dispatch/pkg/perl-log-dispatch/usr/share/perl5/vendor_perl/Log/Dispatch/Email/MailSend.pm
Installing /home/packager/aports/main/perl-log-dispatch/pkg/perl-log-dispatch/usr/share/perl5/vendor_perl/Log/Dispatch/Email/MailSender.pm
Installing /home/packager/aports/main/perl-log-dispatch/pkg/perl-log-dispatch/usr/share/perl5/vendor_perl/Log/Dispatch/Email/MIMELite.pm
Installing /home/packager/aports/main/perl-log-dispatch/pkg/perl-log-dispatch/usr/share/perl5/vendor_perl/Log/Dispatch/Email/MailSendmail.pm
Installing /home/packager/aports/main/perl-log-dispatch/pkg/perl-log-dispatch/usr/share/perl5/vendor_perl/Log/Dispatch/File/Locked.pm
Installing /home/packager/aports/main/perl-log-dispatch/pkg/perl-log-dispatch/usr/share/man/man3/Log::Dispatch::Types.3pm
Installing /home/packager/aports/main/perl-log-dispatch/pkg/perl-log-dispatch/usr/share/man/man3/Log::Dispatch::Email::MailSend.3pm
Installing /home/packager/aports/main/perl-log-dispatch/pkg/perl-log-dispatch/usr/share/man/man3/Log::Dispatch::Output.3pm
Installing /home/packager/aports/main/perl-log-dispatch/pkg/perl-log-dispatch/usr/share/man/man3/Log::Dispatch::Vars.3pm
Installing /home/packager/aports/main/perl-log-dispatch/pkg/perl-log-dispatch/usr/share/man/man3/Log::Dispatch::Code.3pm
Installing /home/packager/aports/main/perl-log-dispatch/pkg/perl-log-dispatch/usr/share/man/man3/Log::Dispatch::File.3pm
Installing /home/packager/aports/main/perl-log-dispatch/pkg/perl-log-dispatch/usr/share/man/man3/Log::Dispatch::Email::MailSendmail.3pm
Installing /home/packager/aports/main/perl-log-dispatch/pkg/perl-log-dispatch/usr/share/man/man3/Log::Dispatch::Email::MIMELite.3pm
Installing /home/packager/aports/main/perl-log-dispatch/pkg/perl-log-dispatch/usr/share/man/man3/Log::Dispatch::ApacheLog.3pm
Installing /home/packager/aports/main/perl-log-dispatch/pkg/perl-log-dispatch/usr/share/man/man3/Log::Dispatch::Email.3pm
Installing /home/packager/aports/main/perl-log-dispatch/pkg/perl-log-dispatch/usr/share/man/man3/Log::Dispatch::Null.3pm
Installing /home/packager/aports/main/perl-log-dispatch/pkg/perl-log-dispatch/usr/share/man/man3/Log::Dispatch::Base.3pm
Installing /home/packager/aports/main/perl-log-dispatch/pkg/perl-log-dispatch/usr/share/man/man3/Log::Dispatch.3pm
Installing /home/packager/aports/main/perl-log-dispatch/pkg/perl-log-dispatch/usr/share/man/man3/Log::Dispatch::Email::MailSender.3pm
Installing /home/packager/aports/main/perl-log-dispatch/pkg/perl-log-dispatch/usr/share/man/man3/Log::Dispatch::Screen.3pm
Installing /home/packager/aports/main/perl-log-dispatch/pkg/perl-log-dispatch/usr/share/man/man3/Log::Dispatch::Syslog.3pm
Installing /home/packager/aports/main/perl-log-dispatch/pkg/perl-log-dispatch/usr/share/man/man3/Log::Dispatch::Handle.3pm
Installing /home/packager/aports/main/perl-log-dispatch/pkg/perl-log-dispatch/usr/share/man/man3/Log::Dispatch::File::Locked.3pm
>>> perl-log-dispatch-doc*: Running split function doc...
'usr/share/man' -> '/home/packager/aports/main/perl-log-dispatch/pkg/perl-log-dispatch-doc/usr/share/man'
>>> perl-log-dispatch-doc*: Preparing subpackage perl-log-dispatch-doc...
>>> perl-log-dispatch-doc*: Running postcheck for perl-log-dispatch-doc
>>> perl-log-dispatch*: Running postcheck for perl-log-dispatch
>>> perl-log-dispatch*: Preparing package perl-log-dispatch...
>>> perl-log-dispatch-doc*: Tracing dependencies...
>>> perl-log-dispatch-doc*: Package size: 34.5 KB
>>> perl-log-dispatch-doc*: Compressing data...
>>> perl-log-dispatch-doc*: Create checksum...
pigz: not found
>>> perl-log-dispatch-doc*: Create perl-log-dispatch-doc-2.71-r1.apk
>>> perl-log-dispatch*: Tracing dependencies...
	perl
	perl-module-runtime
	perl-dist-checkconflicts
	perl-devel-globaldestruction
	perl-namespace-autoclean
	perl-params-validationcompiler
	perl-try-tiny
	perl-specio
>>> perl-log-dispatch*: Package size: 78.6 KB
>>> perl-log-dispatch*: Compressing data...
>>> perl-log-dispatch*: Create checksum...
pigz: not found
>>> perl-log-dispatch*: Create perl-log-dispatch-2.71-r1.apk
>>> perl-log-dispatch: Build complete at Sun, 18 May 2025 09:31:46 +0000 elapsed time 0h 0m 9s
>>> perl-log-dispatch: Cleaning up srcdir
>>> perl-log-dispatch: Cleaning up pkgdir
>>> perl-log-dispatch: Uninstalling dependencies...
(1/32) Purging .makedepends-perl-log-dispatch (20250518.093138)
(2/32) Purging perl-devel-globaldestruction (0.14-r4)
(3/32) Purging perl-namespace-autoclean (0.31-r0)
(4/32) Purging perl-namespace-clean (0.27-r4)
(5/32) Purging perl-package-stash (0.40-r1)
(6/32) Purging perl-dist-checkconflicts (0.11-r4)
(7/32) Purging perl-b-hooks-endofscope (0.28-r0)
(8/32) Purging perl-sub-exporter-progressive (0.001013-r4)
(9/32) Purging perl-module-implementation (0.09-r5)
(10/32) Purging perl-params-validationcompiler (0.31-r2)
(11/32) Purging perl-test-without-module (0.23-r0)
(12/32) Purging perl-exception-class (1.45-r1)
(13/32) Purging perl-class-data-inheritable (0.10-r0)
(14/32) Purging perl-test2-plugin-nowarnings (0.10-r1)
(15/32) Purging perl-test-simple (1.302209-r0)
(16/32) Purging perl-specio (0.50-r0)
(17/32) Purging perl-sub-quote (2.006008-r1)
(18/32) Purging perl-devel-stacktrace (2.05-r0)
(19/32) Purging perl-role-tiny (2.002004-r2)
(20/32) Purging perl-mro-compat (0.15-r2)
(21/32) Purging perl-eval-closure (0.14-r4)
(22/32) Purging perl-module-runtime (0.016-r6)
(23/32) Purging perl-clone (0.47-r0)
(24/32) Purging perl-test-needs (0.002010-r1)
(25/32) Purging perl-test-fatal (0.017-r1)
(26/32) Purging perl-try-tiny (0.32-r0)
(27/32) Purging perl-ipc-run3 (0.049-r1)
(28/32) Purging git-perl (2.47.2-r0)
(29/32) Purging perl-git (2.47.2-r0)
(30/32) Purging perl-error (0.17030-r0)
(31/32) Purging perl (5.40.2-r0)
(32/32) Purging libbz2 (1.0.8-r6)
Executing busybox-1.37.0-r12.trigger
OK: 261 MiB in 81 packages
>>> perl-log-dispatch: Updating the main/x86_64 repository index...
>>> perl-log-dispatch: Signing the index...
pigz: not found
