pigz: not found
>>> perl-params-util: Building main/perl-params-util 1.102-r5 (using abuild 3.14.1-r4) started Sun, 18 May 2025 09:09:39 +0000
>>> perl-params-util: Validating /home/packager/aports/main/perl-params-util/APKBUILD...
>>> perl-params-util: Analyzing dependencies...
>>> perl-params-util: Installing for build: build-base perl perl-dev perl-config-autoconf perl-test-leaktrace
(1/11) Installing libbz2 (1.0.8-r6)
(2/11) Installing perl (5.40.2-r0)
(3/11) Installing perl-utils (5.40.2-r0)
(4/11) Installing perl-dev (5.40.2-r0)
(5/11) Installing perl-capture-tiny (0.50-r0)
(6/11) Installing perl-config-autoconf (0.320-r2)
(7/11) Installing perl-test-leaktrace (0.17-r5)
(8/11) Installing .makedepends-perl-params-util (20250518.090940)
(9/11) Installing perl-error (0.17030-r0)
(10/11) Installing perl-git (2.47.2-r0)
(11/11) Installing git-perl (2.47.2-r0)
Executing busybox-1.37.0-r12.trigger
OK: 307 MiB in 92 packages
>>> perl-params-util: Cleaning up srcdir
>>> perl-params-util: Cleaning up pkgdir
>>> perl-params-util: Cleaning up tmpdir
>>> perl-params-util: Fetching https://cpan.metacpan.org/authors/id/R/RE/REHSACK/Params-Util-1.102.tar.gz
Connecting to cpan.metacpan.org (146.75.122.217:443)
saving to '/var/cache/distfiles/Params-Util-1.102.tar.gz.part'
Params-Util-1.102.ta 100% |********************************|  190k  0:00:00 ETA
'/var/cache/distfiles/Params-Util-1.102.tar.gz.part' saved
>>> perl-params-util: Fetching https://cpan.metacpan.org/authors/id/R/RE/REHSACK/Params-Util-1.102.tar.gz
>>> perl-params-util: Checking sha512sums...
Params-Util-1.102.tar.gz: OK
>>> perl-params-util: Unpacking /var/cache/distfiles/Params-Util-1.102.tar.gz...
Checking for cc... gcc
Checking whether pureperl is required... no
Checking for cc... (cached) gcc
Checking whether perlapi is accessible... yes
Checking if your kit is complete...
Looks good
Generating a Unix-style Makefile
Writing Makefile for Params::Util
Writing MYMETA.yml and MYMETA.json
"/usr/bin/perl" "/usr/share/perl5/core_perl/ExtUtils/xsubpp"  -typemap '/usr/share/perl5/core_perl/ExtUtils/typemap'  Util.xs > Util.xsc
Running Mkbootstrap for Util ()
chmod 644 "Util.bs"
"/usr/bin/perl" -MExtUtils::Command::MM -e 'cp_nonempty' -- Util.bs blib/arch/auto/Params/Util/Util.bs 644
cp lib/Params/Util/PP.pm blib/lib/Params/Util/PP.pm
cp lib/Params/Util.pm blib/lib/Params/Util.pm
mv Util.xsc Util.c
cc -c   -D_REENTRANT -D_GNU_SOURCE -D_GNU_SOURCE -fwrapv -fno-strict-aliasing -pipe -fstack-protector-strong -D_LARGEFILE_SOURCE -D_FILE_OFFSET_BITS=64 -Os -fstack-clash-protection -Wformat -Werror=format-security -fno-plt -O2   -DVERSION=\"1.102\" -DXS_VERSION=\"1.102\" -fPIC "-I/usr/lib/perl5/core_perl/CORE"   Util.c
rm -f blib/arch/auto/Params/Util/Util.so
cc  -shared -Os -fstack-clash-protection -Wformat -Werror=format-security -fno-plt -O2 -L/usr/local/lib -fstack-protector-strong  Util.o  -o blib/arch/auto/Params/Util/Util.so  \
      \
  
chmod 755 blib/arch/auto/Params/Util/Util.so
Manifying 2 pod documents
"/usr/bin/perl" -MExtUtils::Command::MM -e 'cp_nonempty' -- Util.bs blib/arch/auto/Params/Util/Util.bs 644
PERL_DL_NONLAZY=1 "/usr/bin/perl" "-MExtUtils::Command::MM" "-MTest::Harness" "-e" "undef *Test::Harness::Switches; test_harness(0, 'blib/lib', 'blib/arch')" t/pp/*.t t/xs/*.t xt/*.t
t/pp/01_compile.t .... ok
t/pp/02_main.t ....... ok
t/pp/03_all.t ........ ok
t/pp/04_codelike.t ... ok
t/pp/05_typelike.t ... ok
t/pp/06_invocant.t ... ok
t/pp/07_handle.t ..... ok
t/pp/08_driver.t ..... ok
t/pp/09_insideout.t .. ok
t/xs/01_compile.t .... ok
t/xs/02_main.t ....... ok
t/xs/03_all.t ........ ok
t/xs/04_codelike.t ... ok
t/xs/05_typelike.t ... ok
t/xs/06_invocant.t ... ok
t/xs/07_handle.t ..... ok
t/xs/08_driver.t ..... ok
t/xs/09_insideout.t .. ok
All tests successful.
Files=18, Tests=1864,  2 wallclock secs ( 0.17 usr  0.03 sys +  1.45 cusr  0.24 csys =  1.89 CPU)
Result: PASS
>>> perl-params-util: Entering fakeroot...
"/usr/bin/perl" -MExtUtils::Command::MM -e 'cp_nonempty' -- Util.bs blib/arch/auto/Params/Util/Util.bs 644
Manifying 2 pod documents
Appending installation info to /home/packager/aports/main/perl-params-util/pkg/perl-params-util/usr/lib/perl5/core_perl/perllocal.pod
Files found in blib/arch: installing files in blib/lib into architecture dependent library tree
Installing /home/packager/aports/main/perl-params-util/pkg/perl-params-util/usr/lib/perl5/vendor_perl/auto/Params/Util/Util.so
Installing /home/packager/aports/main/perl-params-util/pkg/perl-params-util/usr/lib/perl5/vendor_perl/Params/Util.pm
Installing /home/packager/aports/main/perl-params-util/pkg/perl-params-util/usr/lib/perl5/vendor_perl/Params/Util/PP.pm
Installing /home/packager/aports/main/perl-params-util/pkg/perl-params-util/usr/share/man/man3/Params::Util.3pm
Installing /home/packager/aports/main/perl-params-util/pkg/perl-params-util/usr/share/man/man3/Params::Util::PP.3pm
>>> perl-params-util-doc*: Running split function doc...
'usr/share/man' -> '/home/packager/aports/main/perl-params-util/pkg/perl-params-util-doc/usr/share/man'
>>> perl-params-util-doc*: Preparing subpackage perl-params-util-doc...
>>> perl-params-util-doc*: Running postcheck for perl-params-util-doc
>>> perl-params-util*: Running postcheck for perl-params-util
>>> perl-params-util*: Preparing package perl-params-util...
>>> perl-params-util*: Stripping binaries
>>> perl-params-util-doc*: Scanning shared objects
>>> perl-params-util*: Scanning shared objects
>>> perl-params-util-doc*: Tracing dependencies...
>>> perl-params-util-doc*: Package size: 6.0 KB
>>> perl-params-util-doc*: Compressing data...
>>> perl-params-util-doc*: Create checksum...
pigz: not found
>>> perl-params-util-doc*: Create perl-params-util-doc-1.102-r5.apk
>>> perl-params-util*: Tracing dependencies...
	perl
	so:libc.musl-x86_64.so.1
>>> perl-params-util*: Package size: 39.0 KB
>>> perl-params-util*: Compressing data...
>>> perl-params-util*: Create checksum...
pigz: not found
>>> perl-params-util*: Create perl-params-util-1.102-r5.apk
>>> perl-params-util: Build complete at Sun, 18 May 2025 09:09:45 +0000 elapsed time 0h 0m 6s
>>> perl-params-util: Cleaning up srcdir
>>> perl-params-util: Cleaning up pkgdir
>>> perl-params-util: Uninstalling dependencies...
(1/11) Purging .makedepends-perl-params-util (20250518.090940)
(2/11) Purging perl-dev (5.40.2-r0)
(3/11) Purging perl-utils (5.40.2-r0)
(4/11) Purging perl-config-autoconf (0.320-r2)
(5/11) Purging perl-capture-tiny (0.50-r0)
(6/11) Purging perl-test-leaktrace (0.17-r5)
(7/11) Purging git-perl (2.47.2-r0)
(8/11) Purging perl-git (2.47.2-r0)
(9/11) Purging perl-error (0.17030-r0)
(10/11) Purging perl (5.40.2-r0)
(11/11) Purging libbz2 (1.0.8-r6)
Executing busybox-1.37.0-r12.trigger
OK: 261 MiB in 81 packages
>>> perl-params-util: Updating the main/x86_64 repository index...
>>> perl-params-util: Signing the index...
pigz: not found
