pigz: not found
>>> perl-devel-stacktrace-ashtml: Building main/perl-devel-stacktrace-ashtml 0.15-r4 (using abuild 3.14.1-r4) started Sun, 18 May 2025 09:22:40 +0000
>>> perl-devel-stacktrace-ashtml: Validating /home/packager/aports/main/perl-devel-stacktrace-ashtml/APKBUILD...
>>> perl-devel-stacktrace-ashtml: Analyzing dependencies...
>>> perl-devel-stacktrace-ashtml: Installing for build: build-base perl perl-devel-stacktrace
(1/7) Installing libbz2 (1.0.8-r6)
(2/7) Installing perl (5.40.2-r0)
(3/7) Installing perl-devel-stacktrace (2.05-r0)
(4/7) Installing .makedepends-perl-devel-stacktrace-ashtml (20250518.092242)
(5/7) Installing perl-error (0.17030-r0)
(6/7) Installing perl-git (2.47.2-r0)
(7/7) Installing git-perl (2.47.2-r0)
Executing busybox-1.37.0-r12.trigger
OK: 297 MiB in 88 packages
>>> perl-devel-stacktrace-ashtml: Cleaning up srcdir
>>> perl-devel-stacktrace-ashtml: Cleaning up pkgdir
>>> perl-devel-stacktrace-ashtml: Cleaning up tmpdir
>>> perl-devel-stacktrace-ashtml: Fetching https://cpan.metacpan.org/authors/id/M/MI/MIYAGAWA/Devel-StackTrace-AsHTML-0.15.tar.gz
Connecting to cpan.metacpan.org (146.75.122.217:443)
saving to '/var/cache/distfiles/Devel-StackTrace-AsHTML-0.15.tar.gz.part'
Devel-StackTrace-AsH 100% |********************************| 17053  0:00:00 ETA
'/var/cache/distfiles/Devel-StackTrace-AsHTML-0.15.tar.gz.part' saved
>>> perl-devel-stacktrace-ashtml: Fetching https://cpan.metacpan.org/authors/id/M/MI/MIYAGAWA/Devel-StackTrace-AsHTML-0.15.tar.gz
>>> perl-devel-stacktrace-ashtml: Checking sha512sums...
Devel-StackTrace-AsHTML-0.15.tar.gz: OK
>>> perl-devel-stacktrace-ashtml: Unpacking /var/cache/distfiles/Devel-StackTrace-AsHTML-0.15.tar.gz...
Checking if your kit is complete...
Looks good
Generating a Unix-style Makefile
Writing Makefile for Devel::StackTrace::AsHTML
Writing MYMETA.yml and MYMETA.json
cp lib/Devel/StackTrace/AsHTML.pm blib/lib/Devel/StackTrace/AsHTML.pm
Manifying 1 pod document
PERL_DL_NONLAZY=1 "/usr/bin/perl" "-MExtUtils::Command::MM" "-MTest::Harness" "-e" "undef *Test::Harness::Switches; test_harness(0, 'blib/lib', 'blib/arch')" t/*.t
t/00_compile.t .......... ok
t/author-pod-syntax.t ... skipped: these tests are for testing by the author
t/author-synopsis.t ..... skipped: these tests are for testing by the author
t/encoding.t ............ ok
t/output.t .............. ok
t/release-perlcritic.t .. skipped: these tests are for release candidate testing
t/release-podspell.t .... skipped: these tests are for release candidate testing
All tests successful.
Files=7, Tests=4,  0 wallclock secs ( 0.03 usr  0.01 sys +  0.45 cusr  0.09 csys =  0.58 CPU)
Result: PASS
>>> perl-devel-stacktrace-ashtml: Entering fakeroot...
Manifying 1 pod document
Appending installation info to /home/packager/aports/main/perl-devel-stacktrace-ashtml/pkg/perl-devel-stacktrace-ashtml/usr/lib/perl5/core_perl/perllocal.pod
Installing /home/packager/aports/main/perl-devel-stacktrace-ashtml/pkg/perl-devel-stacktrace-ashtml/usr/share/perl5/vendor_perl/Devel/StackTrace/AsHTML.pm
Installing /home/packager/aports/main/perl-devel-stacktrace-ashtml/pkg/perl-devel-stacktrace-ashtml/usr/share/man/man3/Devel::StackTrace::AsHTML.3pm
>>> perl-devel-stacktrace-ashtml-doc*: Running split function doc...
'usr/share/man' -> '/home/packager/aports/main/perl-devel-stacktrace-ashtml/pkg/perl-devel-stacktrace-ashtml-doc/usr/share/man'
>>> perl-devel-stacktrace-ashtml-doc*: Preparing subpackage perl-devel-stacktrace-ashtml-doc...
>>> perl-devel-stacktrace-ashtml-doc*: Running postcheck for perl-devel-stacktrace-ashtml-doc
>>> perl-devel-stacktrace-ashtml*: Running postcheck for perl-devel-stacktrace-ashtml
>>> perl-devel-stacktrace-ashtml*: Preparing package perl-devel-stacktrace-ashtml...
>>> perl-devel-stacktrace-ashtml-doc*: Tracing dependencies...
>>> perl-devel-stacktrace-ashtml-doc*: Package size: 1.4 KB
>>> perl-devel-stacktrace-ashtml-doc*: Compressing data...
>>> perl-devel-stacktrace-ashtml-doc*: Create checksum...
pigz: not found
>>> perl-devel-stacktrace-ashtml-doc*: Create perl-devel-stacktrace-ashtml-doc-0.15-r4.apk
>>> perl-devel-stacktrace-ashtml*: Tracing dependencies...
	perl
	perl-devel-stacktrace
>>> perl-devel-stacktrace-ashtml*: Package size: 7.6 KB
>>> perl-devel-stacktrace-ashtml*: Compressing data...
>>> perl-devel-stacktrace-ashtml*: Create checksum...
pigz: not found
>>> perl-devel-stacktrace-ashtml*: Create perl-devel-stacktrace-ashtml-0.15-r4.apk
>>> perl-devel-stacktrace-ashtml: Build complete at Sun, 18 May 2025 09:22:44 +0000 elapsed time 0h 0m 4s
>>> perl-devel-stacktrace-ashtml: Cleaning up srcdir
>>> perl-devel-stacktrace-ashtml: Cleaning up pkgdir
>>> perl-devel-stacktrace-ashtml: Uninstalling dependencies...
(1/7) Purging .makedepends-perl-devel-stacktrace-ashtml (20250518.092242)
(2/7) Purging perl-devel-stacktrace (2.05-r0)
(3/7) Purging git-perl (2.47.2-r0)
(4/7) Purging perl-git (2.47.2-r0)
(5/7) Purging perl-error (0.17030-r0)
(6/7) Purging perl (5.40.2-r0)
(7/7) Purging libbz2 (1.0.8-r6)
Executing busybox-1.37.0-r12.trigger
OK: 261 MiB in 81 packages
>>> perl-devel-stacktrace-ashtml: Updating the main/x86_64 repository index...
>>> perl-devel-stacktrace-ashtml: Signing the index...
pigz: not found
