pigz: not found
>>> perl-path-tiny: Building main/perl-path-tiny 0.146-r0 (using abuild 3.14.1-r4) started Sun, 18 May 2025 07:54:28 +0000
>>> perl-path-tiny: Validating /home/packager/aports/main/perl-path-tiny/APKBUILD...
>>> perl-path-tiny: Analyzing dependencies...
>>> perl-path-tiny: Installing for build: build-base perl perl-test-failwarnings perl-test-mockrandom
(1/8) Installing libbz2 (1.0.8-r6)
(2/8) Installing perl (5.40.2-r0)
(3/8) Installing perl-test-failwarnings (0.008-r5)
(4/8) Installing perl-test-mockrandom (1.01-r5)
(5/8) Installing .makedepends-perl-path-tiny (20250518.075430)
(6/8) Installing perl-error (0.17029-r2)
(7/8) Installing perl-git (2.47.2-r0)
(8/8) Installing git-perl (2.47.2-r0)
Executing busybox-1.37.0-r12.trigger
OK: 297 MiB in 89 packages
>>> perl-path-tiny: Cleaning up srcdir
>>> perl-path-tiny: Cleaning up pkgdir
>>> perl-path-tiny: Cleaning up tmpdir
>>> perl-path-tiny: Fetching https://cpan.metacpan.org/authors/id/D/DA/DAGOLDEN/Path-Tiny-0.146.tar.gz
Connecting to cpan.metacpan.org (146.75.122.217:443)
saving to '/var/cache/distfiles/Path-Tiny-0.146.tar.gz.part'
Path-Tiny-0.146.tar. 100% |********************************|  103k  0:00:00 ETA
'/var/cache/distfiles/Path-Tiny-0.146.tar.gz.part' saved
>>> perl-path-tiny: Fetching https://cpan.metacpan.org/authors/id/D/DA/DAGOLDEN/Path-Tiny-0.146.tar.gz
>>> perl-path-tiny: Checking sha512sums...
Path-Tiny-0.146.tar.gz: OK
>>> perl-path-tiny: Unpacking /var/cache/distfiles/Path-Tiny-0.146.tar.gz...
Checking if your kit is complete...
Looks good
Generating a Unix-style Makefile
Writing Makefile for Path::Tiny
Writing MYMETA.yml and MYMETA.json
cp lib/Path/Tiny.pm blib/lib/Path/Tiny.pm
Manifying 1 pod document
PERL_DL_NONLAZY=1 "/usr/bin/perl" "-MExtUtils::Command::MM" "-MTest::Harness" "-e" "undef *Test::Harness::Switches; test_harness(0, 'blib/lib', 'blib/arch')" t/*.t
# 
# Versions for all modules listed in MYMETA.json (including optional ones):
# 
# === Configure Requires ===
# 
#     Module                  Want     Have
#     ------------------- -------- --------
#     ExtUtils::MakeMaker     6.17     7.70
#     perl                5.008001 5.040002
# 
# === Configure Suggests ===
# 
#     Module      Want Have
#     -------- ------- ----
#     JSON::PP 2.27300 4.16
# 
# === Build Requires ===
# 
#     Module              Want Have
#     ------------------- ---- ----
#     ExtUtils::MakeMaker  any 7.70
# 
# === Test Requires ===
# 
#     Module                    Want     Have
#     --------------------- -------- --------
#     Digest::MD5                any  2.58_01
#     ExtUtils::MakeMaker        any     7.70
#     File::Basename             any     2.86
#     File::Spec                0.86     3.91
#     File::Spec::Functions      any     3.91
#     File::Spec::Unix           any     3.91
#     File::Temp                0.19   0.2311
#     Test::More                0.96 1.302199
#     lib                        any     0.65
#     open                       any     1.13
#     perl                  5.008001 5.040002
# 
# === Test Recommends ===
# 
#     Module                 Want     Have
#     ------------------ -------- --------
#     CPAN::Meta         2.120900 2.150010
#     Test::FailWarnings      any    0.008
#     Test::MockRandom        any     1.01
# 
# === Runtime Requires ===
# 
#     Module                 Want     Have
#     ------------------ -------- --------
#     Carp                    any     1.54
#     Cwd                     any     3.91
#     Digest                 1.03     1.20
#     Digest::SHA            5.45     6.04
#     Encode                  any     3.21
#     Exporter               5.57     5.78
#     Fcntl                   any     1.18
#     File::Compare           any   1.1008
#     File::Copy              any     2.41
#     File::Glob              any     1.42
#     File::Path             2.07     2.18
#     File::Spec             0.86     3.91
#     File::Temp             0.19   0.2311
#     File::stat              any     1.14
#     constant                any     1.33
#     overload                any     1.37
#     perl               5.008001 5.040002
#     strict                  any     1.13
#     warnings                any     1.70
#     warnings::register      any     1.06
# 
# === Runtime Recommends ===
# 
#     Module        Want    Have
#     ------------- ---- -------
#     Unicode::UTF8 0.58 missing
# 
t/00-report-prereqs.t ............. ok
t/basename.t ...................... ok
t/basic.t ......................... ok
t/children.t ...................... ok
t/chmod.t ......................... ok
t/digest.t ........................ ok
t/exception.t ..................... ok
t/exports.t ....................... ok
t/filesystem.t .................... ok
t/has_same_bytes.t ................ ok
t/input_output.t .................. ok
t/input_output_no_PU_UU.t ......... ok
t/input_output_no_UU.t ............ ok
t/locking.t ....................... ok
t/mkdir.t ......................... ok
t/mkpath.t ........................ ok
t/mutable_tree_while_iterating.t .. ok
t/normalize.t ..................... ok
t/overloading.t ................... ok
t/parent.t ........................ ok
t/recurse.t ....................... ok
t/rel-abs.t ....................... ok
t/sig_die.t ....................... ok
t/size.t .......................... ok
t/subsumes.t ...................... ok
t/symlinks.t ...................... ok
t/temp.t .......................... ok
t/visit.t ......................... ok
t/zz-atomic.t ..................... ok
t/zzz-spec.t ...................... ok
All tests successful.
Files=30, Tests=1770,  5 wallclock secs ( 0.28 usr  0.06 sys +  3.53 cusr  0.53 csys =  4.40 CPU)
Result: PASS
>>> perl-path-tiny: Entering fakeroot...
Manifying 1 pod document
Installing /home/packager/aports/main/perl-path-tiny/pkg/perl-path-tiny/usr/share/perl5/vendor_perl/Path/Tiny.pm
Installing /home/packager/aports/main/perl-path-tiny/pkg/perl-path-tiny/usr/share/man/man3/Path::Tiny.3pm
>>> perl-path-tiny-doc*: Running split function doc...
'usr/share/man' -> '/home/packager/aports/main/perl-path-tiny/pkg/perl-path-tiny-doc/usr/share/man'
>>> perl-path-tiny-doc*: Preparing subpackage perl-path-tiny-doc...
>>> perl-path-tiny-doc*: Running postcheck for perl-path-tiny-doc
>>> perl-path-tiny*: Running postcheck for perl-path-tiny
>>> perl-path-tiny*: Preparing package perl-path-tiny...
>>> perl-path-tiny-doc*: Tracing dependencies...
>>> perl-path-tiny-doc*: Package size: 16.0 KB
>>> perl-path-tiny-doc*: Compressing data...
>>> perl-path-tiny-doc*: Create checksum...
pigz: not found
>>> perl-path-tiny-doc*: Create perl-path-tiny-doc-0.146-r0.apk
>>> perl-path-tiny*: Tracing dependencies...
	perl
>>> perl-path-tiny*: Package size: 125.8 KB
>>> perl-path-tiny*: Compressing data...
>>> perl-path-tiny*: Create checksum...
pigz: not found
>>> perl-path-tiny*: Create perl-path-tiny-0.146-r0.apk
>>> perl-path-tiny: Build complete at Sun, 18 May 2025 07:54:37 +0000 elapsed time 0h 0m 9s
>>> perl-path-tiny: Cleaning up srcdir
>>> perl-path-tiny: Cleaning up pkgdir
>>> perl-path-tiny: Uninstalling dependencies...
(1/8) Purging .makedepends-perl-path-tiny (20250518.075430)
(2/8) Purging perl-test-failwarnings (0.008-r5)
(3/8) Purging perl-test-mockrandom (1.01-r5)
(4/8) Purging git-perl (2.47.2-r0)
(5/8) Purging perl-git (2.47.2-r0)
(6/8) Purging perl-error (0.17029-r2)
(7/8) Purging perl (5.40.2-r0)
(8/8) Purging libbz2 (1.0.8-r6)
Executing busybox-1.37.0-r12.trigger
OK: 261 MiB in 81 packages
>>> perl-path-tiny: Updating the main/x86_64 repository index...
>>> perl-path-tiny: Signing the index...
pigz: not found
