>>> perl-yaml-syck: Validating /home/packager/oily-pine/main/perl-yaml-syck/APKBUILD...
>>> perl-yaml-syck: Cleaning up srcdir
>>> perl-yaml-syck: Cleaning up pkgdir
>>> perl-yaml-syck: Cleaning up tmpdir
>>> perl-yaml-syck: Fetching https://cpan.metacpan.org/authors/id/T/TO/TODDR/YAML-Syck-1.34.tar.gz
  % Total    % Received % Xferd  Average Speed   Time    Time     Time  Current
                                 Dload  Upload   Total   Spent    Left  Speed
  0     0    0     0    0     0      0      0 --:--:-- --:--:-- --:--:--     0  3  162k    3  5507    0     0  19751      0  0:00:08 --:--:--  0:00:08 19738100  162k  100  162k    0     0   478k      0 --:--:-- --:--:-- --:--:--  477k
>>> perl-yaml-syck: Fetching https://cpan.metacpan.org/authors/id/T/TO/TODDR/YAML-Syck-1.34.tar.gz
>>> perl-yaml-syck: Checking sha512sums...
YAML-Syck-1.34.tar.gz: OK
>>> perl-yaml-syck: Preparing build chroot...
fetch http://dl-cdn.alpinelinux.org/alpine/edge/main/x86_64/APKINDEX.tar.gz
(1/75) Installing musl (1.2.5-r10)
(2/75) Installing libcrypto3 (3.5.0-r0)
(3/75) Installing ca-certificates-bundle (20241121-r2)
(4/75) Installing libssl3 (3.5.0-r0)
(5/75) Installing zlib (1.3.1-r2)
(6/75) Installing libapk2 (2.14.9-r2)
(7/75) Installing apk-tools (2.14.9-r2)
(8/75) Installing libcap2 (2.76-r0)
(9/75) Installing libcap-getcap (2.76-r0)
(10/75) Installing fakeroot (1.37.1.1-r0)
(11/75) Installing scanelf (1.3.8-r1)
(12/75) Installing musl-utils (1.2.5-r10)
(13/75) Installing libgcc (14.3.0-r0)
(14/75) Installing libstdc++ (14.3.0-r0)
(15/75) Installing lzip (1.25-r0)
(16/75) Installing openssl (3.5.0-r0)
(17/75) Installing patch (2.8-r0)
(18/75) Installing pkgconf (2.4.3-r0)
(19/75) Installing acl-libs (2.3.2-r1)
(20/75) Installing tar (1.35-r3)
(21/75) Installing busybox (1.37.0-r18)
Executing busybox-1.37.0-r18.post-install
(22/75) Installing ssl_client (1.37.0-r18)
(23/75) Installing busybox-binsh (1.37.0-r18)
(24/75) Installing abuild (3.15.0-r0)
Executing abuild-3.15.0-r0.pre-install
(25/75) Installing abuild-sudo (3.15.0-r0)
(26/75) Installing alpine-baselayout-data (3.7.0-r0)
(27/75) Installing alpine-baselayout (3.7.0-r0)
Executing alpine-baselayout-3.7.0-r0.pre-install
Executing alpine-baselayout-3.7.0-r0.post-install
(28/75) Installing bridge (1.5-r5)
(29/75) Installing ifupdown-ng (0.12.1-r7)
(30/75) Installing openrc-user (0.62.2-r2)
(31/75) Installing openrc (0.62.2-r2)
Executing openrc-0.62.2-r2.post-install
(32/75) Installing mdev-conf (4.8-r0)
(33/75) Installing busybox-mdev-openrc (1.37.0-r18)
(34/75) Installing alpine-conf (3.20.0-r0)
(35/75) Installing alpine-keys (2.5-r0)
(36/75) Installing alpine-release (3.22.0-r0)
(37/75) Installing busybox-openrc (1.37.0-r18)
(38/75) Installing busybox-suid (1.37.0-r18)
(39/75) Installing alpine-base (3.22.0-r0)
(40/75) Installing jansson (2.14.1-r0)
(41/75) Installing zstd-libs (1.5.7-r0)
(42/75) Installing binutils (2.44-r0)
(43/75) Installing libmagic (5.46-r2)
(44/75) Installing file (5.46-r2)
(45/75) Installing libgomp (14.3.0-r0)
(46/75) Installing libatomic (14.3.0-r0)
(47/75) Installing gmp (6.3.0-r3)
(48/75) Installing isl26 (0.26-r1)
(49/75) Installing mpfr4 (4.2.1_p1-r0)
(50/75) Installing mpc1 (1.3.1-r1)
(51/75) Installing gcc (14.3.0-r0)
(52/75) Installing libstdc++-dev (14.3.0-r0)
(53/75) Installing musl-dev (1.2.5-r10)
(54/75) Installing g++ (14.3.0-r0)
(55/75) Installing make (4.4.1-r3)
(56/75) Installing fortify-headers (1.1-r5)
(57/75) Installing build-base (0.5-r3)
(58/75) Installing brotli-libs (1.1.0-r2)
(59/75) Installing c-ares (1.34.5-r0)
(60/75) Installing libunistring (1.3-r0)
(61/75) Installing libidn2 (2.3.7-r0)
(62/75) Installing nghttp2-libs (1.65.0-r0)
(63/75) Installing libpsl (0.21.5-r3)
(64/75) Installing libcurl (8.14.0-r2)
(65/75) Installing libexpat (2.7.1-r0)
(66/75) Installing pcre2 (10.43-r1)
(67/75) Installing git (2.49.0-r0)
(68/75) Installing git-init-template (2.49.0-r0)
(69/75) Installing libbz2 (1.0.8-r6)
(70/75) Installing perl (5.40.2-r0)
(71/75) Installing perl-error (0.17030-r0)
(72/75) Installing perl-git (2.49.0-r0)
(73/75) Installing git-perl (2.49.0-r0)
(74/75) Installing perl-utils (5.40.2-r0)
(75/75) Installing perl-dev (5.40.2-r0)
Executing busybox-1.37.0-r18.trigger
OK: 305 MiB in 75 packages
>>> perl-yaml-syck: Fetching https://cpan.metacpan.org/authors/id/T/TO/TODDR/YAML-Syck-1.34.tar.gz
>>> perl-yaml-syck: Checking sha512sums...
YAML-Syck-1.34.tar.gz: OK
>>> perl-yaml-syck: Unpacking /var/cache/distfiles/YAML-Syck-1.34.tar.gz...
Checking if your kit is complete...
Looks good
Generating a Unix-style Makefile
Writing Makefile for YAML::Syck
Writing MYMETA.yml and MYMETA.json
Running Mkbootstrap for Syck ()
cc -c  -I. -D_REENTRANT -D_GNU_SOURCE -D_GNU_SOURCE -fwrapv -fno-strict-aliasing -pipe -fstack-protector-strong -D_LARGEFILE_SOURCE -D_FILE_OFFSET_BITS=64 -Os -fstack-clash-protection -Wformat -Werror=format-security -fno-plt -O2   -DVERSION=\"1.34\" -DXS_VERSION=\"1.34\" -fPIC "-I/usr/lib/perl5/core_perl/CORE"   bytecode.c
cc -c  -I. -D_REENTRANT -D_GNU_SOURCE -D_GNU_SOURCE -fwrapv -fno-strict-aliasing -pipe -fstack-protector-strong -D_LARGEFILE_SOURCE -D_FILE_OFFSET_BITS=64 -Os -fstack-clash-protection -Wformat -Werror=format-security -fno-plt -O2   -DVERSION=\"1.34\" -DXS_VERSION=\"1.34\" -fPIC "-I/usr/lib/perl5/core_perl/CORE"   emitter.c
cc -c  -I. -D_REENTRANT -D_GNU_SOURCE -D_GNU_SOURCE -fwrapv -fno-strict-aliasing -pipe -fstack-protector-strong -D_LARGEFILE_SOURCE -D_FILE_OFFSET_BITS=64 -Os -fstack-clash-protection -Wformat -Werror=format-security -fno-plt -O2   -DVERSION=\"1.34\" -DXS_VERSION=\"1.34\" -fPIC "-I/usr/lib/perl5/core_perl/CORE"   gram.c
cc -c  -I. -D_REENTRANT -D_GNU_SOURCE -D_GNU_SOURCE -fwrapv -fno-strict-aliasing -pipe -fstack-protector-strong -D_LARGEFILE_SOURCE -D_FILE_OFFSET_BITS=64 -Os -fstack-clash-protection -Wformat -Werror=format-security -fno-plt -O2   -DVERSION=\"1.34\" -DXS_VERSION=\"1.34\" -fPIC "-I/usr/lib/perl5/core_perl/CORE"   handler.c
cc -c  -I. -D_REENTRANT -D_GNU_SOURCE -D_GNU_SOURCE -fwrapv -fno-strict-aliasing -pipe -fstack-protector-strong -D_LARGEFILE_SOURCE -D_FILE_OFFSET_BITS=64 -Os -fstack-clash-protection -Wformat -Werror=format-security -fno-plt -O2   -DVERSION=\"1.34\" -DXS_VERSION=\"1.34\" -fPIC "-I/usr/lib/perl5/core_perl/CORE"   implicit.c
cc -c  -I. -D_REENTRANT -D_GNU_SOURCE -D_GNU_SOURCE -fwrapv -fno-strict-aliasing -pipe -fstack-protector-strong -D_LARGEFILE_SOURCE -D_FILE_OFFSET_BITS=64 -Os -fstack-clash-protection -Wformat -Werror=format-security -fno-plt -O2   -DVERSION=\"1.34\" -DXS_VERSION=\"1.34\" -fPIC "-I/usr/lib/perl5/core_perl/CORE"   node.c
cc -c  -I. -D_REENTRANT -D_GNU_SOURCE -D_GNU_SOURCE -fwrapv -fno-strict-aliasing -pipe -fstack-protector-strong -D_LARGEFILE_SOURCE -D_FILE_OFFSET_BITS=64 -Os -fstack-clash-protection -Wformat -Werror=format-security -fno-plt -O2   -DVERSION=\"1.34\" -DXS_VERSION=\"1.34\" -fPIC "-I/usr/lib/perl5/core_perl/CORE"   syck_.c
cc -c  -I. -D_REENTRANT -D_GNU_SOURCE -D_GNU_SOURCE -fwrapv -fno-strict-aliasing -pipe -fstack-protector-strong -D_LARGEFILE_SOURCE -D_FILE_OFFSET_BITS=64 -Os -fstack-clash-protection -Wformat -Werror=format-security -fno-plt -O2   -DVERSION=\"1.34\" -DXS_VERSION=\"1.34\" -fPIC "-I/usr/lib/perl5/core_perl/CORE"   syck_st.c
cc -c  -I. -D_REENTRANT -D_GNU_SOURCE -D_GNU_SOURCE -fwrapv -fno-strict-aliasing -pipe -fstack-protector-strong -D_LARGEFILE_SOURCE -D_FILE_OFFSET_BITS=64 -Os -fstack-clash-protection -Wformat -Werror=format-security -fno-plt -O2   -DVERSION=\"1.34\" -DXS_VERSION=\"1.34\" -fPIC "-I/usr/lib/perl5/core_perl/CORE"   token.c
"/usr/bin/perl" "/usr/share/perl5/core_perl/ExtUtils/xsubpp"  -typemap '/usr/share/perl5/core_perl/ExtUtils/typemap'  Syck.xs > Syck.xsc
chmod 644 "Syck.bs"
"/usr/bin/perl" -MExtUtils::Command::MM -e 'cp_nonempty' -- Syck.bs blib/arch/auto/YAML/Syck/Syck.bs 644
cp lib/YAML/Dumper/Syck.pm blib/lib/YAML/Dumper/Syck.pm
cp lib/YAML/Syck.pm blib/lib/YAML/Syck.pm
cp lib/YAML/Loader/Syck.pm blib/lib/YAML/Loader/Syck.pm
cp lib/JSON/Syck.pm blib/lib/JSON/Syck.pm
mv Syck.xsc Syck.c
cc -c  -I. -D_REENTRANT -D_GNU_SOURCE -D_GNU_SOURCE -fwrapv -fno-strict-aliasing -pipe -fstack-protector-strong -D_LARGEFILE_SOURCE -D_FILE_OFFSET_BITS=64 -Os -fstack-clash-protection -Wformat -Werror=format-security -fno-plt -O2   -DVERSION=\"1.34\" -DXS_VERSION=\"1.34\" -fPIC "-I/usr/lib/perl5/core_perl/CORE"   Syck.c
rm -f blib/arch/auto/YAML/Syck/Syck.so
cc  -shared -Os -fstack-clash-protection -Wformat -Werror=format-security -fno-plt -O2 -L/usr/local/lib -fstack-protector-strong  bytecode.o emitter.o gram.o handler.o implicit.o node.o syck_.o syck_st.o token.o Syck.o  -o blib/arch/auto/YAML/Syck/Syck.so  \
      \
  
chmod 755 blib/arch/auto/YAML/Syck/Syck.so
Manifying 2 pod documents
"/usr/bin/perl" -MExtUtils::Command::MM -e 'cp_nonempty' -- Syck.bs blib/arch/auto/YAML/Syck/Syck.bs 644
PERL_DL_NONLAZY=1 "/usr/bin/perl" "-MExtUtils::Command::MM" "-MTest::Harness" "-e" "undef *Test::Harness::Switches; test_harness(0, 'blib/lib', 'blib/arch')" t/*.t
t/1-basic.t ................. ok
t/11-loadfile.t ............. ok
t/12-dumpfile.t ............. ok
t/2-scalars.t ............... ok
t/3-objects.t ............... ok
t/4-perl_tag_scheme.t ....... ok
t/json-basic.t .............. ok
t/json-circular-ref.t ....... ok
t/json-crlf.t ............... ok
t/json-dumpinto.t ........... ok
t/json-empty.t .............. ok
t/json-indent.t ............. ok
t/json-loadfile.t ........... ok
t/json-minus.t .............. ok
t/json-newline.t ............ ok
t/json-null.t ............... ok
t/json-numbers.t ............ ok
t/json-refs.t ............... ok
t/json-singlequote.t ........ ok
t/leak.t .................... ok
t/load-blessed.t ............ ok
t/yaml-alias.t .............. ok
t/yaml-blessed-ref.t ........ ok
t/yaml-dumpinto.t ........... ok
t/yaml-implicit-warnings.t .. ok
t/yaml-str-colon-first.t .... ok
t/yaml-tie.t ................ ok
t/yaml-utf.t ................ ok
All tests successful.
Files=28, Tests=620,  1 wallclock secs ( 0.04 usr  0.02 sys +  0.99 cusr  0.18 csys =  1.23 CPU)
Result: PASS
>>> perl-yaml-syck: Entering fakeroot...
"/usr/bin/perl" -MExtUtils::Command::MM -e 'cp_nonempty' -- Syck.bs blib/arch/auto/YAML/Syck/Syck.bs 644
Manifying 2 pod documents
Appending installation info to /tmp/pkg/perl-yaml-syck/usr/lib/perl5/core_perl/perllocal.pod
Files found in blib/arch: installing files in blib/lib into architecture dependent library tree
Installing /tmp/pkg/perl-yaml-syck/usr/lib/perl5/vendor_perl/auto/YAML/Syck/Syck.so
Installing /tmp/pkg/perl-yaml-syck/usr/lib/perl5/vendor_perl/YAML/Syck.pm
Installing /tmp/pkg/perl-yaml-syck/usr/lib/perl5/vendor_perl/YAML/Loader/Syck.pm
Installing /tmp/pkg/perl-yaml-syck/usr/lib/perl5/vendor_perl/YAML/Dumper/Syck.pm
Installing /tmp/pkg/perl-yaml-syck/usr/lib/perl5/vendor_perl/JSON/Syck.pm
Installing /tmp/pkg/perl-yaml-syck/usr/share/man/man3/YAML::Syck.3pm
Installing /tmp/pkg/perl-yaml-syck/usr/share/man/man3/JSON::Syck.3pm
>>> perl-yaml-syck-doc*: Running split function doc...
'usr/share/man' -> '/tmp/pkg/perl-yaml-syck-doc/usr/share/man'
>>> perl-yaml-syck-doc*: Preparing subpackage perl-yaml-syck-doc...
>>> perl-yaml-syck-doc*: Running postcheck for perl-yaml-syck-doc
>>> perl-yaml-syck*: Running postcheck for perl-yaml-syck
>>> perl-yaml-syck*: Preparing package perl-yaml-syck...
>>> perl-yaml-syck*: Stripping binaries
>>> perl-yaml-syck-doc*: Scanning shared objects
>>> perl-yaml-syck*: Scanning shared objects
>>> perl-yaml-syck-doc*: Tracing dependencies...
>>> perl-yaml-syck-doc*: Package size: 7.3 KB
>>> perl-yaml-syck-doc*: Compressing data...
>>> perl-yaml-syck-doc*: Create checksum...
>>> perl-yaml-syck-doc*: Create perl-yaml-syck-doc-1.34-r5.apk
>>> perl-yaml-syck*: Tracing dependencies...
	perl
	so:libc.musl-x86_64.so.1
>>> perl-yaml-syck*: Package size: 150.0 KB
>>> perl-yaml-syck*: Compressing data...
>>> perl-yaml-syck*: Create checksum...
>>> perl-yaml-syck*: Create perl-yaml-syck-1.34-r5.apk
>>> perl-yaml-syck: Updating the main/x86_64 repository index...
>>> perl-yaml-syck: Signing the index...
>>> perl-yaml-syck: Cleaning up srcdir
>>> perl-yaml-syck: Cleaning up build chroot
>>> perl-yaml-syck: Cleaning up pkgdir
