>>> perl-cgi: Validating /home/packager/oily-pine/main/perl-cgi/APKBUILD...
>>> perl-cgi: Cleaning up srcdir
>>> perl-cgi: Cleaning up pkgdir
>>> perl-cgi: Cleaning up tmpdir
>>> perl-cgi: Fetching https://cpan.metacpan.org/authors/id/L/LE/LEEJO/CGI-4.68.tar.gz
  % Total    % Received % Xferd  Average Speed   Time    Time     Time  Current
                                 Dload  Upload   Total   Spent    Left  Speed
  0     0    0     0    0     0      0      0 --:--:-- --:--:-- --:--:--     0100  203k  100  203k    0     0   958k      0 --:--:-- --:--:-- --:--:--  960k
>>> perl-cgi: Fetching https://cpan.metacpan.org/authors/id/L/LE/LEEJO/CGI-4.68.tar.gz
>>> perl-cgi: Checking sha512sums...
CGI-4.68.tar.gz: OK
>>> perl-cgi: Preparing build chroot...
fetch http://dl-cdn.alpinelinux.org/alpine/edge/main/x86_64/APKINDEX.tar.gz
(1/85) Installing musl (1.2.5-r10)
(2/85) Installing libcrypto3 (3.5.0-r0)
(3/85) Installing ca-certificates-bundle (20241121-r2)
(4/85) Installing libssl3 (3.5.0-r0)
(5/85) Installing zlib (1.3.1-r2)
(6/85) Installing libapk2 (2.14.9-r2)
(7/85) Installing apk-tools (2.14.9-r2)
(8/85) Installing libcap2 (2.76-r0)
(9/85) Installing libcap-getcap (2.76-r0)
(10/85) Installing fakeroot (1.37.1.1-r0)
(11/85) Installing scanelf (1.3.8-r1)
(12/85) Installing musl-utils (1.2.5-r10)
(13/85) Installing libgcc (14.3.0-r0)
(14/85) Installing libstdc++ (14.3.0-r0)
(15/85) Installing lzip (1.25-r0)
(16/85) Installing openssl (3.5.0-r0)
(17/85) Installing patch (2.8-r0)
(18/85) Installing pkgconf (2.4.3-r0)
(19/85) Installing acl-libs (2.3.2-r1)
(20/85) Installing tar (1.35-r3)
(21/85) Installing busybox (1.37.0-r18)
Executing busybox-1.37.0-r18.post-install
(22/85) Installing ssl_client (1.37.0-r18)
(23/85) Installing busybox-binsh (1.37.0-r18)
(24/85) Installing abuild (3.15.0-r0)
Executing abuild-3.15.0-r0.pre-install
(25/85) Installing abuild-sudo (3.15.0-r0)
(26/85) Installing alpine-baselayout-data (3.7.0-r0)
(27/85) Installing alpine-baselayout (3.7.0-r0)
Executing alpine-baselayout-3.7.0-r0.pre-install
Executing alpine-baselayout-3.7.0-r0.post-install
(28/85) Installing bridge (1.5-r5)
(29/85) Installing ifupdown-ng (0.12.1-r7)
(30/85) Installing openrc-user (0.62.2-r2)
(31/85) Installing openrc (0.62.2-r2)
Executing openrc-0.62.2-r2.post-install
(32/85) Installing mdev-conf (4.8-r0)
(33/85) Installing busybox-mdev-openrc (1.37.0-r18)
(34/85) Installing alpine-conf (3.20.0-r0)
(35/85) Installing alpine-keys (2.5-r0)
(36/85) Installing alpine-release (3.22.0-r0)
(37/85) Installing busybox-openrc (1.37.0-r18)
(38/85) Installing busybox-suid (1.37.0-r18)
(39/85) Installing alpine-base (3.22.0-r0)
(40/85) Installing jansson (2.14.1-r0)
(41/85) Installing zstd-libs (1.5.7-r0)
(42/85) Installing binutils (2.44-r0)
(43/85) Installing libmagic (5.46-r2)
(44/85) Installing file (5.46-r2)
(45/85) Installing libgomp (14.3.0-r0)
(46/85) Installing libatomic (14.3.0-r0)
(47/85) Installing gmp (6.3.0-r3)
(48/85) Installing isl26 (0.26-r1)
(49/85) Installing mpfr4 (4.2.1_p1-r0)
(50/85) Installing mpc1 (1.3.1-r1)
(51/85) Installing gcc (14.3.0-r0)
(52/85) Installing libstdc++-dev (14.3.0-r0)
(53/85) Installing musl-dev (1.2.5-r10)
(54/85) Installing g++ (14.3.0-r0)
(55/85) Installing make (4.4.1-r3)
(56/85) Installing fortify-headers (1.1-r5)
(57/85) Installing build-base (0.5-r3)
(58/85) Installing brotli-libs (1.1.0-r2)
(59/85) Installing c-ares (1.34.5-r0)
(60/85) Installing libunistring (1.3-r0)
(61/85) Installing libidn2 (2.3.7-r0)
(62/85) Installing nghttp2-libs (1.65.0-r0)
(63/85) Installing libpsl (0.21.5-r3)
(64/85) Installing libcurl (8.14.0-r2)
(65/85) Installing libexpat (2.7.1-r0)
(66/85) Installing pcre2 (10.43-r1)
(67/85) Installing git (2.49.0-r0)
(68/85) Installing git-init-template (2.49.0-r0)
(69/85) Installing libbz2 (1.0.8-r6)
(70/85) Installing perl (5.40.2-r0)
(71/85) Installing perl-error (0.17030-r0)
(72/85) Installing perl-git (2.49.0-r0)
(73/85) Installing git-perl (2.49.0-r0)
(74/85) Installing perl-html-tagset (3.24-r0)
(75/85) Installing perl-clone (0.47-r0)
(76/85) Installing perl-http-date (6.06-r0)
(77/85) Installing perl-uri (5.28-r0)
(78/85) Installing perl-io-html (1.004-r1)
(79/85) Installing perl-encode-locale (1.05-r5)
(80/85) Installing perl-lwp-mediatypes (6.04-r3)
(81/85) Installing perl-http-message (7.00-r0)
(82/85) Installing perl-html-parser (3.83-r0)
(83/85) Installing perl-test-nowarnings (1.06-r1)
(84/85) Installing perl-sub-uplevel (0.2800-r6)
(85/85) Installing perl-test-warn (0.37-r2)
Executing busybox-1.37.0-r18.trigger
OK: 297 MiB in 85 packages
>>> perl-cgi: Fetching https://cpan.metacpan.org/authors/id/L/LE/LEEJO/CGI-4.68.tar.gz
>>> perl-cgi: Checking sha512sums...
CGI-4.68.tar.gz: OK
>>> perl-cgi: Unpacking /var/cache/distfiles/CGI-4.68.tar.gz...
Checking if your kit is complete...
Looks good
Warning: LINKTYPE set to '', no longer necessary
Generating a Unix-style Makefile
Writing Makefile for CGI
Writing MYMETA.yml and MYMETA.json
cp lib/CGI.pm blib/lib/CGI.pm
cp lib/Fh.pm blib/lib/Fh.pm
cp lib/CGI/Cookie.pm blib/lib/CGI/Cookie.pm
cp lib/CGI/Util.pm blib/lib/CGI/Util.pm
cp lib/CGI/File/Temp.pm blib/lib/CGI/File/Temp.pm
cp lib/CGI/Push.pm blib/lib/CGI/Push.pm
cp lib/CGI.pod blib/lib/CGI.pod
cp lib/CGI/HTML/Functions.pm blib/lib/CGI/HTML/Functions.pm
cp lib/CGI/Carp.pm blib/lib/CGI/Carp.pm
cp lib/CGI/Pretty.pm blib/lib/CGI/Pretty.pm
cp lib/CGI/HTML/Functions.pod blib/lib/CGI/HTML/Functions.pod
Manifying 7 pod documents
PERL_DL_NONLAZY=1 "/usr/bin/perl" "-MExtUtils::Command::MM" "-MTest::Harness" "-e" "undef *Test::Harness::Switches; test_harness(0, 'blib/lib', 'blib/arch')" t/*.t t/headers/*.t
t/append_query.t ............ ok
t/arbitrary_handles.t ....... ok
t/autoescape.t .............. ok
t/can.t ..................... ok
[Sat May 31 15:33:55 2025] carp.t: foo at /tmp/src/CGI-4.68/blib/lib/CGI/Carp.pm line 360.
t/carp.t .................... ok
# cgi-lib.pl routines
private_tempfiles has been deprecated at /tmp/src/CGI-4.68/blib/lib/CGI.pm line 3240.
t/cgi.t ..................... ok
t/charset.t ................. ok
t/checkbox_group.t .......... ok
t/command_line.t ............ ok
t/compiles_pod.t ............ ok
t/cookie.t .................. ok
t/delete.t .................. ok
t/Dump.t .................... ok
t/end_form.t ................ ok
t/form.t .................... ok
t/function.t ................ ok
t/gh-155.t .................. ok
t/hash_param.t .............. ok
t/headers.t ................. ok
t/headers/attachment.t ...... ok
t/headers/charset.t ......... ok
t/headers/cookie.t .......... ok
t/headers/default.t ......... ok
t/headers/nph.t ............. ok
t/headers/p3p.t ............. ok
t/headers/target.t .......... ok
t/headers/type.t ............ ok
t/hidden.t .................. ok
t/html.t .................... ok
t/html_functions.t .......... ok
t/http.t .................... ok
t/init.t .................... ok
t/multipart_globals.t ....... ok
t/multipart_init.t .......... ok
t/multipart_start.t ......... ok
t/no_tabindex.t ............. ok
t/param_fetch.t ............. ok
t/param_list_context.t ...... ok
t/popup_menu.t .............. ok
t/postdata.t ................ ok
CGI::Pretty is DEPRECATED and will be removed in a future release. Please see https://github.com/leejo/CGI.pm/issues/162 for more information at /tmp/src/CGI-4.68/blib/lib/CGI/Pretty.pm line 20.
t/pretty.t .................. ok
t/push.t .................... ok
t/query_string.t ............ ok
t/redirect_query_string.t ... ok
t/request.t ................. ok
t/rt-31107.t ................ ok
t/rt-52469.t ................ ok
t/rt-57524.t ................ ok
t/rt-75628.t ................ ok
t/rt-84767.t ................ ok
t/save_read_roundtrip.t ..... ok
t/sorted.t .................. ok
t/start_end_asterisk.t ...... ok
t/start_end_end.t ........... ok
t/start_end_start.t ......... ok
t/unescapeHTML.t ............ ok
t/upload.t .................. ok
t/upload_quoted_unquoted.t .. ok
t/uploadInfo.t .............. ok
t/url.t ..................... ok
t/user_agent.t .............. ok
t/utf8.t .................... ok
t/util-58.t ................. ok
t/util.t .................... ok
All tests successful.

Test Summary Report
-------------------
t/compiles_pod.t          (Wstat: 0 Tests: 18 Failed: 0)
  TODO passed:   3, 6
Files=64, Tests=7610,  4 wallclock secs ( 0.23 usr  0.03 sys +  3.34 cusr  0.45 csys =  4.05 CPU)
Result: PASS
>>> perl-cgi: Entering fakeroot...
Manifying 7 pod documents
Installing /tmp/pkg/perl-cgi/usr/share/perl5/vendor_perl/CGI.pod
Installing /tmp/pkg/perl-cgi/usr/share/perl5/vendor_perl/Fh.pm
Installing /tmp/pkg/perl-cgi/usr/share/perl5/vendor_perl/CGI.pm
Installing /tmp/pkg/perl-cgi/usr/share/perl5/vendor_perl/CGI/Cookie.pm
Installing /tmp/pkg/perl-cgi/usr/share/perl5/vendor_perl/CGI/Pretty.pm
Installing /tmp/pkg/perl-cgi/usr/share/perl5/vendor_perl/CGI/Util.pm
Installing /tmp/pkg/perl-cgi/usr/share/perl5/vendor_perl/CGI/Carp.pm
Installing /tmp/pkg/perl-cgi/usr/share/perl5/vendor_perl/CGI/Push.pm
Installing /tmp/pkg/perl-cgi/usr/share/perl5/vendor_perl/CGI/HTML/Functions.pod
Installing /tmp/pkg/perl-cgi/usr/share/perl5/vendor_perl/CGI/HTML/Functions.pm
Installing /tmp/pkg/perl-cgi/usr/share/perl5/vendor_perl/CGI/File/Temp.pm
Installing /tmp/pkg/perl-cgi/usr/share/man/man3/CGI::Push.3pm
Installing /tmp/pkg/perl-cgi/usr/share/man/man3/CGI::HTML::Functions.3pm
Installing /tmp/pkg/perl-cgi/usr/share/man/man3/CGI::Util.3pm
Installing /tmp/pkg/perl-cgi/usr/share/man/man3/CGI::Carp.3pm
Installing /tmp/pkg/perl-cgi/usr/share/man/man3/CGI::Pretty.3pm
Installing /tmp/pkg/perl-cgi/usr/share/man/man3/CGI::Cookie.3pm
Installing /tmp/pkg/perl-cgi/usr/share/man/man3/CGI.3pm
>>> perl-cgi-doc*: Running split function doc...
'usr/share/perl5/vendor_perl/CGI.pod' -> '/tmp/pkg/perl-cgi-doc/usr/share/perl5/vendor_perl/CGI.pod'
'usr/share/perl5/vendor_perl/CGI/HTML/Functions.pod' -> '/tmp/pkg/perl-cgi-doc/usr/share/perl5/vendor_perl/CGI/HTML/Functions.pod'
'usr/share/man' -> '/tmp/pkg/perl-cgi-doc/usr/share/man'
>>> perl-cgi-doc*: Preparing subpackage perl-cgi-doc...
>>> perl-cgi-doc*: Running postcheck for perl-cgi-doc
>>> perl-cgi*: Running postcheck for perl-cgi
>>> perl-cgi*: Preparing package perl-cgi...
>>> perl-cgi-doc*: Tracing dependencies...
>>> perl-cgi-doc*: Package size: 188.3 KB
>>> perl-cgi-doc*: Compressing data...
>>> perl-cgi-doc*: Create checksum...
>>> perl-cgi-doc*: Create perl-cgi-doc-4.68-r0.apk
>>> perl-cgi*: Tracing dependencies...
	perl
	perl-html-parser
	perl-uri
>>> perl-cgi*: Package size: 184.2 KB
>>> perl-cgi*: Compressing data...
>>> perl-cgi*: Create checksum...
>>> perl-cgi*: Create perl-cgi-4.68-r0.apk
>>> perl-cgi: Updating the main/x86_64 repository index...
>>> perl-cgi: Signing the index...
>>> perl-cgi: Cleaning up srcdir
>>> perl-cgi: Cleaning up build chroot
>>> perl-cgi: Cleaning up pkgdir
