pigz: not found
>>> perl-ldap: Building main/perl-ldap 0.68-r2 (using abuild 3.14.1-r4) started Fri, 23 May 2025 00:39:34 +0000
>>> perl-ldap: Validating /home/packager/aports/main/perl-ldap/APKBUILD...
>>> perl-ldap: Analyzing dependencies...
>>> perl-ldap: Installing for build: build-base perl perl-libwww perl-lwp-mediatypes perl-json perl-convert-asn1 perl-http-message perl-uri perl-http-negotiate perl-io-socket-ssl perl-text-soundex
(1/24) Installing perl-http-date (6.06-r0)
(2/24) Installing perl-clone (0.47-r0)
(3/24) Installing perl-uri (5.28-r0)
(4/24) Installing perl-io-html (1.004-r1)
(5/24) Installing perl-encode-locale (1.05-r5)
(6/24) Installing perl-lwp-mediatypes (6.04-r3)
(7/24) Installing perl-http-message (7.00-r0)
(8/24) Installing perl-http-cookies (6.11-r0)
(9/24) Installing perl-net-http (6.23-r1)
(10/24) Installing perl-html-tagset (3.24-r0)
(11/24) Installing perl-html-parser (3.83-r0)
(12/24) Installing perl-file-listing (6.16-r0)
(13/24) Installing perl-www-robotrules (6.02-r5)
(14/24) Installing perl-http-negotiate (6.01-r5)
(15/24) Installing perl-try-tiny (0.32-r0)
(16/24) Installing perl-libwww (6.77-r0)
(17/24) Installing perl-json (4.10-r1)
(18/24) Installing perl-convert-asn1 (0.34-r0)
(19/24) Installing ca-certificates (20241121-r2)
(20/24) Installing perl-net-ssleay (1.94-r2)
(21/24) Installing perl-mozilla-ca (20250202-r0)
(22/24) Installing perl-io-socket-ssl (2.089-r0)
(23/24) Installing perl-text-soundex (3.05-r10)
(24/24) Installing .makedepends-perl-ldap (20250523.003940)
Executing ca-certificates-20241121-r2.trigger
Executing busybox-1.37.0-r12.trigger
OK: 316 MiB in 138 packages
>>> perl-ldap: Cleaning up srcdir
>>> perl-ldap: Cleaning up pkgdir
>>> perl-ldap: Cleaning up tmpdir
>>> perl-ldap: Fetching https://cpan.metacpan.org/authors/id/M/MA/MARSCHAP/perl-ldap-0.68.tar.gz
Connecting to cpan.metacpan.org (146.75.122.217:443)
saving to '/var/cache/distfiles/perl-ldap-0.68.tar.gz.part'
perl-ldap-0.68.tar.g 100% |********************************|  310k  0:00:00 ETA
'/var/cache/distfiles/perl-ldap-0.68.tar.gz.part' saved
>>> perl-ldap: Fetching https://cpan.metacpan.org/authors/id/M/MA/MARSCHAP/perl-ldap-0.68.tar.gz
>>> perl-ldap: Checking sha512sums...
perl-ldap-0.68.tar.gz: OK
>>> perl-ldap: Unpacking /var/cache/distfiles/perl-ldap-0.68.tar.gz...
*** Module::AutoInstall version 1.19
*** Checking for Perl dependencies...
[Core Features]
- Test::More        ...loaded. (1.302199)
- File::Basename    ...loaded. (2.86)
- File::Compare     ...loaded. (1.1008)
- File::Path        ...loaded. (2.18)
- IO::File          ...loaded. (1.55)
- Text::Soundex     ...loaded. (3.05)
- MIME::Base64      ...loaded. (3.16_01)
- Convert::ASN1     ...loaded. (0.34 >= 0.2)
[IPv6 support]
- IO::Socket::INET6 ...missing.
==> Auto-install the 1 optional module(s) from CPAN? [y/N] n
[LDAPS support]
- IO::Socket::SSL   ...loaded. (2.089 >= 1.26)
[SASL authentication]
- Authen::SASL      ...missing. (would need 2.00)
- Digest::MD5       ...loaded. (2.58_01)
- Digest::HMAC_MD5  ...missing.
- GSSAPI            ...missing.
==> Auto-install the 3 optional module(s) from CPAN? [y/N] n
[LDAP URLs]
- URI::ldap         ...loaded. (5.28 >= 1.1)
[Time conversion functions]
- Time::Local       ...loaded. (1.35)
[Read/Write DSML files]
- XML::SAX::Writer  ...missing.
- XML::SAX::Base    ...missing.
==> Auto-install the 2 optional module(s) from CPAN? [y/N] n
[Extended URL support when reading LDIFs]
- LWP               ...loaded. (6.77)
[LWP support for the LDAP protocol family]
- LWP::Protocol     ...loaded. (6.77)
- LWP::MediaTypes   ...loaded. (6.04)
- HTTP::Negotiate   ...loaded. (6.01)
- HTTP::Response    ...loaded. (7.00)
- HTTP::Status      ...loaded. (7.00)
- JSON              ...loaded. (4.10)
*** Module::AutoInstall configuration finished.
Checking if your kit is complete...
Looks good
Generating a Unix-style Makefile
Writing Makefile for Net::LDAP
Writing MYMETA.yml and MYMETA.json
cp lib/Net/LDAP/Control/Relax.pm blib/lib/Net/LDAP/Control/Relax.pm
cp lib/Net/LDAP/Control/SortResult.pm blib/lib/Net/LDAP/Control/SortResult.pm
cp lib/Net/LDAP/Control/NoOp.pm blib/lib/Net/LDAP/Control/NoOp.pm
cp lib/Net/LDAP/Control/SyncRequest.pm blib/lib/Net/LDAP/Control/SyncRequest.pm
cp lib/Net/LDAP/Control/DontUseCopy.pm blib/lib/Net/LDAP/Control/DontUseCopy.pm
cp lib/Net/LDAP/LDIF.pm blib/lib/Net/LDAP/LDIF.pm
cp lib/Net/LDAP/Extension/Cancel.pm blib/lib/Net/LDAP/Extension/Cancel.pm
cp lib/Net/LDAP/Control/VLVResponse.pm blib/lib/Net/LDAP/Control/VLVResponse.pm
cp lib/Net/LDAP/Control/Sort.pm blib/lib/Net/LDAP/Control/Sort.pm
cp lib/Net/LDAP/Control/EntryChange.pm blib/lib/Net/LDAP/Control/EntryChange.pm
cp lib/Net/LDAP/Extension/SetPassword.pm blib/lib/Net/LDAP/Extension/SetPassword.pm
cp lib/Net/LDAP/RootDSE.pm blib/lib/Net/LDAP/RootDSE.pm
cp lib/Net/LDAP/Examples.pod blib/lib/Net/LDAP/Examples.pod
cp lib/Net/LDAP/Control/ProxyAuth.pm blib/lib/Net/LDAP/Control/ProxyAuth.pm
cp lib/Net/LDAP/Extension/Refresh.pm blib/lib/Net/LDAP/Extension/Refresh.pm
cp lib/Net/LDAP/Filter.pod blib/lib/Net/LDAP/Filter.pod
cp lib/Net/LDAP/Search.pm blib/lib/Net/LDAP/Search.pm
cp lib/Net/LDAP/Schema.pm blib/lib/Net/LDAP/Schema.pm
cp lib/Net/LDAP/Control/ManageDsaIT.pm blib/lib/Net/LDAP/Control/ManageDsaIT.pm
cp lib/Net/LDAP/RFC.pod blib/lib/Net/LDAP/RFC.pod
cp lib/Net/LDAP/Control/Subentries.pm blib/lib/Net/LDAP/Control/Subentries.pm
cp lib/Net/LDAP/Intermediate.pm blib/lib/Net/LDAP/Intermediate.pm
cp lib/Net/LDAP/Extension.pm blib/lib/Net/LDAP/Extension.pm
cp lib/Net/LDAP/DSML.pm blib/lib/Net/LDAP/DSML.pm
cp lib/LWP/Protocol/ldap.pm blib/lib/LWP/Protocol/ldap.pm
cp lib/Net/LDAP/Entry.pod blib/lib/Net/LDAP/Entry.pod
cp lib/Net/LDAP/Intermediate/SyncInfo.pm blib/lib/Net/LDAP/Intermediate/SyncInfo.pm
cp lib/Net/LDAP/FAQ.pod blib/lib/Net/LDAP/FAQ.pod
cp lib/Net/LDAP/Control/TreeDelete.pm blib/lib/Net/LDAP/Control/TreeDelete.pm
cp lib/Net/LDAP/Control/PostRead.pm blib/lib/Net/LDAP/Control/PostRead.pm
cp lib/Net/LDAP/Control/VLV.pm blib/lib/Net/LDAP/Control/VLV.pm
cp lib/Net/LDAP/Extra/eDirectory.pm blib/lib/Net/LDAP/Extra/eDirectory.pm
cp lib/Net/LDAP/Util.pm blib/lib/Net/LDAP/Util.pm
cp lib/Net/LDAP/Message.pm blib/lib/Net/LDAP/Message.pm
cp lib/Net/LDAP/Control.pm blib/lib/Net/LDAP/Control.pm
cp lib/Net/LDAP/Entry.pm blib/lib/Net/LDAP/Entry.pm
cp lib/Net/LDAP/Control/PasswordPolicy.pm blib/lib/Net/LDAP/Control/PasswordPolicy.pm
cp lib/Bundle/Net/LDAP.pm blib/lib/Bundle/Net/LDAP.pm
cp lib/Net/LDAP/Extra/AD.pm blib/lib/Net/LDAP/Extra/AD.pm
cp lib/Net/LDAP/Extension/WhoAmI.pm blib/lib/Net/LDAP/Extension/WhoAmI.pm
cp lib/Net/LDAP/Control/Paged.pm blib/lib/Net/LDAP/Control/Paged.pm
cp lib/Net/LDAP/Extra.pm blib/lib/Net/LDAP/Extra.pm
cp lib/Net/LDAP/Control/Assertion.pm blib/lib/Net/LDAP/Control/Assertion.pm
cp lib/Net/LDAP/Control/SyncDone.pm blib/lib/Net/LDAP/Control/SyncDone.pm
cp lib/Net/LDAP/Reference.pod blib/lib/Net/LDAP/Reference.pod
cp lib/Net/LDAP/Message.pod blib/lib/Net/LDAP/Message.pod
cp lib/Net/LDAP/LDIF.pod blib/lib/Net/LDAP/LDIF.pod
cp lib/Net/LDAP.pm blib/lib/Net/LDAP.pm
cp lib/Net/LDAP/Bind.pm blib/lib/Net/LDAP/Bind.pm
cp lib/Net/LDAP/ASN.pm blib/lib/Net/LDAP/ASN.pm
cp lib/LWP/Protocol/ldapi.pm blib/lib/LWP/Protocol/ldapi.pm
cp lib/Net/LDAP/Control/MatchedValues.pm blib/lib/Net/LDAP/Control/MatchedValues.pm
cp lib/Net/LDAP/Control/SyncState.pm blib/lib/Net/LDAP/Control/SyncState.pm
cp lib/Net/LDAP/Filter.pm blib/lib/Net/LDAP/Filter.pm
cp lib/Net/LDAP/Search.pod blib/lib/Net/LDAP/Search.pod
cp lib/Net/LDAP/Schema.pod blib/lib/Net/LDAP/Schema.pod
cp lib/Net/LDAP/Control/PreRead.pm blib/lib/Net/LDAP/Control/PreRead.pm
cp lib/Net/LDAP/Security.pod blib/lib/Net/LDAP/Security.pod
cp lib/Net/LDAP.pod blib/lib/Net/LDAP.pod
cp lib/Net/LDAPS.pm blib/lib/Net/LDAPS.pm
cp lib/Net/LDAP/FilterMatch.pm blib/lib/Net/LDAP/FilterMatch.pm
cp lib/LWP/Protocol/ldaps.pm blib/lib/LWP/Protocol/ldaps.pm
cp lib/Net/LDAPI.pm blib/lib/Net/LDAPI.pm
cp lib/Net/LDAP/Control/PersistentSearch.pm blib/lib/Net/LDAP/Control/PersistentSearch.pm
cp lib/Net/LDAP/Constant.pm blib/lib/Net/LDAP/Constant.pm
Manifying 55 pod documents
PERL_DL_NONLAZY=1 "/usr/bin/perl" "-MExtUtils::Command::MM" "-MTest::Harness" "-e" "undef *Test::Harness::Switches; test_harness(0, 'inc', 'blib/lib', 'blib/arch')" t/00ldif-entry.t t/01canon_dn.t t/02filter.t t/03schema.t t/04refloop.t t/05dsml.t t/06constant.t t/07filtermatch.t t/08time.t t/09ldif-http-url.t t/10ldif-controls.t t/40connect.t t/41populate.t t/42search.t t/43modify.t t/44schema.t t/45dse.t t/46ssl.t t/47ipc.t t/48url.t t/49lwp.t t/60cancel.t t/70sortctrl.t t/71preread.t t/72postread.t t/73assert.t t/74matchedvalues.t
t/00ldif-entry.t ..... ok
t/01canon_dn.t ....... ok
t/02filter.t ......... ok
t/03schema.t ......... ok
t/04refloop.t ........ ok
t/05dsml.t ........... skipped: XML::SAX::Base and XML::SAX::Writer need to be installed
t/06constant.t ....... ok
t/07filtermatch.t .... ok
t/08time.t ........... ok
t/09ldif-http-url.t .. skipped: LWP::UserAgent module not installed or HTTP_JPEG_URL, HTTP_TEXT_URL not set
t/10ldif-controls.t .. ok
t/40connect.t ........ skipped: no server
t/41populate.t ....... skipped: no server
t/42search.t ......... skipped: no server
t/43modify.t ......... skipped: no server
t/44schema.t ......... skipped: no server
t/45dse.t ............ skipped: no server
t/46ssl.t ............ skipped: no server
t/47ipc.t ............ skipped: no server
t/48url.t ............ skipped: no server
t/49lwp.t ............ skipped: no server
t/60cancel.t ......... skipped: no server
t/70sortctrl.t ....... skipped: no server
t/71preread.t ........ skipped: no server
t/72postread.t ....... skipped: no server
t/73assert.t ......... skipped: no server
t/74matchedvalues.t .. skipped: no server
All tests successful.
Files=27, Tests=789,  8 wallclock secs ( 0.19 usr  0.06 sys +  6.37 cusr  0.86 csys =  7.48 CPU)
Result: PASS
>>> perl-ldap: Entering fakeroot...
Manifying 55 pod documents
Appending installation info to /home/packager/aports/main/perl-ldap/pkg/perl-ldap/usr/lib/perl5/core_perl/perllocal.pod
Installing /home/packager/aports/main/perl-ldap/pkg/perl-ldap/usr/share/perl5/vendor_perl/Net/LDAP.pm
Installing /home/packager/aports/main/perl-ldap/pkg/perl-ldap/usr/share/perl5/vendor_perl/Net/LDAP.pod
Installing /home/packager/aports/main/perl-ldap/pkg/perl-ldap/usr/share/perl5/vendor_perl/Net/LDAPS.pm
Installing /home/packager/aports/main/perl-ldap/pkg/perl-ldap/usr/share/perl5/vendor_perl/Net/LDAPI.pm
Installing /home/packager/aports/main/perl-ldap/pkg/perl-ldap/usr/share/perl5/vendor_perl/Net/LDAP/Search.pm
Installing /home/packager/aports/main/perl-ldap/pkg/perl-ldap/usr/share/perl5/vendor_perl/Net/LDAP/Filter.pm
Installing /home/packager/aports/main/perl-ldap/pkg/perl-ldap/usr/share/perl5/vendor_perl/Net/LDAP/Message.pod
Installing /home/packager/aports/main/perl-ldap/pkg/perl-ldap/usr/share/perl5/vendor_perl/Net/LDAP/LDIF.pm
Installing /home/packager/aports/main/perl-ldap/pkg/perl-ldap/usr/share/perl5/vendor_perl/Net/LDAP/Constant.pm
Installing /home/packager/aports/main/perl-ldap/pkg/perl-ldap/usr/share/perl5/vendor_perl/Net/LDAP/FilterMatch.pm
Installing /home/packager/aports/main/perl-ldap/pkg/perl-ldap/usr/share/perl5/vendor_perl/Net/LDAP/Examples.pod
Installing /home/packager/aports/main/perl-ldap/pkg/perl-ldap/usr/share/perl5/vendor_perl/Net/LDAP/Bind.pm
Installing /home/packager/aports/main/perl-ldap/pkg/perl-ldap/usr/share/perl5/vendor_perl/Net/LDAP/Schema.pm
Installing /home/packager/aports/main/perl-ldap/pkg/perl-ldap/usr/share/perl5/vendor_perl/Net/LDAP/Search.pod
Installing /home/packager/aports/main/perl-ldap/pkg/perl-ldap/usr/share/perl5/vendor_perl/Net/LDAP/Entry.pm
Installing /home/packager/aports/main/perl-ldap/pkg/perl-ldap/usr/share/perl5/vendor_perl/Net/LDAP/RootDSE.pm
Installing /home/packager/aports/main/perl-ldap/pkg/perl-ldap/usr/share/perl5/vendor_perl/Net/LDAP/RFC.pod
Installing /home/packager/aports/main/perl-ldap/pkg/perl-ldap/usr/share/perl5/vendor_perl/Net/LDAP/Util.pm
Installing /home/packager/aports/main/perl-ldap/pkg/perl-ldap/usr/share/perl5/vendor_perl/Net/LDAP/Security.pod
Installing /home/packager/aports/main/perl-ldap/pkg/perl-ldap/usr/share/perl5/vendor_perl/Net/LDAP/FAQ.pod
Installing /home/packager/aports/main/perl-ldap/pkg/perl-ldap/usr/share/perl5/vendor_perl/Net/LDAP/Message.pm
Installing /home/packager/aports/main/perl-ldap/pkg/perl-ldap/usr/share/perl5/vendor_perl/Net/LDAP/DSML.pm
Installing /home/packager/aports/main/perl-ldap/pkg/perl-ldap/usr/share/perl5/vendor_perl/Net/LDAP/Filter.pod
Installing /home/packager/aports/main/perl-ldap/pkg/perl-ldap/usr/share/perl5/vendor_perl/Net/LDAP/Intermediate.pm
Installing /home/packager/aports/main/perl-ldap/pkg/perl-ldap/usr/share/perl5/vendor_perl/Net/LDAP/Extension.pm
Installing /home/packager/aports/main/perl-ldap/pkg/perl-ldap/usr/share/perl5/vendor_perl/Net/LDAP/LDIF.pod
Installing /home/packager/aports/main/perl-ldap/pkg/perl-ldap/usr/share/perl5/vendor_perl/Net/LDAP/ASN.pm
Installing /home/packager/aports/main/perl-ldap/pkg/perl-ldap/usr/share/perl5/vendor_perl/Net/LDAP/Schema.pod
Installing /home/packager/aports/main/perl-ldap/pkg/perl-ldap/usr/share/perl5/vendor_perl/Net/LDAP/Reference.pod
Installing /home/packager/aports/main/perl-ldap/pkg/perl-ldap/usr/share/perl5/vendor_perl/Net/LDAP/Entry.pod
Installing /home/packager/aports/main/perl-ldap/pkg/perl-ldap/usr/share/perl5/vendor_perl/Net/LDAP/Control.pm
Installing /home/packager/aports/main/perl-ldap/pkg/perl-ldap/usr/share/perl5/vendor_perl/Net/LDAP/Extra.pm
Installing /home/packager/aports/main/perl-ldap/pkg/perl-ldap/usr/share/perl5/vendor_perl/Net/LDAP/Extension/Refresh.pm
Installing /home/packager/aports/main/perl-ldap/pkg/perl-ldap/usr/share/perl5/vendor_perl/Net/LDAP/Extension/Cancel.pm
Installing /home/packager/aports/main/perl-ldap/pkg/perl-ldap/usr/share/perl5/vendor_perl/Net/LDAP/Extension/SetPassword.pm
Installing /home/packager/aports/main/perl-ldap/pkg/perl-ldap/usr/share/perl5/vendor_perl/Net/LDAP/Extension/WhoAmI.pm
Installing /home/packager/aports/main/perl-ldap/pkg/perl-ldap/usr/share/perl5/vendor_perl/Net/LDAP/Control/MatchedValues.pm
Installing /home/packager/aports/main/perl-ldap/pkg/perl-ldap/usr/share/perl5/vendor_perl/Net/LDAP/Control/ManageDsaIT.pm
Installing /home/packager/aports/main/perl-ldap/pkg/perl-ldap/usr/share/perl5/vendor_perl/Net/LDAP/Control/Subentries.pm
Installing /home/packager/aports/main/perl-ldap/pkg/perl-ldap/usr/share/perl5/vendor_perl/Net/LDAP/Control/Sort.pm
Installing /home/packager/aports/main/perl-ldap/pkg/perl-ldap/usr/share/perl5/vendor_perl/Net/LDAP/Control/PasswordPolicy.pm
Installing /home/packager/aports/main/perl-ldap/pkg/perl-ldap/usr/share/perl5/vendor_perl/Net/LDAP/Control/NoOp.pm
Installing /home/packager/aports/main/perl-ldap/pkg/perl-ldap/usr/share/perl5/vendor_perl/Net/LDAP/Control/SyncRequest.pm
Installing /home/packager/aports/main/perl-ldap/pkg/perl-ldap/usr/share/perl5/vendor_perl/Net/LDAP/Control/SyncState.pm
Installing /home/packager/aports/main/perl-ldap/pkg/perl-ldap/usr/share/perl5/vendor_perl/Net/LDAP/Control/PostRead.pm
Installing /home/packager/aports/main/perl-ldap/pkg/perl-ldap/usr/share/perl5/vendor_perl/Net/LDAP/Control/VLV.pm
Installing /home/packager/aports/main/perl-ldap/pkg/perl-ldap/usr/share/perl5/vendor_perl/Net/LDAP/Control/SortResult.pm
Installing /home/packager/aports/main/perl-ldap/pkg/perl-ldap/usr/share/perl5/vendor_perl/Net/LDAP/Control/SyncDone.pm
Installing /home/packager/aports/main/perl-ldap/pkg/perl-ldap/usr/share/perl5/vendor_perl/Net/LDAP/Control/TreeDelete.pm
Installing /home/packager/aports/main/perl-ldap/pkg/perl-ldap/usr/share/perl5/vendor_perl/Net/LDAP/Control/PreRead.pm
Installing /home/packager/aports/main/perl-ldap/pkg/perl-ldap/usr/share/perl5/vendor_perl/Net/LDAP/Control/Assertion.pm
Installing /home/packager/aports/main/perl-ldap/pkg/perl-ldap/usr/share/perl5/vendor_perl/Net/LDAP/Control/Paged.pm
Installing /home/packager/aports/main/perl-ldap/pkg/perl-ldap/usr/share/perl5/vendor_perl/Net/LDAP/Control/EntryChange.pm
Installing /home/packager/aports/main/perl-ldap/pkg/perl-ldap/usr/share/perl5/vendor_perl/Net/LDAP/Control/PersistentSearch.pm
Installing /home/packager/aports/main/perl-ldap/pkg/perl-ldap/usr/share/perl5/vendor_perl/Net/LDAP/Control/VLVResponse.pm
Installing /home/packager/aports/main/perl-ldap/pkg/perl-ldap/usr/share/perl5/vendor_perl/Net/LDAP/Control/Relax.pm
Installing /home/packager/aports/main/perl-ldap/pkg/perl-ldap/usr/share/perl5/vendor_perl/Net/LDAP/Control/ProxyAuth.pm
Installing /home/packager/aports/main/perl-ldap/pkg/perl-ldap/usr/share/perl5/vendor_perl/Net/LDAP/Control/DontUseCopy.pm
Installing /home/packager/aports/main/perl-ldap/pkg/perl-ldap/usr/share/perl5/vendor_perl/Net/LDAP/Intermediate/SyncInfo.pm
Installing /home/packager/aports/main/perl-ldap/pkg/perl-ldap/usr/share/perl5/vendor_perl/Net/LDAP/Extra/AD.pm
Installing /home/packager/aports/main/perl-ldap/pkg/perl-ldap/usr/share/perl5/vendor_perl/Net/LDAP/Extra/eDirectory.pm
Installing /home/packager/aports/main/perl-ldap/pkg/perl-ldap/usr/share/perl5/vendor_perl/LWP/Protocol/ldaps.pm
Installing /home/packager/aports/main/perl-ldap/pkg/perl-ldap/usr/share/perl5/vendor_perl/LWP/Protocol/ldapi.pm
Installing /home/packager/aports/main/perl-ldap/pkg/perl-ldap/usr/share/perl5/vendor_perl/LWP/Protocol/ldap.pm
Installing /home/packager/aports/main/perl-ldap/pkg/perl-ldap/usr/share/perl5/vendor_perl/Bundle/Net/LDAP.pm
Installing /home/packager/aports/main/perl-ldap/pkg/perl-ldap/usr/share/man/man3/Net::LDAP::Extra::AD.3pm
Installing /home/packager/aports/main/perl-ldap/pkg/perl-ldap/usr/share/man/man3/Net::LDAP::Control::SyncRequest.3pm
Installing /home/packager/aports/main/perl-ldap/pkg/perl-ldap/usr/share/man/man3/Net::LDAP::FAQ.3pm
Installing /home/packager/aports/main/perl-ldap/pkg/perl-ldap/usr/share/man/man3/Net::LDAP::Security.3pm
Installing /home/packager/aports/main/perl-ldap/pkg/perl-ldap/usr/share/man/man3/Net::LDAP::Extension::Cancel.3pm
Installing /home/packager/aports/main/perl-ldap/pkg/perl-ldap/usr/share/man/man3/Net::LDAP::Control::Paged.3pm
Installing /home/packager/aports/main/perl-ldap/pkg/perl-ldap/usr/share/man/man3/Net::LDAP::Extra.3pm
Installing /home/packager/aports/main/perl-ldap/pkg/perl-ldap/usr/share/man/man3/Net::LDAP::Control::SortResult.3pm
Installing /home/packager/aports/main/perl-ldap/pkg/perl-ldap/usr/share/man/man3/Net::LDAP::RootDSE.3pm
Installing /home/packager/aports/main/perl-ldap/pkg/perl-ldap/usr/share/man/man3/Net::LDAP::Extension::WhoAmI.3pm
Installing /home/packager/aports/main/perl-ldap/pkg/perl-ldap/usr/share/man/man3/Net::LDAP::Filter.3pm
Installing /home/packager/aports/main/perl-ldap/pkg/perl-ldap/usr/share/man/man3/Net::LDAP::Control::NoOp.3pm
Installing /home/packager/aports/main/perl-ldap/pkg/perl-ldap/usr/share/man/man3/Net::LDAP::Intermediate::SyncInfo.3pm
Installing /home/packager/aports/main/perl-ldap/pkg/perl-ldap/usr/share/man/man3/Net::LDAP::Search.3pm
Installing /home/packager/aports/main/perl-ldap/pkg/perl-ldap/usr/share/man/man3/Net::LDAP::Control::VLV.3pm
Installing /home/packager/aports/main/perl-ldap/pkg/perl-ldap/usr/share/man/man3/Net::LDAP::Control::Subentries.3pm
Installing /home/packager/aports/main/perl-ldap/pkg/perl-ldap/usr/share/man/man3/Net::LDAP::Constant.3pm
Installing /home/packager/aports/main/perl-ldap/pkg/perl-ldap/usr/share/man/man3/Net::LDAP::Control::MatchedValues.3pm
Installing /home/packager/aports/main/perl-ldap/pkg/perl-ldap/usr/share/man/man3/Net::LDAP::Extension::Refresh.3pm
Installing /home/packager/aports/main/perl-ldap/pkg/perl-ldap/usr/share/man/man3/Net::LDAP::FilterMatch.3pm
Installing /home/packager/aports/main/perl-ldap/pkg/perl-ldap/usr/share/man/man3/Net::LDAP::Control::ManageDsaIT.3pm
Installing /home/packager/aports/main/perl-ldap/pkg/perl-ldap/usr/share/man/man3/Net::LDAP::Control::TreeDelete.3pm
Installing /home/packager/aports/main/perl-ldap/pkg/perl-ldap/usr/share/man/man3/Net::LDAP::Entry.3pm
Installing /home/packager/aports/main/perl-ldap/pkg/perl-ldap/usr/share/man/man3/LWP::Protocol::ldapi.3pm
Installing /home/packager/aports/main/perl-ldap/pkg/perl-ldap/usr/share/man/man3/Net::LDAP::Control::PersistentSearch.3pm
Installing /home/packager/aports/main/perl-ldap/pkg/perl-ldap/usr/share/man/man3/Net::LDAP::Control::PostRead.3pm
Installing /home/packager/aports/main/perl-ldap/pkg/perl-ldap/usr/share/man/man3/Net::LDAPI.3pm
Installing /home/packager/aports/main/perl-ldap/pkg/perl-ldap/usr/share/man/man3/Net::LDAP::Reference.3pm
Installing /home/packager/aports/main/perl-ldap/pkg/perl-ldap/usr/share/man/man3/Net::LDAP::DSML.3pm
Installing /home/packager/aports/main/perl-ldap/pkg/perl-ldap/usr/share/man/man3/Net::LDAP::Control::SyncState.3pm
Installing /home/packager/aports/main/perl-ldap/pkg/perl-ldap/usr/share/man/man3/LWP::Protocol::ldap.3pm
Installing /home/packager/aports/main/perl-ldap/pkg/perl-ldap/usr/share/man/man3/Net::LDAP::Control::EntryChange.3pm
Installing /home/packager/aports/main/perl-ldap/pkg/perl-ldap/usr/share/man/man3/Net::LDAPS.3pm
Installing /home/packager/aports/main/perl-ldap/pkg/perl-ldap/usr/share/man/man3/Net::LDAP::Control::PreRead.3pm
Installing /home/packager/aports/main/perl-ldap/pkg/perl-ldap/usr/share/man/man3/Net::LDAP::LDIF.3pm
Installing /home/packager/aports/main/perl-ldap/pkg/perl-ldap/usr/share/man/man3/Net::LDAP::Control::DontUseCopy.3pm
Installing /home/packager/aports/main/perl-ldap/pkg/perl-ldap/usr/share/man/man3/LWP::Protocol::ldaps.3pm
Installing /home/packager/aports/main/perl-ldap/pkg/perl-ldap/usr/share/man/man3/Net::LDAP::Examples.3pm
Installing /home/packager/aports/main/perl-ldap/pkg/perl-ldap/usr/share/man/man3/Net::LDAP::Control.3pm
Installing /home/packager/aports/main/perl-ldap/pkg/perl-ldap/usr/share/man/man3/Net::LDAP.3pm
Installing /home/packager/aports/main/perl-ldap/pkg/perl-ldap/usr/share/man/man3/Net::LDAP::Control::ProxyAuth.3pm
Installing /home/packager/aports/main/perl-ldap/pkg/perl-ldap/usr/share/man/man3/Bundle::Net::LDAP.3pm
Installing /home/packager/aports/main/perl-ldap/pkg/perl-ldap/usr/share/man/man3/Net::LDAP::Util.3pm
Installing /home/packager/aports/main/perl-ldap/pkg/perl-ldap/usr/share/man/man3/Net::LDAP::Control::Relax.3pm
Installing /home/packager/aports/main/perl-ldap/pkg/perl-ldap/usr/share/man/man3/Net::LDAP::Extra::eDirectory.3pm
Installing /home/packager/aports/main/perl-ldap/pkg/perl-ldap/usr/share/man/man3/Net::LDAP::Intermediate.3pm
Installing /home/packager/aports/main/perl-ldap/pkg/perl-ldap/usr/share/man/man3/Net::LDAP::Control::SyncDone.3pm
Installing /home/packager/aports/main/perl-ldap/pkg/perl-ldap/usr/share/man/man3/Net::LDAP::Control::PasswordPolicy.3pm
Installing /home/packager/aports/main/perl-ldap/pkg/perl-ldap/usr/share/man/man3/Net::LDAP::Control::VLVResponse.3pm
Installing /home/packager/aports/main/perl-ldap/pkg/perl-ldap/usr/share/man/man3/Net::LDAP::Message.3pm
Installing /home/packager/aports/main/perl-ldap/pkg/perl-ldap/usr/share/man/man3/Net::LDAP::RFC.3pm
Installing /home/packager/aports/main/perl-ldap/pkg/perl-ldap/usr/share/man/man3/Net::LDAP::Extension::SetPassword.3pm
Installing /home/packager/aports/main/perl-ldap/pkg/perl-ldap/usr/share/man/man3/Net::LDAP::Schema.3pm
Installing /home/packager/aports/main/perl-ldap/pkg/perl-ldap/usr/share/man/man3/Net::LDAP::Control::Sort.3pm
Installing /home/packager/aports/main/perl-ldap/pkg/perl-ldap/usr/share/man/man3/Net::LDAP::Control::Assertion.3pm
>>> perl-ldap-doc*: Running split function doc...
renamed 'usr/share/man' -> '/home/packager/aports/main/perl-ldap/pkg/perl-ldap-doc/usr/share/man'
>>> perl-ldap-doc*: Preparing subpackage perl-ldap-doc...
>>> perl-ldap-doc*: Running postcheck for perl-ldap-doc
>>> perl-ldap*: Running postcheck for perl-ldap
>>> perl-ldap*: Preparing package perl-ldap...
>>> perl-ldap-doc*: Tracing dependencies...
>>> perl-ldap-doc*: Package size: 164.0 KB
>>> perl-ldap-doc*: Compressing data...
>>> perl-ldap-doc*: Create checksum...
pigz: not found
>>> perl-ldap-doc*: Create perl-ldap-doc-0.68-r2.apk
>>> perl-ldap*: Tracing dependencies...
	perl
	perl-libwww
	perl-lwp-mediatypes
	perl-json
	perl-convert-asn1
	perl-http-message
	perl-uri
	perl-http-negotiate
	perl-io-socket-ssl
>>> perl-ldap*: Package size: 518.9 KB
>>> perl-ldap*: Compressing data...
>>> perl-ldap*: Create checksum...
libfakeroot internal error: payload not recognized!
pigz: not found
>>> perl-ldap*: Create perl-ldap-0.68-r2.apk
>>> perl-ldap: Build complete at Fri, 23 May 2025 00:39:57 +0000 elapsed time 0h 0m 23s
>>> perl-ldap: Cleaning up srcdir
>>> perl-ldap: Cleaning up pkgdir
>>> perl-ldap: Uninstalling dependencies...
(1/24) Purging .makedepends-perl-ldap (20250523.003940)
(2/24) Purging perl-libwww (6.77-r0)
(3/24) Purging perl-http-cookies (6.11-r0)
(4/24) Purging perl-net-http (6.23-r1)
(5/24) Purging perl-html-parser (3.83-r0)
(6/24) Purging perl-html-tagset (3.24-r0)
(7/24) Purging perl-file-listing (6.16-r0)
(8/24) Purging perl-www-robotrules (6.02-r5)
(9/24) Purging perl-try-tiny (0.32-r0)
(10/24) Purging perl-json (4.10-r1)
(11/24) Purging perl-convert-asn1 (0.34-r0)
(12/24) Purging perl-http-negotiate (6.01-r5)
(13/24) Purging perl-http-message (7.00-r0)
(14/24) Purging perl-clone (0.47-r0)
(15/24) Purging perl-http-date (6.06-r0)
(16/24) Purging perl-uri (5.28-r0)
(17/24) Purging perl-io-html (1.004-r1)
(18/24) Purging perl-encode-locale (1.05-r5)
(19/24) Purging perl-lwp-mediatypes (6.04-r3)
(20/24) Purging perl-io-socket-ssl (2.089-r0)
(21/24) Purging ca-certificates (20241121-r2)
Executing ca-certificates-20241121-r2.post-deinstall
(22/24) Purging perl-net-ssleay (1.94-r2)
(23/24) Purging perl-mozilla-ca (20250202-r0)
(24/24) Purging perl-text-soundex (3.05-r10)
Executing busybox-1.37.0-r12.trigger
OK: 313 MiB in 114 packages
>>> perl-ldap: Updating the main/x86_64 repository index...
>>> perl-ldap: Signing the index...
pigz: not found
