pigz: not found
>>> perl-parse-syslog: Building main/perl-parse-syslog 1.11-r0 (using abuild 3.14.1-r4) started Sun, 18 May 2025 10:45:36 +0000
>>> perl-parse-syslog: Validating /home/packager/aports/main/perl-parse-syslog/APKBUILD...
>>> perl-parse-syslog: Analyzing dependencies...
>>> perl-parse-syslog: Installing for build: build-base perl
(1/6) Installing libbz2 (1.0.8-r6)
(2/6) Installing perl (5.40.2-r0)
(3/6) Installing .makedepends-perl-parse-syslog (20250518.104538)
(4/6) Installing perl-error (0.17030-r0)
(5/6) Installing perl-git (2.47.2-r0)
(6/6) Installing git-perl (2.47.2-r0)
Executing busybox-1.37.0-r12.trigger
OK: 297 MiB in 87 packages
>>> perl-parse-syslog: Cleaning up srcdir
>>> perl-parse-syslog: Cleaning up pkgdir
>>> perl-parse-syslog: Cleaning up tmpdir
>>> perl-parse-syslog: Fetching https://cpan.metacpan.org/authors/id/D/DS/DSCHWEI/Parse-Syslog-1.11.tar.gz
Connecting to cpan.metacpan.org (146.75.122.217:443)
saving to '/var/cache/distfiles/Parse-Syslog-1.11.tar.gz.part'
Parse-Syslog-1.11.ta 100% |********************************| 14574  0:00:00 ETA
'/var/cache/distfiles/Parse-Syslog-1.11.tar.gz.part' saved
>>> perl-parse-syslog: Fetching https://cpan.metacpan.org/authors/id/D/DS/DSCHWEI/Parse-Syslog-1.11.tar.gz
>>> perl-parse-syslog: Checking sha512sums...
Parse-Syslog-1.11.tar.gz: OK
remove-locale-tests.patch: OK
>>> perl-parse-syslog: Unpacking /var/cache/distfiles/Parse-Syslog-1.11.tar.gz...
>>> perl-parse-syslog: remove-locale-tests.patch
patching file t/locale.t
Checking if your kit is complete...
Looks good
Generating a Unix-style Makefile
Writing Makefile for Parse::Syslog
Writing MYMETA.yml and MYMETA.json
cp lib/Parse/Syslog.pm blib/lib/Parse/Syslog.pm
Manifying 1 pod document
PERL_DL_NONLAZY=1 "/usr/bin/perl" "-MExtUtils::Command::MM" "-MTest::Harness" "-e" "undef *Test::Harness::Switches; test_harness(0, 'blib/lib', 'blib/arch')" t/*.t
t/cpan-meta.t ... skipped: Test::CPAN::Meta::YAML required for testing META.yml
t/critic.t ...... skipped: Author test.  Set $ENV{TEST_AUTHOR} to a true value to run.
IO::Scalar not available: test skipped.
t/dst.t ......... skipped: (no reason given)
t/filetail.t .... skipped: (no reason given)
t/gmt.t ......... ok
IO::Scalar not available: test skipped.
t/io-stringy.t .. skipped: (no reason given)
t/linux.t ....... ok
t/locale.t ...... skipped: (no reason given)
t/metalog.t ..... ok
t/misc.t ........ ok
t/rfc3339.t ..... ok
t/solaris26.t ... ok
t/solaris28.t ... ok
t/yearchange.t .. ok
All tests successful.
Files=14, Tests=191,  1 wallclock secs ( 0.09 usr  0.01 sys +  0.46 cusr  0.09 csys =  0.65 CPU)
Result: PASS
>>> perl-parse-syslog: Entering fakeroot...
Manifying 1 pod document
Installing /home/packager/aports/main/perl-parse-syslog/pkg/perl-parse-syslog/usr/share/perl5/vendor_perl/Parse/Syslog.pm
Installing /home/packager/aports/main/perl-parse-syslog/pkg/perl-parse-syslog/usr/share/man/man3/Parse::Syslog.3pm
>>> perl-parse-syslog-doc*: Running split function doc...
'usr/share/man' -> '/home/packager/aports/main/perl-parse-syslog/pkg/perl-parse-syslog-doc/usr/share/man'
>>> perl-parse-syslog-doc*: Preparing subpackage perl-parse-syslog-doc...
>>> perl-parse-syslog-doc*: Running postcheck for perl-parse-syslog-doc
>>> perl-parse-syslog*: Running postcheck for perl-parse-syslog
>>> perl-parse-syslog*: Preparing package perl-parse-syslog...
>>> perl-parse-syslog-doc*: Tracing dependencies...
>>> perl-parse-syslog-doc*: Package size: 3.0 KB
>>> perl-parse-syslog-doc*: Compressing data...
>>> perl-parse-syslog-doc*: Create checksum...
pigz: not found
>>> perl-parse-syslog-doc*: Create perl-parse-syslog-doc-1.11-r0.apk
>>> perl-parse-syslog*: Tracing dependencies...
	perl
>>> perl-parse-syslog*: Package size: 16.5 KB
>>> perl-parse-syslog*: Compressing data...
>>> perl-parse-syslog*: Create checksum...
pigz: not found
>>> perl-parse-syslog*: Create perl-parse-syslog-1.11-r0.apk
>>> perl-parse-syslog: Build complete at Sun, 18 May 2025 10:45:41 +0000 elapsed time 0h 0m 5s
>>> perl-parse-syslog: Cleaning up srcdir
>>> perl-parse-syslog: Cleaning up pkgdir
>>> perl-parse-syslog: Uninstalling dependencies...
(1/6) Purging .makedepends-perl-parse-syslog (20250518.104538)
(2/6) Purging git-perl (2.47.2-r0)
(3/6) Purging perl-git (2.47.2-r0)
(4/6) Purging perl-error (0.17030-r0)
(5/6) Purging perl (5.40.2-r0)
(6/6) Purging libbz2 (1.0.8-r6)
Executing busybox-1.37.0-r12.trigger
OK: 261 MiB in 81 packages
>>> perl-parse-syslog: Updating the main/x86_64 repository index...
>>> perl-parse-syslog: Signing the index...
pigz: not found
