pigz: not found
>>> perl-test-fork: Building main/perl-test-fork 0.02-r3 (using abuild 3.14.1-r4) started Sun, 18 May 2025 09:38:10 +0000
>>> perl-test-fork: Validating /home/packager/aports/main/perl-test-fork/APKBUILD...
>>> perl-test-fork: Analyzing dependencies...
>>> perl-test-fork: Installing for build: build-base perl perl-module-build
(1/7) Installing libbz2 (1.0.8-r6)
(2/7) Installing perl (5.40.2-r0)
(3/7) Installing perl-module-build (0.4234-r1)
(4/7) Installing .makedepends-perl-test-fork (20250518.093812)
(5/7) Installing perl-error (0.17030-r0)
(6/7) Installing perl-git (2.47.2-r0)
(7/7) Installing git-perl (2.47.2-r0)
Executing busybox-1.37.0-r12.trigger
OK: 298 MiB in 88 packages
>>> perl-test-fork: Cleaning up srcdir
>>> perl-test-fork: Cleaning up pkgdir
>>> perl-test-fork: Cleaning up tmpdir
>>> perl-test-fork: Fetching https://cpan.metacpan.org/authors/id/M/MS/MSCHWERN/Test-Fork-0.02.tar.gz
Connecting to cpan.metacpan.org (146.75.122.217:443)
saving to '/var/cache/distfiles/Test-Fork-0.02.tar.gz.part'
Test-Fork-0.02.tar.g 100% |********************************|  4368  0:00:00 ETA
'/var/cache/distfiles/Test-Fork-0.02.tar.gz.part' saved
>>> perl-test-fork: Fetching https://cpan.metacpan.org/authors/id/M/MS/MSCHWERN/Test-Fork-0.02.tar.gz
>>> perl-test-fork: Checking sha512sums...
Test-Fork-0.02.tar.gz: OK
>>> perl-test-fork: Unpacking /var/cache/distfiles/Test-Fork-0.02.tar.gz...
Created MYMETA.yml and MYMETA.json
Creating new 'Build' script for 'Test-Fork' version '0.02'
Building Test-Fork
t/failed_fork.t ..... ok
t/fork.t ............ ok
t/fork_ok_return.t .. ok
All tests successful.
Files=3, Tests=17,  0 wallclock secs ( 0.03 usr  0.00 sys +  0.18 cusr  0.06 csys =  0.27 CPU)
Result: PASS
>>> perl-test-fork: Entering fakeroot...
Building Test-Fork
Installing /home/packager/aports/main/perl-test-fork/pkg/perl-test-fork/usr/share/perl5/vendor_perl/Test/Fork.pm
Installing /home/packager/aports/main/perl-test-fork/pkg/perl-test-fork/usr/share/man/man3/Test::Fork.3pm
>>> perl-test-fork-doc*: Running split function doc...
'usr/share/man' -> '/home/packager/aports/main/perl-test-fork/pkg/perl-test-fork-doc/usr/share/man'
>>> perl-test-fork-doc*: Preparing subpackage perl-test-fork-doc...
>>> perl-test-fork-doc*: Running postcheck for perl-test-fork-doc
>>> perl-test-fork*: Running postcheck for perl-test-fork
>>> perl-test-fork*: Preparing package perl-test-fork...
>>> perl-test-fork-doc*: Tracing dependencies...
>>> perl-test-fork-doc*: Package size: 1.9 KB
>>> perl-test-fork-doc*: Compressing data...
>>> perl-test-fork-doc*: Create checksum...
pigz: not found
>>> perl-test-fork-doc*: Create perl-test-fork-doc-0.02-r3.apk
>>> perl-test-fork*: Tracing dependencies...
	perl
>>> perl-test-fork*: Package size: 4.0 KB
>>> perl-test-fork*: Compressing data...
>>> perl-test-fork*: Create checksum...
pigz: not found
>>> perl-test-fork*: Create perl-test-fork-0.02-r3.apk
>>> perl-test-fork: Build complete at Sun, 18 May 2025 09:38:14 +0000 elapsed time 0h 0m 4s
>>> perl-test-fork: Cleaning up srcdir
>>> perl-test-fork: Cleaning up pkgdir
>>> perl-test-fork: Uninstalling dependencies...
(1/7) Purging .makedepends-perl-test-fork (20250518.093812)
(2/7) Purging perl-module-build (0.4234-r1)
(3/7) Purging git-perl (2.47.2-r0)
(4/7) Purging perl-git (2.47.2-r0)
(5/7) Purging perl-error (0.17030-r0)
(6/7) Purging perl (5.40.2-r0)
(7/7) Purging libbz2 (1.0.8-r6)
Executing busybox-1.37.0-r12.trigger
OK: 261 MiB in 81 packages
>>> perl-test-fork: Updating the main/x86_64 repository index...
>>> perl-test-fork: Signing the index...
pigz: not found
