pigz: not found
>>> perl-heap: Building main/perl-heap 0.80-r6 (using abuild 3.14.1-r4) started Sun, 18 May 2025 08:51:18 +0000
>>> perl-heap: Validating /home/packager/aports/main/perl-heap/APKBUILD...
>>> perl-heap: Analyzing dependencies...
>>> perl-heap: Installing for build: build-base perl perl-dev
(1/8) Installing libbz2 (1.0.8-r6)
(2/8) Installing perl (5.40.2-r0)
(3/8) Installing perl-utils (5.40.2-r0)
(4/8) Installing perl-dev (5.40.2-r0)
(5/8) Installing .makedepends-perl-heap (20250518.085120)
(6/8) Installing perl-error (0.17030-r0)
(7/8) Installing perl-git (2.47.2-r0)
(8/8) Installing git-perl (2.47.2-r0)
Executing busybox-1.37.0-r12.trigger
OK: 307 MiB in 89 packages
>>> perl-heap: Cleaning up srcdir
>>> perl-heap: Cleaning up pkgdir
>>> perl-heap: Cleaning up tmpdir
>>> perl-heap: Fetching https://cpan.metacpan.org/authors/id/J/JM/JMM/Heap-0.80.tar.gz
Connecting to cpan.metacpan.org (146.75.122.217:443)
saving to '/var/cache/distfiles/Heap-0.80.tar.gz.part'
Heap-0.80.tar.gz.par 100% |********************************| 15673  0:00:00 ETA
'/var/cache/distfiles/Heap-0.80.tar.gz.part' saved
>>> perl-heap: Fetching https://cpan.metacpan.org/authors/id/J/JM/JMM/Heap-0.80.tar.gz
>>> perl-heap: Checking sha512sums...
Heap-0.80.tar.gz: OK
>>> perl-heap: Unpacking /var/cache/distfiles/Heap-0.80.tar.gz...
Checking if your kit is complete...
Looks good
Generating a Unix-style Makefile
Writing Makefile for Heap
Writing MYMETA.yml and MYMETA.json
cp lib/Heap/Binomial.pm blib/lib/Heap/Binomial.pm
cp lib/Heap/Elem/NumRev.pm blib/lib/Heap/Elem/NumRev.pm
cp lib/Heap/Elem/Ref.pm blib/lib/Heap/Elem/Ref.pm
cp lib/Heap/Binary.pm blib/lib/Heap/Binary.pm
cp lib/Heap/Elem/Str.pm blib/lib/Heap/Elem/Str.pm
cp lib/Heap/Elem/Num.pm blib/lib/Heap/Elem/Num.pm
cp lib/Heap/Elem/RefRev.pm blib/lib/Heap/Elem/RefRev.pm
cp lib/Heap/Fibonacci.pm blib/lib/Heap/Fibonacci.pm
cp lib/Heap/Elem/StrRev.pm blib/lib/Heap/Elem/StrRev.pm
cp lib/Heap.pm blib/lib/Heap.pm
cp lib/Heap/Elem.pm blib/lib/Heap/Elem.pm
Manifying 11 pod documents
PERL_DL_NONLAZY=1 "/usr/bin/perl" "-MExtUtils::Command::MM" "-MTest::Harness" "-e" "undef *Test::Harness::Switches; test_harness(0, 'blib/lib', 'blib/arch')" t/*.t
t/binary.t ....... ok
t/binomial.t ..... ok
t/elem.t ......... ok
t/fibonacci.t .... ok
t/num.t .......... ok
t/numrev.t ....... ok
t/ref.t .......... ok
t/refrev.t ....... ok
t/str.t .......... ok
t/strrev.t ....... ok
t/test.t ......... ok
ps: unrecognized option: p
BusyBox v1.37.0 (2025-01-17 18:12:01 UTC) multi-call binary.

Usage: ps [-o COL1,COL2=HEADER] [-T]

Show list of processes

	-o COL1,COL2=HEADER	Select columns for display
	-T			Show threads
ps: unrecognized option: p
BusyBox v1.37.0 (2025-01-17 18:12:01 UTC) multi-call binary.

Usage: ps [-o COL1,COL2=HEADER] [-T]

Show list of processes

	-o COL1,COL2=HEADER	Select columns for display
	-T			Show threads
ps: unrecognized option: p
BusyBox v1.37.0 (2025-01-17 18:12:01 UTC) multi-call binary.

Usage: ps [-o COL1,COL2=HEADER] [-T]

Show list of processes

	-o COL1,COL2=HEADER	Select columns for display
	-T			Show threads
ps: unrecognized option: p
BusyBox v1.37.0 (2025-01-17 18:12:01 UTC) multi-call binary.

Usage: ps [-o COL1,COL2=HEADER] [-T]

Show list of processes

	-o COL1,COL2=HEADER	Select columns for display
	-T			Show threads
ps: unrecognized option: p
BusyBox v1.37.0 (2025-01-17 18:12:01 UTC) multi-call binary.

Usage: ps [-o COL1,COL2=HEADER] [-T]

Show list of processes

	-o COL1,COL2=HEADER	Select columns for display
	-T			Show threads
ps: unrecognized option: p
BusyBox v1.37.0 (2025-01-17 18:12:01 UTC) multi-call binary.

Usage: ps [-o COL1,COL2=HEADER] [-T]

Show list of processes

	-o COL1,COL2=HEADER	Select columns for display
	-T			Show threads
ps: unrecognized option: p
BusyBox v1.37.0 (2025-01-17 18:12:01 UTC) multi-call binary.

Usage: ps [-o COL1,COL2=HEADER] [-T]

Show list of processes

	-o COL1,COL2=HEADER	Select columns for display
	-T			Show threads
ps: unrecognized option: p
BusyBox v1.37.0 (2025-01-17 18:12:01 UTC) multi-call binary.

Usage: ps [-o COL1,COL2=HEADER] [-T]

Show list of processes

	-o COL1,COL2=HEADER	Select columns for display
	-T			Show threads
ps: unrecognized option: p
BusyBox v1.37.0 (2025-01-17 18:12:01 UTC) multi-call binary.

Usage: ps [-o COL1,COL2=HEADER] [-T]

Show list of processes

	-o COL1,COL2=HEADER	Select columns for display
	-T			Show threads
ps: unrecognized option: p
BusyBox v1.37.0 (2025-01-17 18:12:01 UTC) multi-call binary.

Usage: ps [-o COL1,COL2=HEADER] [-T]

Show list of processes

	-o COL1,COL2=HEADER	Select columns for display
	-T			Show threads
ps: unrecognized option: p
BusyBox v1.37.0 (2025-01-17 18:12:01 UTC) multi-call binary.

Usage: ps [-o COL1,COL2=HEADER] [-T]

Show list of processes

	-o COL1,COL2=HEADER	Select columns for display
	-T			Show threads
ps: unrecognized option: p
BusyBox v1.37.0 (2025-01-17 18:12:01 UTC) multi-call binary.

Usage: ps [-o COL1,COL2=HEADER] [-T]

Show list of processes

	-o COL1,COL2=HEADER	Select columns for display
	-T			Show threads
ps: unrecognized option: p
BusyBox v1.37.0 (2025-01-17 18:12:01 UTC) multi-call binary.

Usage: ps [-o COL1,COL2=HEADER] [-T]

Show list of processes

	-o COL1,COL2=HEADER	Select columns for display
	-T			Show threads
ps: unrecognized option: p
BusyBox v1.37.0 (2025-01-17 18:12:01 UTC) multi-call binary.

Usage: ps [-o COL1,COL2=HEADER] [-T]

Show list of processes

	-o COL1,COL2=HEADER	Select columns for display
	-T			Show threads
ps: unrecognized option: p
BusyBox v1.37.0 (2025-01-17 18:12:01 UTC) multi-call binary.

Usage: ps [-o COL1,COL2=HEADER] [-T]

Show list of processes

	-o COL1,COL2=HEADER	Select columns for display
	-T			Show threads
ps: unrecognized option: p
BusyBox v1.37.0 (2025-01-17 18:12:01 UTC) multi-call binary.

Usage: ps [-o COL1,COL2=HEADER] [-T]

Show list of processes

	-o COL1,COL2=HEADER	Select columns for display
	-T			Show threads
ps: unrecognized option: p
BusyBox v1.37.0 (2025-01-17 18:12:01 UTC) multi-call binary.

Usage: ps [-o COL1,COL2=HEADER] [-T]

Show list of processes

	-o COL1,COL2=HEADER	Select columns for display
	-T			Show threads
ps: unrecognized option: p
BusyBox v1.37.0 (2025-01-17 18:12:01 UTC) multi-call binary.

Usage: ps [-o COL1,COL2=HEADER] [-T]

Show list of processes

	-o COL1,COL2=HEADER	Select columns for display
	-T			Show threads
ps: unrecognized option: p
BusyBox v1.37.0 (2025-01-17 18:12:01 UTC) multi-call binary.

Usage: ps [-o COL1,COL2=HEADER] [-T]

Show list of processes

	-o COL1,COL2=HEADER	Select columns for display
	-T			Show threads
ps: unrecognized option: p
BusyBox v1.37.0 (2025-01-17 18:12:01 UTC) multi-call binary.

Usage: ps [-o COL1,COL2=HEADER] [-T]

Show list of processes

	-o COL1,COL2=HEADER	Select columns for display
	-T			Show threads
ps: unrecognized option: p
BusyBox v1.37.0 (2025-01-17 18:12:01 UTC) multi-call binary.

Usage: ps [-o COL1,COL2=HEADER] [-T]

Show list of processes

	-o COL1,COL2=HEADER	Select columns for display
	-T			Show threads
ps: unrecognized option: p
BusyBox v1.37.0 (2025-01-17 18:12:01 UTC) multi-call binary.

Usage: ps [-o COL1,COL2=HEADER] [-T]

Show list of processes

	-o COL1,COL2=HEADER	Select columns for display
	-T			Show threads
ps: unrecognized option: p
BusyBox v1.37.0 (2025-01-17 18:12:01 UTC) multi-call binary.

Usage: ps [-o COL1,COL2=HEADER] [-T]

Show list of processes

	-o COL1,COL2=HEADER	Select columns for display
	-T			Show threads
ps: unrecognized option: p
BusyBox v1.37.0 (2025-01-17 18:12:01 UTC) multi-call binary.

Usage: ps [-o COL1,COL2=HEADER] [-T]

Show list of processes

	-o COL1,COL2=HEADER	Select columns for display
	-T			Show threads
ps: unrecognized option: p
BusyBox v1.37.0 (2025-01-17 18:12:01 UTC) multi-call binary.

Usage: ps [-o COL1,COL2=HEADER] [-T]

Show list of processes

	-o COL1,COL2=HEADER	Select columns for display
	-T			Show threads
ps: unrecognized option: p
BusyBox v1.37.0 (2025-01-17 18:12:01 UTC) multi-call binary.

Usage: ps [-o COL1,COL2=HEADER] [-T]

Show list of processes

	-o COL1,COL2=HEADER	Select columns for display
	-T			Show threads
ps: unrecognized option: p
BusyBox v1.37.0 (2025-01-17 18:12:01 UTC) multi-call binary.

Usage: ps [-o COL1,COL2=HEADER] [-T]

Show list of processes

	-o COL1,COL2=HEADER	Select columns for display
	-T			Show threads
ps: unrecognized option: p
BusyBox v1.37.0 (2025-01-17 18:12:01 UTC) multi-call binary.

Usage: ps [-o COL1,COL2=HEADER] [-T]

Show list of processes

	-o COL1,COL2=HEADER	Select columns for display
	-T			Show threads
ps: unrecognized option: p
BusyBox v1.37.0 (2025-01-17 18:12:01 UTC) multi-call binary.

Usage: ps [-o COL1,COL2=HEADER] [-T]

Show list of processes

	-o COL1,COL2=HEADER	Select columns for display
	-T			Show threads
ps: unrecognized option: p
BusyBox v1.37.0 (2025-01-17 18:12:01 UTC) multi-call binary.

Usage: ps [-o COL1,COL2=HEADER] [-T]

Show list of processes

	-o COL1,COL2=HEADER	Select columns for display
	-T			Show threads
ps: unrecognized option: p
BusyBox v1.37.0 (2025-01-17 18:12:01 UTC) multi-call binary.

Usage: ps [-o COL1,COL2=HEADER] [-T]

Show list of processes

	-o COL1,COL2=HEADER	Select columns for display
	-T			Show threads
ps: unrecognized option: p
BusyBox v1.37.0 (2025-01-17 18:12:01 UTC) multi-call binary.

Usage: ps [-o COL1,COL2=HEADER] [-T]

Show list of processes

	-o COL1,COL2=HEADER	Select columns for display
	-T			Show threads
ps: unrecognized option: p
BusyBox v1.37.0 (2025-01-17 18:12:01 UTC) multi-call binary.

Usage: ps [-o COL1,COL2=HEADER] [-T]

Show list of processes

	-o COL1,COL2=HEADER	Select columns for display
	-T			Show threads
ps: unrecognized option: p
BusyBox v1.37.0 (2025-01-17 18:12:01 UTC) multi-call binary.

Usage: ps [-o COL1,COL2=HEADER] [-T]

Show list of processes

	-o COL1,COL2=HEADER	Select columns for display
	-T			Show threads
ps: unrecognized option: p
BusyBox v1.37.0 (2025-01-17 18:12:01 UTC) multi-call binary.

Usage: ps [-o COL1,COL2=HEADER] [-T]

Show list of processes

	-o COL1,COL2=HEADER	Select columns for display
	-T			Show threads
ps: unrecognized option: p
BusyBox v1.37.0 (2025-01-17 18:12:01 UTC) multi-call binary.

Usage: ps [-o COL1,COL2=HEADER] [-T]

Show list of processes

	-o COL1,COL2=HEADER	Select columns for display
	-T			Show threads
ps: unrecognized option: p
BusyBox v1.37.0 (2025-01-17 18:12:01 UTC) multi-call binary.

Usage: ps [-o COL1,COL2=HEADER] [-T]

Show list of processes

	-o COL1,COL2=HEADER	Select columns for display
	-T			Show threads
ps: unrecognized option: p
BusyBox v1.37.0 (2025-01-17 18:12:01 UTC) multi-call binary.

Usage: ps [-o COL1,COL2=HEADER] [-T]

Show list of processes

	-o COL1,COL2=HEADER	Select columns for display
	-T			Show threads
ps: unrecognized option: p
BusyBox v1.37.0 (2025-01-17 18:12:01 UTC) multi-call binary.

Usage: ps [-o COL1,COL2=HEADER] [-T]

Show list of processes

	-o COL1,COL2=HEADER	Select columns for display
	-T			Show threads
ps: unrecognized option: p
BusyBox v1.37.0 (2025-01-17 18:12:01 UTC) multi-call binary.

Usage: ps [-o COL1,COL2=HEADER] [-T]

Show list of processes

	-o COL1,COL2=HEADER	Select columns for display
	-T			Show threads
ps: unrecognized option: p
BusyBox v1.37.0 (2025-01-17 18:12:01 UTC) multi-call binary.

Usage: ps [-o COL1,COL2=HEADER] [-T]

Show list of processes

	-o COL1,COL2=HEADER	Select columns for display
	-T			Show threads
ps: unrecognized option: p
BusyBox v1.37.0 (2025-01-17 18:12:01 UTC) multi-call binary.

Usage: ps [-o COL1,COL2=HEADER] [-T]

Show list of processes

	-o COL1,COL2=HEADER	Select columns for display
	-T			Show threads
ps: unrecognized option: p
BusyBox v1.37.0 (2025-01-17 18:12:01 UTC) multi-call binary.

Usage: ps [-o COL1,COL2=HEADER] [-T]

Show list of processes

	-o COL1,COL2=HEADER	Select columns for display
	-T			Show threads
ps: unrecognized option: p
BusyBox v1.37.0 (2025-01-17 18:12:01 UTC) multi-call binary.

Usage: ps [-o COL1,COL2=HEADER] [-T]

Show list of processes

	-o COL1,COL2=HEADER	Select columns for display
	-T			Show threads
ps: unrecognized option: p
BusyBox v1.37.0 (2025-01-17 18:12:01 UTC) multi-call binary.

Usage: ps [-o COL1,COL2=HEADER] [-T]

Show list of processes

	-o COL1,COL2=HEADER	Select columns for display
	-T			Show threads
ps: unrecognized option: p
BusyBox v1.37.0 (2025-01-17 18:12:01 UTC) multi-call binary.

Usage: ps [-o COL1,COL2=HEADER] [-T]

Show list of processes

	-o COL1,COL2=HEADER	Select columns for display
	-T			Show threads
ps: unrecognized option: p
BusyBox v1.37.0 (2025-01-17 18:12:01 UTC) multi-call binary.

Usage: ps [-o COL1,COL2=HEADER] [-T]

Show list of processes

	-o COL1,COL2=HEADER	Select columns for display
	-T			Show threads
ps: unrecognized option: p
BusyBox v1.37.0 (2025-01-17 18:12:01 UTC) multi-call binary.

Usage: ps [-o COL1,COL2=HEADER] [-T]

Show list of processes

	-o COL1,COL2=HEADER	Select columns for display
	-T			Show threads
ps: unrecognized option: p
BusyBox v1.37.0 (2025-01-17 18:12:01 UTC) multi-call binary.

Usage: ps [-o COL1,COL2=HEADER] [-T]

Show list of processes

	-o COL1,COL2=HEADER	Select columns for display
	-T			Show threads
ps: unrecognized option: p
BusyBox v1.37.0 (2025-01-17 18:12:01 UTC) multi-call binary.

Usage: ps [-o COL1,COL2=HEADER] [-T]

Show list of processes

	-o COL1,COL2=HEADER	Select columns for display
	-T			Show threads
t/test_leaks.t ... ok
t/test_leaks2.t .. ok
All tests successful.
Files=13, Tests=2473,  4 wallclock secs ( 0.13 usr  0.02 sys +  3.70 cusr  0.17 csys =  4.02 CPU)
Result: PASS
>>> perl-heap: Entering fakeroot...
Manifying 11 pod documents
Appending installation info to /home/packager/aports/main/perl-heap/pkg/perl-heap/usr/lib/perl5/core_perl/perllocal.pod
Installing /home/packager/aports/main/perl-heap/pkg/perl-heap/usr/share/perl5/vendor_perl/Heap.pm
Installing /home/packager/aports/main/perl-heap/pkg/perl-heap/usr/share/perl5/vendor_perl/Heap/Binomial.pm
Installing /home/packager/aports/main/perl-heap/pkg/perl-heap/usr/share/perl5/vendor_perl/Heap/Fibonacci.pm
Installing /home/packager/aports/main/perl-heap/pkg/perl-heap/usr/share/perl5/vendor_perl/Heap/Binary.pm
Installing /home/packager/aports/main/perl-heap/pkg/perl-heap/usr/share/perl5/vendor_perl/Heap/Elem.pm
Installing /home/packager/aports/main/perl-heap/pkg/perl-heap/usr/share/perl5/vendor_perl/Heap/Elem/StrRev.pm
Installing /home/packager/aports/main/perl-heap/pkg/perl-heap/usr/share/perl5/vendor_perl/Heap/Elem/Str.pm
Installing /home/packager/aports/main/perl-heap/pkg/perl-heap/usr/share/perl5/vendor_perl/Heap/Elem/Ref.pm
Installing /home/packager/aports/main/perl-heap/pkg/perl-heap/usr/share/perl5/vendor_perl/Heap/Elem/Num.pm
Installing /home/packager/aports/main/perl-heap/pkg/perl-heap/usr/share/perl5/vendor_perl/Heap/Elem/RefRev.pm
Installing /home/packager/aports/main/perl-heap/pkg/perl-heap/usr/share/perl5/vendor_perl/Heap/Elem/NumRev.pm
Installing /home/packager/aports/main/perl-heap/pkg/perl-heap/usr/share/man/man3/Heap::Binary.3pm
Installing /home/packager/aports/main/perl-heap/pkg/perl-heap/usr/share/man/man3/Heap::Elem::Num.3pm
Installing /home/packager/aports/main/perl-heap/pkg/perl-heap/usr/share/man/man3/Heap::Elem::Str.3pm
Installing /home/packager/aports/main/perl-heap/pkg/perl-heap/usr/share/man/man3/Heap::Elem::StrRev.3pm
Installing /home/packager/aports/main/perl-heap/pkg/perl-heap/usr/share/man/man3/Heap::Binomial.3pm
Installing /home/packager/aports/main/perl-heap/pkg/perl-heap/usr/share/man/man3/Heap::Elem::RefRev.3pm
Installing /home/packager/aports/main/perl-heap/pkg/perl-heap/usr/share/man/man3/Heap::Elem::Ref.3pm
Installing /home/packager/aports/main/perl-heap/pkg/perl-heap/usr/share/man/man3/Heap::Elem.3pm
Installing /home/packager/aports/main/perl-heap/pkg/perl-heap/usr/share/man/man3/Heap.3pm
Installing /home/packager/aports/main/perl-heap/pkg/perl-heap/usr/share/man/man3/Heap::Elem::NumRev.3pm
Installing /home/packager/aports/main/perl-heap/pkg/perl-heap/usr/share/man/man3/Heap::Fibonacci.3pm
>>> perl-heap-doc*: Running split function doc...
'usr/share/man' -> '/home/packager/aports/main/perl-heap/pkg/perl-heap-doc/usr/share/man'
>>> perl-heap-doc*: Preparing subpackage perl-heap-doc...
>>> perl-heap-doc*: Running postcheck for perl-heap-doc
>>> perl-heap*: Running postcheck for perl-heap
>>> perl-heap*: Preparing package perl-heap...
>>> perl-heap-doc*: Tracing dependencies...
>>> perl-heap-doc*: Package size: 16.8 KB
>>> perl-heap-doc*: Compressing data...
>>> perl-heap-doc*: Create checksum...
pigz: not found
>>> perl-heap-doc*: Create perl-heap-doc-0.80-r6.apk
>>> perl-heap*: Tracing dependencies...
	perl
>>> perl-heap*: Package size: 42.4 KB
>>> perl-heap*: Compressing data...
>>> perl-heap*: Create checksum...
pigz: not found
>>> perl-heap*: Create perl-heap-0.80-r6.apk
>>> perl-heap: Build complete at Sun, 18 May 2025 08:51:27 +0000 elapsed time 0h 0m 9s
>>> perl-heap: Cleaning up srcdir
>>> perl-heap: Cleaning up pkgdir
>>> perl-heap: Uninstalling dependencies...
(1/8) Purging .makedepends-perl-heap (20250518.085120)
(2/8) Purging perl-dev (5.40.2-r0)
(3/8) Purging perl-utils (5.40.2-r0)
(4/8) Purging git-perl (2.47.2-r0)
(5/8) Purging perl-git (2.47.2-r0)
(6/8) Purging perl-error (0.17030-r0)
(7/8) Purging perl (5.40.2-r0)
(8/8) Purging libbz2 (1.0.8-r6)
Executing busybox-1.37.0-r12.trigger
OK: 261 MiB in 81 packages
>>> perl-heap: Updating the main/x86_64 repository index...
>>> perl-heap: Signing the index...
pigz: not found
