pigz: not found
>>> perl-list-allutils: Building main/perl-list-allutils 0.19-r2 (using abuild 3.14.1-r4) started Sun, 18 May 2025 10:39:23 +0000
>>> perl-list-allutils: Validating /home/packager/aports/main/perl-list-allutils/APKBUILD...
>>> perl-list-allutils: Analyzing dependencies...
>>> perl-list-allutils: Installing for build: build-base perl perl-list-utilsby perl-list-someutils perl-dev
(1/13) Installing libbz2 (1.0.8-r6)
(2/13) Installing perl (5.40.2-r0)
(3/13) Installing perl-list-utilsby (0.12-r2)
(4/13) Installing perl-module-runtime (0.016-r6)
(5/13) Installing perl-try-tiny (0.32-r0)
(6/13) Installing perl-module-implementation (0.09-r5)
(7/13) Installing perl-list-someutils (0.59-r1)
(8/13) Installing perl-utils (5.40.2-r0)
(9/13) Installing perl-dev (5.40.2-r0)
(10/13) Installing .makedepends-perl-list-allutils (20250518.103926)
(11/13) Installing perl-error (0.17030-r0)
(12/13) Installing perl-git (2.47.2-r0)
(13/13) Installing git-perl (2.47.2-r0)
Executing busybox-1.37.0-r12.trigger
OK: 307 MiB in 94 packages
>>> perl-list-allutils: Cleaning up srcdir
>>> perl-list-allutils: Cleaning up pkgdir
>>> perl-list-allutils: Cleaning up tmpdir
>>> perl-list-allutils: Fetching https://cpan.metacpan.org/authors/id/D/DR/DROLSKY/List-AllUtils-0.19.tar.gz
Connecting to cpan.metacpan.org (146.75.122.217:443)
saving to '/var/cache/distfiles/List-AllUtils-0.19.tar.gz.part'
List-AllUtils-0.19.t 100% |********************************| 56605  0:00:00 ETA
'/var/cache/distfiles/List-AllUtils-0.19.tar.gz.part' saved
>>> perl-list-allutils: Fetching https://cpan.metacpan.org/authors/id/D/DR/DROLSKY/List-AllUtils-0.19.tar.gz
>>> perl-list-allutils: Checking sha512sums...
List-AllUtils-0.19.tar.gz: OK
>>> perl-list-allutils: Unpacking /var/cache/distfiles/List-AllUtils-0.19.tar.gz...
Checking if your kit is complete...
Looks good
Generating a Unix-style Makefile
Writing Makefile for List::AllUtils
Writing MYMETA.yml and MYMETA.json
cp lib/List/AllUtils.pm blib/lib/List/AllUtils.pm
Manifying 1 pod document
PERL_DL_NONLAZY=1 "/usr/bin/perl" "-MExtUtils::Command::MM" "-MTest::Harness" "-e" "undef *Test::Harness::Switches; test_harness(0, 'blib/lib', 'blib/arch')" t/*.t
# 
# Versions for all modules listed in MYMETA.json (including optional ones):
# 
# === Configure Requires ===
# 
#     Module              Want Have
#     ------------------- ---- ----
#     ExtUtils::MakeMaker  any 7.70
# 
# === Build Requires ===
# 
#     Module              Want Have
#     ------------------- ---- ----
#     ExtUtils::MakeMaker  any 7.70
# 
# === Test Requires ===
# 
#     Module              Want     Have
#     ------------------- ---- --------
#     ExtUtils::MakeMaker  any     7.70
#     File::Spec           any     3.91
#     Sub::Util            any     1.63
#     Test::More          0.96 1.302199
# 
# === Test Recommends ===
# 
#     Module         Want     Have
#     ---------- -------- --------
#     CPAN::Meta 2.120900 2.150010
# 
# === Runtime Requires ===
# 
#     Module          Want Have
#     --------------- ---- ----
#     Exporter         any 5.78
#     List::SomeUtils 0.58 0.59
#     List::Util      1.56 1.63
#     List::UtilsBy   0.11 0.12
#     base             any 2.27
#     strict           any 1.13
#     warnings         any 1.70
# 
t/00-report-prereqs.t .. ok
t/basic.t .............. ok
t/mesh-zip.t ........... ok
t/prototype.t .......... ok
All tests successful.
Files=4, Tests=27,  1 wallclock secs ( 0.03 usr  0.01 sys +  0.43 cusr  0.06 csys =  0.53 CPU)
Result: PASS
>>> perl-list-allutils: Entering fakeroot...
Manifying 1 pod document
Appending installation info to /home/packager/aports/main/perl-list-allutils/pkg/perl-list-allutils/usr/lib/perl5/core_perl/perllocal.pod
Installing /home/packager/aports/main/perl-list-allutils/pkg/perl-list-allutils/usr/share/perl5/vendor_perl/List/AllUtils.pm
Installing /home/packager/aports/main/perl-list-allutils/pkg/perl-list-allutils/usr/share/man/man3/List::AllUtils.3pm
>>> perl-list-allutils-doc*: Running split function doc...
'usr/share/man' -> '/home/packager/aports/main/perl-list-allutils/pkg/perl-list-allutils-doc/usr/share/man'
>>> perl-list-allutils-doc*: Preparing subpackage perl-list-allutils-doc...
>>> perl-list-allutils-doc*: Running postcheck for perl-list-allutils-doc
>>> perl-list-allutils*: Running postcheck for perl-list-allutils
>>> perl-list-allutils*: Preparing package perl-list-allutils...
>>> perl-list-allutils-doc*: Tracing dependencies...
>>> perl-list-allutils-doc*: Package size: 15.9 KB
>>> perl-list-allutils-doc*: Compressing data...
>>> perl-list-allutils-doc*: Create checksum...
pigz: not found
>>> perl-list-allutils-doc*: Create perl-list-allutils-doc-0.19-r2.apk
>>> perl-list-allutils*: Tracing dependencies...
	perl
	perl-list-utilsby
	perl-list-someutils
>>> perl-list-allutils*: Package size: 49.8 KB
>>> perl-list-allutils*: Compressing data...
>>> perl-list-allutils*: Create checksum...
pigz: not found
>>> perl-list-allutils*: Create perl-list-allutils-0.19-r2.apk
>>> perl-list-allutils: Build complete at Sun, 18 May 2025 10:39:29 +0000 elapsed time 0h 0m 6s
>>> perl-list-allutils: Cleaning up srcdir
>>> perl-list-allutils: Cleaning up pkgdir
>>> perl-list-allutils: Uninstalling dependencies...
(1/13) Purging .makedepends-perl-list-allutils (20250518.103926)
(2/13) Purging perl-list-utilsby (0.12-r2)
(3/13) Purging perl-list-someutils (0.59-r1)
(4/13) Purging perl-module-implementation (0.09-r5)
(5/13) Purging perl-module-runtime (0.016-r6)
(6/13) Purging perl-try-tiny (0.32-r0)
(7/13) Purging perl-dev (5.40.2-r0)
(8/13) Purging perl-utils (5.40.2-r0)
(9/13) Purging git-perl (2.47.2-r0)
(10/13) Purging perl-git (2.47.2-r0)
(11/13) Purging perl-error (0.17030-r0)
(12/13) Purging perl (5.40.2-r0)
(13/13) Purging libbz2 (1.0.8-r6)
Executing busybox-1.37.0-r12.trigger
OK: 261 MiB in 81 packages
>>> perl-list-allutils: Updating the main/x86_64 repository index...
>>> perl-list-allutils: Signing the index...
pigz: not found
