pigz: not found
>>> perl-role-tiny: Building main/perl-role-tiny 2.002004-r2 (using abuild 3.14.1-r4) started Sun, 18 May 2025 07:35:32 +0000
>>> perl-role-tiny: Validating /home/packager/aports/main/perl-role-tiny/APKBUILD...
>>> perl-role-tiny: Analyzing dependencies...
>>> perl-role-tiny: Installing for build: build-base perl
(1/6) Installing libbz2 (1.0.8-r6)
(2/6) Installing perl (5.40.2-r0)
(3/6) Installing .makedepends-perl-role-tiny (20250518.073534)
(4/6) Installing perl-error (0.17029-r2)
(5/6) Installing perl-git (2.47.2-r0)
(6/6) Installing git-perl (2.47.2-r0)
Executing busybox-1.37.0-r12.trigger
OK: 297 MiB in 87 packages
>>> perl-role-tiny: Cleaning up srcdir
>>> perl-role-tiny: Cleaning up pkgdir
>>> perl-role-tiny: Cleaning up tmpdir
>>> perl-role-tiny: Fetching https://cpan.metacpan.org/authors/id/H/HA/HAARG/Role-Tiny-2.002004.tar.gz
Connecting to cpan.metacpan.org (146.75.122.217:443)
saving to '/var/cache/distfiles/Role-Tiny-2.002004.tar.gz.part'
Role-Tiny-2.002004.t 100% |********************************| 35940  0:00:00 ETA
'/var/cache/distfiles/Role-Tiny-2.002004.tar.gz.part' saved
>>> perl-role-tiny: Fetching https://cpan.metacpan.org/authors/id/H/HA/HAARG/Role-Tiny-2.002004.tar.gz
>>> perl-role-tiny: Checking sha512sums...
Role-Tiny-2.002004.tar.gz: OK
>>> perl-role-tiny: Unpacking /var/cache/distfiles/Role-Tiny-2.002004.tar.gz...
Checking if your kit is complete...
Looks good
Generating a Unix-style Makefile
Writing Makefile for Role::Tiny
Writing MYMETA.yml and MYMETA.json
cp lib/Role/Tiny.pm blib/lib/Role/Tiny.pm
cp lib/Role/Tiny/With.pm blib/lib/Role/Tiny/With.pm
Manifying 2 pod documents
PERL_DL_NONLAZY=1 "/usr/bin/perl" "-MExtUtils::Command::MM" "-MTest::Harness" "-e" "undef *Test::Harness::Switches; test_harness(0, 'blib/lib', 'blib/arch')" t/*.t
t/concrete-methods.t ........ ok
t/create-hook.t ............. ok
t/does.t .................... ok
t/extend-role-tiny.t ........ ok
t/extend.t .................. ok
t/load-module.t ............. ok
t/make-role.t ............... ok
t/method-conflicts.t ........ ok
t/namespace-clean.t ......... ok
t/overload.t ................ ok
t/proto.t ................... ok
t/role-basic-basic.t ........ ok
t/role-basic-bugs.t ......... ok
t/role-basic-composition.t .. ok
t/role-basic-exceptions.t ... ok
t/role-duplication.t ........ ok
t/role-long-package-name.t .. ok
t/role-tiny-composition.t ... ok
t/role-tiny-with.t .......... ok
t/role-tiny.t ............... ok
t/role-with-inheritance.t ... ok
t/stub.t .................... ok
t/subclass.t ................ ok
All tests successful.
Files=23, Tests=177,  1 wallclock secs ( 0.07 usr  0.04 sys +  1.44 cusr  0.31 csys =  1.86 CPU)
Result: PASS
>>> perl-role-tiny: Entering fakeroot...
Manifying 2 pod documents
Appending installation info to /home/packager/aports/main/perl-role-tiny/pkg/perl-role-tiny/usr/lib/perl5/core_perl/perllocal.pod
Installing /home/packager/aports/main/perl-role-tiny/pkg/perl-role-tiny/usr/share/perl5/vendor_perl/Role/Tiny.pm
Installing /home/packager/aports/main/perl-role-tiny/pkg/perl-role-tiny/usr/share/perl5/vendor_perl/Role/Tiny/With.pm
Installing /home/packager/aports/main/perl-role-tiny/pkg/perl-role-tiny/usr/share/man/man3/Role::Tiny::With.3pm
Installing /home/packager/aports/main/perl-role-tiny/pkg/perl-role-tiny/usr/share/man/man3/Role::Tiny.3pm
>>> perl-role-tiny-doc*: Running split function doc...
'usr/share/man' -> '/home/packager/aports/main/perl-role-tiny/pkg/perl-role-tiny-doc/usr/share/man'
>>> perl-role-tiny-doc*: Preparing subpackage perl-role-tiny-doc...
>>> perl-role-tiny-doc*: Running postcheck for perl-role-tiny-doc
>>> perl-role-tiny*: Running postcheck for perl-role-tiny
>>> perl-role-tiny*: Preparing package perl-role-tiny...
>>> perl-role-tiny-doc*: Tracing dependencies...
>>> perl-role-tiny-doc*: Package size: 4.7 KB
>>> perl-role-tiny-doc*: Compressing data...
>>> perl-role-tiny-doc*: Create checksum...
pigz: not found
>>> perl-role-tiny-doc*: Create perl-role-tiny-doc-2.002004-r2.apk
>>> perl-role-tiny*: Tracing dependencies...
	perl
>>> perl-role-tiny*: Package size: 21.3 KB
>>> perl-role-tiny*: Compressing data...
>>> perl-role-tiny*: Create checksum...
pigz: not found
>>> perl-role-tiny*: Create perl-role-tiny-2.002004-r2.apk
>>> perl-role-tiny: Build complete at Sun, 18 May 2025 07:35:39 +0000 elapsed time 0h 0m 7s
>>> perl-role-tiny: Cleaning up srcdir
>>> perl-role-tiny: Cleaning up pkgdir
>>> perl-role-tiny: Uninstalling dependencies...
(1/6) Purging .makedepends-perl-role-tiny (20250518.073534)
(2/6) Purging git-perl (2.47.2-r0)
(3/6) Purging perl-git (2.47.2-r0)
(4/6) Purging perl-error (0.17029-r2)
(5/6) Purging perl (5.40.2-r0)
(6/6) Purging libbz2 (1.0.8-r6)
Executing busybox-1.37.0-r12.trigger
OK: 260 MiB in 81 packages
>>> perl-role-tiny: Updating the main/x86_64 repository index...
>>> perl-role-tiny: Signing the index...
pigz: not found
