pigz: not found
>>> perl-specio: Building main/perl-specio 0.50-r0 (using abuild 3.14.1-r4) started Sun, 18 May 2025 07:49:51 +0000
>>> perl-specio: Validating /home/packager/aports/main/perl-specio/APKBUILD...
>>> perl-specio: Analyzing dependencies...
>>> perl-specio: Installing for build: build-base perl perl-sub-quote perl-devel-stacktrace perl-role-tiny perl-mro-compat perl-try-tiny perl-test-fatal perl-eval-closure perl-module-runtime perl-clone perl-test-needs
(1/16) Installing libbz2 (1.0.8-r6)
(2/16) Installing perl (5.40.2-r0)
(3/16) Installing perl-sub-quote (2.006008-r1)
(4/16) Installing perl-devel-stacktrace (2.05-r0)
(5/16) Installing perl-role-tiny (2.002004-r2)
(6/16) Installing perl-mro-compat (0.15-r2)
(7/16) Installing perl-try-tiny (0.32-r0)
(8/16) Installing perl-test-fatal (0.017-r1)
(9/16) Installing perl-eval-closure (0.14-r4)
(10/16) Installing perl-module-runtime (0.016-r6)
(11/16) Installing perl-clone (0.47-r0)
(12/16) Installing perl-test-needs (0.002010-r1)
(13/16) Installing .makedepends-perl-specio (20250518.074952)
(14/16) Installing perl-error (0.17029-r2)
(15/16) Installing perl-git (2.47.2-r0)
(16/16) Installing git-perl (2.47.2-r0)
Executing busybox-1.37.0-r12.trigger
OK: 298 MiB in 97 packages
>>> perl-specio: Cleaning up srcdir
>>> perl-specio: Cleaning up pkgdir
>>> perl-specio: Cleaning up tmpdir
>>> perl-specio: Fetching https://cpan.metacpan.org/authors/id/D/DR/DROLSKY/Specio-0.50.tar.gz
Connecting to cpan.metacpan.org (146.75.122.217:443)
saving to '/var/cache/distfiles/Specio-0.50.tar.gz.part'
Specio-0.50.tar.gz.p 100% |********************************|  106k  0:00:00 ETA
'/var/cache/distfiles/Specio-0.50.tar.gz.part' saved
>>> perl-specio: Fetching https://cpan.metacpan.org/authors/id/D/DR/DROLSKY/Specio-0.50.tar.gz
>>> perl-specio: Checking sha512sums...
Specio-0.50.tar.gz: OK
>>> perl-specio: Unpacking /var/cache/distfiles/Specio-0.50.tar.gz...
Warning: prerequisite XString 0 not found.
Checking if your kit is complete...
Looks good
Generating a Unix-style Makefile
Writing Makefile for Specio
Writing MYMETA.yml and MYMETA.json
cp lib/Specio/Constraint/AnyDoes.pm blib/lib/Specio/Constraint/AnyDoes.pm
cp lib/Specio/Constraint/Structured.pm blib/lib/Specio/Constraint/Structured.pm
cp lib/Specio/Helpers.pm blib/lib/Specio/Helpers.pm
cp lib/Specio/DeclaredAt.pm blib/lib/Specio/DeclaredAt.pm
cp lib/Specio/Constraint/Enum.pm blib/lib/Specio/Constraint/Enum.pm
cp lib/Specio/Constraint/ObjectDoes.pm blib/lib/Specio/Constraint/ObjectDoes.pm
cp lib/Specio/Constraint/AnyIsa.pm blib/lib/Specio/Constraint/AnyIsa.pm
cp lib/Specio/Library/Structured/Dict.pm blib/lib/Specio/Library/Structured/Dict.pm
cp lib/Specio/Constraint/AnyCan.pm blib/lib/Specio/Constraint/AnyCan.pm
cp lib/Specio/Library/Perl.pm blib/lib/Specio/Library/Perl.pm
cp lib/Specio/Subs.pm blib/lib/Specio/Subs.pm
cp lib/Specio/Constraint/Simple.pm blib/lib/Specio/Constraint/Simple.pm
cp lib/Specio/Constraint/Role/IsaType.pm blib/lib/Specio/Constraint/Role/IsaType.pm
cp lib/Specio/Constraint/Intersection.pm blib/lib/Specio/Constraint/Intersection.pm
cp lib/Specio/Library/Structured/Tuple.pm blib/lib/Specio/Library/Structured/Tuple.pm
cp lib/Specio/Declare.pm blib/lib/Specio/Declare.pm
cp lib/Specio/Library/Numeric.pm blib/lib/Specio/Library/Numeric.pm
cp lib/Specio/Registry.pm blib/lib/Specio/Registry.pm
cp lib/Specio/Constraint/ObjectIsa.pm blib/lib/Specio/Constraint/ObjectIsa.pm
cp lib/Specio/PartialDump.pm blib/lib/Specio/PartialDump.pm
cp lib/Specio/Library/Structured.pm blib/lib/Specio/Library/Structured.pm
cp lib/Specio/Constraint/Role/DoesType.pm blib/lib/Specio/Constraint/Role/DoesType.pm
cp lib/Test/Specio.pm blib/lib/Test/Specio.pm
cp lib/Specio/Constraint/Union.pm blib/lib/Specio/Constraint/Union.pm
cp lib/Specio/Role/Inlinable.pm blib/lib/Specio/Role/Inlinable.pm
cp lib/Specio/Constraint/ObjectCan.pm blib/lib/Specio/Constraint/ObjectCan.pm
cp lib/Specio/Exporter.pm blib/lib/Specio/Exporter.pm
cp lib/Specio/Constraint/Parameterizable.pm blib/lib/Specio/Constraint/Parameterizable.pm
cp lib/Specio/Exception.pm blib/lib/Specio/Exception.pm
cp lib/Specio/Constraint/Parameterized.pm blib/lib/Specio/Constraint/Parameterized.pm
cp lib/Specio.pm blib/lib/Specio.pm
cp lib/Specio/Constraint/Structurable.pm blib/lib/Specio/Constraint/Structurable.pm
cp lib/Specio/TypeChecks.pm blib/lib/Specio/TypeChecks.pm
cp lib/Specio/OO.pm blib/lib/Specio/OO.pm
cp lib/Specio/Library/Builtins.pm blib/lib/Specio/Library/Builtins.pm
cp lib/Specio/Library/String.pm blib/lib/Specio/Library/String.pm
cp lib/Specio/Coercion.pm blib/lib/Specio/Coercion.pm
cp lib/Specio/Library/Structured/Map.pm blib/lib/Specio/Library/Structured/Map.pm
cp lib/Specio/Constraint/Role/Interface.pm blib/lib/Specio/Constraint/Role/Interface.pm
cp lib/Specio/Constraint/Role/CanType.pm blib/lib/Specio/Constraint/Role/CanType.pm
Manifying 40 pod documents
PERL_DL_NONLAZY=1 "/usr/bin/perl" "-MExtUtils::Command::MM" "-MTest::Harness" "-e" "undef *Test::Harness::Switches; test_harness(0, 'blib/lib', 'blib/arch')" t/*.t
# 
# Versions for all modules listed in MYMETA.json (including optional ones):
# 
# === Configure Requires ===
# 
#     Module              Want Have
#     ------------------- ---- ----
#     ExtUtils::MakeMaker  any 7.70
# 
# === Build Requires ===
# 
#     Module              Want Have
#     ------------------- ---- ----
#     ExtUtils::MakeMaker  any 7.70
# 
# === Test Requires ===
# 
#     Module              Want     Have
#     ------------------- ---- --------
#     ExtUtils::MakeMaker  any     7.70
#     File::Spec           any     3.91
#     FindBin              any     1.54
#     Test::More          0.96 1.302199
#     Test::Needs          any 0.002010
#     lib                  any     0.65
#     open                 any     1.13
#     utf8                 any     1.25
# 
# === Test Recommends ===
# 
#     Module         Want     Have
#     ---------- -------- --------
#     CPAN::Meta 2.120900 2.150010
# 
# === Runtime Requires ===
# 
#     Module                Want     Have
#     ----------------- -------- --------
#     B                      any     1.89
#     Carp                   any     1.54
#     Clone                  any     0.47
#     Devel::StackTrace      any     2.05
#     Eval::Closure          any     0.14
#     Exporter               any     5.78
#     IO::File               any     1.55
#     List::Util            1.33     1.63
#     MRO::Compat            any     0.15
#     Module::Runtime        any    0.016
#     Role::Tiny        1.003003 2.002004
#     Role::Tiny::With       any 2.002004
#     Scalar::Util           any     1.63
#     Sub::Quote             any 2.006008
#     Test::Fatal            any    0.017
#     Test::More            0.96 1.302199
#     Try::Tiny              any     0.32
#     XString                any  missing
#     overload               any     1.37
#     parent                 any    0.241
#     perl                 5.008 5.040002
#     re                     any     0.47
#     strict                 any     1.13
#     version               0.83   0.9930
#     warnings               any     1.70
# 
# === Runtime Recommends ===
# 
#     Module     Want    Have
#     --------- ----- -------
#     Ref::Util 0.112 missing
#     Sub::Util  1.40    1.63
# 
# 
# *** WARNING WARNING WARNING WARNING WARNING WARNING WARNING WARNING ***
# 
# The following REQUIRED prerequisites were not satisfied:
# 
# XString is not installed (any version required)
# 
t/00-report-prereqs.t ...... ok
t/additional-exports.t ..... ok
t/anon.t ................... ok
t/any-does-isa.t ........... ok
t/builtins-sanity.t ........ ok
t/builtins.t ............... ok
t/coercion.t ............... ok
t/combines.t ............... ok
t/conflicts.t .............. ok
t/declare-helpers.t ........ ok
t/dict.t ................... ok
t/does-type.t .............. ok
t/exception.t .............. ok
t/import-twice.t ........... ok
t/inheritance.t ............ ok
t/inline-environment.t ..... ok
t/inline.t ................. ok
t/integer-edge-case.t ...... ok
t/intersection.t ........... ok
t/library-with-subs.t ...... ok
t/map.t .................... ok
t/multiple-libraries.t ..... ok
t/numeric-sanity.t ......... ok
t/overloading-moose-bug.t .. skipped: Need Moose 2.1207
t/overloading.t ............ ok
t/parameterized.t .......... ok
t/perl-sanity.t ............ ok
t/string-sanity.t .......... ok
t/subs.t ................... ok
t/t-clean.t ................ skipped: Need namespace::autoclean
t/tuple.t .................. ok
t/union-library.t .......... ok
t/union.t .................. ok
t/with-moo.t ............... skipped: Need Moo
t/with-moose.t ............. skipped: Need Moose 2.1207
All tests successful.
Files=35, Tests=310, 10 wallclock secs ( 1.26 usr  0.20 sys +  9.61 cusr  0.81 csys = 11.88 CPU)
Result: PASS
>>> perl-specio: Entering fakeroot...
Manifying 40 pod documents
Installing /home/packager/aports/main/perl-specio/pkg/perl-specio/usr/share/perl5/vendor_perl/Specio.pm
Installing /home/packager/aports/main/perl-specio/pkg/perl-specio/usr/share/perl5/vendor_perl/Specio/DeclaredAt.pm
Installing /home/packager/aports/main/perl-specio/pkg/perl-specio/usr/share/perl5/vendor_perl/Specio/OO.pm
Installing /home/packager/aports/main/perl-specio/pkg/perl-specio/usr/share/perl5/vendor_perl/Specio/PartialDump.pm
Installing /home/packager/aports/main/perl-specio/pkg/perl-specio/usr/share/perl5/vendor_perl/Specio/Declare.pm
Installing /home/packager/aports/main/perl-specio/pkg/perl-specio/usr/share/perl5/vendor_perl/Specio/Coercion.pm
Installing /home/packager/aports/main/perl-specio/pkg/perl-specio/usr/share/perl5/vendor_perl/Specio/TypeChecks.pm
Installing /home/packager/aports/main/perl-specio/pkg/perl-specio/usr/share/perl5/vendor_perl/Specio/Subs.pm
Installing /home/packager/aports/main/perl-specio/pkg/perl-specio/usr/share/perl5/vendor_perl/Specio/Registry.pm
Installing /home/packager/aports/main/perl-specio/pkg/perl-specio/usr/share/perl5/vendor_perl/Specio/Exporter.pm
Installing /home/packager/aports/main/perl-specio/pkg/perl-specio/usr/share/perl5/vendor_perl/Specio/Helpers.pm
Installing /home/packager/aports/main/perl-specio/pkg/perl-specio/usr/share/perl5/vendor_perl/Specio/Exception.pm
Installing /home/packager/aports/main/perl-specio/pkg/perl-specio/usr/share/perl5/vendor_perl/Specio/Constraint/Structurable.pm
Installing /home/packager/aports/main/perl-specio/pkg/perl-specio/usr/share/perl5/vendor_perl/Specio/Constraint/AnyDoes.pm
Installing /home/packager/aports/main/perl-specio/pkg/perl-specio/usr/share/perl5/vendor_perl/Specio/Constraint/Parameterized.pm
Installing /home/packager/aports/main/perl-specio/pkg/perl-specio/usr/share/perl5/vendor_perl/Specio/Constraint/ObjectDoes.pm
Installing /home/packager/aports/main/perl-specio/pkg/perl-specio/usr/share/perl5/vendor_perl/Specio/Constraint/Enum.pm
Installing /home/packager/aports/main/perl-specio/pkg/perl-specio/usr/share/perl5/vendor_perl/Specio/Constraint/Union.pm
Installing /home/packager/aports/main/perl-specio/pkg/perl-specio/usr/share/perl5/vendor_perl/Specio/Constraint/ObjectCan.pm
Installing /home/packager/aports/main/perl-specio/pkg/perl-specio/usr/share/perl5/vendor_perl/Specio/Constraint/Simple.pm
Installing /home/packager/aports/main/perl-specio/pkg/perl-specio/usr/share/perl5/vendor_perl/Specio/Constraint/ObjectIsa.pm
Installing /home/packager/aports/main/perl-specio/pkg/perl-specio/usr/share/perl5/vendor_perl/Specio/Constraint/AnyIsa.pm
Installing /home/packager/aports/main/perl-specio/pkg/perl-specio/usr/share/perl5/vendor_perl/Specio/Constraint/Intersection.pm
Installing /home/packager/aports/main/perl-specio/pkg/perl-specio/usr/share/perl5/vendor_perl/Specio/Constraint/AnyCan.pm
Installing /home/packager/aports/main/perl-specio/pkg/perl-specio/usr/share/perl5/vendor_perl/Specio/Constraint/Structured.pm
Installing /home/packager/aports/main/perl-specio/pkg/perl-specio/usr/share/perl5/vendor_perl/Specio/Constraint/Parameterizable.pm
Installing /home/packager/aports/main/perl-specio/pkg/perl-specio/usr/share/perl5/vendor_perl/Specio/Constraint/Role/IsaType.pm
Installing /home/packager/aports/main/perl-specio/pkg/perl-specio/usr/share/perl5/vendor_perl/Specio/Constraint/Role/CanType.pm
Installing /home/packager/aports/main/perl-specio/pkg/perl-specio/usr/share/perl5/vendor_perl/Specio/Constraint/Role/Interface.pm
Installing /home/packager/aports/main/perl-specio/pkg/perl-specio/usr/share/perl5/vendor_perl/Specio/Constraint/Role/DoesType.pm
Installing /home/packager/aports/main/perl-specio/pkg/perl-specio/usr/share/perl5/vendor_perl/Specio/Role/Inlinable.pm
Installing /home/packager/aports/main/perl-specio/pkg/perl-specio/usr/share/perl5/vendor_perl/Specio/Library/Builtins.pm
Installing /home/packager/aports/main/perl-specio/pkg/perl-specio/usr/share/perl5/vendor_perl/Specio/Library/Numeric.pm
Installing /home/packager/aports/main/perl-specio/pkg/perl-specio/usr/share/perl5/vendor_perl/Specio/Library/Perl.pm
Installing /home/packager/aports/main/perl-specio/pkg/perl-specio/usr/share/perl5/vendor_perl/Specio/Library/String.pm
Installing /home/packager/aports/main/perl-specio/pkg/perl-specio/usr/share/perl5/vendor_perl/Specio/Library/Structured.pm
Installing /home/packager/aports/main/perl-specio/pkg/perl-specio/usr/share/perl5/vendor_perl/Specio/Library/Structured/Map.pm
Installing /home/packager/aports/main/perl-specio/pkg/perl-specio/usr/share/perl5/vendor_perl/Specio/Library/Structured/Dict.pm
Installing /home/packager/aports/main/perl-specio/pkg/perl-specio/usr/share/perl5/vendor_perl/Specio/Library/Structured/Tuple.pm
Installing /home/packager/aports/main/perl-specio/pkg/perl-specio/usr/share/perl5/vendor_perl/Test/Specio.pm
Installing /home/packager/aports/main/perl-specio/pkg/perl-specio/usr/share/man/man3/Specio::Library::Structured.3pm
Installing /home/packager/aports/main/perl-specio/pkg/perl-specio/usr/share/man/man3/Specio::Constraint::Structurable.3pm
Installing /home/packager/aports/main/perl-specio/pkg/perl-specio/usr/share/man/man3/Specio::Constraint::Enum.3pm
Installing /home/packager/aports/main/perl-specio/pkg/perl-specio/usr/share/man/man3/Specio::Helpers.3pm
Installing /home/packager/aports/main/perl-specio/pkg/perl-specio/usr/share/man/man3/Specio::Constraint::ObjectCan.3pm
Installing /home/packager/aports/main/perl-specio/pkg/perl-specio/usr/share/man/man3/Specio::Constraint::Role::Interface.3pm
Installing /home/packager/aports/main/perl-specio/pkg/perl-specio/usr/share/man/man3/Specio.3pm
Installing /home/packager/aports/main/perl-specio/pkg/perl-specio/usr/share/man/man3/Specio::Constraint::AnyDoes.3pm
Installing /home/packager/aports/main/perl-specio/pkg/perl-specio/usr/share/man/man3/Specio::Constraint::Parameterizable.3pm
Installing /home/packager/aports/main/perl-specio/pkg/perl-specio/usr/share/man/man3/Specio::DeclaredAt.3pm
Installing /home/packager/aports/main/perl-specio/pkg/perl-specio/usr/share/man/man3/Specio::Library::Structured::Map.3pm
Installing /home/packager/aports/main/perl-specio/pkg/perl-specio/usr/share/man/man3/Specio::Constraint::Intersection.3pm
Installing /home/packager/aports/main/perl-specio/pkg/perl-specio/usr/share/man/man3/Specio::Library::Structured::Dict.3pm
Installing /home/packager/aports/main/perl-specio/pkg/perl-specio/usr/share/man/man3/Specio::Constraint::Parameterized.3pm
Installing /home/packager/aports/main/perl-specio/pkg/perl-specio/usr/share/man/man3/Specio::Library::Numeric.3pm
Installing /home/packager/aports/main/perl-specio/pkg/perl-specio/usr/share/man/man3/Specio::Constraint::ObjectDoes.3pm
Installing /home/packager/aports/main/perl-specio/pkg/perl-specio/usr/share/man/man3/Specio::Library::Structured::Tuple.3pm
Installing /home/packager/aports/main/perl-specio/pkg/perl-specio/usr/share/man/man3/Test::Specio.3pm
Installing /home/packager/aports/main/perl-specio/pkg/perl-specio/usr/share/man/man3/Specio::Constraint::Role::IsaType.3pm
Installing /home/packager/aports/main/perl-specio/pkg/perl-specio/usr/share/man/man3/Specio::Role::Inlinable.3pm
Installing /home/packager/aports/main/perl-specio/pkg/perl-specio/usr/share/man/man3/Specio::Subs.3pm
Installing /home/packager/aports/main/perl-specio/pkg/perl-specio/usr/share/man/man3/Specio::Library::String.3pm
Installing /home/packager/aports/main/perl-specio/pkg/perl-specio/usr/share/man/man3/Specio::Constraint::ObjectIsa.3pm
Installing /home/packager/aports/main/perl-specio/pkg/perl-specio/usr/share/man/man3/Specio::Exporter.3pm
Installing /home/packager/aports/main/perl-specio/pkg/perl-specio/usr/share/man/man3/Specio::Constraint::Role::DoesType.3pm
Installing /home/packager/aports/main/perl-specio/pkg/perl-specio/usr/share/man/man3/Specio::PartialDump.3pm
Installing /home/packager/aports/main/perl-specio/pkg/perl-specio/usr/share/man/man3/Specio::Constraint::Simple.3pm
Installing /home/packager/aports/main/perl-specio/pkg/perl-specio/usr/share/man/man3/Specio::OO.3pm
Installing /home/packager/aports/main/perl-specio/pkg/perl-specio/usr/share/man/man3/Specio::Coercion.3pm
Installing /home/packager/aports/main/perl-specio/pkg/perl-specio/usr/share/man/man3/Specio::Library::Builtins.3pm
Installing /home/packager/aports/main/perl-specio/pkg/perl-specio/usr/share/man/man3/Specio::Declare.3pm
Installing /home/packager/aports/main/perl-specio/pkg/perl-specio/usr/share/man/man3/Specio::Registry.3pm
Installing /home/packager/aports/main/perl-specio/pkg/perl-specio/usr/share/man/man3/Specio::Constraint::Role::CanType.3pm
Installing /home/packager/aports/main/perl-specio/pkg/perl-specio/usr/share/man/man3/Specio::Constraint::Union.3pm
Installing /home/packager/aports/main/perl-specio/pkg/perl-specio/usr/share/man/man3/Specio::Library::Perl.3pm
Installing /home/packager/aports/main/perl-specio/pkg/perl-specio/usr/share/man/man3/Specio::Constraint::Structured.3pm
Installing /home/packager/aports/main/perl-specio/pkg/perl-specio/usr/share/man/man3/Specio::TypeChecks.3pm
Installing /home/packager/aports/main/perl-specio/pkg/perl-specio/usr/share/man/man3/Specio::Exception.3pm
Installing /home/packager/aports/main/perl-specio/pkg/perl-specio/usr/share/man/man3/Specio::Constraint::AnyCan.3pm
Installing /home/packager/aports/main/perl-specio/pkg/perl-specio/usr/share/man/man3/Specio::Constraint::AnyIsa.3pm
>>> perl-specio-doc*: Running split function doc...
'usr/share/man' -> '/home/packager/aports/main/perl-specio/pkg/perl-specio-doc/usr/share/man'
>>> perl-specio-doc*: Preparing subpackage perl-specio-doc...
>>> perl-specio-doc*: Running postcheck for perl-specio-doc
>>> perl-specio*: Running postcheck for perl-specio
>>> perl-specio*: Preparing package perl-specio...
>>> perl-specio-doc*: Tracing dependencies...
>>> perl-specio-doc*: Package size: 76.7 KB
>>> perl-specio-doc*: Compressing data...
>>> perl-specio-doc*: Create checksum...
pigz: not found
>>> perl-specio-doc*: Create perl-specio-doc-0.50-r0.apk
>>> perl-specio*: Tracing dependencies...
	perl
	perl-sub-quote
	perl-devel-stacktrace
	perl-role-tiny
	perl-mro-compat
	perl-try-tiny
	perl-test-fatal
	perl-eval-closure
	perl-module-runtime
	perl-clone
>>> perl-specio*: Package size: 247.7 KB
>>> perl-specio*: Compressing data...
>>> perl-specio*: Create checksum...
pigz: not found
>>> perl-specio*: Create perl-specio-0.50-r0.apk
>>> perl-specio: Build complete at Sun, 18 May 2025 07:50:06 +0000 elapsed time 0h 0m 15s
>>> perl-specio: Cleaning up srcdir
>>> perl-specio: Cleaning up pkgdir
>>> perl-specio: Uninstalling dependencies...
(1/16) Purging .makedepends-perl-specio (20250518.074952)
(2/16) Purging perl-sub-quote (2.006008-r1)
(3/16) Purging perl-devel-stacktrace (2.05-r0)
(4/16) Purging perl-role-tiny (2.002004-r2)
(5/16) Purging perl-mro-compat (0.15-r2)
(6/16) Purging perl-test-fatal (0.017-r1)
(7/16) Purging perl-try-tiny (0.32-r0)
(8/16) Purging perl-eval-closure (0.14-r4)
(9/16) Purging perl-module-runtime (0.016-r6)
(10/16) Purging perl-clone (0.47-r0)
(11/16) Purging perl-test-needs (0.002010-r1)
(12/16) Purging git-perl (2.47.2-r0)
(13/16) Purging perl-git (2.47.2-r0)
(14/16) Purging perl-error (0.17029-r2)
(15/16) Purging perl (5.40.2-r0)
(16/16) Purging libbz2 (1.0.8-r6)
Executing busybox-1.37.0-r12.trigger
OK: 261 MiB in 81 packages
>>> perl-specio: Updating the main/x86_64 repository index...
>>> perl-specio: Signing the index...
pigz: not found
