pigz: not found
>>> perl-net-server: Building main/perl-net-server 2.014-r2 (using abuild 3.14.1-r4) started Sun, 18 May 2025 07:05:42 +0000
>>> perl-net-server: Validating /home/packager/aports/main/perl-net-server/APKBUILD...
>>> perl-net-server: Analyzing dependencies...
>>> perl-net-server: Installing for build: build-base perl perl-dev
(1/8) Installing libbz2 (1.0.8-r6)
(2/8) Installing perl (5.40.2-r0)
(3/8) Installing perl-utils (5.40.2-r0)
(4/8) Installing perl-dev (5.40.2-r0)
(5/8) Installing .makedepends-perl-net-server (20250518.070545)
(6/8) Installing perl-error (0.17029-r2)
(7/8) Installing perl-git (2.47.2-r0)
(8/8) Installing git-perl (2.47.2-r0)
Executing busybox-1.37.0-r12.trigger
OK: 306 MiB in 89 packages
>>> perl-net-server: Cleaning up srcdir
>>> perl-net-server: Cleaning up pkgdir
>>> perl-net-server: Cleaning up tmpdir
>>> perl-net-server: Fetching https://cpan.metacpan.org/authors/id/R/RH/RHANDOM/Net-Server-2.014.tar.gz
Connecting to cpan.metacpan.org (146.75.122.217:443)
saving to '/var/cache/distfiles/Net-Server-2.014.tar.gz.part'
Net-Server-2.014.tar 100% |********************************|  151k  0:00:00 ETA
'/var/cache/distfiles/Net-Server-2.014.tar.gz.part' saved
>>> perl-net-server: Fetching https://cpan.metacpan.org/authors/id/R/RH/RHANDOM/Net-Server-2.014.tar.gz
>>> perl-net-server: Checking sha512sums...
Net-Server-2.014.tar.gz: OK
>>> perl-net-server: Unpacking /var/cache/distfiles/Net-Server-2.014.tar.gz...
Checking if your kit is complete...
Looks good
Generating a Unix-style Makefile
Writing Makefile for Net::Server
Writing MYMETA.yml and MYMETA.json
cp lib/Net/Server/Proto.pm blib/lib/Net/Server/Proto.pm
cp lib/Net/Server/Proto/TCP.pm blib/lib/Net/Server/Proto/TCP.pm
cp lib/Net/Server.pm blib/lib/Net/Server.pm
cp lib/Net/Server/PreForkSimple.pm blib/lib/Net/Server/PreForkSimple.pm
cp lib/Net/Server/Log/Sys/Syslog.pm blib/lib/Net/Server/Log/Sys/Syslog.pm
cp lib/Net/Server/PreFork.pm blib/lib/Net/Server/PreFork.pm
cp lib/Net/Server/Proto/UDP.pm blib/lib/Net/Server/Proto/UDP.pm
cp lib/Net/Server/Fork.pm blib/lib/Net/Server/Fork.pm
cp lib/Net/Server/Proto/UNIX.pm blib/lib/Net/Server/Proto/UNIX.pm
cp lib/Net/Server/INET.pm blib/lib/Net/Server/INET.pm
cp lib/Net/Server/PSGI.pm blib/lib/Net/Server/PSGI.pm
cp lib/Net/Server/Thread.pm blib/lib/Net/Server/Thread.pm
cp lib/Net/Server/Log/Log/Log4perl.pm blib/lib/Net/Server/Log/Log/Log4perl.pm
cp lib/Net/Server/HTTP.pm blib/lib/Net/Server/HTTP.pm
cp lib/Net/Server/Single.pm blib/lib/Net/Server/Single.pm
cp lib/Net/Server.pod blib/lib/Net/Server.pod
cp lib/Net/Server/Proto/UNIXDGRAM.pm blib/lib/Net/Server/Proto/UNIXDGRAM.pm
cp lib/Net/Server/Multiplex.pm blib/lib/Net/Server/Multiplex.pm
cp lib/Net/Server/SIG.pm blib/lib/Net/Server/SIG.pm
cp lib/Net/Server/Proto/SSL.pm blib/lib/Net/Server/Proto/SSL.pm
cp lib/Net/Server/Proto/SSLEAY.pm blib/lib/Net/Server/Proto/SSLEAY.pm
cp lib/Net/Server/Daemonize.pm blib/lib/Net/Server/Daemonize.pm
cp lib/Net/Server/MultiType.pm blib/lib/Net/Server/MultiType.pm
cp bin/net-server blib/script/net-server
"/usr/bin/perl" -MExtUtils::MY -e 'MY->fixin(shift)' -- blib/script/net-server
Manifying 1 pod document
Manifying 22 pod documents
PERL_DL_NONLAZY=1 "/usr/bin/perl" "-MExtUtils::Command::MM" "-MTest::Harness" "-e" "undef *Test::Harness::Switches; test_harness(0, 'blib/lib', 'blib/arch')" t/*.t
t/Options.t ............... ok
t/Port_Configuration.t .... ok
t/Server_BASE.t ........... ok
t/Server_Fork.t ........... ok
t/Server_http.t ........... ok
t/Server_INET.t ........... ok
t/Server_Multiplex.t ...... ok
t/Server_MultiType.t ...... ok
t/Server_PreFork.t ........ ok
t/Server_PreForkSimple.t .. ok
t/Server_psgi.t ........... ok
t/Server_Single.t ......... ok
t/Server_Thread.t ......... ok
t/SSL_test.t .............. ok
t/SSLEAY_test.t ........... ok
t/UDP_test.t .............. ok
t/UNIX_test.t ............. ok
All tests successful.
Files=17, Tests=195,  1 wallclock secs ( 0.07 usr  0.01 sys +  0.94 cusr  0.19 csys =  1.21 CPU)
Result: PASS
>>> perl-net-server: Entering fakeroot...
Manifying 1 pod document
Manifying 22 pod documents
Appending installation info to /home/packager/aports/main/perl-net-server/pkg/perl-net-server/usr/lib/perl5/core_perl/perllocal.pod
Installing /home/packager/aports/main/perl-net-server/pkg/perl-net-server/usr/share/perl5/vendor_perl/Net/Server.pm
Installing /home/packager/aports/main/perl-net-server/pkg/perl-net-server/usr/share/perl5/vendor_perl/Net/Server.pod
Installing /home/packager/aports/main/perl-net-server/pkg/perl-net-server/usr/share/perl5/vendor_perl/Net/Server/MultiType.pm
Installing /home/packager/aports/main/perl-net-server/pkg/perl-net-server/usr/share/perl5/vendor_perl/Net/Server/PSGI.pm
Installing /home/packager/aports/main/perl-net-server/pkg/perl-net-server/usr/share/perl5/vendor_perl/Net/Server/PreFork.pm
Installing /home/packager/aports/main/perl-net-server/pkg/perl-net-server/usr/share/perl5/vendor_perl/Net/Server/INET.pm
Installing /home/packager/aports/main/perl-net-server/pkg/perl-net-server/usr/share/perl5/vendor_perl/Net/Server/SIG.pm
Installing /home/packager/aports/main/perl-net-server/pkg/perl-net-server/usr/share/perl5/vendor_perl/Net/Server/HTTP.pm
Installing /home/packager/aports/main/perl-net-server/pkg/perl-net-server/usr/share/perl5/vendor_perl/Net/Server/Thread.pm
Installing /home/packager/aports/main/perl-net-server/pkg/perl-net-server/usr/share/perl5/vendor_perl/Net/Server/Single.pm
Installing /home/packager/aports/main/perl-net-server/pkg/perl-net-server/usr/share/perl5/vendor_perl/Net/Server/Proto.pm
Installing /home/packager/aports/main/perl-net-server/pkg/perl-net-server/usr/share/perl5/vendor_perl/Net/Server/Multiplex.pm
Installing /home/packager/aports/main/perl-net-server/pkg/perl-net-server/usr/share/perl5/vendor_perl/Net/Server/Daemonize.pm
Installing /home/packager/aports/main/perl-net-server/pkg/perl-net-server/usr/share/perl5/vendor_perl/Net/Server/Fork.pm
Installing /home/packager/aports/main/perl-net-server/pkg/perl-net-server/usr/share/perl5/vendor_perl/Net/Server/PreForkSimple.pm
Installing /home/packager/aports/main/perl-net-server/pkg/perl-net-server/usr/share/perl5/vendor_perl/Net/Server/Log/Log/Log4perl.pm
Installing /home/packager/aports/main/perl-net-server/pkg/perl-net-server/usr/share/perl5/vendor_perl/Net/Server/Log/Sys/Syslog.pm
Installing /home/packager/aports/main/perl-net-server/pkg/perl-net-server/usr/share/perl5/vendor_perl/Net/Server/Proto/UNIX.pm
Installing /home/packager/aports/main/perl-net-server/pkg/perl-net-server/usr/share/perl5/vendor_perl/Net/Server/Proto/SSL.pm
Installing /home/packager/aports/main/perl-net-server/pkg/perl-net-server/usr/share/perl5/vendor_perl/Net/Server/Proto/SSLEAY.pm
Installing /home/packager/aports/main/perl-net-server/pkg/perl-net-server/usr/share/perl5/vendor_perl/Net/Server/Proto/TCP.pm
Installing /home/packager/aports/main/perl-net-server/pkg/perl-net-server/usr/share/perl5/vendor_perl/Net/Server/Proto/UDP.pm
Installing /home/packager/aports/main/perl-net-server/pkg/perl-net-server/usr/share/perl5/vendor_perl/Net/Server/Proto/UNIXDGRAM.pm
Installing /home/packager/aports/main/perl-net-server/pkg/perl-net-server/usr/share/man/man1/net-server.1
Installing /home/packager/aports/main/perl-net-server/pkg/perl-net-server/usr/share/man/man3/Net::Server::Proto::TCP.3pm
Installing /home/packager/aports/main/perl-net-server/pkg/perl-net-server/usr/share/man/man3/Net::Server::HTTP.3pm
Installing /home/packager/aports/main/perl-net-server/pkg/perl-net-server/usr/share/man/man3/Net::Server::PreForkSimple.3pm
Installing /home/packager/aports/main/perl-net-server/pkg/perl-net-server/usr/share/man/man3/Net::Server::Daemonize.3pm
Installing /home/packager/aports/main/perl-net-server/pkg/perl-net-server/usr/share/man/man3/Net::Server::Proto::UDP.3pm
Installing /home/packager/aports/main/perl-net-server/pkg/perl-net-server/usr/share/man/man3/Net::Server::Proto::UNIX.3pm
Installing /home/packager/aports/main/perl-net-server/pkg/perl-net-server/usr/share/man/man3/Net::Server::Thread.3pm
Installing /home/packager/aports/main/perl-net-server/pkg/perl-net-server/usr/share/man/man3/Net::Server::SIG.3pm
Installing /home/packager/aports/main/perl-net-server/pkg/perl-net-server/usr/share/man/man3/Net::Server::PSGI.3pm
Installing /home/packager/aports/main/perl-net-server/pkg/perl-net-server/usr/share/man/man3/Net::Server::Multiplex.3pm
Installing /home/packager/aports/main/perl-net-server/pkg/perl-net-server/usr/share/man/man3/Net::Server::Single.3pm
Installing /home/packager/aports/main/perl-net-server/pkg/perl-net-server/usr/share/man/man3/Net::Server::Proto::UNIXDGRAM.3pm
Installing /home/packager/aports/main/perl-net-server/pkg/perl-net-server/usr/share/man/man3/Net::Server::INET.3pm
Installing /home/packager/aports/main/perl-net-server/pkg/perl-net-server/usr/share/man/man3/Net::Server::Proto::SSLEAY.3pm
Installing /home/packager/aports/main/perl-net-server/pkg/perl-net-server/usr/share/man/man3/Net::Server::Fork.3pm
Installing /home/packager/aports/main/perl-net-server/pkg/perl-net-server/usr/share/man/man3/Net::Server::Log::Sys::Syslog.3pm
Installing /home/packager/aports/main/perl-net-server/pkg/perl-net-server/usr/share/man/man3/Net::Server::MultiType.3pm
Installing /home/packager/aports/main/perl-net-server/pkg/perl-net-server/usr/share/man/man3/Net::Server::Proto::SSL.3pm
Installing /home/packager/aports/main/perl-net-server/pkg/perl-net-server/usr/share/man/man3/Net::Server::Log::Log::Log4perl.3pm
Installing /home/packager/aports/main/perl-net-server/pkg/perl-net-server/usr/share/man/man3/Net::Server::Proto.3pm
Installing /home/packager/aports/main/perl-net-server/pkg/perl-net-server/usr/share/man/man3/Net::Server::PreFork.3pm
Installing /home/packager/aports/main/perl-net-server/pkg/perl-net-server/usr/share/man/man3/Net::Server.3pm
Installing /home/packager/aports/main/perl-net-server/pkg/perl-net-server/usr/bin/net-server
>>> perl-net-server-doc*: Running split function doc...
'usr/share/man' -> '/home/packager/aports/main/perl-net-server/pkg/perl-net-server-doc/usr/share/man'
>>> perl-net-server-doc*: Preparing subpackage perl-net-server-doc...
>>> perl-net-server-doc*: Running postcheck for perl-net-server-doc
>>> perl-net-server*: Running postcheck for perl-net-server
>>> perl-net-server*: Preparing package perl-net-server...
>>> perl-net-server-doc*: Tracing dependencies...
>>> perl-net-server-doc*: Package size: 77.9 KB
>>> perl-net-server-doc*: Compressing data...
>>> perl-net-server-doc*: Create checksum...
pigz: not found
>>> perl-net-server-doc*: Create perl-net-server-doc-2.014-r2.apk
>>> perl-net-server*: Tracing dependencies...
	perl
>>> perl-net-server*: Package size: 343.2 KB
>>> perl-net-server*: Compressing data...
>>> perl-net-server*: Create checksum...
pigz: not found
>>> perl-net-server*: Create perl-net-server-2.014-r2.apk
>>> perl-net-server: Build complete at Sun, 18 May 2025 07:05:49 +0000 elapsed time 0h 0m 7s
>>> perl-net-server: Cleaning up srcdir
>>> perl-net-server: Cleaning up pkgdir
>>> perl-net-server: Uninstalling dependencies...
(1/8) Purging .makedepends-perl-net-server (20250518.070545)
(2/8) Purging perl-dev (5.40.2-r0)
(3/8) Purging perl-utils (5.40.2-r0)
(4/8) Purging git-perl (2.47.2-r0)
(5/8) Purging perl-git (2.47.2-r0)
(6/8) Purging perl-error (0.17029-r2)
(7/8) Purging perl (5.40.2-r0)
(8/8) Purging libbz2 (1.0.8-r6)
Executing busybox-1.37.0-r12.trigger
OK: 260 MiB in 81 packages
>>> perl-net-server: Updating the main/x86_64 repository index...
>>> perl-net-server: Signing the index...
pigz: not found
