>>> perl-package-anon: Validating /home/packager/oily-pine/main/perl-package-anon/APKBUILD...
>>> perl-package-anon: Cleaning up srcdir
>>> perl-package-anon: Cleaning up pkgdir
>>> perl-package-anon: Cleaning up tmpdir
>>> perl-package-anon: Fetching https://cpan.metacpan.org/authors/id/A/AU/AUGGY/Package-Anon-0.05.tar.gz
  % Total    % Received % Xferd  Average Speed   Time    Time     Time  Current
                                 Dload  Upload   Total   Spent    Left  Speed
  0     0    0     0    0     0      0      0 --:--:-- --:--:-- --:--:--     0 39 13867   39  5507    0     0  16222      0 --:--:-- --:--:-- --:--:-- 16197100 13867  100 13867    0     0  40435      0 --:--:-- --:--:-- --:--:-- 40428
>>> perl-package-anon: Fetching https://cpan.metacpan.org/authors/id/A/AU/AUGGY/Package-Anon-0.05.tar.gz
>>> perl-package-anon: Checking sha512sums...
Package-Anon-0.05.tar.gz: OK
>>> perl-package-anon: Preparing build chroot...
fetch http://dl-cdn.alpinelinux.org/alpine/edge/main/x86_64/APKINDEX.tar.gz
(1/79) Installing musl (1.2.5-r10)
(2/79) Installing libcrypto3 (3.5.0-r0)
(3/79) Installing ca-certificates-bundle (20241121-r2)
(4/79) Installing libssl3 (3.5.0-r0)
(5/79) Installing zlib (1.3.1-r2)
(6/79) Installing libapk2 (2.14.9-r2)
(7/79) Installing apk-tools (2.14.9-r2)
(8/79) Installing libcap2 (2.76-r0)
(9/79) Installing libcap-getcap (2.76-r0)
(10/79) Installing fakeroot (1.37.1.1-r0)
(11/79) Installing scanelf (1.3.8-r1)
(12/79) Installing musl-utils (1.2.5-r10)
(13/79) Installing libgcc (14.3.0-r1)
(14/79) Installing libstdc++ (14.3.0-r1)
(15/79) Installing lzip (1.25-r0)
(16/79) Installing openssl (3.5.0-r0)
(17/79) Installing patch (2.8-r0)
(18/79) Installing pkgconf (2.4.3-r0)
(19/79) Installing acl-libs (2.3.2-r1)
(20/79) Installing tar (1.35-r3)
(21/79) Installing busybox (1.37.0-r18)
Executing busybox-1.37.0-r18.post-install
(22/79) Installing ssl_client (1.37.0-r18)
(23/79) Installing busybox-binsh (1.37.0-r18)
(24/79) Installing abuild (3.15.0-r0)
Executing abuild-3.15.0-r0.pre-install
(25/79) Installing abuild-sudo (3.15.0-r0)
(26/79) Installing alpine-baselayout-data (3.7.0-r0)
(27/79) Installing alpine-baselayout (3.7.0-r0)
Executing alpine-baselayout-3.7.0-r0.pre-install
Executing alpine-baselayout-3.7.0-r0.post-install
(28/79) Installing bridge (1.5-r5)
(29/79) Installing ifupdown-ng (0.12.1-r7)
(30/79) Installing openrc-user (0.62.2-r2)
(31/79) Installing openrc (0.62.2-r2)
Executing openrc-0.62.2-r2.post-install
(32/79) Installing mdev-conf (4.8-r0)
(33/79) Installing busybox-mdev-openrc (1.37.0-r18)
(34/79) Installing alpine-conf (3.20.0-r0)
(35/79) Installing alpine-keys (2.5-r0)
(36/79) Installing alpine-release (3.22.0-r0)
(37/79) Installing busybox-openrc (1.37.0-r18)
(38/79) Installing busybox-suid (1.37.0-r18)
(39/79) Installing alpine-base (3.22.0-r0)
(40/79) Installing jansson (2.14.1-r0)
(41/79) Installing zstd-libs (1.5.7-r0)
(42/79) Installing binutils (2.44-r0)
(43/79) Installing libmagic (5.46-r2)
(44/79) Installing file (5.46-r2)
(45/79) Installing libgomp (14.3.0-r1)
(46/79) Installing libatomic (14.3.0-r1)
(47/79) Installing gmp (6.3.0-r3)
(48/79) Installing isl26 (0.26-r1)
(49/79) Installing mpfr4 (4.2.1_p1-r0)
(50/79) Installing mpc1 (1.3.1-r1)
(51/79) Installing gcc (14.3.0-r1)
(52/79) Installing libstdc++-dev (14.3.0-r1)
(53/79) Installing musl-dev (1.2.5-r10)
(54/79) Installing g++ (14.3.0-r1)
(55/79) Installing make (4.4.1-r3)
(56/79) Installing fortify-headers (1.1-r5)
(57/79) Installing build-base (0.5-r3)
(58/79) Installing brotli-libs (1.1.0-r2)
(59/79) Installing c-ares (1.34.5-r0)
(60/79) Installing libunistring (1.3-r0)
(61/79) Installing libidn2 (2.3.7-r0)
(62/79) Installing nghttp2-libs (1.65.0-r0)
(63/79) Installing libpsl (0.21.5-r3)
(64/79) Installing libcurl (8.14.0-r2)
(65/79) Installing libexpat (2.7.1-r0)
(66/79) Installing pcre2 (10.43-r1)
(67/79) Installing git (2.49.0-r0)
(68/79) Installing git-init-template (2.49.0-r0)
(69/79) Installing libbz2 (1.0.8-r6)
(70/79) Installing perl (5.40.2-r0)
(71/79) Installing perl-error (0.17030-r0)
(72/79) Installing perl-git (2.49.0-r0)
(73/79) Installing git-perl (2.49.0-r0)
(74/79) Installing perl-utils (5.40.2-r0)
(75/79) Installing perl-dev (5.40.2-r0)
(76/79) Installing perl-params-util (1.102-r5)
(77/79) Installing perl-sub-install (0.929-r2)
(78/79) Installing perl-data-optlist (0.114-r1)
(79/79) Installing perl-sub-exporter (0.991-r0)
Executing busybox-1.37.0-r18.trigger
OK: 306 MiB in 79 packages
>>> perl-package-anon: Fetching https://cpan.metacpan.org/authors/id/A/AU/AUGGY/Package-Anon-0.05.tar.gz
>>> perl-package-anon: Checking sha512sums...
Package-Anon-0.05.tar.gz: OK
>>> perl-package-anon: Unpacking /var/cache/distfiles/Package-Anon-0.05.tar.gz...
Checking if your kit is complete...
Looks good
Generating a Unix-style Makefile
Writing Makefile for Package::Anon
Writing MYMETA.yml and MYMETA.json
Running Mkbootstrap for Anon ()
"/usr/bin/perl" "/usr/share/perl5/core_perl/ExtUtils/xsubpp"  -typemap '/usr/share/perl5/core_perl/ExtUtils/typemap'  Anon.xs > Anon.xsc
chmod 644 "Anon.bs"
"/usr/bin/perl" -MExtUtils::Command::MM -e 'cp_nonempty' -- Anon.bs blib/arch/auto/Package/Anon/Anon.bs 644
cp lib/Package/Anon.pm blib/lib/Package/Anon.pm
mv Anon.xsc Anon.c
cc -c   -D_REENTRANT -D_GNU_SOURCE -D_GNU_SOURCE -fwrapv -fno-strict-aliasing -pipe -fstack-protector-strong -D_LARGEFILE_SOURCE -D_FILE_OFFSET_BITS=64 -Os -fstack-clash-protection -Wformat -Werror=format-security -fno-plt -O2   -DVERSION=\"0.05\" -DXS_VERSION=\"0.05\" -fPIC "-I/usr/lib/perl5/core_perl/CORE"   Anon.c
rm -f blib/arch/auto/Package/Anon/Anon.so
cc  -shared -Os -fstack-clash-protection -Wformat -Werror=format-security -fno-plt -O2 -L/usr/local/lib -fstack-protector-strong  Anon.o  -o blib/arch/auto/Package/Anon/Anon.so  \
      \
  
chmod 755 blib/arch/auto/Package/Anon/Anon.so
Manifying 1 pod document
"/usr/bin/perl" -MExtUtils::Command::MM -e 'cp_nonempty' -- Anon.bs blib/arch/auto/Package/Anon/Anon.bs 644
PERL_DL_NONLAZY=1 "/usr/bin/perl" "-MExtUtils::Command::MM" "-MTest::Harness" "-e" "undef *Test::Harness::Switches; test_harness(0, 'blib/lib', 'blib/arch')" t/*.t
t/basic.t ................. ok
t/gc.t .................... ok
t/name.t .................. ok
t/overload.t .............. ok
t/proto.t ................. ok
t/release-eol.t ........... skipped: these tests are for release candidate testing
t/release-no-tabs.t ....... skipped: these tests are for release candidate testing
t/release-pod-coverage.t .. skipped: these tests are for release candidate testing
t/release-pod-syntax.t .... skipped: these tests are for release candidate testing
All tests successful.
Files=9, Tests=38,  0 wallclock secs ( 0.02 usr  0.00 sys +  0.27 cusr  0.05 csys =  0.34 CPU)
Result: PASS
>>> perl-package-anon: Entering fakeroot...
"/usr/bin/perl" -MExtUtils::Command::MM -e 'cp_nonempty' -- Anon.bs blib/arch/auto/Package/Anon/Anon.bs 644
Manifying 1 pod document
Appending installation info to /tmp/pkg/perl-package-anon/usr/lib/perl5/core_perl/perllocal.pod
Files found in blib/arch: installing files in blib/lib into architecture dependent library tree
Installing /tmp/pkg/perl-package-anon/usr/lib/perl5/vendor_perl/auto/Package/Anon/Anon.so
Installing /tmp/pkg/perl-package-anon/usr/lib/perl5/vendor_perl/Package/Anon.pm
Installing /tmp/pkg/perl-package-anon/usr/share/man/man3/Package::Anon.3pm
>>> perl-package-anon-doc*: Running split function doc...
'usr/share/man' -> '/tmp/pkg/perl-package-anon-doc/usr/share/man'
>>> perl-package-anon-doc*: Preparing subpackage perl-package-anon-doc...
>>> perl-package-anon-doc*: Running postcheck for perl-package-anon-doc
>>> perl-package-anon*: Running postcheck for perl-package-anon
>>> perl-package-anon*: Preparing package perl-package-anon...
>>> perl-package-anon*: Stripping binaries
>>> perl-package-anon-doc*: Scanning shared objects
>>> perl-package-anon*: Scanning shared objects
>>> perl-package-anon-doc*: Tracing dependencies...
>>> perl-package-anon-doc*: Package size: 2.6 KB
>>> perl-package-anon-doc*: Compressing data...
>>> perl-package-anon-doc*: Create checksum...
>>> perl-package-anon-doc*: Create perl-package-anon-doc-0.05-r15.apk
>>> perl-package-anon*: Tracing dependencies...
	perl
	so:libc.musl-x86_64.so.1
>>> perl-package-anon*: Package size: 18.3 KB
>>> perl-package-anon*: Compressing data...
>>> perl-package-anon*: Create checksum...
>>> perl-package-anon*: Create perl-package-anon-0.05-r15.apk
>>> perl-package-anon: Updating the main/x86_64 repository index...
>>> perl-package-anon: Signing the index...
>>> perl-package-anon: Cleaning up srcdir
>>> perl-package-anon: Cleaning up build chroot
>>> perl-package-anon: Cleaning up pkgdir
