pigz: not found
>>> doctest: Building main/doctest 2.4.11-r0 (using abuild 3.14.1-r4) started Sun, 18 May 2025 08:55:46 +0000
>>> doctest: Validating /home/packager/aports/main/doctest/APKBUILD...
>>> doctest: Analyzing dependencies...
>>> doctest: Installing for build: build-base cmake samurai
(1/9) Installing libbz2 (1.0.8-r6)
(2/9) Installing lz4-libs (1.10.0-r0)
(3/9) Installing xz-libs (5.6.3-r1)
(4/9) Installing libarchive (3.7.9-r0)
(5/9) Installing rhash-libs (1.4.5-r0)
(6/9) Installing libuv (1.49.2-r0)
(7/9) Installing cmake (3.31.7-r0)
(8/9) Installing samurai (1.2-r6)
(9/9) Installing .makedepends-doctest (20250518.085547)
Executing busybox-1.37.0-r12.trigger
OK: 314 MiB in 90 packages
>>> doctest: Cleaning up srcdir
>>> doctest: Cleaning up pkgdir
>>> doctest: Cleaning up tmpdir
>>> doctest: Fetching doctest-2.4.11.tar.gz::https://github.com/doctest/doctest/archive/refs/tags/v2.4.11.tar.gz
Connecting to github.com (140.82.121.3:443)
Connecting to codeload.github.com (140.82.121.10:443)
saving to '/var/cache/distfiles/doctest-2.4.11.tar.gz.part'
doctest-2.4.11.tar.g 100% |********************************| 2132k  0:00:00 ETA
'/var/cache/distfiles/doctest-2.4.11.tar.gz.part' saved
>>> doctest: Fetching doctest-2.4.11.tar.gz::https://github.com/doctest/doctest/archive/refs/tags/v2.4.11.tar.gz
>>> doctest: Checking sha512sums...
doctest-2.4.11.tar.gz: OK
>>> doctest: Unpacking /var/cache/distfiles/doctest-2.4.11.tar.gz...
CMake Deprecation Warning at CMakeLists.txt:1 (cmake_minimum_required):
  Compatibility with CMake < 3.10 will be removed from a future version of
  CMake.

  Update the VERSION argument <min> value.  Or, use the <min>...<max> syntax
  to tell CMake that the project requires at least <min> but has been updated
  to work with policies introduced by <max> or earlier.


-- The CXX compiler identification is GNU 14.2.0
-- Detecting CXX compiler ABI info
-- Detecting CXX compiler ABI info - done
-- Check for working CXX compiler: /usr/bin/g++ - skipped
-- Detecting CXX compile features
-- Detecting CXX compile features - done
-- Performing Test CMAKE_HAVE_LIBC_PTHREAD
-- Performing Test CMAKE_HAVE_LIBC_PTHREAD - Success
-- Found Threads: TRUE
-- Checking for module 'mpi-cxx'
--   Package 'mpi-cxx' not found
-- Could NOT find MPI_CXX (missing: MPI_CXX_LIB_NAMES MPI_CXX_HEADER_DIR MPI_CXX_WORKS) 
-- Could NOT find MPI (missing: MPI_CXX_FOUND CXX) 
-- Configuring done (0.6s)
-- Generating done (0.0s)
-- Build files have been written to: /home/packager/aports/main/doctest/src/doctest-2.4.11/build
[1/111] Building CXX object scripts/playground/CMakeFiles/playground.dir/test.cpp.o
[2/111] Building CXX object scripts/playground/CMakeFiles/playground.dir/main.cpp.o
[3/111] Building CXX object examples/combining_the_same_tests_built_differently_in_multiple_shared_objects/CMakeFiles/same_tests_multiple_configurations.dir/main.cpp.o
[4/111] Building CXX object examples/combining_the_same_tests_built_differently_in_multiple_shared_objects/CMakeFiles/return42.dir/return42.cpp.o
[5/111] Building CXX object examples/combining_the_same_tests_built_differently_in_multiple_shared_objects/CMakeFiles/default.dir/default.cpp.o
[6/111] Building CXX object examples/combining_the_same_tests_built_differently_in_multiple_shared_objects/CMakeFiles/test_runner.dir/test_runner.cpp.o
[7/111] Building CXX object examples/executable_dll_and_plugin/CMakeFiles/executable_dll_and_plugin.dir/main.cpp.o
[8/111] Building CXX object examples/executable_dll_and_plugin/CMakeFiles/plugin.dir/plugin.cpp.o
[9/111] Building CXX object examples/executable_dll_and_plugin/CMakeFiles/dll.dir/dll.cpp.o
[10/111] Building CXX object examples/executable_dll_and_plugin/CMakeFiles/implementation.dir/implementation_2.cpp.o
[11/111] Building CXX object examples/executable_dll_and_plugin/CMakeFiles/implementation.dir/implementation.cpp.o
[12/111] Building CXX object examples/exe_with_static_libs/CMakeFiles/exe_with_static_libs.dir/main.cpp.o
[13/111] Building CXX object examples/exe_with_static_libs/CMakeFiles/lib_2.dir/lib_2_src.cpp.o
[14/111] Building CXX object examples/exe_with_static_libs/CMakeFiles/lib_1.dir/lib_1_src2.cpp.o
[15/111] Building CXX object examples/exe_with_static_libs/CMakeFiles/lib_1.dir/lib_1_src1.cpp.o
[16/111] Building CXX object examples/all_features/CMakeFiles/std_headers.dir/decomposition.cpp.o
[17/111] Building CXX object examples/all_features/CMakeFiles/std_headers.dir/enums.cpp.o
[18/111] Building CXX object examples/all_features/CMakeFiles/std_headers.dir/asserts_used_outside_of_tests.cpp.o
[19/111] Building CXX object examples/all_features/CMakeFiles/std_headers.dir/test_cases_and_suites.cpp.o
[20/111] Building CXX object examples/all_features/CMakeFiles/std_headers.dir/templated_test_cases.cpp.o
[21/111] Building CXX object examples/all_features/CMakeFiles/std_headers.dir/logging.cpp.o
[22/111] Building CXX object examples/all_features/CMakeFiles/std_headers.dir/subcases.cpp.o
[23/111] Building CXX object examples/all_features/CMakeFiles/std_headers.dir/reporters_and_listeners.cpp.o
[24/111] Building CXX object examples/all_features/CMakeFiles/std_headers.dir/double_stringification.cpp.o
[25/111] Building CXX object examples/all_features/CMakeFiles/std_headers.dir/stringification.cpp.o
[26/111] Building CXX object examples/all_features/CMakeFiles/std_headers.dir/assertion_macros.cpp.o
[27/111] Building CXX object examples/all_features/CMakeFiles/std_headers.dir/alternative_macros.cpp.o
[28/111] Building CXX object examples/all_features/CMakeFiles/std_headers.dir/main.cpp.o
[29/111] Building CXX object examples/all_features/CMakeFiles/disabled.dir/decomposition.cpp.o
[30/111] Building CXX object examples/all_features/CMakeFiles/disabled.dir/enums.cpp.o
[31/111] Building CXX object examples/all_features/CMakeFiles/disabled.dir/asserts_used_outside_of_tests.cpp.o
[32/111] Building CXX object examples/all_features/CMakeFiles/disabled.dir/test_cases_and_suites.cpp.o
[33/111] Building CXX object examples/all_features/CMakeFiles/disabled.dir/templated_test_cases.cpp.o
[34/111] Building CXX object examples/all_features/CMakeFiles/disabled.dir/logging.cpp.o
[35/111] Building CXX object examples/all_features/CMakeFiles/disabled.dir/subcases.cpp.o
[36/111] Building CXX object examples/all_features/CMakeFiles/disabled.dir/reporters_and_listeners.cpp.o
[37/111] Building CXX object examples/all_features/CMakeFiles/disabled.dir/double_stringification.cpp.o
[38/111] Building CXX object examples/all_features/CMakeFiles/disabled.dir/stringification.cpp.o
[39/111] Building CXX object examples/all_features/CMakeFiles/disabled.dir/assertion_macros.cpp.o
[40/111] Building CXX object examples/all_features/CMakeFiles/disabled.dir/alternative_macros.cpp.o
[41/111] Building CXX object examples/all_features/CMakeFiles/disabled.dir/main.cpp.o
[42/111] Building CXX object examples/all_features/CMakeFiles/no_multi_lane_atomics.dir/decomposition.cpp.o
[43/111] Linking CXX executable scripts/playground/playground
[44/111] Building CXX object examples/all_features/CMakeFiles/no_multi_lane_atomics.dir/enums.cpp.o
[45/111] Linking CXX shared library examples/combining_the_same_tests_built_differently_in_multiple_shared_objects/libtest_runner.so
[46/111] Building CXX object examples/all_features/CMakeFiles/no_multi_lane_atomics.dir/asserts_used_outside_of_tests.cpp.o
[47/111] Linking CXX shared library examples/combining_the_same_tests_built_differently_in_multiple_shared_objects/libreturn42.so
[48/111] Linking CXX shared library examples/combining_the_same_tests_built_differently_in_multiple_shared_objects/libdefault.so
[49/111] Building CXX object examples/all_features/CMakeFiles/no_multi_lane_atomics.dir/test_cases_and_suites.cpp.o
[50/111] Linking CXX executable examples/combining_the_same_tests_built_differently_in_multiple_shared_objects/same_tests_multiple_configurations
[51/111] Linking CXX executable examples/exe_with_static_libs/exe_with_static_libs
[52/111] Building CXX object examples/all_features/CMakeFiles/no_multi_lane_atomics.dir/templated_test_cases.cpp.o
[53/111] Building CXX object examples/all_features/CMakeFiles/no_multi_lane_atomics.dir/logging.cpp.o
[54/111] Linking CXX shared library examples/executable_dll_and_plugin/libimplementation.so
[55/111] Linking CXX shared library examples/executable_dll_and_plugin/libplugin.so
[56/111] Linking CXX shared library examples/executable_dll_and_plugin/libdll.so
[57/111] Linking CXX executable examples/executable_dll_and_plugin/executable_dll_and_plugin
[58/111] Building CXX object examples/all_features/CMakeFiles/no_multi_lane_atomics.dir/subcases.cpp.o
[59/111] Building CXX object examples/all_features/CMakeFiles/no_multi_lane_atomics.dir/reporters_and_listeners.cpp.o
[60/111] Building CXX object examples/all_features/CMakeFiles/no_multi_lane_atomics.dir/double_stringification.cpp.o
[61/111] Building CXX object examples/all_features/CMakeFiles/no_multi_lane_atomics.dir/stringification.cpp.o
[62/111] Building CXX object examples/all_features/CMakeFiles/no_multi_lane_atomics.dir/assertion_macros.cpp.o
[63/111] Building CXX object examples/all_features/CMakeFiles/no_multi_lane_atomics.dir/alternative_macros.cpp.o
[64/111] Building CXX object examples/all_features/CMakeFiles/no_multi_lane_atomics.dir/main.cpp.o
[65/111] Linking CXX executable examples/all_features/disabled
[66/111] Building CXX object examples/all_features/CMakeFiles/no_multithreading.dir/decomposition.cpp.o
[67/111] Building CXX object examples/all_features/CMakeFiles/no_multithreading.dir/enums.cpp.o
[68/111] Building CXX object examples/all_features/CMakeFiles/no_multithreading.dir/asserts_used_outside_of_tests.cpp.o
[69/111] Building CXX object examples/all_features/CMakeFiles/no_multithreading.dir/test_cases_and_suites.cpp.o
[70/111] Building CXX object examples/all_features/CMakeFiles/no_multithreading.dir/templated_test_cases.cpp.o
[71/111] Building CXX object examples/all_features/CMakeFiles/no_multithreading.dir/logging.cpp.o
[72/111] Building CXX object examples/all_features/CMakeFiles/no_multithreading.dir/subcases.cpp.o
[73/111] Building CXX object examples/all_features/CMakeFiles/no_multithreading.dir/reporters_and_listeners.cpp.o
[74/111] Building CXX object examples/all_features/CMakeFiles/no_multithreading.dir/double_stringification.cpp.o
[75/111] Building CXX object examples/all_features/CMakeFiles/no_multithreading.dir/stringification.cpp.o
[76/111] Building CXX object examples/all_features/CMakeFiles/no_multithreading.dir/assertion_macros.cpp.o
[77/111] Building CXX object examples/all_features/CMakeFiles/no_multithreading.dir/alternative_macros.cpp.o
[78/111] Building CXX object examples/all_features/CMakeFiles/no_multithreading.dir/main.cpp.o
[79/111] Building CXX object examples/all_features/CMakeFiles/disabled_but_evaluated.dir/assert_returns_disabled_evaluate.cpp.o
[80/111] Building CXX object examples/all_features/CMakeFiles/disabled_but_evaluated.dir/assert_returns_disabled.cpp.o
[81/111] Building CXX object examples/all_features/CMakeFiles/all_features.dir/no_failures.cpp.o
[82/111] Linking CXX executable examples/all_features/std_headers
[83/111] Building CXX object examples/all_features/CMakeFiles/all_features.dir/namespace9.cpp.o
[84/111] Building CXX object examples/all_features/CMakeFiles/all_features.dir/namespace8.cpp.o
[85/111] Building CXX object examples/all_features/CMakeFiles/all_features.dir/namespace7.cpp.o
[86/111] Building CXX object examples/all_features/CMakeFiles/all_features.dir/namespace6.cpp.o
[87/111] Building CXX object examples/all_features/CMakeFiles/all_features.dir/namespace5.cpp.o
[88/111] Building CXX object examples/all_features/CMakeFiles/all_features.dir/namespace4.cpp.o
[89/111] Linking CXX executable examples/all_features/disabled_but_evaluated
[90/111] Building CXX object examples/all_features/CMakeFiles/all_features.dir/namespace3.cpp.o
[91/111] Building CXX object examples/all_features/CMakeFiles/all_features.dir/namespace2.cpp.o
[92/111] Building CXX object examples/all_features/CMakeFiles/all_features.dir/namespace1.cpp.o
[93/111] Building CXX object examples/all_features/CMakeFiles/all_features.dir/coverage_maxout.cpp.o
[94/111] Building CXX object examples/all_features/CMakeFiles/all_features.dir/concurrency.cpp.o
[95/111] Building CXX object examples/all_features/CMakeFiles/all_features.dir/decomposition.cpp.o
[96/111] Building CXX object examples/all_features/CMakeFiles/all_features.dir/enums.cpp.o
[97/111] Building CXX object examples/all_features/CMakeFiles/all_features.dir/asserts_used_outside_of_tests.cpp.o
[98/111] Building CXX object examples/all_features/CMakeFiles/all_features.dir/test_cases_and_suites.cpp.o
[99/111] Building CXX object examples/all_features/CMakeFiles/all_features.dir/templated_test_cases.cpp.o
[100/111] Building CXX object examples/all_features/CMakeFiles/all_features.dir/logging.cpp.o
[101/111] Building CXX object examples/all_features/CMakeFiles/all_features.dir/subcases.cpp.o
[102/111] Building CXX object examples/all_features/CMakeFiles/all_features.dir/reporters_and_listeners.cpp.o
[103/111] Building CXX object examples/all_features/CMakeFiles/all_features.dir/double_stringification.cpp.o
[104/111] Building CXX object examples/all_features/CMakeFiles/all_features.dir/stringification.cpp.o
[105/111] Building CXX object examples/all_features/CMakeFiles/all_features.dir/assertion_macros.cpp.o
[106/111] Building CXX object examples/all_features/CMakeFiles/all_features.dir/alternative_macros.cpp.o
[107/111] Building CXX object examples/all_features/CMakeFiles/all_features.dir/main.cpp.o
[108/111] assembling the single header
[109/111] Linking CXX executable examples/all_features/no_multi_lane_atomics
[110/111] Linking CXX executable examples/all_features/no_multithreading
[111/111] Linking CXX executable examples/all_features/all_features
Internal ctest changing into directory: /home/packager/aports/main/doctest/src/doctest-2.4.11/build
Test project /home/packager/aports/main/doctest/src/doctest-2.4.11/build
        Start   1: main.cpp
        Start   2: main.cpp_xml
        Start   3: main.cpp_junit
        Start   4: doctest_proxy.h
        Start   5: doctest_proxy.h_xml
        Start   6: doctest_proxy.h_junit
        Start   7: header.h
        Start   8: header.h_xml
  1/155 Test   #1: main.cpp ...................................   Passed    0.03 sec
  2/155 Test   #2: main.cpp_xml ...............................   Passed    0.02 sec
  3/155 Test   #3: main.cpp_junit .............................   Passed    0.02 sec
        Start   9: header.h_junit
        Start  10: alternative_macros.cpp
        Start  11: alternative_macros.cpp_xml
  4/155 Test   #5: doctest_proxy.h_xml ........................   Passed    0.02 sec
  5/155 Test   #4: doctest_proxy.h ............................   Passed    0.03 sec
  6/155 Test   #6: doctest_proxy.h_junit ......................   Passed    0.02 sec
  7/155 Test   #7: header.h ...................................   Passed    0.02 sec
        Start  12: alternative_macros.cpp_junit
        Start  13: assertion_macros.cpp
        Start  14: assertion_macros.cpp_xml
        Start  15: assertion_macros.cpp_junit
  8/155 Test   #8: header.h_xml ...............................   Passed    0.03 sec
        Start  16: stringification.cpp
  9/155 Test  #10: alternative_macros.cpp .....................   Passed    0.02 sec
        Start  17: stringification.cpp_xml
 10/155 Test   #9: header.h_junit .............................   Passed    0.02 sec
        Start  18: stringification.cpp_junit
 11/155 Test  #11: alternative_macros.cpp_xml .................   Passed    0.02 sec
 12/155 Test  #12: alternative_macros.cpp_junit ...............   Passed    0.02 sec
        Start  19: double_stringification.cpp
        Start  20: double_stringification.cpp_xml
 13/155 Test  #15: assertion_macros.cpp_junit .................   Passed    0.02 sec
 14/155 Test  #16: stringification.cpp ........................   Passed    0.02 sec
        Start  21: double_stringification.cpp_junit
        Start  22: reporters_and_listeners.cpp
 15/155 Test  #13: assertion_macros.cpp .......................   Passed    0.03 sec
        Start  23: reporters_and_listeners.cpp_xml
 16/155 Test  #14: assertion_macros.cpp_xml ...................   Passed    0.03 sec
        Start  24: reporters_and_listeners.cpp_junit
 17/155 Test  #17: stringification.cpp_xml ....................   Passed    0.02 sec
        Start  25: subcases.cpp
 18/155 Test  #18: stringification.cpp_junit ..................   Passed    0.02 sec
        Start  26: subcases.cpp_xml
 19/155 Test  #19: double_stringification.cpp .................   Passed    0.02 sec
 20/155 Test  #21: double_stringification.cpp_junit ...........   Passed    0.02 sec
        Start  27: subcases.cpp_junit
        Start  28: logging.cpp
 21/155 Test  #20: double_stringification.cpp_xml .............   Passed    0.02 sec
        Start  29: logging.cpp_xml
 22/155 Test  #22: reporters_and_listeners.cpp ................   Passed    0.02 sec
        Start  30: logging.cpp_junit
 23/155 Test  #23: reporters_and_listeners.cpp_xml ............   Passed    0.02 sec
        Start  31: templated_test_cases.cpp
 24/155 Test  #24: reporters_and_listeners.cpp_junit ..........   Passed    0.02 sec
        Start  32: templated_test_cases.cpp_xml
 25/155 Test  #25: subcases.cpp ...............................   Passed    0.02 sec
        Start  33: templated_test_cases.cpp_junit
 26/155 Test  #28: logging.cpp ................................   Passed    0.02 sec
 27/155 Test  #29: logging.cpp_xml ............................   Passed    0.02 sec
        Start  34: test_cases_and_suites.cpp
        Start  35: test_cases_and_suites.cpp_xml
 28/155 Test  #26: subcases.cpp_xml ...........................   Passed    0.03 sec
        Start  36: test_cases_and_suites.cpp_junit
 29/155 Test  #27: subcases.cpp_junit .........................   Passed    0.03 sec
        Start  37: asserts_used_outside_of_tests.cpp
 30/155 Test  #30: logging.cpp_junit ..........................   Passed    0.03 sec
 31/155 Test  #31: templated_test_cases.cpp ...................   Passed    0.02 sec
        Start  38: asserts_used_outside_of_tests.cpp_xml
        Start  39: asserts_used_outside_of_tests.cpp_junit
 32/155 Test  #32: templated_test_cases.cpp_xml ...............   Passed    0.03 sec
        Start  40: enums.cpp
 33/155 Test  #33: templated_test_cases.cpp_junit .............   Passed    0.03 sec
        Start  41: enums.cpp_xml
 34/155 Test  #34: test_cases_and_suites.cpp ..................   Passed    0.02 sec
        Start  42: enums.cpp_junit
 35/155 Test  #35: test_cases_and_suites.cpp_xml ..............   Passed    0.02 sec
        Start  43: decomposition.cpp
 36/155 Test  #36: test_cases_and_suites.cpp_junit ............   Passed    0.02 sec
        Start  44: decomposition.cpp_xml
 37/155 Test  #37: asserts_used_outside_of_tests.cpp ..........   Passed    0.02 sec
        Start  45: decomposition.cpp_junit
 38/155 Test  #38: asserts_used_outside_of_tests.cpp_xml ......   Passed    0.02 sec
        Start  46: concurrency.cpp
 39/155 Test  #39: asserts_used_outside_of_tests.cpp_junit ....   Passed    0.02 sec
        Start  47: concurrency.cpp_xml
 40/155 Test  #40: enums.cpp ..................................   Passed    0.02 sec
        Start  48: concurrency.cpp_junit
 41/155 Test  #43: decomposition.cpp ..........................   Passed    0.02 sec
        Start  49: namespace1.cpp
 42/155 Test  #41: enums.cpp_xml ..............................   Passed    0.02 sec
        Start  50: namespace1.cpp_xml
 43/155 Test  #46: concurrency.cpp ............................   Passed    0.02 sec
        Start  51: namespace1.cpp_junit
 44/155 Test  #47: concurrency.cpp_xml ........................   Passed    0.02 sec
        Start  52: namespace2.cpp
 45/155 Test  #42: enums.cpp_junit ............................   Passed    0.03 sec
        Start  53: namespace2.cpp_xml
 46/155 Test  #44: decomposition.cpp_xml ......................   Passed    0.03 sec
 47/155 Test  #45: decomposition.cpp_junit ....................   Passed    0.03 sec
        Start  54: namespace2.cpp_junit
        Start  55: namespace3.cpp
 48/155 Test  #48: concurrency.cpp_junit ......................   Passed    0.02 sec
        Start  56: namespace3.cpp_xml
 49/155 Test  #49: namespace1.cpp .............................   Passed    0.01 sec
 50/155 Test  #50: namespace1.cpp_xml .........................   Passed    0.01 sec
        Start  57: namespace3.cpp_junit
        Start  58: namespace4.cpp
 51/155 Test  #51: namespace1.cpp_junit .......................   Passed    0.01 sec
        Start  59: namespace4.cpp_xml
 52/155 Test  #52: namespace2.cpp .............................   Passed    0.01 sec
        Start  60: namespace4.cpp_junit
 53/155 Test  #53: namespace2.cpp_xml .........................   Passed    0.02 sec
        Start  61: namespace5.cpp
 54/155 Test  #54: namespace2.cpp_junit .......................   Passed    0.01 sec
        Start  62: namespace5.cpp_xml
 55/155 Test  #56: namespace3.cpp_xml .........................   Passed    0.01 sec
        Start  63: namespace5.cpp_junit
 56/155 Test  #55: namespace3.cpp .............................   Passed    0.02 sec
        Start  64: namespace6.cpp
 57/155 Test  #57: namespace3.cpp_junit .......................   Passed    0.02 sec
        Start  65: namespace6.cpp_xml
 58/155 Test  #59: namespace4.cpp_xml .........................   Passed    0.01 sec
        Start  66: namespace6.cpp_junit
 59/155 Test  #58: namespace4.cpp .............................   Passed    0.02 sec
 60/155 Test  #60: namespace4.cpp_junit .......................   Passed    0.01 sec
        Start  67: namespace7.cpp
        Start  68: namespace7.cpp_xml
 61/155 Test  #61: namespace5.cpp .............................   Passed    0.01 sec
 62/155 Test  #62: namespace5.cpp_xml .........................   Passed    0.01 sec
        Start  69: namespace7.cpp_junit
        Start  70: namespace8.cpp
 63/155 Test  #64: namespace6.cpp .............................   Passed    0.01 sec
        Start  71: namespace8.cpp_xml
 64/155 Test  #63: namespace5.cpp_junit .......................   Passed    0.02 sec
 65/155 Test  #65: namespace6.cpp_xml .........................   Passed    0.01 sec
        Start  72: namespace8.cpp_junit
        Start  73: namespace9.cpp
 66/155 Test  #66: namespace6.cpp_junit .......................   Passed    0.02 sec
 67/155 Test  #67: namespace7.cpp .............................   Passed    0.02 sec
 68/155 Test  #68: namespace7.cpp_xml .........................   Passed    0.01 sec
        Start  74: namespace9.cpp_xml
        Start  75: namespace9.cpp_junit
        Start  76: coverage_maxout.cpp
 69/155 Test  #69: namespace7.cpp_junit .......................   Passed    0.02 sec
 70/155 Test  #70: namespace8.cpp .............................   Passed    0.02 sec
        Start  77: coverage_maxout.cpp_xml
        Start  78: coverage_maxout.cpp_junit
 71/155 Test  #71: namespace8.cpp_xml .........................   Passed    0.01 sec
        Start  79: version
 72/155 Test  #72: namespace8.cpp_junit .......................   Passed    0.02 sec
        Start  80: version_xml
 73/155 Test  #73: namespace9.cpp .............................   Passed    0.01 sec
        Start  81: version_junit
 74/155 Test  #74: namespace9.cpp_xml .........................   Passed    0.01 sec
        Start  82: help
 75/155 Test  #75: namespace9.cpp_junit .......................   Passed    0.01 sec
        Start  83: help_xml
 76/155 Test  #78: coverage_maxout.cpp_junit ..................   Passed    0.02 sec
        Start  84: help_junit
 77/155 Test  #76: coverage_maxout.cpp ........................   Passed    0.02 sec
        Start  85: outfile
 78/155 Test  #77: coverage_maxout.cpp_xml ....................   Passed    0.02 sec
        Start  86: outfile_xml
 79/155 Test  #79: version ....................................   Passed    0.02 sec
        Start  87: outfile_junit
 80/155 Test  #81: version_junit ..............................   Passed    0.02 sec
        Start  88: count
 81/155 Test  #80: version_xml ................................   Passed    0.03 sec
 82/155 Test  #82: help .......................................   Passed    0.02 sec
        Start  89: count_xml
        Start  90: count_junit
 83/155 Test  #85: outfile ....................................   Passed    0.01 sec
        Start  91: list_test_cases
 84/155 Test  #83: help_xml ...................................   Passed    0.03 sec
        Start  92: list_test_cases_xml
 85/155 Test  #84: help_junit .................................   Passed    0.02 sec
        Start  93: list_test_cases_junit
 86/155 Test  #88: count ......................................   Passed    0.02 sec
        Start  94: list_test_suites
 87/155 Test  #89: count_xml ..................................   Passed    0.02 sec
 88/155 Test  #90: count_junit ................................   Passed    0.02 sec
        Start  95: list_test_suites_xml
        Start  96: list_test_suites_junit
 89/155 Test  #92: list_test_cases_xml ........................   Passed    0.02 sec
        Start  97: list_reporters
 90/155 Test  #91: list_test_cases ............................   Passed    0.02 sec
        Start  98: list_reporters_xml
 91/155 Test  #86: outfile_xml ................................   Passed    0.04 sec
 92/155 Test  #93: list_test_cases_junit ......................   Passed    0.02 sec
        Start  99: list_reporters_junit
        Start 100: all_binary
 93/155 Test  #94: list_test_suites ...........................   Passed    0.02 sec
        Start 101: all_binary_xml
 94/155 Test  #95: list_test_suites_xml .......................   Passed    0.02 sec
        Start 102: all_binary_junit
 95/155 Test  #96: list_test_suites_junit .....................   Passed    0.02 sec
        Start 103: abort_after
 96/155 Test  #97: list_reporters .............................   Passed    0.02 sec
        Start 104: abort_after_xml
 97/155 Test  #98: list_reporters_xml .........................   Passed    0.02 sec
        Start 105: abort_after_junit
 98/155 Test  #99: list_reporters_junit .......................   Passed    0.02 sec
 99/155 Test #100: all_binary .................................   Passed    0.02 sec
        Start 106: first_last
        Start 107: first_last_xml
100/155 Test #101: all_binary_xml .............................   Passed    0.02 sec
        Start 108: first_last_junit
101/155 Test  #87: outfile_junit ..............................   Passed    0.07 sec
        Start 109: filter_1
102/155 Test #102: all_binary_junit ...........................   Passed    0.02 sec
        Start 110: filter_1_xml
103/155 Test #104: abort_after_xml ............................   Passed    0.02 sec
        Start 111: filter_1_junit
104/155 Test #103: abort_after ................................   Passed    0.03 sec
105/155 Test #106: first_last .................................   Passed    0.02 sec
        Start 112: filter_2
        Start 113: filter_2_xml
106/155 Test #105: abort_after_junit ..........................   Passed    0.02 sec
        Start 114: filter_2_junit
107/155 Test #107: first_last_xml .............................   Passed    0.02 sec
        Start 115: filter_3
108/155 Test #108: first_last_junit ...........................   Passed    0.02 sec
        Start 116: filter_3_xml
109/155 Test #109: filter_1 ...................................   Passed    0.02 sec
        Start 117: filter_3_junit
110/155 Test #110: filter_1_xml ...............................   Passed    0.02 sec
        Start 118: filter_4
111/155 Test #112: filter_2 ...................................   Passed    0.02 sec
        Start 119: filter_4_xml
112/155 Test #113: filter_2_xml ...............................   Passed    0.02 sec
        Start 120: filter_4_junit
113/155 Test #111: filter_1_junit .............................   Passed    0.02 sec
        Start 121: order_1
114/155 Test #115: filter_3 ...................................   Passed    0.02 sec
        Start 122: order_1_xml
115/155 Test #114: filter_2_junit .............................   Passed    0.03 sec
        Start 123: order_1_junit
116/155 Test #116: filter_3_xml ...............................   Passed    0.02 sec
        Start 124: order_2
117/155 Test #118: filter_4 ...................................   Passed    0.02 sec
        Start 125: order_2_xml
118/155 Test #117: filter_3_junit .............................   Passed    0.03 sec
119/155 Test #119: filter_4_xml ...............................   Passed    0.02 sec
120/155 Test #120: filter_4_junit .............................   Passed    0.02 sec
        Start 126: order_2_junit
        Start 127: order_3
        Start 128: order_3_xml
121/155 Test #121: order_1 ....................................   Passed    0.03 sec
        Start 129: order_3_junit
122/155 Test #122: order_1_xml ................................   Passed    0.02 sec
        Start 130: quiet
123/155 Test #123: order_1_junit ..............................   Passed    0.02 sec
        Start 131: quiet_xml
124/155 Test #124: order_2 ....................................   Passed    0.02 sec
        Start 132: quiet_junit
125/155 Test #125: order_2_xml ................................   Passed    0.02 sec
        Start 133: minimal
126/155 Test #126: order_2_junit ..............................   Passed    0.02 sec
127/155 Test #127: order_3 ....................................   Passed    0.02 sec
        Start 134: minimal_xml
        Start 135: minimal_junit
128/155 Test #130: quiet ......................................   Passed    0.02 sec
129/155 Test #131: quiet_xml ..................................   Passed    0.01 sec
        Start 136: minimal_no_fail
        Start 137: minimal_no_fail_xml
130/155 Test #128: order_3_xml ................................   Passed    0.03 sec
        Start 138: minimal_no_fail_junit
131/155 Test #129: order_3_junit ..............................   Passed    0.02 sec
        Start 139: disabled_but_evaluated
132/155 Test #132: quiet_junit ................................   Passed    0.01 sec
        Start 140: no_multithreading
133/155 Test #139: disabled_but_evaluated .....................   Passed    0.01 sec
        Start 141: no_multi_lane_atomics
134/155 Test #133: minimal ....................................   Passed    0.02 sec
135/155 Test #136: minimal_no_fail ............................   Passed    0.02 sec
        Start 142: disabled
        Start 143: std_headers
136/155 Test #135: minimal_junit ..............................   Passed    0.02 sec
        Start 144: exe_with_static_libs
137/155 Test #134: minimal_xml ................................   Passed    0.03 sec
138/155 Test #137: minimal_no_fail_xml ........................   Passed    0.02 sec
        Start 145: exe_with_static_libs_xml
        Start 146: exe_with_static_libs_junit
139/155 Test #138: minimal_no_fail_junit ......................   Passed    0.03 sec
        Start 147: executable_dll_and_plugin
140/155 Test #140: no_multithreading ..........................   Passed    0.03 sec
        Start 148: executable_dll_and_plugin_xml
141/155 Test #142: disabled ...................................   Passed    0.02 sec
        Start 149: executable_dll_and_plugin_junit
142/155 Test #144: exe_with_static_libs .......................   Passed    0.02 sec
        Start 150: same_tests_multiple_configurations
143/155 Test #141: no_multi_lane_atomics ......................   Passed    0.03 sec
        Start 151: same_tests_multiple_configurations_xml
144/155 Test #146: exe_with_static_libs_junit .................   Passed    0.02 sec
        Start 152: same_tests_multiple_configurations_junit
145/155 Test #145: exe_with_static_libs_xml ...................   Passed    0.03 sec
        Start 153: playground
146/155 Test #143: std_headers ................................   Passed    0.03 sec
        Start 154: playground_xml
147/155 Test #147: executable_dll_and_plugin ..................   Passed    0.02 sec
        Start 155: playground_junit
148/155 Test #150: same_tests_multiple_configurations .........   Passed    0.01 sec
149/155 Test #148: executable_dll_and_plugin_xml ..............   Passed    0.02 sec
150/155 Test #151: same_tests_multiple_configurations_xml .....   Passed    0.02 sec
151/155 Test #153: playground .................................   Passed    0.01 sec
152/155 Test #154: playground_xml .............................   Passed    0.01 sec
153/155 Test #152: same_tests_multiple_configurations_junit ...   Passed    0.02 sec
154/155 Test #149: executable_dll_and_plugin_junit ............   Passed    0.02 sec
155/155 Test #155: playground_junit ...........................   Passed    0.01 sec

100% tests passed, 0 tests failed out of 155

Total Test time (real) =   0.45 sec
>>> doctest: Entering fakeroot...
-- Install configuration: "None"
-- Installing: /home/packager/aports/main/doctest/pkg/doctest/usr/include/doctest/doctest.h
-- Installing: /home/packager/aports/main/doctest/pkg/doctest/usr/include/doctest/extensions
-- Installing: /home/packager/aports/main/doctest/pkg/doctest/usr/include/doctest/extensions/mpi_reporter.h
-- Installing: /home/packager/aports/main/doctest/pkg/doctest/usr/include/doctest/extensions/doctest_util.h
-- Installing: /home/packager/aports/main/doctest/pkg/doctest/usr/include/doctest/extensions/mpi_sub_comm.h
-- Installing: /home/packager/aports/main/doctest/pkg/doctest/usr/include/doctest/extensions/doctest_mpi.h
-- Installing: /home/packager/aports/main/doctest/pkg/doctest/usr/lib/cmake/doctest/doctestConfig.cmake
-- Installing: /home/packager/aports/main/doctest/pkg/doctest/usr/lib/cmake/doctest/doctestConfigVersion.cmake
-- Installing: /home/packager/aports/main/doctest/pkg/doctest/usr/lib/cmake/doctest/doctest.cmake
-- Installing: /home/packager/aports/main/doctest/pkg/doctest/usr/lib/cmake/doctest/doctestAddTests.cmake
-- Installing: /home/packager/aports/main/doctest/pkg/doctest/usr/lib/cmake/doctest/doctestTargets.cmake
>>> doctest-dev*: Running split function dev...
'usr/include' -> '/home/packager/aports/main/doctest/pkg/doctest-dev/usr/include'
'usr/lib/cmake' -> '/home/packager/aports/main/doctest/pkg/doctest-dev/usr/lib/cmake'
>>> doctest-dev*: Preparing subpackage doctest-dev...
>>> doctest-dev*: Running postcheck for doctest-dev
>>> doctest*: Running postcheck for doctest
>>> doctest*: Preparing package doctest...
>>> doctest-dev*: Tracing dependencies...
>>> doctest-dev*: Package size: 351.7 KB
>>> doctest-dev*: Compressing data...
>>> doctest-dev*: Create checksum...
pigz: not found
>>> doctest-dev*: Create doctest-dev-2.4.11-r0.apk
>>> doctest*: Tracing dependencies...
>>> doctest*: Package size: 0.0 
>>> doctest*: Compressing data...
>>> doctest*: Create checksum...
pigz: not found
>>> doctest*: Create doctest-2.4.11-r0.apk
>>> doctest: Build complete at Sun, 18 May 2025 08:56:16 +0000 elapsed time 0h 0m 30s
>>> doctest: Cleaning up srcdir
>>> doctest: Cleaning up pkgdir
>>> doctest: Uninstalling dependencies...
(1/9) Purging .makedepends-doctest (20250518.085547)
(2/9) Purging cmake (3.31.7-r0)
(3/9) Purging samurai (1.2-r6)
(4/9) Purging libarchive (3.7.9-r0)
(5/9) Purging libbz2 (1.0.8-r6)
(6/9) Purging libuv (1.49.2-r0)
(7/9) Purging lz4-libs (1.10.0-r0)
(8/9) Purging rhash-libs (1.4.5-r0)
(9/9) Purging xz-libs (5.6.3-r1)
Executing busybox-1.37.0-r12.trigger
OK: 261 MiB in 81 packages
>>> doctest: Updating the main/x86_64 repository index...
>>> doctest: Signing the index...
pigz: not found
