>>> perl-data-page-pageset: Validating /home/packager/oily-pine/main/perl-data-page-pageset/APKBUILD...
>>> perl-data-page-pageset: Cleaning up srcdir
>>> perl-data-page-pageset: Cleaning up pkgdir
>>> perl-data-page-pageset: Cleaning up tmpdir
>>> perl-data-page-pageset: Fetching https://cpan.metacpan.org/authors/id/C/CH/CHUNZI/Data-Page-Pageset-1.02.tar.gz
  % Total    % Received % Xferd  Average Speed   Time    Time     Time  Current
                                 Dload  Upload   Total   Spent    Left  Speed
  0     0    0     0    0     0      0      0 --:--:-- --:--:-- --:--:--     0100  4220  100  4220    0     0  17953      0 --:--:-- --:--:-- --:--:-- 18034
>>> perl-data-page-pageset: Fetching https://cpan.metacpan.org/authors/id/C/CH/CHUNZI/Data-Page-Pageset-1.02.tar.gz
>>> perl-data-page-pageset: Checking sha512sums...
Data-Page-Pageset-1.02.tar.gz: OK
>>> perl-data-page-pageset: Preparing build chroot...
fetch http://dl-cdn.alpinelinux.org/alpine/edge/main/x86_64/APKINDEX.tar.gz
(1/81) Installing musl (1.2.5-r10)
(2/81) Installing libcrypto3 (3.5.0-r0)
(3/81) Installing ca-certificates-bundle (20241121-r2)
(4/81) Installing libssl3 (3.5.0-r0)
(5/81) Installing zlib (1.3.1-r2)
(6/81) Installing libapk2 (2.14.9-r2)
(7/81) Installing apk-tools (2.14.9-r2)
(8/81) Installing libcap2 (2.76-r0)
(9/81) Installing libcap-getcap (2.76-r0)
(10/81) Installing fakeroot (1.37.1.1-r0)
(11/81) Installing scanelf (1.3.8-r1)
(12/81) Installing musl-utils (1.2.5-r10)
(13/81) Installing libgcc (14.3.0-r1)
(14/81) Installing libstdc++ (14.3.0-r1)
(15/81) Installing lzip (1.25-r0)
(16/81) Installing openssl (3.5.0-r0)
(17/81) Installing patch (2.8-r0)
(18/81) Installing pkgconf (2.4.3-r0)
(19/81) Installing acl-libs (2.3.2-r1)
(20/81) Installing tar (1.35-r3)
(21/81) Installing busybox (1.37.0-r18)
Executing busybox-1.37.0-r18.post-install
(22/81) Installing ssl_client (1.37.0-r18)
(23/81) Installing busybox-binsh (1.37.0-r18)
(24/81) Installing abuild (3.15.0-r0)
Executing abuild-3.15.0-r0.pre-install
(25/81) Installing abuild-sudo (3.15.0-r0)
(26/81) Installing alpine-baselayout-data (3.7.0-r0)
(27/81) Installing alpine-baselayout (3.7.0-r0)
Executing alpine-baselayout-3.7.0-r0.pre-install
Executing alpine-baselayout-3.7.0-r0.post-install
(28/81) Installing bridge (1.5-r5)
(29/81) Installing ifupdown-ng (0.12.1-r7)
(30/81) Installing openrc-user (0.62.2-r2)
(31/81) Installing openrc (0.62.2-r2)
Executing openrc-0.62.2-r2.post-install
(32/81) Installing mdev-conf (4.8-r0)
(33/81) Installing busybox-mdev-openrc (1.37.0-r18)
(34/81) Installing alpine-conf (3.20.0-r0)
(35/81) Installing alpine-keys (2.5-r0)
(36/81) Installing alpine-release (3.22.0-r0)
(37/81) Installing busybox-openrc (1.37.0-r18)
(38/81) Installing busybox-suid (1.37.0-r18)
(39/81) Installing alpine-base (3.22.0-r0)
(40/81) Installing jansson (2.14.1-r0)
(41/81) Installing zstd-libs (1.5.7-r0)
(42/81) Installing binutils (2.44-r0)
(43/81) Installing libmagic (5.46-r2)
(44/81) Installing file (5.46-r2)
(45/81) Installing libgomp (14.3.0-r1)
(46/81) Installing libatomic (14.3.0-r1)
(47/81) Installing gmp (6.3.0-r3)
(48/81) Installing isl26 (0.26-r1)
(49/81) Installing mpfr4 (4.2.1_p1-r0)
(50/81) Installing mpc1 (1.3.1-r1)
(51/81) Installing gcc (14.3.0-r1)
(52/81) Installing libstdc++-dev (14.3.0-r1)
(53/81) Installing musl-dev (1.2.5-r10)
(54/81) Installing g++ (14.3.0-r1)
(55/81) Installing make (4.4.1-r3)
(56/81) Installing fortify-headers (1.1-r5)
(57/81) Installing build-base (0.5-r3)
(58/81) Installing brotli-libs (1.1.0-r2)
(59/81) Installing c-ares (1.34.5-r0)
(60/81) Installing libunistring (1.3-r0)
(61/81) Installing libidn2 (2.3.7-r0)
(62/81) Installing nghttp2-libs (1.65.0-r0)
(63/81) Installing libpsl (0.21.5-r3)
(64/81) Installing libcurl (8.14.0-r2)
(65/81) Installing libexpat (2.7.1-r0)
(66/81) Installing pcre2 (10.43-r1)
(67/81) Installing git (2.49.0-r0)
(68/81) Installing git-init-template (2.49.0-r0)
(69/81) Installing libbz2 (1.0.8-r6)
(70/81) Installing perl (5.40.2-r0)
(71/81) Installing perl-error (0.17030-r0)
(72/81) Installing perl-git (2.49.0-r0)
(73/81) Installing git-perl (2.49.0-r0)
(74/81) Installing perl-class-accessor (0.51-r4)
(75/81) Installing perl-class-accessor-chained (0.01-r4)
(76/81) Installing perl-data-page (2.03-r4)
(77/81) Installing perl-utils (5.40.2-r0)
(78/81) Installing perl-dev (5.40.2-r0)
(79/81) Installing perl-module-build (0.4234-r1)
(80/81) Installing perl-sub-uplevel (0.2800-r6)
(81/81) Installing perl-test-exception (0.43-r4)
Executing busybox-1.37.0-r18.trigger
OK: 306 MiB in 81 packages
>>> perl-data-page-pageset: Fetching https://cpan.metacpan.org/authors/id/C/CH/CHUNZI/Data-Page-Pageset-1.02.tar.gz
>>> perl-data-page-pageset: Checking sha512sums...
Data-Page-Pageset-1.02.tar.gz: OK
>>> perl-data-page-pageset: Unpacking /var/cache/distfiles/Data-Page-Pageset-1.02.tar.gz...
Created MYMETA.yml and MYMETA.json
Creating new 'Build' script for 'Data-Page-Pageset' version '1.02'
Building Data-Page-Pageset
# Testing Data::Page::Pageset 1.02
t/00.load.t ....... ok
Subroutine Test2::API::Instance::ipc redefined at /usr/share/perl5/core_perl/Test2/API/Instance.pm line 64.
Subroutine Test2::API::Instance::formatter redefined at /usr/share/perl5/core_perl/Test2/API/Instance.pm line 64.
Subroutine set_todo redefined at /usr/share/perl5/core_perl/Test2/Event/Ok.pm line 23.
Subroutine set_subevents redefined at /usr/share/perl5/core_perl/Test2/Event/Subtest.pm line 22.
Built-in function 'builtin::is_bool' is experimental at /usr/lib/perl5/core_perl/Data/Dumper.pm line 558.
------------------------------
total_entries: 1024 
entries_per_page: 25 
current_page: 13 
pages_per_set: 6 
max_pagesets: 3 
Output: 1 2 3 4 5 6 7 8 9 10 11 12 13 14 15-28 29-41 
------------------------------
total_entries: 1024 
entries_per_page: 25 
current_page: 13 
pages_per_set: 6 
max_pagesets: [undef] 
Output: 1-6 7-12 13 14 15 16 17 18 19-24 25-30 31-36 37-41 
------------------------------
Argument "ok" isn't numeric in addition (+) at /usr/share/perl5/core_perl/Test/Builder.pm line 689.
t/01.main.t ....... ok
t/pod-coverage.t .. skipped: Test::Pod::Coverage 1.04 required for testing POD coverage
t/pod.t ........... skipped: Test::Pod 1.14 required for testing POD
All tests successful.
Files=4, Tests=2,  0 wallclock secs ( 0.01 usr  0.00 sys +  0.14 cusr  0.01 csys =  0.16 CPU)
Result: PASS
>>> perl-data-page-pageset: Entering fakeroot...
Building Data-Page-Pageset
Installing /tmp/pkg/perl-data-page-pageset/usr/share/perl5/vendor_perl/Data/Page/Pageset.pm
Installing /tmp/pkg/perl-data-page-pageset/usr/share/perl5/vendor_perl/Data/Page/Pageset/Chunk.pm
Installing /tmp/pkg/perl-data-page-pageset/usr/share/man/man3/Data::Page::Pageset.3pm
>>> perl-data-page-pageset-doc*: Running split function doc...
'usr/share/man' -> '/tmp/pkg/perl-data-page-pageset-doc/usr/share/man'
>>> perl-data-page-pageset-doc*: Preparing subpackage perl-data-page-pageset-doc...
>>> perl-data-page-pageset-doc*: Running postcheck for perl-data-page-pageset-doc
>>> perl-data-page-pageset*: Running postcheck for perl-data-page-pageset
>>> perl-data-page-pageset*: Preparing package perl-data-page-pageset...
>>> perl-data-page-pageset-doc*: Tracing dependencies...
>>> perl-data-page-pageset-doc*: Package size: 2.4 KB
>>> perl-data-page-pageset-doc*: Compressing data...
>>> perl-data-page-pageset-doc*: Create checksum...
>>> perl-data-page-pageset-doc*: Create perl-data-page-pageset-doc-1.02-r5.apk
>>> perl-data-page-pageset*: Tracing dependencies...
	perl
	perl-data-page
	perl-class-accessor
>>> perl-data-page-pageset*: Package size: 7.9 KB
>>> perl-data-page-pageset*: Compressing data...
>>> perl-data-page-pageset*: Create checksum...
>>> perl-data-page-pageset*: Create perl-data-page-pageset-1.02-r5.apk
>>> perl-data-page-pageset: Updating the main/x86_64 repository index...
>>> perl-data-page-pageset: Signing the index...
>>> perl-data-page-pageset: Cleaning up srcdir
>>> perl-data-page-pageset: Cleaning up build chroot
>>> perl-data-page-pageset: Cleaning up pkgdir
