pigz: not found
>>> perl-role-basic: Building main/perl-role-basic 0.13-r4 (using abuild 3.14.1-r4) started Sun, 18 May 2025 09:23:57 +0000
>>> perl-role-basic: Validating /home/packager/aports/main/perl-role-basic/APKBUILD...
>>> perl-role-basic: Analyzing dependencies...
>>> perl-role-basic: Installing for build: build-base perl perl-dev perl-module-build
(1/9) Installing libbz2 (1.0.8-r6)
(2/9) Installing perl (5.40.2-r0)
(3/9) Installing perl-utils (5.40.2-r0)
(4/9) Installing perl-dev (5.40.2-r0)
(5/9) Installing perl-module-build (0.4234-r1)
(6/9) Installing .makedepends-perl-role-basic (20250518.092400)
(7/9) Installing perl-error (0.17030-r0)
(8/9) Installing perl-git (2.47.2-r0)
(9/9) Installing git-perl (2.47.2-r0)
Executing busybox-1.37.0-r12.trigger
OK: 307 MiB in 90 packages
>>> perl-role-basic: Cleaning up srcdir
>>> perl-role-basic: Cleaning up pkgdir
>>> perl-role-basic: Cleaning up tmpdir
>>> perl-role-basic: Fetching https://cpan.metacpan.org/authors/id/O/OV/OVID/Role-Basic-0.13.tar.gz
Connecting to cpan.metacpan.org (146.75.122.217:443)
saving to '/var/cache/distfiles/Role-Basic-0.13.tar.gz.part'
Role-Basic-0.13.tar. 100% |********************************| 39625  0:00:00 ETA
'/var/cache/distfiles/Role-Basic-0.13.tar.gz.part' saved
>>> perl-role-basic: Fetching https://cpan.metacpan.org/authors/id/O/OV/OVID/Role-Basic-0.13.tar.gz
>>> perl-role-basic: Checking sha512sums...
Role-Basic-0.13.tar.gz: OK
>>> perl-role-basic: Unpacking /var/cache/distfiles/Role-Basic-0.13.tar.gz...
Created MYMETA.yml and MYMETA.json
Creating new 'Build' script for 'Role-Basic' version '0.13'
Building Role-Basic
# Testing Role::Basic 0.13, Perl 5.040002, /usr/bin/perl
t/00-load.t .................................... ok
t/basic.t ...................................... ok
t/bugs.t ....................................... ok
t/composition.t ................................ ok
t/exceptions.t ................................. ok
t/internals.t .................................. ok
t/moose/003_apply_role.t ....................... ok
t/moose/004_role_composition_errors.t .......... ok
t/moose/005_role_conflict_detection.t .......... ok
t/moose/011_overriding.t ....................... ok
t/moose/012_method_exclusion_in_composition.t .. ok
t/moose/013_method_aliasing_in_composition.t ... ok
t/moose/014_more_alias_and_exclude.t ........... ok
t/moose/032_roles_and_method_cloning.t ......... ok
t/moose/033_role_exclusion_and_alias_bug.t ..... ok
t/moose/043_conflict_many_methods.t ............ ok
All tests successful.
Files=16, Tests=304,  1 wallclock secs ( 0.07 usr  0.03 sys +  1.22 cusr  0.22 csys =  1.54 CPU)
Result: PASS
>>> perl-role-basic: Entering fakeroot...
Building Role-Basic
Installing /home/packager/aports/main/perl-role-basic/pkg/perl-role-basic/usr/share/perl5/vendor_perl/Role/Basic.pm
Installing /home/packager/aports/main/perl-role-basic/pkg/perl-role-basic/usr/share/perl5/vendor_perl/Role/Basic/Philosophy.pod
Installing /home/packager/aports/main/perl-role-basic/pkg/perl-role-basic/usr/share/man/man3/Role::Basic::Philosophy.3pm
Installing /home/packager/aports/main/perl-role-basic/pkg/perl-role-basic/usr/share/man/man3/Role::Basic.3pm
>>> perl-role-basic-doc*: Running split function doc...
'usr/share/man' -> '/home/packager/aports/main/perl-role-basic/pkg/perl-role-basic-doc/usr/share/man'
>>> perl-role-basic-doc*: Preparing subpackage perl-role-basic-doc...
>>> perl-role-basic-doc*: Running postcheck for perl-role-basic-doc
>>> perl-role-basic*: Running postcheck for perl-role-basic
>>> perl-role-basic*: Preparing package perl-role-basic...
>>> perl-role-basic-doc*: Tracing dependencies...
>>> perl-role-basic-doc*: Package size: 10.0 KB
>>> perl-role-basic-doc*: Compressing data...
>>> perl-role-basic-doc*: Create checksum...
pigz: not found
>>> perl-role-basic-doc*: Create perl-role-basic-doc-0.13-r4.apk
>>> perl-role-basic*: Tracing dependencies...
	perl
>>> perl-role-basic*: Package size: 33.5 KB
>>> perl-role-basic*: Compressing data...
>>> perl-role-basic*: Create checksum...
pigz: not found
>>> perl-role-basic*: Create perl-role-basic-0.13-r4.apk
>>> perl-role-basic: Build complete at Sun, 18 May 2025 09:24:04 +0000 elapsed time 0h 0m 7s
>>> perl-role-basic: Cleaning up srcdir
>>> perl-role-basic: Cleaning up pkgdir
>>> perl-role-basic: Uninstalling dependencies...
(1/9) Purging .makedepends-perl-role-basic (20250518.092400)
(2/9) Purging perl-dev (5.40.2-r0)
(3/9) Purging perl-utils (5.40.2-r0)
(4/9) Purging perl-module-build (0.4234-r1)
(5/9) Purging git-perl (2.47.2-r0)
(6/9) Purging perl-git (2.47.2-r0)
(7/9) Purging perl-error (0.17030-r0)
(8/9) Purging perl (5.40.2-r0)
(9/9) Purging libbz2 (1.0.8-r6)
Executing busybox-1.37.0-r12.trigger
OK: 261 MiB in 81 packages
>>> perl-role-basic: Updating the main/x86_64 repository index...
>>> perl-role-basic: Signing the index...
pigz: not found
