pigz: not found
>>> perl-syntax-keyword-try: Building main/perl-syntax-keyword-try 0.30-r0 (using abuild 3.14.1-r4) started Sun, 18 May 2025 09:33:29 +0000
>>> perl-syntax-keyword-try: Validating /home/packager/aports/main/perl-syntax-keyword-try/APKBUILD...
>>> perl-syntax-keyword-try: Analyzing dependencies...
>>> perl-syntax-keyword-try: Installing for build: build-base perl perl-xs-parse-keyword perl-dev perl-module-build
(1/12) Installing libbz2 (1.0.8-r6)
(2/12) Installing perl (5.40.2-r0)
(3/12) Installing perl-class-inspector (1.36-r3)
(4/12) Installing perl-file-sharedir (1.118-r1)
(5/12) Installing perl-xs-parse-keyword (0.48-r0)
(6/12) Installing perl-utils (5.40.2-r0)
(7/12) Installing perl-dev (5.40.2-r0)
(8/12) Installing perl-module-build (0.4234-r1)
(9/12) Installing .makedepends-perl-syntax-keyword-try (20250518.093330)
(10/12) Installing perl-error (0.17030-r0)
(11/12) Installing perl-git (2.47.2-r0)
(12/12) Installing git-perl (2.47.2-r0)
Executing busybox-1.37.0-r12.trigger
OK: 307 MiB in 93 packages
>>> perl-syntax-keyword-try: Cleaning up srcdir
>>> perl-syntax-keyword-try: Cleaning up pkgdir
>>> perl-syntax-keyword-try: Cleaning up tmpdir
>>> perl-syntax-keyword-try: Fetching https://cpan.metacpan.org/authors/id/P/PE/PEVANS/Syntax-Keyword-Try-0.30.tar.gz
Connecting to cpan.metacpan.org (146.75.122.217:443)
saving to '/var/cache/distfiles/Syntax-Keyword-Try-0.30.tar.gz.part'
Syntax-Keyword-Try-0 100% |********************************| 45489  0:00:00 ETA
'/var/cache/distfiles/Syntax-Keyword-Try-0.30.tar.gz.part' saved
>>> perl-syntax-keyword-try: Fetching https://cpan.metacpan.org/authors/id/P/PE/PEVANS/Syntax-Keyword-Try-0.30.tar.gz
>>> perl-syntax-keyword-try: Checking sha512sums...
Syntax-Keyword-Try-0.30.tar.gz: OK
>>> perl-syntax-keyword-try: Unpacking /var/cache/distfiles/Syntax-Keyword-Try-0.30.tar.gz...
Created MYMETA.yml and MYMETA.json
Creating new 'Build' script for 'Syntax-Keyword-Try' version '0.30'
Building Syntax-Keyword-Try
gcc -I/usr/lib/perl5/core_perl/CORE '-DVERSION="0.30"' '-DXS_VERSION="0.30"' -fPIC -Ihax -I/usr/lib/perl5/vendor_perl/auto/share/module/XS-Parse-Keyword/include -c -D_REENTRANT -D_GNU_SOURCE -D_GNU_SOURCE -fwrapv -fno-strict-aliasing -pipe -fstack-protector-strong -D_LARGEFILE_SOURCE '-D_FILE_OFFSET_BITS=64' -D_REENTRANT -D_GNU_SOURCE -D_GNU_SOURCE -fwrapv -fno-strict-aliasing -pipe -fstack-protector-strong -D_LARGEFILE_SOURCE '-D_FILE_OFFSET_BITS=64' -Os -fstack-clash-protection -Wformat '-Werror=format-security' -fno-plt -O2 -o lib/Syntax/Keyword/Try.o lib/Syntax/Keyword/Try.c
ExtUtils::Mkbootstrap::Mkbootstrap('blib/arch/auto/Syntax/Keyword/Try/Try.bs')
cc -shared -Os -fstack-clash-protection -Wformat '-Werror=format-security' -fno-plt -O2 -L/usr/local/lib -fstack-protector-strong -o blib/arch/auto/Syntax/Keyword/Try/Try.so lib/Syntax/Keyword/Try.o
t/00use.t .............. ok
t/01trycatch.t ......... ok
t/02tryfinally.t ....... ok
t/03trycatchfinally.t .. ok
t/04catch-types.t ...... ok
t/10snail.t ............ ok
t/11loop.t ............. ok
t/12return.t ........... ok
t/13die-in-finally.t ... ok
t/14try-localises.t .... ok
t/15context.t .......... ok
t/16final-expr.t ....... ok
t/30compat.t ........... ok
t/70deparse.t .......... ok
t/80await+SKT.t ........ skipped: Future is not available
t/80defer+SKT.t ........ skipped: Syntax::Keyword::Defer >= 0.02 is not available
t/90rt123547.t ......... ok
t/90rt125971.t ......... ok
t/99pod.t .............. skipped: Test::Pod 1.00 required for testing POD
All tests successful.
Files=19, Tests=68,  3 wallclock secs ( 0.06 usr  0.03 sys +  1.96 cusr  0.36 csys =  2.41 CPU)
Result: PASS
>>> perl-syntax-keyword-try: Entering fakeroot...
Building Syntax-Keyword-Try
Files found in blib/arch: installing files in blib/lib into architecture dependent library tree
Installing /home/packager/aports/main/perl-syntax-keyword-try/pkg/perl-syntax-keyword-try/usr/lib/perl5/vendor_perl/auto/Syntax/Keyword/Try/Try.bs
Installing /home/packager/aports/main/perl-syntax-keyword-try/pkg/perl-syntax-keyword-try/usr/lib/perl5/vendor_perl/auto/Syntax/Keyword/Try/Try.so
Installing /home/packager/aports/main/perl-syntax-keyword-try/pkg/perl-syntax-keyword-try/usr/lib/perl5/vendor_perl/Syntax/Keyword/Try.pm
Installing /home/packager/aports/main/perl-syntax-keyword-try/pkg/perl-syntax-keyword-try/usr/lib/perl5/vendor_perl/Syntax/Keyword/Try/Deparse.pm
Installing /home/packager/aports/main/perl-syntax-keyword-try/pkg/perl-syntax-keyword-try/usr/share/man/man3/Syntax::Keyword::Try.3pm
Installing /home/packager/aports/main/perl-syntax-keyword-try/pkg/perl-syntax-keyword-try/usr/share/man/man3/Syntax::Keyword::Try::Deparse.3pm
>>> perl-syntax-keyword-try-doc*: Running split function doc...
'usr/share/man' -> '/home/packager/aports/main/perl-syntax-keyword-try/pkg/perl-syntax-keyword-try-doc/usr/share/man'
>>> perl-syntax-keyword-try-doc*: Preparing subpackage perl-syntax-keyword-try-doc...
>>> perl-syntax-keyword-try-doc*: Running postcheck for perl-syntax-keyword-try-doc
>>> perl-syntax-keyword-try*: Running postcheck for perl-syntax-keyword-try
>>> perl-syntax-keyword-try*: Preparing package perl-syntax-keyword-try...
>>> perl-syntax-keyword-try*: Stripping binaries
>>> perl-syntax-keyword-try-doc*: Scanning shared objects
>>> perl-syntax-keyword-try*: Scanning shared objects
>>> perl-syntax-keyword-try-doc*: Tracing dependencies...
>>> perl-syntax-keyword-try-doc*: Package size: 7.3 KB
>>> perl-syntax-keyword-try-doc*: Compressing data...
>>> perl-syntax-keyword-try-doc*: Create checksum...
pigz: not found
>>> perl-syntax-keyword-try-doc*: Create perl-syntax-keyword-try-doc-0.30-r0.apk
>>> perl-syntax-keyword-try*: Tracing dependencies...
	perl
	perl-xs-parse-keyword
	so:libc.musl-x86_64.so.1
>>> perl-syntax-keyword-try*: Package size: 40.1 KB
>>> perl-syntax-keyword-try*: Compressing data...
>>> perl-syntax-keyword-try*: Create checksum...
pigz: not found
>>> perl-syntax-keyword-try*: Create perl-syntax-keyword-try-0.30-r0.apk
>>> perl-syntax-keyword-try: Build complete at Sun, 18 May 2025 09:33:36 +0000 elapsed time 0h 0m 7s
>>> perl-syntax-keyword-try: Cleaning up srcdir
>>> perl-syntax-keyword-try: Cleaning up pkgdir
>>> perl-syntax-keyword-try: Uninstalling dependencies...
(1/12) Purging .makedepends-perl-syntax-keyword-try (20250518.093330)
(2/12) Purging perl-xs-parse-keyword (0.48-r0)
(3/12) Purging perl-file-sharedir (1.118-r1)
(4/12) Purging perl-class-inspector (1.36-r3)
(5/12) Purging perl-dev (5.40.2-r0)
(6/12) Purging perl-utils (5.40.2-r0)
(7/12) Purging perl-module-build (0.4234-r1)
(8/12) Purging git-perl (2.47.2-r0)
(9/12) Purging perl-git (2.47.2-r0)
(10/12) Purging perl-error (0.17030-r0)
(11/12) Purging perl (5.40.2-r0)
(12/12) Purging libbz2 (1.0.8-r6)
Executing busybox-1.37.0-r12.trigger
OK: 261 MiB in 81 packages
>>> perl-syntax-keyword-try: Updating the main/x86_64 repository index...
>>> perl-syntax-keyword-try: Signing the index...
pigz: not found
