pigz: not found
>>> perl-test-identity: Building main/perl-test-identity 0.01-r5 (using abuild 3.14.1-r4) started Sun, 18 May 2025 09:16:50 +0000
>>> perl-test-identity: Validating /home/packager/aports/main/perl-test-identity/APKBUILD...
>>> perl-test-identity: Analyzing dependencies...
>>> perl-test-identity: Installing for build: build-base perl perl-dev perl-module-build
(1/9) Installing libbz2 (1.0.8-r6)
(2/9) Installing perl (5.40.2-r0)
(3/9) Installing perl-utils (5.40.2-r0)
(4/9) Installing perl-dev (5.40.2-r0)
(5/9) Installing perl-module-build (0.4234-r1)
(6/9) Installing .makedepends-perl-test-identity (20250518.091653)
(7/9) Installing perl-error (0.17030-r0)
(8/9) Installing perl-git (2.47.2-r0)
(9/9) Installing git-perl (2.47.2-r0)
Executing busybox-1.37.0-r12.trigger
OK: 307 MiB in 90 packages
>>> perl-test-identity: Cleaning up srcdir
>>> perl-test-identity: Cleaning up pkgdir
>>> perl-test-identity: Cleaning up tmpdir
>>> perl-test-identity: Fetching https://cpan.metacpan.org/authors/id/P/PE/PEVANS/Test-Identity-0.01.tar.gz
Connecting to cpan.metacpan.org (146.75.122.217:443)
saving to '/var/cache/distfiles/Test-Identity-0.01.tar.gz.part'
Test-Identity-0.01.t 100% |********************************| 10889  0:00:00 ETA
'/var/cache/distfiles/Test-Identity-0.01.tar.gz.part' saved
>>> perl-test-identity: Fetching https://cpan.metacpan.org/authors/id/P/PE/PEVANS/Test-Identity-0.01.tar.gz
>>> perl-test-identity: Checking sha512sums...
Test-Identity-0.01.tar.gz: OK
>>> perl-test-identity: Unpacking /var/cache/distfiles/Test-Identity-0.01.tar.gz...
Created MYMETA.yml and MYMETA.json
Creating new 'Build' script for 'Test-Identity' version '0.01'
Building Test-Identity
t/00use.t ........ ok
t/01identical.t .. ok
t/99pod.t ........ skipped: Test::Pod 1.00 required for testing POD
All tests successful.
Files=3, Tests=9,  0 wallclock secs ( 0.03 usr  0.01 sys +  0.19 cusr  0.04 csys =  0.27 CPU)
Result: PASS
>>> perl-test-identity: Entering fakeroot...
Building Test-Identity
Installing /home/packager/aports/main/perl-test-identity/pkg/perl-test-identity/usr/share/perl5/vendor_perl/Test/Identity.pm
Installing /home/packager/aports/main/perl-test-identity/pkg/perl-test-identity/usr/share/man/man3/Test::Identity.3pm
>>> perl-test-identity-doc*: Running split function doc...
'usr/share/man' -> '/home/packager/aports/main/perl-test-identity/pkg/perl-test-identity-doc/usr/share/man'
>>> perl-test-identity-doc*: Preparing subpackage perl-test-identity-doc...
>>> perl-test-identity-doc*: Running postcheck for perl-test-identity-doc
>>> perl-test-identity*: Running postcheck for perl-test-identity
>>> perl-test-identity*: Preparing package perl-test-identity...
>>> perl-test-identity-doc*: Tracing dependencies...
>>> perl-test-identity-doc*: Package size: 1.5 KB
>>> perl-test-identity-doc*: Compressing data...
>>> perl-test-identity-doc*: Create checksum...
pigz: not found
>>> perl-test-identity-doc*: Create perl-test-identity-doc-0.01-r5.apk
>>> perl-test-identity*: Tracing dependencies...
	perl
>>> perl-test-identity*: Package size: 2.9 KB
>>> perl-test-identity*: Compressing data...
>>> perl-test-identity*: Create checksum...
pigz: not found
>>> perl-test-identity*: Create perl-test-identity-0.01-r5.apk
>>> perl-test-identity: Build complete at Sun, 18 May 2025 09:16:56 +0000 elapsed time 0h 0m 6s
>>> perl-test-identity: Cleaning up srcdir
>>> perl-test-identity: Cleaning up pkgdir
>>> perl-test-identity: Uninstalling dependencies...
(1/9) Purging .makedepends-perl-test-identity (20250518.091653)
(2/9) Purging perl-dev (5.40.2-r0)
(3/9) Purging perl-utils (5.40.2-r0)
(4/9) Purging perl-module-build (0.4234-r1)
(5/9) Purging git-perl (2.47.2-r0)
(6/9) Purging perl-git (2.47.2-r0)
(7/9) Purging perl-error (0.17030-r0)
(8/9) Purging perl (5.40.2-r0)
(9/9) Purging libbz2 (1.0.8-r6)
Executing busybox-1.37.0-r12.trigger
OK: 261 MiB in 81 packages
>>> perl-test-identity: Updating the main/x86_64 repository index...
>>> perl-test-identity: Signing the index...
pigz: not found
