>>> perl-test2-plugin-nowarnings: Validating /home/packager/oily-pine/main/perl-test2-plugin-nowarnings/APKBUILD...
>>> perl-test2-plugin-nowarnings: Cleaning up srcdir
>>> perl-test2-plugin-nowarnings: Cleaning up pkgdir
>>> perl-test2-plugin-nowarnings: Cleaning up tmpdir
>>> perl-test2-plugin-nowarnings: Fetching https://cpan.metacpan.org/authors/id/D/DR/DROLSKY/Test2-Plugin-NoWarnings-0.10.tar.gz
  % Total    % Received % Xferd  Average Speed   Time    Time     Time  Current
                                 Dload  Upload   Total   Spent    Left  Speed
  0     0    0     0    0     0      0      0 --:--:-- --:--:-- --:--:--     0100 27614  100 27614    0     0   109k      0 --:--:-- --:--:-- --:--:--  110k
>>> perl-test2-plugin-nowarnings: Fetching https://cpan.metacpan.org/authors/id/D/DR/DROLSKY/Test2-Plugin-NoWarnings-0.10.tar.gz
>>> perl-test2-plugin-nowarnings: Checking sha512sums...
Test2-Plugin-NoWarnings-0.10.tar.gz: OK
>>> perl-test2-plugin-nowarnings: Preparing build chroot...
fetch http://dl-cdn.alpinelinux.org/alpine/edge/main/x86_64/APKINDEX.tar.gz
(1/76) Installing musl (1.2.5-r10)
(2/76) Installing libcrypto3 (3.5.0-r0)
(3/76) Installing ca-certificates-bundle (20241121-r2)
(4/76) Installing libssl3 (3.5.0-r0)
(5/76) Installing zlib (1.3.1-r2)
(6/76) Installing libapk2 (2.14.9-r2)
(7/76) Installing apk-tools (2.14.9-r2)
(8/76) Installing libcap2 (2.76-r0)
(9/76) Installing libcap-getcap (2.76-r0)
(10/76) Installing fakeroot (1.37.1.1-r0)
(11/76) Installing scanelf (1.3.8-r1)
(12/76) Installing musl-utils (1.2.5-r10)
(13/76) Installing libgcc (14.3.0-r1)
(14/76) Installing libstdc++ (14.3.0-r1)
(15/76) Installing lzip (1.25-r0)
(16/76) Installing openssl (3.5.0-r0)
(17/76) Installing patch (2.8-r0)
(18/76) Installing pkgconf (2.4.3-r0)
(19/76) Installing acl-libs (2.3.2-r1)
(20/76) Installing tar (1.35-r3)
(21/76) Installing busybox (1.37.0-r18)
Executing busybox-1.37.0-r18.post-install
(22/76) Installing ssl_client (1.37.0-r18)
(23/76) Installing busybox-binsh (1.37.0-r18)
(24/76) Installing abuild (3.15.0-r0)
Executing abuild-3.15.0-r0.pre-install
(25/76) Installing abuild-sudo (3.15.0-r0)
(26/76) Installing alpine-baselayout-data (3.7.0-r0)
(27/76) Installing alpine-baselayout (3.7.0-r0)
Executing alpine-baselayout-3.7.0-r0.pre-install
Executing alpine-baselayout-3.7.0-r0.post-install
(28/76) Installing bridge (1.5-r5)
(29/76) Installing ifupdown-ng (0.12.1-r7)
(30/76) Installing openrc-user (0.62.2-r2)
(31/76) Installing openrc (0.62.2-r2)
Executing openrc-0.62.2-r2.post-install
(32/76) Installing mdev-conf (4.8-r0)
(33/76) Installing busybox-mdev-openrc (1.37.0-r18)
(34/76) Installing alpine-conf (3.20.0-r0)
(35/76) Installing alpine-keys (2.5-r0)
(36/76) Installing alpine-release (3.22.0-r0)
(37/76) Installing busybox-openrc (1.37.0-r18)
(38/76) Installing busybox-suid (1.37.0-r18)
(39/76) Installing alpine-base (3.22.0-r0)
(40/76) Installing jansson (2.14.1-r0)
(41/76) Installing zstd-libs (1.5.7-r0)
(42/76) Installing binutils (2.44-r0)
(43/76) Installing libmagic (5.46-r2)
(44/76) Installing file (5.46-r2)
(45/76) Installing libgomp (14.3.0-r1)
(46/76) Installing libatomic (14.3.0-r1)
(47/76) Installing gmp (6.3.0-r3)
(48/76) Installing isl26 (0.26-r1)
(49/76) Installing mpfr4 (4.2.1_p1-r0)
(50/76) Installing mpc1 (1.3.1-r1)
(51/76) Installing gcc (14.3.0-r1)
(52/76) Installing libstdc++-dev (14.3.0-r1)
(53/76) Installing musl-dev (1.2.5-r10)
(54/76) Installing g++ (14.3.0-r1)
(55/76) Installing make (4.4.1-r3)
(56/76) Installing fortify-headers (1.1-r5)
(57/76) Installing build-base (0.5-r3)
(58/76) Installing brotli-libs (1.1.0-r2)
(59/76) Installing c-ares (1.34.5-r0)
(60/76) Installing libunistring (1.3-r0)
(61/76) Installing libidn2 (2.3.7-r0)
(62/76) Installing nghttp2-libs (1.65.0-r0)
(63/76) Installing libpsl (0.21.5-r3)
(64/76) Installing libcurl (8.14.0-r2)
(65/76) Installing libexpat (2.7.1-r0)
(66/76) Installing pcre2 (10.43-r1)
(67/76) Installing git (2.49.0-r0)
(68/76) Installing git-init-template (2.49.0-r0)
(69/76) Installing libbz2 (1.0.8-r6)
(70/76) Installing perl (5.40.2-r0)
(71/76) Installing perl-error (0.17030-r0)
(72/76) Installing perl-git (2.49.0-r0)
(73/76) Installing git-perl (2.49.0-r0)
(74/76) Installing perl-ipc-run3 (0.049-r1)
(75/76) Installing perl-module-pluggable (6.3-r0)
(76/76) Installing perl-test-simple (1.302209-r0)
Executing busybox-1.37.0-r18.trigger
OK: 297 MiB in 76 packages
>>> perl-test2-plugin-nowarnings: Fetching https://cpan.metacpan.org/authors/id/D/DR/DROLSKY/Test2-Plugin-NoWarnings-0.10.tar.gz
>>> perl-test2-plugin-nowarnings: Checking sha512sums...
Test2-Plugin-NoWarnings-0.10.tar.gz: OK
>>> perl-test2-plugin-nowarnings: Unpacking /var/cache/distfiles/Test2-Plugin-NoWarnings-0.10.tar.gz...
Checking if your kit is complete...
Looks good
Generating a Unix-style Makefile
Writing Makefile for Test2::Plugin::NoWarnings
Writing MYMETA.yml and MYMETA.json
cp lib/Test2/Plugin/NoWarnings.pm blib/lib/Test2/Plugin/NoWarnings.pm
cp lib/Test2/Event/Warning.pm blib/lib/Test2/Event/Warning.pm
Manifying 2 pod documents
PERL_DL_NONLAZY=1 "/usr/bin/perl" "-MExtUtils::Command::MM" "-MTest::Harness" "-e" "undef *Test::Harness::Switches; test_harness(0, 'blib/lib', 'blib/arch')" t/*.t
# 
# Versions for all modules listed in MYMETA.json (including optional ones):
# 
# === Configure Requires ===
# 
#     Module              Want Have
#     ------------------- ---- ----
#     ExtUtils::MakeMaker  any 7.70
# 
# === Build Requires ===
# 
#     Module              Want Have
#     ------------------- ---- ----
#     ExtUtils::MakeMaker  any 7.70
# 
# === Test Requires ===
# 
#     Module                     Want     Have
#     ---------------------- -------- --------
#     ExtUtils::MakeMaker         any     7.70
#     File::Spec                  any     3.91
#     IPC::Run3                   any    0.049
#     Module::Pluggable           any      6.3
#     Test2::Require::Module      any 1.302209
#     Test2::V0                   any 1.302209
#     Test::More             1.302015 1.302209
# 
# === Test Recommends ===
# 
#     Module         Want     Have
#     ---------- -------- --------
#     CPAN::Meta 2.120900 2.150010
# 
# === Runtime Requires ===
# 
#     Module                    Want     Have
#     --------------------- -------- --------
#     Carp                       any     1.54
#     Test2                 1.302167 1.302209
#     Test2::API                 any 1.302209
#     Test2::Event               any 1.302209
#     Test2::Util::HashBase      any 1.302209
#     parent                     any    0.241
#     strict                     any     1.13
#     warnings                   any     1.70
# 
t/00-report-prereqs.t .... ok
t/basic.t ................ ok
t/compile.t .............. ok
t/tap-bug-in-test2.t ..... ok
t/warnings-after-done.t .. ok
All tests successful.
Files=5, Tests=8,  1 wallclock secs ( 0.02 usr  0.00 sys +  0.46 cusr  0.06 csys =  0.54 CPU)
Result: PASS
>>> perl-test2-plugin-nowarnings: Entering fakeroot...
Manifying 2 pod documents
Installing /tmp/pkg/perl-test2-plugin-nowarnings/usr/share/perl5/vendor_perl/Test2/Event/Warning.pm
Installing /tmp/pkg/perl-test2-plugin-nowarnings/usr/share/perl5/vendor_perl/Test2/Plugin/NoWarnings.pm
Installing /tmp/pkg/perl-test2-plugin-nowarnings/usr/share/man/man3/Test2::Plugin::NoWarnings.3pm
Installing /tmp/pkg/perl-test2-plugin-nowarnings/usr/share/man/man3/Test2::Event::Warning.3pm
>>> perl-test2-plugin-nowarnings-doc*: Running split function doc...
'usr/share/man' -> '/tmp/pkg/perl-test2-plugin-nowarnings-doc/usr/share/man'
>>> perl-test2-plugin-nowarnings-doc*: Preparing subpackage perl-test2-plugin-nowarnings-doc...
>>> perl-test2-plugin-nowarnings-doc*: Running postcheck for perl-test2-plugin-nowarnings-doc
>>> perl-test2-plugin-nowarnings*: Running postcheck for perl-test2-plugin-nowarnings
>>> perl-test2-plugin-nowarnings*: Preparing package perl-test2-plugin-nowarnings...
>>> perl-test2-plugin-nowarnings-doc*: Tracing dependencies...
>>> perl-test2-plugin-nowarnings-doc*: Package size: 3.2 KB
>>> perl-test2-plugin-nowarnings-doc*: Compressing data...
>>> perl-test2-plugin-nowarnings-doc*: Create checksum...
>>> perl-test2-plugin-nowarnings-doc*: Create perl-test2-plugin-nowarnings-doc-0.10-r1.apk
>>> perl-test2-plugin-nowarnings*: Tracing dependencies...
	perl
	perl-test-simple
>>> perl-test2-plugin-nowarnings*: Package size: 5.0 KB
>>> perl-test2-plugin-nowarnings*: Compressing data...
>>> perl-test2-plugin-nowarnings*: Create checksum...
>>> perl-test2-plugin-nowarnings*: Create perl-test2-plugin-nowarnings-0.10-r1.apk
>>> perl-test2-plugin-nowarnings: Updating the main/x86_64 repository index...
>>> perl-test2-plugin-nowarnings: Signing the index...
>>> perl-test2-plugin-nowarnings: Cleaning up srcdir
>>> perl-test2-plugin-nowarnings: Cleaning up build chroot
>>> perl-test2-plugin-nowarnings: Cleaning up pkgdir
