pigz: not found
>>> perl-cache-cache: Building main/perl-cache-cache 1.08-r5 (using abuild 3.14.1-r4) started Sun, 18 May 2025 08:18:14 +0000
>>> perl-cache-cache: Validating /home/packager/aports/main/perl-cache-cache/APKBUILD...
>>> perl-cache-cache: Analyzing dependencies...
>>> perl-cache-cache: Installing for build: build-base perl perl-error perl-digest-sha1 perl-ipc-sharelite perl-dev
(1/10) Installing libbz2 (1.0.8-r6)
(2/10) Installing perl (5.40.2-r0)
(3/10) Installing perl-error (0.17030-r0)
(4/10) Installing perl-digest-sha1 (2.13-r19)
(5/10) Installing perl-ipc-sharelite (0.17-r13)
(6/10) Installing perl-utils (5.40.2-r0)
(7/10) Installing perl-dev (5.40.2-r0)
(8/10) Installing .makedepends-perl-cache-cache (20250518.081817)
(9/10) Installing perl-git (2.47.2-r0)
(10/10) Installing git-perl (2.47.2-r0)
Executing busybox-1.37.0-r12.trigger
OK: 307 MiB in 91 packages
>>> perl-cache-cache: Cleaning up srcdir
>>> perl-cache-cache: Cleaning up pkgdir
>>> perl-cache-cache: Cleaning up tmpdir
>>> perl-cache-cache: Fetching https://cpan.metacpan.org/authors/id/R/RJ/RJBS/Cache-Cache-1.08.tar.gz
Connecting to cpan.metacpan.org (146.75.122.217:443)
saving to '/var/cache/distfiles/Cache-Cache-1.08.tar.gz.part'
Cache-Cache-1.08.tar 100% |********************************| 35124  0:00:00 ETA
'/var/cache/distfiles/Cache-Cache-1.08.tar.gz.part' saved
>>> perl-cache-cache: Fetching https://cpan.metacpan.org/authors/id/R/RJ/RJBS/Cache-Cache-1.08.tar.gz
>>> perl-cache-cache: Checking sha512sums...
Cache-Cache-1.08.tar.gz: OK
>>> perl-cache-cache: Unpacking /var/cache/distfiles/Cache-Cache-1.08.tar.gz...
Checking for IPC::ShareLite... found
Checking if your kit is complete...
Looks good
Generating a Unix-style Makefile
Writing Makefile for Cache::Cache
Writing MYMETA.yml and MYMETA.json
------------------------------------------------------------------
Please be patient while running "make test" as the full test suite
takes roughly two minutes to complete.
------------------------------------------------------------------
cp lib/Cache/Object.pm blib/lib/Cache/Object.pm
cp lib/Cache/CacheUtils.pm blib/lib/Cache/CacheUtils.pm
cp lib/Cache/SharedMemoryCache.pm blib/lib/Cache/SharedMemoryCache.pm
cp lib/Cache/BaseCache.pm blib/lib/Cache/BaseCache.pm
cp lib/Cache/CacheTester.pm blib/lib/Cache/CacheTester.pm
cp lib/Cache/MemoryBackend.pm blib/lib/Cache/MemoryBackend.pm
cp lib/Cache/SizeAwareMemoryCache.pm blib/lib/Cache/SizeAwareMemoryCache.pm
cp lib/Cache/SharedMemoryBackend.pm blib/lib/Cache/SharedMemoryBackend.pm
cp lib/Cache/SizeAwareFileCache.pm blib/lib/Cache/SizeAwareFileCache.pm
cp lib/Cache/NullCache.pm blib/lib/Cache/NullCache.pm
cp lib/Cache/SizeAwareSharedMemoryCache.pm blib/lib/Cache/SizeAwareSharedMemoryCache.pm
cp lib/Cache/FileCache.pm blib/lib/Cache/FileCache.pm
cp lib/Cache/SizeAwareCache.pm blib/lib/Cache/SizeAwareCache.pm
cp lib/Cache/MemoryCache.pm blib/lib/Cache/MemoryCache.pm
cp lib/Cache/SizeAwareCacheTester.pm blib/lib/Cache/SizeAwareCacheTester.pm
cp lib/Cache/Cache.pm blib/lib/Cache/Cache.pm
cp lib/Cache/CacheSizer.pm blib/lib/Cache/CacheSizer.pm
cp lib/Cache/FileBackend.pm blib/lib/Cache/FileBackend.pm
cp lib/Cache/BaseCacheTester.pm blib/lib/Cache/BaseCacheTester.pm
cp lib/Cache/CacheMetaData.pm blib/lib/Cache/CacheMetaData.pm
Manifying 20 pod documents
PERL_DL_NONLAZY=1 "/usr/bin/perl" "-MExtUtils::Command::MM" "-MTest::Harness" "-e" "undef *Test::Harness::Switches; test_harness(0, 'blib/lib', 'blib/arch')" t/*.t
t/1_test_cache_interface.t ................. ok
t/2_test_memory_cache.t .................... ok
t/3_test_file_cache.t ...................... ok
t/4_test_shared_memory_cache.t ............. ok
t/5_test_size_aware_file_cache.t ........... ok
t/6_test_size_aware_memory_cache.t ......... ok
t/7_test_size_aware_shared_memory_cache.t .. ok
All tests successful.
Files=7, Tests=250, 124 wallclock secs ( 0.06 usr  0.03 sys +  0.48 cusr  0.16 csys =  0.73 CPU)
Result: PASS
>>> perl-cache-cache: Entering fakeroot...
Manifying 20 pod documents
Appending installation info to /home/packager/aports/main/perl-cache-cache/pkg/perl-cache-cache/usr/lib/perl5/core_perl/perllocal.pod
Installing /home/packager/aports/main/perl-cache-cache/pkg/perl-cache-cache/usr/share/perl5/vendor_perl/Cache/MemoryBackend.pm
Installing /home/packager/aports/main/perl-cache-cache/pkg/perl-cache-cache/usr/share/perl5/vendor_perl/Cache/BaseCacheTester.pm
Installing /home/packager/aports/main/perl-cache-cache/pkg/perl-cache-cache/usr/share/perl5/vendor_perl/Cache/SharedMemoryBackend.pm
Installing /home/packager/aports/main/perl-cache-cache/pkg/perl-cache-cache/usr/share/perl5/vendor_perl/Cache/CacheUtils.pm
Installing /home/packager/aports/main/perl-cache-cache/pkg/perl-cache-cache/usr/share/perl5/vendor_perl/Cache/SizeAwareMemoryCache.pm
Installing /home/packager/aports/main/perl-cache-cache/pkg/perl-cache-cache/usr/share/perl5/vendor_perl/Cache/SizeAwareFileCache.pm
Installing /home/packager/aports/main/perl-cache-cache/pkg/perl-cache-cache/usr/share/perl5/vendor_perl/Cache/BaseCache.pm
Installing /home/packager/aports/main/perl-cache-cache/pkg/perl-cache-cache/usr/share/perl5/vendor_perl/Cache/FileCache.pm
Installing /home/packager/aports/main/perl-cache-cache/pkg/perl-cache-cache/usr/share/perl5/vendor_perl/Cache/Object.pm
Installing /home/packager/aports/main/perl-cache-cache/pkg/perl-cache-cache/usr/share/perl5/vendor_perl/Cache/CacheSizer.pm
Installing /home/packager/aports/main/perl-cache-cache/pkg/perl-cache-cache/usr/share/perl5/vendor_perl/Cache/SizeAwareCacheTester.pm
Installing /home/packager/aports/main/perl-cache-cache/pkg/perl-cache-cache/usr/share/perl5/vendor_perl/Cache/NullCache.pm
Installing /home/packager/aports/main/perl-cache-cache/pkg/perl-cache-cache/usr/share/perl5/vendor_perl/Cache/CacheTester.pm
Installing /home/packager/aports/main/perl-cache-cache/pkg/perl-cache-cache/usr/share/perl5/vendor_perl/Cache/Cache.pm
Installing /home/packager/aports/main/perl-cache-cache/pkg/perl-cache-cache/usr/share/perl5/vendor_perl/Cache/FileBackend.pm
Installing /home/packager/aports/main/perl-cache-cache/pkg/perl-cache-cache/usr/share/perl5/vendor_perl/Cache/CacheMetaData.pm
Installing /home/packager/aports/main/perl-cache-cache/pkg/perl-cache-cache/usr/share/perl5/vendor_perl/Cache/SizeAwareSharedMemoryCache.pm
Installing /home/packager/aports/main/perl-cache-cache/pkg/perl-cache-cache/usr/share/perl5/vendor_perl/Cache/MemoryCache.pm
Installing /home/packager/aports/main/perl-cache-cache/pkg/perl-cache-cache/usr/share/perl5/vendor_perl/Cache/SizeAwareCache.pm
Installing /home/packager/aports/main/perl-cache-cache/pkg/perl-cache-cache/usr/share/perl5/vendor_perl/Cache/SharedMemoryCache.pm
Installing /home/packager/aports/main/perl-cache-cache/pkg/perl-cache-cache/usr/share/man/man3/Cache::SharedMemoryBackend.3pm
Installing /home/packager/aports/main/perl-cache-cache/pkg/perl-cache-cache/usr/share/man/man3/Cache::MemoryBackend.3pm
Installing /home/packager/aports/main/perl-cache-cache/pkg/perl-cache-cache/usr/share/man/man3/Cache::MemoryCache.3pm
Installing /home/packager/aports/main/perl-cache-cache/pkg/perl-cache-cache/usr/share/man/man3/Cache::CacheUtils.3pm
Installing /home/packager/aports/main/perl-cache-cache/pkg/perl-cache-cache/usr/share/man/man3/Cache::FileBackend.3pm
Installing /home/packager/aports/main/perl-cache-cache/pkg/perl-cache-cache/usr/share/man/man3/Cache::CacheTester.3pm
Installing /home/packager/aports/main/perl-cache-cache/pkg/perl-cache-cache/usr/share/man/man3/Cache::SharedMemoryCache.3pm
Installing /home/packager/aports/main/perl-cache-cache/pkg/perl-cache-cache/usr/share/man/man3/Cache::SizeAwareSharedMemoryCache.3pm
Installing /home/packager/aports/main/perl-cache-cache/pkg/perl-cache-cache/usr/share/man/man3/Cache::Cache.3pm
Installing /home/packager/aports/main/perl-cache-cache/pkg/perl-cache-cache/usr/share/man/man3/Cache::NullCache.3pm
Installing /home/packager/aports/main/perl-cache-cache/pkg/perl-cache-cache/usr/share/man/man3/Cache::FileCache.3pm
Installing /home/packager/aports/main/perl-cache-cache/pkg/perl-cache-cache/usr/share/man/man3/Cache::BaseCache.3pm
Installing /home/packager/aports/main/perl-cache-cache/pkg/perl-cache-cache/usr/share/man/man3/Cache::CacheMetaData.3pm
Installing /home/packager/aports/main/perl-cache-cache/pkg/perl-cache-cache/usr/share/man/man3/Cache::CacheSizer.3pm
Installing /home/packager/aports/main/perl-cache-cache/pkg/perl-cache-cache/usr/share/man/man3/Cache::SizeAwareCacheTester.3pm
Installing /home/packager/aports/main/perl-cache-cache/pkg/perl-cache-cache/usr/share/man/man3/Cache::SizeAwareCache.3pm
Installing /home/packager/aports/main/perl-cache-cache/pkg/perl-cache-cache/usr/share/man/man3/Cache::SizeAwareMemoryCache.3pm
Installing /home/packager/aports/main/perl-cache-cache/pkg/perl-cache-cache/usr/share/man/man3/Cache::BaseCacheTester.3pm
Installing /home/packager/aports/main/perl-cache-cache/pkg/perl-cache-cache/usr/share/man/man3/Cache::Object.3pm
Installing /home/packager/aports/main/perl-cache-cache/pkg/perl-cache-cache/usr/share/man/man3/Cache::SizeAwareFileCache.3pm
>>> perl-cache-cache-doc*: Running split function doc...
'usr/share/man' -> '/home/packager/aports/main/perl-cache-cache/pkg/perl-cache-cache-doc/usr/share/man'
>>> perl-cache-cache-doc*: Preparing subpackage perl-cache-cache-doc...
>>> perl-cache-cache-doc*: Running postcheck for perl-cache-cache-doc
>>> perl-cache-cache*: Running postcheck for perl-cache-cache
>>> perl-cache-cache*: Preparing package perl-cache-cache...
>>> perl-cache-cache-doc*: Tracing dependencies...
>>> perl-cache-cache-doc*: Package size: 30.1 KB
>>> perl-cache-cache-doc*: Compressing data...
>>> perl-cache-cache-doc*: Create checksum...
pigz: not found
>>> perl-cache-cache-doc*: Create perl-cache-cache-doc-1.08-r5.apk
>>> perl-cache-cache*: Tracing dependencies...
	perl
	perl-error
	perl-digest-sha1
	perl-ipc-sharelite
>>> perl-cache-cache*: Package size: 109.8 KB
>>> perl-cache-cache*: Compressing data...
>>> perl-cache-cache*: Create checksum...
pigz: not found
>>> perl-cache-cache*: Create perl-cache-cache-1.08-r5.apk
>>> perl-cache-cache: Build complete at Sun, 18 May 2025 08:20:23 +0000 elapsed time 0h 2m 9s
>>> perl-cache-cache: Cleaning up srcdir
>>> perl-cache-cache: Cleaning up pkgdir
>>> perl-cache-cache: Uninstalling dependencies...
(1/10) Purging .makedepends-perl-cache-cache (20250518.081817)
(2/10) Purging perl-digest-sha1 (2.13-r19)
(3/10) Purging perl-ipc-sharelite (0.17-r13)
(4/10) Purging perl-dev (5.40.2-r0)
(5/10) Purging perl-utils (5.40.2-r0)
(6/10) Purging git-perl (2.47.2-r0)
(7/10) Purging perl-git (2.47.2-r0)
(8/10) Purging perl-error (0.17030-r0)
(9/10) Purging perl (5.40.2-r0)
(10/10) Purging libbz2 (1.0.8-r6)
Executing busybox-1.37.0-r12.trigger
OK: 261 MiB in 81 packages
>>> perl-cache-cache: Updating the main/x86_64 repository index...
>>> perl-cache-cache: Signing the index...
pigz: not found
