>>> perl-exception-class: Validating /home/packager/oily-pine/main/perl-exception-class/APKBUILD...
>>> perl-exception-class: Cleaning up srcdir
>>> perl-exception-class: Cleaning up pkgdir
>>> perl-exception-class: Cleaning up tmpdir
>>> perl-exception-class: Fetching https://cpan.metacpan.org/authors/id/D/DR/DROLSKY/Exception-Class-1.45.tar.gz
  % Total    % Received % Xferd  Average Speed   Time    Time     Time  Current
                                 Dload  Upload   Total   Spent    Left  Speed
  0     0    0     0    0     0      0      0 --:--:-- --:--:-- --:--:--     0100 50933  100 50933    0     0   290k      0 --:--:-- --:--:-- --:--:--  292k
>>> perl-exception-class: Fetching https://cpan.metacpan.org/authors/id/D/DR/DROLSKY/Exception-Class-1.45.tar.gz
>>> perl-exception-class: Checking sha512sums...
Exception-Class-1.45.tar.gz: OK
>>> perl-exception-class: Preparing build chroot...
fetch http://dl-cdn.alpinelinux.org/alpine/edge/main/x86_64/APKINDEX.tar.gz
(1/75) Installing musl (1.2.5-r10)
(2/75) Installing libcrypto3 (3.5.0-r0)
(3/75) Installing ca-certificates-bundle (20241121-r2)
(4/75) Installing libssl3 (3.5.0-r0)
(5/75) Installing zlib (1.3.1-r2)
(6/75) Installing libapk2 (2.14.9-r2)
(7/75) Installing apk-tools (2.14.9-r2)
(8/75) Installing libcap2 (2.76-r0)
(9/75) Installing libcap-getcap (2.76-r0)
(10/75) Installing fakeroot (1.37.1.1-r0)
(11/75) Installing scanelf (1.3.8-r1)
(12/75) Installing musl-utils (1.2.5-r10)
(13/75) Installing libgcc (14.3.0-r1)
(14/75) Installing libstdc++ (14.3.0-r1)
(15/75) Installing lzip (1.25-r0)
(16/75) Installing openssl (3.5.0-r0)
(17/75) Installing patch (2.8-r0)
(18/75) Installing pkgconf (2.4.3-r0)
(19/75) Installing acl-libs (2.3.2-r1)
(20/75) Installing tar (1.35-r3)
(21/75) Installing busybox (1.37.0-r18)
Executing busybox-1.37.0-r18.post-install
(22/75) Installing ssl_client (1.37.0-r18)
(23/75) Installing busybox-binsh (1.37.0-r18)
(24/75) Installing abuild (3.15.0-r0)
Executing abuild-3.15.0-r0.pre-install
(25/75) Installing abuild-sudo (3.15.0-r0)
(26/75) Installing alpine-baselayout-data (3.7.0-r0)
(27/75) Installing alpine-baselayout (3.7.0-r0)
Executing alpine-baselayout-3.7.0-r0.pre-install
Executing alpine-baselayout-3.7.0-r0.post-install
(28/75) Installing bridge (1.5-r5)
(29/75) Installing ifupdown-ng (0.12.1-r7)
(30/75) Installing openrc-user (0.62.2-r2)
(31/75) Installing openrc (0.62.2-r2)
Executing openrc-0.62.2-r2.post-install
(32/75) Installing mdev-conf (4.8-r0)
(33/75) Installing busybox-mdev-openrc (1.37.0-r18)
(34/75) Installing alpine-conf (3.20.0-r0)
(35/75) Installing alpine-keys (2.5-r0)
(36/75) Installing alpine-release (3.22.0-r0)
(37/75) Installing busybox-openrc (1.37.0-r18)
(38/75) Installing busybox-suid (1.37.0-r18)
(39/75) Installing alpine-base (3.22.0-r0)
(40/75) Installing jansson (2.14.1-r0)
(41/75) Installing zstd-libs (1.5.7-r0)
(42/75) Installing binutils (2.44-r0)
(43/75) Installing libmagic (5.46-r2)
(44/75) Installing file (5.46-r2)
(45/75) Installing libgomp (14.3.0-r1)
(46/75) Installing libatomic (14.3.0-r1)
(47/75) Installing gmp (6.3.0-r3)
(48/75) Installing isl26 (0.26-r1)
(49/75) Installing mpfr4 (4.2.1_p1-r0)
(50/75) Installing mpc1 (1.3.1-r1)
(51/75) Installing gcc (14.3.0-r1)
(52/75) Installing libstdc++-dev (14.3.0-r1)
(53/75) Installing musl-dev (1.2.5-r10)
(54/75) Installing g++ (14.3.0-r1)
(55/75) Installing make (4.4.1-r3)
(56/75) Installing fortify-headers (1.1-r5)
(57/75) Installing build-base (0.5-r3)
(58/75) Installing brotli-libs (1.1.0-r2)
(59/75) Installing c-ares (1.34.5-r0)
(60/75) Installing libunistring (1.3-r0)
(61/75) Installing libidn2 (2.3.7-r0)
(62/75) Installing nghttp2-libs (1.65.0-r0)
(63/75) Installing libpsl (0.21.5-r3)
(64/75) Installing libcurl (8.14.0-r2)
(65/75) Installing libexpat (2.7.1-r0)
(66/75) Installing pcre2 (10.43-r1)
(67/75) Installing git (2.49.0-r0)
(68/75) Installing git-init-template (2.49.0-r0)
(69/75) Installing libbz2 (1.0.8-r6)
(70/75) Installing perl (5.40.2-r0)
(71/75) Installing perl-error (0.17030-r0)
(72/75) Installing perl-git (2.49.0-r0)
(73/75) Installing git-perl (2.49.0-r0)
(74/75) Installing perl-class-data-inheritable (0.10-r0)
(75/75) Installing perl-devel-stacktrace (2.05-r0)
Executing busybox-1.37.0-r18.trigger
OK: 296 MiB in 75 packages
>>> perl-exception-class: Fetching https://cpan.metacpan.org/authors/id/D/DR/DROLSKY/Exception-Class-1.45.tar.gz
>>> perl-exception-class: Checking sha512sums...
Exception-Class-1.45.tar.gz: OK
>>> perl-exception-class: Unpacking /var/cache/distfiles/Exception-Class-1.45.tar.gz...
Checking if your kit is complete...
Looks good
Generating a Unix-style Makefile
Writing Makefile for Exception::Class
Writing MYMETA.yml and MYMETA.json
cp lib/Exception/Class/Base.pm blib/lib/Exception/Class/Base.pm
cp lib/Exception/Class.pm blib/lib/Exception/Class.pm
Manifying 2 pod documents
PERL_DL_NONLAZY=1 "/usr/bin/perl" "-MExtUtils::Command::MM" "-MTest::Harness" "-e" "undef *Test::Harness::Switches; test_harness(0, 'blib/lib', 'blib/arch')" t/*.t
# 
# Versions for all modules listed in MYMETA.json (including optional ones):
# 
# === Configure Requires ===
# 
#     Module              Want Have
#     ------------------- ---- ----
#     ExtUtils::MakeMaker  any 7.70
# 
# === Build Requires ===
# 
#     Module              Want Have
#     ------------------- ---- ----
#     ExtUtils::MakeMaker  any 7.70
# 
# === Test Requires ===
# 
#     Module              Want     Have
#     ------------------- ---- --------
#     ExtUtils::MakeMaker  any     7.70
#     File::Spec           any     3.91
#     Test::More          0.96 1.302199
# 
# === Test Recommends ===
# 
#     Module         Want     Have
#     ---------- -------- --------
#     CPAN::Meta 2.120900 2.150010
# 
# === Runtime Requires ===
# 
#     Module                   Want Have
#     ------------------------ ---- ----
#     Carp                      any 1.54
#     Class::Data::Inheritable 0.02 0.10
#     Devel::StackTrace        2.00 2.05
#     Scalar::Util              any 1.63
#     base                      any 2.27
#     overload                  any 1.37
#     strict                    any 1.13
#     warnings                  any 1.70
# 
t/00-report-prereqs.t .. ok
t/basic.t .............. ok
t/caught.t ............. ok
t/context.t ............ ok
t/ecb-standalone.t ..... ok
t/field-names.t ........ ok
t/ignore.t ............. ok
All tests successful.
Files=7, Tests=86,  0 wallclock secs ( 0.02 usr  0.01 sys +  0.30 cusr  0.06 csys =  0.39 CPU)
Result: PASS
>>> perl-exception-class: Entering fakeroot...
Manifying 2 pod documents
Appending installation info to /tmp/pkg/perl-exception-class/usr/lib/perl5/core_perl/perllocal.pod
Installing /tmp/pkg/perl-exception-class/usr/share/perl5/vendor_perl/Exception/Class.pm
Installing /tmp/pkg/perl-exception-class/usr/share/perl5/vendor_perl/Exception/Class/Base.pm
Installing /tmp/pkg/perl-exception-class/usr/share/man/man3/Exception::Class.3pm
Installing /tmp/pkg/perl-exception-class/usr/share/man/man3/Exception::Class::Base.3pm
>>> perl-exception-class-doc*: Running split function doc...
'usr/share/man' -> '/tmp/pkg/perl-exception-class-doc/usr/share/man'
>>> perl-exception-class-doc*: Preparing subpackage perl-exception-class-doc...
>>> perl-exception-class-doc*: Running postcheck for perl-exception-class-doc
>>> perl-exception-class*: Running postcheck for perl-exception-class
>>> perl-exception-class*: Preparing package perl-exception-class...
>>> perl-exception-class-doc*: Tracing dependencies...
>>> perl-exception-class-doc*: Package size: 9.9 KB
>>> perl-exception-class-doc*: Compressing data...
>>> perl-exception-class-doc*: Create checksum...
>>> perl-exception-class-doc*: Create perl-exception-class-doc-1.45-r1.apk
>>> perl-exception-class*: Tracing dependencies...
	perl
	perl-devel-stacktrace
	perl-class-data-inheritable
>>> perl-exception-class*: Package size: 33.1 KB
>>> perl-exception-class*: Compressing data...
>>> perl-exception-class*: Create checksum...
>>> perl-exception-class*: Create perl-exception-class-1.45-r1.apk
>>> perl-exception-class: Updating the main/x86_64 repository index...
>>> perl-exception-class: Signing the index...
>>> perl-exception-class: Cleaning up srcdir
>>> perl-exception-class: Cleaning up build chroot
>>> perl-exception-class: Cleaning up pkgdir
