pigz: not found
>>> perl-devel-checkbin: Building main/perl-devel-checkbin 0.04-r3 (using abuild 3.14.1-r4) started Sun, 18 May 2025 10:10:59 +0000
>>> perl-devel-checkbin: Validating /home/packager/aports/main/perl-devel-checkbin/APKBUILD...
>>> perl-devel-checkbin: Analyzing dependencies...
>>> perl-devel-checkbin: Installing for build: build-base perl perl-dev
(1/8) Installing libbz2 (1.0.8-r6)
(2/8) Installing perl (5.40.2-r0)
(3/8) Installing perl-utils (5.40.2-r0)
(4/8) Installing perl-dev (5.40.2-r0)
(5/8) Installing .makedepends-perl-devel-checkbin (20250518.101101)
(6/8) Installing perl-error (0.17030-r0)
(7/8) Installing perl-git (2.47.2-r0)
(8/8) Installing git-perl (2.47.2-r0)
Executing busybox-1.37.0-r12.trigger
OK: 307 MiB in 89 packages
>>> perl-devel-checkbin: Cleaning up srcdir
>>> perl-devel-checkbin: Cleaning up pkgdir
>>> perl-devel-checkbin: Cleaning up tmpdir
>>> perl-devel-checkbin: Fetching https://cpan.metacpan.org/authors/id/T/TO/TOKUHIROM/Devel-CheckBin-0.04.tar.gz
Connecting to cpan.metacpan.org (146.75.122.217:443)
saving to '/var/cache/distfiles/Devel-CheckBin-0.04.tar.gz.part'
Devel-CheckBin-0.04. 100% |********************************|  9866  0:00:00 ETA
'/var/cache/distfiles/Devel-CheckBin-0.04.tar.gz.part' saved
>>> perl-devel-checkbin: Fetching https://cpan.metacpan.org/authors/id/T/TO/TOKUHIROM/Devel-CheckBin-0.04.tar.gz
>>> perl-devel-checkbin: Checking sha512sums...
Devel-CheckBin-0.04.tar.gz: OK
>>> perl-devel-checkbin: Unpacking /var/cache/distfiles/Devel-CheckBin-0.04.tar.gz...
Checking if your kit is complete...
Looks good
Generating a Unix-style Makefile
Writing Makefile for Devel::CheckBin
Writing MYMETA.yml and MYMETA.json
cp lib/Devel/CheckBin.pm blib/lib/Devel/CheckBin.pm
Manifying 1 pod document
PERL_DL_NONLAZY=1 "/usr/bin/perl" "-MExtUtils::Command::MM" "-MTest::Harness" "-e" "undef *Test::Harness::Switches; test_harness(0, 'blib/lib', 'blib/arch')" t/*.t
t/00_compile.t .. ok
t/01_can_run.t .. ok
t/02_can_run.t .. ok
All tests successful.
Files=3, Tests=5,  1 wallclock secs ( 0.02 usr  0.01 sys +  0.54 cusr  0.08 csys =  0.65 CPU)
Result: PASS
>>> perl-devel-checkbin: Entering fakeroot...
Manifying 1 pod document
Appending installation info to /home/packager/aports/main/perl-devel-checkbin/pkg/perl-devel-checkbin/usr/lib/perl5/core_perl/perllocal.pod
Installing /home/packager/aports/main/perl-devel-checkbin/pkg/perl-devel-checkbin/usr/share/perl5/vendor_perl/Devel/CheckBin.pm
Installing /home/packager/aports/main/perl-devel-checkbin/pkg/perl-devel-checkbin/usr/share/man/man3/Devel::CheckBin.3pm
>>> perl-devel-checkbin-doc*: Running split function doc...
'usr/share/man' -> '/home/packager/aports/main/perl-devel-checkbin/pkg/perl-devel-checkbin-doc/usr/share/man'
>>> perl-devel-checkbin-doc*: Preparing subpackage perl-devel-checkbin-doc...
>>> perl-devel-checkbin-doc*: Running postcheck for perl-devel-checkbin-doc
>>> perl-devel-checkbin*: Running postcheck for perl-devel-checkbin
>>> perl-devel-checkbin*: Preparing package perl-devel-checkbin...
>>> perl-devel-checkbin-doc*: Tracing dependencies...
>>> perl-devel-checkbin-doc*: Package size: 1.2 KB
>>> perl-devel-checkbin-doc*: Compressing data...
>>> perl-devel-checkbin-doc*: Create checksum...
pigz: not found
>>> perl-devel-checkbin-doc*: Create perl-devel-checkbin-doc-0.04-r3.apk
>>> perl-devel-checkbin*: Tracing dependencies...
	perl
>>> perl-devel-checkbin*: Package size: 1.9 KB
>>> perl-devel-checkbin*: Compressing data...
>>> perl-devel-checkbin*: Create checksum...
pigz: not found
>>> perl-devel-checkbin*: Create perl-devel-checkbin-0.04-r3.apk
>>> perl-devel-checkbin: Build complete at Sun, 18 May 2025 10:11:04 +0000 elapsed time 0h 0m 5s
>>> perl-devel-checkbin: Cleaning up srcdir
>>> perl-devel-checkbin: Cleaning up pkgdir
>>> perl-devel-checkbin: Uninstalling dependencies...
(1/8) Purging .makedepends-perl-devel-checkbin (20250518.101101)
(2/8) Purging perl-dev (5.40.2-r0)
(3/8) Purging perl-utils (5.40.2-r0)
(4/8) Purging git-perl (2.47.2-r0)
(5/8) Purging perl-git (2.47.2-r0)
(6/8) Purging perl-error (0.17030-r0)
(7/8) Purging perl (5.40.2-r0)
(8/8) Purging libbz2 (1.0.8-r6)
Executing busybox-1.37.0-r12.trigger
OK: 261 MiB in 81 packages
>>> perl-devel-checkbin: Updating the main/x86_64 repository index...
>>> perl-devel-checkbin: Signing the index...
pigz: not found
