pigz: not found
>>> perl-digest-md5: Building main/perl-digest-md5 2.59-r2 (using abuild 3.14.1-r4) started Sun, 18 May 2025 07:04:06 +0000
>>> perl-digest-md5: Validating /home/packager/aports/main/perl-digest-md5/APKBUILD...
>>> perl-digest-md5: Analyzing dependencies...
>>> perl-digest-md5: Installing for build: build-base perl perl-dev
(1/8) Installing libbz2 (1.0.8-r6)
(2/8) Installing perl (5.40.2-r0)
(3/8) Installing perl-utils (5.40.2-r0)
(4/8) Installing perl-dev (5.40.2-r0)
(5/8) Installing .makedepends-perl-digest-md5 (20250518.070407)
(6/8) Installing perl-error (0.17029-r2)
(7/8) Installing perl-git (2.47.2-r0)
(8/8) Installing git-perl (2.47.2-r0)
Executing busybox-1.37.0-r12.trigger
OK: 306 MiB in 89 packages
>>> perl-digest-md5: Cleaning up srcdir
>>> perl-digest-md5: Cleaning up pkgdir
>>> perl-digest-md5: Cleaning up tmpdir
>>> perl-digest-md5: Fetching https://cpan.metacpan.org/authors/id/T/TO/TODDR/Digest-MD5-2.59.tar.gz
Connecting to cpan.metacpan.org (146.75.122.217:443)
saving to '/var/cache/distfiles/Digest-MD5-2.59.tar.gz.part'
Digest-MD5-2.59.tar. 100% |********************************| 46562  0:00:00 ETA
'/var/cache/distfiles/Digest-MD5-2.59.tar.gz.part' saved
>>> perl-digest-md5: Fetching https://cpan.metacpan.org/authors/id/T/TO/TODDR/Digest-MD5-2.59.tar.gz
>>> perl-digest-md5: Checking sha512sums...
Digest-MD5-2.59.tar.gz: OK
>>> perl-digest-md5: Unpacking /var/cache/distfiles/Digest-MD5-2.59.tar.gz...
Checking if your kit is complete...
Looks good
Generating a Unix-style Makefile
Writing Makefile for Digest::MD5
Writing MYMETA.yml and MYMETA.json
"/usr/bin/perl" "/usr/share/perl5/core_perl/ExtUtils/xsubpp"  -typemap '/usr/share/perl5/core_perl/ExtUtils/typemap' -typemap '/home/packager/aports/main/perl-digest-md5/src/Digest-MD5-2.59/typemap'  MD5.xs > MD5.xsc
Running Mkbootstrap for MD5 ()
chmod 644 "MD5.bs"
"/usr/bin/perl" -MExtUtils::Command::MM -e 'cp_nonempty' -- MD5.bs blib/arch/auto/Digest/MD5/MD5.bs 644
cp MD5.pm blib/lib/Digest/MD5.pm
mv MD5.xsc MD5.c
cc -c   -D_REENTRANT -D_GNU_SOURCE -D_GNU_SOURCE -fwrapv -fno-strict-aliasing -pipe -fstack-protector-strong -D_LARGEFILE_SOURCE -D_FILE_OFFSET_BITS=64 -Os -fstack-clash-protection -Wformat -Werror=format-security -fno-plt -O2   -DVERSION=\"2.59\" -DXS_VERSION=\"2.59\" -fPIC "-I/usr/lib/perl5/core_perl/CORE"   MD5.c
rm -f blib/arch/auto/Digest/MD5/MD5.so
cc  -shared -Os -fstack-clash-protection -Wformat -Werror=format-security -fno-plt -O2 -L/usr/local/lib -fstack-protector-strong  MD5.o  -o blib/arch/auto/Digest/MD5/MD5.so  \
      \
  
chmod 755 blib/arch/auto/Digest/MD5/MD5.so
Manifying 1 pod document
"/usr/bin/perl" -MExtUtils::Command::MM -e 'cp_nonempty' -- MD5.bs blib/arch/auto/Digest/MD5/MD5.bs 644
PERL_DL_NONLAZY=1 "/usr/bin/perl" "-MExtUtils::Command::MM" "-MTest::Harness" "-e" "undef *Test::Harness::Switches; test_harness(0, 'blib/lib', 'blib/arch')" t/*.t
t/align.t .... ok
t/badfile.t .. ok
t/bits.t ..... ok
t/clone.t .... ok
t/files.t .... ok
t/md5-aaa.t .. ok
t/threads.t .. ok
t/utf8.t ..... ok
t/warns.t .... ok
All tests successful.
Files=9, Tests=283,  1 wallclock secs ( 0.05 usr  0.01 sys +  0.32 cusr  0.07 csys =  0.45 CPU)
Result: PASS
>>> perl-digest-md5: Entering fakeroot...
"/usr/bin/perl" -MExtUtils::Command::MM -e 'cp_nonempty' -- MD5.bs blib/arch/auto/Digest/MD5/MD5.bs 644
Manifying 1 pod document
Appending installation info to /home/packager/aports/main/perl-digest-md5/pkg/perl-digest-md5/usr/lib/perl5/core_perl/perllocal.pod
Files found in blib/arch: installing files in blib/lib into architecture dependent library tree
Installing /home/packager/aports/main/perl-digest-md5/pkg/perl-digest-md5/usr/lib/perl5/vendor_perl/auto/Digest/MD5/MD5.so
Installing /home/packager/aports/main/perl-digest-md5/pkg/perl-digest-md5/usr/lib/perl5/vendor_perl/Digest/MD5.pm
Installing /home/packager/aports/main/perl-digest-md5/pkg/perl-digest-md5/usr/share/man/man3/Digest::MD5.3pm
>>> perl-digest-md5*: Running postcheck for perl-digest-md5
>>> perl-digest-md5*: Preparing package perl-digest-md5...
>>> perl-digest-md5*: Stripping binaries
>>> perl-digest-md5*: Scanning shared objects
>>> perl-digest-md5*: Tracing dependencies...
	perl
	so:libc.musl-x86_64.so.1
>>> perl-digest-md5*: Package size: 32.4 KB
>>> perl-digest-md5*: Compressing data...
>>> perl-digest-md5*: Create checksum...
pigz: not found
>>> perl-digest-md5*: Create perl-digest-md5-2.59-r2.apk
>>> perl-digest-md5: Build complete at Sun, 18 May 2025 07:04:11 +0000 elapsed time 0h 0m 5s
>>> perl-digest-md5: Cleaning up srcdir
>>> perl-digest-md5: Cleaning up pkgdir
>>> perl-digest-md5: Uninstalling dependencies...
(1/8) Purging .makedepends-perl-digest-md5 (20250518.070407)
(2/8) Purging perl-dev (5.40.2-r0)
(3/8) Purging perl-utils (5.40.2-r0)
(4/8) Purging git-perl (2.47.2-r0)
(5/8) Purging perl-git (2.47.2-r0)
(6/8) Purging perl-error (0.17029-r2)
(7/8) Purging perl (5.40.2-r0)
(8/8) Purging libbz2 (1.0.8-r6)
Executing busybox-1.37.0-r12.trigger
OK: 260 MiB in 81 packages
>>> perl-digest-md5: Updating the main/x86_64 repository index...
>>> perl-digest-md5: Signing the index...
pigz: not found
