>>> perl-list-moreutils: Validating /home/packager/oily-pine/main/perl-list-moreutils/APKBUILD...
>>> perl-list-moreutils: Cleaning up srcdir
>>> perl-list-moreutils: Cleaning up pkgdir
>>> perl-list-moreutils: Cleaning up tmpdir
>>> perl-list-moreutils: Fetching https://cpan.metacpan.org/authors/id/R/RE/REHSACK/List-MoreUtils-0.430.tar.gz
  % Total    % Received % Xferd  Average Speed   Time    Time     Time  Current
                                 Dload  Upload   Total   Spent    Left  Speed
  0     0    0     0    0     0      0      0 --:--:-- --:--:-- --:--:--     0100  147k  100  147k    0     0   733k      0 --:--:-- --:--:-- --:--:--  735k
>>> perl-list-moreutils: Fetching https://cpan.metacpan.org/authors/id/R/RE/REHSACK/List-MoreUtils-0.430.tar.gz
>>> perl-list-moreutils: Checking sha512sums...
List-MoreUtils-0.430.tar.gz: OK
>>> perl-list-moreutils: Preparing build chroot...
fetch http://dl-cdn.alpinelinux.org/alpine/edge/main/x86_64/APKINDEX.tar.gz
(1/80) Installing musl (1.2.5-r10)
(2/80) Installing libcrypto3 (3.5.0-r0)
(3/80) Installing ca-certificates-bundle (20241121-r2)
(4/80) Installing libssl3 (3.5.0-r0)
(5/80) Installing zlib (1.3.1-r2)
(6/80) Installing libapk2 (2.14.9-r2)
(7/80) Installing apk-tools (2.14.9-r2)
(8/80) Installing libcap2 (2.76-r0)
(9/80) Installing libcap-getcap (2.76-r0)
(10/80) Installing fakeroot (1.37.1.1-r0)
(11/80) Installing scanelf (1.3.8-r1)
(12/80) Installing musl-utils (1.2.5-r10)
(13/80) Installing libgcc (14.3.0-r1)
(14/80) Installing libstdc++ (14.3.0-r1)
(15/80) Installing lzip (1.25-r0)
(16/80) Installing openssl (3.5.0-r0)
(17/80) Installing patch (2.8-r0)
(18/80) Installing pkgconf (2.4.3-r0)
(19/80) Installing acl-libs (2.3.2-r1)
(20/80) Installing tar (1.35-r3)
(21/80) Installing busybox (1.37.0-r18)
Executing busybox-1.37.0-r18.post-install
(22/80) Installing ssl_client (1.37.0-r18)
(23/80) Installing busybox-binsh (1.37.0-r18)
(24/80) Installing abuild (3.15.0-r0)
Executing abuild-3.15.0-r0.pre-install
(25/80) Installing abuild-sudo (3.15.0-r0)
(26/80) Installing alpine-baselayout-data (3.7.0-r0)
(27/80) Installing alpine-baselayout (3.7.0-r0)
Executing alpine-baselayout-3.7.0-r0.pre-install
Executing alpine-baselayout-3.7.0-r0.post-install
(28/80) Installing bridge (1.5-r5)
(29/80) Installing ifupdown-ng (0.12.1-r7)
(30/80) Installing openrc-user (0.62.2-r2)
(31/80) Installing openrc (0.62.2-r2)
Executing openrc-0.62.2-r2.post-install
(32/80) Installing mdev-conf (4.8-r0)
(33/80) Installing busybox-mdev-openrc (1.37.0-r18)
(34/80) Installing alpine-conf (3.20.0-r0)
(35/80) Installing alpine-keys (2.5-r0)
(36/80) Installing alpine-release (3.22.0-r0)
(37/80) Installing busybox-openrc (1.37.0-r18)
(38/80) Installing busybox-suid (1.37.0-r18)
(39/80) Installing alpine-base (3.22.0-r0)
(40/80) Installing jansson (2.14.1-r0)
(41/80) Installing zstd-libs (1.5.7-r0)
(42/80) Installing binutils (2.44-r0)
(43/80) Installing libmagic (5.46-r2)
(44/80) Installing file (5.46-r2)
(45/80) Installing libgomp (14.3.0-r1)
(46/80) Installing libatomic (14.3.0-r1)
(47/80) Installing gmp (6.3.0-r3)
(48/80) Installing isl26 (0.26-r1)
(49/80) Installing mpfr4 (4.2.1_p1-r0)
(50/80) Installing mpc1 (1.3.1-r1)
(51/80) Installing gcc (14.3.0-r1)
(52/80) Installing libstdc++-dev (14.3.0-r1)
(53/80) Installing musl-dev (1.2.5-r10)
(54/80) Installing g++ (14.3.0-r1)
(55/80) Installing make (4.4.1-r3)
(56/80) Installing fortify-headers (1.1-r5)
(57/80) Installing build-base (0.5-r3)
(58/80) Installing brotli-libs (1.1.0-r2)
(59/80) Installing c-ares (1.34.5-r0)
(60/80) Installing libunistring (1.3-r0)
(61/80) Installing libidn2 (2.3.7-r0)
(62/80) Installing nghttp2-libs (1.65.0-r0)
(63/80) Installing libpsl (0.21.5-r3)
(64/80) Installing libcurl (8.14.0-r2)
(65/80) Installing libexpat (2.7.1-r0)
(66/80) Installing pcre2 (10.43-r1)
(67/80) Installing git (2.49.0-r0)
(68/80) Installing git-init-template (2.49.0-r0)
(69/80) Installing libbz2 (1.0.8-r6)
(70/80) Installing perl (5.40.2-r0)
(71/80) Installing perl-error (0.17030-r0)
(72/80) Installing perl-git (2.49.0-r0)
(73/80) Installing git-perl (2.49.0-r0)
(74/80) Installing perl-capture-tiny (0.50-r0)
(75/80) Installing perl-config-autoconf (0.320-r2)
(76/80) Installing perl-utils (5.40.2-r0)
(77/80) Installing perl-dev (5.40.2-r0)
(78/80) Installing perl-exporter-tiny (1.006002-r1)
(79/80) Installing perl-list-moreutils-xs (0.430-r5)
(80/80) Installing perl-test-leaktrace (0.17-r5)
Executing busybox-1.37.0-r18.trigger
OK: 306 MiB in 80 packages
>>> perl-list-moreutils: Fetching https://cpan.metacpan.org/authors/id/R/RE/REHSACK/List-MoreUtils-0.430.tar.gz
>>> perl-list-moreutils: Checking sha512sums...
List-MoreUtils-0.430.tar.gz: OK
>>> perl-list-moreutils: Unpacking /var/cache/distfiles/List-MoreUtils-0.430.tar.gz...
Checking whether pureperl is required... no
Checking for cc... cc
Checking for cc... (cached) cc
Checking whether perlapi is accessible... yes
Checking if your kit is complete...
Looks good
Generating a Unix-style Makefile
Writing Makefile for List::MoreUtils
Writing MYMETA.yml and MYMETA.json
cp lib/List/MoreUtils.pm blib/lib/List/MoreUtils.pm
cp lib/List/MoreUtils/Contributing.pod blib/lib/List/MoreUtils/Contributing.pod
cp lib/List/MoreUtils/PP.pm blib/lib/List/MoreUtils/PP.pm
Manifying 3 pod documents
PERL_DL_NONLAZY=1 "/usr/bin/perl" "-MExtUtils::Command::MM" "-MTest::Harness" "-e" "undef *Test::Harness::Switches; test_harness(0, 'blib/lib', 'blib/arch')" t/*.t t/pureperl/*.t t/xs/*.t xt/*.t
t/pureperl/after.t ................ ok
t/pureperl/after_incl.t ........... ok
t/pureperl/all.t .................. ok
t/pureperl/all_u.t ................ ok
t/pureperl/any.t .................. ok
t/pureperl/any_u.t ................ ok
t/pureperl/apply.t ................ ok
t/pureperl/arrayify.t ............. ok
t/pureperl/before.t ............... ok
t/pureperl/before_incl.t .......... ok
t/pureperl/binsert.t .............. ok
t/pureperl/bremove.t .............. ok
t/pureperl/bsearch.t .............. ok
t/pureperl/bsearchidx.t ........... ok
t/pureperl/duplicates.t ........... ok
t/pureperl/each_array.t ........... ok
t/pureperl/equal_range.t .......... ok
t/pureperl/false.t ................ ok
t/pureperl/firstidx.t ............. ok
t/pureperl/firstres.t ............. ok
t/pureperl/firstval.t ............. ok
t/pureperl/frequency.t ............ ok
t/pureperl/Import.t ............... ok
t/pureperl/indexes.t .............. ok
t/pureperl/insert_after.t ......... ok
t/pureperl/insert_after_string.t .. ok
t/pureperl/lastidx.t .............. ok
t/pureperl/lastres.t .............. ok
t/pureperl/lastval.t .............. ok
t/pureperl/listcmp.t .............. ok
t/pureperl/lower_bound.t .......... ok
t/pureperl/mesh.t ................. ok
t/pureperl/minmax.t ............... ok
t/pureperl/minmaxstr.t ............ ok
t/pureperl/mode.t ................. ok
t/pureperl/natatime.t ............. ok
t/pureperl/none.t ................. ok
t/pureperl/none_u.t ............... ok
t/pureperl/notall.t ............... ok
t/pureperl/notall_u.t ............. ok
t/pureperl/occurrences.t .......... ok
t/pureperl/one.t .................. ok
t/pureperl/one_u.t ................ ok
t/pureperl/onlyidx.t .............. ok
t/pureperl/onlyres.t .............. ok
t/pureperl/onlyval.t .............. ok
t/pureperl/pairwise.t ............. ok
t/pureperl/part.t ................. ok
t/pureperl/qsort.t ................ skipped: It's insane to use a pure-perl qsort
t/pureperl/reduce_0.t ............. ok
t/pureperl/reduce_1.t ............. ok
t/pureperl/reduce_u.t ............. ok
t/pureperl/samples.t .............. ok
t/pureperl/singleton.t ............ ok
t/pureperl/slide.t ................ ok
t/pureperl/slideatatime.t ......... ok
t/pureperl/true.t ................. ok
t/pureperl/uniq.t ................. ok
t/pureperl/upper_bound.t .......... ok
t/pureperl/XS.t ................... ok
t/pureperl/zip6.t ................. ok
t/xs/after.t ...................... ok
t/xs/after_incl.t ................. ok
t/xs/all.t ........................ ok
t/xs/all_u.t ...................... ok
t/xs/any.t ........................ ok
t/xs/any_u.t ...................... ok
t/xs/apply.t ...................... ok
t/xs/arrayify.t ................... ok
t/xs/before.t ..................... ok
t/xs/before_incl.t ................ ok
t/xs/binsert.t .................... ok
t/xs/bremove.t .................... ok
t/xs/bsearch.t .................... ok
t/xs/bsearchidx.t ................. ok
t/xs/duplicates.t ................. ok
t/xs/each_array.t ................. ok
t/xs/equal_range.t ................ ok
t/xs/false.t ...................... ok
t/xs/firstidx.t ................... ok
t/xs/firstres.t ................... ok
t/xs/firstval.t ................... ok
t/xs/frequency.t .................. ok
t/xs/Import.t ..................... ok
t/xs/indexes.t .................... ok
t/xs/insert_after.t ............... ok
t/xs/insert_after_string.t ........ ok
t/xs/lastidx.t .................... ok
t/xs/lastres.t .................... ok
t/xs/lastval.t .................... ok
t/xs/listcmp.t .................... ok
t/xs/lower_bound.t ................ ok
t/xs/mesh.t ....................... ok
t/xs/minmax.t ..................... ok
t/xs/minmaxstr.t .................. ok
t/xs/mode.t ....................... ok
t/xs/natatime.t ................... ok
t/xs/none.t ....................... ok
t/xs/none_u.t ..................... ok
t/xs/notall.t ..................... ok
t/xs/notall_u.t ................... ok
t/xs/occurrences.t ................ ok
t/xs/one.t ........................ ok
t/xs/one_u.t ...................... ok
t/xs/onlyidx.t .................... ok
t/xs/onlyres.t .................... ok
t/xs/onlyval.t .................... ok
t/xs/pairwise.t ................... ok
t/xs/part.t ....................... ok
t/xs/qsort.t ...................... ok
t/xs/reduce_0.t ................... ok
t/xs/reduce_1.t ................... ok
t/xs/reduce_u.t ................... ok
t/xs/samples.t .................... ok
t/xs/singleton.t .................. ok
t/xs/slide.t ...................... ok
t/xs/slideatatime.t ............... ok
t/xs/true.t ....................... ok
t/xs/uniq.t ....................... ok
t/xs/upper_bound.t ................ ok
t/xs/XS.t ......................... ok
t/xs/zip6.t ....................... ok
All tests successful.
Files=122, Tests=9066,  9 wallclock secs ( 0.31 usr  0.06 sys +  7.19 cusr  0.87 csys =  8.43 CPU)
Result: PASS
>>> perl-list-moreutils: Entering fakeroot...
Manifying 3 pod documents
Appending installation info to /tmp/pkg/perl-list-moreutils/usr/lib/perl5/core_perl/perllocal.pod
Installing /tmp/pkg/perl-list-moreutils/usr/share/perl5/vendor_perl/List/MoreUtils.pm
Installing /tmp/pkg/perl-list-moreutils/usr/share/perl5/vendor_perl/List/MoreUtils/Contributing.pod
Installing /tmp/pkg/perl-list-moreutils/usr/share/perl5/vendor_perl/List/MoreUtils/PP.pm
Installing /tmp/pkg/perl-list-moreutils/usr/share/man/man3/List::MoreUtils.3pm
Installing /tmp/pkg/perl-list-moreutils/usr/share/man/man3/List::MoreUtils::PP.3pm
Installing /tmp/pkg/perl-list-moreutils/usr/share/man/man3/List::MoreUtils::Contributing.3pm
>>> perl-list-moreutils-doc*: Running split function doc...
'usr/share/man' -> '/tmp/pkg/perl-list-moreutils-doc/usr/share/man'
>>> perl-list-moreutils-doc*: Preparing subpackage perl-list-moreutils-doc...
>>> perl-list-moreutils-doc*: Running postcheck for perl-list-moreutils-doc
>>> perl-list-moreutils*: Running postcheck for perl-list-moreutils
>>> perl-list-moreutils*: Preparing package perl-list-moreutils...
>>> perl-list-moreutils-doc*: Tracing dependencies...
>>> perl-list-moreutils-doc*: Package size: 17.3 KB
>>> perl-list-moreutils-doc*: Compressing data...
>>> perl-list-moreutils-doc*: Create checksum...
>>> perl-list-moreutils-doc*: Create perl-list-moreutils-doc-0.430-r1.apk
>>> perl-list-moreutils*: Tracing dependencies...
	perl
	perl-exporter-tiny
	perl-list-moreutils-xs
>>> perl-list-moreutils*: Package size: 61.9 KB
>>> perl-list-moreutils*: Compressing data...
>>> perl-list-moreutils*: Create checksum...
>>> perl-list-moreutils*: Create perl-list-moreutils-0.430-r1.apk
>>> perl-list-moreutils: Updating the main/x86_64 repository index...
>>> perl-list-moreutils: Signing the index...
>>> perl-list-moreutils: Cleaning up srcdir
>>> perl-list-moreutils: Cleaning up build chroot
>>> perl-list-moreutils: Cleaning up pkgdir
