pigz: not found
>>> perl-test-warn: Building main/perl-test-warn 0.37-r2 (using abuild 3.14.1-r4) started Sun, 18 May 2025 07:11:28 +0000
>>> perl-test-warn: Validating /home/packager/aports/main/perl-test-warn/APKBUILD...
>>> perl-test-warn: Analyzing dependencies...
>>> perl-test-warn: Installing for build: build-base perl perl-sub-uplevel perl-dev
(1/9) Installing libbz2 (1.0.8-r6)
(2/9) Installing perl (5.40.2-r0)
(3/9) Installing perl-sub-uplevel (0.2800-r6)
(4/9) Installing perl-utils (5.40.2-r0)
(5/9) Installing perl-dev (5.40.2-r0)
(6/9) Installing .makedepends-perl-test-warn (20250518.071132)
(7/9) Installing perl-error (0.17029-r2)
(8/9) Installing perl-git (2.47.2-r0)
(9/9) Installing git-perl (2.47.2-r0)
Executing busybox-1.37.0-r12.trigger
OK: 306 MiB in 90 packages
>>> perl-test-warn: Cleaning up srcdir
>>> perl-test-warn: Cleaning up pkgdir
>>> perl-test-warn: Cleaning up tmpdir
>>> perl-test-warn: Fetching https://cpan.metacpan.org/authors/id/B/BI/BIGJ/Test-Warn-0.37.tar.gz
Connecting to cpan.metacpan.org (146.75.122.217:443)
saving to '/var/cache/distfiles/Test-Warn-0.37.tar.gz.part'
Test-Warn-0.37.tar.g 100% |********************************| 12525  0:00:00 ETA
'/var/cache/distfiles/Test-Warn-0.37.tar.gz.part' saved
>>> perl-test-warn: Fetching https://cpan.metacpan.org/authors/id/B/BI/BIGJ/Test-Warn-0.37.tar.gz
>>> perl-test-warn: Checking sha512sums...
Test-Warn-0.37.tar.gz: OK
>>> perl-test-warn: Unpacking /var/cache/distfiles/Test-Warn-0.37.tar.gz...
Checking if your kit is complete...
Looks good
Generating a Unix-style Makefile
Writing Makefile for Test::Warn
Writing MYMETA.yml and MYMETA.json
cp Warn.pm blib/lib/Test/Warn.pm
Manifying 1 pod document
PERL_DL_NONLAZY=1 "/usr/bin/perl" "-MExtUtils::Command::MM" "-MTest::Harness" "-e" "undef *Test::Harness::Switches; test_harness(0, 'blib/lib', 'blib/arch')" t/*.t
t/1.t ............... ok
t/carped.t .......... ok
t/warning_is.t ...... ok
t/warning_like.t .... ok
t/warnings_are.t .... ok
t/warnings_exist.t .. ok
t/warnings_like.t ... ok
All tests successful.
Files=7, Tests=843,  2 wallclock secs ( 0.12 usr  0.02 sys +  2.07 cusr  0.13 csys =  2.34 CPU)
Result: PASS
>>> perl-test-warn: Entering fakeroot...
Manifying 1 pod document
Appending installation info to /home/packager/aports/main/perl-test-warn/pkg/perl-test-warn/usr/lib/perl5/core_perl/perllocal.pod
Installing /home/packager/aports/main/perl-test-warn/pkg/perl-test-warn/usr/share/perl5/vendor_perl/Test/Warn.pm
Installing /home/packager/aports/main/perl-test-warn/pkg/perl-test-warn/usr/share/man/man3/Test::Warn.3pm
>>> perl-test-warn-doc*: Running split function doc...
'usr/share/man' -> '/home/packager/aports/main/perl-test-warn/pkg/perl-test-warn-doc/usr/share/man'
>>> perl-test-warn-doc*: Preparing subpackage perl-test-warn-doc...
>>> perl-test-warn-doc*: Running postcheck for perl-test-warn-doc
>>> perl-test-warn*: Running postcheck for perl-test-warn
>>> perl-test-warn*: Preparing package perl-test-warn...
>>> perl-test-warn-doc*: Tracing dependencies...
>>> perl-test-warn-doc*: Package size: 4.3 KB
>>> perl-test-warn-doc*: Compressing data...
>>> perl-test-warn-doc*: Create checksum...
pigz: not found
>>> perl-test-warn-doc*: Create perl-test-warn-doc-0.37-r2.apk
>>> perl-test-warn*: Tracing dependencies...
	perl
	perl-sub-uplevel
>>> perl-test-warn*: Package size: 15.6 KB
>>> perl-test-warn*: Compressing data...
>>> perl-test-warn*: Create checksum...
pigz: not found
>>> perl-test-warn*: Create perl-test-warn-0.37-r2.apk
>>> perl-test-warn: Build complete at Sun, 18 May 2025 07:11:36 +0000 elapsed time 0h 0m 8s
>>> perl-test-warn: Cleaning up srcdir
>>> perl-test-warn: Cleaning up pkgdir
>>> perl-test-warn: Uninstalling dependencies...
(1/9) Purging .makedepends-perl-test-warn (20250518.071132)
(2/9) Purging perl-sub-uplevel (0.2800-r6)
(3/9) Purging perl-dev (5.40.2-r0)
(4/9) Purging perl-utils (5.40.2-r0)
(5/9) Purging git-perl (2.47.2-r0)
(6/9) Purging perl-git (2.47.2-r0)
(7/9) Purging perl-error (0.17029-r2)
(8/9) Purging perl (5.40.2-r0)
(9/9) Purging libbz2 (1.0.8-r6)
Executing busybox-1.37.0-r12.trigger
OK: 260 MiB in 81 packages
>>> perl-test-warn: Updating the main/x86_64 repository index...
>>> perl-test-warn: Signing the index...
pigz: not found
