pigz: not found
>>> perl-datetime-format-w3cdtf: Building main/perl-datetime-format-w3cdtf 0.08-r4 (using abuild 3.14.1-r4) started Sun, 18 May 2025 09:23:20 +0000
>>> perl-datetime-format-w3cdtf: Validating /home/packager/aports/main/perl-datetime-format-w3cdtf/APKBUILD...
>>> perl-datetime-format-w3cdtf: Analyzing dependencies...
>>> perl-datetime-format-w3cdtf: Installing for build: build-base perl perl-datetime
(1/35) Installing libbz2 (1.0.8-r6)
(2/35) Installing perl (5.40.2-r0)
(3/35) Installing perl-sub-quote (2.006008-r1)
(4/35) Installing perl-devel-stacktrace (2.05-r0)
(5/35) Installing perl-role-tiny (2.002004-r2)
(6/35) Installing perl-mro-compat (0.15-r2)
(7/35) Installing perl-try-tiny (0.32-r0)
(8/35) Installing perl-test-fatal (0.017-r1)
(9/35) Installing perl-eval-closure (0.14-r4)
(10/35) Installing perl-module-runtime (0.016-r6)
(11/35) Installing perl-clone (0.47-r0)
(12/35) Installing perl-specio (0.50-r0)
(13/35) Installing perl-dist-checkconflicts (0.11-r4)
(14/35) Installing perl-class-inspector (1.36-r3)
(15/35) Installing perl-file-sharedir (1.118-r1)
(16/35) Installing perl-sub-exporter-progressive (0.001013-r4)
(17/35) Installing perl-module-implementation (0.09-r5)
(18/35) Installing perl-b-hooks-endofscope (0.28-r0)
(19/35) Installing perl-package-stash (0.40-r1)
(20/35) Installing perl-namespace-clean (0.27-r4)
(21/35) Installing perl-namespace-autoclean (0.31-r0)
(22/35) Installing perl-test-simple (1.302209-r0)
(23/35) Installing perl-test-without-module (0.23-r0)
(24/35) Installing perl-class-data-inheritable (0.10-r0)
(25/35) Installing perl-exception-class (1.45-r1)
(26/35) Installing perl-test2-plugin-nowarnings (0.10-r1)
(27/35) Installing perl-params-validationcompiler (0.31-r2)
(28/35) Installing perl-datetime-locale (1.45-r0)
(29/35) Installing perl-class-singleton (1.6-r2)
(30/35) Installing perl-datetime-timezone (2.65-r0)
(31/35) Installing perl-datetime (1.66-r0)
(32/35) Installing .makedepends-perl-datetime-format-w3cdtf (20250518.092321)
(33/35) Installing perl-error (0.17030-r0)
(34/35) Installing perl-git (2.47.2-r0)
(35/35) Installing git-perl (2.47.2-r0)
Executing busybox-1.37.0-r12.trigger
OK: 312 MiB in 116 packages
>>> perl-datetime-format-w3cdtf: Cleaning up srcdir
>>> perl-datetime-format-w3cdtf: Cleaning up pkgdir
>>> perl-datetime-format-w3cdtf: Cleaning up tmpdir
>>> perl-datetime-format-w3cdtf: Fetching https://cpan.metacpan.org/authors/id/G/GW/GWILLIAMS/DateTime-Format-W3CDTF-0.08.tar.gz
Connecting to cpan.metacpan.org (146.75.122.217:443)
saving to '/var/cache/distfiles/DateTime-Format-W3CDTF-0.08.tar.gz.part'
DateTime-Format-W3CD 100% |********************************| 32885  0:00:00 ETA
'/var/cache/distfiles/DateTime-Format-W3CDTF-0.08.tar.gz.part' saved
>>> perl-datetime-format-w3cdtf: Fetching https://cpan.metacpan.org/authors/id/G/GW/GWILLIAMS/DateTime-Format-W3CDTF-0.08.tar.gz
>>> perl-datetime-format-w3cdtf: Checking sha512sums...
DateTime-Format-W3CDTF-0.08.tar.gz: OK
>>> perl-datetime-format-w3cdtf: Unpacking /var/cache/distfiles/DateTime-Format-W3CDTF-0.08.tar.gz...
Checking if your kit is complete...
Looks good
Generating a Unix-style Makefile
Writing Makefile for DateTime::Format::W3CDTF
Writing MYMETA.yml and MYMETA.json
cp lib/DateTime/Format/W3CDTF.pm blib/lib/DateTime/Format/W3CDTF.pm
Manifying 1 pod document
PERL_DL_NONLAZY=1 "/usr/bin/perl" "-MExtUtils::Command::MM" "-MTest::Harness" "-e" "undef *Test::Harness::Switches; test_harness(0, 'inc', 'blib/lib', 'blib/arch')" t/*.t
t/00load.t ........ ok
t/01parse.t ....... ok
t/02bugs.t ........ ok
t/pod.t ........... skipped: Test::Pod 1.14 required for testing POD
t/pod_coverage.t .. skipped: Test::Pod::Coverage 1.04 required for testing POD coverage
All tests successful.
Files=5, Tests=43,  0 wallclock secs ( 0.03 usr  0.01 sys +  0.75 cusr  0.14 csys =  0.93 CPU)
Result: PASS
>>> perl-datetime-format-w3cdtf: Entering fakeroot...
Manifying 1 pod document
Appending installation info to /home/packager/aports/main/perl-datetime-format-w3cdtf/pkg/perl-datetime-format-w3cdtf/usr/lib/perl5/core_perl/perllocal.pod
Installing /home/packager/aports/main/perl-datetime-format-w3cdtf/pkg/perl-datetime-format-w3cdtf/usr/share/perl5/vendor_perl/DateTime/Format/W3CDTF.pm
Installing /home/packager/aports/main/perl-datetime-format-w3cdtf/pkg/perl-datetime-format-w3cdtf/usr/share/man/man3/DateTime::Format::W3CDTF.3pm
>>> perl-datetime-format-w3cdtf-doc*: Running split function doc...
'usr/share/man' -> '/home/packager/aports/main/perl-datetime-format-w3cdtf/pkg/perl-datetime-format-w3cdtf-doc/usr/share/man'
>>> perl-datetime-format-w3cdtf-doc*: Preparing subpackage perl-datetime-format-w3cdtf-doc...
>>> perl-datetime-format-w3cdtf-doc*: Running postcheck for perl-datetime-format-w3cdtf-doc
>>> perl-datetime-format-w3cdtf*: Running postcheck for perl-datetime-format-w3cdtf
>>> perl-datetime-format-w3cdtf*: Preparing package perl-datetime-format-w3cdtf...
>>> perl-datetime-format-w3cdtf-doc*: Tracing dependencies...
>>> perl-datetime-format-w3cdtf-doc*: Package size: 2.1 KB
>>> perl-datetime-format-w3cdtf-doc*: Compressing data...
>>> perl-datetime-format-w3cdtf-doc*: Create checksum...
pigz: not found
>>> perl-datetime-format-w3cdtf-doc*: Create perl-datetime-format-w3cdtf-doc-0.08-r4.apk
>>> perl-datetime-format-w3cdtf*: Tracing dependencies...
	perl
	perl-datetime
>>> perl-datetime-format-w3cdtf*: Package size: 6.5 KB
>>> perl-datetime-format-w3cdtf*: Compressing data...
>>> perl-datetime-format-w3cdtf*: Create checksum...
pigz: not found
>>> perl-datetime-format-w3cdtf*: Create perl-datetime-format-w3cdtf-0.08-r4.apk
>>> perl-datetime-format-w3cdtf: Build complete at Sun, 18 May 2025 09:23:25 +0000 elapsed time 0h 0m 5s
>>> perl-datetime-format-w3cdtf: Cleaning up srcdir
>>> perl-datetime-format-w3cdtf: Cleaning up pkgdir
>>> perl-datetime-format-w3cdtf: Uninstalling dependencies...
(1/35) Purging .makedepends-perl-datetime-format-w3cdtf (20250518.092321)
(2/35) Purging perl-datetime (1.66-r0)
(3/35) Purging perl-datetime-locale (1.45-r0)
(4/35) Purging perl-file-sharedir (1.118-r1)
(5/35) Purging perl-class-inspector (1.36-r3)
(6/35) Purging perl-datetime-timezone (2.65-r0)
(7/35) Purging perl-class-singleton (1.6-r2)
(8/35) Purging perl-namespace-autoclean (0.31-r0)
(9/35) Purging perl-namespace-clean (0.27-r4)
(10/35) Purging perl-package-stash (0.40-r1)
(11/35) Purging perl-dist-checkconflicts (0.11-r4)
(12/35) Purging perl-b-hooks-endofscope (0.28-r0)
(13/35) Purging perl-sub-exporter-progressive (0.001013-r4)
(14/35) Purging perl-module-implementation (0.09-r5)
(15/35) Purging perl-params-validationcompiler (0.31-r2)
(16/35) Purging perl-specio (0.50-r0)
(17/35) Purging perl-sub-quote (2.006008-r1)
(18/35) Purging perl-test-fatal (0.017-r1)
(19/35) Purging perl-try-tiny (0.32-r0)
(20/35) Purging perl-module-runtime (0.016-r6)
(21/35) Purging perl-clone (0.47-r0)
(22/35) Purging perl-test-without-module (0.23-r0)
(23/35) Purging perl-eval-closure (0.14-r4)
(24/35) Purging perl-exception-class (1.45-r1)
(25/35) Purging perl-devel-stacktrace (2.05-r0)
(26/35) Purging perl-class-data-inheritable (0.10-r0)
(27/35) Purging perl-test2-plugin-nowarnings (0.10-r1)
(28/35) Purging perl-test-simple (1.302209-r0)
(29/35) Purging perl-role-tiny (2.002004-r2)
(30/35) Purging perl-mro-compat (0.15-r2)
(31/35) Purging git-perl (2.47.2-r0)
(32/35) Purging perl-git (2.47.2-r0)
(33/35) Purging perl-error (0.17030-r0)
(34/35) Purging perl (5.40.2-r0)
(35/35) Purging libbz2 (1.0.8-r6)
Executing busybox-1.37.0-r12.trigger
OK: 261 MiB in 81 packages
>>> perl-datetime-format-w3cdtf: Updating the main/x86_64 repository index...
>>> perl-datetime-format-w3cdtf: Signing the index...
pigz: not found
