pigz: not found
>>> perl-apache-logformat-compiler: Building main/perl-apache-logformat-compiler 0.36-r3 (using abuild 3.14.1-r4) started Sun, 18 May 2025 09:43:22 +0000
>>> perl-apache-logformat-compiler: Validating /home/packager/aports/main/perl-apache-logformat-compiler/APKBUILD...
>>> perl-apache-logformat-compiler: Analyzing dependencies...
>>> perl-apache-logformat-compiler: Installing for build: build-base perl perl-posix-strftime-compiler perl-dev perl-module-build-tiny perl-module-build perl-uri perl-http-message perl-test-mocktime perl-test-requires perl-try-tiny
(1/25) Installing libbz2 (1.0.8-r6)
(2/25) Installing perl (5.40.2-r0)
(3/25) Installing tzdata (2025b-r0)
(4/25) Installing perl-posix-strftime-compiler (0.46-r0)
(5/25) Installing perl-utils (5.40.2-r0)
(6/25) Installing perl-dev (5.40.2-r0)
(7/25) Installing perl-extutils-config (0.010-r0)
(8/25) Installing perl-extutils-helpers (0.028-r0)
(9/25) Installing perl-extutils-installpaths (0.014-r0)
(10/25) Installing perl-module-build-tiny (0.051-r0)
(11/25) Installing perl-module-build (0.4234-r1)
(12/25) Installing perl-uri (5.28-r0)
(13/25) Installing perl-clone (0.47-r0)
(14/25) Installing perl-http-date (6.06-r0)
(15/25) Installing perl-io-html (1.004-r1)
(16/25) Installing perl-encode-locale (1.05-r5)
(17/25) Installing perl-lwp-mediatypes (6.04-r3)
(18/25) Installing perl-http-message (7.00-r0)
(19/25) Installing perl-test-mocktime (0.17-r4)
(20/25) Installing perl-test-requires (0.11-r3)
(21/25) Installing perl-try-tiny (0.32-r0)
(22/25) Installing .makedepends-perl-apache-logformat-compiler (20250518.094323)
(23/25) Installing perl-error (0.17030-r0)
(24/25) Installing perl-git (2.47.2-r0)
(25/25) Installing git-perl (2.47.2-r0)
Executing busybox-1.37.0-r12.trigger
OK: 308 MiB in 106 packages
>>> perl-apache-logformat-compiler: Cleaning up srcdir
>>> perl-apache-logformat-compiler: Cleaning up pkgdir
>>> perl-apache-logformat-compiler: Cleaning up tmpdir
>>> perl-apache-logformat-compiler: Fetching https://cpan.metacpan.org/authors/id/K/KA/KAZEBURO/Apache-LogFormat-Compiler-0.36.tar.gz
Connecting to cpan.metacpan.org (146.75.122.217:443)
saving to '/var/cache/distfiles/Apache-LogFormat-Compiler-0.36.tar.gz.part'
Apache-LogFormat-Com 100% |********************************| 16063  0:00:00 ETA
'/var/cache/distfiles/Apache-LogFormat-Compiler-0.36.tar.gz.part' saved
>>> perl-apache-logformat-compiler: Fetching https://cpan.metacpan.org/authors/id/K/KA/KAZEBURO/Apache-LogFormat-Compiler-0.36.tar.gz
>>> perl-apache-logformat-compiler: Checking sha512sums...
Apache-LogFormat-Compiler-0.36.tar.gz: OK
>>> perl-apache-logformat-compiler: Unpacking /var/cache/distfiles/Apache-LogFormat-Compiler-0.36.tar.gz...
Creating new 'Build' script for 'Apache-LogFormat-Compiler' version '0.36'
cp lib/Apache/LogFormat/Compiler.pm blib/lib/Apache/LogFormat/Compiler.pm
t/00_compile.t .. ok
t/01_basic.t .... ok
t/02_custom.t ... ok
t/03_extra.t .... ok
t/04_tz.t ....... ok
All tests successful.
Files=5, Tests=30,  0 wallclock secs ( 0.05 usr  0.00 sys +  0.43 cusr  0.08 csys =  0.56 CPU)
Result: PASS
>>> perl-apache-logformat-compiler: Entering fakeroot...
Installing /home/packager/aports/main/perl-apache-logformat-compiler/pkg/perl-apache-logformat-compiler/usr/share/perl5/vendor_perl/Apache/LogFormat/Compiler.pm
Installing /home/packager/aports/main/perl-apache-logformat-compiler/pkg/perl-apache-logformat-compiler/usr/share/man/man3/Apache::LogFormat::Compiler.3pm
>>> perl-apache-logformat-compiler-doc*: Running split function doc...
'usr/share/man' -> '/home/packager/aports/main/perl-apache-logformat-compiler/pkg/perl-apache-logformat-compiler-doc/usr/share/man'
>>> perl-apache-logformat-compiler-doc*: Preparing subpackage perl-apache-logformat-compiler-doc...
>>> perl-apache-logformat-compiler-doc*: Running postcheck for perl-apache-logformat-compiler-doc
>>> perl-apache-logformat-compiler*: Running postcheck for perl-apache-logformat-compiler
>>> perl-apache-logformat-compiler*: Preparing package perl-apache-logformat-compiler...
>>> perl-apache-logformat-compiler-doc*: Tracing dependencies...
>>> perl-apache-logformat-compiler-doc*: Package size: 2.8 KB
>>> perl-apache-logformat-compiler-doc*: Compressing data...
>>> perl-apache-logformat-compiler-doc*: Create checksum...
pigz: not found
>>> perl-apache-logformat-compiler-doc*: Create perl-apache-logformat-compiler-doc-0.36-r3.apk
>>> perl-apache-logformat-compiler*: Tracing dependencies...
	perl
	perl-posix-strftime-compiler
>>> perl-apache-logformat-compiler*: Package size: 9.2 KB
>>> perl-apache-logformat-compiler*: Compressing data...
>>> perl-apache-logformat-compiler*: Create checksum...
pigz: not found
>>> perl-apache-logformat-compiler*: Create perl-apache-logformat-compiler-0.36-r3.apk
>>> perl-apache-logformat-compiler: Build complete at Sun, 18 May 2025 09:43:25 +0000 elapsed time 0h 0m 3s
>>> perl-apache-logformat-compiler: Cleaning up srcdir
>>> perl-apache-logformat-compiler: Cleaning up pkgdir
>>> perl-apache-logformat-compiler: Uninstalling dependencies...
(1/25) Purging .makedepends-perl-apache-logformat-compiler (20250518.094323)
(2/25) Purging perl-posix-strftime-compiler (0.46-r0)
(3/25) Purging tzdata (2025b-r0)
(4/25) Purging perl-dev (5.40.2-r0)
(5/25) Purging perl-utils (5.40.2-r0)
(6/25) Purging perl-module-build-tiny (0.051-r0)
(7/25) Purging perl-extutils-helpers (0.028-r0)
(8/25) Purging perl-extutils-installpaths (0.014-r0)
(9/25) Purging perl-extutils-config (0.010-r0)
(10/25) Purging perl-module-build (0.4234-r1)
(11/25) Purging perl-http-message (7.00-r0)
(12/25) Purging perl-clone (0.47-r0)
(13/25) Purging perl-http-date (6.06-r0)
(14/25) Purging perl-uri (5.28-r0)
(15/25) Purging perl-io-html (1.004-r1)
(16/25) Purging perl-encode-locale (1.05-r5)
(17/25) Purging perl-lwp-mediatypes (6.04-r3)
(18/25) Purging perl-test-mocktime (0.17-r4)
(19/25) Purging perl-test-requires (0.11-r3)
(20/25) Purging perl-try-tiny (0.32-r0)
(21/25) Purging git-perl (2.47.2-r0)
(22/25) Purging perl-git (2.47.2-r0)
(23/25) Purging perl-error (0.17030-r0)
(24/25) Purging perl (5.40.2-r0)
(25/25) Purging libbz2 (1.0.8-r6)
Executing busybox-1.37.0-r12.trigger
OK: 261 MiB in 81 packages
>>> perl-apache-logformat-compiler: Updating the main/x86_64 repository index...
>>> perl-apache-logformat-compiler: Signing the index...
pigz: not found
