>>> perl-xml-sax: Validating /home/packager/oily-pine/main/perl-xml-sax/APKBUILD...
>>> perl-xml-sax: Cleaning up srcdir
>>> perl-xml-sax: Cleaning up pkgdir
>>> perl-xml-sax: Cleaning up tmpdir
>>> perl-xml-sax: Fetching https://cpan.metacpan.org/authors/id/G/GR/GRANTM/XML-SAX-1.02.tar.gz
  % Total    % Received % Xferd  Average Speed   Time    Time     Time  Current
                                 Dload  Upload   Total   Spent    Left  Speed
  0     0    0     0    0     0      0      0 --:--:-- --:--:-- --:--:--     0100 47318  100 47318    0     0   258k      0 --:--:-- --:--:-- --:--:--  259k
>>> perl-xml-sax: Fetching https://cpan.metacpan.org/authors/id/G/GR/GRANTM/XML-SAX-1.02.tar.gz
>>> perl-xml-sax: Checking sha512sums...
XML-SAX-1.02.tar.gz: OK
>>> perl-xml-sax: Preparing build chroot...
fetch http://dl-cdn.alpinelinux.org/alpine/edge/main/x86_64/APKINDEX.tar.gz
(1/75) Installing musl (1.2.5-r10)
(2/75) Installing libcrypto3 (3.5.0-r0)
(3/75) Installing ca-certificates-bundle (20241121-r2)
(4/75) Installing libssl3 (3.5.0-r0)
(5/75) Installing zlib (1.3.1-r2)
(6/75) Installing libapk2 (2.14.9-r2)
(7/75) Installing apk-tools (2.14.9-r2)
(8/75) Installing libcap2 (2.76-r0)
(9/75) Installing libcap-getcap (2.76-r0)
(10/75) Installing fakeroot (1.37.1.1-r0)
(11/75) Installing scanelf (1.3.8-r1)
(12/75) Installing musl-utils (1.2.5-r10)
(13/75) Installing libgcc (14.3.0-r0)
(14/75) Installing libstdc++ (14.3.0-r0)
(15/75) Installing lzip (1.25-r0)
(16/75) Installing openssl (3.5.0-r0)
(17/75) Installing patch (2.8-r0)
(18/75) Installing pkgconf (2.4.3-r0)
(19/75) Installing acl-libs (2.3.2-r1)
(20/75) Installing tar (1.35-r3)
(21/75) Installing busybox (1.37.0-r18)
Executing busybox-1.37.0-r18.post-install
(22/75) Installing ssl_client (1.37.0-r18)
(23/75) Installing busybox-binsh (1.37.0-r18)
(24/75) Installing abuild (3.15.0-r0)
Executing abuild-3.15.0-r0.pre-install
(25/75) Installing abuild-sudo (3.15.0-r0)
(26/75) Installing alpine-baselayout-data (3.7.0-r0)
(27/75) Installing alpine-baselayout (3.7.0-r0)
Executing alpine-baselayout-3.7.0-r0.pre-install
Executing alpine-baselayout-3.7.0-r0.post-install
(28/75) Installing bridge (1.5-r5)
(29/75) Installing ifupdown-ng (0.12.1-r7)
(30/75) Installing openrc-user (0.62.2-r2)
(31/75) Installing openrc (0.62.2-r2)
Executing openrc-0.62.2-r2.post-install
(32/75) Installing mdev-conf (4.8-r0)
(33/75) Installing busybox-mdev-openrc (1.37.0-r18)
(34/75) Installing alpine-conf (3.20.0-r0)
(35/75) Installing alpine-keys (2.5-r0)
(36/75) Installing alpine-release (3.22.0-r0)
(37/75) Installing busybox-openrc (1.37.0-r18)
(38/75) Installing busybox-suid (1.37.0-r18)
(39/75) Installing alpine-base (3.22.0-r0)
(40/75) Installing jansson (2.14.1-r0)
(41/75) Installing zstd-libs (1.5.7-r0)
(42/75) Installing binutils (2.44-r0)
(43/75) Installing libmagic (5.46-r2)
(44/75) Installing file (5.46-r2)
(45/75) Installing libgomp (14.3.0-r0)
(46/75) Installing libatomic (14.3.0-r0)
(47/75) Installing gmp (6.3.0-r3)
(48/75) Installing isl26 (0.26-r1)
(49/75) Installing mpfr4 (4.2.1_p1-r0)
(50/75) Installing mpc1 (1.3.1-r1)
(51/75) Installing gcc (14.3.0-r0)
(52/75) Installing libstdc++-dev (14.3.0-r0)
(53/75) Installing musl-dev (1.2.5-r10)
(54/75) Installing g++ (14.3.0-r0)
(55/75) Installing make (4.4.1-r3)
(56/75) Installing fortify-headers (1.1-r5)
(57/75) Installing build-base (0.5-r3)
(58/75) Installing brotli-libs (1.1.0-r2)
(59/75) Installing c-ares (1.34.5-r0)
(60/75) Installing libunistring (1.3-r0)
(61/75) Installing libidn2 (2.3.7-r0)
(62/75) Installing nghttp2-libs (1.65.0-r0)
(63/75) Installing libpsl (0.21.5-r3)
(64/75) Installing libcurl (8.14.0-r2)
(65/75) Installing libexpat (2.7.1-r0)
(66/75) Installing pcre2 (10.43-r1)
(67/75) Installing git (2.49.0-r0)
(68/75) Installing git-init-template (2.49.0-r0)
(69/75) Installing libbz2 (1.0.8-r6)
(70/75) Installing perl (5.40.2-r0)
(71/75) Installing perl-error (0.17030-r0)
(72/75) Installing perl-git (2.49.0-r0)
(73/75) Installing git-perl (2.49.0-r0)
(74/75) Installing perl-xml-namespacesupport (1.12-r5)
(75/75) Installing perl-xml-sax-base (1.09-r5)
Executing busybox-1.37.0-r18.trigger
OK: 296 MiB in 75 packages
>>> perl-xml-sax: Fetching https://cpan.metacpan.org/authors/id/G/GR/GRANTM/XML-SAX-1.02.tar.gz
>>> perl-xml-sax: Checking sha512sums...
XML-SAX-1.02.tar.gz: OK
>>> perl-xml-sax: Unpacking /var/cache/distfiles/XML-SAX-1.02.tar.gz...
Checking if your kit is complete...
Looks good
Generating a Unix-style Makefile
Writing Makefile for XML::SAX
Writing MYMETA.yml and MYMETA.json
cp lib/XML/SAX/PurePerl/DTDDecls.pm blib/lib/XML/SAX/PurePerl/DTDDecls.pm
cp lib/XML/SAX/PurePerl/Reader.pm blib/lib/XML/SAX/PurePerl/Reader.pm
cp lib/XML/SAX/PurePerl/XMLDecl.pm blib/lib/XML/SAX/PurePerl/XMLDecl.pm
cp lib/XML/SAX/PurePerl/Reader/String.pm blib/lib/XML/SAX/PurePerl/Reader/String.pm
cp lib/XML/SAX/ParserFactory.pm blib/lib/XML/SAX/ParserFactory.pm
cp lib/XML/SAX/PurePerl/Exception.pm blib/lib/XML/SAX/PurePerl/Exception.pm
cp lib/XML/SAX/PurePerl/UnicodeExt.pm blib/lib/XML/SAX/PurePerl/UnicodeExt.pm
cp lib/XML/SAX/PurePerl/DebugHandler.pm blib/lib/XML/SAX/PurePerl/DebugHandler.pm
cp lib/XML/SAX/PurePerl/Productions.pm blib/lib/XML/SAX/PurePerl/Productions.pm
cp lib/XML/SAX/Intro.pod blib/lib/XML/SAX/Intro.pod
cp lib/XML/SAX/PurePerl/DocType.pm blib/lib/XML/SAX/PurePerl/DocType.pm
cp lib/XML/SAX/DocumentLocator.pm blib/lib/XML/SAX/DocumentLocator.pm
cp lib/XML/SAX/PurePerl/EncodingDetect.pm blib/lib/XML/SAX/PurePerl/EncodingDetect.pm
cp lib/XML/SAX/PurePerl/Reader/Stream.pm blib/lib/XML/SAX/PurePerl/Reader/Stream.pm
cp lib/XML/SAX/PurePerl/Reader/URI.pm blib/lib/XML/SAX/PurePerl/Reader/URI.pm
cp lib/XML/SAX/PurePerl/Reader/UnicodeExt.pm blib/lib/XML/SAX/PurePerl/Reader/UnicodeExt.pm
cp lib/XML/SAX/PurePerl/Reader/NoUnicodeExt.pm blib/lib/XML/SAX/PurePerl/Reader/NoUnicodeExt.pm
cp lib/XML/SAX.pm blib/lib/XML/SAX.pm
cp lib/XML/SAX/PurePerl/NoUnicodeExt.pm blib/lib/XML/SAX/PurePerl/NoUnicodeExt.pm
cp lib/XML/SAX/PurePerl.pm blib/lib/XML/SAX/PurePerl.pm
Manifying 6 pod documents
PERL_DL_NONLAZY=1 "/usr/bin/perl" "-MExtUtils::Command::MM" "-MTest::Harness" "-e" "undef *Test::Harness::Switches; test_harness(0, 'blib/lib', 'blib/arch')" t/*.t
t/00basic.t ....... ok
t/01known.t ....... ok
t/10xmldecl1.t .... ok
t/11xmldecl2.t .... ok
t/12miscstart.t ... ok
t/13int_ent.t ..... ok
t/14encoding.t .... ok
t/15element.t ..... ok
parsed 80085 bytes in 0 seconds
t/16large.t ....... ok
t/19pi.t .......... ok
t/20factory.t ..... ok
t/21saxini.t ...... ok
t/30parse_file.t .. ok
t/40cdata.t ....... ok
t/42entities.t .... ok
t/99cleanup.t ..... ok
All tests successful.
Files=16, Tests=113,  0 wallclock secs ( 0.02 usr  0.01 sys +  0.51 cusr  0.10 csys =  0.64 CPU)
Result: PASS
>>> perl-xml-sax: Entering fakeroot...
Manifying 6 pod documents
Appending installation info to /tmp/pkg/perl-xml-sax/usr/lib/perl5/core_perl/perllocal.pod
Installing /tmp/pkg/perl-xml-sax/usr/share/perl5/vendor_perl/XML/SAX.pm
Installing /tmp/pkg/perl-xml-sax/usr/share/perl5/vendor_perl/XML/SAX/ParserFactory.pm
Installing /tmp/pkg/perl-xml-sax/usr/share/perl5/vendor_perl/XML/SAX/DocumentLocator.pm
Installing /tmp/pkg/perl-xml-sax/usr/share/perl5/vendor_perl/XML/SAX/PurePerl.pm
Installing /tmp/pkg/perl-xml-sax/usr/share/perl5/vendor_perl/XML/SAX/Intro.pod
Installing /tmp/pkg/perl-xml-sax/usr/share/perl5/vendor_perl/XML/SAX/PurePerl/DocType.pm
Installing /tmp/pkg/perl-xml-sax/usr/share/perl5/vendor_perl/XML/SAX/PurePerl/EncodingDetect.pm
Installing /tmp/pkg/perl-xml-sax/usr/share/perl5/vendor_perl/XML/SAX/PurePerl/XMLDecl.pm
Installing /tmp/pkg/perl-xml-sax/usr/share/perl5/vendor_perl/XML/SAX/PurePerl/UnicodeExt.pm
Installing /tmp/pkg/perl-xml-sax/usr/share/perl5/vendor_perl/XML/SAX/PurePerl/DebugHandler.pm
Installing /tmp/pkg/perl-xml-sax/usr/share/perl5/vendor_perl/XML/SAX/PurePerl/Exception.pm
Installing /tmp/pkg/perl-xml-sax/usr/share/perl5/vendor_perl/XML/SAX/PurePerl/DTDDecls.pm
Installing /tmp/pkg/perl-xml-sax/usr/share/perl5/vendor_perl/XML/SAX/PurePerl/Productions.pm
Installing /tmp/pkg/perl-xml-sax/usr/share/perl5/vendor_perl/XML/SAX/PurePerl/NoUnicodeExt.pm
Installing /tmp/pkg/perl-xml-sax/usr/share/perl5/vendor_perl/XML/SAX/PurePerl/Reader.pm
Installing /tmp/pkg/perl-xml-sax/usr/share/perl5/vendor_perl/XML/SAX/PurePerl/Reader/Stream.pm
Installing /tmp/pkg/perl-xml-sax/usr/share/perl5/vendor_perl/XML/SAX/PurePerl/Reader/URI.pm
Installing /tmp/pkg/perl-xml-sax/usr/share/perl5/vendor_perl/XML/SAX/PurePerl/Reader/UnicodeExt.pm
Installing /tmp/pkg/perl-xml-sax/usr/share/perl5/vendor_perl/XML/SAX/PurePerl/Reader/String.pm
Installing /tmp/pkg/perl-xml-sax/usr/share/perl5/vendor_perl/XML/SAX/PurePerl/Reader/NoUnicodeExt.pm
Installing /tmp/pkg/perl-xml-sax/usr/share/man/man3/XML::SAX::PurePerl::Reader.3pm
Installing /tmp/pkg/perl-xml-sax/usr/share/man/man3/XML::SAX.3pm
Installing /tmp/pkg/perl-xml-sax/usr/share/man/man3/XML::SAX::PurePerl.3pm
Installing /tmp/pkg/perl-xml-sax/usr/share/man/man3/XML::SAX::ParserFactory.3pm
Installing /tmp/pkg/perl-xml-sax/usr/share/man/man3/XML::SAX::Intro.3pm
Installing /tmp/pkg/perl-xml-sax/usr/share/man/man3/XML::SAX::DocumentLocator.3pm
could not find ParserDetails.ini in blib/lib/XML/SAX
>>> perl-xml-sax-doc*: Running split function doc...
'usr/share/man' -> '/tmp/pkg/perl-xml-sax-doc/usr/share/man'
>>> perl-xml-sax-doc*: Preparing subpackage perl-xml-sax-doc...
>>> perl-xml-sax-doc*: Running postcheck for perl-xml-sax-doc
>>> perl-xml-sax*: Running postcheck for perl-xml-sax
>>> perl-xml-sax*: Preparing package perl-xml-sax...
>>> perl-xml-sax*: Script found. /bin/sh added as a dependency for perl-xml-sax-1.02-r3.apk
>>> perl-xml-sax*: Adding .post-install
>>> perl-xml-sax*: Adding .post-upgrade
>>> perl-xml-sax*: Adding .pre-deinstall
>>> perl-xml-sax-doc*: Tracing dependencies...
>>> perl-xml-sax-doc*: Package size: 15.7 KB
>>> perl-xml-sax-doc*: Compressing data...
>>> perl-xml-sax-doc*: Create checksum...
>>> perl-xml-sax-doc*: Create perl-xml-sax-doc-1.02-r3.apk
>>> perl-xml-sax*: Tracing dependencies...
	perl
	perl-xml-sax-base
	perl-xml-namespacesupport
	/bin/sh
>>> perl-xml-sax*: Package size: 99.0 KB
>>> perl-xml-sax*: Compressing data...
>>> perl-xml-sax*: Create checksum...
>>> perl-xml-sax*: Create perl-xml-sax-1.02-r3.apk
>>> perl-xml-sax: Updating the main/x86_64 repository index...
>>> perl-xml-sax: Signing the index...
>>> perl-xml-sax: Cleaning up srcdir
>>> perl-xml-sax: Cleaning up build chroot
>>> perl-xml-sax: Cleaning up pkgdir
