>>> perl-namespace-autoclean: Validating /home/packager/oily-pine/main/perl-namespace-autoclean/APKBUILD...
>>> perl-namespace-autoclean: Cleaning up srcdir
>>> perl-namespace-autoclean: Cleaning up pkgdir
>>> perl-namespace-autoclean: Cleaning up tmpdir
>>> perl-namespace-autoclean: Fetching https://cpan.metacpan.org/authors/id/E/ET/ETHER/namespace-autoclean-0.31.tar.gz
  % Total    % Received % Xferd  Average Speed   Time    Time     Time  Current
                                 Dload  Upload   Total   Spent    Left  Speed
  0     0    0     0    0     0      0      0 --:--:-- --:--:-- --:--:--     0100 39548  100 39548    0     0   193k      0 --:--:-- --:--:-- --:--:--  194k
>>> perl-namespace-autoclean: Fetching https://cpan.metacpan.org/authors/id/E/ET/ETHER/namespace-autoclean-0.31.tar.gz
>>> perl-namespace-autoclean: Checking sha512sums...
namespace-autoclean-0.31.tar.gz: OK
>>> perl-namespace-autoclean: Preparing build chroot...
fetch http://dl-cdn.alpinelinux.org/alpine/edge/main/x86_64/APKINDEX.tar.gz
(1/84) Installing musl (1.2.5-r10)
(2/84) Installing libcrypto3 (3.5.0-r0)
(3/84) Installing ca-certificates-bundle (20241121-r2)
(4/84) Installing libssl3 (3.5.0-r0)
(5/84) Installing zlib (1.3.1-r2)
(6/84) Installing libapk2 (2.14.9-r2)
(7/84) Installing apk-tools (2.14.9-r2)
(8/84) Installing libcap2 (2.76-r0)
(9/84) Installing libcap-getcap (2.76-r0)
(10/84) Installing fakeroot (1.37.1.1-r0)
(11/84) Installing scanelf (1.3.8-r1)
(12/84) Installing musl-utils (1.2.5-r10)
(13/84) Installing libgcc (14.3.0-r1)
(14/84) Installing libstdc++ (14.3.0-r1)
(15/84) Installing lzip (1.25-r0)
(16/84) Installing openssl (3.5.0-r0)
(17/84) Installing patch (2.8-r0)
(18/84) Installing pkgconf (2.4.3-r0)
(19/84) Installing acl-libs (2.3.2-r1)
(20/84) Installing tar (1.35-r3)
(21/84) Installing busybox (1.37.0-r18)
Executing busybox-1.37.0-r18.post-install
(22/84) Installing ssl_client (1.37.0-r18)
(23/84) Installing busybox-binsh (1.37.0-r18)
(24/84) Installing abuild (3.15.0-r0)
Executing abuild-3.15.0-r0.pre-install
(25/84) Installing abuild-sudo (3.15.0-r0)
(26/84) Installing alpine-baselayout-data (3.7.0-r0)
(27/84) Installing alpine-baselayout (3.7.0-r0)
Executing alpine-baselayout-3.7.0-r0.pre-install
Executing alpine-baselayout-3.7.0-r0.post-install
(28/84) Installing bridge (1.5-r5)
(29/84) Installing ifupdown-ng (0.12.1-r7)
(30/84) Installing openrc-user (0.62.2-r2)
(31/84) Installing openrc (0.62.2-r2)
Executing openrc-0.62.2-r2.post-install
(32/84) Installing mdev-conf (4.8-r0)
(33/84) Installing busybox-mdev-openrc (1.37.0-r18)
(34/84) Installing alpine-conf (3.20.0-r0)
(35/84) Installing alpine-keys (2.5-r0)
(36/84) Installing alpine-release (3.22.0-r0)
(37/84) Installing busybox-openrc (1.37.0-r18)
(38/84) Installing busybox-suid (1.37.0-r18)
(39/84) Installing alpine-base (3.22.0-r0)
(40/84) Installing jansson (2.14.1-r0)
(41/84) Installing zstd-libs (1.5.7-r0)
(42/84) Installing binutils (2.44-r0)
(43/84) Installing libmagic (5.46-r2)
(44/84) Installing file (5.46-r2)
(45/84) Installing libgomp (14.3.0-r1)
(46/84) Installing libatomic (14.3.0-r1)
(47/84) Installing gmp (6.3.0-r3)
(48/84) Installing isl26 (0.26-r1)
(49/84) Installing mpfr4 (4.2.1_p1-r0)
(50/84) Installing mpc1 (1.3.1-r1)
(51/84) Installing gcc (14.3.0-r1)
(52/84) Installing libstdc++-dev (14.3.0-r1)
(53/84) Installing musl-dev (1.2.5-r10)
(54/84) Installing g++ (14.3.0-r1)
(55/84) Installing make (4.4.1-r3)
(56/84) Installing fortify-headers (1.1-r5)
(57/84) Installing build-base (0.5-r3)
(58/84) Installing brotli-libs (1.1.0-r2)
(59/84) Installing c-ares (1.34.5-r0)
(60/84) Installing libunistring (1.3-r0)
(61/84) Installing libidn2 (2.3.7-r0)
(62/84) Installing nghttp2-libs (1.65.0-r0)
(63/84) Installing libpsl (0.21.5-r3)
(64/84) Installing libcurl (8.14.0-r2)
(65/84) Installing libexpat (2.7.1-r0)
(66/84) Installing pcre2 (10.43-r1)
(67/84) Installing git (2.49.0-r0)
(68/84) Installing git-init-template (2.49.0-r0)
(69/84) Installing libbz2 (1.0.8-r6)
(70/84) Installing perl (5.40.2-r0)
(71/84) Installing perl-error (0.17030-r0)
(72/84) Installing perl-git (2.49.0-r0)
(73/84) Installing git-perl (2.49.0-r0)
(74/84) Installing perl-sub-exporter-progressive (0.001013-r4)
(75/84) Installing perl-module-runtime (0.016-r6)
(76/84) Installing perl-try-tiny (0.32-r0)
(77/84) Installing perl-module-implementation (0.09-r5)
(78/84) Installing perl-b-hooks-endofscope (0.28-r0)
(79/84) Installing perl-mro-compat (0.15-r2)
(80/84) Installing perl-dist-checkconflicts (0.11-r4)
(81/84) Installing perl-package-stash (0.40-r1)
(82/84) Installing perl-devel-overloadinfo (0.007-r1)
(83/84) Installing perl-namespace-clean (0.27-r4)
(84/84) Installing perl-test-needs (0.002010-r1)
Executing busybox-1.37.0-r18.trigger
OK: 297 MiB in 84 packages
>>> perl-namespace-autoclean: Fetching https://cpan.metacpan.org/authors/id/E/ET/ETHER/namespace-autoclean-0.31.tar.gz
>>> perl-namespace-autoclean: Checking sha512sums...
namespace-autoclean-0.31.tar.gz: OK
>>> perl-namespace-autoclean: Unpacking /var/cache/distfiles/namespace-autoclean-0.31.tar.gz...
Checking if your kit is complete...
Looks good
Generating a Unix-style Makefile
Writing Makefile for namespace::autoclean
Writing MYMETA.yml and MYMETA.json
cp lib/namespace/autoclean.pm blib/lib/namespace/autoclean.pm
Manifying 1 pod document
PERL_DL_NONLAZY=1 "/usr/bin/perl" "-MExtUtils::Command::MM" "-MTest::Harness" "-e" "undef *Test::Harness::Switches; test_harness(0, 'blib/lib', 'blib/arch')" t/*.t
# 
# Versions for all modules listed in MYMETA.json (including optional ones):
# 
# === Configure Requires ===
# 
#     Module               Want     Have
#     ------------------- ----- --------
#     ExtUtils::MakeMaker   any     7.70
#     perl                5.006 5.040002
# 
# === Build Requires ===
# 
#     Module              Want Have
#     ------------------- ---- ----
#     ExtUtils::MakeMaker  any 7.70
# 
# === Test Requires ===
# 
#     Module               Want     Have
#     ------------------- ----- --------
#     Carp                  any     1.54
#     ExtUtils::MakeMaker   any     7.70
#     File::Basename        any     2.86
#     File::Spec            any     3.91
#     FindBin               any     1.54
#     Scalar::Util          any     1.63
#     Test::More           0.88 1.302199
#     Test::Needs           any 0.002010
#     constant              any     1.33
#     overload              any     1.37
#     perl                5.006 5.040002
# 
# === Test Recommends ===
# 
#     Module         Want     Have
#     ---------- -------- --------
#     CPAN::Meta 2.120900 2.150010
# 
# === Runtime Requires ===
# 
#     Module                Want     Have
#     -------------------- ----- --------
#     B                      any     1.89
#     B::Hooks::EndOfScope  0.12     0.28
#     List::Util             any     1.63
#     namespace::clean      0.20     0.27
#     perl                 5.006 5.040002
#     strict                 any     1.13
#     warnings               any     1.70
# 
# === Other Modules ===
# 
#     Module                           Have
#     ----------------------------- -------
#     Class::MOP                    missing
#     Encode                           3.21
#     Exporter                         5.78
#     File::Temp                     0.2311
#     JSON::PP                         4.16
#     Module::Runtime                 0.016
#     Moo                           missing
#     Moose                         missing
#     MooseX::Role::Parameterized   missing
#     MooseX::Role::WithOverloading missing
#     Mouse                         missing
#     Mouse::PurePerl               missing
#     Pod::Coverage                 missing
#     Role::Tiny                    missing
#     Sub::Exporter                 missing
#     Sub::Install                  missing
#     Sub::Name                     missing
#     Sub::Util                        1.63
#     Test::Fatal                   missing
#     YAML                          missing
#     autodie                          2.37
#     parent                          0.241
# 
t/00-report-prereqs.t .............. ok
t/also.t ........................... ok
t/basic.t .......................... ok
t/broken_meta.t .................... ok
t/cleanee.t ........................ ok
t/constant.t ....................... ok
t/except.t ......................... ok
t/matchclean.t ..................... ok
t/moo-with-moose.t ................. skipped: Need Moo 1.004000, Moose
t/moo.t ............................ skipped: Need Moo, Moo::Role
t/moose-with-native-overloading.t .. skipped: Need Moose 2.1300
t/moose-withoverloading.t .......... skipped: Need Moose, MooseX::Role::WithOverloading
t/moose.t .......................... skipped: Need Moose 0.56
t/mouse-pp.t ....................... skipped: Need Mouse
t/mouse.t .......................... skipped: Need Mouse
t/overload.t ....................... ok
t/sub-install.t .................... skipped: Need Sub::Install
t/sub-name.t ....................... skipped: Need Sub::Name
All tests successful.
Files=18, Tests=32,  1 wallclock secs ( 0.01 usr  0.02 sys +  0.62 cusr  0.13 csys =  0.78 CPU)
Result: PASS
>>> perl-namespace-autoclean: Entering fakeroot...
Manifying 1 pod document
Installing /tmp/pkg/perl-namespace-autoclean/usr/share/perl5/vendor_perl/namespace/autoclean.pm
Installing /tmp/pkg/perl-namespace-autoclean/usr/share/man/man3/namespace::autoclean.3pm
>>> perl-namespace-autoclean-doc*: Running split function doc...
'usr/share/man' -> '/tmp/pkg/perl-namespace-autoclean-doc/usr/share/man'
>>> perl-namespace-autoclean-doc*: Preparing subpackage perl-namespace-autoclean-doc...
>>> perl-namespace-autoclean-doc*: Running postcheck for perl-namespace-autoclean-doc
>>> perl-namespace-autoclean*: Running postcheck for perl-namespace-autoclean
>>> perl-namespace-autoclean*: Preparing package perl-namespace-autoclean...
>>> perl-namespace-autoclean-doc*: Tracing dependencies...
>>> perl-namespace-autoclean-doc*: Package size: 3.0 KB
>>> perl-namespace-autoclean-doc*: Compressing data...
>>> perl-namespace-autoclean-doc*: Create checksum...
>>> perl-namespace-autoclean-doc*: Create perl-namespace-autoclean-doc-0.31-r0.apk
>>> perl-namespace-autoclean*: Tracing dependencies...
	perl
	perl-b-hooks-endofscope
	perl-namespace-clean
>>> perl-namespace-autoclean*: Package size: 12.5 KB
>>> perl-namespace-autoclean*: Compressing data...
>>> perl-namespace-autoclean*: Create checksum...
>>> perl-namespace-autoclean*: Create perl-namespace-autoclean-0.31-r0.apk
>>> perl-namespace-autoclean: Updating the main/x86_64 repository index...
>>> perl-namespace-autoclean: Signing the index...
>>> perl-namespace-autoclean: Cleaning up srcdir
>>> perl-namespace-autoclean: Cleaning up build chroot
>>> perl-namespace-autoclean: Cleaning up pkgdir
