pigz: not found
>>> perl-scope-upper: Building main/perl-scope-upper 0.34-r3 (using abuild 3.14.1-r4) started Sun, 18 May 2025 09:47:00 +0000
>>> perl-scope-upper: Validating /home/packager/aports/main/perl-scope-upper/APKBUILD...
>>> perl-scope-upper: Analyzing dependencies...
>>> perl-scope-upper: Installing for build: build-base perl perl-dev
(1/8) Installing libbz2 (1.0.8-r6)
(2/8) Installing perl (5.40.2-r0)
(3/8) Installing perl-utils (5.40.2-r0)
(4/8) Installing perl-dev (5.40.2-r0)
(5/8) Installing .makedepends-perl-scope-upper (20250518.094702)
(6/8) Installing perl-error (0.17030-r0)
(7/8) Installing perl-git (2.47.2-r0)
(8/8) Installing git-perl (2.47.2-r0)
Executing busybox-1.37.0-r12.trigger
OK: 307 MiB in 89 packages
>>> perl-scope-upper: Cleaning up srcdir
>>> perl-scope-upper: Cleaning up pkgdir
>>> perl-scope-upper: Cleaning up tmpdir
>>> perl-scope-upper: Fetching https://cpan.metacpan.org/authors/id/V/VP/VPIT/Scope-Upper-0.34.tar.gz
Connecting to cpan.metacpan.org (146.75.122.217:443)
saving to '/var/cache/distfiles/Scope-Upper-0.34.tar.gz.part'
Scope-Upper-0.34.tar 100% |********************************| 98128  0:00:00 ETA
'/var/cache/distfiles/Scope-Upper-0.34.tar.gz.part' saved
>>> perl-scope-upper: Fetching https://cpan.metacpan.org/authors/id/V/VP/VPIT/Scope-Upper-0.34.tar.gz
>>> perl-scope-upper: Checking sha512sums...
Scope-Upper-0.34.tar.gz: OK
>>> perl-scope-upper: Unpacking /var/cache/distfiles/Scope-Upper-0.34.tar.gz...
Checking if this is an official release of perl... yes
Checking if this is gcc 3.4 on Windows trying to link against an import library... no
Checking if your kit is complete...
Looks good
Generating a Unix-style Makefile
Writing Makefile for Scope::Upper
Writing MYMETA.yml and MYMETA.json
"/usr/bin/perl" "/usr/share/perl5/core_perl/ExtUtils/xsubpp"  -typemap '/usr/share/perl5/core_perl/ExtUtils/typemap'  Upper.xs > Upper.xsc
Running Mkbootstrap for Upper ()
chmod 644 "Upper.bs"
"/usr/bin/perl" -MExtUtils::Command::MM -e 'cp_nonempty' -- Upper.bs blib/arch/auto/Scope/Upper/Upper.bs 644
cp lib/Scope/Upper.pm blib/lib/Scope/Upper.pm
mv Upper.xsc Upper.c
cc -c   -D_REENTRANT -D_GNU_SOURCE -D_GNU_SOURCE -fwrapv -fno-strict-aliasing -pipe -fstack-protector-strong -D_LARGEFILE_SOURCE -D_FILE_OFFSET_BITS=64 -Os -fstack-clash-protection -Wformat -Werror=format-security -fno-plt -O2   -DVERSION=\"0.34\" -DXS_VERSION=\"0.34\" -fPIC "-I/usr/lib/perl5/core_perl/CORE"  -DSU_RELEASE=1 Upper.c
rm -f blib/arch/auto/Scope/Upper/Upper.so
cc  -shared -Os -fstack-clash-protection -Wformat -Werror=format-security -fno-plt -O2 -L/usr/local/lib -fstack-protector-strong  Upper.o  -o blib/arch/auto/Scope/Upper/Upper.so  \
      \
  
chmod 755 blib/arch/auto/Scope/Upper/Upper.so
Manifying 1 pod document
"/usr/bin/perl" -MExtUtils::Command::MM -e 'cp_nonempty' -- Upper.bs blib/arch/auto/Scope/Upper/Upper.bs 644
PERL_DL_NONLAZY=1 "/usr/bin/perl" "-MExtUtils::Command::MM" "-MTest::Harness" "-e" "undef *Test::Harness::Switches; test_harness(0, 'blib/lib', 'blib/arch')" t/*.t
# Testing Scope::Upper 0.34, Perl 5.040002, /usr/bin/perl
t/00-load.t ...................... ok
t/01-import.t .................... ok
t/05-words.t ..................... ok
t/06-want_at.t ................... ok
t/07-context_info.t .............. ok
# Using threads 2.40
# Using threads::shared 1.69
t/09-load-threads.t .............. ok
t/11-reap-level.t ................ ok
t/12-reap-block.t ................ ok
t/13-reap-ctl.t .................. ok
t/15-reap-multi.t ................ ok
t/16-reap-numerous.t ............. ok
t/20-localize-target.t ........... ok
t/21-localize-level.t ............ ok
t/22-localize-block.t ............ ok
t/23-localize-ctl.t .............. ok
t/24-localize-magic.t ............ ok
t/25-localize-multi.t ............ ok
t/26-localize-numerous.t ......... ok
t/30-localize_elem-target.t ...... ok
t/31-localize_elem-level.t ....... ok
t/32-localize_elem-block.t ....... ok
t/34-localize_elem-magic.t ....... ok
t/36-localize_elem-numerous.t .... ok
t/40-localize_delete-target.t .... ok
t/41-localize_delete-level.t ..... ok
t/44-localize_delete-magic.t ..... ok
t/46-localize_delete-numerous.t .. ok
t/50-unwind-target.t ............. ok
t/51-unwind-multi.t .............. ok
t/52-unwind-context.t ............ ok
t/53-unwind-misc.t ............... ok
# Using threads 2.40
# Using threads::shared 1.69
# Using usleep() from Time::HiRes 1.9777
t/54-unwind-threads.t ............ ok
t/55-yield-target.t .............. ok
t/57-yield-context.t ............. ok
t/58-yield-misc.t ................ ok
# Using threads 2.40
# Using threads::shared 1.69
# Using usleep() from Time::HiRes 1.9777
t/59-yield-threads.t ............. ok
t/60-uplevel-target.t ............ ok
t/61-uplevel-args.t .............. ok
t/62-uplevel-return.t ............ ok
t/63-uplevel-ctl.t ............... ok
t/64-uplevel-caller.t ............ ok
t/65-uplevel-multi.t ............. ok
t/66-uplevel-context.t ........... ok
t/67-uplevel-scope.t ............. ok
# Using threads 2.40
# Using threads::shared 1.69
# Using usleep() from Time::HiRes 1.9777
t/69-uplevel-threads.t ........... ok
t/70-uid-target.t ................ ok
t/74-uid-validate.t .............. ok
t/75-uid-uplevel.t ............... ok
# Using threads 2.40
# Using threads::shared 1.69
# Using usleep() from Time::HiRes 1.9777
t/79-uid-threads.t ............... ok
t/81-stress-level.t .............. ok
t/84-stress-unwind.t ............. ok
t/85-stress-yield.t .............. ok
t/86-stress-uplevel.t ............ ok
t/87-stress-uid.t ................ ok
All tests successful.
Files=54, Tests=89771, 10 wallclock secs ( 3.49 usr  0.10 sys +  6.92 cusr  1.15 csys = 11.66 CPU)
Result: PASS
>>> perl-scope-upper: Entering fakeroot...
"/usr/bin/perl" -MExtUtils::Command::MM -e 'cp_nonempty' -- Upper.bs blib/arch/auto/Scope/Upper/Upper.bs 644
Manifying 1 pod document
Appending installation info to /home/packager/aports/main/perl-scope-upper/pkg/perl-scope-upper/usr/lib/perl5/core_perl/perllocal.pod
Files found in blib/arch: installing files in blib/lib into architecture dependent library tree
Installing /home/packager/aports/main/perl-scope-upper/pkg/perl-scope-upper/usr/lib/perl5/vendor_perl/auto/Scope/Upper/Upper.so
Installing /home/packager/aports/main/perl-scope-upper/pkg/perl-scope-upper/usr/lib/perl5/vendor_perl/Scope/Upper.pm
Installing /home/packager/aports/main/perl-scope-upper/pkg/perl-scope-upper/usr/share/man/man3/Scope::Upper.3pm
>>> perl-scope-upper-doc*: Running split function doc...
'usr/share/man' -> '/home/packager/aports/main/perl-scope-upper/pkg/perl-scope-upper-doc/usr/share/man'
>>> perl-scope-upper-doc*: Preparing subpackage perl-scope-upper-doc...
>>> perl-scope-upper-doc*: Running postcheck for perl-scope-upper-doc
>>> perl-scope-upper*: Running postcheck for perl-scope-upper
>>> perl-scope-upper*: Preparing package perl-scope-upper...
>>> perl-scope-upper*: Stripping binaries
>>> perl-scope-upper-doc*: Scanning shared objects
>>> perl-scope-upper*: Scanning shared objects
>>> perl-scope-upper-doc*: Tracing dependencies...
>>> perl-scope-upper-doc*: Package size: 9.5 KB
>>> perl-scope-upper-doc*: Compressing data...
>>> perl-scope-upper-doc*: Create checksum...
pigz: not found
>>> perl-scope-upper-doc*: Create perl-scope-upper-doc-0.34-r3.apk
>>> perl-scope-upper*: Tracing dependencies...
	perl
	so:libc.musl-x86_64.so.1
>>> perl-scope-upper*: Package size: 71.3 KB
>>> perl-scope-upper*: Compressing data...
>>> perl-scope-upper*: Create checksum...
pigz: not found
>>> perl-scope-upper*: Create perl-scope-upper-0.34-r3.apk
>>> perl-scope-upper: Build complete at Sun, 18 May 2025 09:47:15 +0000 elapsed time 0h 0m 15s
>>> perl-scope-upper: Cleaning up srcdir
>>> perl-scope-upper: Cleaning up pkgdir
>>> perl-scope-upper: Uninstalling dependencies...
(1/8) Purging .makedepends-perl-scope-upper (20250518.094702)
(2/8) Purging perl-dev (5.40.2-r0)
(3/8) Purging perl-utils (5.40.2-r0)
(4/8) Purging git-perl (2.47.2-r0)
(5/8) Purging perl-git (2.47.2-r0)
(6/8) Purging perl-error (0.17030-r0)
(7/8) Purging perl (5.40.2-r0)
(8/8) Purging libbz2 (1.0.8-r6)
Executing busybox-1.37.0-r12.trigger
OK: 261 MiB in 81 packages
>>> perl-scope-upper: Updating the main/x86_64 repository index...
>>> perl-scope-upper: Signing the index...
pigz: not found
