pigz: not found
>>> cxxopts: Building main/cxxopts 3.2.1-r0 (using abuild 3.14.1-r4) started Fri, 16 May 2025 20:50:10 +0000
>>> cxxopts: Validating /home/packager/aports/main/cxxopts/APKBUILD...
>>> cxxopts: Analyzing dependencies...
>>> cxxopts: Installing for build: build-base cmake ninja
(1/9) Installing libbz2 (1.0.8-r6)
(2/9) Installing lz4-libs (1.10.0-r0)
(3/9) Installing xz-libs (5.6.3-r1)
(4/9) Installing libarchive (3.7.9-r0)
(5/9) Installing rhash-libs (1.4.5-r0)
(6/9) Installing libuv (1.49.2-r0)
(7/9) Installing cmake (3.31.7-r0)
(8/9) Installing samurai (1.2-r6)
(9/9) Installing .makedepends-cxxopts (20250516.205011)
Executing busybox-1.37.0-r12.trigger
OK: 313 MiB in 83 packages
>>> cxxopts: Cleaning up srcdir
>>> cxxopts: Cleaning up pkgdir
>>> cxxopts: Cleaning up tmpdir
>>> cxxopts: Fetching https://github.com/jarro2783/cxxopts/archive/v3.2.1/cxxopts-3.2.1.tar.gz
Connecting to github.com (140.82.121.3:443)
Connecting to codeload.github.com (140.82.121.9:443)
saving to '/var/cache/distfiles/cxxopts-3.2.1.tar.gz.part'
cxxopts-3.2.1.tar.gz 100% |********************************|  156k  0:00:00 ETA
'/var/cache/distfiles/cxxopts-3.2.1.tar.gz.part' saved
>>> cxxopts: Fetching https://github.com/jarro2783/cxxopts/archive/v3.2.1/cxxopts-3.2.1.tar.gz
>>> cxxopts: Checking sha512sums...
cxxopts-3.2.1.tar.gz: OK
>>> cxxopts: Unpacking /var/cache/distfiles/cxxopts-3.2.1.tar.gz...
-- The CXX compiler identification is GNU 14.2.0
-- Detecting CXX compiler ABI info
-- Detecting CXX compiler ABI info - done
-- Check for working CXX compiler: /usr/bin/g++ - skipped
-- Detecting CXX compile features
-- Detecting CXX compile features - done
-- Configuring done (0.3s)
-- Generating done (0.0s)
-- Build files have been written to: /home/packager/aports/main/cxxopts/src/cxxopts-3.2.1/build
[1/8] Building CXX object test/CMakeFiles/link_test.dir/link_b.cpp.o
[2/8] Building CXX object test/CMakeFiles/link_test.dir/link_a.cpp.o
[3/8] Building CXX object test/CMakeFiles/options_test.dir/options.cpp.o
[4/8] Building CXX object test/CMakeFiles/options_test.dir/main.cpp.o
[5/8] Building CXX object src/CMakeFiles/example.dir/example.cpp.o
[6/8] Linking CXX executable test/link_test
[7/8] Linking CXX executable src/example
[8/8] Linking CXX executable test/options_test
Test project /home/packager/aports/main/cxxopts/src/cxxopts-3.2.1/build
    Start 1: options
    Start 2: find-package-test
    Start 3: add-subdirectory-test
1/3 Test #1: options ..........................   Passed    0.01 sec
2/3 Test #2: find-package-test ................   Passed    9.99 sec
3/3 Test #3: add-subdirectory-test ............   Passed   10.03 sec

100% tests passed, 0 tests failed out of 3

Total Test time (real) =  10.04 sec
>>> cxxopts: Entering fakeroot...
-- Install configuration: "None"
-- Installing: /home/packager/aports/main/cxxopts/pkg/cxxopts/usr/lib/cmake/cxxopts/cxxopts-config.cmake
-- Installing: /home/packager/aports/main/cxxopts/pkg/cxxopts/usr/lib/cmake/cxxopts/cxxopts-config-version.cmake
-- Installing: /home/packager/aports/main/cxxopts/pkg/cxxopts/usr/lib/cmake/cxxopts/cxxopts-targets.cmake
-- Installing: /home/packager/aports/main/cxxopts/pkg/cxxopts/usr/include/cxxopts.hpp
-- Installing: /home/packager/aports/main/cxxopts/pkg/cxxopts/usr/lib/pkgconfig/cxxopts.pc
>>> cxxopts-dev*: Running split function dev...
'usr/include' -> '/home/packager/aports/main/cxxopts/pkg/cxxopts-dev/usr/include'
'usr/lib/pkgconfig' -> '/home/packager/aports/main/cxxopts/pkg/cxxopts-dev/usr/lib/pkgconfig'
'usr/lib/cmake' -> '/home/packager/aports/main/cxxopts/pkg/cxxopts-dev/usr/lib/cmake'
>>> cxxopts-dev*: Preparing subpackage cxxopts-dev...
>>> cxxopts-dev*: Running postcheck for cxxopts-dev
>>> cxxopts*: Running postcheck for cxxopts
>>> cxxopts*: Preparing package cxxopts...
>>> cxxopts-dev*: Tracing dependencies...
	pkgconfig
>>> cxxopts-dev*: Package size: 64.5 KB
>>> cxxopts-dev*: Compressing data...
>>> cxxopts-dev*: Create checksum...
pigz: not found
>>> cxxopts-dev*: Create cxxopts-dev-3.2.1-r0.apk
>>> cxxopts*: Tracing dependencies...
>>> cxxopts*: Package size: 0.0 
>>> cxxopts*: Compressing data...
>>> cxxopts*: Create checksum...
pigz: not found
>>> cxxopts*: Create cxxopts-3.2.1-r0.apk
>>> cxxopts: Build complete at Fri, 16 May 2025 20:50:43 +0000 elapsed time 0h 0m 33s
>>> cxxopts: Cleaning up srcdir
>>> cxxopts: Cleaning up pkgdir
>>> cxxopts: Uninstalling dependencies...
(1/9) Purging .makedepends-cxxopts (20250516.205011)
(2/9) Purging cmake (3.31.7-r0)
(3/9) Purging libarchive (3.7.9-r0)
(4/9) Purging libbz2 (1.0.8-r6)
(5/9) Purging libuv (1.49.2-r0)
(6/9) Purging lz4-libs (1.10.0-r0)
(7/9) Purging rhash-libs (1.4.5-r0)
(8/9) Purging samurai (1.2-r6)
(9/9) Purging xz-libs (5.6.3-r1)
Executing busybox-1.37.0-r12.trigger
OK: 259 MiB in 74 packages
>>> cxxopts: Updating the main/x86_64 repository index...
>>> cxxopts: Signing the index...
pigz: not found
