pigz: not found
>>> perl-mail-dkim: Building main/perl-mail-dkim 1.20240923-r0 (using abuild 3.14.1-r4) started Sun, 18 May 2025 07:10:45 +0000
>>> perl-mail-dkim: Validating /home/packager/aports/main/perl-mail-dkim/APKBUILD...
>>> perl-mail-dkim: Analyzing dependencies...
>>> perl-mail-dkim: Installing for build: build-base perl perl-net-dns perl-mailtools perl-crypt-openssl-rsa perl-mail-authenticationresults perl-cryptx perl-test-requiresinternet perl-yaml-libyaml perl-net-dns-resolver-mock
(1/21) Installing libbz2 (1.0.8-r6)
(2/21) Installing perl (5.40.2-r0)
(3/21) Installing perl-digest-sha1 (2.13-r19)
(4/21) Installing perl-digest-md5 (2.59-r2)
(5/21) Installing perl-digest-hmac (1.05-r0)
(6/21) Installing perl-net-dns (1.49-r0)
(7/21) Installing perl-timedate (2.33-r4)
(8/21) Installing perl-mailtools (2.22-r0)
(9/21) Installing perl-crypt-openssl-random (0.17-r0)
(10/21) Installing perl-crypt-openssl-rsa (0.33-r4)
(11/21) Installing perl-json (4.10-r1)
(12/21) Installing perl-clone (0.47-r0)
(13/21) Installing perl-mail-authenticationresults (2.20231031-r0)
(14/21) Installing perl-cryptx (0.084-r0)
(15/21) Installing perl-test-requiresinternet (0.05-r4)
(16/21) Installing perl-yaml-libyaml (0.903.0-r0)
(17/21) Installing perl-net-dns-resolver-mock (1.20230216-r1)
(18/21) Installing .makedepends-perl-mail-dkim (20250518.071046)
(19/21) Installing perl-error (0.17029-r2)
(20/21) Installing perl-git (2.47.2-r0)
(21/21) Installing git-perl (2.47.2-r0)
Executing busybox-1.37.0-r12.trigger
OK: 300 MiB in 102 packages
>>> perl-mail-dkim: Cleaning up srcdir
>>> perl-mail-dkim: Cleaning up pkgdir
>>> perl-mail-dkim: Cleaning up tmpdir
>>> perl-mail-dkim: Fetching https://cpan.metacpan.org/authors/id/M/MB/MBRADSHAW/Mail-DKIM-1.20240923.tar.gz
Connecting to cpan.metacpan.org (146.75.122.217:443)
saving to '/var/cache/distfiles/Mail-DKIM-1.20240923.tar.gz.part'
Mail-DKIM-1.20240923 100% |********************************|  180k  0:00:00 ETA
'/var/cache/distfiles/Mail-DKIM-1.20240923.tar.gz.part' saved
>>> perl-mail-dkim: Fetching https://cpan.metacpan.org/authors/id/M/MB/MBRADSHAW/Mail-DKIM-1.20240923.tar.gz
>>> perl-mail-dkim: Checking sha512sums...
Mail-DKIM-1.20240923.tar.gz: OK
>>> perl-mail-dkim: Unpacking /var/cache/distfiles/Mail-DKIM-1.20240923.tar.gz...
Warning: prerequisite YAML 0 not found.
Checking if your kit is complete...
Looks good
Generating a Unix-style Makefile
Writing Makefile for Mail::DKIM
Writing MYMETA.yml and MYMETA.json
cp lib/Mail/DKIM/Signer.pm blib/lib/Mail/DKIM/Signer.pm
cp lib/Mail/DKIM/DkPolicy.pm blib/lib/Mail/DKIM/DkPolicy.pm
cp lib/Mail/DKIM/Canonicalization/nowsp.pm blib/lib/Mail/DKIM/Canonicalization/nowsp.pm
cp lib/Mail/DKIM/Algorithm/Base.pm blib/lib/Mail/DKIM/Algorithm/Base.pm
cp lib/Mail/DKIM/PublicKey.pm blib/lib/Mail/DKIM/PublicKey.pm
cp lib/Mail/DKIM/Canonicalization/simple.pm blib/lib/Mail/DKIM/Canonicalization/simple.pm
cp lib/Mail/DKIM/Algorithm/dk_rsa_sha1.pm blib/lib/Mail/DKIM/Algorithm/dk_rsa_sha1.pm
cp lib/Mail/DKIM/Policy.pm blib/lib/Mail/DKIM/Policy.pm
cp lib/Mail/DKIM.pm blib/lib/Mail/DKIM.pm
cp lib/Mail/DKIM/Canonicalization/seal.pm blib/lib/Mail/DKIM/Canonicalization/seal.pm
cp lib/Mail/DKIM/Canonicalization/dk_simple.pm blib/lib/Mail/DKIM/Canonicalization/dk_simple.pm
cp lib/Mail/DKIM/ARC/Signer.pm blib/lib/Mail/DKIM/ARC/Signer.pm
cp lib/Mail/DKIM/Verifier.pm blib/lib/Mail/DKIM/Verifier.pm
cp lib/Mail/DKIM/SignerPolicy.pm blib/lib/Mail/DKIM/SignerPolicy.pm
cp lib/Mail/DKIM/Canonicalization/Base.pm blib/lib/Mail/DKIM/Canonicalization/Base.pm
cp lib/Mail/DKIM/Common.pm blib/lib/Mail/DKIM/Common.pm
cp lib/Mail/DKIM/Algorithm/ed25519_sha256.pm blib/lib/Mail/DKIM/Algorithm/ed25519_sha256.pm
cp lib/Mail/DKIM/Signature.pm blib/lib/Mail/DKIM/Signature.pm
cp lib/Mail/DKIM/Canonicalization/relaxed.pm blib/lib/Mail/DKIM/Canonicalization/relaxed.pm
cp lib/Mail/DKIM/DkSignature.pm blib/lib/Mail/DKIM/DkSignature.pm
cp lib/Mail/DKIM/Key.pm blib/lib/Mail/DKIM/Key.pm
cp lib/Mail/DKIM/MessageParser.pm blib/lib/Mail/DKIM/MessageParser.pm
cp lib/Mail/DKIM/ARC/MessageSignature.pm blib/lib/Mail/DKIM/ARC/MessageSignature.pm
cp lib/Mail/DKIM/PrivateKey.pm blib/lib/Mail/DKIM/PrivateKey.pm
cp lib/Mail/DKIM/AuthorDomainPolicy.pm blib/lib/Mail/DKIM/AuthorDomainPolicy.pm
cp lib/Mail/DKIM/DNS.pm blib/lib/Mail/DKIM/DNS.pm
cp lib/Mail/DKIM/Canonicalization/DkimCommon.pm blib/lib/Mail/DKIM/Canonicalization/DkimCommon.pm
cp lib/Mail/DKIM/DkimPolicy.pm blib/lib/Mail/DKIM/DkimPolicy.pm
cp lib/Mail/DKIM/Canonicalization/DkCommon.pm blib/lib/Mail/DKIM/Canonicalization/DkCommon.pm
cp lib/Mail/DKIM/TextWrap.pm blib/lib/Mail/DKIM/TextWrap.pm
cp lib/Mail/DKIM/Algorithm/rsa_sha256.pm blib/lib/Mail/DKIM/Algorithm/rsa_sha256.pm
cp lib/Mail/DKIM/ARC/Verifier.pm blib/lib/Mail/DKIM/ARC/Verifier.pm
cp lib/Mail/DKIM/ARC/Seal.pm blib/lib/Mail/DKIM/ARC/Seal.pm
cp lib/Mail/DKIM/Canonicalization/dk_nofws.pm blib/lib/Mail/DKIM/Canonicalization/dk_nofws.pm
cp lib/Mail/DKIM/Algorithm/rsa_sha1.pm blib/lib/Mail/DKIM/Algorithm/rsa_sha1.pm
cp lib/Mail/DKIM/KeyValueList.pm blib/lib/Mail/DKIM/KeyValueList.pm
Manifying 36 pod documents
PERL_DL_NONLAZY=1 "/usr/bin/perl" "-MExtUtils::Command::MM" "-MTest::Harness" "-e" "undef *Test::Harness::Switches; test_harness(0, 'blib/lib', 'blib/arch')" t/*.t
t/adsp.t ........................ ok
Authentication-Results Header parse error: not expecting a string at /home/packager/aports/main/perl-mail-dkim/src/Mail-DKIM-1.20240923/blib/lib/Mail/DKIM/ARC/Signer.pm line 116.

Authentication-Results: Garbage Authentication-Results Header - SHOULD NOT PARSE at /home/packager/aports/main/perl-mail-dkim/src/Mail-DKIM-1.20240923/blib/lib/Mail/DKIM/ARC/Signer.pm line 121.
t/arc-draft-sign-tests.t ........ ok
t/arc-draft-validation-tests.t .. ok
t/arc-signer.t .................. ok
t/author-pod-syntax.t ........... skipped: these tests are for testing by the author
t/dev-manifest.t ................ skipped: Author tests not required for installation
t/external_signer.t ............. ok
t/Mail-DKIM.t ................... ok
t/policy.t ...................... ok
t/public_key.t .................. ok
t/signature.t ................... ok
t/signer.t ...................... ok
t/signer_dk.t ................... ok
t/signer_expiration.t ........... ok
t/signer_expiration_set_time.t .. ok
t/signer_policy.t ............... ok
t/simple_canonicalization.t ..... ok
t/textwrap.t .................... ok
did not cache that DNS entry: 2023-05-ed25519-does-not-exist._domainkey.wander.science
>>>
No results: NXDOMAIN
<<<
t/verifier.t .................... ok
t/verifier_strict.t ............. ok
All tests successful.
Files=20, Tests=495,  5 wallclock secs ( 0.12 usr  0.03 sys +  3.55 cusr  1.15 csys =  4.85 CPU)
Result: PASS
>>> perl-mail-dkim: Entering fakeroot...
Manifying 36 pod documents
Installing /home/packager/aports/main/perl-mail-dkim/pkg/perl-mail-dkim/usr/share/perl5/vendor_perl/Mail/DKIM.pm
Installing /home/packager/aports/main/perl-mail-dkim/pkg/perl-mail-dkim/usr/share/perl5/vendor_perl/Mail/DKIM/AuthorDomainPolicy.pm
Installing /home/packager/aports/main/perl-mail-dkim/pkg/perl-mail-dkim/usr/share/perl5/vendor_perl/Mail/DKIM/Policy.pm
Installing /home/packager/aports/main/perl-mail-dkim/pkg/perl-mail-dkim/usr/share/perl5/vendor_perl/Mail/DKIM/DkPolicy.pm
Installing /home/packager/aports/main/perl-mail-dkim/pkg/perl-mail-dkim/usr/share/perl5/vendor_perl/Mail/DKIM/Signer.pm
Installing /home/packager/aports/main/perl-mail-dkim/pkg/perl-mail-dkim/usr/share/perl5/vendor_perl/Mail/DKIM/PublicKey.pm
Installing /home/packager/aports/main/perl-mail-dkim/pkg/perl-mail-dkim/usr/share/perl5/vendor_perl/Mail/DKIM/Common.pm
Installing /home/packager/aports/main/perl-mail-dkim/pkg/perl-mail-dkim/usr/share/perl5/vendor_perl/Mail/DKIM/MessageParser.pm
Installing /home/packager/aports/main/perl-mail-dkim/pkg/perl-mail-dkim/usr/share/perl5/vendor_perl/Mail/DKIM/KeyValueList.pm
Installing /home/packager/aports/main/perl-mail-dkim/pkg/perl-mail-dkim/usr/share/perl5/vendor_perl/Mail/DKIM/DkimPolicy.pm
Installing /home/packager/aports/main/perl-mail-dkim/pkg/perl-mail-dkim/usr/share/perl5/vendor_perl/Mail/DKIM/Verifier.pm
Installing /home/packager/aports/main/perl-mail-dkim/pkg/perl-mail-dkim/usr/share/perl5/vendor_perl/Mail/DKIM/DkSignature.pm
Installing /home/packager/aports/main/perl-mail-dkim/pkg/perl-mail-dkim/usr/share/perl5/vendor_perl/Mail/DKIM/DNS.pm
Installing /home/packager/aports/main/perl-mail-dkim/pkg/perl-mail-dkim/usr/share/perl5/vendor_perl/Mail/DKIM/SignerPolicy.pm
Installing /home/packager/aports/main/perl-mail-dkim/pkg/perl-mail-dkim/usr/share/perl5/vendor_perl/Mail/DKIM/TextWrap.pm
Installing /home/packager/aports/main/perl-mail-dkim/pkg/perl-mail-dkim/usr/share/perl5/vendor_perl/Mail/DKIM/PrivateKey.pm
Installing /home/packager/aports/main/perl-mail-dkim/pkg/perl-mail-dkim/usr/share/perl5/vendor_perl/Mail/DKIM/Signature.pm
Installing /home/packager/aports/main/perl-mail-dkim/pkg/perl-mail-dkim/usr/share/perl5/vendor_perl/Mail/DKIM/Key.pm
Installing /home/packager/aports/main/perl-mail-dkim/pkg/perl-mail-dkim/usr/share/perl5/vendor_perl/Mail/DKIM/Algorithm/rsa_sha1.pm
Installing /home/packager/aports/main/perl-mail-dkim/pkg/perl-mail-dkim/usr/share/perl5/vendor_perl/Mail/DKIM/Algorithm/Base.pm
Installing /home/packager/aports/main/perl-mail-dkim/pkg/perl-mail-dkim/usr/share/perl5/vendor_perl/Mail/DKIM/Algorithm/rsa_sha256.pm
Installing /home/packager/aports/main/perl-mail-dkim/pkg/perl-mail-dkim/usr/share/perl5/vendor_perl/Mail/DKIM/Algorithm/ed25519_sha256.pm
Installing /home/packager/aports/main/perl-mail-dkim/pkg/perl-mail-dkim/usr/share/perl5/vendor_perl/Mail/DKIM/Algorithm/dk_rsa_sha1.pm
Installing /home/packager/aports/main/perl-mail-dkim/pkg/perl-mail-dkim/usr/share/perl5/vendor_perl/Mail/DKIM/Canonicalization/simple.pm
Installing /home/packager/aports/main/perl-mail-dkim/pkg/perl-mail-dkim/usr/share/perl5/vendor_perl/Mail/DKIM/Canonicalization/dk_simple.pm
Installing /home/packager/aports/main/perl-mail-dkim/pkg/perl-mail-dkim/usr/share/perl5/vendor_perl/Mail/DKIM/Canonicalization/relaxed.pm
Installing /home/packager/aports/main/perl-mail-dkim/pkg/perl-mail-dkim/usr/share/perl5/vendor_perl/Mail/DKIM/Canonicalization/Base.pm
Installing /home/packager/aports/main/perl-mail-dkim/pkg/perl-mail-dkim/usr/share/perl5/vendor_perl/Mail/DKIM/Canonicalization/nowsp.pm
Installing /home/packager/aports/main/perl-mail-dkim/pkg/perl-mail-dkim/usr/share/perl5/vendor_perl/Mail/DKIM/Canonicalization/dk_nofws.pm
Installing /home/packager/aports/main/perl-mail-dkim/pkg/perl-mail-dkim/usr/share/perl5/vendor_perl/Mail/DKIM/Canonicalization/DkimCommon.pm
Installing /home/packager/aports/main/perl-mail-dkim/pkg/perl-mail-dkim/usr/share/perl5/vendor_perl/Mail/DKIM/Canonicalization/DkCommon.pm
Installing /home/packager/aports/main/perl-mail-dkim/pkg/perl-mail-dkim/usr/share/perl5/vendor_perl/Mail/DKIM/Canonicalization/seal.pm
Installing /home/packager/aports/main/perl-mail-dkim/pkg/perl-mail-dkim/usr/share/perl5/vendor_perl/Mail/DKIM/ARC/Seal.pm
Installing /home/packager/aports/main/perl-mail-dkim/pkg/perl-mail-dkim/usr/share/perl5/vendor_perl/Mail/DKIM/ARC/Signer.pm
Installing /home/packager/aports/main/perl-mail-dkim/pkg/perl-mail-dkim/usr/share/perl5/vendor_perl/Mail/DKIM/ARC/MessageSignature.pm
Installing /home/packager/aports/main/perl-mail-dkim/pkg/perl-mail-dkim/usr/share/perl5/vendor_perl/Mail/DKIM/ARC/Verifier.pm
Installing /home/packager/aports/main/perl-mail-dkim/pkg/perl-mail-dkim/usr/share/man/man3/Mail::DKIM::MessageParser.3pm
Installing /home/packager/aports/main/perl-mail-dkim/pkg/perl-mail-dkim/usr/share/man/man3/Mail::DKIM::PublicKey.3pm
Installing /home/packager/aports/main/perl-mail-dkim/pkg/perl-mail-dkim/usr/share/man/man3/Mail::DKIM::Algorithm::Base.3pm
Installing /home/packager/aports/main/perl-mail-dkim/pkg/perl-mail-dkim/usr/share/man/man3/Mail::DKIM::DNS.3pm
Installing /home/packager/aports/main/perl-mail-dkim/pkg/perl-mail-dkim/usr/share/man/man3/Mail::DKIM::Canonicalization::nowsp.3pm
Installing /home/packager/aports/main/perl-mail-dkim/pkg/perl-mail-dkim/usr/share/man/man3/Mail::DKIM::Algorithm::dk_rsa_sha1.3pm
Installing /home/packager/aports/main/perl-mail-dkim/pkg/perl-mail-dkim/usr/share/man/man3/Mail::DKIM::Policy.3pm
Installing /home/packager/aports/main/perl-mail-dkim/pkg/perl-mail-dkim/usr/share/man/man3/Mail::DKIM::Canonicalization::simple.3pm
Installing /home/packager/aports/main/perl-mail-dkim/pkg/perl-mail-dkim/usr/share/man/man3/Mail::DKIM::DkSignature.3pm
Installing /home/packager/aports/main/perl-mail-dkim/pkg/perl-mail-dkim/usr/share/man/man3/Mail::DKIM::Algorithm::rsa_sha256.3pm
Installing /home/packager/aports/main/perl-mail-dkim/pkg/perl-mail-dkim/usr/share/man/man3/Mail::DKIM::DkimPolicy.3pm
Installing /home/packager/aports/main/perl-mail-dkim/pkg/perl-mail-dkim/usr/share/man/man3/Mail::DKIM::DkPolicy.3pm
Installing /home/packager/aports/main/perl-mail-dkim/pkg/perl-mail-dkim/usr/share/man/man3/Mail::DKIM::Algorithm::ed25519_sha256.3pm
Installing /home/packager/aports/main/perl-mail-dkim/pkg/perl-mail-dkim/usr/share/man/man3/Mail::DKIM::Algorithm::rsa_sha1.3pm
Installing /home/packager/aports/main/perl-mail-dkim/pkg/perl-mail-dkim/usr/share/man/man3/Mail::DKIM::Verifier.3pm
Installing /home/packager/aports/main/perl-mail-dkim/pkg/perl-mail-dkim/usr/share/man/man3/Mail::DKIM::AuthorDomainPolicy.3pm
Installing /home/packager/aports/main/perl-mail-dkim/pkg/perl-mail-dkim/usr/share/man/man3/Mail::DKIM::ARC::Signer.3pm
Installing /home/packager/aports/main/perl-mail-dkim/pkg/perl-mail-dkim/usr/share/man/man3/Mail::DKIM.3pm
Installing /home/packager/aports/main/perl-mail-dkim/pkg/perl-mail-dkim/usr/share/man/man3/Mail::DKIM::SignerPolicy.3pm
Installing /home/packager/aports/main/perl-mail-dkim/pkg/perl-mail-dkim/usr/share/man/man3/Mail::DKIM::Signer.3pm
Installing /home/packager/aports/main/perl-mail-dkim/pkg/perl-mail-dkim/usr/share/man/man3/Mail::DKIM::Signature.3pm
Installing /home/packager/aports/main/perl-mail-dkim/pkg/perl-mail-dkim/usr/share/man/man3/Mail::DKIM::TextWrap.3pm
Installing /home/packager/aports/main/perl-mail-dkim/pkg/perl-mail-dkim/usr/share/man/man3/Mail::DKIM::Canonicalization::seal.3pm
Installing /home/packager/aports/main/perl-mail-dkim/pkg/perl-mail-dkim/usr/share/man/man3/Mail::DKIM::Common.3pm
Installing /home/packager/aports/main/perl-mail-dkim/pkg/perl-mail-dkim/usr/share/man/man3/Mail::DKIM::Canonicalization::dk_nofws.3pm
Installing /home/packager/aports/main/perl-mail-dkim/pkg/perl-mail-dkim/usr/share/man/man3/Mail::DKIM::Canonicalization::Base.3pm
Installing /home/packager/aports/main/perl-mail-dkim/pkg/perl-mail-dkim/usr/share/man/man3/Mail::DKIM::ARC::Verifier.3pm
Installing /home/packager/aports/main/perl-mail-dkim/pkg/perl-mail-dkim/usr/share/man/man3/Mail::DKIM::Canonicalization::relaxed.3pm
Installing /home/packager/aports/main/perl-mail-dkim/pkg/perl-mail-dkim/usr/share/man/man3/Mail::DKIM::ARC::MessageSignature.3pm
Installing /home/packager/aports/main/perl-mail-dkim/pkg/perl-mail-dkim/usr/share/man/man3/Mail::DKIM::Canonicalization::DkimCommon.3pm
Installing /home/packager/aports/main/perl-mail-dkim/pkg/perl-mail-dkim/usr/share/man/man3/Mail::DKIM::PrivateKey.3pm
Installing /home/packager/aports/main/perl-mail-dkim/pkg/perl-mail-dkim/usr/share/man/man3/Mail::DKIM::Key.3pm
Installing /home/packager/aports/main/perl-mail-dkim/pkg/perl-mail-dkim/usr/share/man/man3/Mail::DKIM::Canonicalization::dk_simple.3pm
Installing /home/packager/aports/main/perl-mail-dkim/pkg/perl-mail-dkim/usr/share/man/man3/Mail::DKIM::ARC::Seal.3pm
Installing /home/packager/aports/main/perl-mail-dkim/pkg/perl-mail-dkim/usr/share/man/man3/Mail::DKIM::KeyValueList.3pm
Installing /home/packager/aports/main/perl-mail-dkim/pkg/perl-mail-dkim/usr/share/man/man3/Mail::DKIM::Canonicalization::DkCommon.3pm
>>> perl-mail-dkim-doc*: Running split function doc...
'usr/share/man' -> '/home/packager/aports/main/perl-mail-dkim/pkg/perl-mail-dkim-doc/usr/share/man'
>>> perl-mail-dkim-doc*: Preparing subpackage perl-mail-dkim-doc...
>>> perl-mail-dkim-doc*: Running postcheck for perl-mail-dkim-doc
>>> perl-mail-dkim*: Running postcheck for perl-mail-dkim
>>> perl-mail-dkim*: Preparing package perl-mail-dkim...
>>> perl-mail-dkim-doc*: Tracing dependencies...
>>> perl-mail-dkim-doc*: Package size: 79.4 KB
>>> perl-mail-dkim-doc*: Compressing data...
>>> perl-mail-dkim-doc*: Create checksum...
pigz: not found
>>> perl-mail-dkim-doc*: Create perl-mail-dkim-doc-1.20240923-r0.apk
>>> perl-mail-dkim*: Tracing dependencies...
	perl
	perl-net-dns
	perl-mailtools
	perl-crypt-openssl-rsa
	perl-mail-authenticationresults
	perl-cryptx
>>> perl-mail-dkim*: Package size: 286.9 KB
>>> perl-mail-dkim*: Compressing data...
>>> perl-mail-dkim*: Create checksum...
pigz: not found
>>> perl-mail-dkim*: Create perl-mail-dkim-1.20240923-r0.apk
>>> perl-mail-dkim: Build complete at Sun, 18 May 2025 07:10:54 +0000 elapsed time 0h 0m 9s
>>> perl-mail-dkim: Cleaning up srcdir
>>> perl-mail-dkim: Cleaning up pkgdir
>>> perl-mail-dkim: Uninstalling dependencies...
(1/21) Purging .makedepends-perl-mail-dkim (20250518.071046)
(2/21) Purging perl-mailtools (2.22-r0)
(3/21) Purging perl-timedate (2.33-r4)
(4/21) Purging perl-crypt-openssl-rsa (0.33-r4)
(5/21) Purging perl-crypt-openssl-random (0.17-r0)
(6/21) Purging perl-mail-authenticationresults (2.20231031-r0)
(7/21) Purging perl-json (4.10-r1)
(8/21) Purging perl-clone (0.47-r0)
(9/21) Purging perl-cryptx (0.084-r0)
(10/21) Purging perl-test-requiresinternet (0.05-r4)
(11/21) Purging perl-yaml-libyaml (0.903.0-r0)
(12/21) Purging perl-net-dns-resolver-mock (1.20230216-r1)
(13/21) Purging perl-net-dns (1.49-r0)
(14/21) Purging perl-digest-hmac (1.05-r0)
(15/21) Purging perl-digest-sha1 (2.13-r19)
(16/21) Purging perl-digest-md5 (2.59-r2)
(17/21) Purging git-perl (2.47.2-r0)
(18/21) Purging perl-git (2.47.2-r0)
(19/21) Purging perl-error (0.17029-r2)
(20/21) Purging perl (5.40.2-r0)
(21/21) Purging libbz2 (1.0.8-r6)
Executing busybox-1.37.0-r12.trigger
OK: 260 MiB in 81 packages
>>> perl-mail-dkim: Updating the main/x86_64 repository index...
>>> perl-mail-dkim: Signing the index...
pigz: not found
