pigz: not found
>>> perl-gd: Building main/perl-gd 2.83-r0 (using abuild 3.14.1-r4) started Fri, 23 May 2025 00:10:13 +0000
>>> perl-gd: Validating /home/packager/aports/main/perl-gd/APKBUILD...
>>> perl-gd: Analyzing dependencies...
>>> perl-gd: Installing for build: build-base perl perl-dev perl-extutils-pkgconfig perl-file-which freetype-dev gd-dev libjpeg-turbo-dev libpng-dev libwebp-dev zlib-dev perl-test-fork perl-test-nowarnings
(1/69) Installing perl-utils (5.40.2-r0)
(2/69) Installing perl-dev (5.40.2-r0)
(3/69) Installing perl-extutils-pkgconfig (1.16-r5)
(4/69) Installing perl-file-which (1.27-r1)
(5/69) Installing libpng (1.6.47-r0)
(6/69) Installing freetype (2.13.3-r0)
(7/69) Installing bzip2-dev (1.0.8-r6)
(8/69) Installing brotli (1.1.0-r2)
(9/69) Installing brotli-dev (1.1.0-r2)
(10/69) Installing libpng-dev (1.6.47-r0)
(11/69) Installing freetype-dev (2.13.3-r0)
(12/69) Installing libxau (1.0.12-r0)
(13/69) Installing libmd (1.1.0-r0)
(14/69) Installing libbsd (0.12.2-r0)
(15/69) Installing libxdmcp (1.1.5-r1)
(16/69) Installing libxcb (1.16.1-r0)
(17/69) Installing libx11 (1.8.10-r0)
(18/69) Installing libxext (1.3.6-r2)
(19/69) Installing libice (1.1.1-r6)
(20/69) Installing libuuid (2.40.4-r1)
(21/69) Installing libsm (1.2.4-r4)
(22/69) Installing libxt (1.3.1-r0)
(23/69) Installing libxpm (3.5.17-r0)
(24/69) Installing aom-libs (3.11.0-r1)
(25/69) Installing libdav1d (1.5.1-r0)
(26/69) Installing libsharpyuv (1.4.0-r0)
(27/69) Installing libavif (1.0.4-r0)
(28/69) Installing fontconfig (2.15.0-r1)
(29/69) Installing libjpeg-turbo (3.1.0-r0)
(30/69) Installing libwebp (1.4.0-r0)
(31/69) Installing tiff (4.7.0-r0)
(32/69) Installing libgd (2.3.3-r9)
(33/69) Installing gd (2.3.3-r9)
(34/69) Installing expat (2.7.1-r0)
(35/69) Installing expat-dev (2.7.1-r0)
(36/69) Installing fontconfig-dev (2.15.0-r1)
(37/69) Installing libavif-dev (1.0.4-r0)
(38/69) Installing libturbojpeg (3.1.0-r0)
(39/69) Installing libjpeg-turbo-dev (3.1.0-r0)
(40/69) Installing libtiffxx (4.7.0-r0)
(41/69) Installing libwebpdecoder (1.4.0-r0)
(42/69) Installing libwebpdemux (1.4.0-r0)
(43/69) Installing libwebpmux (1.4.0-r0)
(44/69) Installing libwebp-dev (1.4.0-r0)
(45/69) Installing zstd (1.5.7-r0)
(46/69) Installing zstd-dev (1.5.7-r0)
(47/69) Installing tiff-dev (4.7.0-r0)
(48/69) Installing xorgproto (2024.1-r0)
(49/69) Installing libxau-dev (1.0.12-r0)
(50/69) Installing libffi (3.4.7-r0)
(51/69) Installing gdbm (1.24-r0)
(52/69) Installing xz-libs (5.6.3-r1)
(53/69) Installing mpdecimal (4.0.0-r0)
(54/69) Installing sqlite-libs (3.49.2-r0)
(55/69) Installing python3 (3.12.10-r1)
(56/69) Installing python3-pycache-pyc0 (3.12.10-r1)
(57/69) Installing pyc (3.12.10-r1)
(58/69) Installing xcb-proto-pyc (1.17.0-r0)
(59/69) Installing python3-pyc (3.12.10-r1)
(60/69) Installing xcb-proto (1.17.0-r0)
(61/69) Installing libxdmcp-dev (1.1.5-r1)
(62/69) Installing libxcb-dev (1.16.1-r0)
(63/69) Installing xtrans (1.5.2-r0)
(64/69) Installing libx11-dev (1.8.10-r0)
(65/69) Installing libxpm-dev (3.5.17-r0)
(66/69) Installing gd-dev (2.3.3-r9)
(67/69) Installing perl-test-fork (0.02-r3)
(68/69) Installing perl-test-nowarnings (1.06-r1)
(69/69) Installing .makedepends-perl-gd (20250523.001016)
Executing busybox-1.37.0-r12.trigger
OK: 383 MiB in 183 packages
>>> perl-gd: Cleaning up srcdir
>>> perl-gd: Cleaning up pkgdir
>>> perl-gd: Cleaning up tmpdir
>>> perl-gd: Fetching https://cpan.metacpan.org/authors/id/R/RU/RURBAN/GD-2.83.tar.gz
Connecting to cpan.metacpan.org (146.75.122.217:443)
saving to '/var/cache/distfiles/GD-2.83.tar.gz.part'
GD-2.83.tar.gz.part  100% |********************************|  280k  0:00:00 ETA
'/var/cache/distfiles/GD-2.83.tar.gz.part' saved
>>> perl-gd: Fetching https://cpan.metacpan.org/authors/id/R/RU/RURBAN/GD-2.83.tar.gz
>>> perl-gd: Checking sha512sums...
GD-2.83.tar.gz: OK
>>> perl-gd: Unpacking /var/cache/distfiles/GD-2.83.tar.gz...
Configuring for libgd version 2.3.3.
gdlib.pc not found, guessing the features.

Included Features:          GD_GIF GD_OPENPOLYGON GD_ZLIB GD_PNG GD_FREETYPE GD_FONTCONFIG GD_JPEG GD_XPM GD_TIFF GD_WEBP GD_AVIF GD_HEIF GD_UNCLOSEDPOLY GD_FTCIRCLE VERSION_33 WINDOWS_BMP
gdlib-config used from the PATH
Where is libgd installed? [/usr/lib] /usr/lib
External LIBS:               -lgd
Checking if your kit is complete...
Looks good
Generating a Unix-style Makefile
Writing Makefile for GD
Writing MYMETA.yml and MYMETA.json
"/usr/bin/perl" lib/GD/Image_pm.PL lib/GD/Image.pm 
"/usr/bin/perl" "/usr/share/perl5/core_perl/ExtUtils/xsubpp"  -typemap '/usr/share/perl5/core_perl/ExtUtils/typemap' -typemap '/home/packager/aports/main/perl-gd/src/GD-2.83/typemap'  GD.xs > GD.xsc
Running Mkbootstrap for GD ()
Extracting Image.pm (with variable substitutions)
chmod 644 "GD.bs"
"/usr/bin/perl" -MExtUtils::Command::MM -e 'cp_nonempty' -- GD.bs blib/arch/auto/GD/GD.bs 644
cp lib/GD/Group.pm blib/lib/GD/Group.pm
cp lib/GD/Polygon.pm blib/lib/GD/Polygon.pm
cp lib/GD/Simple.pm blib/lib/GD/Simple.pm
cp lib/GD.pm blib/lib/GD.pm
AutoSplitting blib/lib/GD.pm (blib/lib/auto/GD)
cp lib/GD/Image.pm blib/lib/GD/Image.pm
cp lib/GD/Polyline.pm blib/lib/GD/Polyline.pm
"/usr/bin/perl" "-Iblib/arch" "-Iblib/lib" bdf_scripts/bdf2gdfont_pl.PL bdf_scripts/bdf2gdfont.pl 
Extracting bdf2gdfont.pl (with variable substitutions)
mv GD.xsc GD.c
cc -c  -I/usr/include/freetype2 -I/usr/include/libpng16 -I/usr/include/webp  -D_REENTRANT -D_GNU_SOURCE -D_GNU_SOURCE -fwrapv -fno-strict-aliasing -pipe -fstack-protector-strong -D_LARGEFILE_SOURCE -D_FILE_OFFSET_BITS=64 -Wall -Wextra -Wformat=1 -Os -fstack-clash-protection -Wformat -Werror=format-security -fno-plt -O2   -DVERSION=\"2.83\" -DXS_VERSION=\"2.83\" -fPIC "-I/usr/lib/perl5/core_perl/CORE"  -DHAVE_WBMP -DHAVE_JPEG -DHAVE_FT -DHAVE_GIF -DHAVE_PNG -DHAVE_TIFF -DVERSION_33 -DHAVE_UNCLOSEDPOLY -DHAVE_FONTCONFIG -DHAVE_FTCIRCLE -DHAVE_WEBP -DHAVE_HEIF -DHAVE_AVIF -DHAVE_BMP -DLIBGD_VERSION="2.3.3" GD.c
In file included from GD.xs:108:
const-c.inc: In function 'constant_19':
const-c.inc:795:42: warning: unused parameter 'iv_return' [-Wunused-parameter]
  795 | constant_19 (pTHX_ const char *name, IV *iv_return) {
      |                                      ~~~~^~~~~~~~~
rm -f blib/arch/auto/GD/GD.so
LD_RUN_PATH="/usr/lib" cc  -shared -Os -fstack-clash-protection -Wformat -Werror=format-security -fno-plt -O2 -L/usr/local/lib -fstack-protector-strong  GD.o  -o blib/arch/auto/GD/GD.so  \
   -lgd   \
  
/usr/lib/gcc/x86_64-alpine-linux-musl/14.2.0/../../../../x86_64-alpine-linux-musl/bin/ld: warning: blib/arch/auto/GD/GD.so has a LOAD segment with RWX permissions
chmod 755 blib/arch/auto/GD/GD.so
cp bdf_scripts/bdf2gdfont.pl blib/script/bdf2gdfont.pl
"/usr/bin/perl" -MExtUtils::MY -e 'MY->fixin(shift)' -- blib/script/bdf2gdfont.pl
Manifying 1 pod document
Manifying 6 pod documents
"/usr/bin/perl" -MExtUtils::Command::MM -e 'cp_nonempty' -- GD.bs blib/arch/auto/GD/GD.bs 644
PERL_DL_NONLAZY=1 "/usr/bin/perl" "-MExtUtils::Command::MM" "-MTest::Harness" "-e" "undef *Test::Harness::Switches; test_harness(0, 'blib/lib', 'blib/arch')" t/*.t
GD Warning: HEIF image support has been disabled
t/autodetect.t ............ ok
t/caller.t ................ ok
t/fork.t .................. ok
# Testing gd 2.3.3 using png support.
# gd: 2.3.3, files: ./test_data/images/t2/2-00.png
# gd: 2.3.3, files: ./test_data/images/t7/7-00.png
# ignore corrupt png error messages...
GD Warning: gd-png: fatal libpng error: IHDR: CRC error
GD Warning: gd-png error: setjmp returns error condition 1
t/GD.t .................... ok
t/HSV.t ................... ok
t/Polyline.t .............. ok
t/transp.t ................ ok
t/windows_bmp.t ........... ok
t/z_kwalitee.t ............ skipped: No RELEASE_TESTING
t/z_manifest.t ............ skipped: requires a git checkout and a unix for git and diff
t/z_pod-spell-mistakes.t .. skipped: No RELEASE_TESTING
t/z_pod.t ................. skipped: No RELEASE_TESTING
All tests successful.
Files=12, Tests=66,  2 wallclock secs ( 0.08 usr  0.01 sys +  1.64 cusr  0.31 csys =  2.04 CPU)
Result: PASS
>>> perl-gd: Entering fakeroot...
"/usr/bin/perl" -MExtUtils::Command::MM -e 'cp_nonempty' -- GD.bs blib/arch/auto/GD/GD.bs 644
Manifying 1 pod document
Manifying 6 pod documents
Files found in blib/arch: installing files in blib/lib into architecture dependent library tree
Installing /home/packager/aports/main/perl-gd/pkg/perl-gd/usr/lib/perl5/vendor_perl/auto/GD/GD.so
Installing /home/packager/aports/main/perl-gd/pkg/perl-gd/usr/lib/perl5/vendor_perl/GD.pm
Installing /home/packager/aports/main/perl-gd/pkg/perl-gd/usr/lib/perl5/vendor_perl/auto/GD/autosplit.ix
Installing /home/packager/aports/main/perl-gd/pkg/perl-gd/usr/lib/perl5/vendor_perl/GD/Polygon.pm
Installing /home/packager/aports/main/perl-gd/pkg/perl-gd/usr/lib/perl5/vendor_perl/GD/Image.pm
Installing /home/packager/aports/main/perl-gd/pkg/perl-gd/usr/lib/perl5/vendor_perl/GD/Simple.pm
Installing /home/packager/aports/main/perl-gd/pkg/perl-gd/usr/lib/perl5/vendor_perl/GD/Polyline.pm
Installing /home/packager/aports/main/perl-gd/pkg/perl-gd/usr/lib/perl5/vendor_perl/GD/Group.pm
Installing /home/packager/aports/main/perl-gd/pkg/perl-gd/usr/share/man/man1/bdf2gdfont.pl.1
Installing /home/packager/aports/main/perl-gd/pkg/perl-gd/usr/share/man/man3/GD::Polygon.3pm
Installing /home/packager/aports/main/perl-gd/pkg/perl-gd/usr/share/man/man3/GD.3pm
Installing /home/packager/aports/main/perl-gd/pkg/perl-gd/usr/share/man/man3/GD::Image.3pm
Installing /home/packager/aports/main/perl-gd/pkg/perl-gd/usr/share/man/man3/GD::Simple.3pm
Installing /home/packager/aports/main/perl-gd/pkg/perl-gd/usr/share/man/man3/GD::Polyline.3pm
Installing /home/packager/aports/main/perl-gd/pkg/perl-gd/usr/share/man/man3/GD::Group.3pm
Installing /home/packager/aports/main/perl-gd/pkg/perl-gd/usr/bin/bdf2gdfont.pl
>>> perl-gd-doc*: Running split function doc...
renamed 'usr/share/man' -> '/home/packager/aports/main/perl-gd/pkg/perl-gd-doc/usr/share/man'
>>> perl-gd-doc*: Preparing subpackage perl-gd-doc...
>>> perl-gd-doc*: Running postcheck for perl-gd-doc
>>> perl-gd*: Running postcheck for perl-gd
>>> perl-gd*: Preparing package perl-gd...
>>> perl-gd*: Stripping binaries
>>> WARNING: perl-gd*: Redundant /usr/lib in rpath found
>>> perl-gd-doc*: Scanning shared objects
libfakeroot internal error: payload not recognized!
>>> perl-gd*: Scanning shared objects
>>> perl-gd-doc*: Tracing dependencies...
>>> perl-gd-doc*: Package size: 42.7 KB
>>> perl-gd-doc*: Compressing data...
>>> perl-gd-doc*: Create checksum...
pigz: not found
>>> perl-gd-doc*: Create perl-gd-doc-2.83-r0.apk
>>> perl-gd*: Tracing dependencies...
	perl
	so:libc.musl-x86_64.so.1
	so:libgd.so.3
>>> perl-gd*: Package size: 284.4 KB
>>> perl-gd*: Compressing data...
>>> perl-gd*: Create checksum...
pigz: not found
>>> perl-gd*: Create perl-gd-2.83-r0.apk
>>> perl-gd: Build complete at Fri, 23 May 2025 00:10:36 +0000 elapsed time 0h 0m 23s
>>> perl-gd: Cleaning up srcdir
>>> perl-gd: Cleaning up pkgdir
>>> perl-gd: Uninstalling dependencies...
(1/69) Purging .makedepends-perl-gd (20250523.001016)
(2/69) Purging perl-dev (5.40.2-r0)
(3/69) Purging perl-utils (5.40.2-r0)
(4/69) Purging perl-extutils-pkgconfig (1.16-r5)
(5/69) Purging perl-file-which (1.27-r1)
(6/69) Purging gd-dev (2.3.3-r9)
(7/69) Purging gd (2.3.3-r9)
(8/69) Purging libgd (2.3.3-r9)
(9/69) Purging perl-test-fork (0.02-r3)
(10/69) Purging perl-test-nowarnings (1.06-r1)
(11/69) Purging fontconfig-dev (2.15.0-r1)
(12/69) Purging fontconfig (2.15.0-r1)
(13/69) Purging freetype-dev (2.13.3-r0)
(14/69) Purging freetype (2.13.3-r0)
(15/69) Purging libavif-dev (1.0.4-r0)
(16/69) Purging libavif (1.0.4-r0)
(17/69) Purging libdav1d (1.5.1-r0)
(18/69) Purging libpng-dev (1.6.47-r0)
(19/69) Purging libpng (1.6.47-r0)
(20/69) Purging libxpm-dev (3.5.17-r0)
(21/69) Purging libxpm (3.5.17-r0)
(22/69) Purging libxt (1.3.1-r0)
(23/69) Purging python3-pyc (3.12.10-r1)
(24/69) Purging python3-pycache-pyc0 (3.12.10-r1)
(25/69) Purging xcb-proto-pyc (1.17.0-r0)
(26/69) Purging pyc (3.12.10-r1)
(27/69) Purging tiff-dev (4.7.0-r0)
(28/69) Purging libtiffxx (4.7.0-r0)
(29/69) Purging tiff (4.7.0-r0)
(30/69) Purging zstd-dev (1.5.7-r0)
(31/69) Purging zstd (1.5.7-r0)
(32/69) Purging aom-libs (3.11.0-r1)
(33/69) Purging brotli-dev (1.1.0-r2)
(34/69) Purging brotli (1.1.0-r2)
(35/69) Purging bzip2-dev (1.0.8-r6)
(36/69) Purging expat-dev (2.7.1-r0)
(37/69) Purging expat (2.7.1-r0)
(38/69) Purging libx11-dev (1.8.10-r0)
(39/69) Purging xtrans (1.5.2-r0)
(40/69) Purging libxcb-dev (1.16.1-r0)
(41/69) Purging xcb-proto (1.17.0-r0)
(42/69) Purging python3 (3.12.10-r1)
(43/69) Purging gdbm (1.24-r0)
(44/69) Purging libxdmcp-dev (1.1.5-r1)
(45/69) Purging libxext (1.3.6-r2)
(46/69) Purging libx11 (1.8.10-r0)
(47/69) Purging libxcb (1.16.1-r0)
(48/69) Purging libxdmcp (1.1.5-r1)
(49/69) Purging libbsd (0.12.2-r0)
(50/69) Purging libffi (3.4.7-r0)
(51/69) Purging libsm (1.2.4-r4)
(52/69) Purging libice (1.1.1-r6)
(53/69) Purging libjpeg-turbo-dev (3.1.0-r0)
(54/69) Purging libturbojpeg (3.1.0-r0)
(55/69) Purging libjpeg-turbo (3.1.0-r0)
(56/69) Purging libmd (1.1.0-r0)
(57/69) Purging libwebp-dev (1.4.0-r0)
(58/69) Purging libwebpdecoder (1.4.0-r0)
(59/69) Purging libwebpdemux (1.4.0-r0)
(60/69) Purging libwebpmux (1.4.0-r0)
(61/69) Purging libwebp (1.4.0-r0)
(62/69) Purging libsharpyuv (1.4.0-r0)
(63/69) Purging libuuid (2.40.4-r1)
(64/69) Purging libxau-dev (1.0.12-r0)
(65/69) Purging libxau (1.0.12-r0)
(66/69) Purging mpdecimal (4.0.0-r0)
(67/69) Purging sqlite-libs (3.49.2-r0)
(68/69) Purging xorgproto (2024.1-r0)
(69/69) Purging xz-libs (5.6.3-r1)
Executing busybox-1.37.0-r12.trigger
OK: 313 MiB in 114 packages
>>> perl-gd: Updating the main/x86_64 repository index...
>>> perl-gd: Signing the index...
pigz: not found
