pigz: not found
>>> perl-mime-types: Building main/perl-mime-types 2.28-r0 (using abuild 3.14.1-r4) started Sun, 18 May 2025 09:05:23 +0000
>>> perl-mime-types: Validating /home/packager/aports/main/perl-mime-types/APKBUILD...
>>> perl-mime-types: Analyzing dependencies...
>>> perl-mime-types: Installing for build: build-base perl
(1/6) Installing libbz2 (1.0.8-r6)
(2/6) Installing perl (5.40.2-r0)
(3/6) Installing .makedepends-perl-mime-types (20250518.090524)
(4/6) Installing perl-error (0.17030-r0)
(5/6) Installing perl-git (2.47.2-r0)
(6/6) Installing git-perl (2.47.2-r0)
Executing busybox-1.37.0-r12.trigger
OK: 297 MiB in 87 packages
>>> perl-mime-types: Cleaning up srcdir
>>> perl-mime-types: Cleaning up pkgdir
>>> perl-mime-types: Cleaning up tmpdir
>>> perl-mime-types: Fetching https://cpan.metacpan.org/authors/id/M/MA/MARKOV/MIME-Types-2.28.tar.gz
Connecting to cpan.metacpan.org (146.75.122.217:443)
saving to '/var/cache/distfiles/MIME-Types-2.28.tar.gz.part'
MIME-Types-2.28.tar. 100% |********************************| 68670  0:00:00 ETA
'/var/cache/distfiles/MIME-Types-2.28.tar.gz.part' saved
>>> perl-mime-types: Fetching https://cpan.metacpan.org/authors/id/M/MA/MARKOV/MIME-Types-2.28.tar.gz
>>> perl-mime-types: Checking sha512sums...
MIME-Types-2.28.tar.gz: OK
>>> perl-mime-types: Unpacking /var/cache/distfiles/MIME-Types-2.28.tar.gz...
Checking if your kit is complete...
Looks good
Generating a Unix-style Makefile
Writing Makefile for MIME::Types
Writing MYMETA.yml and MYMETA.json
cp lib/MIME/Type.pm blib/lib/MIME/Type.pm
cp lib/MojoX/MIME/Types.pod blib/lib/MojoX/MIME/Types.pod
cp lib/MIME/types.db blib/lib/MIME/types.db
cp lib/MIME/Type.pod blib/lib/MIME/Type.pod
cp lib/MIME/Types.pm blib/lib/MIME/Types.pm
cp lib/MojoX/MIME/Types.pm blib/lib/MojoX/MIME/Types.pm
cp lib/MIME/Types.pod blib/lib/MIME/Types.pod
Manifying 3 pod documents
PERL_DL_NONLAZY=1 "/usr/bin/perl" "-MExtUtils::Command::MM" "-MTest::Harness" "-e" "undef *Test::Harness::Switches; test_harness(0, 'blib/lib', 'blib/arch')" t/*.t
t/10type.t ..... ok
t/11typeol.t ... ok
t/20types.t .... ok
t/21accept.t ... ok
t/22accbest.t .. ok
t/30export.t ... ok
t/40mojo.t ..... skipped: Mojo probably not installed
All tests successful.
Files=7, Tests=168,  1 wallclock secs ( 0.04 usr  0.01 sys +  0.65 cusr  0.11 csys =  0.81 CPU)
Result: PASS
>>> perl-mime-types: Entering fakeroot...
Manifying 3 pod documents
Installing /home/packager/aports/main/perl-mime-types/pkg/perl-mime-types/usr/share/perl5/vendor_perl/MojoX/MIME/Types.pm
Installing /home/packager/aports/main/perl-mime-types/pkg/perl-mime-types/usr/share/perl5/vendor_perl/MojoX/MIME/Types.pod
Installing /home/packager/aports/main/perl-mime-types/pkg/perl-mime-types/usr/share/perl5/vendor_perl/MIME/Type.pm
Installing /home/packager/aports/main/perl-mime-types/pkg/perl-mime-types/usr/share/perl5/vendor_perl/MIME/Types.pm
Installing /home/packager/aports/main/perl-mime-types/pkg/perl-mime-types/usr/share/perl5/vendor_perl/MIME/types.db
Installing /home/packager/aports/main/perl-mime-types/pkg/perl-mime-types/usr/share/perl5/vendor_perl/MIME/Type.pod
Installing /home/packager/aports/main/perl-mime-types/pkg/perl-mime-types/usr/share/perl5/vendor_perl/MIME/Types.pod
Installing /home/packager/aports/main/perl-mime-types/pkg/perl-mime-types/usr/share/man/man3/MojoX::MIME::Types.3pm
Installing /home/packager/aports/main/perl-mime-types/pkg/perl-mime-types/usr/share/man/man3/MIME::Types.3pm
Installing /home/packager/aports/main/perl-mime-types/pkg/perl-mime-types/usr/share/man/man3/MIME::Type.3pm
>>> perl-mime-types-doc*: Running split function doc...
'usr/share/perl5/vendor_perl/MojoX/MIME/Types.pod' -> '/home/packager/aports/main/perl-mime-types/pkg/perl-mime-types-doc/usr/share/perl5/vendor_perl/MojoX/MIME/Types.pod'
'usr/share/perl5/vendor_perl/MIME/Type.pod' -> '/home/packager/aports/main/perl-mime-types/pkg/perl-mime-types-doc/usr/share/perl5/vendor_perl/MIME/Type.pod'
'usr/share/perl5/vendor_perl/MIME/Types.pod' -> '/home/packager/aports/main/perl-mime-types/pkg/perl-mime-types-doc/usr/share/perl5/vendor_perl/MIME/Types.pod'
'usr/share/man' -> '/home/packager/aports/main/perl-mime-types/pkg/perl-mime-types-doc/usr/share/man'
>>> perl-mime-types-doc*: Preparing subpackage perl-mime-types-doc...
>>> perl-mime-types-doc*: Running postcheck for perl-mime-types-doc
>>> perl-mime-types*: Running postcheck for perl-mime-types
>>> perl-mime-types*: Preparing package perl-mime-types...
>>> perl-mime-types-doc*: Tracing dependencies...
>>> perl-mime-types-doc*: Package size: 33.8 KB
>>> perl-mime-types-doc*: Compressing data...
>>> perl-mime-types-doc*: Create checksum...
pigz: not found
>>> perl-mime-types-doc*: Create perl-mime-types-doc-2.28-r0.apk
>>> perl-mime-types*: Tracing dependencies...
	perl
>>> perl-mime-types*: Package size: 148.3 KB
>>> perl-mime-types*: Compressing data...
>>> perl-mime-types*: Create checksum...
pigz: not found
>>> perl-mime-types*: Create perl-mime-types-2.28-r0.apk
>>> perl-mime-types: Build complete at Sun, 18 May 2025 09:05:27 +0000 elapsed time 0h 0m 4s
>>> perl-mime-types: Cleaning up srcdir
>>> perl-mime-types: Cleaning up pkgdir
>>> perl-mime-types: Uninstalling dependencies...
(1/6) Purging .makedepends-perl-mime-types (20250518.090524)
(2/6) Purging git-perl (2.47.2-r0)
(3/6) Purging perl-git (2.47.2-r0)
(4/6) Purging perl-error (0.17030-r0)
(5/6) Purging perl (5.40.2-r0)
(6/6) Purging libbz2 (1.0.8-r6)
Executing busybox-1.37.0-r12.trigger
OK: 261 MiB in 81 packages
>>> perl-mime-types: Updating the main/x86_64 repository index...
>>> perl-mime-types: Signing the index...
pigz: not found
