pigz: not found
>>> perl-async-mergepoint: Building main/perl-async-mergepoint 0.04-r5 (using abuild 3.14.1-r4) started Sun, 18 May 2025 09:46:07 +0000
>>> perl-async-mergepoint: Validating /home/packager/aports/main/perl-async-mergepoint/APKBUILD...
>>> perl-async-mergepoint: Analyzing dependencies...
>>> perl-async-mergepoint: Installing for build: build-base perl perl-dev perl-module-build perl-test-fatal
(1/11) Installing libbz2 (1.0.8-r6)
(2/11) Installing perl (5.40.2-r0)
(3/11) Installing perl-utils (5.40.2-r0)
(4/11) Installing perl-dev (5.40.2-r0)
(5/11) Installing perl-module-build (0.4234-r1)
(6/11) Installing perl-try-tiny (0.32-r0)
(7/11) Installing perl-test-fatal (0.017-r1)
(8/11) Installing .makedepends-perl-async-mergepoint (20250518.094609)
(9/11) Installing perl-error (0.17030-r0)
(10/11) Installing perl-git (2.47.2-r0)
(11/11) Installing git-perl (2.47.2-r0)
Executing busybox-1.37.0-r12.trigger
OK: 307 MiB in 92 packages
>>> perl-async-mergepoint: Cleaning up srcdir
>>> perl-async-mergepoint: Cleaning up pkgdir
>>> perl-async-mergepoint: Cleaning up tmpdir
>>> perl-async-mergepoint: Fetching https://cpan.metacpan.org/authors/id/P/PE/PEVANS/Async-MergePoint-0.04.tar.gz
Connecting to cpan.metacpan.org (146.75.122.217:443)
saving to '/var/cache/distfiles/Async-MergePoint-0.04.tar.gz.part'
Async-MergePoint-0.0 100% |********************************| 15046  0:00:00 ETA
'/var/cache/distfiles/Async-MergePoint-0.04.tar.gz.part' saved
>>> perl-async-mergepoint: Fetching https://cpan.metacpan.org/authors/id/P/PE/PEVANS/Async-MergePoint-0.04.tar.gz
>>> perl-async-mergepoint: Checking sha512sums...
Async-MergePoint-0.04.tar.gz: OK
>>> perl-async-mergepoint: Unpacking /var/cache/distfiles/Async-MergePoint-0.04.tar.gz...
Created MYMETA.yml and MYMETA.json
Creating new 'Build' script for 'Async-MergePoint' version '0.04'
Building Async-MergePoint
t/01mergepoint.t .. ok
t/02lateclose.t ... ok
t/03lateneeds.t ... ok
t/99pod.t ......... skipped: Test::Pod 1.00 required for testing POD
All tests successful.
Files=4, Tests=19,  0 wallclock secs ( 0.03 usr  0.01 sys +  0.26 cusr  0.05 csys =  0.35 CPU)
Result: PASS
>>> perl-async-mergepoint: Entering fakeroot...
Building Async-MergePoint
Installing /home/packager/aports/main/perl-async-mergepoint/pkg/perl-async-mergepoint/usr/share/perl5/vendor_perl/Async/MergePoint.pm
Installing /home/packager/aports/main/perl-async-mergepoint/pkg/perl-async-mergepoint/usr/share/man/man3/Async::MergePoint.3pm
>>> perl-async-mergepoint-doc*: Running split function doc...
'usr/share/man' -> '/home/packager/aports/main/perl-async-mergepoint/pkg/perl-async-mergepoint-doc/usr/share/man'
>>> perl-async-mergepoint-doc*: Preparing subpackage perl-async-mergepoint-doc...
>>> perl-async-mergepoint-doc*: Running postcheck for perl-async-mergepoint-doc
>>> perl-async-mergepoint*: Running postcheck for perl-async-mergepoint
>>> perl-async-mergepoint*: Preparing package perl-async-mergepoint...
>>> perl-async-mergepoint-doc*: Tracing dependencies...
>>> perl-async-mergepoint-doc*: Package size: 3.1 KB
>>> perl-async-mergepoint-doc*: Compressing data...
>>> perl-async-mergepoint-doc*: Create checksum...
pigz: not found
>>> perl-async-mergepoint-doc*: Create perl-async-mergepoint-doc-0.04-r5.apk
>>> perl-async-mergepoint*: Tracing dependencies...
	perl
>>> perl-async-mergepoint*: Package size: 7.0 KB
>>> perl-async-mergepoint*: Compressing data...
>>> perl-async-mergepoint*: Create checksum...
pigz: not found
>>> perl-async-mergepoint*: Create perl-async-mergepoint-0.04-r5.apk
>>> perl-async-mergepoint: Build complete at Sun, 18 May 2025 09:46:13 +0000 elapsed time 0h 0m 6s
>>> perl-async-mergepoint: Cleaning up srcdir
>>> perl-async-mergepoint: Cleaning up pkgdir
>>> perl-async-mergepoint: Uninstalling dependencies...
(1/11) Purging .makedepends-perl-async-mergepoint (20250518.094609)
(2/11) Purging perl-dev (5.40.2-r0)
(3/11) Purging perl-utils (5.40.2-r0)
(4/11) Purging perl-module-build (0.4234-r1)
(5/11) Purging perl-test-fatal (0.017-r1)
(6/11) Purging perl-try-tiny (0.32-r0)
(7/11) Purging git-perl (2.47.2-r0)
(8/11) Purging perl-git (2.47.2-r0)
(9/11) Purging perl-error (0.17030-r0)
(10/11) Purging perl (5.40.2-r0)
(11/11) Purging libbz2 (1.0.8-r6)
Executing busybox-1.37.0-r12.trigger
OK: 261 MiB in 81 packages
>>> perl-async-mergepoint: Updating the main/x86_64 repository index...
>>> perl-async-mergepoint: Signing the index...
pigz: not found
