>>> libfido2: Validating /home/packager/oily-pine/main/libfido2/APKBUILD...
>>> libfido2: Cleaning up srcdir
>>> libfido2: Cleaning up pkgdir
>>> libfido2: Cleaning up tmpdir
>>> libfido2: Fetching libfido2-1.16.0.tar.gz::https://github.com/Yubico/libfido2/archive/refs/tags/1.16.0.tar.gz
  % Total    % Received % Xferd  Average Speed   Time    Time     Time  Current
                                 Dload  Upload   Total   Spent    Left  Speed
  0     0    0     0    0     0      0      0 --:--:-- --:--:-- --:--:--     0  0     0    0     0    0     0      0      0 --:--:-- --:--:-- --:--:--     0
100  666k    0  666k    0     0   782k      0 --:--:-- --:--:-- --:--:--  782k
>>> libfido2: Fetching libfido2-1.16.0.tar.gz::https://github.com/Yubico/libfido2/archive/refs/tags/1.16.0.tar.gz
>>> libfido2: Checking sha512sums...
libfido2-1.16.0.tar.gz: OK
>>> libfido2: Preparing build chroot...
fetch http://dl-cdn.alpinelinux.org/alpine/edge/main/x86_64/APKINDEX.tar.gz
(1/83) Installing musl (1.2.5-r10)
(2/83) Installing libcrypto3 (3.5.0-r0)
(3/83) Installing ca-certificates-bundle (20241121-r2)
(4/83) Installing libssl3 (3.5.0-r0)
(5/83) Installing zlib (1.3.1-r2)
(6/83) Installing libapk2 (2.14.9-r2)
(7/83) Installing apk-tools (2.14.9-r2)
(8/83) Installing libcap2 (2.76-r0)
(9/83) Installing libcap-getcap (2.76-r0)
(10/83) Installing fakeroot (1.37.1.1-r0)
(11/83) Installing scanelf (1.3.8-r1)
(12/83) Installing musl-utils (1.2.5-r10)
(13/83) Installing libgcc (14.3.0-r1)
(14/83) Installing libstdc++ (14.3.0-r1)
(15/83) Installing lzip (1.25-r0)
(16/83) Installing openssl (3.5.0-r0)
(17/83) Installing patch (2.8-r0)
(18/83) Installing pkgconf (2.4.3-r0)
(19/83) Installing acl-libs (2.3.2-r1)
(20/83) Installing tar (1.35-r3)
(21/83) Installing busybox (1.37.0-r18)
Executing busybox-1.37.0-r18.post-install
(22/83) Installing ssl_client (1.37.0-r18)
(23/83) Installing busybox-binsh (1.37.0-r18)
(24/83) Installing abuild (3.15.0-r0)
Executing abuild-3.15.0-r0.pre-install
(25/83) Installing abuild-sudo (3.15.0-r0)
(26/83) Installing alpine-baselayout-data (3.7.0-r0)
(27/83) Installing alpine-baselayout (3.7.0-r0)
Executing alpine-baselayout-3.7.0-r0.pre-install
Executing alpine-baselayout-3.7.0-r0.post-install
(28/83) Installing bridge (1.5-r5)
(29/83) Installing ifupdown-ng (0.12.1-r7)
(30/83) Installing openrc-user (0.62.2-r2)
(31/83) Installing openrc (0.62.2-r2)
Executing openrc-0.62.2-r2.post-install
(32/83) Installing mdev-conf (4.8-r0)
(33/83) Installing busybox-mdev-openrc (1.37.0-r18)
(34/83) Installing alpine-conf (3.20.0-r0)
(35/83) Installing alpine-keys (2.5-r0)
(36/83) Installing alpine-release (3.22.0-r0)
(37/83) Installing busybox-openrc (1.37.0-r18)
(38/83) Installing busybox-suid (1.37.0-r18)
(39/83) Installing alpine-base (3.22.0-r0)
(40/83) Installing jansson (2.14.1-r0)
(41/83) Installing zstd-libs (1.5.7-r0)
(42/83) Installing binutils (2.44-r0)
(43/83) Installing libmagic (5.46-r2)
(44/83) Installing file (5.46-r2)
(45/83) Installing libgomp (14.3.0-r1)
(46/83) Installing libatomic (14.3.0-r1)
(47/83) Installing gmp (6.3.0-r3)
(48/83) Installing isl26 (0.26-r1)
(49/83) Installing mpfr4 (4.2.1_p1-r0)
(50/83) Installing mpc1 (1.3.1-r1)
(51/83) Installing gcc (14.3.0-r1)
(52/83) Installing libstdc++-dev (14.3.0-r1)
(53/83) Installing musl-dev (1.2.5-r10)
(54/83) Installing g++ (14.3.0-r1)
(55/83) Installing make (4.4.1-r3)
(56/83) Installing fortify-headers (1.1-r5)
(57/83) Installing build-base (0.5-r3)
(58/83) Installing libbz2 (1.0.8-r6)
(59/83) Installing libexpat (2.7.1-r0)
(60/83) Installing lz4-libs (1.10.0-r0)
(61/83) Installing xz-libs (5.8.1-r0)
(62/83) Installing libarchive (3.8.0-r0)
(63/83) Installing rhash-libs (1.4.5-r0)
(64/83) Installing libuv (1.51.0-r0)
(65/83) Installing cmake (4.0.2-r0)
(66/83) Installing eudev-libs (3.2.14-r5)
(67/83) Installing eudev-dev (3.2.14-r5)
(68/83) Installing brotli-libs (1.1.0-r2)
(69/83) Installing c-ares (1.34.5-r0)
(70/83) Installing libunistring (1.3-r0)
(71/83) Installing libidn2 (2.3.7-r0)
(72/83) Installing nghttp2-libs (1.65.0-r0)
(73/83) Installing libpsl (0.21.5-r3)
(74/83) Installing libcurl (8.14.0-r2)
(75/83) Installing pcre2 (10.43-r1)
(76/83) Installing git (2.49.0-r0)
(77/83) Installing git-init-template (2.49.0-r0)
(78/83) Installing libcbor (0.12.0-r0)
(79/83) Installing libcbor-dev (0.12.0-r0)
(80/83) Installing linux-headers (6.14.2-r0)
(81/83) Installing openssl-dev (3.5.0-r0)
(82/83) Installing samurai (1.2-r7)
(83/83) Installing zlib-dev (1.3.1-r2)
Executing busybox-1.37.0-r18.trigger
OK: 322 MiB in 83 packages
>>> libfido2: Fetching libfido2-1.16.0.tar.gz::https://github.com/Yubico/libfido2/archive/refs/tags/1.16.0.tar.gz
>>> libfido2: Checking sha512sums...
libfido2-1.16.0.tar.gz: OK
>>> libfido2: Unpacking /var/cache/distfiles/libfido2-1.16.0.tar.gz...
CMake Deprecation Warning at CMakeLists.txt:5 (cmake_minimum_required):
  Compatibility with CMake < 3.10 will be removed from a future version of
  CMake.

  Update the VERSION argument <min> value.  Or, use the <min>...<max> syntax
  to tell CMake that the project requires at least <min> but has been updated
  to work with policies introduced by <max> or earlier.


-- The C compiler identification is GNU 14.3.0
-- Detecting C compiler ABI info
-- Detecting C compiler ABI info - done
-- Check for working C compiler: /usr/bin/cc - skipped
-- Detecting C compile features
-- Detecting C compile features - done
-- Performing Test HAVE_SHORTEN_64_TO_32
-- Performing Test HAVE_SHORTEN_64_TO_32 - Failed
-- Performing Test HAVE_STACK_PROTECTOR_ALL
-- Performing Test HAVE_STACK_PROTECTOR_ALL - Success
-- Looking for include file cbor.h
-- Looking for include file cbor.h - found
-- Looking for include file endian.h
-- Looking for include file endian.h - found
-- Looking for include file err.h
-- Looking for include file err.h - found
-- Looking for include file openssl/opensslv.h
-- Looking for include file openssl/opensslv.h - found
-- Looking for include file signal.h
-- Looking for include file signal.h - found
-- Looking for include file sys/random.h
-- Looking for include file sys/random.h - found
-- Looking for include file unistd.h
-- Looking for include file unistd.h - found
-- Looking for arc4random_buf
-- Looking for arc4random_buf - not found
-- Looking for asprintf
-- Looking for asprintf - found
-- Looking for clock_gettime
-- Looking for clock_gettime - found
-- Looking for explicit_bzero
-- Looking for explicit_bzero - found
-- Looking for freezero
-- Looking for freezero - not found
-- Looking for getline
-- Looking for getline - found
-- Looking for getopt
-- Looking for getopt - found
-- Looking for getpagesize
-- Looking for getpagesize - found
-- Looking for getrandom
-- Looking for getrandom - found
-- Looking for memset_s
-- Looking for memset_s - not found
-- Looking for readpassphrase
-- Looking for readpassphrase - not found
-- Looking for recallocarray
-- Looking for recallocarray - not found
-- Looking for strlcat
-- Looking for strlcat - found
-- Looking for strlcpy
-- Looking for strlcpy - found
-- Looking for strsep
-- Looking for strsep - found
-- Looking for sysconf
-- Looking for sysconf - found
-- Looking for timespecsub
-- Looking for timespecsub - not found
-- Looking for timingsafe_bcmp
-- Looking for timingsafe_bcmp - not found
-- Found PkgConfig: /usr/bin/pkg-config (found version "2.4.3")
-- Checking for one of the modules 'libcbor'
-- Checking for one of the modules 'libcrypto'
-- Checking for one of the modules 'zlib'
-- Checking for one of the modules 'libudev'
-- BASE_LIBRARIES: 
-- BUILD_EXAMPLES: ON
-- BUILD_MANPAGES: ON
-- BUILD_SHARED_LIBS: True
-- BUILD_STATIC_LIBS: ON
-- BUILD_TOOLS: ON
-- CBOR_INCLUDE_DIRS: /usr/include
-- CBOR_LIBRARIES: cbor
-- CBOR_LIBRARY_DIRS: /usr/lib
-- CBOR_BIN_DIRS: 
-- CBOR_VERSION: 0.12.0
-- CMAKE_BUILD_TYPE: MinSizeRel
-- CMAKE_C_COMPILER: /usr/bin/cc
-- CMAKE_C_COMPILER_ID: GNU
-- CMAKE_C_FLAGS:  -D_POSIX_C_SOURCE=200809L -D_BSD_SOURCE -D_GNU_SOURCE -D_DEFAULT_SOURCE -std=c99 -Os -fstack-clash-protection -Wformat -Werror=format-security -fno-plt
-- CMAKE_CROSSCOMPILING: FALSE
-- CMAKE_GENERATOR_PLATFORM: 
-- CMAKE_HOST_SYSTEM_NAME: Linux
-- CMAKE_HOST_SYSTEM_PROCESSOR: x86_64
-- CMAKE_INSTALL_LIBDIR: lib
-- CMAKE_INSTALL_PREFIX: /usr
-- CMAKE_SYSTEM_NAME: Linux
-- CMAKE_SYSTEM_PROCESSOR: x86_64
-- CMAKE_SYSTEM_VERSION: 6.12.30-0-lts
-- CRYPTO_INCLUDE_DIRS: /usr/include
-- CRYPTO_LIBRARIES: crypto
-- CRYPTO_LIBRARY_DIRS: /usr/lib
-- CRYPTO_BIN_DIRS: 
-- CRYPTO_VERSION: 3.5.0
-- FIDO_VERSION: 1.16.0
-- FUZZ: OFF
-- ZLIB_INCLUDE_DIRS: /usr/include
-- ZLIB_LIBRARIES: z
-- ZLIB_LIBRARY_DIRS: /usr/lib
-- ZLIB_BIN_DIRS: 
-- ZLIB_VERSION: 1.3.1
-- PCSC_INCLUDE_DIRS: 
-- PCSC_LIBRARIES: 
-- PCSC_LIBRARY_DIRS: 
-- PCSC_VERSION: 
-- TLS: __thread
-- UDEV_INCLUDE_DIRS: /usr/include
-- UDEV_LIBRARIES: udev
-- UDEV_LIBRARY_DIRS: /usr/lib
-- UDEV_RULES_DIR: 
-- UDEV_VERSION: 251
-- USE_HIDAPI: OFF
-- USE_PCSC: OFF
-- USE_WINHELLO: OFF
-- NFC_LINUX: ON
-- MANDOC_PATH: MANDOC_PATH-NOTFOUND
-- GZIP_PATH: /bin/gzip
-- Configuring done (1.1s)
-- Generating done (0.1s)
-- Build files have been written to: /tmp/src/libfido2-1.16.0/build
[1/518] Generating rs256_pk_new.3
[2/518] Generating fido_strerr.3
[3/518] Generating fido_init.3
[4/518] Generating fido_dev_set_pin.3
[5/518] Generating fido_dev_set_io_functions.3
[6/518] Generating fido_dev_open.3
[7/518] Generating fido_dev_make_cred.3
[8/518] Generating fido_dev_largeblob_get.3
[9/518] Generating fido_dev_info_manifest.3
[10/518] Generating fido_dev_get_touch_begin.3
[11/518] Generating fido_dev_get_assert.3
[12/518] Generating fido_dev_enable_entattest.3
[13/518] Generating fido_credman_metadata_new.3
[14/518] Generating fido_cred_verify.3
[15/518] Generating fido_cred_set_authdata.3
[16/518] Generating fido_cred_new.3
[17/518] Generating fido_cred_exclude.3
[18/518] Generating fido_cbor_info_new.3
[19/518] Generating fido_bio_template.3
[20/518] Generating fido_bio_info_new.3
[21/518] Generating fido_bio_enroll_new.3
[22/518] Generating fido_bio_dev_get_info.3
[23/518] Generating fido_assert_verify.3
[24/518] Generating fido_assert_set_authdata.3
[25/518] Generating fido_assert_new.3
[26/518] Generating fido_assert_allow_cred.3
[27/518] Generating fido2-token.1
[28/518] Generating fido2-cred.1
[29/518] Generating fido2-assert.1
[30/518] Generating es384_pk_new.3
[31/518] Generating es256_pk_new.3
[32/518] Generating eddsa_pk_new.3
[33/518] Building C object tools/CMakeFiles/fido2-token.dir/__/openbsd-compat/readpassphrase.c.o
[34/518] Building C object tools/CMakeFiles/fido2-token.dir/__/openbsd-compat/strsep.c.o
[35/518] Building C object tools/CMakeFiles/fido2-token.dir/__/openbsd-compat/strlcpy.c.o
[36/518] Building C object tools/CMakeFiles/fido2-token.dir/__/openbsd-compat/strlcat.c.o
[37/518] Building C object tools/CMakeFiles/fido2-token.dir/__/openbsd-compat/recallocarray.c.o
[38/518] Building C object tools/CMakeFiles/fido2-token.dir/__/openbsd-compat/freezero.c.o
[39/518] Generating rs256_pk_new.3.gz
[40/518] Generating fido_strerr.3.gz
[41/518] Generating fido_init.3.gz
[42/518] Generating fido_dev_set_pin.3.gz
[43/518] Generating fido_dev_set_io_functions.3.gz
[44/518] Generating fido_dev_open.3.gz
[45/518] Generating fido_dev_make_cred.3.gz
[46/518] Generating fido_dev_largeblob_get.3.gz
[47/518] Generating fido_dev_info_manifest.3.gz
[48/518] Generating fido_dev_get_touch_begin.3.gz
[49/518] Generating fido_dev_get_assert.3.gz
[50/518] Generating fido_dev_enable_entattest.3.gz
[51/518] Generating fido_credman_metadata_new.3.gz
[52/518] Generating fido_cred_verify.3.gz
[53/518] Generating fido_cred_set_authdata.3.gz
[54/518] Generating fido_cred_new.3.gz
[55/518] Generating fido_cred_exclude.3.gz
[56/518] Generating fido_cbor_info_new.3.gz
[57/518] Generating fido_bio_template.3.gz
[58/518] Generating fido_bio_info_new.3.gz
[59/518] Generating fido_bio_enroll_new.3.gz
[60/518] Generating fido_bio_dev_get_info.3.gz
[61/518] Generating fido_assert_verify.3.gz
[62/518] Generating fido_assert_set_authdata.3.gz
[63/518] Generating fido_assert_new.3.gz
[64/518] Generating fido_assert_allow_cred.3.gz
[65/518] Generating fido2-token.1.gz
[66/518] Generating fido2-cred.1.gz
[67/518] Generating fido2-assert.1.gz
[68/518] Generating es384_pk_new.3.gz
[69/518] Generating es256_pk_new.3.gz
[70/518] Generating eddsa_pk_new.3.gz
[71/518] Building C object tools/CMakeFiles/fido2-token.dir/__/openbsd-compat/explicit_bzero.c.o
[72/518] Building C object tools/CMakeFiles/fido2-token.dir/__/openbsd-compat/bsd-getpagesize.c.o
[73/518] Building C object tools/CMakeFiles/fido2-token.dir/util.c.o
[74/518] Building C object tools/CMakeFiles/fido2-token.dir/token.c.o
[75/518] Building C object tools/CMakeFiles/fido2-token.dir/pin.c.o
[76/518] Building C object tools/CMakeFiles/fido2-token.dir/largeblob.c.o
[77/518] Building C object tools/CMakeFiles/fido2-token.dir/credman.c.o
[78/518] Building C object tools/CMakeFiles/fido2-token.dir/config.c.o
[79/518] Building C object tools/CMakeFiles/fido2-token.dir/bio.c.o
[80/518] Generating rs256_pk_to_EVP_PKEY.3.gz
[81/518] Generating rs256_pk_from_ptr.3.gz
[82/518] Generating rs256_pk_from_RSA.3.gz
[83/518] Generating rs256_pk_from_EVP_PKEY.3.gz
[84/518] Generating rs256_pk_free.3.gz
[85/518] Generating fido_set_log_handler.3.gz
[86/518] Generating fido_dev_toggle_always_uv.3.gz
[87/518] Generating fido_dev_supports_uv.3.gz
[88/518] Generating fido_dev_supports_pin.3.gz
[89/518] Generating fido_dev_supports_permissions.3.gz
[90/518] Generating fido_dev_supports_credman.3.gz
[91/518] Generating fido_dev_supports_cred_prot.3.gz
[92/518] Generating fido_dev_set_transport_functions.3.gz
[93/518] Generating fido_dev_set_timeout.3.gz
[94/518] Generating fido_dev_set_sigmask.3.gz
[95/518] Generating fido_dev_set_pin_minlen_rpid.3.gz
[96/518] Generating fido_dev_set_pin_minlen.3.gz
[97/518] Generating fido_dev_reset.3.gz
[98/518] Generating fido_dev_protocol.3.gz
[99/518] Generating fido_dev_open_with_info.3.gz
[100/518] Generating fido_dev_new_with_info.3.gz
[101/518] Generating fido_dev_new.3.gz
[102/518] Generating fido_dev_minor.3.gz
[103/518] Generating fido_dev_major.3.gz
[104/518] Generating fido_dev_largeblob_set_array.3.gz
[105/518] Generating fido_dev_largeblob_set.3.gz
[106/518] Generating fido_dev_largeblob_remove.3.gz
[107/518] Generating fido_dev_largeblob_get_array.3.gz
[108/518] Generating fido_dev_is_winhello.3.gz
[109/518] Generating fido_dev_is_fido2.3.gz
[110/518] Generating fido_dev_io_handle.3.gz
[111/518] Generating fido_dev_info_vendor.3.gz
[112/518] Generating fido_dev_info_set.3.gz
[113/518] Generating fido_dev_info_ptr.3.gz
[114/518] Generating fido_dev_info_product_string.3.gz
[115/518] Generating fido_dev_info_product.3.gz
[116/518] Generating fido_dev_info_path.3.gz
[117/518] Generating fido_dev_info_new.3.gz
[118/518] Generating fido_dev_info_manufacturer_string.3.gz
[119/518] Generating fido_dev_info_free.3.gz
[120/518] Generating fido_dev_has_uv.3.gz
[121/518] Generating fido_dev_has_pin.3.gz
[122/518] Generating fido_dev_get_uv_retry_count.3.gz
[123/518] Generating fido_dev_get_touch_status.3.gz
[124/518] Generating fido_dev_get_retry_count.3.gz
[125/518] Generating fido_dev_get_cbor_info.3.gz
[126/518] Generating fido_dev_free.3.gz
[127/518] Generating fido_dev_force_u2f.3.gz
[128/518] Generating fido_dev_force_pin_change.3.gz
[129/518] Generating fido_dev_force_fido2.3.gz
[130/518] Generating fido_dev_flags.3.gz
[131/518] Generating fido_dev_close.3.gz
[132/518] Generating fido_dev_cancel.3.gz
[133/518] Generating fido_dev_build.3.gz
[134/518] Generating fido_credman_set_dev_rk.3.gz
[135/518] Generating fido_credman_rp_new.3.gz
[136/518] Generating fido_credman_rp_name.3.gz
[137/518] Generating fido_credman_rp_id_hash_ptr.3.gz
[138/518] Generating fido_credman_rp_id_hash_len.3.gz
[139/518] Generating fido_credman_rp_id.3.gz
[140/518] Generating fido_credman_rp_free.3.gz
[141/518] Generating fido_credman_rp_count.3.gz
[142/518] Generating fido_credman_rk_remaining.3.gz
[143/518] Generating fido_credman_rk_new.3.gz
[144/518] Generating fido_credman_rk_free.3.gz
[145/518] Generating fido_credman_rk_existing.3.gz
[146/518] Generating fido_credman_rk_count.3.gz
[147/518] Generating fido_credman_rk.3.gz
[148/518] Generating fido_credman_metadata_free.3.gz
[149/518] Generating fido_credman_get_dev_rp.3.gz
[150/518] Generating fido_credman_get_dev_rk.3.gz
[151/518] Generating fido_credman_get_dev_metadata.3.gz
[152/518] Generating fido_credman_del_dev_rk.3.gz
[153/518] Generating fido_cred_x5c_ptr.3.gz
[154/518] Generating fido_cred_x5c_list_ptr.3.gz
[155/518] Generating fido_cred_x5c_list_len.3.gz
[156/518] Generating fido_cred_x5c_list_count.3.gz
[157/518] Generating fido_cred_x5c_len.3.gz
[158/518] Generating fido_cred_verify_self.3.gz
[159/518] Generating fido_cred_user_name.3.gz
[160/518] Generating fido_cred_user_id_ptr.3.gz
[161/518] Generating fido_cred_user_id_len.3.gz
[162/518] Generating fido_cred_type.3.gz
[163/518] Generating fido_cred_sigcount.3.gz
[164/518] Generating fido_cred_sig_ptr.3.gz
[165/518] Generating fido_cred_sig_len.3.gz
[166/518] Generating fido_cred_set_x509.3.gz
[167/518] Generating fido_cred_set_uv.3.gz
[168/518] Generating fido_cred_set_user.3.gz
[169/518] Generating fido_cred_set_type.3.gz
[170/518] Generating fido_cred_set_sig.3.gz
[171/518] Generating fido_cred_set_rp.3.gz
[172/518] Generating fido_cred_set_rk.3.gz
[173/518] Generating fido_cred_set_prot.3.gz
[174/518] Generating fido_cred_set_pin_minlen.3.gz
[175/518] Generating fido_cred_set_id.3.gz
[176/518] Generating fido_cred_set_fmt.3.gz
[177/518] Generating fido_cred_set_extensions.3.gz
[178/518] Generating fido_cred_set_entattest.3.gz
[179/518] Generating fido_cred_set_clientdata_hash.3.gz
[180/518] Generating fido_cred_set_clientdata.3.gz
[181/518] Generating fido_cred_set_blob.3.gz
[182/518] Generating fido_cred_set_authdata_raw.3.gz
[183/518] Generating fido_cred_set_attstmt.3.gz
[184/518] Generating fido_cred_set_attobj.3.gz
[185/518] Generating fido_cred_rp_name.3.gz
[186/518] Generating fido_cred_rp_id.3.gz
[187/518] Generating fido_cred_pubkey_ptr.3.gz
[188/518] Generating fido_cred_pubkey_len.3.gz
[189/518] Generating fido_cred_prot.3.gz
[190/518] Generating fido_cred_pin_minlen.3.gz
[191/518] Generating fido_cred_largeblob_key_ptr.3.gz
[192/518] Generating fido_cred_largeblob_key_len.3.gz
[193/518] Generating fido_cred_id_ptr.3.gz
[194/518] Generating fido_cred_id_len.3.gz
[195/518] Generating fido_cred_free.3.gz
[196/518] Generating fido_cred_fmt.3.gz
[197/518] Generating fido_cred_flags.3.gz
[198/518] Generating fido_cred_entattest.3.gz
[199/518] Generating fido_cred_empty_exclude_list.3.gz
[200/518] Generating fido_cred_display_name.3.gz
[201/518] Generating fido_cred_clientdata_hash_ptr.3.gz
[202/518] Generating fido_cred_clientdata_hash_len.3.gz
[203/518] Generating fido_cred_authdata_raw_ptr.3.gz
[204/518] Generating fido_cred_authdata_raw_len.3.gz
[205/518] Generating fido_cred_authdata_ptr.3.gz
[206/518] Generating fido_cred_authdata_len.3.gz
[207/518] Generating fido_cred_attstmt_ptr.3.gz
[208/518] Generating fido_cred_attstmt_len.3.gz
[209/518] Generating fido_cred_aaguid_ptr.3.gz
[210/518] Generating fido_cred_aaguid_len.3.gz
[211/518] Generating fido_cbor_info_versions_ptr.3.gz
[212/518] Generating fido_cbor_info_versions_len.3.gz
[213/518] Generating fido_cbor_info_uv_modality.3.gz
[214/518] Generating fido_cbor_info_uv_attempts.3.gz
[215/518] Generating fido_cbor_info_transports_ptr.3.gz
[216/518] Generating fido_cbor_info_transports_len.3.gz
[217/518] Generating fido_cbor_info_rk_remaining.3.gz
[218/518] Generating fido_cbor_info_protocols_ptr.3.gz
[219/518] Generating fido_cbor_info_protocols_len.3.gz
[220/518] Generating fido_cbor_info_options_value_ptr.3.gz
[221/518] Generating fido_cbor_info_options_name_ptr.3.gz
[222/518] Generating fido_cbor_info_options_len.3.gz
[223/518] Generating fido_cbor_info_new_pin_required.3.gz
[224/518] Generating fido_cbor_info_minpinlen.3.gz
[225/518] Generating fido_cbor_info_maxrpid_minpinlen.3.gz
[226/518] Generating fido_cbor_info_maxmsgsiz.3.gz
[227/518] Generating fido_cbor_info_maxlargeblob.3.gz
[228/518] Generating fido_cbor_info_maxcredidlen.3.gz
[229/518] Generating fido_cbor_info_maxcredcntlst.3.gz
[230/518] Generating fido_cbor_info_maxcredbloblen.3.gz
[231/518] Generating fido_cbor_info_fwversion.3.gz
[232/518] Generating fido_cbor_info_free.3.gz
[233/518] Generating fido_cbor_info_extensions_ptr.3.gz
[234/518] Generating fido_cbor_info_extensions_len.3.gz
[235/518] Generating fido_cbor_info_certs_value_ptr.3.gz
[236/518] Generating fido_cbor_info_certs_name_ptr.3.gz
[237/518] Generating fido_cbor_info_certs_len.3.gz
[238/518] Generating fido_cbor_info_algorithm_type.3.gz
[239/518] Generating fido_cbor_info_algorithm_count.3.gz
[240/518] Generating fido_cbor_info_algorithm_cose.3.gz
[241/518] Generating fido_cbor_info_aaguid_ptr.3.gz
[242/518] Generating fido_cbor_info_aaguid_len.3.gz
[243/518] Generating fido_bio_template_set_name.3.gz
[244/518] Generating fido_bio_template_set_id.3.gz
[245/518] Generating fido_bio_template_new.3.gz
[246/518] Generating fido_bio_template_name.3.gz
[247/518] Generating fido_bio_template_id_ptr.3.gz
[248/518] Generating fido_bio_template_id_len.3.gz
[249/518] Generating fido_bio_template_free.3.gz
[250/518] Generating fido_bio_template_array_new.3.gz
[251/518] Generating fido_bio_template_array_free.3.gz
[252/518] Generating fido_bio_template_array_count.3.gz
[253/518] Generating fido_bio_info_type.3.gz
[254/518] Generating fido_bio_info_max_samples.3.gz
[255/518] Generating fido_bio_info_free.3.gz
[256/518] Generating fido_bio_enroll_remaining_samples.3.gz
[257/518] Generating fido_bio_enroll_last_status.3.gz
[258/518] Generating fido_bio_enroll_free.3.gz
[259/518] Generating fido_bio_dev_set_template_name.3.gz
[260/518] Generating fido_bio_dev_get_template_array.3.gz
[261/518] Generating fido_bio_dev_enroll_remove.3.gz
[262/518] Generating fido_bio_dev_enroll_continue.3.gz
[263/518] Generating fido_bio_dev_enroll_cancel.3.gz
[264/518] Generating fido_bio_dev_enroll_begin.3.gz
[265/518] Generating fido_assert_user_name.3.gz
[266/518] Generating fido_assert_user_id_ptr.3.gz
[267/518] Generating fido_assert_user_id_len.3.gz
[268/518] Generating fido_assert_user_icon.3.gz
[269/518] Generating fido_assert_user_display_name.3.gz
[270/518] Generating fido_assert_sigcount.3.gz
[271/518] Generating fido_assert_sig_ptr.3.gz
[272/518] Generating fido_assert_sig_len.3.gz
[273/518] Generating fido_assert_set_winhello_appid.3.gz
[274/518] Generating fido_assert_set_uv.3.gz
[275/518] Generating fido_assert_set_up.3.gz
[276/518] Generating fido_assert_set_sig.3.gz
[277/518] Generating fido_assert_set_rp.3.gz
[278/518] Generating fido_assert_set_hmac_secret.3.gz
[279/518] Generating fido_assert_set_hmac_salt.3.gz
[280/518] Generating fido_assert_set_extensions.3.gz
[281/518] Generating fido_assert_set_count.3.gz
[282/518] Generating fido_assert_set_clientdata_hash.3.gz
[283/518] Generating fido_assert_set_clientdata.3.gz
[284/518] Generating fido_assert_set_authdata_raw.3.gz
[285/518] Generating fido_assert_rp_id.3.gz
[286/518] Generating fido_assert_largeblob_key_ptr.3.gz
[287/518] Generating fido_assert_largeblob_key_len.3.gz
[288/518] Generating fido_assert_id_ptr.3.gz
[289/518] Generating fido_assert_id_len.3.gz
[290/518] Generating fido_assert_hmac_secret_ptr.3.gz
[291/518] Generating fido_assert_hmac_secret_len.3.gz
[292/518] Generating fido_assert_free.3.gz
[293/518] Generating fido_assert_flags.3.gz
[294/518] Generating fido_assert_empty_allow_list.3.gz
[295/518] Generating fido_assert_count.3.gz
[296/518] Generating fido_assert_clientdata_hash_ptr.3.gz
[297/518] Generating fido_assert_clientdata_hash_len.3.gz
[298/518] Generating fido_assert_blob_ptr.3.gz
[299/518] Generating fido_assert_blob_len.3.gz
[300/518] Generating fido_assert_authdata_raw_ptr.3.gz
[301/518] Generating fido_assert_authdata_raw_len.3.gz
[302/518] Generating fido_assert_authdata_ptr.3.gz
[303/518] Generating fido_assert_authdata_len.3.gz
[304/518] Generating es384_pk_to_EVP_PKEY.3.gz
[305/518] Generating es384_pk_from_ptr.3.gz
[306/518] Generating es384_pk_from_EVP_PKEY.3.gz
[307/518] Generating es384_pk_from_EC_KEY.3.gz
[308/518] Generating es384_pk_free.3.gz
[309/518] Generating es256_pk_to_EVP_PKEY.3.gz
[310/518] Generating es256_pk_from_ptr.3.gz
[311/518] Generating es256_pk_from_EVP_PKEY.3.gz
[312/518] Generating es256_pk_from_EC_KEY.3.gz
[313/518] Generating es256_pk_free.3.gz
[314/518] Generating eddsa_pk_to_EVP_PKEY.3.gz
[315/518] Generating eddsa_pk_from_ptr.3.gz
[316/518] Generating eddsa_pk_from_EVP_PKEY.3.gz
[317/518] Generating eddsa_pk_free.3.gz
[318/518] Building C object tools/CMakeFiles/fido2-token.dir/base64.c.o
[319/518] Building C object tools/CMakeFiles/fido2-token.dir/fido2-token.c.o
[320/518] Building C object tools/CMakeFiles/fido2-assert.dir/__/openbsd-compat/readpassphrase.c.o
[321/518] Building C object tools/CMakeFiles/fido2-assert.dir/__/openbsd-compat/strsep.c.o
[322/518] Building C object tools/CMakeFiles/fido2-assert.dir/__/openbsd-compat/strlcpy.c.o
[323/518] Building C object tools/CMakeFiles/fido2-assert.dir/__/openbsd-compat/strlcat.c.o
[324/518] Building C object tools/CMakeFiles/fido2-assert.dir/__/openbsd-compat/recallocarray.c.o
[325/518] Building C object tools/CMakeFiles/fido2-assert.dir/__/openbsd-compat/freezero.c.o
[326/518] Building C object tools/CMakeFiles/fido2-assert.dir/__/openbsd-compat/explicit_bzero.c.o
[327/518] Building C object tools/CMakeFiles/fido2-assert.dir/__/openbsd-compat/bsd-getpagesize.c.o
[328/518] Building C object tools/CMakeFiles/fido2-assert.dir/util.c.o
[329/518] Building C object tools/CMakeFiles/fido2-assert.dir/base64.c.o
[330/518] Building C object tools/CMakeFiles/fido2-assert.dir/assert_verify.c.o
[331/518] Building C object tools/CMakeFiles/fido2-assert.dir/assert_get.c.o
[332/518] Building C object tools/CMakeFiles/fido2-assert.dir/fido2-assert.c.o
[333/518] Building C object tools/CMakeFiles/fido2-cred.dir/__/openbsd-compat/readpassphrase.c.o
[334/518] Building C object tools/CMakeFiles/fido2-cred.dir/__/openbsd-compat/strsep.c.o
[335/518] Building C object tools/CMakeFiles/fido2-cred.dir/__/openbsd-compat/strlcpy.c.o
[336/518] Building C object tools/CMakeFiles/fido2-cred.dir/__/openbsd-compat/strlcat.c.o
[337/518] Building C object tools/CMakeFiles/fido2-cred.dir/__/openbsd-compat/recallocarray.c.o
[338/518] Building C object tools/CMakeFiles/fido2-cred.dir/__/openbsd-compat/freezero.c.o
[339/518] Building C object tools/CMakeFiles/fido2-cred.dir/__/openbsd-compat/explicit_bzero.c.o
[340/518] Building C object tools/CMakeFiles/fido2-cred.dir/__/openbsd-compat/bsd-getpagesize.c.o
[341/518] Building C object tools/CMakeFiles/fido2-cred.dir/util.c.o
[342/518] Building C object tools/CMakeFiles/fido2-cred.dir/base64.c.o
[343/518] Building C object tools/CMakeFiles/fido2-cred.dir/cred_verify.c.o
[344/518] Building C object tools/CMakeFiles/fido2-cred.dir/cred_make.c.o
[345/518] Building C object tools/CMakeFiles/fido2-cred.dir/fido2-cred.c.o
[346/518] Building C object examples/CMakeFiles/select.dir/__/openbsd-compat/strlcpy.c.o
[347/518] Building C object examples/CMakeFiles/select.dir/__/openbsd-compat/strlcat.c.o
[348/518] Building C object examples/CMakeFiles/select.dir/__/openbsd-compat/getopt_long.c.o
[349/518] Building C object examples/CMakeFiles/select.dir/__/openbsd-compat/clock_gettime.c.o
[350/518] Building C object examples/CMakeFiles/select.dir/select.c.o
[351/518] Building C object examples/CMakeFiles/retries.dir/__/openbsd-compat/strlcpy.c.o
[352/518] Building C object examples/CMakeFiles/retries.dir/__/openbsd-compat/strlcat.c.o
[353/518] Building C object examples/CMakeFiles/retries.dir/__/openbsd-compat/getopt_long.c.o
[354/518] Building C object examples/CMakeFiles/retries.dir/__/openbsd-compat/clock_gettime.c.o
[355/518] Building C object examples/CMakeFiles/retries.dir/retries.c.o
[356/518] Building C object examples/CMakeFiles/setpin.dir/__/openbsd-compat/strlcpy.c.o
[357/518] Building C object examples/CMakeFiles/setpin.dir/__/openbsd-compat/strlcat.c.o
[358/518] Building C object examples/CMakeFiles/setpin.dir/__/openbsd-compat/getopt_long.c.o
[359/518] Building C object examples/CMakeFiles/setpin.dir/__/openbsd-compat/clock_gettime.c.o
[360/518] Building C object examples/CMakeFiles/setpin.dir/setpin.c.o
[361/518] Building C object examples/CMakeFiles/assert.dir/__/openbsd-compat/strlcpy.c.o
[362/518] Building C object examples/CMakeFiles/assert.dir/__/openbsd-compat/strlcat.c.o
[363/518] Building C object examples/CMakeFiles/assert.dir/__/openbsd-compat/getopt_long.c.o
[364/518] Building C object examples/CMakeFiles/assert.dir/__/openbsd-compat/clock_gettime.c.o
[365/518] Building C object examples/CMakeFiles/assert.dir/util.c.o
[366/518] Building C object examples/CMakeFiles/assert.dir/assert.c.o
[367/518] Building C object examples/CMakeFiles/cred.dir/__/openbsd-compat/strlcpy.c.o
[368/518] Building C object examples/CMakeFiles/cred.dir/__/openbsd-compat/strlcat.c.o
[369/518] Building C object examples/CMakeFiles/cred.dir/__/openbsd-compat/getopt_long.c.o
[370/518] Building C object examples/CMakeFiles/cred.dir/__/openbsd-compat/clock_gettime.c.o
[371/518] Building C object examples/CMakeFiles/cred.dir/util.c.o
[372/518] Building C object examples/CMakeFiles/cred.dir/cred.c.o
[373/518] Building C object examples/CMakeFiles/reset.dir/__/openbsd-compat/strlcpy.c.o
[374/518] Building C object examples/CMakeFiles/reset.dir/__/openbsd-compat/strlcat.c.o
[375/518] Building C object examples/CMakeFiles/reset.dir/__/openbsd-compat/getopt_long.c.o
[376/518] Building C object examples/CMakeFiles/reset.dir/__/openbsd-compat/clock_gettime.c.o
[377/518] Building C object examples/CMakeFiles/reset.dir/util.c.o
[378/518] Building C object examples/CMakeFiles/reset.dir/reset.c.o
[379/518] Building C object examples/CMakeFiles/info.dir/__/openbsd-compat/strlcpy.c.o
[380/518] Building C object examples/CMakeFiles/info.dir/__/openbsd-compat/strlcat.c.o
[381/518] Building C object examples/CMakeFiles/info.dir/__/openbsd-compat/getopt_long.c.o
[382/518] Building C object examples/CMakeFiles/info.dir/__/openbsd-compat/clock_gettime.c.o
[383/518] Building C object examples/CMakeFiles/info.dir/info.c.o
[384/518] Building C object examples/CMakeFiles/manifest.dir/__/openbsd-compat/strlcpy.c.o
[385/518] Building C object examples/CMakeFiles/manifest.dir/__/openbsd-compat/strlcat.c.o
[386/518] Building C object examples/CMakeFiles/manifest.dir/__/openbsd-compat/getopt_long.c.o
[387/518] Building C object examples/CMakeFiles/manifest.dir/__/openbsd-compat/clock_gettime.c.o
[388/518] Building C object examples/CMakeFiles/manifest.dir/manifest.c.o
[389/518] Building C object regress/CMakeFiles/regress_compress.dir/compress.c.o
[390/518] Building C object regress/CMakeFiles/regress_rs256.dir/rs256.c.o
[391/518] Building C object regress/CMakeFiles/regress_es384.dir/es384.c.o
[392/518] Building C object regress/CMakeFiles/regress_es256.dir/es256.c.o
[393/518] Building C object regress/CMakeFiles/regress_eddsa.dir/eddsa.c.o
[394/518] Building C object regress/CMakeFiles/regress_dev.dir/mock.c.o
[395/518] Building C object regress/CMakeFiles/regress_dev.dir/dev.c.o
[396/518] Building C object regress/CMakeFiles/regress_cred.dir/mock.c.o
[397/518] Building C object regress/CMakeFiles/regress_cred.dir/cred.c.o
[398/518] Building C object regress/CMakeFiles/regress_assert.dir/assert.c.o
[399/518] Building C object src/CMakeFiles/fido2_shared.dir/__/openbsd-compat/timingsafe_bcmp.c.o
[400/518] Building C object src/CMakeFiles/fido2_shared.dir/__/openbsd-compat/strlcat.c.o
[401/518] Building C object src/CMakeFiles/fido2_shared.dir/__/openbsd-compat/recallocarray.c.o
[402/518] Building C object src/CMakeFiles/fido2_shared.dir/__/openbsd-compat/freezero.c.o
[403/518] Building C object src/CMakeFiles/fido2_shared.dir/__/openbsd-compat/explicit_bzero_win32.c.o
[404/518] Building C object src/CMakeFiles/fido2_shared.dir/__/openbsd-compat/explicit_bzero.c.o
[405/518] Building C object src/CMakeFiles/fido2_shared.dir/__/openbsd-compat/endian_win32.c.o
[406/518] Building C object src/CMakeFiles/fido2_shared.dir/__/openbsd-compat/clock_gettime.c.o
[407/518] Building C object src/CMakeFiles/fido2_shared.dir/__/openbsd-compat/bsd-getpagesize.c.o
[408/518] Building C object src/CMakeFiles/fido2_shared.dir/__/openbsd-compat/bsd-asprintf.c.o
[409/518] Building C object src/CMakeFiles/fido2_shared.dir/hid_unix.c.o
[410/518] Building C object src/CMakeFiles/fido2_shared.dir/hid_linux.c.o
[411/518] Building C object src/CMakeFiles/fido2_shared.dir/nfc_linux.c.o
[412/518] Building C object src/CMakeFiles/fido2_shared.dir/nfc.c.o
[413/518] Building C object src/CMakeFiles/fido2_shared.dir/netlink.c.o
[414/518] Building C object src/CMakeFiles/fido2_shared.dir/util.c.o
[415/518] Building C object src/CMakeFiles/fido2_shared.dir/u2f.c.o
[416/518] Building C object src/CMakeFiles/fido2_shared.dir/types.c.o
[417/518] Building C object src/CMakeFiles/fido2_shared.dir/tpm.c.o
[418/518] Building C object src/CMakeFiles/fido2_shared.dir/touch.c.o
[419/518] Building C object src/CMakeFiles/fido2_shared.dir/time.c.o
[420/518] Building C object src/CMakeFiles/fido2_shared.dir/rs256.c.o
[421/518] Building C object src/CMakeFiles/fido2_shared.dir/rs1.c.o
[422/518] Building C object src/CMakeFiles/fido2_shared.dir/reset.c.o
[423/518] Building C object src/CMakeFiles/fido2_shared.dir/random.c.o
[424/518] Building C object src/CMakeFiles/fido2_shared.dir/pin.c.o
[425/518] Building C object src/CMakeFiles/fido2_shared.dir/log.c.o
[426/518] Building C object src/CMakeFiles/fido2_shared.dir/largeblob.c.o
[427/518] Building C object src/CMakeFiles/fido2_shared.dir/iso7816.c.o
[428/518] Building C object src/CMakeFiles/fido2_shared.dir/io.c.o
[429/518] Building C object src/CMakeFiles/fido2_shared.dir/info.c.o
[430/518] Building C object src/CMakeFiles/fido2_shared.dir/hid.c.o
[431/518] Building C object src/CMakeFiles/fido2_shared.dir/es384.c.o
[432/518] Building C object src/CMakeFiles/fido2_shared.dir/es256.c.o
[433/518] Building C object src/CMakeFiles/fido2_shared.dir/err.c.o
[434/518] Building C object src/CMakeFiles/fido2_shared.dir/eddsa.c.o
[435/518] Building C object src/CMakeFiles/fido2_shared.dir/ecdh.c.o
[436/518] Building C object src/CMakeFiles/fido2_shared.dir/dev.c.o
[437/518] Building C object src/CMakeFiles/fido2_shared.dir/credman.c.o
[438/518] Building C object src/CMakeFiles/fido2_shared.dir/cred.c.o
[439/518] Building C object src/CMakeFiles/fido2_shared.dir/config.c.o
[440/518] Building C object src/CMakeFiles/fido2_shared.dir/compress.c.o
[441/518] Building C object src/CMakeFiles/fido2_shared.dir/cbor.c.o
[442/518] Building C object src/CMakeFiles/fido2_shared.dir/buf.c.o
[443/518] Building C object src/CMakeFiles/fido2_shared.dir/blob.c.o
[444/518] Building C object src/CMakeFiles/fido2_shared.dir/bio.c.o
[445/518] Building C object src/CMakeFiles/fido2_shared.dir/authkey.c.o
[446/518] Building C object src/CMakeFiles/fido2_shared.dir/assert.c.o
[447/518] Building C object src/CMakeFiles/fido2_shared.dir/aes256.c.o
[448/518] Building C object src/CMakeFiles/fido2.dir/__/openbsd-compat/timingsafe_bcmp.c.o
[449/518] Building C object src/CMakeFiles/fido2.dir/__/openbsd-compat/strlcat.c.o
[450/518] Building C object src/CMakeFiles/fido2.dir/__/openbsd-compat/recallocarray.c.o
[451/518] Building C object src/CMakeFiles/fido2.dir/__/openbsd-compat/freezero.c.o
[452/518] Building C object src/CMakeFiles/fido2.dir/__/openbsd-compat/explicit_bzero_win32.c.o
[453/518] Building C object src/CMakeFiles/fido2.dir/__/openbsd-compat/explicit_bzero.c.o
[454/518] Building C object src/CMakeFiles/fido2.dir/__/openbsd-compat/endian_win32.c.o
[455/518] Building C object src/CMakeFiles/fido2.dir/__/openbsd-compat/clock_gettime.c.o
[456/518] Building C object src/CMakeFiles/fido2.dir/__/openbsd-compat/bsd-getpagesize.c.o
[457/518] Building C object src/CMakeFiles/fido2.dir/__/openbsd-compat/bsd-asprintf.c.o
[458/518] Building C object src/CMakeFiles/fido2.dir/hid_unix.c.o
[459/518] Building C object src/CMakeFiles/fido2.dir/hid_linux.c.o
[460/518] Building C object src/CMakeFiles/fido2.dir/nfc_linux.c.o
[461/518] Building C object src/CMakeFiles/fido2.dir/nfc.c.o
[462/518] Building C object src/CMakeFiles/fido2.dir/netlink.c.o
[463/518] Building C object src/CMakeFiles/fido2.dir/util.c.o
[464/518] Building C object src/CMakeFiles/fido2.dir/u2f.c.o
[465/518] Building C object src/CMakeFiles/fido2.dir/types.c.o
[466/518] Building C object src/CMakeFiles/fido2.dir/tpm.c.o
[467/518] Building C object src/CMakeFiles/fido2.dir/touch.c.o
[468/518] Building C object src/CMakeFiles/fido2.dir/time.c.o
[469/518] Building C object src/CMakeFiles/fido2.dir/rs256.c.o
[470/518] Building C object src/CMakeFiles/fido2.dir/rs1.c.o
[471/518] Building C object src/CMakeFiles/fido2.dir/reset.c.o
[472/518] Building C object src/CMakeFiles/fido2.dir/random.c.o
[473/518] Building C object src/CMakeFiles/fido2.dir/pin.c.o
[474/518] Building C object src/CMakeFiles/fido2.dir/log.c.o
[475/518] Building C object src/CMakeFiles/fido2.dir/largeblob.c.o
[476/518] Building C object src/CMakeFiles/fido2.dir/iso7816.c.o
[477/518] Building C object src/CMakeFiles/fido2.dir/io.c.o
[478/518] Building C object src/CMakeFiles/fido2.dir/info.c.o
[479/518] Building C object src/CMakeFiles/fido2.dir/hid.c.o
[480/518] Building C object src/CMakeFiles/fido2.dir/es384.c.o
[481/518] Building C object src/CMakeFiles/fido2.dir/es256.c.o
[482/518] Building C object src/CMakeFiles/fido2.dir/err.c.o
[483/518] Building C object src/CMakeFiles/fido2.dir/eddsa.c.o
[484/518] Building C object src/CMakeFiles/fido2.dir/ecdh.c.o
[485/518] Building C object src/CMakeFiles/fido2.dir/dev.c.o
[486/518] Building C object src/CMakeFiles/fido2.dir/credman.c.o
[487/518] Building C object src/CMakeFiles/fido2.dir/cred.c.o
[488/518] Building C object src/CMakeFiles/fido2.dir/config.c.o
[489/518] Building C object src/CMakeFiles/fido2.dir/compress.c.o
[490/518] Building C object src/CMakeFiles/fido2.dir/cbor.c.o
[491/518] Building C object src/CMakeFiles/fido2.dir/buf.c.o
[492/518] Building C object src/CMakeFiles/fido2.dir/blob.c.o
[493/518] Building C object src/CMakeFiles/fido2.dir/bio.c.o
[494/518] Building C object src/CMakeFiles/fido2.dir/authkey.c.o
[495/518] Building C object src/CMakeFiles/fido2.dir/assert.c.o
[496/518] Building C object src/CMakeFiles/fido2.dir/aes256.c.o
[497/518] Linking C shared library src/libfido2.so.1.16.0
[498/518] Creating library symlink src/libfido2.so.1 src/libfido2.so
[499/518] Linking C executable tools/fido2-token
[500/518] Linking C executable tools/fido2-assert
[501/518] Linking C executable tools/fido2-cred
[502/518] Linking C executable examples/select
[503/518] Linking C executable examples/retries
[504/518] Linking C executable examples/setpin
[505/518] Linking C executable examples/assert
[506/518] Linking C executable examples/cred
[507/518] Linking C executable examples/reset
[508/518] Linking C executable examples/info
[509/518] Linking C executable examples/manifest
[510/518] Linking C executable regress/regress_rs256
[511/518] Linking C executable regress/regress_es384
[512/518] Linking C executable regress/regress_es256
[513/518] Linking C executable regress/regress_eddsa
[514/518] Linking C executable regress/regress_dev
[515/518] Linking C executable regress/regress_cred
[516/518] Linking C executable regress/regress_assert
[517/518] Linking C static library src/libfido2.a
[518/518] Linking C executable regress/regress_compress
Test project /tmp/src/libfido2-1.16.0/build
    Start 1: regress_assert
    Start 2: regress_cred
    Start 3: regress_dev
    Start 4: regress_eddsa
1/8 Test #1: regress_assert ...................   Passed    0.00 sec
    Start 5: regress_es256
2/8 Test #2: regress_cred .....................   Passed    0.00 sec
    Start 6: regress_es384
3/8 Test #4: regress_eddsa ....................   Passed    0.00 sec
    Start 7: regress_rs256
4/8 Test #5: regress_es256 ....................   Passed    0.00 sec
    Start 8: regress_compress
5/8 Test #7: regress_rs256 ....................   Passed    0.00 sec
6/8 Test #6: regress_es384 ....................   Passed    0.00 sec
7/8 Test #8: regress_compress .................   Passed    0.00 sec
8/8 Test #3: regress_dev ......................   Passed   10.00 sec

100% tests passed, 0 tests failed out of 8

Total Test time (real) =  10.01 sec
>>> libfido2: Entering fakeroot...
-- Install configuration: "MinSizeRel"
-- Installing: /tmp/pkg/libfido2/usr/lib/libfido2.a
-- Installing: /tmp/pkg/libfido2/usr/lib/libfido2.so.1.16.0
-- Installing: /tmp/pkg/libfido2/usr/lib/libfido2.so.1
-- Installing: /tmp/pkg/libfido2/usr/lib/libfido2.so
-- Installing: /tmp/pkg/libfido2/usr/include/fido.h
-- Installing: /tmp/pkg/libfido2/usr/include/fido
-- Installing: /tmp/pkg/libfido2/usr/include/fido/err.h
-- Installing: /tmp/pkg/libfido2/usr/include/fido/rs256.h
-- Installing: /tmp/pkg/libfido2/usr/include/fido/es384.h
-- Installing: /tmp/pkg/libfido2/usr/include/fido/credman.h
-- Installing: /tmp/pkg/libfido2/usr/include/fido/param.h
-- Installing: /tmp/pkg/libfido2/usr/include/fido/config.h
-- Installing: /tmp/pkg/libfido2/usr/include/fido/eddsa.h
-- Installing: /tmp/pkg/libfido2/usr/include/fido/bio.h
-- Installing: /tmp/pkg/libfido2/usr/include/fido/types.h
-- Installing: /tmp/pkg/libfido2/usr/include/fido/es256.h
-- Installing: /tmp/pkg/libfido2/usr/lib/pkgconfig/libfido2.pc
-- Installing: /tmp/pkg/libfido2/usr/bin/fido2-cred
-- Set non-toolchain portion of runtime path of "/tmp/pkg/libfido2/usr/bin/fido2-cred" to ""
-- Installing: /tmp/pkg/libfido2/usr/bin/fido2-assert
-- Set non-toolchain portion of runtime path of "/tmp/pkg/libfido2/usr/bin/fido2-assert" to ""
-- Installing: /tmp/pkg/libfido2/usr/bin/fido2-token
-- Set non-toolchain portion of runtime path of "/tmp/pkg/libfido2/usr/bin/fido2-token" to ""
-- Installing: /tmp/pkg/libfido2/usr/share/man/man3/eddsa_pk_new.3.gz
-- Installing: /tmp/pkg/libfido2/usr/share/man/man3/es256_pk_new.3.gz
-- Installing: /tmp/pkg/libfido2/usr/share/man/man3/es384_pk_new.3.gz
-- Installing: /tmp/pkg/libfido2/usr/share/man/man1/fido2-assert.1.gz
-- Installing: /tmp/pkg/libfido2/usr/share/man/man1/fido2-cred.1.gz
-- Installing: /tmp/pkg/libfido2/usr/share/man/man1/fido2-token.1.gz
-- Installing: /tmp/pkg/libfido2/usr/share/man/man3/fido_init.3.gz
-- Installing: /tmp/pkg/libfido2/usr/share/man/man3/fido_assert_new.3.gz
-- Installing: /tmp/pkg/libfido2/usr/share/man/man3/fido_assert_allow_cred.3.gz
-- Installing: /tmp/pkg/libfido2/usr/share/man/man3/fido_assert_set_authdata.3.gz
-- Installing: /tmp/pkg/libfido2/usr/share/man/man3/fido_assert_verify.3.gz
-- Installing: /tmp/pkg/libfido2/usr/share/man/man3/fido_bio_dev_get_info.3.gz
-- Installing: /tmp/pkg/libfido2/usr/share/man/man3/fido_bio_enroll_new.3.gz
-- Installing: /tmp/pkg/libfido2/usr/share/man/man3/fido_bio_info_new.3.gz
-- Installing: /tmp/pkg/libfido2/usr/share/man/man3/fido_bio_template.3.gz
-- Installing: /tmp/pkg/libfido2/usr/share/man/man3/fido_cbor_info_new.3.gz
-- Installing: /tmp/pkg/libfido2/usr/share/man/man3/fido_cred_new.3.gz
-- Installing: /tmp/pkg/libfido2/usr/share/man/man3/fido_cred_exclude.3.gz
-- Installing: /tmp/pkg/libfido2/usr/share/man/man3/fido_credman_metadata_new.3.gz
-- Installing: /tmp/pkg/libfido2/usr/share/man/man3/fido_cred_set_authdata.3.gz
-- Installing: /tmp/pkg/libfido2/usr/share/man/man3/fido_cred_verify.3.gz
-- Installing: /tmp/pkg/libfido2/usr/share/man/man3/fido_dev_enable_entattest.3.gz
-- Installing: /tmp/pkg/libfido2/usr/share/man/man3/fido_dev_get_assert.3.gz
-- Installing: /tmp/pkg/libfido2/usr/share/man/man3/fido_dev_get_touch_begin.3.gz
-- Installing: /tmp/pkg/libfido2/usr/share/man/man3/fido_dev_info_manifest.3.gz
-- Installing: /tmp/pkg/libfido2/usr/share/man/man3/fido_dev_largeblob_get.3.gz
-- Installing: /tmp/pkg/libfido2/usr/share/man/man3/fido_dev_make_cred.3.gz
-- Installing: /tmp/pkg/libfido2/usr/share/man/man3/fido_dev_open.3.gz
-- Installing: /tmp/pkg/libfido2/usr/share/man/man3/fido_dev_set_io_functions.3.gz
-- Installing: /tmp/pkg/libfido2/usr/share/man/man3/fido_dev_set_pin.3.gz
-- Installing: /tmp/pkg/libfido2/usr/share/man/man3/fido_strerr.3.gz
-- Installing: /tmp/pkg/libfido2/usr/share/man/man3/rs256_pk_new.3.gz
-- Installing: /tmp/pkg/libfido2/usr/share/man/man3/eddsa_pk_free.3.gz
-- Installing: /tmp/pkg/libfido2/usr/share/man/man3/eddsa_pk_from_EVP_PKEY.3.gz
-- Installing: /tmp/pkg/libfido2/usr/share/man/man3/eddsa_pk_from_ptr.3.gz
-- Installing: /tmp/pkg/libfido2/usr/share/man/man3/eddsa_pk_to_EVP_PKEY.3.gz
-- Installing: /tmp/pkg/libfido2/usr/share/man/man3/es256_pk_free.3.gz
-- Installing: /tmp/pkg/libfido2/usr/share/man/man3/es256_pk_from_EC_KEY.3.gz
-- Installing: /tmp/pkg/libfido2/usr/share/man/man3/es256_pk_from_EVP_PKEY.3.gz
-- Installing: /tmp/pkg/libfido2/usr/share/man/man3/es256_pk_from_ptr.3.gz
-- Installing: /tmp/pkg/libfido2/usr/share/man/man3/es256_pk_to_EVP_PKEY.3.gz
-- Installing: /tmp/pkg/libfido2/usr/share/man/man3/es384_pk_free.3.gz
-- Installing: /tmp/pkg/libfido2/usr/share/man/man3/es384_pk_from_EC_KEY.3.gz
-- Installing: /tmp/pkg/libfido2/usr/share/man/man3/es384_pk_from_EVP_PKEY.3.gz
-- Installing: /tmp/pkg/libfido2/usr/share/man/man3/es384_pk_from_ptr.3.gz
-- Installing: /tmp/pkg/libfido2/usr/share/man/man3/es384_pk_to_EVP_PKEY.3.gz
-- Installing: /tmp/pkg/libfido2/usr/share/man/man3/fido_assert_empty_allow_list.3.gz
-- Installing: /tmp/pkg/libfido2/usr/share/man/man3/fido_assert_authdata_len.3.gz
-- Installing: /tmp/pkg/libfido2/usr/share/man/man3/fido_assert_authdata_ptr.3.gz
-- Installing: /tmp/pkg/libfido2/usr/share/man/man3/fido_assert_authdata_raw_len.3.gz
-- Installing: /tmp/pkg/libfido2/usr/share/man/man3/fido_assert_authdata_raw_ptr.3.gz
-- Installing: /tmp/pkg/libfido2/usr/share/man/man3/fido_assert_blob_len.3.gz
-- Installing: /tmp/pkg/libfido2/usr/share/man/man3/fido_assert_blob_ptr.3.gz
-- Installing: /tmp/pkg/libfido2/usr/share/man/man3/fido_assert_clientdata_hash_len.3.gz
-- Installing: /tmp/pkg/libfido2/usr/share/man/man3/fido_assert_clientdata_hash_ptr.3.gz
-- Installing: /tmp/pkg/libfido2/usr/share/man/man3/fido_assert_count.3.gz
-- Installing: /tmp/pkg/libfido2/usr/share/man/man3/fido_assert_flags.3.gz
-- Installing: /tmp/pkg/libfido2/usr/share/man/man3/fido_assert_free.3.gz
-- Installing: /tmp/pkg/libfido2/usr/share/man/man3/fido_assert_hmac_secret_len.3.gz
-- Installing: /tmp/pkg/libfido2/usr/share/man/man3/fido_assert_hmac_secret_ptr.3.gz
-- Installing: /tmp/pkg/libfido2/usr/share/man/man3/fido_assert_id_len.3.gz
-- Installing: /tmp/pkg/libfido2/usr/share/man/man3/fido_assert_id_ptr.3.gz
-- Installing: /tmp/pkg/libfido2/usr/share/man/man3/fido_assert_largeblob_key_len.3.gz
-- Installing: /tmp/pkg/libfido2/usr/share/man/man3/fido_assert_largeblob_key_ptr.3.gz
-- Installing: /tmp/pkg/libfido2/usr/share/man/man3/fido_assert_rp_id.3.gz
-- Installing: /tmp/pkg/libfido2/usr/share/man/man3/fido_assert_sigcount.3.gz
-- Installing: /tmp/pkg/libfido2/usr/share/man/man3/fido_assert_sig_len.3.gz
-- Installing: /tmp/pkg/libfido2/usr/share/man/man3/fido_assert_sig_ptr.3.gz
-- Installing: /tmp/pkg/libfido2/usr/share/man/man3/fido_assert_user_display_name.3.gz
-- Installing: /tmp/pkg/libfido2/usr/share/man/man3/fido_assert_user_icon.3.gz
-- Installing: /tmp/pkg/libfido2/usr/share/man/man3/fido_assert_user_id_len.3.gz
-- Installing: /tmp/pkg/libfido2/usr/share/man/man3/fido_assert_user_id_ptr.3.gz
-- Installing: /tmp/pkg/libfido2/usr/share/man/man3/fido_assert_user_name.3.gz
-- Installing: /tmp/pkg/libfido2/usr/share/man/man3/fido_assert_set_authdata_raw.3.gz
-- Installing: /tmp/pkg/libfido2/usr/share/man/man3/fido_assert_set_clientdata.3.gz
-- Installing: /tmp/pkg/libfido2/usr/share/man/man3/fido_assert_set_clientdata_hash.3.gz
-- Installing: /tmp/pkg/libfido2/usr/share/man/man3/fido_assert_set_count.3.gz
-- Installing: /tmp/pkg/libfido2/usr/share/man/man3/fido_assert_set_extensions.3.gz
-- Installing: /tmp/pkg/libfido2/usr/share/man/man3/fido_assert_set_hmac_salt.3.gz
-- Installing: /tmp/pkg/libfido2/usr/share/man/man3/fido_assert_set_hmac_secret.3.gz
-- Installing: /tmp/pkg/libfido2/usr/share/man/man3/fido_assert_set_rp.3.gz
-- Installing: /tmp/pkg/libfido2/usr/share/man/man3/fido_assert_set_sig.3.gz
-- Installing: /tmp/pkg/libfido2/usr/share/man/man3/fido_assert_set_up.3.gz
-- Installing: /tmp/pkg/libfido2/usr/share/man/man3/fido_assert_set_uv.3.gz
-- Installing: /tmp/pkg/libfido2/usr/share/man/man3/fido_assert_set_winhello_appid.3.gz
-- Installing: /tmp/pkg/libfido2/usr/share/man/man3/fido_bio_dev_enroll_begin.3.gz
-- Installing: /tmp/pkg/libfido2/usr/share/man/man3/fido_bio_dev_enroll_cancel.3.gz
-- Installing: /tmp/pkg/libfido2/usr/share/man/man3/fido_bio_dev_enroll_continue.3.gz
-- Installing: /tmp/pkg/libfido2/usr/share/man/man3/fido_bio_dev_enroll_remove.3.gz
-- Installing: /tmp/pkg/libfido2/usr/share/man/man3/fido_bio_dev_get_template_array.3.gz
-- Installing: /tmp/pkg/libfido2/usr/share/man/man3/fido_bio_dev_set_template_name.3.gz
-- Installing: /tmp/pkg/libfido2/usr/share/man/man3/fido_bio_enroll_free.3.gz
-- Installing: /tmp/pkg/libfido2/usr/share/man/man3/fido_bio_enroll_last_status.3.gz
-- Installing: /tmp/pkg/libfido2/usr/share/man/man3/fido_bio_enroll_remaining_samples.3.gz
-- Installing: /tmp/pkg/libfido2/usr/share/man/man3/fido_bio_info_free.3.gz
-- Installing: /tmp/pkg/libfido2/usr/share/man/man3/fido_bio_info_max_samples.3.gz
-- Installing: /tmp/pkg/libfido2/usr/share/man/man3/fido_bio_info_type.3.gz
-- Installing: /tmp/pkg/libfido2/usr/share/man/man3/fido_bio_template_array_count.3.gz
-- Installing: /tmp/pkg/libfido2/usr/share/man/man3/fido_bio_template_array_free.3.gz
-- Installing: /tmp/pkg/libfido2/usr/share/man/man3/fido_bio_template_array_new.3.gz
-- Installing: /tmp/pkg/libfido2/usr/share/man/man3/fido_bio_template_free.3.gz
-- Installing: /tmp/pkg/libfido2/usr/share/man/man3/fido_bio_template_id_len.3.gz
-- Installing: /tmp/pkg/libfido2/usr/share/man/man3/fido_bio_template_id_ptr.3.gz
-- Installing: /tmp/pkg/libfido2/usr/share/man/man3/fido_bio_template_name.3.gz
-- Installing: /tmp/pkg/libfido2/usr/share/man/man3/fido_bio_template_new.3.gz
-- Installing: /tmp/pkg/libfido2/usr/share/man/man3/fido_bio_template_set_id.3.gz
-- Installing: /tmp/pkg/libfido2/usr/share/man/man3/fido_bio_template_set_name.3.gz
-- Installing: /tmp/pkg/libfido2/usr/share/man/man3/fido_cbor_info_aaguid_len.3.gz
-- Installing: /tmp/pkg/libfido2/usr/share/man/man3/fido_cbor_info_aaguid_ptr.3.gz
-- Installing: /tmp/pkg/libfido2/usr/share/man/man3/fido_cbor_info_algorithm_cose.3.gz
-- Installing: /tmp/pkg/libfido2/usr/share/man/man3/fido_cbor_info_algorithm_count.3.gz
-- Installing: /tmp/pkg/libfido2/usr/share/man/man3/fido_cbor_info_algorithm_type.3.gz
-- Installing: /tmp/pkg/libfido2/usr/share/man/man3/fido_cbor_info_certs_len.3.gz
-- Installing: /tmp/pkg/libfido2/usr/share/man/man3/fido_cbor_info_certs_name_ptr.3.gz
-- Installing: /tmp/pkg/libfido2/usr/share/man/man3/fido_cbor_info_certs_value_ptr.3.gz
-- Installing: /tmp/pkg/libfido2/usr/share/man/man3/fido_cbor_info_extensions_len.3.gz
-- Installing: /tmp/pkg/libfido2/usr/share/man/man3/fido_cbor_info_extensions_ptr.3.gz
-- Installing: /tmp/pkg/libfido2/usr/share/man/man3/fido_cbor_info_free.3.gz
-- Installing: /tmp/pkg/libfido2/usr/share/man/man3/fido_cbor_info_fwversion.3.gz
-- Installing: /tmp/pkg/libfido2/usr/share/man/man3/fido_cbor_info_maxcredbloblen.3.gz
-- Installing: /tmp/pkg/libfido2/usr/share/man/man3/fido_cbor_info_maxcredcntlst.3.gz
-- Installing: /tmp/pkg/libfido2/usr/share/man/man3/fido_cbor_info_maxcredidlen.3.gz
-- Installing: /tmp/pkg/libfido2/usr/share/man/man3/fido_cbor_info_maxlargeblob.3.gz
-- Installing: /tmp/pkg/libfido2/usr/share/man/man3/fido_cbor_info_maxmsgsiz.3.gz
-- Installing: /tmp/pkg/libfido2/usr/share/man/man3/fido_cbor_info_maxrpid_minpinlen.3.gz
-- Installing: /tmp/pkg/libfido2/usr/share/man/man3/fido_cbor_info_minpinlen.3.gz
-- Installing: /tmp/pkg/libfido2/usr/share/man/man3/fido_cbor_info_new_pin_required.3.gz
-- Installing: /tmp/pkg/libfido2/usr/share/man/man3/fido_cbor_info_options_len.3.gz
-- Installing: /tmp/pkg/libfido2/usr/share/man/man3/fido_cbor_info_options_name_ptr.3.gz
-- Installing: /tmp/pkg/libfido2/usr/share/man/man3/fido_cbor_info_options_value_ptr.3.gz
-- Installing: /tmp/pkg/libfido2/usr/share/man/man3/fido_cbor_info_protocols_len.3.gz
-- Installing: /tmp/pkg/libfido2/usr/share/man/man3/fido_cbor_info_protocols_ptr.3.gz
-- Installing: /tmp/pkg/libfido2/usr/share/man/man3/fido_cbor_info_rk_remaining.3.gz
-- Installing: /tmp/pkg/libfido2/usr/share/man/man3/fido_cbor_info_transports_len.3.gz
-- Installing: /tmp/pkg/libfido2/usr/share/man/man3/fido_cbor_info_transports_ptr.3.gz
-- Installing: /tmp/pkg/libfido2/usr/share/man/man3/fido_cbor_info_uv_attempts.3.gz
-- Installing: /tmp/pkg/libfido2/usr/share/man/man3/fido_cbor_info_uv_modality.3.gz
-- Installing: /tmp/pkg/libfido2/usr/share/man/man3/fido_cbor_info_versions_len.3.gz
-- Installing: /tmp/pkg/libfido2/usr/share/man/man3/fido_cbor_info_versions_ptr.3.gz
-- Installing: /tmp/pkg/libfido2/usr/share/man/man3/fido_dev_get_cbor_info.3.gz
-- Installing: /tmp/pkg/libfido2/usr/share/man/man3/fido_cred_empty_exclude_list.3.gz
-- Installing: /tmp/pkg/libfido2/usr/share/man/man3/fido_cred_aaguid_len.3.gz
-- Installing: /tmp/pkg/libfido2/usr/share/man/man3/fido_cred_aaguid_ptr.3.gz
-- Installing: /tmp/pkg/libfido2/usr/share/man/man3/fido_cred_attstmt_len.3.gz
-- Installing: /tmp/pkg/libfido2/usr/share/man/man3/fido_cred_attstmt_ptr.3.gz
-- Installing: /tmp/pkg/libfido2/usr/share/man/man3/fido_cred_authdata_len.3.gz
-- Installing: /tmp/pkg/libfido2/usr/share/man/man3/fido_cred_authdata_ptr.3.gz
-- Installing: /tmp/pkg/libfido2/usr/share/man/man3/fido_cred_authdata_raw_len.3.gz
-- Installing: /tmp/pkg/libfido2/usr/share/man/man3/fido_cred_authdata_raw_ptr.3.gz
-- Installing: /tmp/pkg/libfido2/usr/share/man/man3/fido_cred_clientdata_hash_len.3.gz
-- Installing: /tmp/pkg/libfido2/usr/share/man/man3/fido_cred_clientdata_hash_ptr.3.gz
-- Installing: /tmp/pkg/libfido2/usr/share/man/man3/fido_cred_display_name.3.gz
-- Installing: /tmp/pkg/libfido2/usr/share/man/man3/fido_cred_entattest.3.gz
-- Installing: /tmp/pkg/libfido2/usr/share/man/man3/fido_cred_flags.3.gz
-- Installing: /tmp/pkg/libfido2/usr/share/man/man3/fido_cred_fmt.3.gz
-- Installing: /tmp/pkg/libfido2/usr/share/man/man3/fido_cred_free.3.gz
-- Installing: /tmp/pkg/libfido2/usr/share/man/man3/fido_cred_id_len.3.gz
-- Installing: /tmp/pkg/libfido2/usr/share/man/man3/fido_cred_id_ptr.3.gz
-- Installing: /tmp/pkg/libfido2/usr/share/man/man3/fido_cred_largeblob_key_len.3.gz
-- Installing: /tmp/pkg/libfido2/usr/share/man/man3/fido_cred_largeblob_key_ptr.3.gz
-- Installing: /tmp/pkg/libfido2/usr/share/man/man3/fido_cred_pin_minlen.3.gz
-- Installing: /tmp/pkg/libfido2/usr/share/man/man3/fido_cred_prot.3.gz
-- Installing: /tmp/pkg/libfido2/usr/share/man/man3/fido_cred_pubkey_len.3.gz
-- Installing: /tmp/pkg/libfido2/usr/share/man/man3/fido_cred_pubkey_ptr.3.gz
-- Installing: /tmp/pkg/libfido2/usr/share/man/man3/fido_cred_rp_id.3.gz
-- Installing: /tmp/pkg/libfido2/usr/share/man/man3/fido_cred_rp_name.3.gz
-- Installing: /tmp/pkg/libfido2/usr/share/man/man3/fido_cred_sigcount.3.gz
-- Installing: /tmp/pkg/libfido2/usr/share/man/man3/fido_cred_sig_len.3.gz
-- Installing: /tmp/pkg/libfido2/usr/share/man/man3/fido_cred_sig_ptr.3.gz
-- Installing: /tmp/pkg/libfido2/usr/share/man/man3/fido_cred_type.3.gz
-- Installing: /tmp/pkg/libfido2/usr/share/man/man3/fido_cred_user_id_len.3.gz
-- Installing: /tmp/pkg/libfido2/usr/share/man/man3/fido_cred_user_id_ptr.3.gz
-- Installing: /tmp/pkg/libfido2/usr/share/man/man3/fido_cred_user_name.3.gz
-- Installing: /tmp/pkg/libfido2/usr/share/man/man3/fido_cred_x5c_len.3.gz
-- Installing: /tmp/pkg/libfido2/usr/share/man/man3/fido_cred_x5c_list_count.3.gz
-- Installing: /tmp/pkg/libfido2/usr/share/man/man3/fido_cred_x5c_list_len.3.gz
-- Installing: /tmp/pkg/libfido2/usr/share/man/man3/fido_cred_x5c_list_ptr.3.gz
-- Installing: /tmp/pkg/libfido2/usr/share/man/man3/fido_cred_x5c_ptr.3.gz
-- Installing: /tmp/pkg/libfido2/usr/share/man/man3/fido_cred_verify_self.3.gz
-- Installing: /tmp/pkg/libfido2/usr/share/man/man3/fido_credman_del_dev_rk.3.gz
-- Installing: /tmp/pkg/libfido2/usr/share/man/man3/fido_credman_get_dev_metadata.3.gz
-- Installing: /tmp/pkg/libfido2/usr/share/man/man3/fido_credman_get_dev_rk.3.gz
-- Installing: /tmp/pkg/libfido2/usr/share/man/man3/fido_credman_get_dev_rp.3.gz
-- Installing: /tmp/pkg/libfido2/usr/share/man/man3/fido_credman_metadata_free.3.gz
-- Installing: /tmp/pkg/libfido2/usr/share/man/man3/fido_credman_rk.3.gz
-- Installing: /tmp/pkg/libfido2/usr/share/man/man3/fido_credman_rk_count.3.gz
-- Installing: /tmp/pkg/libfido2/usr/share/man/man3/fido_credman_rk_existing.3.gz
-- Installing: /tmp/pkg/libfido2/usr/share/man/man3/fido_credman_rk_free.3.gz
-- Installing: /tmp/pkg/libfido2/usr/share/man/man3/fido_credman_rk_new.3.gz
-- Installing: /tmp/pkg/libfido2/usr/share/man/man3/fido_credman_rk_remaining.3.gz
-- Installing: /tmp/pkg/libfido2/usr/share/man/man3/fido_credman_rp_count.3.gz
-- Installing: /tmp/pkg/libfido2/usr/share/man/man3/fido_credman_rp_free.3.gz
-- Installing: /tmp/pkg/libfido2/usr/share/man/man3/fido_credman_rp_id.3.gz
-- Installing: /tmp/pkg/libfido2/usr/share/man/man3/fido_credman_rp_id_hash_len.3.gz
-- Installing: /tmp/pkg/libfido2/usr/share/man/man3/fido_credman_rp_id_hash_ptr.3.gz
-- Installing: /tmp/pkg/libfido2/usr/share/man/man3/fido_credman_rp_name.3.gz
-- Installing: /tmp/pkg/libfido2/usr/share/man/man3/fido_credman_rp_new.3.gz
-- Installing: /tmp/pkg/libfido2/usr/share/man/man3/fido_credman_set_dev_rk.3.gz
-- Installing: /tmp/pkg/libfido2/usr/share/man/man3/fido_cred_set_attstmt.3.gz
-- Installing: /tmp/pkg/libfido2/usr/share/man/man3/fido_cred_set_attobj.3.gz
-- Installing: /tmp/pkg/libfido2/usr/share/man/man3/fido_cred_set_authdata_raw.3.gz
-- Installing: /tmp/pkg/libfido2/usr/share/man/man3/fido_cred_set_blob.3.gz
-- Installing: /tmp/pkg/libfido2/usr/share/man/man3/fido_cred_set_clientdata.3.gz
-- Installing: /tmp/pkg/libfido2/usr/share/man/man3/fido_cred_set_clientdata_hash.3.gz
-- Installing: /tmp/pkg/libfido2/usr/share/man/man3/fido_cred_set_entattest.3.gz
-- Installing: /tmp/pkg/libfido2/usr/share/man/man3/fido_cred_set_extensions.3.gz
-- Installing: /tmp/pkg/libfido2/usr/share/man/man3/fido_cred_set_fmt.3.gz
-- Installing: /tmp/pkg/libfido2/usr/share/man/man3/fido_cred_set_id.3.gz
-- Installing: /tmp/pkg/libfido2/usr/share/man/man3/fido_cred_set_pin_minlen.3.gz
-- Installing: /tmp/pkg/libfido2/usr/share/man/man3/fido_cred_set_prot.3.gz
-- Installing: /tmp/pkg/libfido2/usr/share/man/man3/fido_cred_set_rk.3.gz
-- Installing: /tmp/pkg/libfido2/usr/share/man/man3/fido_cred_set_rp.3.gz
-- Installing: /tmp/pkg/libfido2/usr/share/man/man3/fido_cred_set_sig.3.gz
-- Installing: /tmp/pkg/libfido2/usr/share/man/man3/fido_cred_set_type.3.gz
-- Installing: /tmp/pkg/libfido2/usr/share/man/man3/fido_cred_set_user.3.gz
-- Installing: /tmp/pkg/libfido2/usr/share/man/man3/fido_cred_set_uv.3.gz
-- Installing: /tmp/pkg/libfido2/usr/share/man/man3/fido_cred_set_x509.3.gz
-- Installing: /tmp/pkg/libfido2/usr/share/man/man3/fido_dev_toggle_always_uv.3.gz
-- Installing: /tmp/pkg/libfido2/usr/share/man/man3/fido_dev_force_pin_change.3.gz
-- Installing: /tmp/pkg/libfido2/usr/share/man/man3/fido_dev_set_pin_minlen.3.gz
-- Installing: /tmp/pkg/libfido2/usr/share/man/man3/fido_dev_set_pin_minlen_rpid.3.gz
-- Installing: /tmp/pkg/libfido2/usr/share/man/man3/fido_dev_get_touch_status.3.gz
-- Installing: /tmp/pkg/libfido2/usr/share/man/man3/fido_dev_info_free.3.gz
-- Installing: /tmp/pkg/libfido2/usr/share/man/man3/fido_dev_info_manufacturer_string.3.gz
-- Installing: /tmp/pkg/libfido2/usr/share/man/man3/fido_dev_info_new.3.gz
-- Installing: /tmp/pkg/libfido2/usr/share/man/man3/fido_dev_info_path.3.gz
-- Installing: /tmp/pkg/libfido2/usr/share/man/man3/fido_dev_info_product.3.gz
-- Installing: /tmp/pkg/libfido2/usr/share/man/man3/fido_dev_info_product_string.3.gz
-- Installing: /tmp/pkg/libfido2/usr/share/man/man3/fido_dev_info_ptr.3.gz
-- Installing: /tmp/pkg/libfido2/usr/share/man/man3/fido_dev_info_set.3.gz
-- Installing: /tmp/pkg/libfido2/usr/share/man/man3/fido_dev_info_vendor.3.gz
-- Installing: /tmp/pkg/libfido2/usr/share/man/man3/fido_dev_build.3.gz
-- Installing: /tmp/pkg/libfido2/usr/share/man/man3/fido_dev_cancel.3.gz
-- Installing: /tmp/pkg/libfido2/usr/share/man/man3/fido_dev_close.3.gz
-- Installing: /tmp/pkg/libfido2/usr/share/man/man3/fido_dev_flags.3.gz
-- Installing: /tmp/pkg/libfido2/usr/share/man/man3/fido_dev_force_fido2.3.gz
-- Installing: /tmp/pkg/libfido2/usr/share/man/man3/fido_dev_force_u2f.3.gz
-- Installing: /tmp/pkg/libfido2/usr/share/man/man3/fido_dev_free.3.gz
-- Installing: /tmp/pkg/libfido2/usr/share/man/man3/fido_dev_has_pin.3.gz
-- Installing: /tmp/pkg/libfido2/usr/share/man/man3/fido_dev_has_uv.3.gz
-- Installing: /tmp/pkg/libfido2/usr/share/man/man3/fido_dev_is_fido2.3.gz
-- Installing: /tmp/pkg/libfido2/usr/share/man/man3/fido_dev_is_winhello.3.gz
-- Installing: /tmp/pkg/libfido2/usr/share/man/man3/fido_dev_major.3.gz
-- Installing: /tmp/pkg/libfido2/usr/share/man/man3/fido_dev_minor.3.gz
-- Installing: /tmp/pkg/libfido2/usr/share/man/man3/fido_dev_new.3.gz
-- Installing: /tmp/pkg/libfido2/usr/share/man/man3/fido_dev_new_with_info.3.gz
-- Installing: /tmp/pkg/libfido2/usr/share/man/man3/fido_dev_open_with_info.3.gz
-- Installing: /tmp/pkg/libfido2/usr/share/man/man3/fido_dev_protocol.3.gz
-- Installing: /tmp/pkg/libfido2/usr/share/man/man3/fido_dev_supports_cred_prot.3.gz
-- Installing: /tmp/pkg/libfido2/usr/share/man/man3/fido_dev_supports_credman.3.gz
-- Installing: /tmp/pkg/libfido2/usr/share/man/man3/fido_dev_supports_permissions.3.gz
-- Installing: /tmp/pkg/libfido2/usr/share/man/man3/fido_dev_supports_pin.3.gz
-- Installing: /tmp/pkg/libfido2/usr/share/man/man3/fido_dev_supports_uv.3.gz
-- Installing: /tmp/pkg/libfido2/usr/share/man/man3/fido_dev_get_retry_count.3.gz
-- Installing: /tmp/pkg/libfido2/usr/share/man/man3/fido_dev_get_uv_retry_count.3.gz
-- Installing: /tmp/pkg/libfido2/usr/share/man/man3/fido_dev_reset.3.gz
-- Installing: /tmp/pkg/libfido2/usr/share/man/man3/fido_dev_io_handle.3.gz
-- Installing: /tmp/pkg/libfido2/usr/share/man/man3/fido_dev_set_sigmask.3.gz
-- Installing: /tmp/pkg/libfido2/usr/share/man/man3/fido_dev_set_timeout.3.gz
-- Installing: /tmp/pkg/libfido2/usr/share/man/man3/fido_dev_set_transport_functions.3.gz
-- Installing: /tmp/pkg/libfido2/usr/share/man/man3/fido_dev_largeblob_set.3.gz
-- Installing: /tmp/pkg/libfido2/usr/share/man/man3/fido_dev_largeblob_remove.3.gz
-- Installing: /tmp/pkg/libfido2/usr/share/man/man3/fido_dev_largeblob_get_array.3.gz
-- Installing: /tmp/pkg/libfido2/usr/share/man/man3/fido_dev_largeblob_set_array.3.gz
-- Installing: /tmp/pkg/libfido2/usr/share/man/man3/fido_set_log_handler.3.gz
-- Installing: /tmp/pkg/libfido2/usr/share/man/man3/rs256_pk_free.3.gz
-- Installing: /tmp/pkg/libfido2/usr/share/man/man3/rs256_pk_from_ptr.3.gz
-- Installing: /tmp/pkg/libfido2/usr/share/man/man3/rs256_pk_from_EVP_PKEY.3.gz
-- Installing: /tmp/pkg/libfido2/usr/share/man/man3/rs256_pk_from_RSA.3.gz
-- Installing: /tmp/pkg/libfido2/usr/share/man/man3/rs256_pk_to_EVP_PKEY.3.gz
>>> libfido2-dev*: Running split function dev...
'usr/include' -> '/tmp/pkg/libfido2-dev/usr/include'
'usr/lib/pkgconfig' -> '/tmp/pkg/libfido2-dev/usr/lib/pkgconfig'
'usr/lib/libfido2.a' -> '/tmp/pkg/libfido2-dev/usr/lib/libfido2.a'
'usr/lib/libfido2.so' -> '/tmp/pkg/libfido2-dev/usr/lib/libfido2.so'
>>> libfido2-dev*: Preparing subpackage libfido2-dev...
>>> libfido2-dev*: Stripping binaries
>>> libfido2-dev*: Running postcheck for libfido2-dev
>>> libfido2-doc*: Running split function doc...
'usr/share/man' -> '/tmp/pkg/libfido2-doc/usr/share/man'
>>> libfido2-doc*: Preparing subpackage libfido2-doc...
>>> libfido2-doc*: Running postcheck for libfido2-doc
>>> fido2*: Running split function fido...
'usr/bin' -> '/tmp/pkg/fido2/usr/bin'
>>> fido2*: Preparing subpackage fido2...
>>> fido2*: Stripping binaries
>>> fido2*: Running postcheck for fido2
>>> libfido2*: Running postcheck for libfido2
>>> libfido2*: Preparing package libfido2...
>>> libfido2*: Stripping binaries
>>> libfido2*: Script found. /bin/sh added as a dependency for libfido2-1.16.0-r0.apk
>>> libfido2*: Adding .pre-install
>>> fido2*: Scanning shared objects
>>> libfido2-dev*: Scanning shared objects
>>> libfido2-doc*: Scanning shared objects
>>> libfido2*: Scanning shared objects
>>> fido2*: Tracing dependencies...
	so:libc.musl-x86_64.so.1
	so:libcbor.so.0.12
	so:libcrypto.so.3
	so:libfido2.so.1
	so:libz.so.1
>>> fido2*: Package size: 126.2 KB
>>> fido2*: Compressing data...
>>> fido2*: Create checksum...
>>> fido2*: Create fido2-1.16.0-r0.apk
>>> libfido2-dev*: Tracing dependencies...
	libfido2=1.16.0-r0
	pc:libcrypto
	pkgconfig
>>> libfido2-dev*: Package size: 507.7 KB
>>> libfido2-dev*: Compressing data...
>>> libfido2-dev*: Create checksum...
>>> libfido2-dev*: Create libfido2-dev-1.16.0-r0.apk
>>> libfido2-doc*: Tracing dependencies...
>>> libfido2-doc*: Package size: 61.0 KB
>>> libfido2-doc*: Compressing data...
>>> libfido2-doc*: Create checksum...
>>> libfido2-doc*: Create libfido2-doc-1.16.0-r0.apk
>>> libfido2*: Tracing dependencies...
	/bin/sh
	so:libc.musl-x86_64.so.1
	so:libcbor.so.0.12
	so:libcrypto.so.3
	so:libudev.so.1
	so:libz.so.1
>>> libfido2*: Package size: 209.0 KB
>>> libfido2*: Compressing data...
>>> libfido2*: Create checksum...
>>> libfido2*: Create libfido2-1.16.0-r0.apk
>>> libfido2: Updating the main/x86_64 repository index...
>>> libfido2: Signing the index...
>>> libfido2: Cleaning up srcdir
>>> libfido2: Cleaning up build chroot
>>> libfido2: Cleaning up pkgdir
