pigz: not found
>>> perl-mime-tools: Building main/perl-mime-tools 5.515-r0 (using abuild 3.14.1-r4) started Sun, 18 May 2025 07:03:22 +0000
>>> perl-mime-tools: Validating /home/packager/aports/main/perl-mime-tools/APKBUILD...
>>> perl-mime-tools: Analyzing dependencies...
>>> perl-mime-tools: Installing for build: build-base perl perl-mailtools perl-convert-binhex perl-test-deep perl-test-pod
(1/11) Installing libbz2 (1.0.8-r6)
(2/11) Installing perl (5.40.2-r0)
(3/11) Installing perl-timedate (2.33-r4)
(4/11) Installing perl-mailtools (2.22-r0)
(5/11) Installing perl-convert-binhex (1.125-r7)
(6/11) Installing perl-test-deep (1.205-r0)
(7/11) Installing perl-test-pod (1.52-r4)
(8/11) Installing .makedepends-perl-mime-tools (20250518.070324)
(9/11) Installing perl-error (0.17029-r2)
(10/11) Installing perl-git (2.47.2-r0)
(11/11) Installing git-perl (2.47.2-r0)
Executing busybox-1.37.0-r12.trigger
OK: 297 MiB in 92 packages
>>> perl-mime-tools: Cleaning up srcdir
>>> perl-mime-tools: Cleaning up pkgdir
>>> perl-mime-tools: Cleaning up tmpdir
>>> perl-mime-tools: Fetching https://cpan.metacpan.org/authors/id/D/DS/DSKOLL/MIME-tools-5.515.tar.gz
Connecting to cpan.metacpan.org (146.75.122.217:443)
saving to '/var/cache/distfiles/MIME-tools-5.515.tar.gz.part'
MIME-tools-5.515.tar 100% |********************************|  414k  0:00:00 ETA
'/var/cache/distfiles/MIME-tools-5.515.tar.gz.part' saved
>>> perl-mime-tools: Fetching https://cpan.metacpan.org/authors/id/D/DS/DSKOLL/MIME-tools-5.515.tar.gz
>>> perl-mime-tools: Checking sha512sums...
MIME-tools-5.515.tar.gz: OK
>>> perl-mime-tools: Unpacking /var/cache/distfiles/MIME-tools-5.515.tar.gz...
Checking if your kit is complete...
Looks good
Generating a Unix-style Makefile
Writing Makefile for MIME::Tools
Writing MYMETA.yml and MYMETA.json
cp lib/MIME/Decoder/Gzip64.pm blib/lib/MIME/Decoder/Gzip64.pm
cp lib/MIME/Decoder/Base64.pm blib/lib/MIME/Decoder/Base64.pm
cp lib/MIME/Head.pm blib/lib/MIME/Head.pm
cp lib/MIME/Body.pm blib/lib/MIME/Body.pm
cp lib/MIME/Field/ContDisp.pm blib/lib/MIME/Field/ContDisp.pm
cp lib/MIME/Decoder.pm blib/lib/MIME/Decoder.pm
cp lib/MIME/Words.pm blib/lib/MIME/Words.pm
cp lib/MIME/Parser/Results.pm blib/lib/MIME/Parser/Results.pm
cp lib/MIME/Decoder/QuotedPrint.pm blib/lib/MIME/Decoder/QuotedPrint.pm
cp lib/MIME/Tools.pm blib/lib/MIME/Tools.pm
cp lib/MIME/Decoder/NBit.pm blib/lib/MIME/Decoder/NBit.pm
cp lib/MIME/Parser.pm blib/lib/MIME/Parser.pm
cp lib/MIME/Decoder/UU.pm blib/lib/MIME/Decoder/UU.pm
cp lib/MIME/Field/ContType.pm blib/lib/MIME/Field/ContType.pm
cp lib/MIME/Entity.pm blib/lib/MIME/Entity.pm
cp lib/MIME/Field/ConTraEnc.pm blib/lib/MIME/Field/ConTraEnc.pm
cp lib/MIME/Decoder/BinHex.pm blib/lib/MIME/Decoder/BinHex.pm
cp lib/MIME/WordDecoder.pm blib/lib/MIME/WordDecoder.pm
cp lib/MIME/Parser/Filer.pm blib/lib/MIME/Parser/Filer.pm
cp lib/MIME/Decoder/Binary.pm blib/lib/MIME/Decoder/Binary.pm
cp lib/MIME/Field/ParamVal.pm blib/lib/MIME/Field/ParamVal.pm
cp lib/MIME/Parser/Reader.pm blib/lib/MIME/Parser/Reader.pm
Manifying 22 pod documents
PERL_DL_NONLAZY=1 "/usr/bin/perl" "-MExtUtils::Command::MM" "-MTest::Harness" "-e" "undef *Test::Harness::Switches; test_harness(0, 'inc', 'blib/lib', 'blib/arch')" t/*.t
t/02-kwalitee.t ................... skipped: These tests are for author or release candidate testing
t/02-pod-coverage.t ............... skipped: Test::Pod::Coverage disabled. TEST_POD_COVERAGE=1 if you want it.
t/02-pod.t ........................ ok
t/99-prepare.t .................... ok
t/ambiguous-parse.t ............... ok
t/attachment-filename-encoding.t .. ok
t/Body.t .......................... ok
t/BodyPrint.t ..................... ok
# Using gzip: 1
t/Decoder.t ....................... ok
t/EmptyPart.t ..................... ok
t/Entity.t ........................ ok
t/Filer.t ......................... ok
t/Gauntlet.t ...................... ok
t/Head.t .......................... ok
t/Misc.t .......................... ok
t/obfuscated-zip.t ................ ok
t/ParamVal.t ...................... ok
t/Parser.t ........................ ok
t/ParserEncoded.t ................. ok
t/ParserPreamble.t ................ ok
t/Ref.t ........................... ok
t/Smtpsend.t ...................... ok
t/test-utf8-bom.t ................. ok
t/ticket-11901.t .................. ok
t/ticket-119568.t ................. ok
t/ticket-22684.t .................. ok
t/ticket-37139.t .................. ok
t/ticket-41632.t .................. ok
t/ticket-43439.t .................. ok
t/ticket-52924.t .................. ok
t/ticket-5462.t ................... ok
t/ticket-60931.t .................. ok
t/ticket-65681.t .................. ok
t/ticket-66025.t .................. ok
t/ticket-71041.t .................. ok
t/ticket-71677.t .................. ok
t/ticket-80433.t .................. ok
t/WordDecoder.t ................... ok
t/WordEncoder.t ................... ok
t/Words.t ......................... ok
All tests successful.
Files=40, Tests=460,  7 wallclock secs ( 0.14 usr  0.05 sys +  4.73 cusr  0.73 csys =  5.65 CPU)
Result: PASS
>>> perl-mime-tools: Entering fakeroot...
Manifying 22 pod documents
Installing /home/packager/aports/main/perl-mime-tools/pkg/perl-mime-tools/usr/share/perl5/vendor_perl/MIME/Parser.pm
Installing /home/packager/aports/main/perl-mime-tools/pkg/perl-mime-tools/usr/share/perl5/vendor_perl/MIME/Decoder.pm
Installing /home/packager/aports/main/perl-mime-tools/pkg/perl-mime-tools/usr/share/perl5/vendor_perl/MIME/WordDecoder.pm
Installing /home/packager/aports/main/perl-mime-tools/pkg/perl-mime-tools/usr/share/perl5/vendor_perl/MIME/Body.pm
Installing /home/packager/aports/main/perl-mime-tools/pkg/perl-mime-tools/usr/share/perl5/vendor_perl/MIME/Words.pm
Installing /home/packager/aports/main/perl-mime-tools/pkg/perl-mime-tools/usr/share/perl5/vendor_perl/MIME/Head.pm
Installing /home/packager/aports/main/perl-mime-tools/pkg/perl-mime-tools/usr/share/perl5/vendor_perl/MIME/Entity.pm
Installing /home/packager/aports/main/perl-mime-tools/pkg/perl-mime-tools/usr/share/perl5/vendor_perl/MIME/Tools.pm
Installing /home/packager/aports/main/perl-mime-tools/pkg/perl-mime-tools/usr/share/perl5/vendor_perl/MIME/Parser/Results.pm
Installing /home/packager/aports/main/perl-mime-tools/pkg/perl-mime-tools/usr/share/perl5/vendor_perl/MIME/Parser/Reader.pm
Installing /home/packager/aports/main/perl-mime-tools/pkg/perl-mime-tools/usr/share/perl5/vendor_perl/MIME/Parser/Filer.pm
Installing /home/packager/aports/main/perl-mime-tools/pkg/perl-mime-tools/usr/share/perl5/vendor_perl/MIME/Field/ConTraEnc.pm
Installing /home/packager/aports/main/perl-mime-tools/pkg/perl-mime-tools/usr/share/perl5/vendor_perl/MIME/Field/ParamVal.pm
Installing /home/packager/aports/main/perl-mime-tools/pkg/perl-mime-tools/usr/share/perl5/vendor_perl/MIME/Field/ContType.pm
Installing /home/packager/aports/main/perl-mime-tools/pkg/perl-mime-tools/usr/share/perl5/vendor_perl/MIME/Field/ContDisp.pm
Installing /home/packager/aports/main/perl-mime-tools/pkg/perl-mime-tools/usr/share/perl5/vendor_perl/MIME/Decoder/Base64.pm
Installing /home/packager/aports/main/perl-mime-tools/pkg/perl-mime-tools/usr/share/perl5/vendor_perl/MIME/Decoder/NBit.pm
Installing /home/packager/aports/main/perl-mime-tools/pkg/perl-mime-tools/usr/share/perl5/vendor_perl/MIME/Decoder/QuotedPrint.pm
Installing /home/packager/aports/main/perl-mime-tools/pkg/perl-mime-tools/usr/share/perl5/vendor_perl/MIME/Decoder/UU.pm
Installing /home/packager/aports/main/perl-mime-tools/pkg/perl-mime-tools/usr/share/perl5/vendor_perl/MIME/Decoder/BinHex.pm
Installing /home/packager/aports/main/perl-mime-tools/pkg/perl-mime-tools/usr/share/perl5/vendor_perl/MIME/Decoder/Gzip64.pm
Installing /home/packager/aports/main/perl-mime-tools/pkg/perl-mime-tools/usr/share/perl5/vendor_perl/MIME/Decoder/Binary.pm
Installing /home/packager/aports/main/perl-mime-tools/pkg/perl-mime-tools/usr/share/man/man3/MIME::Field::ConTraEnc.3pm
Installing /home/packager/aports/main/perl-mime-tools/pkg/perl-mime-tools/usr/share/man/man3/MIME::Field::ContType.3pm
Installing /home/packager/aports/main/perl-mime-tools/pkg/perl-mime-tools/usr/share/man/man3/MIME::Decoder::Gzip64.3pm
Installing /home/packager/aports/main/perl-mime-tools/pkg/perl-mime-tools/usr/share/man/man3/MIME::Parser::Reader.3pm
Installing /home/packager/aports/main/perl-mime-tools/pkg/perl-mime-tools/usr/share/man/man3/MIME::Field::ContDisp.3pm
Installing /home/packager/aports/main/perl-mime-tools/pkg/perl-mime-tools/usr/share/man/man3/MIME::Words.3pm
Installing /home/packager/aports/main/perl-mime-tools/pkg/perl-mime-tools/usr/share/man/man3/MIME::Head.3pm
Installing /home/packager/aports/main/perl-mime-tools/pkg/perl-mime-tools/usr/share/man/man3/MIME::Decoder::Base64.3pm
Installing /home/packager/aports/main/perl-mime-tools/pkg/perl-mime-tools/usr/share/man/man3/MIME::Decoder::QuotedPrint.3pm
Installing /home/packager/aports/main/perl-mime-tools/pkg/perl-mime-tools/usr/share/man/man3/MIME::Tools.3pm
Installing /home/packager/aports/main/perl-mime-tools/pkg/perl-mime-tools/usr/share/man/man3/MIME::Decoder::Binary.3pm
Installing /home/packager/aports/main/perl-mime-tools/pkg/perl-mime-tools/usr/share/man/man3/MIME::Decoder.3pm
Installing /home/packager/aports/main/perl-mime-tools/pkg/perl-mime-tools/usr/share/man/man3/MIME::Parser.3pm
Installing /home/packager/aports/main/perl-mime-tools/pkg/perl-mime-tools/usr/share/man/man3/MIME::Entity.3pm
Installing /home/packager/aports/main/perl-mime-tools/pkg/perl-mime-tools/usr/share/man/man3/MIME::WordDecoder.3pm
Installing /home/packager/aports/main/perl-mime-tools/pkg/perl-mime-tools/usr/share/man/man3/MIME::Parser::Filer.3pm
Installing /home/packager/aports/main/perl-mime-tools/pkg/perl-mime-tools/usr/share/man/man3/MIME::Decoder::NBit.3pm
Installing /home/packager/aports/main/perl-mime-tools/pkg/perl-mime-tools/usr/share/man/man3/MIME::Body.3pm
Installing /home/packager/aports/main/perl-mime-tools/pkg/perl-mime-tools/usr/share/man/man3/MIME::Parser::Results.3pm
Installing /home/packager/aports/main/perl-mime-tools/pkg/perl-mime-tools/usr/share/man/man3/MIME::Decoder::BinHex.3pm
Installing /home/packager/aports/main/perl-mime-tools/pkg/perl-mime-tools/usr/share/man/man3/MIME::Field::ParamVal.3pm
Installing /home/packager/aports/main/perl-mime-tools/pkg/perl-mime-tools/usr/share/man/man3/MIME::Decoder::UU.3pm
>>> perl-mime-tools-doc*: Running split function doc...
'usr/share/man' -> '/home/packager/aports/main/perl-mime-tools/pkg/perl-mime-tools-doc/usr/share/man'
>>> perl-mime-tools-doc*: Preparing subpackage perl-mime-tools-doc...
>>> perl-mime-tools-doc*: Running postcheck for perl-mime-tools-doc
>>> perl-mime-tools*: Running postcheck for perl-mime-tools
>>> perl-mime-tools*: Preparing package perl-mime-tools...
>>> perl-mime-tools-doc*: Tracing dependencies...
>>> perl-mime-tools-doc*: Package size: 89.9 KB
>>> perl-mime-tools-doc*: Compressing data...
>>> perl-mime-tools-doc*: Create checksum...
pigz: not found
>>> perl-mime-tools-doc*: Create perl-mime-tools-doc-5.515-r0.apk
>>> perl-mime-tools*: Tracing dependencies...
	perl
	perl-mailtools
	perl-convert-binhex
>>> perl-mime-tools*: Package size: 312.6 KB
>>> perl-mime-tools*: Compressing data...
>>> perl-mime-tools*: Create checksum...
pigz: not found
>>> perl-mime-tools*: Create perl-mime-tools-5.515-r0.apk
>>> perl-mime-tools: Build complete at Sun, 18 May 2025 07:03:33 +0000 elapsed time 0h 0m 11s
>>> perl-mime-tools: Cleaning up srcdir
>>> perl-mime-tools: Cleaning up pkgdir
>>> perl-mime-tools: Uninstalling dependencies...
(1/11) Purging .makedepends-perl-mime-tools (20250518.070324)
(2/11) Purging perl-mailtools (2.22-r0)
(3/11) Purging perl-timedate (2.33-r4)
(4/11) Purging perl-convert-binhex (1.125-r7)
(5/11) Purging perl-test-deep (1.205-r0)
(6/11) Purging perl-test-pod (1.52-r4)
(7/11) Purging git-perl (2.47.2-r0)
(8/11) Purging perl-git (2.47.2-r0)
(9/11) Purging perl-error (0.17029-r2)
(10/11) Purging perl (5.40.2-r0)
(11/11) Purging libbz2 (1.0.8-r6)
Executing busybox-1.37.0-r12.trigger
OK: 260 MiB in 81 packages
>>> perl-mime-tools: Updating the main/x86_64 repository index...
>>> perl-mime-tools: Signing the index...
pigz: not found
