pigz: not found
>>> perl-test-sharedfork: Building main/perl-test-sharedfork 0.35-r3 (using abuild 3.14.1-r4) started Sun, 18 May 2025 09:26:12 +0000
>>> perl-test-sharedfork: Validating /home/packager/aports/main/perl-test-sharedfork/APKBUILD...
>>> perl-test-sharedfork: Analyzing dependencies...
>>> perl-test-sharedfork: Installing for build: build-base perl perl-test-requires
(1/7) Installing libbz2 (1.0.8-r6)
(2/7) Installing perl (5.40.2-r0)
(3/7) Installing perl-test-requires (0.11-r3)
(4/7) Installing .makedepends-perl-test-sharedfork (20250518.092613)
(5/7) Installing perl-error (0.17030-r0)
(6/7) Installing perl-git (2.47.2-r0)
(7/7) Installing git-perl (2.47.2-r0)
Executing busybox-1.37.0-r12.trigger
OK: 297 MiB in 88 packages
>>> perl-test-sharedfork: Cleaning up srcdir
>>> perl-test-sharedfork: Cleaning up pkgdir
>>> perl-test-sharedfork: Cleaning up tmpdir
>>> perl-test-sharedfork: Fetching https://cpan.metacpan.org/authors/id/E/EX/EXODIST/Test-SharedFork-0.35.tar.gz
Connecting to cpan.metacpan.org (146.75.122.217:443)
saving to '/var/cache/distfiles/Test-SharedFork-0.35.tar.gz.part'
Test-SharedFork-0.35 100% |********************************| 15502  0:00:00 ETA
'/var/cache/distfiles/Test-SharedFork-0.35.tar.gz.part' saved
>>> perl-test-sharedfork: Fetching https://cpan.metacpan.org/authors/id/E/EX/EXODIST/Test-SharedFork-0.35.tar.gz
>>> perl-test-sharedfork: Checking sha512sums...
Test-SharedFork-0.35.tar.gz: OK
>>> perl-test-sharedfork: Unpacking /var/cache/distfiles/Test-SharedFork-0.35.tar.gz...
Checking if your kit is complete...
Looks good
Generating a Unix-style Makefile
Writing Makefile for Test::SharedFork
Writing MYMETA.yml and MYMETA.json
cp lib/Test/SharedFork.pm blib/lib/Test/SharedFork.pm
cp lib/Test/SharedFork/Store.pm blib/lib/Test/SharedFork/Store.pm
cp lib/Test/SharedFork/Array.pm blib/lib/Test/SharedFork/Array.pm
cp lib/Test/SharedFork/Scalar.pm blib/lib/Test/SharedFork/Scalar.pm
Manifying 1 pod document
PERL_DL_NONLAZY=1 "/usr/bin/perl" "-MExtUtils::Command::MM" "-MTest::Harness" "-e" "undef *Test::Harness::Switches; test_harness(0, 'blib/lib', 'blib/arch')" t/*.t
# Test::Builder::VERSION: 1.302199
t/00_compile.t ........... ok
t/01_simple.t ............ ok
t/02_fork_method.t ....... ok
t/03_toomany_run.t ....... ok
t/04_test_before_fork.t .. ok
t/05_nest.t .............. ok
t/06_fail_lineno.t ....... ok
t/07_lazy_load.t ......... ok
t/08_threads.t ........... skipped: Not implemented yet
t/09_very_simple.t ....... ok

    #   Failed test 'child three'
    #   at t/nest/subtest.ttt line 14.
    # Looks like you failed 1 test of 6.

#   Failed test 'foo'
#   at t/nest/subtest.ttt line 19.
# Looks like you failed 1 test of 1.
t/10_subtest.t ........... ok
t/11_failure_location.t .. ok
# ok 1
# not ok 2
# #   Failed test at t/12_is_passing.t line 18.
# ok 3
t/12_is_passing.t ........ ok
All tests successful.

Test Summary Report
-------------------
t/10_subtest.t         (Wstat: 0 Tests: 1 Failed: 0)
  TODO passed:   1
Files=13, Tests=137, 42 wallclock secs ( 0.07 usr  0.02 sys +  1.37 cusr  0.29 csys =  1.75 CPU)
Result: PASS
>>> perl-test-sharedfork: Entering fakeroot...
Manifying 1 pod document
Appending installation info to /home/packager/aports/main/perl-test-sharedfork/pkg/perl-test-sharedfork/usr/lib/perl5/core_perl/perllocal.pod
Installing /home/packager/aports/main/perl-test-sharedfork/pkg/perl-test-sharedfork/usr/share/perl5/vendor_perl/Test/SharedFork.pm
Installing /home/packager/aports/main/perl-test-sharedfork/pkg/perl-test-sharedfork/usr/share/perl5/vendor_perl/Test/SharedFork/Scalar.pm
Installing /home/packager/aports/main/perl-test-sharedfork/pkg/perl-test-sharedfork/usr/share/perl5/vendor_perl/Test/SharedFork/Array.pm
Installing /home/packager/aports/main/perl-test-sharedfork/pkg/perl-test-sharedfork/usr/share/perl5/vendor_perl/Test/SharedFork/Store.pm
Installing /home/packager/aports/main/perl-test-sharedfork/pkg/perl-test-sharedfork/usr/share/man/man3/Test::SharedFork.3pm
>>> perl-test-sharedfork-doc*: Running split function doc...
'usr/share/man' -> '/home/packager/aports/main/perl-test-sharedfork/pkg/perl-test-sharedfork-doc/usr/share/man'
>>> perl-test-sharedfork-doc*: Preparing subpackage perl-test-sharedfork-doc...
>>> perl-test-sharedfork-doc*: Running postcheck for perl-test-sharedfork-doc
>>> perl-test-sharedfork*: Running postcheck for perl-test-sharedfork
>>> perl-test-sharedfork*: Preparing package perl-test-sharedfork...
>>> perl-test-sharedfork-doc*: Tracing dependencies...
>>> perl-test-sharedfork-doc*: Package size: 1.3 KB
>>> perl-test-sharedfork-doc*: Compressing data...
>>> perl-test-sharedfork-doc*: Create checksum...
pigz: not found
>>> perl-test-sharedfork-doc*: Create perl-test-sharedfork-doc-0.35-r3.apk
>>> perl-test-sharedfork*: Tracing dependencies...
	perl
	perl-test-requires
>>> perl-test-sharedfork*: Package size: 9.0 KB
>>> perl-test-sharedfork*: Compressing data...
>>> perl-test-sharedfork*: Create checksum...
pigz: not found
>>> perl-test-sharedfork*: Create perl-test-sharedfork-0.35-r3.apk
>>> perl-test-sharedfork: Build complete at Sun, 18 May 2025 09:26:57 +0000 elapsed time 0h 0m 45s
>>> perl-test-sharedfork: Cleaning up srcdir
>>> perl-test-sharedfork: Cleaning up pkgdir
>>> perl-test-sharedfork: Uninstalling dependencies...
(1/7) Purging .makedepends-perl-test-sharedfork (20250518.092613)
(2/7) Purging perl-test-requires (0.11-r3)
(3/7) Purging git-perl (2.47.2-r0)
(4/7) Purging perl-git (2.47.2-r0)
(5/7) Purging perl-error (0.17030-r0)
(6/7) Purging perl (5.40.2-r0)
(7/7) Purging libbz2 (1.0.8-r6)
Executing busybox-1.37.0-r12.trigger
OK: 261 MiB in 81 packages
>>> perl-test-sharedfork: Updating the main/x86_64 repository index...
>>> perl-test-sharedfork: Signing the index...
pigz: not found
