pigz: not found
>>> perl-net-http: Building main/perl-net-http 6.23-r1 (using abuild 3.14.1-r4) started Thu, 22 May 2025 23:54:42 +0000
>>> perl-net-http: Validating /home/packager/aports/main/perl-net-http/APKBUILD...
>>> perl-net-http: Analyzing dependencies...
>>> perl-net-http: Installing for build: build-base perl perl-uri
(1/2) Installing perl-uri (5.28-r0)
(2/2) Installing .makedepends-perl-net-http (20250522.235445)
OK: 313 MiB in 116 packages
>>> perl-net-http: Cleaning up srcdir
>>> perl-net-http: Cleaning up pkgdir
>>> perl-net-http: Cleaning up tmpdir
>>> perl-net-http: Fetching https://cpan.metacpan.org/authors/id/O/OA/OALDERS/Net-HTTP-6.23.tar.gz
Connecting to cpan.metacpan.org (146.75.122.217:443)
saving to '/var/cache/distfiles/Net-HTTP-6.23.tar.gz.part'
Net-HTTP-6.23.tar.gz 100% |********************************| 42998  0:00:00 ETA
'/var/cache/distfiles/Net-HTTP-6.23.tar.gz.part' saved
>>> perl-net-http: Fetching https://cpan.metacpan.org/authors/id/O/OA/OALDERS/Net-HTTP-6.23.tar.gz
>>> perl-net-http: Checking sha512sums...
Net-HTTP-6.23.tar.gz: OK
>>> perl-net-http: Unpacking /var/cache/distfiles/Net-HTTP-6.23.tar.gz...
Checking if your kit is complete...
Looks good
Generating a Unix-style Makefile
Writing Makefile for Net::HTTP
Writing MYMETA.yml and MYMETA.json
cp lib/Net/HTTPS.pm blib/lib/Net/HTTPS.pm
cp lib/Net/HTTP/Methods.pm blib/lib/Net/HTTP/Methods.pm
cp lib/Net/HTTP.pm blib/lib/Net/HTTP.pm
cp lib/Net/HTTP/NB.pm blib/lib/Net/HTTP/NB.pm
Manifying 4 pod documents
PERL_DL_NONLAZY=1 "/usr/bin/perl" "-MExtUtils::Command::MM" "-MTest::Harness" "-e" "undef *Test::Harness::Switches; test_harness(0, 'blib/lib', 'blib/arch')" t/*.t
# 
# Versions for all modules listed in MYMETA.json (including optional ones):
# 
# === Configure Requires ===
# 
#     Module              Want Have
#     ------------------- ---- ----
#     ExtUtils::MakeMaker  any 7.70
# 
# === Configure Suggests ===
# 
#     Module      Want Have
#     -------- ------- ----
#     JSON::PP 2.27300 4.16
# 
# === Build Requires ===
# 
#     Module              Want Have
#     ------------------- ---- ----
#     ExtUtils::MakeMaker  any 7.70
# 
# === Test Requires ===
# 
#     Module              Want     Have
#     ------------------- ---- --------
#     Data::Dumper         any    2.189
#     ExtUtils::MakeMaker  any     7.70
#     File::Spec           any     3.91
#     IO::Select           any     1.55
#     Socket               any    2.038
#     Test::More           any 1.302199
# 
# === Test Recommends ===
# 
#     Module         Want     Have
#     ---------- -------- --------
#     CPAN::Meta 2.120900 2.150010
# 
# === Runtime Requires ===
# 
#     Module                     Want     Have
#     ---------------------- -------- --------
#     Carp                        any     1.54
#     Compress::Raw::Zlib         any    2.212
#     IO::Socket::INET            any     1.55
#     IO::Uncompress::Gunzip      any    2.212
#     URI                         any     5.28
#     base                        any     2.27
#     perl                   5.006002 5.040002
#     strict                      any     1.13
#     warnings                    any     1.70
# 
# === Runtime Suggests ===
# 
#     Module             Want    Have
#     ----------------- ----- -------
#     IO::Socket          any    1.55
#     IO::Socket::INET6   any missing
#     IO::Socket::IP      any    0.42
#     IO::Socket::SSL   2.012 missing
#     Symbol              any    1.09
# 
t/00-report-prereqs.t .. ok
t/http-nb.t ............ ok
t/http.t ............... ok
t/live-https.t ......... skipped: IO::Socket::SSL or Net::SSL not available
t/live.t ............... ok
t/socket-class.t ....... ok
All tests successful.
Files=6, Tests=63,  4 wallclock secs ( 0.06 usr  0.01 sys +  1.08 cusr  0.17 csys =  1.32 CPU)
Result: PASS
>>> perl-net-http: Entering fakeroot...
Manifying 4 pod documents
Appending installation info to /home/packager/aports/main/perl-net-http/pkg/perl-net-http/usr/lib/perl5/core_perl/perllocal.pod
Installing /home/packager/aports/main/perl-net-http/pkg/perl-net-http/usr/share/perl5/vendor_perl/Net/HTTPS.pm
Installing /home/packager/aports/main/perl-net-http/pkg/perl-net-http/usr/share/perl5/vendor_perl/Net/HTTP.pm
Installing /home/packager/aports/main/perl-net-http/pkg/perl-net-http/usr/share/perl5/vendor_perl/Net/HTTP/Methods.pm
Installing /home/packager/aports/main/perl-net-http/pkg/perl-net-http/usr/share/perl5/vendor_perl/Net/HTTP/NB.pm
Installing /home/packager/aports/main/perl-net-http/pkg/perl-net-http/usr/share/man/man3/Net::HTTP::Methods.3pm
Installing /home/packager/aports/main/perl-net-http/pkg/perl-net-http/usr/share/man/man3/Net::HTTPS.3pm
Installing /home/packager/aports/main/perl-net-http/pkg/perl-net-http/usr/share/man/man3/Net::HTTP.3pm
Installing /home/packager/aports/main/perl-net-http/pkg/perl-net-http/usr/share/man/man3/Net::HTTP::NB.3pm
>>> perl-net-http-doc*: Running split function doc...
renamed 'usr/share/man' -> '/home/packager/aports/main/perl-net-http/pkg/perl-net-http-doc/usr/share/man'
>>> perl-net-http-doc*: Preparing subpackage perl-net-http-doc...
libfakeroot internal error: payload not recognized!
libfakeroot internal error: payload not recognized!
>>> perl-net-http-doc*: Running postcheck for perl-net-http-doc
>>> perl-net-http*: Running postcheck for perl-net-http
>>> perl-net-http*: Preparing package perl-net-http...
>>> perl-net-http-doc*: Tracing dependencies...
>>> perl-net-http-doc*: Package size: 8.7 KB
>>> perl-net-http-doc*: Compressing data...
>>> perl-net-http-doc*: Create checksum...
pigz: not found
>>> perl-net-http-doc*: Create perl-net-http-doc-6.23-r1.apk
>>> perl-net-http*: Tracing dependencies...
	perl
	perl-uri
>>> perl-net-http*: Package size: 33.0 KB
>>> perl-net-http*: Compressing data...
>>> perl-net-http*: Create checksum...
pigz: not found
>>> perl-net-http*: Create perl-net-http-6.23-r1.apk
>>> perl-net-http: Build complete at Thu, 22 May 2025 23:54:54 +0000 elapsed time 0h 0m 12s
>>> perl-net-http: Cleaning up srcdir
>>> perl-net-http: Cleaning up pkgdir
>>> perl-net-http: Uninstalling dependencies...
(1/2) Purging .makedepends-perl-net-http (20250522.235445)
(2/2) Purging perl-uri (5.28-r0)
OK: 313 MiB in 114 packages
>>> perl-net-http: Updating the main/x86_64 repository index...
>>> perl-net-http: Signing the index...
pigz: not found
