pigz: not found
>>> perl-datetime: Building main/perl-datetime 1.66-r0 (using abuild 3.14.1-r4) started Sun, 18 May 2025 07:56:21 +0000
>>> perl-datetime: Validating /home/packager/aports/main/perl-datetime/APKBUILD...
>>> perl-datetime: Analyzing dependencies...
>>> perl-datetime: Installing for build: build-base perl perl-specio perl-dist-checkconflicts perl-datetime-locale perl-namespace-autoclean perl-try-tiny perl-datetime-timezone perl-params-validationcompiler perl-dev perl-cpan-meta-check perl-test-warnings perl-test-fatal perl-test-without-module
(1/38) Installing libbz2 (1.0.8-r6)
(2/38) Installing perl (5.40.2-r0)
(3/38) Installing perl-sub-quote (2.006008-r1)
(4/38) Installing perl-devel-stacktrace (2.05-r0)
(5/38) Installing perl-role-tiny (2.002004-r2)
(6/38) Installing perl-mro-compat (0.15-r2)
(7/38) Installing perl-try-tiny (0.32-r0)
(8/38) Installing perl-test-fatal (0.017-r1)
(9/38) Installing perl-eval-closure (0.14-r4)
(10/38) Installing perl-module-runtime (0.016-r6)
(11/38) Installing perl-clone (0.47-r0)
(12/38) Installing perl-specio (0.50-r0)
(13/38) Installing perl-dist-checkconflicts (0.11-r4)
(14/38) Installing perl-class-inspector (1.36-r3)
(15/38) Installing perl-file-sharedir (1.118-r1)
(16/38) Installing perl-sub-exporter-progressive (0.001013-r4)
(17/38) Installing perl-module-implementation (0.09-r5)
(18/38) Installing perl-b-hooks-endofscope (0.28-r0)
(19/38) Installing perl-package-stash (0.40-r1)
(20/38) Installing perl-namespace-clean (0.27-r4)
(21/38) Installing perl-namespace-autoclean (0.31-r0)
(22/38) Installing perl-test-simple (1.302209-r0)
(23/38) Installing perl-test-without-module (0.23-r0)
(24/38) Installing perl-class-data-inheritable (0.10-r0)
(25/38) Installing perl-exception-class (1.45-r1)
(26/38) Installing perl-test2-plugin-nowarnings (0.10-r1)
(27/38) Installing perl-params-validationcompiler (0.31-r2)
(28/38) Installing perl-datetime-locale (1.45-r0)
(29/38) Installing perl-class-singleton (1.6-r2)
(30/38) Installing perl-datetime-timezone (2.65-r0)
(31/38) Installing perl-utils (5.40.2-r0)
(32/38) Installing perl-dev (5.40.2-r0)
(33/38) Installing perl-cpan-meta-check (0.018-r0)
(34/38) Installing perl-test-warnings (0.038-r0)
(35/38) Installing .makedepends-perl-datetime (20250518.075622)
(36/38) Installing perl-error (0.17029-r2)
(37/38) Installing perl-git (2.47.2-r0)
(38/38) Installing git-perl (2.47.2-r0)
Executing busybox-1.37.0-r12.trigger
OK: 321 MiB in 119 packages
>>> perl-datetime: Cleaning up srcdir
>>> perl-datetime: Cleaning up pkgdir
>>> perl-datetime: Cleaning up tmpdir
>>> perl-datetime: Fetching https://cpan.metacpan.org/authors/id/D/DR/DROLSKY/DateTime-1.66.tar.gz
Connecting to cpan.metacpan.org (146.75.122.217:443)
saving to '/var/cache/distfiles/DateTime-1.66.tar.gz.part'
DateTime-1.66.tar.gz 100% |********************************|  316k  0:00:00 ETA
'/var/cache/distfiles/DateTime-1.66.tar.gz.part' saved
>>> perl-datetime: Fetching https://cpan.metacpan.org/authors/id/D/DR/DROLSKY/DateTime-1.66.tar.gz
>>> perl-datetime: Checking sha512sums...
DateTime-1.66.tar.gz: OK
>>> perl-datetime: Unpacking /var/cache/distfiles/DateTime-1.66.tar.gz...
Checking if your kit is complete...
Looks good
Generating a Unix-style Makefile
Writing Makefile for DateTime
Writing MYMETA.yml and MYMETA.json
"/usr/bin/perl" "/usr/share/perl5/core_perl/ExtUtils/xsubpp"  -typemap '/usr/share/perl5/core_perl/ExtUtils/typemap'  DateTime.xs > DateTime.xsc
Running Mkbootstrap for DateTime ()
chmod 644 "DateTime.bs"
"/usr/bin/perl" -MExtUtils::Command::MM -e 'cp_nonempty' -- DateTime.bs blib/arch/auto/DateTime/DateTime.bs 644
cp lib/DateTime/Helpers.pm blib/lib/DateTime/Helpers.pm
cp lib/DateTime/PP.pm blib/lib/DateTime/PP.pm
cp lib/DateTime/Infinite.pm blib/lib/DateTime/Infinite.pm
cp lib/DateTime/Duration.pm blib/lib/DateTime/Duration.pm
cp lib/DateTime/Conflicts.pm blib/lib/DateTime/Conflicts.pm
cp lib/DateTime/PPExtra.pm blib/lib/DateTime/PPExtra.pm
cp lib/DateTime/Types.pm blib/lib/DateTime/Types.pm
cp lib/DateTime.pm blib/lib/DateTime.pm
cp lib/DateTime/LeapSecond.pm blib/lib/DateTime/LeapSecond.pm
mv DateTime.xsc DateTime.c
cc -c   -D_REENTRANT -D_GNU_SOURCE -D_GNU_SOURCE -fwrapv -fno-strict-aliasing -pipe -fstack-protector-strong -D_LARGEFILE_SOURCE -D_FILE_OFFSET_BITS=64 -Os -fstack-clash-protection -Wformat -Werror=format-security -fno-plt -O2   -DVERSION=\"1.66\" -DXS_VERSION=\"1.66\" -fPIC "-I/usr/lib/perl5/core_perl/CORE"   DateTime.c
rm -f blib/arch/auto/DateTime/DateTime.so
cc  -shared -Os -fstack-clash-protection -Wformat -Werror=format-security -fno-plt -O2 -L/usr/local/lib -fstack-protector-strong  DateTime.o  -o blib/arch/auto/DateTime/DateTime.so  \
      \
  
chmod 755 blib/arch/auto/DateTime/DateTime.so
Manifying 6 pod documents
"/usr/bin/perl" -MExtUtils::Command::MM -e 'cp_nonempty' -- DateTime.bs blib/arch/auto/DateTime/DateTime.bs 644
PERL_DL_NONLAZY=1 "/usr/bin/perl" "-MExtUtils::Command::MM" "-MTest::Harness" "-e" "undef *Test::Harness::Switches; test_harness(0, 'blib/lib', 'blib/arch')" t/*.t
# 
# Versions for all modules listed in MYMETA.json (including optional ones):
# 
# === Configure Requires ===
# 
#     Module               Want Have
#     -------------------- ---- ----
#     Dist::CheckConflicts 0.02 0.11
#     ExtUtils::MakeMaker   any 7.70
# 
# === Configure Suggests ===
# 
#     Module      Want Have
#     -------- ------- ----
#     JSON::PP 2.27300 4.16
# 
# === Build Requires ===
# 
#     Module              Want Have
#     ------------------- ---- ----
#     ExtUtils::MakeMaker  any 7.70
# 
# === Test Requires ===
# 
#     Module                    Want     Have
#     ------------------------ ----- --------
#     CPAN::Meta::Check        0.011    0.018
#     CPAN::Meta::Requirements   any    2.143
#     ExtUtils::MakeMaker        any     7.70
#     File::Spec                 any     3.91
#     Storable                   any     3.32
#     Term::ANSIColor            any     5.01
#     Test::Fatal                any    0.017
#     Test::More                0.96 1.302209
#     Test::Warnings           0.005    0.038
#     Test::Without::Module      any     0.23
#     utf8                       any     1.25
# 
# === Test Recommends ===
# 
#     Module         Want     Have
#     ---------- -------- --------
#     CPAN::Meta 2.120900 2.150010
# 
# === Runtime Requires ===
# 
#     Module                         Want     Have
#     -------------------------- -------- --------
#     Carp                            any     1.54
#     DateTime::Locale               1.06     1.45
#     DateTime::TimeZone             2.44     2.65
#     Dist::CheckConflicts           0.02     0.11
#     POSIX                           any     2.20
#     Params::ValidationCompiler     0.26     0.31
#     Scalar::Util                    any     1.63
#     Specio                         0.50     0.50
#     Specio::Declare                 any     0.50
#     Specio::Exporter                any     0.50
#     Specio::Library::Builtins       any     0.50
#     Specio::Library::Numeric        any     0.50
#     Specio::Library::String         any     0.50
#     Specio::Subs                    any     0.50
#     Try::Tiny                       any     0.32
#     XSLoader                        any     0.32
#     integer                         any     1.01
#     namespace::autoclean           0.19     0.31
#     overload                        any     1.37
#     parent                          any    0.241
#     perl                       5.008004 5.040002
#     strict                          any     1.13
#     warnings                        any     1.70
#     warnings::register              any     1.06
# 
t/00-report-prereqs.t .... ok
t/00load.t ............... ok
t/01sanity.t ............. ok
t/02last-day.t ........... ok
t/03components.t ......... ok
t/04epoch.t .............. ok
t/05set.t ................ ok
t/06add.t ................ ok
t/07compare.t ............ ok
t/09greg.t ............... ok
t/10subtract.t ........... ok
t/11duration.t ........... ok
t/12week.t ............... ok
t/13strftime.t ........... ok
t/14locale.t ............. ok
t/15jd.t ................. ok
t/16truncate.t ........... ok
t/17set-return.t ......... ok
t/18today.t .............. ok
t/19leap-second.t ........ ok
t/20infinite.t ........... ok
t/21bad-params.t ......... ok
t/22from-doy.t ........... ok
t/23storable.t ........... ok
t/24from-object.t ........ ok
t/25add-subtract.t ....... ok
t/26dt-leapsecond-pm.t ... ok
t/27delta.t .............. ok
t/28dow.t ................ ok
t/29overload.t ........... ok
t/30future-tz.t .......... ok
t/31formatter.t .......... ok
t/32leap-second2.t ....... ok
t/33seconds-offset.t ..... ok
t/34set-tz.t ............. ok
t/35rd-values.t .......... ok
t/36invalid-local.t ...... ok
t/37local-add.t .......... ok
t/38local-subtract.t ..... ok
t/39no-so.t .............. ok
t/40leap-years.t ......... ok
t/41cldr-format.t ........ ok
t/42duration-class.t ..... ok
t/43new-params.t ......... ok
t/44set-formatter.t ...... ok
t/45core-time.t .......... ok
t/46warnings.t ........... ok
t/47default-time-zone.t .. ok
t/48rt-115983.t .......... ok
t/49-without-sub-util.t .. ok
t/zzz-check-breaks.t ..... ok
All tests successful.
Files=51, Tests=3589, 21 wallclock secs ( 0.42 usr  0.11 sys + 18.55 cusr  1.75 csys = 20.83 CPU)
Result: PASS
>>> perl-datetime: Entering fakeroot...
"/usr/bin/perl" -MExtUtils::Command::MM -e 'cp_nonempty' -- DateTime.bs blib/arch/auto/DateTime/DateTime.bs 644
Manifying 6 pod documents
Files found in blib/arch: installing files in blib/lib into architecture dependent library tree
Installing /home/packager/aports/main/perl-datetime/pkg/perl-datetime/usr/lib/perl5/vendor_perl/auto/DateTime/DateTime.so
Installing /home/packager/aports/main/perl-datetime/pkg/perl-datetime/usr/lib/perl5/vendor_perl/DateTime.pm
Installing /home/packager/aports/main/perl-datetime/pkg/perl-datetime/usr/lib/perl5/vendor_perl/DateTime/PP.pm
Installing /home/packager/aports/main/perl-datetime/pkg/perl-datetime/usr/lib/perl5/vendor_perl/DateTime/Types.pm
Installing /home/packager/aports/main/perl-datetime/pkg/perl-datetime/usr/lib/perl5/vendor_perl/DateTime/Duration.pm
Installing /home/packager/aports/main/perl-datetime/pkg/perl-datetime/usr/lib/perl5/vendor_perl/DateTime/Conflicts.pm
Installing /home/packager/aports/main/perl-datetime/pkg/perl-datetime/usr/lib/perl5/vendor_perl/DateTime/PPExtra.pm
Installing /home/packager/aports/main/perl-datetime/pkg/perl-datetime/usr/lib/perl5/vendor_perl/DateTime/LeapSecond.pm
Installing /home/packager/aports/main/perl-datetime/pkg/perl-datetime/usr/lib/perl5/vendor_perl/DateTime/Helpers.pm
Installing /home/packager/aports/main/perl-datetime/pkg/perl-datetime/usr/lib/perl5/vendor_perl/DateTime/Infinite.pm
Installing /home/packager/aports/main/perl-datetime/pkg/perl-datetime/usr/share/man/man3/DateTime::Infinite.3pm
Installing /home/packager/aports/main/perl-datetime/pkg/perl-datetime/usr/share/man/man3/DateTime::Duration.3pm
Installing /home/packager/aports/main/perl-datetime/pkg/perl-datetime/usr/share/man/man3/DateTime.3pm
Installing /home/packager/aports/main/perl-datetime/pkg/perl-datetime/usr/share/man/man3/DateTime::Types.3pm
Installing /home/packager/aports/main/perl-datetime/pkg/perl-datetime/usr/share/man/man3/DateTime::LeapSecond.3pm
Installing /home/packager/aports/main/perl-datetime/pkg/perl-datetime/usr/share/man/man3/DateTime::Conflicts.3pm
>>> perl-datetime-doc*: Running split function doc...
'usr/share/man' -> '/home/packager/aports/main/perl-datetime/pkg/perl-datetime-doc/usr/share/man'
>>> perl-datetime-doc*: Preparing subpackage perl-datetime-doc...
>>> perl-datetime-doc*: Running postcheck for perl-datetime-doc
>>> perl-datetime*: Running postcheck for perl-datetime
>>> perl-datetime*: Preparing package perl-datetime...
>>> perl-datetime*: Stripping binaries
>>> perl-datetime-doc*: Scanning shared objects
>>> perl-datetime*: Scanning shared objects
>>> perl-datetime-doc*: Tracing dependencies...
>>> perl-datetime-doc*: Package size: 34.3 KB
>>> perl-datetime-doc*: Compressing data...
>>> perl-datetime-doc*: Create checksum...
pigz: not found
>>> perl-datetime-doc*: Create perl-datetime-doc-1.66-r0.apk
>>> perl-datetime*: Tracing dependencies...
	perl
	perl-specio
	perl-dist-checkconflicts
	perl-datetime-locale
	perl-namespace-autoclean
	perl-try-tiny
	perl-datetime-timezone
	perl-params-validationcompiler
	so:libc.musl-x86_64.so.1
>>> perl-datetime*: Package size: 197.7 KB
>>> perl-datetime*: Compressing data...
>>> perl-datetime*: Create checksum...
pigz: not found
>>> perl-datetime*: Create perl-datetime-1.66-r0.apk
>>> perl-datetime: Build complete at Sun, 18 May 2025 07:56:46 +0000 elapsed time 0h 0m 25s
>>> perl-datetime: Cleaning up srcdir
>>> perl-datetime: Cleaning up pkgdir
>>> perl-datetime: Uninstalling dependencies...
(1/38) Purging .makedepends-perl-datetime (20250518.075622)
(2/38) Purging perl-datetime-locale (1.45-r0)
(3/38) Purging perl-file-sharedir (1.118-r1)
(4/38) Purging perl-class-inspector (1.36-r3)
(5/38) Purging perl-datetime-timezone (2.65-r0)
(6/38) Purging perl-class-singleton (1.6-r2)
(7/38) Purging perl-namespace-autoclean (0.31-r0)
(8/38) Purging perl-namespace-clean (0.27-r4)
(9/38) Purging perl-package-stash (0.40-r1)
(10/38) Purging perl-dist-checkconflicts (0.11-r4)
(11/38) Purging perl-b-hooks-endofscope (0.28-r0)
(12/38) Purging perl-sub-exporter-progressive (0.001013-r4)
(13/38) Purging perl-module-implementation (0.09-r5)
(14/38) Purging perl-params-validationcompiler (0.31-r2)
(15/38) Purging perl-specio (0.50-r0)
(16/38) Purging perl-sub-quote (2.006008-r1)
(17/38) Purging perl-module-runtime (0.016-r6)
(18/38) Purging perl-clone (0.47-r0)
(19/38) Purging perl-eval-closure (0.14-r4)
(20/38) Purging perl-exception-class (1.45-r1)
(21/38) Purging perl-devel-stacktrace (2.05-r0)
(22/38) Purging perl-class-data-inheritable (0.10-r0)
(23/38) Purging perl-test2-plugin-nowarnings (0.10-r1)
(24/38) Purging perl-test-simple (1.302209-r0)
(25/38) Purging perl-role-tiny (2.002004-r2)
(26/38) Purging perl-mro-compat (0.15-r2)
(27/38) Purging perl-dev (5.40.2-r0)
(28/38) Purging perl-utils (5.40.2-r0)
(29/38) Purging perl-cpan-meta-check (0.018-r0)
(30/38) Purging perl-test-warnings (0.038-r0)
(31/38) Purging perl-test-fatal (0.017-r1)
(32/38) Purging perl-try-tiny (0.32-r0)
(33/38) Purging perl-test-without-module (0.23-r0)
(34/38) Purging git-perl (2.47.2-r0)
(35/38) Purging perl-git (2.47.2-r0)
(36/38) Purging perl-error (0.17029-r2)
(37/38) Purging perl (5.40.2-r0)
(38/38) Purging libbz2 (1.0.8-r6)
Executing busybox-1.37.0-r12.trigger
OK: 261 MiB in 81 packages
>>> perl-datetime: Updating the main/x86_64 repository index...
>>> perl-datetime: Signing the index...
pigz: not found
