pigz: not found
>>> perl-extutils-helpers: Building main/perl-extutils-helpers 0.028-r0 (using abuild 3.14.1-r4) started Sun, 18 May 2025 07:16:00 +0000
>>> perl-extutils-helpers: Validating /home/packager/aports/main/perl-extutils-helpers/APKBUILD...
>>> perl-extutils-helpers: Analyzing dependencies...
>>> perl-extutils-helpers: Installing for build: build-base perl
(1/6) Installing libbz2 (1.0.8-r6)
(2/6) Installing perl (5.40.2-r0)
(3/6) Installing .makedepends-perl-extutils-helpers (20250518.071601)
(4/6) Installing perl-error (0.17029-r2)
(5/6) Installing perl-git (2.47.2-r0)
(6/6) Installing git-perl (2.47.2-r0)
Executing busybox-1.37.0-r12.trigger
OK: 297 MiB in 87 packages
>>> perl-extutils-helpers: Cleaning up srcdir
>>> perl-extutils-helpers: Cleaning up pkgdir
>>> perl-extutils-helpers: Cleaning up tmpdir
>>> perl-extutils-helpers: Fetching https://cpan.metacpan.org/authors/id/L/LE/LEONT/ExtUtils-Helpers-0.028.tar.gz
Connecting to cpan.metacpan.org (146.75.122.217:443)
saving to '/var/cache/distfiles/ExtUtils-Helpers-0.028.tar.gz.part'
ExtUtils-Helpers-0.0 100% |********************************| 16620  0:00:00 ETA
'/var/cache/distfiles/ExtUtils-Helpers-0.028.tar.gz.part' saved
>>> perl-extutils-helpers: Fetching https://cpan.metacpan.org/authors/id/L/LE/LEONT/ExtUtils-Helpers-0.028.tar.gz
>>> perl-extutils-helpers: Checking sha512sums...
ExtUtils-Helpers-0.028.tar.gz: OK
>>> perl-extutils-helpers: Unpacking /var/cache/distfiles/ExtUtils-Helpers-0.028.tar.gz...
Checking if your kit is complete...
Looks good
Generating a Unix-style Makefile
Writing Makefile for ExtUtils::Helpers
Writing MYMETA.yml and MYMETA.json
cp lib/ExtUtils/Helpers.pm blib/lib/ExtUtils/Helpers.pm
cp lib/ExtUtils/Helpers/Unix.pm blib/lib/ExtUtils/Helpers/Unix.pm
cp lib/ExtUtils/Helpers/VMS.pm blib/lib/ExtUtils/Helpers/VMS.pm
cp lib/ExtUtils/Helpers/Windows.pm blib/lib/ExtUtils/Helpers/Windows.pm
Manifying 4 pod documents
PERL_DL_NONLAZY=1 "/usr/bin/perl" "-MExtUtils::Command::MM" "-MTest::Harness" "-e" "undef *Test::Harness::Switches; test_harness(0, 'blib/lib', 'blib/arch')" t/*.t
t/make_executable.t ... ok
t/man_pagename.t ...... ok
t/split_like_shell.t .. ok
t/tilde.t ............. ok
All tests successful.
Files=4, Tests=30,  0 wallclock secs ( 0.02 usr  0.01 sys +  0.31 cusr  0.02 csys =  0.36 CPU)
Result: PASS
>>> perl-extutils-helpers: Entering fakeroot...
Manifying 4 pod documents
Installing /home/packager/aports/main/perl-extutils-helpers/pkg/perl-extutils-helpers/usr/share/perl5/vendor_perl/ExtUtils/Helpers.pm
Installing /home/packager/aports/main/perl-extutils-helpers/pkg/perl-extutils-helpers/usr/share/perl5/vendor_perl/ExtUtils/Helpers/Windows.pm
Installing /home/packager/aports/main/perl-extutils-helpers/pkg/perl-extutils-helpers/usr/share/perl5/vendor_perl/ExtUtils/Helpers/Unix.pm
Installing /home/packager/aports/main/perl-extutils-helpers/pkg/perl-extutils-helpers/usr/share/perl5/vendor_perl/ExtUtils/Helpers/VMS.pm
Installing /home/packager/aports/main/perl-extutils-helpers/pkg/perl-extutils-helpers/usr/share/man/man3/ExtUtils::Helpers.3pm
Installing /home/packager/aports/main/perl-extutils-helpers/pkg/perl-extutils-helpers/usr/share/man/man3/ExtUtils::Helpers::Windows.3pm
Installing /home/packager/aports/main/perl-extutils-helpers/pkg/perl-extutils-helpers/usr/share/man/man3/ExtUtils::Helpers::VMS.3pm
Installing /home/packager/aports/main/perl-extutils-helpers/pkg/perl-extutils-helpers/usr/share/man/man3/ExtUtils::Helpers::Unix.3pm
>>> perl-extutils-helpers-doc*: Running split function doc...
'usr/share/man' -> '/home/packager/aports/main/perl-extutils-helpers/pkg/perl-extutils-helpers-doc/usr/share/man'
>>> perl-extutils-helpers-doc*: Preparing subpackage perl-extutils-helpers-doc...
>>> perl-extutils-helpers-doc*: Running postcheck for perl-extutils-helpers-doc
>>> perl-extutils-helpers*: Running postcheck for perl-extutils-helpers
>>> perl-extutils-helpers*: Preparing package perl-extutils-helpers...
>>> perl-extutils-helpers-doc*: Tracing dependencies...
>>> perl-extutils-helpers-doc*: Package size: 4.8 KB
>>> perl-extutils-helpers-doc*: Compressing data...
>>> perl-extutils-helpers-doc*: Create checksum...
pigz: not found
>>> perl-extutils-helpers-doc*: Create perl-extutils-helpers-doc-0.028-r0.apk
>>> perl-extutils-helpers*: Tracing dependencies...
	perl
>>> perl-extutils-helpers*: Package size: 9.6 KB
>>> perl-extutils-helpers*: Compressing data...
>>> perl-extutils-helpers*: Create checksum...
pigz: not found
>>> perl-extutils-helpers*: Create perl-extutils-helpers-0.028-r0.apk
>>> perl-extutils-helpers: Build complete at Sun, 18 May 2025 07:16:04 +0000 elapsed time 0h 0m 4s
>>> perl-extutils-helpers: Cleaning up srcdir
>>> perl-extutils-helpers: Cleaning up pkgdir
>>> perl-extutils-helpers: Uninstalling dependencies...
(1/6) Purging .makedepends-perl-extutils-helpers (20250518.071601)
(2/6) Purging git-perl (2.47.2-r0)
(3/6) Purging perl-git (2.47.2-r0)
(4/6) Purging perl-error (0.17029-r2)
(5/6) Purging perl (5.40.2-r0)
(6/6) Purging libbz2 (1.0.8-r6)
Executing busybox-1.37.0-r12.trigger
OK: 260 MiB in 81 packages
>>> perl-extutils-helpers: Updating the main/x86_64 repository index...
>>> perl-extutils-helpers: Signing the index...
pigz: not found
