pigz: not found
>>> perl-html-tree: Building main/perl-html-tree 5.07-r5 (using abuild 3.14.1-r4) started Sun, 18 May 2025 09:13:08 +0000
>>> perl-html-tree: Validating /home/packager/aports/main/perl-html-tree/APKBUILD...
>>> perl-html-tree: Analyzing dependencies...
>>> perl-html-tree: Installing for build: build-base perl perl-html-tagset perl-html-parser perl-dev perl-module-build perl-uri perl-test-fatal perl-test-leaktrace
(1/21) Installing libbz2 (1.0.8-r6)
(2/21) Installing perl (5.40.2-r0)
(3/21) Installing perl-html-tagset (3.24-r0)
(4/21) Installing perl-clone (0.47-r0)
(5/21) Installing perl-http-date (6.06-r0)
(6/21) Installing perl-uri (5.28-r0)
(7/21) Installing perl-io-html (1.004-r1)
(8/21) Installing perl-encode-locale (1.05-r5)
(9/21) Installing perl-lwp-mediatypes (6.04-r3)
(10/21) Installing perl-http-message (7.00-r0)
(11/21) Installing perl-html-parser (3.83-r0)
(12/21) Installing perl-utils (5.40.2-r0)
(13/21) Installing perl-dev (5.40.2-r0)
(14/21) Installing perl-module-build (0.4234-r1)
(15/21) Installing perl-try-tiny (0.32-r0)
(16/21) Installing perl-test-fatal (0.017-r1)
(17/21) Installing perl-test-leaktrace (0.17-r5)
(18/21) Installing .makedepends-perl-html-tree (20250518.091311)
(19/21) Installing perl-error (0.17030-r0)
(20/21) Installing perl-git (2.47.2-r0)
(21/21) Installing git-perl (2.47.2-r0)
Executing busybox-1.37.0-r12.trigger
OK: 307 MiB in 102 packages
>>> perl-html-tree: Cleaning up srcdir
>>> perl-html-tree: Cleaning up pkgdir
>>> perl-html-tree: Cleaning up tmpdir
>>> perl-html-tree: Fetching https://cpan.metacpan.org/authors/id/K/KE/KENTNL/HTML-Tree-5.07.tar.gz
Connecting to cpan.metacpan.org (146.75.122.217:443)
saving to '/var/cache/distfiles/HTML-Tree-5.07.tar.gz.part'
HTML-Tree-5.07.tar.g 100% |********************************|  146k  0:00:00 ETA
'/var/cache/distfiles/HTML-Tree-5.07.tar.gz.part' saved
>>> perl-html-tree: Fetching https://cpan.metacpan.org/authors/id/K/KE/KENTNL/HTML-Tree-5.07.tar.gz
>>> perl-html-tree: Checking sha512sums...
HTML-Tree-5.07.tar.gz: OK
>>> perl-html-tree: Unpacking /var/cache/distfiles/HTML-Tree-5.07.tar.gz...
Checking prerequisites...
  recommends:
    *  HTML::FormatText is not installed
    *  LWP::UserAgent is not installed

   HTML::FormatText is only required if you want to use HTML::Element's
   "format" method, which converts HTML to formatted plain text.

   LWP::UserAgent is only required if you want to use HTML::TreeBuilder's
   "new_from_url" method, which fetches a document given its URL.

   If you install these modules later, you do NOT need to reinstall HTML-Tree.

ERRORS/WARNINGS FOUND IN PREREQUISITES.  You may wish to install the versions
of the modules indicated above before proceeding with this installation

Run 'Build installdeps' to install missing prerequisites.

Created MYMETA.yml and MYMETA.json
Creating new 'Build' script for 'HTML-Tree' version '5.07'
Building HTML-Tree
t/00-all_prereqs.t .. ok
t/00system.t ........ ok
t/assubs.t .......... ok
t/attributes.t ...... ok
t/body.t ............ ok
t/building.t ........ ok
t/children.t ........ ok
t/clonei.t .......... ok
t/comment.t ......... ok
t/construct_tree.t .. ok
t/doctype.t ......... ok
t/escape.t .......... ok
t/leaktest.t ........ ok
t/oldparse.t ........ ok
t/parents.t ......... ok
t/parse.t ........... ok
t/parsefile.t ....... ok
t/refloop.t ......... ok
t/split.t ........... ok
t/subclass.t ........ ok
t/tag-rendering.t ... ok
t/unicode.t ......... ok
t/whitespace.t ...... ok
All tests successful.
Files=23, Tests=989,  3 wallclock secs ( 0.14 usr  0.03 sys +  2.00 cusr  0.29 csys =  2.46 CPU)
Result: PASS
>>> perl-html-tree: Entering fakeroot...
Building HTML-Tree
Installing /home/packager/aports/main/perl-html-tree/pkg/perl-html-tree/usr/share/man/man1/htmltree.1
Installing /home/packager/aports/main/perl-html-tree/pkg/perl-html-tree/usr/share/perl5/vendor_perl/HTML/TreeBuilder.pm
Installing /home/packager/aports/main/perl-html-tree/pkg/perl-html-tree/usr/share/perl5/vendor_perl/HTML/Parse.pm
Installing /home/packager/aports/main/perl-html-tree/pkg/perl-html-tree/usr/share/perl5/vendor_perl/HTML/AsSubs.pm
Installing /home/packager/aports/main/perl-html-tree/pkg/perl-html-tree/usr/share/perl5/vendor_perl/HTML/Tree.pm
Installing /home/packager/aports/main/perl-html-tree/pkg/perl-html-tree/usr/share/perl5/vendor_perl/HTML/Element.pm
Installing /home/packager/aports/main/perl-html-tree/pkg/perl-html-tree/usr/share/perl5/vendor_perl/HTML/Element/traverse.pm
Installing /home/packager/aports/main/perl-html-tree/pkg/perl-html-tree/usr/share/perl5/vendor_perl/HTML/Tree/Scanning.pod
Installing /home/packager/aports/main/perl-html-tree/pkg/perl-html-tree/usr/share/perl5/vendor_perl/HTML/Tree/AboutTrees.pod
Installing /home/packager/aports/main/perl-html-tree/pkg/perl-html-tree/usr/share/perl5/vendor_perl/HTML/Tree/AboutObjects.pod
Installing /home/packager/aports/main/perl-html-tree/pkg/perl-html-tree/usr/share/man/man3/HTML::TreeBuilder.3pm
Installing /home/packager/aports/main/perl-html-tree/pkg/perl-html-tree/usr/share/man/man3/HTML::Tree.3pm
Installing /home/packager/aports/main/perl-html-tree/pkg/perl-html-tree/usr/share/man/man3/HTML::Tree::AboutTrees.3pm
Installing /home/packager/aports/main/perl-html-tree/pkg/perl-html-tree/usr/share/man/man3/HTML::AsSubs.3pm
Installing /home/packager/aports/main/perl-html-tree/pkg/perl-html-tree/usr/share/man/man3/HTML::Tree::Scanning.3pm
Installing /home/packager/aports/main/perl-html-tree/pkg/perl-html-tree/usr/share/man/man3/HTML::Element.3pm
Installing /home/packager/aports/main/perl-html-tree/pkg/perl-html-tree/usr/share/man/man3/HTML::Tree::AboutObjects.3pm
Installing /home/packager/aports/main/perl-html-tree/pkg/perl-html-tree/usr/share/man/man3/HTML::Element::traverse.3pm
Installing /home/packager/aports/main/perl-html-tree/pkg/perl-html-tree/usr/share/man/man3/HTML::Parse.3pm
Installing /home/packager/aports/main/perl-html-tree/pkg/perl-html-tree/usr/bin/htmltree
>>> perl-html-tree-doc*: Running split function doc...
'usr/share/man' -> '/home/packager/aports/main/perl-html-tree/pkg/perl-html-tree-doc/usr/share/man'
>>> perl-html-tree-doc*: Preparing subpackage perl-html-tree-doc...
>>> perl-html-tree-doc*: Running postcheck for perl-html-tree-doc
>>> perl-html-tree*: Running postcheck for perl-html-tree
>>> perl-html-tree*: Preparing package perl-html-tree...
>>> perl-html-tree-doc*: Tracing dependencies...
>>> perl-html-tree-doc*: Package size: 86.8 KB
>>> perl-html-tree-doc*: Compressing data...
>>> perl-html-tree-doc*: Create checksum...
pigz: not found
>>> perl-html-tree-doc*: Create perl-html-tree-doc-5.07-r5.apk
>>> perl-html-tree*: Tracing dependencies...
	perl
	perl-html-tagset
	perl-html-parser
>>> perl-html-tree*: Package size: 351.1 KB
>>> perl-html-tree*: Compressing data...
>>> perl-html-tree*: Create checksum...
pigz: not found
>>> perl-html-tree*: Create perl-html-tree-5.07-r5.apk
>>> perl-html-tree: Build complete at Sun, 18 May 2025 09:13:16 +0000 elapsed time 0h 0m 8s
>>> perl-html-tree: Cleaning up srcdir
>>> perl-html-tree: Cleaning up pkgdir
>>> perl-html-tree: Uninstalling dependencies...
(1/21) Purging .makedepends-perl-html-tree (20250518.091311)
(2/21) Purging perl-html-parser (3.83-r0)
(3/21) Purging perl-html-tagset (3.24-r0)
(4/21) Purging perl-http-message (7.00-r0)
(5/21) Purging perl-clone (0.47-r0)
(6/21) Purging perl-http-date (6.06-r0)
(7/21) Purging perl-io-html (1.004-r1)
(8/21) Purging perl-encode-locale (1.05-r5)
(9/21) Purging perl-lwp-mediatypes (6.04-r3)
(10/21) Purging perl-dev (5.40.2-r0)
(11/21) Purging perl-utils (5.40.2-r0)
(12/21) Purging perl-module-build (0.4234-r1)
(13/21) Purging perl-uri (5.28-r0)
(14/21) Purging perl-test-fatal (0.017-r1)
(15/21) Purging perl-try-tiny (0.32-r0)
(16/21) Purging perl-test-leaktrace (0.17-r5)
(17/21) Purging git-perl (2.47.2-r0)
(18/21) Purging perl-git (2.47.2-r0)
(19/21) Purging perl-error (0.17030-r0)
(20/21) Purging perl (5.40.2-r0)
(21/21) Purging libbz2 (1.0.8-r6)
Executing busybox-1.37.0-r12.trigger
OK: 261 MiB in 81 packages
>>> perl-html-tree: Updating the main/x86_64 repository index...
>>> perl-html-tree: Signing the index...
pigz: not found
