pigz: not found
>>> perl-devel-globaldestruction: Building main/perl-devel-globaldestruction 0.14-r4 (using abuild 3.14.1-r4) started Sun, 18 May 2025 09:31:31 +0000
>>> perl-devel-globaldestruction: Validating /home/packager/aports/main/perl-devel-globaldestruction/APKBUILD...
>>> perl-devel-globaldestruction: Analyzing dependencies...
>>> perl-devel-globaldestruction: Installing for build: build-base perl perl-sub-exporter-progressive perl-dev
(1/9) Installing libbz2 (1.0.8-r6)
(2/9) Installing perl (5.40.2-r0)
(3/9) Installing perl-sub-exporter-progressive (0.001013-r4)
(4/9) Installing perl-utils (5.40.2-r0)
(5/9) Installing perl-dev (5.40.2-r0)
(6/9) Installing .makedepends-perl-devel-globaldestruction (20250518.093134)
(7/9) Installing perl-error (0.17030-r0)
(8/9) Installing perl-git (2.47.2-r0)
(9/9) Installing git-perl (2.47.2-r0)
Executing busybox-1.37.0-r12.trigger
OK: 307 MiB in 90 packages
>>> perl-devel-globaldestruction: Cleaning up srcdir
>>> perl-devel-globaldestruction: Cleaning up pkgdir
>>> perl-devel-globaldestruction: Cleaning up tmpdir
>>> perl-devel-globaldestruction: Fetching https://cpan.metacpan.org/authors/id/H/HA/HAARG/Devel-GlobalDestruction-0.14.tar.gz
Connecting to cpan.metacpan.org (146.75.122.217:443)
saving to '/var/cache/distfiles/Devel-GlobalDestruction-0.14.tar.gz.part'
Devel-GlobalDestruct 100% |********************************| 10041  0:00:00 ETA
'/var/cache/distfiles/Devel-GlobalDestruction-0.14.tar.gz.part' saved
>>> perl-devel-globaldestruction: Fetching https://cpan.metacpan.org/authors/id/H/HA/HAARG/Devel-GlobalDestruction-0.14.tar.gz
>>> perl-devel-globaldestruction: Checking sha512sums...
Devel-GlobalDestruction-0.14.tar.gz: OK
>>> perl-devel-globaldestruction: Unpacking /var/cache/distfiles/Devel-GlobalDestruction-0.14.tar.gz...
Checking if your kit is complete...
Looks good
Generating a Unix-style Makefile
Writing Makefile for Devel::GlobalDestruction
Writing MYMETA.yml and MYMETA.json
cp lib/Devel/GlobalDestruction.pm blib/lib/Devel/GlobalDestruction.pm
Manifying 1 pod document
PERL_DL_NONLAZY=1 "/usr/bin/perl" "-MExtUtils::Command::MM" "-MTest::Harness" "-e" "undef *Test::Harness::Switches; test_harness(0, 'blib/lib', 'blib/arch')" t/*.t
t/01_basic.t ......... ok
t/02_thread.t ........ ok
t/03_minusc.t syntax OK
t/03_minusc.t ........ ok
t/04_phases.t ........ ok
t/05_thread_clone.t .. ok
t/06_load-in-gd.t .... ok
/home/packager/aports/main/perl-devel-globaldestruction/src/Devel-GlobalDestruction-0.14/t/03_minusc.t syntax OK
t/10_pure-perl.t ..... ok
All tests successful.
Files=7, Tests=44,  0 wallclock secs ( 0.04 usr  0.00 sys +  0.18 cusr  0.07 csys =  0.29 CPU)
Result: PASS
>>> perl-devel-globaldestruction: Entering fakeroot...
Manifying 1 pod document
Appending installation info to /home/packager/aports/main/perl-devel-globaldestruction/pkg/perl-devel-globaldestruction/usr/lib/perl5/core_perl/perllocal.pod
Installing /home/packager/aports/main/perl-devel-globaldestruction/pkg/perl-devel-globaldestruction/usr/share/perl5/vendor_perl/Devel/GlobalDestruction.pm
Installing /home/packager/aports/main/perl-devel-globaldestruction/pkg/perl-devel-globaldestruction/usr/share/man/man3/Devel::GlobalDestruction.3pm
>>> perl-devel-globaldestruction-doc*: Running split function doc...
'usr/share/man' -> '/home/packager/aports/main/perl-devel-globaldestruction/pkg/perl-devel-globaldestruction-doc/usr/share/man'
>>> perl-devel-globaldestruction-doc*: Preparing subpackage perl-devel-globaldestruction-doc...
>>> perl-devel-globaldestruction-doc*: Running postcheck for perl-devel-globaldestruction-doc
>>> perl-devel-globaldestruction*: Running postcheck for perl-devel-globaldestruction
>>> perl-devel-globaldestruction*: Preparing package perl-devel-globaldestruction...
>>> perl-devel-globaldestruction-doc*: Tracing dependencies...
>>> perl-devel-globaldestruction-doc*: Package size: 1.7 KB
>>> perl-devel-globaldestruction-doc*: Compressing data...
>>> perl-devel-globaldestruction-doc*: Create checksum...
pigz: not found
>>> perl-devel-globaldestruction-doc*: Create perl-devel-globaldestruction-doc-0.14-r4.apk
>>> perl-devel-globaldestruction*: Tracing dependencies...
	perl
	perl-sub-exporter-progressive
>>> perl-devel-globaldestruction*: Package size: 2.7 KB
>>> perl-devel-globaldestruction*: Compressing data...
>>> perl-devel-globaldestruction*: Create checksum...
pigz: not found
>>> perl-devel-globaldestruction*: Create perl-devel-globaldestruction-0.14-r4.apk
>>> perl-devel-globaldestruction: Build complete at Sun, 18 May 2025 09:31:36 +0000 elapsed time 0h 0m 5s
>>> perl-devel-globaldestruction: Cleaning up srcdir
>>> perl-devel-globaldestruction: Cleaning up pkgdir
>>> perl-devel-globaldestruction: Uninstalling dependencies...
(1/9) Purging .makedepends-perl-devel-globaldestruction (20250518.093134)
(2/9) Purging perl-sub-exporter-progressive (0.001013-r4)
(3/9) Purging perl-dev (5.40.2-r0)
(4/9) Purging perl-utils (5.40.2-r0)
(5/9) Purging git-perl (2.47.2-r0)
(6/9) Purging perl-git (2.47.2-r0)
(7/9) Purging perl-error (0.17030-r0)
(8/9) Purging perl (5.40.2-r0)
(9/9) Purging libbz2 (1.0.8-r6)
Executing busybox-1.37.0-r12.trigger
OK: 261 MiB in 81 packages
>>> perl-devel-globaldestruction: Updating the main/x86_64 repository index...
>>> perl-devel-globaldestruction: Signing the index...
pigz: not found
