>>> perl-apache-logformat-compiler: Validating /home/packager/oily-pine/main/perl-apache-logformat-compiler/APKBUILD...
>>> perl-apache-logformat-compiler: Cleaning up srcdir
>>> perl-apache-logformat-compiler: Cleaning up pkgdir
>>> perl-apache-logformat-compiler: Cleaning up tmpdir
>>> perl-apache-logformat-compiler: Fetching https://cpan.metacpan.org/authors/id/K/KA/KAZEBURO/Apache-LogFormat-Compiler-0.36.tar.gz
  % Total    % Received % Xferd  Average Speed   Time    Time     Time  Current
                                 Dload  Upload   Total   Spent    Left  Speed
  0     0    0     0    0     0      0      0 --:--:-- --:--:-- --:--:--     0  0     0    0     0    0     0      0      0 --:--:-- --:--:-- --:--:--     0100 16063  100 16063    0     0   106k      0 --:--:-- --:--:-- --:--:--  105k
>>> perl-apache-logformat-compiler: Fetching https://cpan.metacpan.org/authors/id/K/KA/KAZEBURO/Apache-LogFormat-Compiler-0.36.tar.gz
>>> perl-apache-logformat-compiler: Checking sha512sums...
Apache-LogFormat-Compiler-0.36.tar.gz: OK
>>> perl-apache-logformat-compiler: Preparing build chroot...
fetch http://dl-cdn.alpinelinux.org/alpine/edge/main/x86_64/APKINDEX.tar.gz
(1/92) Installing musl (1.2.5-r10)
(2/92) Installing libcrypto3 (3.5.0-r0)
(3/92) Installing ca-certificates-bundle (20241121-r2)
(4/92) Installing libssl3 (3.5.0-r0)
(5/92) Installing zlib (1.3.1-r2)
(6/92) Installing libapk2 (2.14.9-r2)
(7/92) Installing apk-tools (2.14.9-r2)
(8/92) Installing libcap2 (2.76-r0)
(9/92) Installing libcap-getcap (2.76-r0)
(10/92) Installing fakeroot (1.37.1.1-r0)
(11/92) Installing scanelf (1.3.8-r1)
(12/92) Installing musl-utils (1.2.5-r10)
(13/92) Installing libgcc (14.3.0-r1)
(14/92) Installing libstdc++ (14.3.0-r1)
(15/92) Installing lzip (1.25-r0)
(16/92) Installing openssl (3.5.0-r0)
(17/92) Installing patch (2.8-r0)
(18/92) Installing pkgconf (2.4.3-r0)
(19/92) Installing acl-libs (2.3.2-r1)
(20/92) Installing tar (1.35-r3)
(21/92) Installing busybox (1.37.0-r18)
Executing busybox-1.37.0-r18.post-install
(22/92) Installing ssl_client (1.37.0-r18)
(23/92) Installing busybox-binsh (1.37.0-r18)
(24/92) Installing abuild (3.15.0-r0)
Executing abuild-3.15.0-r0.pre-install
(25/92) Installing abuild-sudo (3.15.0-r0)
(26/92) Installing alpine-baselayout-data (3.7.0-r0)
(27/92) Installing alpine-baselayout (3.7.0-r0)
Executing alpine-baselayout-3.7.0-r0.pre-install
Executing alpine-baselayout-3.7.0-r0.post-install
(28/92) Installing bridge (1.5-r5)
(29/92) Installing ifupdown-ng (0.12.1-r7)
(30/92) Installing openrc-user (0.62.2-r2)
(31/92) Installing openrc (0.62.2-r2)
Executing openrc-0.62.2-r2.post-install
(32/92) Installing mdev-conf (4.8-r0)
(33/92) Installing busybox-mdev-openrc (1.37.0-r18)
(34/92) Installing alpine-conf (3.20.0-r0)
(35/92) Installing alpine-keys (2.5-r0)
(36/92) Installing alpine-release (3.22.0-r0)
(37/92) Installing busybox-openrc (1.37.0-r18)
(38/92) Installing busybox-suid (1.37.0-r18)
(39/92) Installing alpine-base (3.22.0-r0)
(40/92) Installing jansson (2.14.1-r0)
(41/92) Installing zstd-libs (1.5.7-r0)
(42/92) Installing binutils (2.44-r0)
(43/92) Installing libmagic (5.46-r2)
(44/92) Installing file (5.46-r2)
(45/92) Installing libgomp (14.3.0-r1)
(46/92) Installing libatomic (14.3.0-r1)
(47/92) Installing gmp (6.3.0-r3)
(48/92) Installing isl26 (0.26-r1)
(49/92) Installing mpfr4 (4.2.1_p1-r0)
(50/92) Installing mpc1 (1.3.1-r1)
(51/92) Installing gcc (14.3.0-r1)
(52/92) Installing libstdc++-dev (14.3.0-r1)
(53/92) Installing musl-dev (1.2.5-r10)
(54/92) Installing g++ (14.3.0-r1)
(55/92) Installing make (4.4.1-r3)
(56/92) Installing fortify-headers (1.1-r5)
(57/92) Installing build-base (0.5-r3)
(58/92) Installing brotli-libs (1.1.0-r2)
(59/92) Installing c-ares (1.34.5-r0)
(60/92) Installing libunistring (1.3-r0)
(61/92) Installing libidn2 (2.3.7-r0)
(62/92) Installing nghttp2-libs (1.65.0-r0)
(63/92) Installing libpsl (0.21.5-r3)
(64/92) Installing libcurl (8.14.0-r2)
(65/92) Installing libexpat (2.7.1-r0)
(66/92) Installing pcre2 (10.43-r1)
(67/92) Installing git (2.49.0-r0)
(68/92) Installing git-init-template (2.49.0-r0)
(69/92) Installing libbz2 (1.0.8-r6)
(70/92) Installing perl (5.40.2-r0)
(71/92) Installing perl-error (0.17030-r0)
(72/92) Installing perl-git (2.49.0-r0)
(73/92) Installing git-perl (2.49.0-r0)
(74/92) Installing perl-utils (5.40.2-r0)
(75/92) Installing perl-dev (5.40.2-r0)
(76/92) Installing perl-clone (0.47-r0)
(77/92) Installing perl-http-date (6.06-r0)
(78/92) Installing perl-uri (5.28-r0)
(79/92) Installing perl-io-html (1.004-r1)
(80/92) Installing perl-encode-locale (1.05-r5)
(81/92) Installing perl-lwp-mediatypes (6.04-r3)
(82/92) Installing perl-http-message (7.00-r0)
(83/92) Installing perl-module-build (0.4234-r1)
(84/92) Installing perl-extutils-config (0.010-r0)
(85/92) Installing perl-extutils-helpers (0.028-r0)
(86/92) Installing perl-extutils-installpaths (0.014-r0)
(87/92) Installing perl-module-build-tiny (0.052-r0)
(88/92) Installing tzdata (2025b-r0)
(89/92) Installing perl-posix-strftime-compiler (0.46-r0)
(90/92) Installing perl-test-mocktime (0.17-r4)
(91/92) Installing perl-test-requires (0.11-r3)
(92/92) Installing perl-try-tiny (0.32-r0)
Executing busybox-1.37.0-r18.trigger
OK: 307 MiB in 92 packages
>>> perl-apache-logformat-compiler: Fetching https://cpan.metacpan.org/authors/id/K/KA/KAZEBURO/Apache-LogFormat-Compiler-0.36.tar.gz
>>> perl-apache-logformat-compiler: Checking sha512sums...
Apache-LogFormat-Compiler-0.36.tar.gz: OK
>>> perl-apache-logformat-compiler: Unpacking /var/cache/distfiles/Apache-LogFormat-Compiler-0.36.tar.gz...
Creating new 'Build' script for 'Apache-LogFormat-Compiler' version '0.36'
cp lib/Apache/LogFormat/Compiler.pm blib/lib/Apache/LogFormat/Compiler.pm
t/00_compile.t .. ok
t/01_basic.t .... ok
t/02_custom.t ... ok
t/03_extra.t .... ok
t/04_tz.t ....... ok
All tests successful.
Files=5, Tests=30,  1 wallclock secs ( 0.02 usr  0.00 sys +  0.22 cusr  0.04 csys =  0.28 CPU)
Result: PASS
>>> perl-apache-logformat-compiler: Entering fakeroot...
Installing /tmp/pkg/perl-apache-logformat-compiler/usr/share/perl5/vendor_perl/Apache/LogFormat/Compiler.pm
Installing /tmp/pkg/perl-apache-logformat-compiler/usr/share/man/man3/Apache::LogFormat::Compiler.3pm
>>> perl-apache-logformat-compiler-doc*: Running split function doc...
'usr/share/man' -> '/tmp/pkg/perl-apache-logformat-compiler-doc/usr/share/man'
>>> perl-apache-logformat-compiler-doc*: Preparing subpackage perl-apache-logformat-compiler-doc...
>>> perl-apache-logformat-compiler-doc*: Running postcheck for perl-apache-logformat-compiler-doc
>>> perl-apache-logformat-compiler*: Running postcheck for perl-apache-logformat-compiler
>>> perl-apache-logformat-compiler*: Preparing package perl-apache-logformat-compiler...
>>> perl-apache-logformat-compiler-doc*: Tracing dependencies...
>>> perl-apache-logformat-compiler-doc*: Package size: 2.8 KB
>>> perl-apache-logformat-compiler-doc*: Compressing data...
>>> perl-apache-logformat-compiler-doc*: Create checksum...
>>> perl-apache-logformat-compiler-doc*: Create perl-apache-logformat-compiler-doc-0.36-r3.apk
>>> perl-apache-logformat-compiler*: Tracing dependencies...
	perl
	perl-posix-strftime-compiler
>>> perl-apache-logformat-compiler*: Package size: 9.2 KB
>>> perl-apache-logformat-compiler*: Compressing data...
>>> perl-apache-logformat-compiler*: Create checksum...
>>> perl-apache-logformat-compiler*: Create perl-apache-logformat-compiler-0.36-r3.apk
>>> perl-apache-logformat-compiler: Updating the main/x86_64 repository index...
>>> perl-apache-logformat-compiler: Signing the index...
>>> perl-apache-logformat-compiler: Cleaning up srcdir
>>> perl-apache-logformat-compiler: Cleaning up build chroot
>>> perl-apache-logformat-compiler: Cleaning up pkgdir
