pigz: not found
>>> perl-html-tagset: Building main/perl-html-tagset 3.24-r0 (using abuild 3.14.1-r4) started Fri, 16 May 2025 20:50:44 +0000
>>> perl-html-tagset: Validating /home/packager/aports/main/perl-html-tagset/APKBUILD...
>>> perl-html-tagset: Analyzing dependencies...
>>> perl-html-tagset: Installing for build: build-base perl
(1/6) Installing libbz2 (1.0.8-r6)
(2/6) Installing perl (5.40.2-r0)
(3/6) Installing .makedepends-perl-html-tagset (20250516.205046)
(4/6) Installing perl-error (0.17029-r2)
(5/6) Installing perl-git (2.47.2-r0)
(6/6) Installing git-perl (2.47.2-r0)
Executing busybox-1.37.0-r12.trigger
OK: 296 MiB in 80 packages
>>> perl-html-tagset: Cleaning up srcdir
>>> perl-html-tagset: Cleaning up pkgdir
>>> perl-html-tagset: Cleaning up tmpdir
>>> perl-html-tagset: Fetching https://cpan.metacpan.org/authors/id/P/PE/PETDANCE/HTML-Tagset-3.24.tar.gz
Connecting to cpan.metacpan.org (146.75.122.217:443)
saving to '/var/cache/distfiles/HTML-Tagset-3.24.tar.gz.part'
HTML-Tagset-3.24.tar 100% |********************************|  8120  0:00:00 ETA
'/var/cache/distfiles/HTML-Tagset-3.24.tar.gz.part' saved
>>> perl-html-tagset: Fetching https://cpan.metacpan.org/authors/id/P/PE/PETDANCE/HTML-Tagset-3.24.tar.gz
>>> perl-html-tagset: Checking sha512sums...
HTML-Tagset-3.24.tar.gz: OK
>>> perl-html-tagset: Unpacking /var/cache/distfiles/HTML-Tagset-3.24.tar.gz...
Checking if your kit is complete...
Looks good
Generating a Unix-style Makefile
Writing Makefile for HTML::Tagset
Writing MYMETA.yml and MYMETA.json
cp lib/HTML/Tagset.pm blib/lib/HTML/Tagset.pm
Manifying 1 pod document
PERL_DL_NONLAZY=1 "/usr/bin/perl" "-MExtUtils::Command::MM" "-MTest::Harness" "-e" "undef *Test::Harness::Switches; test_harness(0, 'blib/lib', 'blib/arch')" t/*.t
# Testing HTML::Tagset 3.24, Test::More 1.302199, Perl 5.040002, /usr/bin/perl
t/00-load.t ....... ok
t/01-populated.t .. ok
t/pod.t ........... skipped: Test::Pod 1.14 required for testing POD
All tests successful.
Files=3, Tests=33,  0 wallclock secs ( 0.03 usr  0.01 sys +  0.17 cusr  0.04 csys =  0.25 CPU)
Result: PASS
>>> perl-html-tagset: Entering fakeroot...
Manifying 1 pod document
Installing /home/packager/aports/main/perl-html-tagset/pkg/perl-html-tagset/usr/share/perl5/vendor_perl/HTML/Tagset.pm
Installing /home/packager/aports/main/perl-html-tagset/pkg/perl-html-tagset/usr/share/man/man3/HTML::Tagset.3pm
>>> perl-html-tagset-doc*: Running split function doc...
'usr/share/man' -> '/home/packager/aports/main/perl-html-tagset/pkg/perl-html-tagset-doc/usr/share/man'
>>> perl-html-tagset-doc*: Preparing subpackage perl-html-tagset-doc...
>>> perl-html-tagset-doc*: Running postcheck for perl-html-tagset-doc
>>> perl-html-tagset*: Running postcheck for perl-html-tagset
>>> perl-html-tagset*: Preparing package perl-html-tagset...
>>> perl-html-tagset-doc*: Tracing dependencies...
>>> perl-html-tagset-doc*: Package size: 3.4 KB
>>> perl-html-tagset-doc*: Compressing data...
>>> perl-html-tagset-doc*: Create checksum...
pigz: not found
>>> perl-html-tagset-doc*: Create perl-html-tagset-doc-3.24-r0.apk
>>> perl-html-tagset*: Tracing dependencies...
	perl
>>> perl-html-tagset*: Package size: 12.5 KB
>>> perl-html-tagset*: Compressing data...
>>> perl-html-tagset*: Create checksum...
pigz: not found
>>> perl-html-tagset*: Create perl-html-tagset-3.24-r0.apk
>>> perl-html-tagset: Build complete at Fri, 16 May 2025 20:50:48 +0000 elapsed time 0h 0m 4s
>>> perl-html-tagset: Cleaning up srcdir
>>> perl-html-tagset: Cleaning up pkgdir
>>> perl-html-tagset: Uninstalling dependencies...
(1/6) Purging .makedepends-perl-html-tagset (20250516.205046)
(2/6) Purging git-perl (2.47.2-r0)
(3/6) Purging perl-git (2.47.2-r0)
(4/6) Purging perl-error (0.17029-r2)
(5/6) Purging perl (5.40.2-r0)
(6/6) Purging libbz2 (1.0.8-r6)
Executing busybox-1.37.0-r12.trigger
OK: 259 MiB in 74 packages
>>> perl-html-tagset: Updating the main/x86_64 repository index...
>>> perl-html-tagset: Signing the index...
pigz: not found
