>>> perl-mail-authenticationresults: Validating /home/packager/oily-pine/main/perl-mail-authenticationresults/APKBUILD...
>>> perl-mail-authenticationresults: Cleaning up srcdir
>>> perl-mail-authenticationresults: Cleaning up pkgdir
>>> perl-mail-authenticationresults: Cleaning up tmpdir
>>> perl-mail-authenticationresults: Fetching https://cpan.metacpan.org/authors/id/M/MB/MBRADSHAW/Mail-AuthenticationResults-2.20231031.tar.gz
>>> perl-mail-authenticationresults: Fetching https://cpan.metacpan.org/authors/id/M/MB/MBRADSHAW/Mail-AuthenticationResults-2.20231031.tar.gz
>>> perl-mail-authenticationresults: Checking sha512sums...
Mail-AuthenticationResults-2.20231031.tar.gz: OK
>>> perl-mail-authenticationresults: Preparing build chroot...
fetch http://dl-cdn.alpinelinux.org/alpine/edge/main/x86_64/APKINDEX.tar.gz
(1/77) Installing musl (1.2.5-r10)
(2/77) Installing libcrypto3 (3.5.0-r0)
(3/77) Installing ca-certificates-bundle (20241121-r2)
(4/77) Installing libssl3 (3.5.0-r0)
(5/77) Installing zlib (1.3.1-r2)
(6/77) Installing libapk2 (2.14.9-r2)
(7/77) Installing apk-tools (2.14.9-r2)
(8/77) Installing libcap2 (2.76-r0)
(9/77) Installing libcap-getcap (2.76-r0)
(10/77) Installing fakeroot (1.37.1.1-r0)
(11/77) Installing scanelf (1.3.8-r1)
(12/77) Installing musl-utils (1.2.5-r10)
(13/77) Installing libgcc (14.3.0-r0)
(14/77) Installing libstdc++ (14.3.0-r0)
(15/77) Installing lzip (1.25-r0)
(16/77) Installing openssl (3.5.0-r0)
(17/77) Installing patch (2.8-r0)
(18/77) Installing pkgconf (2.4.3-r0)
(19/77) Installing acl-libs (2.3.2-r1)
(20/77) Installing tar (1.35-r3)
(21/77) Installing busybox (1.37.0-r18)
Executing busybox-1.37.0-r18.post-install
(22/77) Installing ssl_client (1.37.0-r18)
(23/77) Installing busybox-binsh (1.37.0-r18)
(24/77) Installing abuild (3.15.0-r0)
Executing abuild-3.15.0-r0.pre-install
(25/77) Installing abuild-sudo (3.15.0-r0)
(26/77) Installing alpine-baselayout-data (3.7.0-r0)
(27/77) Installing alpine-baselayout (3.7.0-r0)
Executing alpine-baselayout-3.7.0-r0.pre-install
Executing alpine-baselayout-3.7.0-r0.post-install
(28/77) Installing bridge (1.5-r5)
(29/77) Installing ifupdown-ng (0.12.1-r7)
(30/77) Installing openrc-user (0.62.2-r2)
(31/77) Installing openrc (0.62.2-r2)
Executing openrc-0.62.2-r2.post-install
(32/77) Installing mdev-conf (4.8-r0)
(33/77) Installing busybox-mdev-openrc (1.37.0-r18)
(34/77) Installing alpine-conf (3.20.0-r0)
(35/77) Installing alpine-keys (2.5-r0)
(36/77) Installing alpine-release (3.22.0-r0)
(37/77) Installing busybox-openrc (1.37.0-r18)
(38/77) Installing busybox-suid (1.37.0-r18)
(39/77) Installing alpine-base (3.22.0-r0)
(40/77) Installing jansson (2.14.1-r0)
(41/77) Installing zstd-libs (1.5.7-r0)
(42/77) Installing binutils (2.44-r0)
(43/77) Installing libmagic (5.46-r2)
(44/77) Installing file (5.46-r2)
(45/77) Installing libgomp (14.3.0-r0)
(46/77) Installing libatomic (14.3.0-r0)
(47/77) Installing gmp (6.3.0-r3)
(48/77) Installing isl26 (0.26-r1)
(49/77) Installing mpfr4 (4.2.1_p1-r0)
(50/77) Installing mpc1 (1.3.1-r1)
(51/77) Installing gcc (14.3.0-r0)
(52/77) Installing libstdc++-dev (14.3.0-r0)
(53/77) Installing musl-dev (1.2.5-r10)
(54/77) Installing g++ (14.3.0-r0)
(55/77) Installing make (4.4.1-r3)
(56/77) Installing fortify-headers (1.1-r5)
(57/77) Installing build-base (0.5-r3)
(58/77) Installing brotli-libs (1.1.0-r2)
(59/77) Installing c-ares (1.34.5-r0)
(60/77) Installing libunistring (1.3-r0)
(61/77) Installing libidn2 (2.3.7-r0)
(62/77) Installing nghttp2-libs (1.65.0-r0)
(63/77) Installing libpsl (0.21.5-r3)
(64/77) Installing libcurl (8.14.0-r2)
(65/77) Installing libexpat (2.7.1-r0)
(66/77) Installing pcre2 (10.43-r1)
(67/77) Installing git (2.49.0-r0)
(68/77) Installing git-init-template (2.49.0-r0)
(69/77) Installing libbz2 (1.0.8-r6)
(70/77) Installing perl (5.40.2-r0)
(71/77) Installing perl-error (0.17030-r0)
(72/77) Installing perl-git (2.49.0-r0)
(73/77) Installing git-perl (2.49.0-r0)
(74/77) Installing perl-clone (0.47-r0)
(75/77) Installing perl-json (4.10-r1)
(76/77) Installing perl-sub-uplevel (0.2800-r6)
(77/77) Installing perl-test-exception (0.43-r4)
Executing busybox-1.37.0-r18.trigger
OK: 296 MiB in 77 packages
>>> perl-mail-authenticationresults: Fetching https://cpan.metacpan.org/authors/id/M/MB/MBRADSHAW/Mail-AuthenticationResults-2.20231031.tar.gz
>>> perl-mail-authenticationresults: Checking sha512sums...
Mail-AuthenticationResults-2.20231031.tar.gz: OK
>>> perl-mail-authenticationresults: Unpacking /var/cache/distfiles/Mail-AuthenticationResults-2.20231031.tar.gz...
Checking if your kit is complete...
Looks good
Generating a Unix-style Makefile
Writing Makefile for Mail::AuthenticationResults
Writing MYMETA.yml and MYMETA.json
cp lib/Mail/AuthenticationResults/Parser.pm blib/lib/Mail/AuthenticationResults/Parser.pm
cp lib/Mail/AuthenticationResults/Token/String.pm blib/lib/Mail/AuthenticationResults/Token/String.pm
cp lib/Mail/AuthenticationResults/Header/Entry.pm blib/lib/Mail/AuthenticationResults/Header/Entry.pm
cp lib/Mail/AuthenticationResults/Header/Version.pm blib/lib/Mail/AuthenticationResults/Header/Version.pm
cp lib/Mail/AuthenticationResults/Header/SubEntry.pm blib/lib/Mail/AuthenticationResults/Header/SubEntry.pm
cp lib/Mail/AuthenticationResults.pm blib/lib/Mail/AuthenticationResults.pm
cp lib/Mail/AuthenticationResults/Header.pm blib/lib/Mail/AuthenticationResults/Header.pm
cp lib/Mail/AuthenticationResults/Token/QuotedString.pm blib/lib/Mail/AuthenticationResults/Token/QuotedString.pm
cp lib/Mail/AuthenticationResults/Token/Comment.pm blib/lib/Mail/AuthenticationResults/Token/Comment.pm
cp lib/Mail/AuthenticationResults/Token/Assignment.pm blib/lib/Mail/AuthenticationResults/Token/Assignment.pm
cp lib/Mail/AuthenticationResults/Header/Comment.pm blib/lib/Mail/AuthenticationResults/Header/Comment.pm
cp lib/Mail/AuthenticationResults/Token/Separator.pm blib/lib/Mail/AuthenticationResults/Token/Separator.pm
cp lib/Mail/AuthenticationResults/Token/Space.pm blib/lib/Mail/AuthenticationResults/Token/Space.pm
cp lib/Mail/AuthenticationResults/Header/Group.pm blib/lib/Mail/AuthenticationResults/Header/Group.pm
cp lib/Mail/AuthenticationResults/FoldableHeader.pm blib/lib/Mail/AuthenticationResults/FoldableHeader.pm
cp lib/Mail/AuthenticationResults/Header/AuthServID.pm blib/lib/Mail/AuthenticationResults/Header/AuthServID.pm
cp lib/Mail/AuthenticationResults/Token.pm blib/lib/Mail/AuthenticationResults/Token.pm
cp lib/Mail/AuthenticationResults/Header/Base.pm blib/lib/Mail/AuthenticationResults/Header/Base.pm
Manifying 18 pod documents
PERL_DL_NONLAZY=1 "/usr/bin/perl" "-MExtUtils::Command::MM" "-MTest::Harness" "-e" "undef *Test::Harness::Switches; test_harness(0, 'blib/lib', 'blib/arch')" t/*.t
t/02-children.t .............. ok
t/02-comment.t ............... ok
t/02-get.t ................... ok
t/02-none.t .................. ok
t/02-parser-begin-dot.t ...... ok
t/02-parser-json.t ........... ok
t/02-parser-quoted.t ......... ok
t/02-parser.t ................ ok
t/02-safe_set.t .............. ok
t/02-set.t ................... ok
t/02-tokens.t ................ ok
t/03-add-children-from.t ..... ok
t/03-parser-bogus.t .......... ok
t/03-parser.t ................ ok
t/03-search-authserv-id.t .... ok
t/03-search-has.t ............ ok
t/03-search.t ................ ok
t/04-aol.t ................... ok
t/04-fastmail.t .............. ok
t/04-gmail.t ................. ok
t/04-icloud.t ................ ok
t/04-mail.ru.t ............... ok
t/04-outlook.t ............... ok
t/04-yahoo.t ................. ok
t/04-yandex.t ................ ok
t/05-as-json.t ............... ok
t/05-as_string-styles.t ...... ok
t/05-as_string-wrap.t ........ ok
t/05-eol.t ................... ok
t/05-parser-comment-heavy.t .. ok
t/author-critic.t ............ skipped: these tests are for testing by the author
t/author-pod-coverage.t ...... skipped: these tests are for testing by the author
t/author-pod-syntax.t ........ skipped: these tests are for testing by the author
All tests successful.
Files=33, Tests=394,  1 wallclock secs ( 0.05 usr  0.02 sys +  1.26 cusr  0.22 csys =  1.55 CPU)
Result: PASS
>>> perl-mail-authenticationresults: Entering fakeroot...
Manifying 18 pod documents
Appending installation info to /tmp/pkg/perl-mail-authenticationresults/usr/lib/perl5/core_perl/perllocal.pod
Installing /tmp/pkg/perl-mail-authenticationresults/usr/share/perl5/vendor_perl/Mail/AuthenticationResults.pm
Installing /tmp/pkg/perl-mail-authenticationresults/usr/share/perl5/vendor_perl/Mail/AuthenticationResults/Parser.pm
Installing /tmp/pkg/perl-mail-authenticationresults/usr/share/perl5/vendor_perl/Mail/AuthenticationResults/Header.pm
Installing /tmp/pkg/perl-mail-authenticationresults/usr/share/perl5/vendor_perl/Mail/AuthenticationResults/FoldableHeader.pm
Installing /tmp/pkg/perl-mail-authenticationresults/usr/share/perl5/vendor_perl/Mail/AuthenticationResults/Token.pm
Installing /tmp/pkg/perl-mail-authenticationresults/usr/share/perl5/vendor_perl/Mail/AuthenticationResults/Token/Separator.pm
Installing /tmp/pkg/perl-mail-authenticationresults/usr/share/perl5/vendor_perl/Mail/AuthenticationResults/Token/Comment.pm
Installing /tmp/pkg/perl-mail-authenticationresults/usr/share/perl5/vendor_perl/Mail/AuthenticationResults/Token/Space.pm
Installing /tmp/pkg/perl-mail-authenticationresults/usr/share/perl5/vendor_perl/Mail/AuthenticationResults/Token/String.pm
Installing /tmp/pkg/perl-mail-authenticationresults/usr/share/perl5/vendor_perl/Mail/AuthenticationResults/Token/Assignment.pm
Installing /tmp/pkg/perl-mail-authenticationresults/usr/share/perl5/vendor_perl/Mail/AuthenticationResults/Token/QuotedString.pm
Installing /tmp/pkg/perl-mail-authenticationresults/usr/share/perl5/vendor_perl/Mail/AuthenticationResults/Header/Base.pm
Installing /tmp/pkg/perl-mail-authenticationresults/usr/share/perl5/vendor_perl/Mail/AuthenticationResults/Header/Entry.pm
Installing /tmp/pkg/perl-mail-authenticationresults/usr/share/perl5/vendor_perl/Mail/AuthenticationResults/Header/Version.pm
Installing /tmp/pkg/perl-mail-authenticationresults/usr/share/perl5/vendor_perl/Mail/AuthenticationResults/Header/Comment.pm
Installing /tmp/pkg/perl-mail-authenticationresults/usr/share/perl5/vendor_perl/Mail/AuthenticationResults/Header/Group.pm
Installing /tmp/pkg/perl-mail-authenticationresults/usr/share/perl5/vendor_perl/Mail/AuthenticationResults/Header/SubEntry.pm
Installing /tmp/pkg/perl-mail-authenticationresults/usr/share/perl5/vendor_perl/Mail/AuthenticationResults/Header/AuthServID.pm
Installing /tmp/pkg/perl-mail-authenticationresults/usr/share/man/man3/Mail::AuthenticationResults::Token::Separator.3pm
Installing /tmp/pkg/perl-mail-authenticationresults/usr/share/man/man3/Mail::AuthenticationResults::Header::Entry.3pm
Installing /tmp/pkg/perl-mail-authenticationresults/usr/share/man/man3/Mail::AuthenticationResults::Header::Group.3pm
Installing /tmp/pkg/perl-mail-authenticationresults/usr/share/man/man3/Mail::AuthenticationResults::Token::Assignment.3pm
Installing /tmp/pkg/perl-mail-authenticationresults/usr/share/man/man3/Mail::AuthenticationResults::Parser.3pm
Installing /tmp/pkg/perl-mail-authenticationresults/usr/share/man/man3/Mail::AuthenticationResults::Header::AuthServID.3pm
Installing /tmp/pkg/perl-mail-authenticationresults/usr/share/man/man3/Mail::AuthenticationResults::Token::Space.3pm
Installing /tmp/pkg/perl-mail-authenticationresults/usr/share/man/man3/Mail::AuthenticationResults::Header.3pm
Installing /tmp/pkg/perl-mail-authenticationresults/usr/share/man/man3/Mail::AuthenticationResults::Token::String.3pm
Installing /tmp/pkg/perl-mail-authenticationresults/usr/share/man/man3/Mail::AuthenticationResults::Header::Comment.3pm
Installing /tmp/pkg/perl-mail-authenticationresults/usr/share/man/man3/Mail::AuthenticationResults::Token.3pm
Installing /tmp/pkg/perl-mail-authenticationresults/usr/share/man/man3/Mail::AuthenticationResults.3pm
Installing /tmp/pkg/perl-mail-authenticationresults/usr/share/man/man3/Mail::AuthenticationResults::FoldableHeader.3pm
Installing /tmp/pkg/perl-mail-authenticationresults/usr/share/man/man3/Mail::AuthenticationResults::Token::Comment.3pm
Installing /tmp/pkg/perl-mail-authenticationresults/usr/share/man/man3/Mail::AuthenticationResults::Token::QuotedString.3pm
Installing /tmp/pkg/perl-mail-authenticationresults/usr/share/man/man3/Mail::AuthenticationResults::Header::SubEntry.3pm
Installing /tmp/pkg/perl-mail-authenticationresults/usr/share/man/man3/Mail::AuthenticationResults::Header::Base.3pm
Installing /tmp/pkg/perl-mail-authenticationresults/usr/share/man/man3/Mail::AuthenticationResults::Header::Version.3pm
>>> perl-mail-authenticationresults-doc*: Running split function doc...
'usr/share/man' -> '/tmp/pkg/perl-mail-authenticationresults-doc/usr/share/man'
>>> perl-mail-authenticationresults-doc*: Preparing subpackage perl-mail-authenticationresults-doc...
>>> perl-mail-authenticationresults-doc*: Running postcheck for perl-mail-authenticationresults-doc
>>> perl-mail-authenticationresults*: Running postcheck for perl-mail-authenticationresults
>>> perl-mail-authenticationresults*: Preparing package perl-mail-authenticationresults...
>>> perl-mail-authenticationresults-doc*: Tracing dependencies...
>>> perl-mail-authenticationresults-doc*: Package size: 23.4 KB
>>> perl-mail-authenticationresults-doc*: Compressing data...
>>> perl-mail-authenticationresults-doc*: Create checksum...
>>> perl-mail-authenticationresults-doc*: Create perl-mail-authenticationresults-doc-2.20231031-r0.apk
>>> perl-mail-authenticationresults*: Tracing dependencies...
	perl
	perl-json
	perl-clone
>>> perl-mail-authenticationresults*: Package size: 68.8 KB
>>> perl-mail-authenticationresults*: Compressing data...
>>> perl-mail-authenticationresults*: Create checksum...
>>> perl-mail-authenticationresults*: Create perl-mail-authenticationresults-2.20231031-r0.apk
>>> perl-mail-authenticationresults: Updating the main/x86_64 repository index...
>>> perl-mail-authenticationresults: Signing the index...
>>> perl-mail-authenticationresults: Cleaning up srcdir
>>> perl-mail-authenticationresults: Cleaning up build chroot
>>> perl-mail-authenticationresults: Cleaning up pkgdir
