>>> perl-net-ssleay: Validating /home/packager/oily-pine/main/perl-net-ssleay/APKBUILD...
>>> perl-net-ssleay: Cleaning up srcdir
>>> perl-net-ssleay: Cleaning up pkgdir
>>> perl-net-ssleay: Cleaning up tmpdir
>>> perl-net-ssleay: Fetching https://cpan.metacpan.org/authors/id/C/CH/CHRISN/Net-SSLeay-1.94.tar.gz
  % Total    % Received % Xferd  Average Speed   Time    Time     Time  Current
                                 Dload  Upload   Total   Spent    Left  Speed
  0     0    0     0    0     0      0      0 --:--:-- --:--:-- --:--:--     0100  648k  100  648k    0     0  2359k      0 --:--:-- --:--:-- --:--:-- 2366k
>>> perl-net-ssleay: Fetching https://cpan.metacpan.org/authors/id/C/CH/CHRISN/Net-SSLeay-1.94.tar.gz
>>> perl-net-ssleay: Checking sha512sums...
Net-SSLeay-1.94.tar.gz: OK
openssl-3.5.patch: OK
>>> perl-net-ssleay: Preparing build chroot...
fetch http://dl-cdn.alpinelinux.org/alpine/edge/main/x86_64/APKINDEX.tar.gz
(1/81) Installing musl (1.2.5-r10)
(2/81) Installing libcrypto3 (3.5.0-r0)
(3/81) Installing ca-certificates-bundle (20241121-r2)
(4/81) Installing libssl3 (3.5.0-r0)
(5/81) Installing zlib (1.3.1-r2)
(6/81) Installing libapk2 (2.14.9-r2)
(7/81) Installing apk-tools (2.14.9-r2)
(8/81) Installing libcap2 (2.76-r0)
(9/81) Installing libcap-getcap (2.76-r0)
(10/81) Installing fakeroot (1.37.1.1-r0)
(11/81) Installing scanelf (1.3.8-r1)
(12/81) Installing musl-utils (1.2.5-r10)
(13/81) Installing libgcc (14.3.0-r0)
(14/81) Installing libstdc++ (14.3.0-r0)
(15/81) Installing lzip (1.25-r0)
(16/81) Installing openssl (3.5.0-r0)
(17/81) Installing patch (2.8-r0)
(18/81) Installing pkgconf (2.4.3-r0)
(19/81) Installing acl-libs (2.3.2-r1)
(20/81) Installing tar (1.35-r3)
(21/81) Installing busybox (1.37.0-r18)
Executing busybox-1.37.0-r18.post-install
(22/81) Installing ssl_client (1.37.0-r18)
(23/81) Installing busybox-binsh (1.37.0-r18)
(24/81) Installing abuild (3.15.0-r0)
Executing abuild-3.15.0-r0.pre-install
(25/81) Installing abuild-sudo (3.15.0-r0)
(26/81) Installing alpine-baselayout-data (3.7.0-r0)
(27/81) Installing alpine-baselayout (3.7.0-r0)
Executing alpine-baselayout-3.7.0-r0.pre-install
Executing alpine-baselayout-3.7.0-r0.post-install
(28/81) Installing bridge (1.5-r5)
(29/81) Installing ifupdown-ng (0.12.1-r7)
(30/81) Installing openrc-user (0.62.2-r2)
(31/81) Installing openrc (0.62.2-r2)
Executing openrc-0.62.2-r2.post-install
(32/81) Installing mdev-conf (4.8-r0)
(33/81) Installing busybox-mdev-openrc (1.37.0-r18)
(34/81) Installing alpine-conf (3.20.0-r0)
(35/81) Installing alpine-keys (2.5-r0)
(36/81) Installing alpine-release (3.22.0-r0)
(37/81) Installing busybox-openrc (1.37.0-r18)
(38/81) Installing busybox-suid (1.37.0-r18)
(39/81) Installing alpine-base (3.22.0-r0)
(40/81) Installing jansson (2.14.1-r0)
(41/81) Installing zstd-libs (1.5.7-r0)
(42/81) Installing binutils (2.44-r0)
(43/81) Installing libmagic (5.46-r2)
(44/81) Installing file (5.46-r2)
(45/81) Installing libgomp (14.3.0-r0)
(46/81) Installing libatomic (14.3.0-r0)
(47/81) Installing gmp (6.3.0-r3)
(48/81) Installing isl26 (0.26-r1)
(49/81) Installing mpfr4 (4.2.1_p1-r0)
(50/81) Installing mpc1 (1.3.1-r1)
(51/81) Installing gcc (14.3.0-r0)
(52/81) Installing libstdc++-dev (14.3.0-r0)
(53/81) Installing musl-dev (1.2.5-r10)
(54/81) Installing g++ (14.3.0-r0)
(55/81) Installing make (4.4.1-r3)
(56/81) Installing fortify-headers (1.1-r5)
(57/81) Installing build-base (0.5-r3)
(58/81) Installing brotli-libs (1.1.0-r2)
(59/81) Installing c-ares (1.34.5-r0)
(60/81) Installing libunistring (1.3-r0)
(61/81) Installing libidn2 (2.3.7-r0)
(62/81) Installing nghttp2-libs (1.65.0-r0)
(63/81) Installing libpsl (0.21.5-r3)
(64/81) Installing libcurl (8.14.0-r2)
(65/81) Installing libexpat (2.7.1-r0)
(66/81) Installing pcre2 (10.43-r1)
(67/81) Installing git (2.49.0-r0)
(68/81) Installing git-init-template (2.49.0-r0)
(69/81) Installing openssl-dev (3.5.0-r0)
(70/81) Installing libbz2 (1.0.8-r6)
(71/81) Installing perl (5.40.2-r0)
(72/81) Installing perl-error (0.17030-r0)
(73/81) Installing perl-git (2.49.0-r0)
(74/81) Installing git-perl (2.49.0-r0)
(75/81) Installing perl-utils (5.40.2-r0)
(76/81) Installing perl-dev (5.40.2-r0)
(77/81) Installing perl-sub-uplevel (0.2800-r6)
(78/81) Installing perl-test-exception (0.43-r4)
(79/81) Installing perl-test-nowarnings (1.06-r1)
(80/81) Installing perl-test-warn (0.37-r2)
(81/81) Installing zlib-dev (1.3.1-r2)
Executing busybox-1.37.0-r18.trigger
OK: 308 MiB in 81 packages
>>> perl-net-ssleay: Fetching https://cpan.metacpan.org/authors/id/C/CH/CHRISN/Net-SSLeay-1.94.tar.gz
>>> perl-net-ssleay: Checking sha512sums...
Net-SSLeay-1.94.tar.gz: OK
openssl-3.5.patch: OK
>>> perl-net-ssleay: Unpacking /var/cache/distfiles/Net-SSLeay-1.94.tar.gz...
>>> perl-net-ssleay: openssl-3.5.patch
patching file t/local/32_x509_get_cert_info.t
patching file t/local/32_x509_get_cert_info.t
Do you want to run external tests?
These tests *will* *fail* if you do not have network connectivity. [n] n
*** If there are build errors, test failures or run-time malfunctions,
    try to use the same compiler and options to compile your OpenSSL,
    Perl, and Net::SSLeay.
*** Found OpenSSL-3.5.0 installed in /usr
Checking if your kit is complete...
Looks good
Generating a Unix-style Makefile
Writing Makefile for Net::SSLeay
Writing MYMETA.yml and MYMETA.json
Running Mkbootstrap for SSLeay ()
"/usr/bin/perl" "/usr/share/perl5/core_perl/ExtUtils/xsubpp"  -typemap '/usr/share/perl5/core_perl/ExtUtils/typemap' -typemap '/tmp/src/Net-SSLeay-1.94/typemap'  SSLeay.xs > SSLeay.xsc
chmod 644 "SSLeay.bs"
"/usr/bin/perl" -MExtUtils::Command::MM -e 'cp_nonempty' -- SSLeay.bs blib/arch/auto/Net/SSLeay/SSLeay.bs 644
cp lib/Net/SSLeay.pod blib/lib/Net/SSLeay.pod
cp lib/Net/SSLeay.pm blib/lib/Net/SSLeay.pm
AutoSplitting blib/lib/Net/SSLeay.pm (blib/lib/auto/Net/SSLeay)
blib/lib/Net/SSLeay.pm: some names are not unique when truncated to 8 characters:
 directory blib/lib/auto/Net/SSLeay:
  do_https3.al, do_https2.al, do_https4.al, do_https.al truncate to do_https
  do_httpx3.al, do_httpx2.al, do_httpx4.al truncate to do_httpx
  get_https.al, get_https3.al, get_https4.al, get_http.al, get_http3.al, get_http4.al, get_httpx.al, get_httpx3.al, get_httpx4.al truncate to get_http
  head_https.al, head_https3.al, head_https4.al, head_http.al, head_http3.al, head_http4.al, head_httpx.al, head_httpx3.al, head_httpx4.al truncate to head_htt
  post_https.al, post_https3.al, post_https4.al, post_http.al, post_http3.al, post_http4.al, post_httpx.al, post_httpx3.al, post_httpx4.al truncate to post_htt
  put_https.al, put_https3.al, put_https4.al, put_http.al, put_http3.al, put_http4.al, put_httpx.al, put_httpx3.al, put_httpx4.al truncate to put_http
  ssl_read_all.al, ssl_read_until.al, ssl_read_CRLF.al truncate to ssl_read
  ssl_write_all.al, ssl_write_CRLF.al truncate to ssl_writ
  tcp_read_all.al, tcp_read_until.al, tcp_read_CRLF.al truncate to tcp_read
  tcp_write_all.al, tcp_write_CRLF.al truncate to tcp_writ
cp lib/Net/SSLeay/Handle.pm blib/lib/Net/SSLeay/Handle.pm
mv SSLeay.xsc SSLeay.c
cc -c  -I"/usr/include" -DOPENSSL_API_COMPAT=908 -DNET_SSLEAY_PERL_VERSION=5040002 -D_REENTRANT -D_GNU_SOURCE -D_GNU_SOURCE -fwrapv -fno-strict-aliasing -pipe -fstack-protector-strong -D_LARGEFILE_SOURCE -D_FILE_OFFSET_BITS=64 -Os -fstack-clash-protection -Wformat -Werror=format-security -fno-plt -O2   -DVERSION=\"1.94\" -DXS_VERSION=\"1.94\" -fPIC "-I/usr/lib/perl5/core_perl/CORE"   SSLeay.c
rm -f blib/arch/auto/Net/SSLeay/SSLeay.so
LD_RUN_PATH="/usr/lib" cc  -shared -Os -fstack-clash-protection -Wformat -Werror=format-security -fno-plt -O2 -L/usr -L/usr/lib -L/usr/local/lib -fstack-protector-strong  SSLeay.o  -o blib/arch/auto/Net/SSLeay/SSLeay.so  \
   -L/usr -L/usr/lib -lssl -lcrypto -lz   \
  
chmod 755 blib/arch/auto/Net/SSLeay/SSLeay.so
Manifying 2 pod documents
"/usr/bin/perl" -MExtUtils::Command::MM -e 'cp_nonempty' -- SSLeay.bs blib/arch/auto/Net/SSLeay/SSLeay.bs 644
PERL_DL_NONLAZY=1 "/usr/bin/perl" "-MExtUtils::Command::MM" "-MTest::Harness" "-e" "undef *Test::Harness::Switches; test_harness(0, 'blib/lib', 'blib/arch')" t/local/*.t t/handle/local/*.t
t/handle/local/05_use.t ..................... ok
t/local/01_pod.t ............................ skipped: Test::Pod 1.41 required for testing pod
t/local/02_pod_coverage.t ................... skipped: These tests are for only for release candidate testing. Enable with RELEASE_TESTING=1
# 
# Testing Net::SSLeay 1.94
# 
# Perl information:
#   Version:         '5.040002'
#   Executable path: '/usr/bin/perl'
# 
# Library version with OpenSSL_version_num():
#   OPENSSL_VERSION_NUMBER: '0x30500000'
# 
# Library information with SSLeay_version() and OpenSSL_version():
#   SSLEAY_VERSION:              'OpenSSL 3.5.0 8 Apr 2025'
#   SSLEAY_CFLAGS:               'compiler: cc -fPIC -pthread -m64 -Wa,--noexecstack -Os -fstack-clash-protection -Wformat -Werror=format-security -fno-plt -g -Os -fstack-clash-protection -Wformat -Werror=format-security -fno-plt -g -Wa,--noexecstack -DOPENSSL_USE_NODELETE -DL_ENDIAN -DOPENSSL_PIC -DOPENSSL_BUILDING_OPENSSL -DNDEBUG'
#   SSLEAY_BUILT_ON:             'built on: Thu Apr 10 15:38:43 2025 UTC'
#   SSLEAY_PLATFORM:             'platform: linux-x86_64'
#   SSLEAY_DIR:                  'OPENSSLDIR: "/etc/ssl"'
#   OPENSSL_ENGINES_DIR:         'ENGINESDIR: "/usr/lib/engines-3"'
#   OPENSSL_MODULES_DIR:         'MODULESDIR: "/usr/lib/ossl-modules"'
#   OPENSSL_CPU_INFO:            'CPUINFO: OPENSSL_ia32cap=0x82b82201479bfffd:0x0000000000000000:0x0000000000000000:0x0000000000000000:0x0000000000000000'
#   OPENSSL_VERSION_STRING:      '3.5.0'
#   OPENSSL_FULL_VERSION_STRING: '3.5.0'
# 
# Library version information with OPENSSL_version_*():
#   OPENSSL_version_major():          '3'
#   OPENSSL_version_minor():          '5'
#   OPENSSL_version_patch():          '0'
#   OPENSSL_version_pre_release():    ''
#   OPENSSL_version_build_metadata(): ''
# 
# Library information with OPENSSL_info():
#   OPENSSL_INFO_CONFIG_DIR:             '/etc/ssl'
#   OPENSSL_INFO_ENGINES_DIR:            '/usr/lib/engines-3'
#   OPENSSL_INFO_MODULES_DIR:            '/usr/lib/ossl-modules'
#   OPENSSL_INFO_DSO_EXTENSION:          '.so'
#   OPENSSL_INFO_DIR_FILENAME_SEPARATOR: '/'
#   OPENSSL_INFO_LIST_SEPARATOR:         ':'
#   OPENSSL_INFO_SEED_SOURCE:            'os-specific'
#   OPENSSL_INFO_CPU_SETTINGS:           'OPENSSL_ia32cap=0x82b82201479bfffd:0x0000000000000000:0x0000000000000000:0x0000000000000000:0x0000000000000000'
t/local/03_use.t ............................ ok
t/local/04_basic.t .......................... ok
t/local/05_passwd_cb.t ...................... ok
t/local/06_tcpecho.t ........................ ok
t/local/07_sslecho.t ........................ ok
t/local/08_pipe.t ........................... ok
t/local/09_ctx_new.t ........................ ok
t/local/10_rand.t ........................... ok
t/local/11_read.t ........................... ok
t/local/15_bio.t ............................ ok
t/local/20_functions.t ...................... ok
t/local/21_constants.t ...................... ok
t/local/22_provider.t ....................... ok
t/local/22_provider_try_load.t .............. ok
t/local/22_provider_try_load_zero_retain.t .. ok
t/local/23_openssl_init.t ................... ok
t/local/30_error.t .......................... ok
t/local/31_rsa_generate_key.t ............... ok
t/local/32_x509_get_cert_info.t ............. ok
t/local/33_x509_create_cert.t ............... ok
t/local/34_x509_crl.t ....................... ok
t/local/35_ephemeral.t ...................... skipped: LibreSSL and OpenSSL 1.1.0 removed support for ephemeral/temporary RSA private keys
t/local/36_verify.t ......................... ok
t/local/37_asn1_time.t ...................... ok
t/local/38_priv-key.t ....................... ok
t/local/39_pkcs12.t ......................... ok
t/local/40_npn_support.t .................... ok
t/local/41_alpn_support.t ................... ok
t/local/42_info_callback.t .................. ok
t/local/43_misc_functions.t ................. ok
t/local/44_sess.t ........................... ok
t/local/45_exporter.t ....................... ok
t/local/46_msg_callback.t ................... ok
t/local/47_keylog.t ......................... ok
t/local/48_client_hello_callback.t .......... ok
t/local/50_digest.t ......................... ok
t/local/61_threads-cb-crash.t ............... ok
t/local/62_threads-ctx_new-deadlock.t ....... ok
t/local/63_ec_key_generate_key.t ............ ok
t/local/64_ticket_sharing.t ................. ok
t/local/65_security_level.t ................. ok
t/local/65_ticket_sharing_2.t ............... ok
t/local/66_curves.t ......................... ok
t/local/kwalitee.t .......................... skipped: These tests are for only for release candidate testing. Enable with RELEASE_TESTING=1
All tests successful.
Files=47, Tests=2784,  4 wallclock secs ( 0.11 usr  0.02 sys +  3.62 cusr  0.91 csys =  4.66 CPU)
Result: PASS
>>> perl-net-ssleay: Entering fakeroot...
"/usr/bin/perl" -MExtUtils::Command::MM -e 'cp_nonempty' -- SSLeay.bs blib/arch/auto/Net/SSLeay/SSLeay.bs 644
Manifying 2 pod documents
Appending installation info to /tmp/pkg/perl-net-ssleay/usr/lib/perl5/core_perl/perllocal.pod
Files found in blib/arch: installing files in blib/lib into architecture dependent library tree
Installing /tmp/pkg/perl-net-ssleay/usr/lib/perl5/vendor_perl/auto/Net/SSLeay/SSLeay.so
Installing /tmp/pkg/perl-net-ssleay/usr/lib/perl5/vendor_perl/auto/Net/SSLeay/head_httpx4.al
Installing /tmp/pkg/perl-net-ssleay/usr/lib/perl5/vendor_perl/auto/Net/SSLeay/post_http.al
Installing /tmp/pkg/perl-net-ssleay/usr/lib/perl5/vendor_perl/auto/Net/SSLeay/post_http3.al
Installing /tmp/pkg/perl-net-ssleay/usr/lib/perl5/vendor_perl/auto/Net/SSLeay/head_http.al
Installing /tmp/pkg/perl-net-ssleay/usr/lib/perl5/vendor_perl/auto/Net/SSLeay/set_cert_and_key.al
Installing /tmp/pkg/perl-net-ssleay/usr/lib/perl5/vendor_perl/auto/Net/SSLeay/ssl_read_until.al
Installing /tmp/pkg/perl-net-ssleay/usr/lib/perl5/vendor_perl/auto/Net/SSLeay/ssl_read_CRLF.al
Installing /tmp/pkg/perl-net-ssleay/usr/lib/perl5/vendor_perl/auto/Net/SSLeay/randomize.al
Installing /tmp/pkg/perl-net-ssleay/usr/lib/perl5/vendor_perl/auto/Net/SSLeay/tcp_write_CRLF.al
Installing /tmp/pkg/perl-net-ssleay/usr/lib/perl5/vendor_perl/auto/Net/SSLeay/put_https3.al
Installing /tmp/pkg/perl-net-ssleay/usr/lib/perl5/vendor_perl/auto/Net/SSLeay/head_httpx.al
Installing /tmp/pkg/perl-net-ssleay/usr/lib/perl5/vendor_perl/auto/Net/SSLeay/post_httpx4.al
Installing /tmp/pkg/perl-net-ssleay/usr/lib/perl5/vendor_perl/auto/Net/SSLeay/put_http3.al
Installing /tmp/pkg/perl-net-ssleay/usr/lib/perl5/vendor_perl/auto/Net/SSLeay/want_write.al
Installing /tmp/pkg/perl-net-ssleay/usr/lib/perl5/vendor_perl/auto/Net/SSLeay/put_httpx3.al
Installing /tmp/pkg/perl-net-ssleay/usr/lib/perl5/vendor_perl/auto/Net/SSLeay/head_httpx3.al
Installing /tmp/pkg/perl-net-ssleay/usr/lib/perl5/vendor_perl/auto/Net/SSLeay/do_httpx4.al
Installing /tmp/pkg/perl-net-ssleay/usr/lib/perl5/vendor_perl/auto/Net/SSLeay/post_httpx.al
Installing /tmp/pkg/perl-net-ssleay/usr/lib/perl5/vendor_perl/auto/Net/SSLeay/put_http.al
Installing /tmp/pkg/perl-net-ssleay/usr/lib/perl5/vendor_perl/auto/Net/SSLeay/http_cat.al
Installing /tmp/pkg/perl-net-ssleay/usr/lib/perl5/vendor_perl/auto/Net/SSLeay/post_https4.al
Installing /tmp/pkg/perl-net-ssleay/usr/lib/perl5/vendor_perl/auto/Net/SSLeay/get_httpx.al
Installing /tmp/pkg/perl-net-ssleay/usr/lib/perl5/vendor_perl/auto/Net/SSLeay/head_http4.al
Installing /tmp/pkg/perl-net-ssleay/usr/lib/perl5/vendor_perl/auto/Net/SSLeay/get_https4.al
Installing /tmp/pkg/perl-net-ssleay/usr/lib/perl5/vendor_perl/auto/Net/SSLeay/get_https.al
Installing /tmp/pkg/perl-net-ssleay/usr/lib/perl5/vendor_perl/auto/Net/SSLeay/new_x_ctx.al
Installing /tmp/pkg/perl-net-ssleay/usr/lib/perl5/vendor_perl/auto/Net/SSLeay/put_https.al
Installing /tmp/pkg/perl-net-ssleay/usr/lib/perl5/vendor_perl/auto/Net/SSLeay/get_http.al
Installing /tmp/pkg/perl-net-ssleay/usr/lib/perl5/vendor_perl/auto/Net/SSLeay/head_https.al
Installing /tmp/pkg/perl-net-ssleay/usr/lib/perl5/vendor_perl/auto/Net/SSLeay/tcp_read_until.al
Installing /tmp/pkg/perl-net-ssleay/usr/lib/perl5/vendor_perl/auto/Net/SSLeay/do_httpx2.al
Installing /tmp/pkg/perl-net-ssleay/usr/lib/perl5/vendor_perl/auto/Net/SSLeay/ssl_write_CRLF.al
Installing /tmp/pkg/perl-net-ssleay/usr/lib/perl5/vendor_perl/auto/Net/SSLeay/do_httpx3.al
Installing /tmp/pkg/perl-net-ssleay/usr/lib/perl5/vendor_perl/auto/Net/SSLeay/set_proxy.al
Installing /tmp/pkg/perl-net-ssleay/usr/lib/perl5/vendor_perl/auto/Net/SSLeay/put_http4.al
Installing /tmp/pkg/perl-net-ssleay/usr/lib/perl5/vendor_perl/auto/Net/SSLeay/httpx_cat.al
Installing /tmp/pkg/perl-net-ssleay/usr/lib/perl5/vendor_perl/auto/Net/SSLeay/put_https4.al
Installing /tmp/pkg/perl-net-ssleay/usr/lib/perl5/vendor_perl/auto/Net/SSLeay/tcpxcat.al
Installing /tmp/pkg/perl-net-ssleay/usr/lib/perl5/vendor_perl/auto/Net/SSLeay/head_http3.al
Installing /tmp/pkg/perl-net-ssleay/usr/lib/perl5/vendor_perl/auto/Net/SSLeay/do_https.al
Installing /tmp/pkg/perl-net-ssleay/usr/lib/perl5/vendor_perl/auto/Net/SSLeay/initialize.al
Installing /tmp/pkg/perl-net-ssleay/usr/lib/perl5/vendor_perl/auto/Net/SSLeay/head_https4.al
Installing /tmp/pkg/perl-net-ssleay/usr/lib/perl5/vendor_perl/auto/Net/SSLeay/get_httpx4.al
Installing /tmp/pkg/perl-net-ssleay/usr/lib/perl5/vendor_perl/auto/Net/SSLeay/make_headers.al
Installing /tmp/pkg/perl-net-ssleay/usr/lib/perl5/vendor_perl/auto/Net/SSLeay/open_proxy_tcp_connection.al
Installing /tmp/pkg/perl-net-ssleay/usr/lib/perl5/vendor_perl/auto/Net/SSLeay/get_httpx3.al
Installing /tmp/pkg/perl-net-ssleay/usr/lib/perl5/vendor_perl/auto/Net/SSLeay/autosplit.ix
Installing /tmp/pkg/perl-net-ssleay/usr/lib/perl5/vendor_perl/auto/Net/SSLeay/get_http4.al
Installing /tmp/pkg/perl-net-ssleay/usr/lib/perl5/vendor_perl/auto/Net/SSLeay/want_nothing.al
Installing /tmp/pkg/perl-net-ssleay/usr/lib/perl5/vendor_perl/auto/Net/SSLeay/set_server_cert_and_key.al
Installing /tmp/pkg/perl-net-ssleay/usr/lib/perl5/vendor_perl/auto/Net/SSLeay/debug_read.al
Installing /tmp/pkg/perl-net-ssleay/usr/lib/perl5/vendor_perl/auto/Net/SSLeay/tcp_read_all.al
Installing /tmp/pkg/perl-net-ssleay/usr/lib/perl5/vendor_perl/auto/Net/SSLeay/get_http3.al
Installing /tmp/pkg/perl-net-ssleay/usr/lib/perl5/vendor_perl/auto/Net/SSLeay/put_httpx.al
Installing /tmp/pkg/perl-net-ssleay/usr/lib/perl5/vendor_perl/auto/Net/SSLeay/make_form.al
Installing /tmp/pkg/perl-net-ssleay/usr/lib/perl5/vendor_perl/auto/Net/SSLeay/sslcat.al
Installing /tmp/pkg/perl-net-ssleay/usr/lib/perl5/vendor_perl/auto/Net/SSLeay/dump_peer_certificate.al
Installing /tmp/pkg/perl-net-ssleay/usr/lib/perl5/vendor_perl/auto/Net/SSLeay/want_read.al
Installing /tmp/pkg/perl-net-ssleay/usr/lib/perl5/vendor_perl/auto/Net/SSLeay/do_https4.al
Installing /tmp/pkg/perl-net-ssleay/usr/lib/perl5/vendor_perl/auto/Net/SSLeay/ssl_write_all.al
Installing /tmp/pkg/perl-net-ssleay/usr/lib/perl5/vendor_perl/auto/Net/SSLeay/do_https3.al
Installing /tmp/pkg/perl-net-ssleay/usr/lib/perl5/vendor_perl/auto/Net/SSLeay/get_https3.al
Installing /tmp/pkg/perl-net-ssleay/usr/lib/perl5/vendor_perl/auto/Net/SSLeay/head_https3.al
Installing /tmp/pkg/perl-net-ssleay/usr/lib/perl5/vendor_perl/auto/Net/SSLeay/do_https2.al
Installing /tmp/pkg/perl-net-ssleay/usr/lib/perl5/vendor_perl/auto/Net/SSLeay/post_http4.al
Installing /tmp/pkg/perl-net-ssleay/usr/lib/perl5/vendor_perl/auto/Net/SSLeay/want_X509_lookup.al
Installing /tmp/pkg/perl-net-ssleay/usr/lib/perl5/vendor_perl/auto/Net/SSLeay/tcp_write_all.al
Installing /tmp/pkg/perl-net-ssleay/usr/lib/perl5/vendor_perl/auto/Net/SSLeay/post_https3.al
Installing /tmp/pkg/perl-net-ssleay/usr/lib/perl5/vendor_perl/auto/Net/SSLeay/open_tcp_connection.al
Installing /tmp/pkg/perl-net-ssleay/usr/lib/perl5/vendor_perl/auto/Net/SSLeay/tcp_read_CRLF.al
Installing /tmp/pkg/perl-net-ssleay/usr/lib/perl5/vendor_perl/auto/Net/SSLeay/post_https.al
Installing /tmp/pkg/perl-net-ssleay/usr/lib/perl5/vendor_perl/auto/Net/SSLeay/post_httpx3.al
Installing /tmp/pkg/perl-net-ssleay/usr/lib/perl5/vendor_perl/auto/Net/SSLeay/tcpcat.al
Installing /tmp/pkg/perl-net-ssleay/usr/lib/perl5/vendor_perl/auto/Net/SSLeay/https_cat.al
Installing /tmp/pkg/perl-net-ssleay/usr/lib/perl5/vendor_perl/auto/Net/SSLeay/ssl_read_all.al
Installing /tmp/pkg/perl-net-ssleay/usr/lib/perl5/vendor_perl/auto/Net/SSLeay/put_httpx4.al
Installing /tmp/pkg/perl-net-ssleay/usr/lib/perl5/vendor_perl/Net/SSLeay.pod
Installing /tmp/pkg/perl-net-ssleay/usr/lib/perl5/vendor_perl/Net/SSLeay.pm
Installing /tmp/pkg/perl-net-ssleay/usr/lib/perl5/vendor_perl/Net/SSLeay/Handle.pm
Installing /tmp/pkg/perl-net-ssleay/usr/share/man/man3/Net::SSLeay::Handle.3pm
Installing /tmp/pkg/perl-net-ssleay/usr/share/man/man3/Net::SSLeay.3pm
>>> perl-net-ssleay-doc*: Running split function doc...
'usr/share/man' -> '/tmp/pkg/perl-net-ssleay-doc/usr/share/man'
>>> perl-net-ssleay-doc*: Preparing subpackage perl-net-ssleay-doc...
>>> perl-net-ssleay-doc*: Running postcheck for perl-net-ssleay-doc
>>> perl-net-ssleay*: Running postcheck for perl-net-ssleay
>>> perl-net-ssleay*: Preparing package perl-net-ssleay...
>>> perl-net-ssleay*: Stripping binaries
>>> WARNING: perl-net-ssleay*: Redundant /usr/lib in rpath found
>>> perl-net-ssleay-doc*: Scanning shared objects
>>> perl-net-ssleay*: Scanning shared objects
>>> perl-net-ssleay-doc*: Tracing dependencies...
>>> perl-net-ssleay-doc*: Package size: 83.9 KB
>>> perl-net-ssleay-doc*: Compressing data...
>>> perl-net-ssleay-doc*: Create checksum...
>>> perl-net-ssleay-doc*: Create perl-net-ssleay-doc-1.94-r2.apk
>>> perl-net-ssleay*: Tracing dependencies...
	perl
	so:libc.musl-x86_64.so.1
	so:libcrypto.so.3
	so:libssl.so.3
>>> perl-net-ssleay*: Package size: 1.1 MB
>>> perl-net-ssleay*: Compressing data...
>>> perl-net-ssleay*: Create checksum...
>>> perl-net-ssleay*: Create perl-net-ssleay-1.94-r2.apk
>>> perl-net-ssleay: Updating the main/x86_64 repository index...
>>> perl-net-ssleay: Signing the index...
>>> perl-net-ssleay: Cleaning up srcdir
>>> perl-net-ssleay: Cleaning up build chroot
>>> perl-net-ssleay: Cleaning up pkgdir
