pigz: not found
>>> perl-sub-exporter: Building main/perl-sub-exporter 0.991-r0 (using abuild 3.14.1-r4) started Sun, 18 May 2025 09:29:11 +0000
>>> perl-sub-exporter: Validating /home/packager/aports/main/perl-sub-exporter/APKBUILD...
>>> perl-sub-exporter: Analyzing dependencies...
>>> perl-sub-exporter: Installing for build: build-base perl perl-data-optlist perl-sub-install perl-params-util
(1/9) Installing libbz2 (1.0.8-r6)
(2/9) Installing perl (5.40.2-r0)
(3/9) Installing perl-params-util (1.102-r5)
(4/9) Installing perl-sub-install (0.929-r2)
(5/9) Installing perl-data-optlist (0.114-r1)
(6/9) Installing .makedepends-perl-sub-exporter (20250518.092914)
(7/9) Installing perl-error (0.17030-r0)
(8/9) Installing perl-git (2.47.2-r0)
(9/9) Installing git-perl (2.47.2-r0)
Executing busybox-1.37.0-r12.trigger
OK: 297 MiB in 90 packages
>>> perl-sub-exporter: Cleaning up srcdir
>>> perl-sub-exporter: Cleaning up pkgdir
>>> perl-sub-exporter: Cleaning up tmpdir
>>> perl-sub-exporter: Fetching https://cpan.metacpan.org/authors/id/R/RJ/RJBS/Sub-Exporter-0.991.tar.gz
Connecting to cpan.metacpan.org (146.75.122.217:443)
saving to '/var/cache/distfiles/Sub-Exporter-0.991.tar.gz.part'
Sub-Exporter-0.991.t 100% |********************************| 57552  0:00:00 ETA
'/var/cache/distfiles/Sub-Exporter-0.991.tar.gz.part' saved
>>> perl-sub-exporter: Fetching https://cpan.metacpan.org/authors/id/R/RJ/RJBS/Sub-Exporter-0.991.tar.gz
>>> perl-sub-exporter: Checking sha512sums...
Sub-Exporter-0.991.tar.gz: OK
>>> perl-sub-exporter: Unpacking /var/cache/distfiles/Sub-Exporter-0.991.tar.gz...
Checking if your kit is complete...
Looks good
Generating a Unix-style Makefile
Writing Makefile for Sub::Exporter
Writing MYMETA.yml and MYMETA.json
cp lib/Sub/Exporter/Tutorial.pod blib/lib/Sub/Exporter/Tutorial.pod
cp lib/Sub/Exporter.pm blib/lib/Sub/Exporter.pm
cp lib/Sub/Exporter/Util.pm blib/lib/Sub/Exporter/Util.pm
cp lib/Sub/Exporter/Cookbook.pod blib/lib/Sub/Exporter/Cookbook.pod
Manifying 4 pod documents
PERL_DL_NONLAZY=1 "/usr/bin/perl" "-MExtUtils::Command::MM" "-MTest::Harness" "-e" "undef *Test::Harness::Switches; test_harness(0, 'blib/lib', 'blib/arch')" t/*.t
# 
# Versions for all modules listed in MYMETA.json (including optional ones):
# 
# === Configure Requires ===
# 
#     Module              Want Have
#     ------------------- ---- ----
#     ExtUtils::MakeMaker 6.78 7.70
# 
# === Build Requires ===
# 
#     Module              Want Have
#     ------------------- ---- ----
#     ExtUtils::MakeMaker  any 7.70
# 
# === Test Requires ===
# 
#     Module              Want     Have
#     ------------------- ---- --------
#     Exporter             any     5.78
#     ExtUtils::MakeMaker  any     7.70
#     File::Spec           any     3.91
#     Test::More          0.96 1.302199
#     base                 any     2.27
#     lib                  any     0.65
#     overload             any     1.37
#     subs                 any     1.04
# 
# === Test Recommends ===
# 
#     Module         Want     Have
#     ---------- -------- --------
#     CPAN::Meta 2.120900 2.150010
# 
# === Runtime Requires ===
# 
#     Module         Want     Have
#     ------------- ----- --------
#     Carp            any     1.54
#     Data::OptList 0.100    0.114
#     Params::Util   0.14    1.102
#     Sub::Install   0.92    0.929
#     perl          5.012 5.040002
#     strict          any     1.13
#     warnings        any     1.70
# 
t/00-report-prereqs.t ..... ok
t/col-init.t .............. ok
t/collection.t ............ ok
t/expand-group.t .......... ok
t/faux-export.t ........... ok
t/gen-callable.t .......... ok
t/group-generator.t ....... ok
t/inherited.t ............. ok
t/into-level.t ............ ok
t/real-export-groupgen.t .. ok
t/real-export-href.t ...... ok
t/real-export-setup.t ..... ok
t/util-curry.t ............ ok
t/util-currychain.t ....... ok
t/util-like.t ............. ok
t/util-merge.t ............ ok
t/util-mixin.t ............ skipped: the mixin exporter requires Package::Generator
t/util-namemap.t .......... skipped: not actually offerring this feature yet
t/valid-config.t .......... ok
All tests successful.
Files=19, Tests=250,  2 wallclock secs ( 0.08 usr  0.02 sys +  1.47 cusr  0.23 csys =  1.80 CPU)
Result: PASS
>>> perl-sub-exporter: Entering fakeroot...
Manifying 4 pod documents
Appending installation info to /home/packager/aports/main/perl-sub-exporter/pkg/perl-sub-exporter/usr/lib/perl5/core_perl/perllocal.pod
Installing /home/packager/aports/main/perl-sub-exporter/pkg/perl-sub-exporter/usr/share/perl5/vendor_perl/Sub/Exporter.pm
Installing /home/packager/aports/main/perl-sub-exporter/pkg/perl-sub-exporter/usr/share/perl5/vendor_perl/Sub/Exporter/Tutorial.pod
Installing /home/packager/aports/main/perl-sub-exporter/pkg/perl-sub-exporter/usr/share/perl5/vendor_perl/Sub/Exporter/Util.pm
Installing /home/packager/aports/main/perl-sub-exporter/pkg/perl-sub-exporter/usr/share/perl5/vendor_perl/Sub/Exporter/Cookbook.pod
Installing /home/packager/aports/main/perl-sub-exporter/pkg/perl-sub-exporter/usr/share/man/man3/Sub::Exporter::Cookbook.3pm
Installing /home/packager/aports/main/perl-sub-exporter/pkg/perl-sub-exporter/usr/share/man/man3/Sub::Exporter::Util.3pm
Installing /home/packager/aports/main/perl-sub-exporter/pkg/perl-sub-exporter/usr/share/man/man3/Sub::Exporter.3pm
Installing /home/packager/aports/main/perl-sub-exporter/pkg/perl-sub-exporter/usr/share/man/man3/Sub::Exporter::Tutorial.3pm
>>> perl-sub-exporter-doc*: Running split function doc...
'usr/share/man' -> '/home/packager/aports/main/perl-sub-exporter/pkg/perl-sub-exporter-doc/usr/share/man'
>>> perl-sub-exporter-doc*: Preparing subpackage perl-sub-exporter-doc...
>>> perl-sub-exporter-doc*: Running postcheck for perl-sub-exporter-doc
>>> perl-sub-exporter*: Running postcheck for perl-sub-exporter
>>> perl-sub-exporter*: Preparing package perl-sub-exporter...
>>> perl-sub-exporter-doc*: Tracing dependencies...
>>> perl-sub-exporter-doc*: Package size: 21.1 KB
>>> perl-sub-exporter-doc*: Compressing data...
>>> perl-sub-exporter-doc*: Create checksum...
pigz: not found
>>> perl-sub-exporter-doc*: Create perl-sub-exporter-doc-0.991-r0.apk
>>> perl-sub-exporter*: Tracing dependencies...
	perl
	perl-data-optlist
	perl-sub-install
	perl-params-util
>>> perl-sub-exporter*: Package size: 111.8 KB
>>> perl-sub-exporter*: Compressing data...
>>> perl-sub-exporter*: Create checksum...
pigz: not found
>>> perl-sub-exporter*: Create perl-sub-exporter-0.991-r0.apk
>>> perl-sub-exporter: Build complete at Sun, 18 May 2025 09:29:18 +0000 elapsed time 0h 0m 7s
>>> perl-sub-exporter: Cleaning up srcdir
>>> perl-sub-exporter: Cleaning up pkgdir
>>> perl-sub-exporter: Uninstalling dependencies...
(1/9) Purging .makedepends-perl-sub-exporter (20250518.092914)
(2/9) Purging perl-data-optlist (0.114-r1)
(3/9) Purging perl-sub-install (0.929-r2)
(4/9) Purging perl-params-util (1.102-r5)
(5/9) Purging git-perl (2.47.2-r0)
(6/9) Purging perl-git (2.47.2-r0)
(7/9) Purging perl-error (0.17030-r0)
(8/9) Purging perl (5.40.2-r0)
(9/9) Purging libbz2 (1.0.8-r6)
Executing busybox-1.37.0-r12.trigger
OK: 261 MiB in 81 packages
>>> perl-sub-exporter: Updating the main/x86_64 repository index...
>>> perl-sub-exporter: Signing the index...
pigz: not found
