pigz: not found
>>> perl-test-longstring: Building main/perl-test-longstring 0.17-r4 (using abuild 3.14.1-r4) started Sun, 18 May 2025 09:11:11 +0000
>>> perl-test-longstring: Validating /home/packager/aports/main/perl-test-longstring/APKBUILD...
>>> perl-test-longstring: Analyzing dependencies...
>>> perl-test-longstring: Installing for build: build-base perl
(1/6) Installing libbz2 (1.0.8-r6)
(2/6) Installing perl (5.40.2-r0)
(3/6) Installing .makedepends-perl-test-longstring (20250518.091112)
(4/6) Installing perl-error (0.17030-r0)
(5/6) Installing perl-git (2.47.2-r0)
(6/6) Installing git-perl (2.47.2-r0)
Executing busybox-1.37.0-r12.trigger
OK: 297 MiB in 87 packages
>>> perl-test-longstring: Cleaning up srcdir
>>> perl-test-longstring: Cleaning up pkgdir
>>> perl-test-longstring: Cleaning up tmpdir
>>> perl-test-longstring: Fetching https://cpan.metacpan.org/authors/id/R/RG/RGARCIA/Test-LongString-0.17.tar.gz
Connecting to cpan.metacpan.org (146.75.122.217:443)
saving to '/var/cache/distfiles/Test-LongString-0.17.tar.gz.part'
Test-LongString-0.17 100% |********************************|  8928  0:00:00 ETA
'/var/cache/distfiles/Test-LongString-0.17.tar.gz.part' saved
>>> perl-test-longstring: Fetching https://cpan.metacpan.org/authors/id/R/RG/RGARCIA/Test-LongString-0.17.tar.gz
>>> perl-test-longstring: Checking sha512sums...
Test-LongString-0.17.tar.gz: OK
>>> perl-test-longstring: Unpacking /var/cache/distfiles/Test-LongString-0.17.tar.gz...
Checking if your kit is complete...
Looks good
Generating a Unix-style Makefile
Writing Makefile for Test::LongString
Writing MYMETA.yml and MYMETA.json
cp lib/Test/LongString.pm blib/lib/Test/LongString.pm
Manifying 1 pod document
PERL_DL_NONLAZY=1 "/usr/bin/perl" "-MExtUtils::Command::MM" "-MTest::Harness" "-e" "undef *Test::Harness::Switches; test_harness(0, 'blib/lib', 'blib/arch')" t/*.t
t/01teststring.t .. ok
t/02import.t ...... ok
t/03like.t ........ ok
t/04contains.t .... ok
t/05lacks.t ....... ok
t/06lcss.t ........ ok
t/pod-coverage.t .. skipped: Test::Pod::Coverage 1.04 required for testing POD coverage
t/pod.t ........... skipped: Test::Pod 1.14 required for testing POD
All tests successful.
Files=8, Tests=43,  0 wallclock secs ( 0.04 usr  0.01 sys +  0.53 cusr  0.09 csys =  0.67 CPU)
Result: PASS
>>> perl-test-longstring: Entering fakeroot...
Manifying 1 pod document
Appending installation info to /home/packager/aports/main/perl-test-longstring/pkg/perl-test-longstring/usr/lib/perl5/core_perl/perllocal.pod
Installing /home/packager/aports/main/perl-test-longstring/pkg/perl-test-longstring/usr/share/perl5/vendor_perl/Test/LongString.pm
Installing /home/packager/aports/main/perl-test-longstring/pkg/perl-test-longstring/usr/share/man/man3/Test::LongString.3pm
>>> perl-test-longstring-doc*: Running split function doc...
'usr/share/man' -> '/home/packager/aports/main/perl-test-longstring/pkg/perl-test-longstring-doc/usr/share/man'
>>> perl-test-longstring-doc*: Preparing subpackage perl-test-longstring-doc...
>>> perl-test-longstring-doc*: Running postcheck for perl-test-longstring-doc
>>> perl-test-longstring*: Running postcheck for perl-test-longstring
>>> perl-test-longstring*: Preparing package perl-test-longstring...
>>> perl-test-longstring-doc*: Tracing dependencies...
>>> perl-test-longstring-doc*: Package size: 3.1 KB
>>> perl-test-longstring-doc*: Compressing data...
>>> perl-test-longstring-doc*: Create checksum...
pigz: not found
>>> perl-test-longstring-doc*: Create perl-test-longstring-doc-0.17-r4.apk
>>> perl-test-longstring*: Tracing dependencies...
	perl
>>> perl-test-longstring*: Package size: 13.2 KB
>>> perl-test-longstring*: Compressing data...
>>> perl-test-longstring*: Create checksum...
pigz: not found
>>> perl-test-longstring*: Create perl-test-longstring-0.17-r4.apk
>>> perl-test-longstring: Build complete at Sun, 18 May 2025 09:11:15 +0000 elapsed time 0h 0m 4s
>>> perl-test-longstring: Cleaning up srcdir
>>> perl-test-longstring: Cleaning up pkgdir
>>> perl-test-longstring: Uninstalling dependencies...
(1/6) Purging .makedepends-perl-test-longstring (20250518.091112)
(2/6) Purging git-perl (2.47.2-r0)
(3/6) Purging perl-git (2.47.2-r0)
(4/6) Purging perl-error (0.17030-r0)
(5/6) Purging perl (5.40.2-r0)
(6/6) Purging libbz2 (1.0.8-r6)
Executing busybox-1.37.0-r12.trigger
OK: 261 MiB in 81 packages
>>> perl-test-longstring: Updating the main/x86_64 repository index...
>>> perl-test-longstring: Signing the index...
pigz: not found
