pigz: not found
>>> perl-class-load: Building main/perl-class-load 0.25-r4 (using abuild 3.14.1-r4) started Sun, 18 May 2025 09:21:57 +0000
>>> perl-class-load: Validating /home/packager/aports/main/perl-class-load/APKBUILD...
>>> perl-class-load: Analyzing dependencies...
>>> perl-class-load: Installing for build: build-base perl perl-data-optlist perl-module-runtime perl-module-implementation perl-try-tiny perl-package-stash perl-dev perl-test-needs perl-test-fatal
(1/18) Installing libbz2 (1.0.8-r6)
(2/18) Installing perl (5.40.2-r0)
(3/18) Installing perl-params-util (1.102-r5)
(4/18) Installing perl-sub-install (0.929-r2)
(5/18) Installing perl-data-optlist (0.114-r1)
(6/18) Installing perl-module-runtime (0.016-r6)
(7/18) Installing perl-try-tiny (0.32-r0)
(8/18) Installing perl-module-implementation (0.09-r5)
(9/18) Installing perl-dist-checkconflicts (0.11-r4)
(10/18) Installing perl-package-stash (0.40-r1)
(11/18) Installing perl-utils (5.40.2-r0)
(12/18) Installing perl-dev (5.40.2-r0)
(13/18) Installing perl-test-needs (0.002010-r1)
(14/18) Installing perl-test-fatal (0.017-r1)
(15/18) Installing .makedepends-perl-class-load (20250518.092200)
(16/18) Installing perl-error (0.17030-r0)
(17/18) Installing perl-git (2.47.2-r0)
(18/18) Installing git-perl (2.47.2-r0)
Executing busybox-1.37.0-r12.trigger
OK: 307 MiB in 99 packages
>>> perl-class-load: Cleaning up srcdir
>>> perl-class-load: Cleaning up pkgdir
>>> perl-class-load: Cleaning up tmpdir
>>> perl-class-load: Fetching https://cpan.metacpan.org/authors/id/E/ET/ETHER/Class-Load-0.25.tar.gz
Connecting to cpan.metacpan.org (146.75.122.217:443)
saving to '/var/cache/distfiles/Class-Load-0.25.tar.gz.part'
Class-Load-0.25.tar. 100% |********************************| 36644  0:00:00 ETA
'/var/cache/distfiles/Class-Load-0.25.tar.gz.part' saved
>>> perl-class-load: Fetching https://cpan.metacpan.org/authors/id/E/ET/ETHER/Class-Load-0.25.tar.gz
>>> perl-class-load: Checking sha512sums...
Class-Load-0.25.tar.gz: OK
>>> perl-class-load: Unpacking /var/cache/distfiles/Class-Load-0.25.tar.gz...
Checking if your kit is complete...
Looks good
Generating a Unix-style Makefile
Writing Makefile for Class::Load
Writing MYMETA.yml and MYMETA.json
cp lib/Class/Load/PP.pm blib/lib/Class/Load/PP.pm
cp lib/Class/Load.pm blib/lib/Class/Load.pm
Manifying 1 pod document
PERL_DL_NONLAZY=1 "/usr/bin/perl" "-MExtUtils::Command::MM" "-MTest::Harness" "-e" "undef *Test::Harness::Switches; test_harness(0, 'blib/lib', 'blib/arch')" t/*.t
# 
# Versions for all modules listed in MYMETA.json (including optional ones):
# 
# === Configure Requires ===
# 
#     Module              Want Have
#     ------------------- ---- ----
#     ExtUtils::MakeMaker  any 7.70
# 
# === Configure Suggests ===
# 
#     Module      Want Have
#     -------- ------- ----
#     JSON::PP 2.27300 4.16
# 
# === Build Requires ===
# 
#     Module              Want Have
#     ------------------- ---- ----
#     ExtUtils::MakeMaker  any 7.70
# 
# === Test Requires ===
# 
#     Module              Want     Have
#     ------------------- ---- --------
#     ExtUtils::MakeMaker  any     7.70
#     File::Spec           any     3.91
#     Test::Fatal          any    0.017
#     Test::More          0.88 1.302199
#     Test::Needs          any 0.002010
#     constant             any     1.33
#     lib                  any     0.65
#     version              any   0.9930
# 
# === Test Recommends ===
# 
#     Module         Want     Have
#     ---------- -------- --------
#     CPAN::Meta 2.120900 2.150010
# 
# === Runtime Requires ===
# 
#     Module                  Want  Have
#     ---------------------- ----- -----
#     Carp                     any  1.54
#     Data::OptList          0.110 0.114
#     Exporter                 any  5.78
#     Module::Implementation  0.04  0.09
#     Module::Runtime        0.012 0.016
#     Package::Stash          0.14  0.40
#     Scalar::Util             any  1.63
#     Try::Tiny                any  0.32
#     base                     any  2.27
#     strict                   any  1.13
#     warnings                 any  1.70
# 
# === Other Modules ===
# 
#     Module       Have
#     --------- -------
#     Encode       3.21
#     JSON::PP     4.16
#     Sub::Name missing
#     YAML      missing
#     autodie      2.37
# 
t/00-report-prereqs.t ........... ok
# Using PP implementation
t/000-load.t .................... ok
t/001-is-class-loaded.t ......... ok
t/002-try-load-class.t .......... ok
t/003-load-class.t .............. ok
t/004-load-double.t ............. ok
t/005-load-optional.t ........... ok
t/006-returned-error.t .......... ok
t/007-first-existing.t .......... ok
t/008-gvstash-bug.t ............. ok
t/009-invalid-module-name.t ..... ok
t/010-isa-false-positive.t ...... ok
t/011-without-xs.t .............. skipped: Need Test::Without::Module
t/012-without-implementation.t .. skipped: Need Test::Without::Module
t/013-errors.t .................. ok
t/014-weird-constants.t ......... ok
All tests successful.
Files=16, Tests=125,  2 wallclock secs ( 0.04 usr  0.04 sys +  1.37 cusr  0.22 csys =  1.67 CPU)
Result: PASS
>>> perl-class-load: Entering fakeroot...
Manifying 1 pod document
Appending installation info to /home/packager/aports/main/perl-class-load/pkg/perl-class-load/usr/lib/perl5/core_perl/perllocal.pod
Installing /home/packager/aports/main/perl-class-load/pkg/perl-class-load/usr/share/perl5/vendor_perl/Class/Load.pm
Installing /home/packager/aports/main/perl-class-load/pkg/perl-class-load/usr/share/perl5/vendor_perl/Class/Load/PP.pm
Installing /home/packager/aports/main/perl-class-load/pkg/perl-class-load/usr/share/man/man3/Class::Load.3pm
>>> perl-class-load-doc*: Running split function doc...
'usr/share/man' -> '/home/packager/aports/main/perl-class-load/pkg/perl-class-load-doc/usr/share/man'
>>> perl-class-load-doc*: Preparing subpackage perl-class-load-doc...
>>> perl-class-load-doc*: Running postcheck for perl-class-load-doc
>>> perl-class-load*: Running postcheck for perl-class-load
>>> perl-class-load*: Preparing package perl-class-load...
>>> perl-class-load-doc*: Tracing dependencies...
>>> perl-class-load-doc*: Package size: 3.6 KB
>>> perl-class-load-doc*: Compressing data...
>>> perl-class-load-doc*: Create checksum...
pigz: not found
>>> perl-class-load-doc*: Create perl-class-load-doc-0.25-r4.apk
>>> perl-class-load*: Tracing dependencies...
	perl
	perl-data-optlist
	perl-module-runtime
	perl-module-implementation
	perl-try-tiny
	perl-package-stash
>>> perl-class-load*: Package size: 12.5 KB
>>> perl-class-load*: Compressing data...
>>> perl-class-load*: Create checksum...
pigz: not found
>>> perl-class-load*: Create perl-class-load-0.25-r4.apk
>>> perl-class-load: Build complete at Sun, 18 May 2025 09:22:04 +0000 elapsed time 0h 0m 7s
>>> perl-class-load: Cleaning up srcdir
>>> perl-class-load: Cleaning up pkgdir
>>> perl-class-load: Uninstalling dependencies...
(1/18) Purging .makedepends-perl-class-load (20250518.092200)
(2/18) Purging perl-data-optlist (0.114-r1)
(3/18) Purging perl-params-util (1.102-r5)
(4/18) Purging perl-sub-install (0.929-r2)
(5/18) Purging perl-package-stash (0.40-r1)
(6/18) Purging perl-dist-checkconflicts (0.11-r4)
(7/18) Purging perl-module-implementation (0.09-r5)
(8/18) Purging perl-module-runtime (0.016-r6)
(9/18) Purging perl-dev (5.40.2-r0)
(10/18) Purging perl-utils (5.40.2-r0)
(11/18) Purging perl-test-needs (0.002010-r1)
(12/18) Purging perl-test-fatal (0.017-r1)
(13/18) Purging perl-try-tiny (0.32-r0)
(14/18) Purging git-perl (2.47.2-r0)
(15/18) Purging perl-git (2.47.2-r0)
(16/18) Purging perl-error (0.17030-r0)
(17/18) Purging perl (5.40.2-r0)
(18/18) Purging libbz2 (1.0.8-r6)
Executing busybox-1.37.0-r12.trigger
OK: 261 MiB in 81 packages
>>> perl-class-load: Updating the main/x86_64 repository index...
>>> perl-class-load: Signing the index...
pigz: not found
