pigz: not found
>>> perl-exporter: Building main/perl-exporter 5.78-r1 (using abuild 3.14.1-r4) started Sun, 18 May 2025 07:04:44 +0000
>>> perl-exporter: Validating /home/packager/aports/main/perl-exporter/APKBUILD...
>>> perl-exporter: Analyzing dependencies...
>>> perl-exporter: Installing for build: build-base perl
(1/6) Installing libbz2 (1.0.8-r6)
(2/6) Installing perl (5.40.2-r0)
(3/6) Installing .makedepends-perl-exporter (20250518.070446)
(4/6) Installing perl-error (0.17029-r2)
(5/6) Installing perl-git (2.47.2-r0)
(6/6) Installing git-perl (2.47.2-r0)
Executing busybox-1.37.0-r12.trigger
OK: 297 MiB in 87 packages
>>> perl-exporter: Cleaning up srcdir
>>> perl-exporter: Cleaning up pkgdir
>>> perl-exporter: Cleaning up tmpdir
>>> perl-exporter: Fetching https://cpan.metacpan.org/authors/id/T/TO/TODDR/Exporter-5.78.tar.gz
Connecting to cpan.metacpan.org (146.75.122.217:443)
saving to '/var/cache/distfiles/Exporter-5.78.tar.gz.part'
Exporter-5.78.tar.gz 100% |********************************| 17723  0:00:00 ETA
'/var/cache/distfiles/Exporter-5.78.tar.gz.part' saved
>>> perl-exporter: Fetching https://cpan.metacpan.org/authors/id/T/TO/TODDR/Exporter-5.78.tar.gz
>>> perl-exporter: Checking sha512sums...
Exporter-5.78.tar.gz: OK
>>> perl-exporter: Unpacking /var/cache/distfiles/Exporter-5.78.tar.gz...
Checking if your kit is complete...
Looks good
Generating a Unix-style Makefile
Writing Makefile for Exporter
Writing MYMETA.yml and MYMETA.json
cp lib/Exporter/Heavy.pm blib/lib/Exporter/Heavy.pm
cp lib/Exporter.pm blib/lib/Exporter.pm
Manifying 2 pod documents
PERL_DL_NONLAZY=1 "/usr/bin/perl" "-MExtUtils::Command::MM" "-MTest::Harness" "-e" "undef *Test::Harness::Switches; test_harness(0, 'blib/lib', 'blib/arch')" t/*.t
t/Exporter.t .. ok
t/pod.t ....... skipped: Test::Pod 1.18 required for testing POD
t/use.t ....... ok
t/warn.t ...... ok
All tests successful.
Files=4, Tests=37,  0 wallclock secs ( 0.03 usr  0.01 sys +  0.10 cusr  0.01 csys =  0.15 CPU)
Result: PASS
>>> perl-exporter: Entering fakeroot...
Manifying 2 pod documents
Appending installation info to /home/packager/aports/main/perl-exporter/pkg/perl-exporter/usr/lib/perl5/core_perl/perllocal.pod
Installing /home/packager/aports/main/perl-exporter/pkg/perl-exporter/usr/share/perl5/vendor_perl/Exporter.pm
Installing /home/packager/aports/main/perl-exporter/pkg/perl-exporter/usr/share/perl5/vendor_perl/Exporter/Heavy.pm
Installing /home/packager/aports/main/perl-exporter/pkg/perl-exporter/usr/share/man/man3/Exporter.3pm
Installing /home/packager/aports/main/perl-exporter/pkg/perl-exporter/usr/share/man/man3/Exporter::Heavy.3pm
>>> perl-exporter*: Running postcheck for perl-exporter
>>> perl-exporter*: Preparing package perl-exporter...
>>> perl-exporter*: Tracing dependencies...
	perl
>>> perl-exporter*: Package size: 25.1 KB
>>> perl-exporter*: Compressing data...
>>> perl-exporter*: Create checksum...
pigz: not found
>>> perl-exporter*: Create perl-exporter-5.78-r1.apk
>>> perl-exporter: Build complete at Sun, 18 May 2025 07:04:48 +0000 elapsed time 0h 0m 4s
>>> perl-exporter: Cleaning up srcdir
>>> perl-exporter: Cleaning up pkgdir
>>> perl-exporter: Uninstalling dependencies...
(1/6) Purging .makedepends-perl-exporter (20250518.070446)
(2/6) Purging git-perl (2.47.2-r0)
(3/6) Purging perl-git (2.47.2-r0)
(4/6) Purging perl-error (0.17029-r2)
(5/6) Purging perl (5.40.2-r0)
(6/6) Purging libbz2 (1.0.8-r6)
Executing busybox-1.37.0-r12.trigger
OK: 260 MiB in 81 packages
>>> perl-exporter: Updating the main/x86_64 repository index...
>>> perl-exporter: Signing the index...
pigz: not found
