pigz: not found
>>> perl-html-quoted: Building main/perl-html-quoted 0.05-r1 (using abuild 3.14.1-r4) started Sun, 18 May 2025 08:20:24 +0000
>>> perl-html-quoted: Validating /home/packager/aports/main/perl-html-quoted/APKBUILD...
>>> perl-html-quoted: Analyzing dependencies...
>>> perl-html-quoted: Installing for build: build-base perl perl-html-parser perl-module-install
(1/20) Installing libbz2 (1.0.8-r6)
(2/20) Installing perl (5.40.2-r0)
(3/20) Installing perl-html-tagset (3.24-r0)
(4/20) Installing perl-clone (0.47-r0)
(5/20) Installing perl-http-date (6.06-r0)
(6/20) Installing perl-uri (5.28-r0)
(7/20) Installing perl-io-html (1.004-r1)
(8/20) Installing perl-encode-locale (1.05-r5)
(9/20) Installing perl-lwp-mediatypes (6.04-r3)
(10/20) Installing perl-http-message (7.00-r0)
(11/20) Installing perl-html-parser (3.83-r0)
(12/20) Installing perl-yaml-tiny (1.76-r0)
(13/20) Installing perl-module-build (0.4234-r1)
(14/20) Installing perl-module-scandeps (1.37-r0)
(15/20) Installing perl-file-remove (1.61-r1)
(16/20) Installing perl-module-install (1.21-r1)
(17/20) Installing .makedepends-perl-html-quoted (20250518.082025)
(18/20) Installing perl-error (0.17030-r0)
(19/20) Installing perl-git (2.47.2-r0)
(20/20) Installing git-perl (2.47.2-r0)
Executing busybox-1.37.0-r12.trigger
OK: 299 MiB in 101 packages
>>> perl-html-quoted: Cleaning up srcdir
>>> perl-html-quoted: Cleaning up pkgdir
>>> perl-html-quoted: Cleaning up tmpdir
>>> perl-html-quoted: Fetching https://cpan.metacpan.org/authors/id/B/BP/BPS/HTML-Quoted-0.05.tar.gz
Connecting to cpan.metacpan.org (146.75.122.217:443)
saving to '/var/cache/distfiles/HTML-Quoted-0.05.tar.gz.part'
HTML-Quoted-0.05.tar 100% |********************************| 22647  0:00:00 ETA
'/var/cache/distfiles/HTML-Quoted-0.05.tar.gz.part' saved
>>> perl-html-quoted: Fetching https://cpan.metacpan.org/authors/id/B/BP/BPS/HTML-Quoted-0.05.tar.gz
>>> perl-html-quoted: Checking sha512sums...
HTML-Quoted-0.05.tar.gz: OK
>>> perl-html-quoted: Unpacking /var/cache/distfiles/HTML-Quoted-0.05.tar.gz...
Checking if your kit is complete...
Looks good
Generating a Unix-style Makefile
Writing Makefile for HTML::Quoted
Writing MYMETA.yml and MYMETA.json
cp lib/HTML/Quoted.pm blib/lib/HTML/Quoted.pm
Manifying 1 pod document
PERL_DL_NONLAZY=1 "/usr/bin/perl" "-MExtUtils::Command::MM" "-MTest::Harness" "-e" "undef *Test::Harness::Switches; test_harness(0, 'inc', 'blib/lib', 'blib/arch')" t/*.t
t/blockquote.t .. ok
t/blocks.t ...... ok
t/lines.t ....... ok
All tests successful.
Files=3, Tests=26,  1 wallclock secs ( 0.03 usr  0.00 sys +  0.21 cusr  0.04 csys =  0.28 CPU)
Result: PASS
>>> perl-html-quoted: Entering fakeroot...
Manifying 1 pod document
Appending installation info to /home/packager/aports/main/perl-html-quoted/pkg/perl-html-quoted/usr/lib/perl5/core_perl/perllocal.pod
Installing /home/packager/aports/main/perl-html-quoted/pkg/perl-html-quoted/usr/share/perl5/vendor_perl/HTML/Quoted.pm
Installing /home/packager/aports/main/perl-html-quoted/pkg/perl-html-quoted/usr/share/man/man3/HTML::Quoted.3pm
>>> perl-html-quoted-doc*: Running split function doc...
'usr/share/man' -> '/home/packager/aports/main/perl-html-quoted/pkg/perl-html-quoted-doc/usr/share/man'
>>> perl-html-quoted-doc*: Preparing subpackage perl-html-quoted-doc...
>>> perl-html-quoted-doc*: Running postcheck for perl-html-quoted-doc
>>> perl-html-quoted*: Running postcheck for perl-html-quoted
>>> perl-html-quoted*: Preparing package perl-html-quoted...
>>> perl-html-quoted-doc*: Tracing dependencies...
>>> perl-html-quoted-doc*: Package size: 1.7 KB
>>> perl-html-quoted-doc*: Compressing data...
>>> perl-html-quoted-doc*: Create checksum...
pigz: not found
>>> perl-html-quoted-doc*: Create perl-html-quoted-doc-0.05-r1.apk
>>> perl-html-quoted*: Tracing dependencies...
	perl
	perl-html-parser
>>> perl-html-quoted*: Package size: 8.3 KB
>>> perl-html-quoted*: Compressing data...
>>> perl-html-quoted*: Create checksum...
pigz: not found
>>> perl-html-quoted*: Create perl-html-quoted-0.05-r1.apk
>>> perl-html-quoted: Build complete at Sun, 18 May 2025 08:20:28 +0000 elapsed time 0h 0m 4s
>>> perl-html-quoted: Cleaning up srcdir
>>> perl-html-quoted: Cleaning up pkgdir
>>> perl-html-quoted: Uninstalling dependencies...
(1/20) Purging .makedepends-perl-html-quoted (20250518.082025)
(2/20) Purging perl-html-parser (3.83-r0)
(3/20) Purging perl-html-tagset (3.24-r0)
(4/20) Purging perl-http-message (7.00-r0)
(5/20) Purging perl-clone (0.47-r0)
(6/20) Purging perl-http-date (6.06-r0)
(7/20) Purging perl-io-html (1.004-r1)
(8/20) Purging perl-encode-locale (1.05-r5)
(9/20) Purging perl-lwp-mediatypes (6.04-r3)
(10/20) Purging perl-uri (5.28-r0)
(11/20) Purging perl-module-install (1.21-r1)
(12/20) Purging perl-yaml-tiny (1.76-r0)
(13/20) Purging perl-module-build (0.4234-r1)
(14/20) Purging perl-module-scandeps (1.37-r0)
(15/20) Purging perl-file-remove (1.61-r1)
(16/20) Purging git-perl (2.47.2-r0)
(17/20) Purging perl-git (2.47.2-r0)
(18/20) Purging perl-error (0.17030-r0)
(19/20) Purging perl (5.40.2-r0)
(20/20) Purging libbz2 (1.0.8-r6)
Executing busybox-1.37.0-r12.trigger
OK: 261 MiB in 81 packages
>>> perl-html-quoted: Updating the main/x86_64 repository index...
>>> perl-html-quoted: Signing the index...
pigz: not found
