pigz: not found
>>> perl-module-runtime: Building main/perl-module-runtime 0.016-r6 (using abuild 3.14.1-r4) started Sun, 18 May 2025 07:38:33 +0000
>>> perl-module-runtime: Validating /home/packager/aports/main/perl-module-runtime/APKBUILD...
>>> perl-module-runtime: Analyzing dependencies...
>>> perl-module-runtime: Installing for build: build-base perl perl-dev perl-module-build
(1/9) Installing libbz2 (1.0.8-r6)
(2/9) Installing perl (5.40.2-r0)
(3/9) Installing perl-utils (5.40.2-r0)
(4/9) Installing perl-dev (5.40.2-r0)
(5/9) Installing perl-module-build (0.4234-r1)
(6/9) Installing .makedepends-perl-module-runtime (20250518.073835)
(7/9) Installing perl-error (0.17029-r2)
(8/9) Installing perl-git (2.47.2-r0)
(9/9) Installing git-perl (2.47.2-r0)
Executing busybox-1.37.0-r12.trigger
OK: 306 MiB in 90 packages
>>> perl-module-runtime: Cleaning up srcdir
>>> perl-module-runtime: Cleaning up pkgdir
>>> perl-module-runtime: Cleaning up tmpdir
>>> perl-module-runtime: Fetching https://cpan.metacpan.org/authors/id/Z/ZE/ZEFRAM/Module-Runtime-0.016.tar.gz
Connecting to cpan.metacpan.org (146.75.122.217:443)
saving to '/var/cache/distfiles/Module-Runtime-0.016.tar.gz.part'
Module-Runtime-0.016 100% |********************************| 18275  0:00:00 ETA
'/var/cache/distfiles/Module-Runtime-0.016.tar.gz.part' saved
>>> perl-module-runtime: Fetching https://cpan.metacpan.org/authors/id/Z/ZE/ZEFRAM/Module-Runtime-0.016.tar.gz
>>> perl-module-runtime: Checking sha512sums...
Module-Runtime-0.016.tar.gz: OK
>>> perl-module-runtime: Unpacking /var/cache/distfiles/Module-Runtime-0.016.tar.gz...
Created MYMETA.yml and MYMETA.json
Creating new 'Build' script for 'Module-Runtime' version '0.016'
Building Module-Runtime
t/cmn.t ............. ok
t/dependency.t ...... ok
t/import_error.t .... ok
t/ivmn.t ............ ok
t/ivms.t ............ ok
t/mnf.t ............. ok
t/pod_cvg.t ......... skipped: Test::Pod::Coverage not available
t/pod_syn.t ......... skipped: Test::Pod not available
t/rm.t .............. ok
t/taint.t ........... ok
t/um.t .............. ok
t/upo.t ............. ok
t/upo_overridden.t .. ok
All tests successful.
Files=13, Tests=365,  2 wallclock secs ( 0.07 usr  0.01 sys +  0.87 cusr  0.17 csys =  1.12 CPU)
Result: PASS
>>> perl-module-runtime: Entering fakeroot...
Building Module-Runtime
Installing /home/packager/aports/main/perl-module-runtime/pkg/perl-module-runtime/usr/share/perl5/vendor_perl/Module/Runtime.pm
Installing /home/packager/aports/main/perl-module-runtime/pkg/perl-module-runtime/usr/share/man/man3/Module::Runtime.3pm
>>> perl-module-runtime-doc*: Running split function doc...
'usr/share/man' -> '/home/packager/aports/main/perl-module-runtime/pkg/perl-module-runtime-doc/usr/share/man'
>>> perl-module-runtime-doc*: Preparing subpackage perl-module-runtime-doc...
>>> perl-module-runtime-doc*: Running postcheck for perl-module-runtime-doc
>>> perl-module-runtime*: Running postcheck for perl-module-runtime
>>> perl-module-runtime*: Preparing package perl-module-runtime...
>>> perl-module-runtime-doc*: Tracing dependencies...
>>> perl-module-runtime-doc*: Package size: 5.6 KB
>>> perl-module-runtime-doc*: Compressing data...
>>> perl-module-runtime-doc*: Create checksum...
pigz: not found
>>> perl-module-runtime-doc*: Create perl-module-runtime-doc-0.016-r6.apk
>>> perl-module-runtime*: Tracing dependencies...
	perl
>>> perl-module-runtime*: Package size: 17.1 KB
>>> perl-module-runtime*: Compressing data...
>>> perl-module-runtime*: Create checksum...
pigz: not found
>>> perl-module-runtime*: Create perl-module-runtime-0.016-r6.apk
>>> perl-module-runtime: Build complete at Sun, 18 May 2025 07:38:39 +0000 elapsed time 0h 0m 6s
>>> perl-module-runtime: Cleaning up srcdir
>>> perl-module-runtime: Cleaning up pkgdir
>>> perl-module-runtime: Uninstalling dependencies...
(1/9) Purging .makedepends-perl-module-runtime (20250518.073835)
(2/9) Purging perl-dev (5.40.2-r0)
(3/9) Purging perl-utils (5.40.2-r0)
(4/9) Purging perl-module-build (0.4234-r1)
(5/9) Purging git-perl (2.47.2-r0)
(6/9) Purging perl-git (2.47.2-r0)
(7/9) Purging perl-error (0.17029-r2)
(8/9) Purging perl (5.40.2-r0)
(9/9) Purging libbz2 (1.0.8-r6)
Executing busybox-1.37.0-r12.trigger
OK: 260 MiB in 81 packages
>>> perl-module-runtime: Updating the main/x86_64 repository index...
>>> perl-module-runtime: Signing the index...
pigz: not found
