>>> perl-net-snmp: Validating /home/packager/oily-pine/main/perl-net-snmp/APKBUILD...
>>> perl-net-snmp: Cleaning up srcdir
>>> perl-net-snmp: Cleaning up pkgdir
>>> perl-net-snmp: Cleaning up tmpdir
>>> perl-net-snmp: Fetching https://cpan.metacpan.org/authors/id/D/DT/DTOWN/Net-SNMP-v6.0.1.tar.gz
  % Total    % Received % Xferd  Average Speed   Time    Time     Time  Current
                                 Dload  Upload   Total   Spent    Left  Speed
  0     0    0     0    0     0      0      0 --:--:-- --:--:-- --:--:--     0100 94664  100 94664    0     0   457k      0 --:--:-- --:--:-- --:--:--  459k
>>> perl-net-snmp: Fetching https://cpan.metacpan.org/authors/id/D/DT/DTOWN/Net-SNMP-v6.0.1.tar.gz
>>> perl-net-snmp: Checking sha512sums...
Net-SNMP-v6.0.1.tar.gz: OK
>>> perl-net-snmp: Preparing build chroot...
fetch http://dl-cdn.alpinelinux.org/alpine/edge/main/x86_64/APKINDEX.tar.gz
(1/76) Installing musl (1.2.5-r10)
(2/76) Installing libcrypto3 (3.5.0-r0)
(3/76) Installing ca-certificates-bundle (20241121-r2)
(4/76) Installing libssl3 (3.5.0-r0)
(5/76) Installing zlib (1.3.1-r2)
(6/76) Installing libapk2 (2.14.9-r2)
(7/76) Installing apk-tools (2.14.9-r2)
(8/76) Installing libcap2 (2.76-r0)
(9/76) Installing libcap-getcap (2.76-r0)
(10/76) Installing fakeroot (1.37.1.1-r0)
(11/76) Installing scanelf (1.3.8-r1)
(12/76) Installing musl-utils (1.2.5-r10)
(13/76) Installing libgcc (14.3.0-r0)
(14/76) Installing libstdc++ (14.3.0-r0)
(15/76) Installing lzip (1.25-r0)
(16/76) Installing openssl (3.5.0-r0)
(17/76) Installing patch (2.8-r0)
(18/76) Installing pkgconf (2.4.3-r0)
(19/76) Installing acl-libs (2.3.2-r1)
(20/76) Installing tar (1.35-r3)
(21/76) Installing busybox (1.37.0-r18)
Executing busybox-1.37.0-r18.post-install
(22/76) Installing ssl_client (1.37.0-r18)
(23/76) Installing busybox-binsh (1.37.0-r18)
(24/76) Installing abuild (3.15.0-r0)
Executing abuild-3.15.0-r0.pre-install
(25/76) Installing abuild-sudo (3.15.0-r0)
(26/76) Installing alpine-baselayout-data (3.7.0-r0)
(27/76) Installing alpine-baselayout (3.7.0-r0)
Executing alpine-baselayout-3.7.0-r0.pre-install
Executing alpine-baselayout-3.7.0-r0.post-install
(28/76) Installing bridge (1.5-r5)
(29/76) Installing ifupdown-ng (0.12.1-r7)
(30/76) Installing openrc-user (0.62.2-r2)
(31/76) Installing openrc (0.62.2-r2)
Executing openrc-0.62.2-r2.post-install
(32/76) Installing mdev-conf (4.8-r0)
(33/76) Installing busybox-mdev-openrc (1.37.0-r18)
(34/76) Installing alpine-conf (3.20.0-r0)
(35/76) Installing alpine-keys (2.5-r0)
(36/76) Installing alpine-release (3.22.0-r0)
(37/76) Installing busybox-openrc (1.37.0-r18)
(38/76) Installing busybox-suid (1.37.0-r18)
(39/76) Installing alpine-base (3.22.0-r0)
(40/76) Installing jansson (2.14.1-r0)
(41/76) Installing zstd-libs (1.5.7-r0)
(42/76) Installing binutils (2.44-r0)
(43/76) Installing libmagic (5.46-r2)
(44/76) Installing file (5.46-r2)
(45/76) Installing libgomp (14.3.0-r0)
(46/76) Installing libatomic (14.3.0-r0)
(47/76) Installing gmp (6.3.0-r3)
(48/76) Installing isl26 (0.26-r1)
(49/76) Installing mpfr4 (4.2.1_p1-r0)
(50/76) Installing mpc1 (1.3.1-r1)
(51/76) Installing gcc (14.3.0-r0)
(52/76) Installing libstdc++-dev (14.3.0-r0)
(53/76) Installing musl-dev (1.2.5-r10)
(54/76) Installing g++ (14.3.0-r0)
(55/76) Installing make (4.4.1-r3)
(56/76) Installing fortify-headers (1.1-r5)
(57/76) Installing build-base (0.5-r3)
(58/76) Installing brotli-libs (1.1.0-r2)
(59/76) Installing c-ares (1.34.5-r0)
(60/76) Installing libunistring (1.3-r0)
(61/76) Installing libidn2 (2.3.7-r0)
(62/76) Installing nghttp2-libs (1.65.0-r0)
(63/76) Installing libpsl (0.21.5-r3)
(64/76) Installing libcurl (8.14.0-r2)
(65/76) Installing libexpat (2.7.1-r0)
(66/76) Installing pcre2 (10.43-r1)
(67/76) Installing git (2.49.0-r0)
(68/76) Installing git-init-template (2.49.0-r0)
(69/76) Installing libbz2 (1.0.8-r6)
(70/76) Installing perl (5.40.2-r0)
(71/76) Installing perl-error (0.17030-r0)
(72/76) Installing perl-git (2.49.0-r0)
(73/76) Installing git-perl (2.49.0-r0)
(74/76) Installing perl-utils (5.40.2-r0)
(75/76) Installing perl-dev (5.40.2-r0)
(76/76) Installing perl-module-build (0.4234-r1)
Executing busybox-1.37.0-r18.trigger
OK: 306 MiB in 76 packages
>>> perl-net-snmp: Fetching https://cpan.metacpan.org/authors/id/D/DT/DTOWN/Net-SNMP-v6.0.1.tar.gz
>>> perl-net-snmp: Checking sha512sums...
Net-SNMP-v6.0.1.tar.gz: OK
>>> perl-net-snmp: Unpacking /var/cache/distfiles/Net-SNMP-v6.0.1.tar.gz...
Warning: prerequisite Crypt::DES 2.03 not found.
Warning: prerequisite Digest::HMAC 1.00 not found.
Warning: prerequisite Digest::SHA1 1.02 not found.
Checking if your kit is complete...
Looks good
Generating a Unix-style Makefile
Writing Makefile for Net::SNMP
Writing MYMETA.yml and MYMETA.json
cp lib/Net/SNMP/Security.pm blib/lib/Net/SNMP/Security.pm
cp lib/Net/SNMP/Message.pm blib/lib/Net/SNMP/Message.pm
cp lib/Net/SNMP.pm blib/lib/Net/SNMP.pm
cp lib/Net/SNMP/Transport/IPv4.pm blib/lib/Net/SNMP/Transport/IPv4.pm
cp lib/Net/SNMP/Transport/IPv6.pm blib/lib/Net/SNMP/Transport/IPv6.pm
cp lib/Net/SNMP/Transport/IPv6/UDP.pm blib/lib/Net/SNMP/Transport/IPv6/UDP.pm
cp lib/Net/SNMP/Transport/IPv4/TCP.pm blib/lib/Net/SNMP/Transport/IPv4/TCP.pm
cp lib/Net/SNMP/Security/USM.pm blib/lib/Net/SNMP/Security/USM.pm
cp lib/Net/SNMP/MessageProcessing.pm blib/lib/Net/SNMP/MessageProcessing.pm
cp lib/Net/SNMP/Dispatcher.pm blib/lib/Net/SNMP/Dispatcher.pm
cp lib/Net/SNMP/Security/Community.pm blib/lib/Net/SNMP/Security/Community.pm
cp lib/Net/SNMP/PDU.pm blib/lib/Net/SNMP/PDU.pm
cp lib/Net/SNMP/Transport/IPv4/UDP.pm blib/lib/Net/SNMP/Transport/IPv4/UDP.pm
cp lib/Net/SNMP/Transport/IPv6/TCP.pm blib/lib/Net/SNMP/Transport/IPv6/TCP.pm
cp lib/Net/SNMP/Transport.pm blib/lib/Net/SNMP/Transport.pm
"/usr/bin/perl" "-Iblib/arch" "-Iblib/lib" snmpkey.PL snmpkey 
cp snmpkey blib/script/snmpkey
"/usr/bin/perl" -MExtUtils::MY -e 'MY->fixin(shift)' -- blib/script/snmpkey
Manifying 1 pod document
Manifying 1 pod document
PERL_DL_NONLAZY=1 "/usr/bin/perl" "-MExtUtils::Command::MM" "-MTest::Harness" "-e" "undef *Test::Harness::Switches; test_harness(0, 'blib/lib', 'blib/arch')" t/*.t
t/ber.t .. ok
t/dsp.t .. ok
t/mp.t ... ok
t/usm.t .. ok
All tests successful.
Files=4, Tests=43,  4 wallclock secs ( 0.01 usr  0.01 sys +  0.11 cusr  0.03 csys =  0.16 CPU)
Result: PASS
>>> perl-net-snmp: Entering fakeroot...
Manifying 1 pod document
Manifying 1 pod document
Appending installation info to /tmp/pkg/perl-net-snmp/usr/lib/perl5/core_perl/perllocal.pod
Installing /tmp/pkg/perl-net-snmp/usr/share/perl5/vendor_perl/Net/SNMP.pm
Installing /tmp/pkg/perl-net-snmp/usr/share/perl5/vendor_perl/Net/SNMP/Transport.pm
Installing /tmp/pkg/perl-net-snmp/usr/share/perl5/vendor_perl/Net/SNMP/Security.pm
Installing /tmp/pkg/perl-net-snmp/usr/share/perl5/vendor_perl/Net/SNMP/PDU.pm
Installing /tmp/pkg/perl-net-snmp/usr/share/perl5/vendor_perl/Net/SNMP/Message.pm
Installing /tmp/pkg/perl-net-snmp/usr/share/perl5/vendor_perl/Net/SNMP/Dispatcher.pm
Installing /tmp/pkg/perl-net-snmp/usr/share/perl5/vendor_perl/Net/SNMP/MessageProcessing.pm
Installing /tmp/pkg/perl-net-snmp/usr/share/perl5/vendor_perl/Net/SNMP/Transport/IPv6.pm
Installing /tmp/pkg/perl-net-snmp/usr/share/perl5/vendor_perl/Net/SNMP/Transport/IPv4.pm
Installing /tmp/pkg/perl-net-snmp/usr/share/perl5/vendor_perl/Net/SNMP/Transport/IPv4/UDP.pm
Installing /tmp/pkg/perl-net-snmp/usr/share/perl5/vendor_perl/Net/SNMP/Transport/IPv4/TCP.pm
Installing /tmp/pkg/perl-net-snmp/usr/share/perl5/vendor_perl/Net/SNMP/Transport/IPv6/UDP.pm
Installing /tmp/pkg/perl-net-snmp/usr/share/perl5/vendor_perl/Net/SNMP/Transport/IPv6/TCP.pm
Installing /tmp/pkg/perl-net-snmp/usr/share/perl5/vendor_perl/Net/SNMP/Security/Community.pm
Installing /tmp/pkg/perl-net-snmp/usr/share/perl5/vendor_perl/Net/SNMP/Security/USM.pm
Installing /tmp/pkg/perl-net-snmp/usr/share/man/man1/snmpkey.1
Installing /tmp/pkg/perl-net-snmp/usr/share/man/man3/Net::SNMP.3pm
Installing /tmp/pkg/perl-net-snmp/usr/bin/snmpkey
>>> perl-net-snmp-doc*: Running split function doc...
'usr/share/man' -> '/tmp/pkg/perl-net-snmp-doc/usr/share/man'
>>> perl-net-snmp-doc*: Preparing subpackage perl-net-snmp-doc...
>>> perl-net-snmp-doc*: Running postcheck for perl-net-snmp-doc
>>> perl-net-snmp*: Running postcheck for perl-net-snmp
>>> perl-net-snmp*: Preparing package perl-net-snmp...
>>> perl-net-snmp-doc*: Tracing dependencies...
>>> perl-net-snmp-doc*: Package size: 17.9 KB
>>> perl-net-snmp-doc*: Compressing data...
>>> perl-net-snmp-doc*: Create checksum...
>>> perl-net-snmp-doc*: Create perl-net-snmp-doc-6.0.1-r8.apk
>>> perl-net-snmp*: Tracing dependencies...
	perl
>>> perl-net-snmp*: Package size: 328.0 KB
>>> perl-net-snmp*: Compressing data...
>>> perl-net-snmp*: Create checksum...
>>> perl-net-snmp*: Create perl-net-snmp-6.0.1-r8.apk
>>> perl-net-snmp: Updating the main/x86_64 repository index...
>>> perl-net-snmp: Signing the index...
>>> perl-net-snmp: Cleaning up srcdir
>>> perl-net-snmp: Cleaning up build chroot
>>> perl-net-snmp: Cleaning up pkgdir
