>>> perl-datetime-format-w3cdtf: Validating /home/packager/oily-pine/main/perl-datetime-format-w3cdtf/APKBUILD...
>>> perl-datetime-format-w3cdtf: Cleaning up srcdir
>>> perl-datetime-format-w3cdtf: Cleaning up pkgdir
>>> perl-datetime-format-w3cdtf: Cleaning up tmpdir
>>> perl-datetime-format-w3cdtf: Fetching https://cpan.metacpan.org/authors/id/G/GW/GWILLIAMS/DateTime-Format-W3CDTF-0.08.tar.gz
  % Total    % Received % Xferd  Average Speed   Time    Time     Time  Current
                                 Dload  Upload   Total   Spent    Left  Speed
  0     0    0     0    0     0      0      0 --:--:-- --:--:-- --:--:--     0100 32885  100 32885    0     0  93920      0 --:--:-- --:--:-- --:--:-- 93957
>>> perl-datetime-format-w3cdtf: Fetching https://cpan.metacpan.org/authors/id/G/GW/GWILLIAMS/DateTime-Format-W3CDTF-0.08.tar.gz
>>> perl-datetime-format-w3cdtf: Checking sha512sums...
DateTime-Format-W3CDTF-0.08.tar.gz: OK
>>> perl-datetime-format-w3cdtf: Preparing build chroot...
fetch http://dl-cdn.alpinelinux.org/alpine/edge/main/x86_64/APKINDEX.tar.gz
(1/102) Installing musl (1.2.5-r10)
(2/102) Installing libcrypto3 (3.5.0-r0)
(3/102) Installing ca-certificates-bundle (20241121-r2)
(4/102) Installing libssl3 (3.5.0-r0)
(5/102) Installing zlib (1.3.1-r2)
(6/102) Installing libapk2 (2.14.9-r2)
(7/102) Installing apk-tools (2.14.9-r2)
(8/102) Installing libcap2 (2.76-r0)
(9/102) Installing libcap-getcap (2.76-r0)
(10/102) Installing fakeroot (1.37.1.1-r0)
(11/102) Installing scanelf (1.3.8-r1)
(12/102) Installing musl-utils (1.2.5-r10)
(13/102) Installing libgcc (14.3.0-r1)
(14/102) Installing libstdc++ (14.3.0-r1)
(15/102) Installing lzip (1.25-r0)
(16/102) Installing openssl (3.5.0-r0)
(17/102) Installing patch (2.8-r0)
(18/102) Installing pkgconf (2.4.3-r0)
(19/102) Installing acl-libs (2.3.2-r1)
(20/102) Installing tar (1.35-r3)
(21/102) Installing busybox (1.37.0-r18)
Executing busybox-1.37.0-r18.post-install
(22/102) Installing ssl_client (1.37.0-r18)
(23/102) Installing busybox-binsh (1.37.0-r18)
(24/102) Installing abuild (3.15.0-r0)
Executing abuild-3.15.0-r0.pre-install
(25/102) Installing abuild-sudo (3.15.0-r0)
(26/102) Installing alpine-baselayout-data (3.7.0-r0)
(27/102) Installing alpine-baselayout (3.7.0-r0)
Executing alpine-baselayout-3.7.0-r0.pre-install
Executing alpine-baselayout-3.7.0-r0.post-install
(28/102) Installing bridge (1.5-r5)
(29/102) Installing ifupdown-ng (0.12.1-r7)
(30/102) Installing openrc-user (0.62.2-r2)
(31/102) Installing openrc (0.62.2-r2)
Executing openrc-0.62.2-r2.post-install
(32/102) Installing mdev-conf (4.8-r0)
(33/102) Installing busybox-mdev-openrc (1.37.0-r18)
(34/102) Installing alpine-conf (3.20.0-r0)
(35/102) Installing alpine-keys (2.5-r0)
(36/102) Installing alpine-release (3.22.0-r0)
(37/102) Installing busybox-openrc (1.37.0-r18)
(38/102) Installing busybox-suid (1.37.0-r18)
(39/102) Installing alpine-base (3.22.0-r0)
(40/102) Installing jansson (2.14.1-r0)
(41/102) Installing zstd-libs (1.5.7-r0)
(42/102) Installing binutils (2.44-r0)
(43/102) Installing libmagic (5.46-r2)
(44/102) Installing file (5.46-r2)
(45/102) Installing libgomp (14.3.0-r1)
(46/102) Installing libatomic (14.3.0-r1)
(47/102) Installing gmp (6.3.0-r3)
(48/102) Installing isl26 (0.26-r1)
(49/102) Installing mpfr4 (4.2.1_p1-r0)
(50/102) Installing mpc1 (1.3.1-r1)
(51/102) Installing gcc (14.3.0-r1)
(52/102) Installing libstdc++-dev (14.3.0-r1)
(53/102) Installing musl-dev (1.2.5-r10)
(54/102) Installing g++ (14.3.0-r1)
(55/102) Installing make (4.4.1-r3)
(56/102) Installing fortify-headers (1.1-r5)
(57/102) Installing build-base (0.5-r3)
(58/102) Installing brotli-libs (1.1.0-r2)
(59/102) Installing c-ares (1.34.5-r0)
(60/102) Installing libunistring (1.3-r0)
(61/102) Installing libidn2 (2.3.7-r0)
(62/102) Installing nghttp2-libs (1.65.0-r0)
(63/102) Installing libpsl (0.21.5-r3)
(64/102) Installing libcurl (8.14.0-r2)
(65/102) Installing libexpat (2.7.1-r0)
(66/102) Installing pcre2 (10.43-r1)
(67/102) Installing git (2.49.0-r0)
(68/102) Installing git-init-template (2.49.0-r0)
(69/102) Installing libbz2 (1.0.8-r6)
(70/102) Installing perl (5.40.2-r0)
(71/102) Installing perl-error (0.17030-r0)
(72/102) Installing perl-git (2.49.0-r0)
(73/102) Installing git-perl (2.49.0-r0)
(74/102) Installing perl-sub-quote (2.006008-r1)
(75/102) Installing perl-devel-stacktrace (2.05-r0)
(76/102) Installing perl-role-tiny (2.002004-r2)
(77/102) Installing perl-mro-compat (0.15-r2)
(78/102) Installing perl-try-tiny (0.32-r0)
(79/102) Installing perl-test-fatal (0.017-r1)
(80/102) Installing perl-eval-closure (0.14-r4)
(81/102) Installing perl-module-runtime (0.016-r6)
(82/102) Installing perl-clone (0.47-r0)
(83/102) Installing perl-specio (0.50-r0)
(84/102) Installing perl-dist-checkconflicts (0.11-r4)
(85/102) Installing perl-class-inspector (1.36-r3)
(86/102) Installing perl-file-sharedir (1.118-r1)
(87/102) Installing perl-sub-exporter-progressive (0.001013-r4)
(88/102) Installing perl-module-implementation (0.09-r5)
(89/102) Installing perl-b-hooks-endofscope (0.28-r0)
(90/102) Installing perl-package-stash (0.40-r1)
(91/102) Installing perl-namespace-clean (0.27-r4)
(92/102) Installing perl-namespace-autoclean (0.31-r0)
(93/102) Installing perl-test-simple (1.302209-r0)
(94/102) Installing perl-test-without-module (0.23-r0)
(95/102) Installing perl-class-data-inheritable (0.10-r0)
(96/102) Installing perl-exception-class (1.45-r1)
(97/102) Installing perl-test2-plugin-nowarnings (0.10-r1)
(98/102) Installing perl-params-validationcompiler (0.31-r2)
(99/102) Installing perl-datetime-locale (1.45-r0)
(100/102) Installing perl-class-singleton (1.6-r2)
(101/102) Installing perl-datetime-timezone (2.65-r0)
(102/102) Installing perl-datetime (1.66-r0)
Executing busybox-1.37.0-r18.trigger
OK: 312 MiB in 102 packages
>>> perl-datetime-format-w3cdtf: Fetching https://cpan.metacpan.org/authors/id/G/GW/GWILLIAMS/DateTime-Format-W3CDTF-0.08.tar.gz
>>> perl-datetime-format-w3cdtf: Checking sha512sums...
DateTime-Format-W3CDTF-0.08.tar.gz: OK
>>> perl-datetime-format-w3cdtf: Unpacking /var/cache/distfiles/DateTime-Format-W3CDTF-0.08.tar.gz...
Checking if your kit is complete...
Looks good
Generating a Unix-style Makefile
Writing Makefile for DateTime::Format::W3CDTF
Writing MYMETA.yml and MYMETA.json
cp lib/DateTime/Format/W3CDTF.pm blib/lib/DateTime/Format/W3CDTF.pm
Manifying 1 pod document
PERL_DL_NONLAZY=1 "/usr/bin/perl" "-MExtUtils::Command::MM" "-MTest::Harness" "-e" "undef *Test::Harness::Switches; test_harness(0, 'inc', 'blib/lib', 'blib/arch')" t/*.t
t/00load.t ........ ok
t/01parse.t ....... ok
t/02bugs.t ........ ok
t/pod.t ........... skipped: Test::Pod 1.14 required for testing POD
t/pod_coverage.t .. skipped: Test::Pod::Coverage 1.04 required for testing POD coverage
All tests successful.
Files=5, Tests=43,  1 wallclock secs ( 0.01 usr  0.00 sys +  0.39 cusr  0.03 csys =  0.43 CPU)
Result: PASS
>>> perl-datetime-format-w3cdtf: Entering fakeroot...
Manifying 1 pod document
Appending installation info to /tmp/pkg/perl-datetime-format-w3cdtf/usr/lib/perl5/core_perl/perllocal.pod
Installing /tmp/pkg/perl-datetime-format-w3cdtf/usr/share/perl5/vendor_perl/DateTime/Format/W3CDTF.pm
Installing /tmp/pkg/perl-datetime-format-w3cdtf/usr/share/man/man3/DateTime::Format::W3CDTF.3pm
>>> perl-datetime-format-w3cdtf-doc*: Running split function doc...
'usr/share/man' -> '/tmp/pkg/perl-datetime-format-w3cdtf-doc/usr/share/man'
>>> perl-datetime-format-w3cdtf-doc*: Preparing subpackage perl-datetime-format-w3cdtf-doc...
>>> perl-datetime-format-w3cdtf-doc*: Running postcheck for perl-datetime-format-w3cdtf-doc
>>> perl-datetime-format-w3cdtf*: Running postcheck for perl-datetime-format-w3cdtf
>>> perl-datetime-format-w3cdtf*: Preparing package perl-datetime-format-w3cdtf...
>>> perl-datetime-format-w3cdtf-doc*: Tracing dependencies...
>>> perl-datetime-format-w3cdtf-doc*: Package size: 2.1 KB
>>> perl-datetime-format-w3cdtf-doc*: Compressing data...
>>> perl-datetime-format-w3cdtf-doc*: Create checksum...
>>> perl-datetime-format-w3cdtf-doc*: Create perl-datetime-format-w3cdtf-doc-0.08-r4.apk
>>> perl-datetime-format-w3cdtf*: Tracing dependencies...
	perl
	perl-datetime
>>> perl-datetime-format-w3cdtf*: Package size: 6.5 KB
>>> perl-datetime-format-w3cdtf*: Compressing data...
>>> perl-datetime-format-w3cdtf*: Create checksum...
>>> perl-datetime-format-w3cdtf*: Create perl-datetime-format-w3cdtf-0.08-r4.apk
>>> perl-datetime-format-w3cdtf: Updating the main/x86_64 repository index...
>>> perl-datetime-format-w3cdtf: Signing the index...
>>> perl-datetime-format-w3cdtf: Cleaning up srcdir
>>> perl-datetime-format-w3cdtf: Cleaning up build chroot
>>> perl-datetime-format-w3cdtf: Cleaning up pkgdir
