>>> perl-type-tiny: Validating /home/packager/oily-pine/main/perl-type-tiny/APKBUILD...
>>> perl-type-tiny: Cleaning up srcdir
>>> perl-type-tiny: Cleaning up pkgdir
>>> perl-type-tiny: Cleaning up tmpdir
>>> perl-type-tiny: Fetching https://cpan.metacpan.org/authors/id/T/TO/TOBYINK/Type-Tiny-2.006000.tar.gz
  % Total    % Received % Xferd  Average Speed   Time    Time     Time  Current
                                 Dload  Upload   Total   Spent    Left  Speed
  0     0    0     0    0     0      0      0 --:--:-- --:--:-- --:--:--     0100  466k  100  466k    0     0  1950k      0 --:--:-- --:--:-- --:--:-- 1952k
>>> perl-type-tiny: Fetching https://cpan.metacpan.org/authors/id/T/TO/TOBYINK/Type-Tiny-2.006000.tar.gz
>>> perl-type-tiny: Checking sha512sums...
Type-Tiny-2.006000.tar.gz: OK
>>> perl-type-tiny: Preparing build chroot...
fetch http://dl-cdn.alpinelinux.org/alpine/edge/main/x86_64/APKINDEX.tar.gz
(1/75) Installing musl (1.2.5-r10)
(2/75) Installing libcrypto3 (3.5.0-r0)
(3/75) Installing ca-certificates-bundle (20241121-r2)
(4/75) Installing libssl3 (3.5.0-r0)
(5/75) Installing zlib (1.3.1-r2)
(6/75) Installing libapk2 (2.14.9-r2)
(7/75) Installing apk-tools (2.14.9-r2)
(8/75) Installing libcap2 (2.76-r0)
(9/75) Installing libcap-getcap (2.76-r0)
(10/75) Installing fakeroot (1.37.1.1-r0)
(11/75) Installing scanelf (1.3.8-r1)
(12/75) Installing musl-utils (1.2.5-r10)
(13/75) Installing libgcc (14.3.0-r1)
(14/75) Installing libstdc++ (14.3.0-r1)
(15/75) Installing lzip (1.25-r0)
(16/75) Installing openssl (3.5.0-r0)
(17/75) Installing patch (2.8-r0)
(18/75) Installing pkgconf (2.4.3-r0)
(19/75) Installing acl-libs (2.3.2-r1)
(20/75) Installing tar (1.35-r3)
(21/75) Installing busybox (1.37.0-r18)
Executing busybox-1.37.0-r18.post-install
(22/75) Installing ssl_client (1.37.0-r18)
(23/75) Installing busybox-binsh (1.37.0-r18)
(24/75) Installing abuild (3.15.0-r0)
Executing abuild-3.15.0-r0.pre-install
(25/75) Installing abuild-sudo (3.15.0-r0)
(26/75) Installing alpine-baselayout-data (3.7.0-r0)
(27/75) Installing alpine-baselayout (3.7.0-r0)
Executing alpine-baselayout-3.7.0-r0.pre-install
Executing alpine-baselayout-3.7.0-r0.post-install
(28/75) Installing bridge (1.5-r5)
(29/75) Installing ifupdown-ng (0.12.1-r7)
(30/75) Installing openrc-user (0.62.2-r2)
(31/75) Installing openrc (0.62.2-r2)
Executing openrc-0.62.2-r2.post-install
(32/75) Installing mdev-conf (4.8-r0)
(33/75) Installing busybox-mdev-openrc (1.37.0-r18)
(34/75) Installing alpine-conf (3.20.0-r0)
(35/75) Installing alpine-keys (2.5-r0)
(36/75) Installing alpine-release (3.22.0-r0)
(37/75) Installing busybox-openrc (1.37.0-r18)
(38/75) Installing busybox-suid (1.37.0-r18)
(39/75) Installing alpine-base (3.22.0-r0)
(40/75) Installing jansson (2.14.1-r0)
(41/75) Installing zstd-libs (1.5.7-r0)
(42/75) Installing binutils (2.44-r0)
(43/75) Installing libmagic (5.46-r2)
(44/75) Installing file (5.46-r2)
(45/75) Installing libgomp (14.3.0-r1)
(46/75) Installing libatomic (14.3.0-r1)
(47/75) Installing gmp (6.3.0-r3)
(48/75) Installing isl26 (0.26-r1)
(49/75) Installing mpfr4 (4.2.1_p1-r0)
(50/75) Installing mpc1 (1.3.1-r1)
(51/75) Installing gcc (14.3.0-r1)
(52/75) Installing libstdc++-dev (14.3.0-r1)
(53/75) Installing musl-dev (1.2.5-r10)
(54/75) Installing g++ (14.3.0-r1)
(55/75) Installing make (4.4.1-r3)
(56/75) Installing fortify-headers (1.1-r5)
(57/75) Installing build-base (0.5-r3)
(58/75) Installing brotli-libs (1.1.0-r2)
(59/75) Installing c-ares (1.34.5-r0)
(60/75) Installing libunistring (1.3-r0)
(61/75) Installing libidn2 (2.3.7-r0)
(62/75) Installing nghttp2-libs (1.65.0-r0)
(63/75) Installing libpsl (0.21.5-r3)
(64/75) Installing libcurl (8.14.0-r2)
(65/75) Installing libexpat (2.7.1-r0)
(66/75) Installing pcre2 (10.43-r1)
(67/75) Installing git (2.49.0-r0)
(68/75) Installing git-init-template (2.49.0-r0)
(69/75) Installing libbz2 (1.0.8-r6)
(70/75) Installing perl (5.40.2-r0)
(71/75) Installing perl-error (0.17030-r0)
(72/75) Installing perl-git (2.49.0-r0)
(73/75) Installing git-perl (2.49.0-r0)
(74/75) Installing perl-exporter-tiny (1.006002-r1)
(75/75) Installing perl-test-warnings (0.038-r0)
Executing busybox-1.37.0-r18.trigger
OK: 296 MiB in 75 packages
>>> perl-type-tiny: Fetching https://cpan.metacpan.org/authors/id/T/TO/TOBYINK/Type-Tiny-2.006000.tar.gz
>>> perl-type-tiny: Checking sha512sums...
Type-Tiny-2.006000.tar.gz: OK
>>> perl-type-tiny: Unpacking /var/cache/distfiles/Type-Tiny-2.006000.tar.gz...
Checking if your kit is complete...
Looks good
Generating a Unix-style Makefile
Writing Makefile for Type::Tiny
Writing MYMETA.yml and MYMETA.json
cp lib/Types/Standard/StrMatch.pm blib/lib/Types/Standard/StrMatch.pm
cp lib/Type/Coercion/Union.pm blib/lib/Type/Coercion/Union.pm
cp lib/Types/Common/String.pm blib/lib/Types/Common/String.pm
cp lib/Types/Common/Numeric.pm blib/lib/Types/Common/Numeric.pm
cp lib/Type/Tiny/Duck.pm blib/lib/Type/Tiny/Duck.pm
cp lib/Type/Tiny/Manual/UsingWithMite.pod blib/lib/Type/Tiny/Manual/UsingWithMite.pod
cp lib/Eval/TypeTiny.pm blib/lib/Eval/TypeTiny.pm
cp lib/Eval/TypeTiny/CodeAccumulator.pm blib/lib/Eval/TypeTiny/CodeAccumulator.pm
cp lib/Reply/Plugin/TypeTiny.pm blib/lib/Reply/Plugin/TypeTiny.pm
cp lib/Type/Tiny/Manual/Contributing.pod blib/lib/Type/Tiny/Manual/Contributing.pod
cp lib/Types/Standard/Tied.pm blib/lib/Types/Standard/Tied.pm
cp lib/Types/Standard/Map.pm blib/lib/Types/Standard/Map.pm
cp lib/Type/Tiny/Manual/Optimization.pod blib/lib/Type/Tiny/Manual/Optimization.pod
cp lib/Type/Tiny/Manual/AllTypes.pod blib/lib/Type/Tiny/Manual/AllTypes.pod
cp lib/Error/TypeTiny/Assertion.pm blib/lib/Error/TypeTiny/Assertion.pm
cp lib/Types/Common.pm blib/lib/Types/Common.pm
cp lib/Type/Params/Signature.pm blib/lib/Type/Params/Signature.pm
cp lib/Type/Tiny/Enum.pm blib/lib/Type/Tiny/Enum.pm
cp lib/Type/Tiny/Manual/UsingWithMoo2.pod blib/lib/Type/Tiny/Manual/UsingWithMoo2.pod
cp lib/Types/Standard/HashRef.pm blib/lib/Types/Standard/HashRef.pm
cp lib/Type/Utils.pm blib/lib/Type/Utils.pm
cp lib/Type/Tiny/Manual/Params.pod blib/lib/Type/Tiny/Manual/Params.pod
cp lib/Type/Tiny/Manual/UsingWithTestMore.pod blib/lib/Type/Tiny/Manual/UsingWithTestMore.pod
cp lib/Type/Library.pm blib/lib/Type/Library.pm
cp lib/Type/Tie.pm blib/lib/Type/Tie.pm
cp lib/Type/Tiny/Manual/UsingWithMoose.pod blib/lib/Type/Tiny/Manual/UsingWithMoose.pod
cp lib/Type/Params/Alternatives.pm blib/lib/Type/Params/Alternatives.pm
cp lib/Type/Tiny/Manual/Installation.pod blib/lib/Type/Tiny/Manual/Installation.pod
cp lib/Type/Tiny/Manual/UsingWithMoo.pod blib/lib/Type/Tiny/Manual/UsingWithMoo.pod
cp lib/Type/Tiny/Manual/Policies.pod blib/lib/Type/Tiny/Manual/Policies.pod
cp lib/Type/Tiny/Union.pm blib/lib/Type/Tiny/Union.pm
cp lib/Type/Parser.pm blib/lib/Type/Parser.pm
cp lib/Type/Tiny/_DeclaredType.pm blib/lib/Type/Tiny/_DeclaredType.pm
cp lib/Types/Standard/ArrayRef.pm blib/lib/Types/Standard/ArrayRef.pm
cp lib/Type/Registry.pm blib/lib/Type/Registry.pm
cp lib/Type/Tiny/Intersection.pm blib/lib/Type/Tiny/Intersection.pm
cp lib/Type/Tiny.pm blib/lib/Type/Tiny.pm
cp lib/Types/Standard/Tuple.pm blib/lib/Types/Standard/Tuple.pm
cp lib/Type/Tiny/Manual/UsingWithMoo3.pod blib/lib/Type/Tiny/Manual/UsingWithMoo3.pod
cp lib/Devel/TypeTiny/Perl58Compat.pm blib/lib/Devel/TypeTiny/Perl58Compat.pm
cp lib/Type/Tiny/Manual/UsingWithClassTiny.pod blib/lib/Type/Tiny/Manual/UsingWithClassTiny.pod
cp lib/Type/Params.pm blib/lib/Type/Params.pm
cp lib/Type/Tiny/Manual/UsingWithOther.pod blib/lib/Type/Tiny/Manual/UsingWithOther.pod
cp lib/Type/Tiny/Class.pm blib/lib/Type/Tiny/Class.pm
cp lib/Types/Standard.pm blib/lib/Types/Standard.pm
cp lib/Type/Tiny/Role.pm blib/lib/Type/Tiny/Role.pm
cp lib/Error/TypeTiny.pm blib/lib/Error/TypeTiny.pm
cp lib/Type/Tiny/Bitfield.pm blib/lib/Type/Tiny/Bitfield.pm
cp lib/Type/Tiny/Manual/Coercions.pod blib/lib/Type/Tiny/Manual/Coercions.pod
cp lib/Type/Tiny/Manual/NonOO.pod blib/lib/Type/Tiny/Manual/NonOO.pod
cp lib/Error/TypeTiny/Compilation.pm blib/lib/Error/TypeTiny/Compilation.pm
cp lib/Types/Standard/ScalarRef.pm blib/lib/Types/Standard/ScalarRef.pm
cp lib/Test/TypeTiny.pm blib/lib/Test/TypeTiny.pm
cp lib/Types/Standard/Dict.pm blib/lib/Types/Standard/Dict.pm
cp lib/Type/Tiny/_HalfOp.pm blib/lib/Type/Tiny/_HalfOp.pm
cp lib/Type/Params/Parameter.pm blib/lib/Type/Params/Parameter.pm
cp lib/Type/Tiny/ConstrainedObject.pm blib/lib/Type/Tiny/ConstrainedObject.pm
cp lib/Type/Tiny/Manual/Libraries.pod blib/lib/Type/Tiny/Manual/Libraries.pod
cp lib/Error/TypeTiny/WrongNumberOfParameters.pm blib/lib/Error/TypeTiny/WrongNumberOfParameters.pm
cp lib/Type/Coercion/FromMoose.pm blib/lib/Type/Coercion/FromMoose.pm
cp lib/Types/TypeTiny.pm blib/lib/Types/TypeTiny.pm
cp lib/Type/Tiny/Manual.pod blib/lib/Type/Tiny/Manual.pod
cp lib/Type/Coercion.pm blib/lib/Type/Coercion.pm
cp lib/Types/Standard/CycleTuple.pm blib/lib/Types/Standard/CycleTuple.pm
cp lib/Type/Tiny/Manual/UsingWithMouse.pod blib/lib/Type/Tiny/Manual/UsingWithMouse.pod
Manifying 52 pod documents
PERL_DL_NONLAZY=1 "/usr/bin/perl" "-MExtUtils::Command::MM" "-MTest::Harness" "-e" "undef *Test::Harness::Switches; test_harness(0, 'inc', 'blib/lib', 'blib/arch')" t/*.t t/20-modules/Devel-TypeTiny-Perl58Compat/*.t t/20-modules/Error-TypeTiny-Assertion/*.t t/20-modules/Error-TypeTiny-Compilation/*.t t/20-modules/Error-TypeTiny-WrongNumberOfParameters/*.t t/20-modules/Error-TypeTiny/*.t t/20-modules/Eval-TypeTiny-CodeAccumulator/*.t t/20-modules/Eval-TypeTiny/*.t t/20-modules/Test-TypeTiny/*.t t/20-modules/Type-Coercion-FromMoose/*.t t/20-modules/Type-Coercion-Union/*.t t/20-modules/Type-Coercion/*.t t/20-modules/Type-Library/*.t t/20-modules/Type-Params-Signature/*.t t/20-modules/Type-Params/*.t t/20-modules/Type-Parser/*.t t/20-modules/Type-Registry/*.t t/20-modules/Type-Tie/*.t t/20-modules/Type-Tiny-Bitfield/*.t t/20-modules/Type-Tiny-Class/*.t t/20-modules/Type-Tiny-ConstrainedObject/*.t t/20-modules/Type-Tiny-Duck/*.t t/20-modules/Type-Tiny-Enum/*.t t/20-modules/Type-Tiny-Intersection/*.t t/20-modules/Type-Tiny-Role/*.t t/20-modules/Type-Tiny-Union/*.t t/20-modules/Type-Tiny-_HalfOp/*.t t/20-modules/Type-Tiny/*.t t/20-modules/Type-Utils/*.t t/20-modules/Types-Common-Numeric/*.t t/20-modules/Types-Common-String/*.t t/20-modules/Types-Common/*.t t/20-modules/Types-Standard/*.t t/20-modules/Types-TypeTiny/*.t t/21-types/*.t t/30-external/Class-InsideOut/*.t t/30-external/Class-Plain/*.t t/30-external/Data-Constraint/*.t t/30-external/Exporter-Tiny/*.t t/30-external/Function-Parameters/*.t t/30-external/JSON-PP/*.t t/30-external/Kavorka/*.t t/30-external/Moo/*.t t/30-external/Moops/*.t t/30-external/Moose/*.t t/30-external/MooseX-Getopt/*.t t/30-external/MooseX-Types/*.t t/30-external/Mouse/*.t t/30-external/MouseX-Types/*.t t/30-external/Object-Accessor/*.t t/30-external/Return-Type/*.t t/30-external/Specio/*.t t/30-external/Sub-Quote/*.t t/30-external/Switcheroo/*.t t/30-external/Type-Library-Compiler/*.t t/30-external/Types-ReadOnly/*.t t/30-external/Validation-Class-Simple/*.t t/30-external/match-simple/*.t t/40-bugs/*.t
#  
# # # # # # # # # # # # # # # # # # # # # # # # # # # # # # # # # # # # # 
#  
#   PERL:     5.040002
#   XS:       maybe XS
#   NUMBERS:  loose
#   TESTING:  normal
#  
# # # # # # # # # # # # # # # # # # # # # # # # # # # # # # # # # # # # # 
# 
#   Exporter::Tiny                              1.006002
#   Return::Type                                undef
#   Type::Tiny::XS                              undef
# 
#   Scalar::Util/Sub::Util                      1.63/1.63
#   Ref::Util/Ref::Util::XS                     undef/undef
#   Regexp::Util                                undef
#   Class::XSAccessor                           undef
#   Devel::LexAlias/PadWalker                   undef/undef
#   Devel::StackTrace                           undef
# 
#   Class::Tiny                                 undef
#   Moo/MooX::TypeTiny                          undef/undef
#   Moose/MooseX::Types                         undef/undef
#   Mouse/MouseX::Types                         undef/undef
# 
#   $AUTOMATED_TESTING                          undef
#   $NONINTERACTIVE_TESTING                     undef
#   $EXTENDED_TESTING                           undef
#   $AUTHOR_TESTING                             undef
#   $RELEASE_TESTING                            undef
# 
#   $PERL_TYPE_TINY_XS                          undef
#   $PERL_TYPES_STANDARD_STRICTNUM              undef
#   $PERL_ONLY                                  undef
#  
# >>>> Type::Tiny is not using XS
#  
# # # # # # # # # # # # # # # # # # # # # # # # # # # # # # # # # # # # # 
#  
t/00-begin.t ................................................. ok
t/01-compile.t ............................................... ok
t/02-api.t ................................................... ok
t/03-leak.t .................................................. skipped: useithreads
t/20-modules/Devel-TypeTiny-Perl58Compat/basic.t ............. ok
t/20-modules/Error-TypeTiny-Assertion/basic.t ................ ok
t/20-modules/Error-TypeTiny-Compilation/basic.t .............. ok
t/20-modules/Error-TypeTiny-WrongNumberOfParameters/basic.t .. ok
t/20-modules/Error-TypeTiny/basic.t .......................... ok
t/20-modules/Error-TypeTiny/stacktrace.t ..................... skipped: requires Devel::StackTrace
t/20-modules/Eval-TypeTiny-CodeAccumulator/basic.t ........... ok
t/20-modules/Eval-TypeTiny-CodeAccumulator/callback.t ........ ok
t/20-modules/Eval-TypeTiny/aliases-devel-lexalias.t .......... skipped: requires Devel::LexAlias
t/20-modules/Eval-TypeTiny/aliases-native.t .................. ok
t/20-modules/Eval-TypeTiny/aliases-padwalker.t ............... skipped: requires PadWalker
t/20-modules/Eval-TypeTiny/aliases-tie.t ..................... ok
t/20-modules/Eval-TypeTiny/basic.t ........................... ok
t/20-modules/Eval-TypeTiny/lexical-subs.t .................... ok
t/20-modules/Test-TypeTiny/basic.t ........................... ok
t/20-modules/Test-TypeTiny/extended.t ........................ ok
t/20-modules/Test-TypeTiny/matchfor.t ........................ ok
t/20-modules/Type-Coercion-FromMoose/basic.t ................. skipped: requires Moose
t/20-modules/Type-Coercion-FromMoose/errors.t ................ skipped: requires Moose
t/20-modules/Type-Coercion-Union/basic.t ..................... ok
t/20-modules/Type-Coercion/basic.t ........................... ok
t/20-modules/Type-Coercion/esoteric.t ........................ ok
t/20-modules/Type-Coercion/frozen.t .......................... skipped: requires Moose
t/20-modules/Type-Coercion/inlining.t ........................ ok
t/20-modules/Type-Coercion/parameterized.t ................... ok
t/20-modules/Type-Coercion/smartmatch.t ...................... ok
t/20-modules/Type-Coercion/typetiny-constructor.t ............ ok
t/20-modules/Type-Library/assert.t ........................... ok
t/20-modules/Type-Library/declared-types.t ................... ok
t/20-modules/Type-Library/deprecation.t ...................... ok
t/20-modules/Type-Library/errors.t ........................... ok
t/20-modules/Type-Library/exportables-duplicated.t ........... ok
t/20-modules/Type-Library/exportables.t ...................... skipped: requires Test::Deep
t/20-modules/Type-Library/import-params.t .................... ok
t/20-modules/Type-Library/inheritance.t ...................... ok
t/20-modules/Type-Library/is.t ............................... ok
t/20-modules/Type-Library/own-registry.t ..................... ok
t/20-modules/Type-Library/recursive-type-definitions.t ....... ok
t/20-modules/Type-Library/remove-type.t ...................... skipped: requires namespace::clean
t/20-modules/Type-Library/to.t ............................... ok
t/20-modules/Type-Library/types.t ............................ ok
t/20-modules/Type-Params-Signature/basic.t ................... ok
t/20-modules/Type-Params/alias.t ............................. ok
t/20-modules/Type-Params/badsigs.t ........................... ok
t/20-modules/Type-Params/carping.t ........................... ok
t/20-modules/Type-Params/clone.t ............................. ok
t/20-modules/Type-Params/coerce.t ............................ ok
t/20-modules/Type-Params/compile-named-avoidcallbacks.t ...... ok
t/20-modules/Type-Params/compile-named-bless.t ............... ok
t/20-modules/Type-Params/compile-named-oo-pp.t ............... ok
t/20-modules/Type-Params/compile-named-oo.t .................. ok
t/20-modules/Type-Params/compile-named.t ..................... ok
t/20-modules/Type-Params/defaults.t .......................... ok
t/20-modules/Type-Params/goto_next.t ......................... ok
t/20-modules/Type-Params/hashorder.t ......................... ok
t/20-modules/Type-Params/methods.t ........................... ok
t/20-modules/Type-Params/mixednamed.t ........................ ok
t/20-modules/Type-Params/multisig-custom-message.t ........... ok
t/20-modules/Type-Params/multisig-gotonext.t ................. ok
t/20-modules/Type-Params/multisig.t .......................... ok
t/20-modules/Type-Params/named-to-list.t ..................... ok
t/20-modules/Type-Params/named.t ............................. ok
t/20-modules/Type-Params/noninline.t ......................... ok
t/20-modules/Type-Params/on-die.t ............................ ok
t/20-modules/Type-Params/optional.t .......................... ok
t/20-modules/Type-Params/positional.t ........................ ok
t/20-modules/Type-Params/slurpy.t ............................ ok
t/20-modules/Type-Params/strictness.t ........................ ok
t/20-modules/Type-Params/v2-defaults.t ....................... ok
t/20-modules/Type-Params/v2-delayed-compilation.t ............ ok
t/20-modules/Type-Params/v2-exceptions.t ..................... ok
t/20-modules/Type-Params/v2-fallback.t ....................... ok
t/20-modules/Type-Params/v2-multi.t .......................... ok
t/20-modules/Type-Params/v2-named-backcompat.t ............... ok
t/20-modules/Type-Params/v2-named-plus-slurpy.t .............. ok
t/20-modules/Type-Params/v2-named.t .......................... ok
t/20-modules/Type-Params/v2-positional-backcompat.t .......... ok
t/20-modules/Type-Params/v2-positional-plus-slurpy.t ......... ok
t/20-modules/Type-Params/v2-positional.t ..................... ok
t/20-modules/Type-Params/v2-warnings.t ....................... ok
t/20-modules/Type-Params/v2-wrap-inherited-method.t .......... ok
t/20-modules/Type-Params/wrap.t .............................. ok
t/20-modules/Type-Parser/basic.t ............................. ok
t/20-modules/Type-Parser/moosextypes.t ....................... skipped: requires Moose
t/20-modules/Type-Registry/automagic.t ....................... ok
t/20-modules/Type-Registry/basic.t ........................... ok
t/20-modules/Type-Registry/methods.t ......................... ok
t/20-modules/Type-Registry/moosextypes.t ..................... skipped: requires Moose
t/20-modules/Type-Registry/mousextypes.t ..................... skipped: requires MouseX::Types::Common
t/20-modules/Type-Registry/parent.t .......................... ok
t/20-modules/Type-Registry/refcount.t ........................ skipped: requires Devel::Refcount
t/20-modules/Type-Tie/01basic.t .............................. ok
t/20-modules/Type-Tie/02moosextypes.t ........................ skipped: requires MooseX::Types::Moose
t/20-modules/Type-Tie/03prototypicalweirdness.t .............. ok
t/20-modules/Type-Tie/04nots.t ............................... ok
t/20-modules/Type-Tie/05typetiny.t ........................... ok
t/20-modules/Type-Tie/06clone.t .............................. skipped: requires Clone
t/20-modules/Type-Tie/06storable.t ........................... ok
t/20-modules/Type-Tie/basic.t ................................ ok
t/20-modules/Type-Tie/very-minimal.t ......................... ok
t/20-modules/Type-Tiny-_HalfOp/double-union.t ................ ok
t/20-modules/Type-Tiny-_HalfOp/extra-params.t ................ ok
t/20-modules/Type-Tiny-_HalfOp/overload-precedence.t ......... ok
t/20-modules/Type-Tiny-Bitfield/basic.t ...................... ok
t/20-modules/Type-Tiny-Bitfield/errors.t ..................... ok
t/20-modules/Type-Tiny-Bitfield/import-options.t ............. ok
t/20-modules/Type-Tiny-Bitfield/plus.t ....................... ok
t/20-modules/Type-Tiny-Class/basic.t ......................... ok
t/20-modules/Type-Tiny-Class/errors.t ........................ ok
t/20-modules/Type-Tiny-Class/exporter.t ...................... ok
t/20-modules/Type-Tiny-Class/exporter_with_options.t ......... ok
t/20-modules/Type-Tiny-Class/plus-constructors.t ............. skipped: requires Moose
t/20-modules/Type-Tiny-ConstrainedObject/basic.t ............. ok
t/20-modules/Type-Tiny-Duck/basic.t .......................... ok
t/20-modules/Type-Tiny-Duck/cmp.t ............................ ok
t/20-modules/Type-Tiny-Duck/errors.t ......................... ok
t/20-modules/Type-Tiny-Duck/exporter.t ....................... ok
t/20-modules/Type-Tiny-Enum/basic.t .......................... ok
t/20-modules/Type-Tiny-Enum/cmp.t ............................ ok
t/20-modules/Type-Tiny-Enum/errors.t ......................... ok
t/20-modules/Type-Tiny-Enum/exporter.t ....................... ok
t/20-modules/Type-Tiny-Enum/exporter_lexical.t ............... ok
t/20-modules/Type-Tiny-Enum/sorter.t ......................... ok
t/20-modules/Type-Tiny-Enum/union_intersection.t ............. ok
t/20-modules/Type-Tiny-Intersection/basic.t .................. ok
t/20-modules/Type-Tiny-Intersection/cmp.t .................... ok
t/20-modules/Type-Tiny-Intersection/constrainedobject.t ...... ok
t/20-modules/Type-Tiny-Intersection/errors.t ................. ok
t/20-modules/Type-Tiny-Role/basic.t .......................... ok
t/20-modules/Type-Tiny-Role/errors.t ......................... ok
t/20-modules/Type-Tiny-Role/exporter.t ....................... ok
t/20-modules/Type-Tiny-Union/basic.t ......................... ok
t/20-modules/Type-Tiny-Union/constrainedobject.t ............. ok
t/20-modules/Type-Tiny-Union/errors.t ........................ ok
t/20-modules/Type-Tiny-Union/relationships.t ................. ok
t/20-modules/Type-Tiny/arithmetic.t .......................... ok
t/20-modules/Type-Tiny/basic.t ............................... ok
t/20-modules/Type-Tiny/cmp.t ................................. ok
t/20-modules/Type-Tiny/coercion-modifiers.t .................. ok
t/20-modules/Type-Tiny/constraint-strings.t .................. ok
t/20-modules/Type-Tiny/custom-exception-classes.t ............ ok
t/20-modules/Type-Tiny/definition-context.t .................. ok
t/20-modules/Type-Tiny/deprecation.t ......................... ok
t/20-modules/Type-Tiny/esoteric.t ............................ ok
t/20-modules/Type-Tiny/inline-assert.t ....................... ok
t/20-modules/Type-Tiny/list-methods.t ........................ ok
t/20-modules/Type-Tiny/my-methods.t .......................... ok
t/20-modules/Type-Tiny/parameterization.t .................... ok
t/20-modules/Type-Tiny/refcount.t ............................ skipped: requires Devel::Refcount
t/20-modules/Type-Tiny/shortcuts.t ........................... ok
t/20-modules/Type-Tiny/smartmatch.t .......................... ok
t/20-modules/Type-Tiny/strictmode-off.t ...................... ok
t/20-modules/Type-Tiny/strictmode-on.t ....................... ok
t/20-modules/Type-Tiny/syntax.t .............................. ok
t/20-modules/Type-Tiny/to-moose.t ............................ skipped: requires Moose
t/20-modules/Type-Tiny/to-mouse.t ............................ skipped: requires Mouse
t/20-modules/Type-Tiny/type_default.t ........................ ok
t/20-modules/Type-Utils/auto-registry.t ...................... ok
t/20-modules/Type-Utils/classifier.t ......................... ok
t/20-modules/Type-Utils/dwim-both.t .......................... skipped: requires Mouse
t/20-modules/Type-Utils/dwim-moose.t ......................... skipped: requires Moose
t/20-modules/Type-Utils/dwim-mouse.t ......................... skipped: requires Mouse
t/20-modules/Type-Utils/is.t ................................. ok
t/20-modules/Type-Utils/match-on-type.t ...................... ok
t/20-modules/Type-Utils/warnings.t ........................... ok
t/20-modules/Types-Common-Numeric/basic.t .................... ok
t/20-modules/Types-Common-Numeric/immutable.t ................ ok
t/20-modules/Types-Common-Numeric/ranges.t ................... ok
t/20-modules/Types-Common-String/basic.t ..................... ok
t/20-modules/Types-Common-String/coerce.t .................... ok
t/20-modules/Types-Common-String/immutable.t ................. ok
t/20-modules/Types-Common-String/strlength.t ................. ok
t/20-modules/Types-Common-String/unicode.t ................... ok
t/20-modules/Types-Common/basic.t ............................ ok
t/20-modules/Types-Common/immutable.t ........................ ok
t/20-modules/Types-Standard/arrayreflength.t ................. ok
t/20-modules/Types-Standard/basic.t .......................... ok
t/20-modules/Types-Standard/cycletuple.t ..................... ok
t/20-modules/Types-Standard/deep-coercions.t ................. ok
t/20-modules/Types-Standard/filehandle.t ..................... skipped: requires IO::String
t/20-modules/Types-Standard/immutable.t ...................... ok
t/20-modules/Types-Standard/lockdown.t ....................... ok
t/20-modules/Types-Standard/mxtmlb-alike.t ................... ok
t/20-modules/Types-Standard/optlist.t ........................ ok
t/20-modules/Types-Standard/overload.t ....................... ok
t/20-modules/Types-Standard/strmatch-allow-callbacks.t ....... ok
t/20-modules/Types-Standard/strmatch-avoid-callbacks.t ....... ok
t/20-modules/Types-Standard/strmatch.t ....................... ok
t/20-modules/Types-Standard/structured.t ..................... ok
t/20-modules/Types-Standard/tied.t ........................... ok
t/20-modules/Types-TypeTiny/basic.t .......................... ok
t/20-modules/Types-TypeTiny/coercion.t ....................... skipped: requires Moose
t/20-modules/Types-TypeTiny/meta.t ........................... ok
t/20-modules/Types-TypeTiny/moosemouse.t ..................... skipped: requires Moose
t/20-modules/Types-TypeTiny/progressiveexporter.t ............ ok
t/20-modules/Types-TypeTiny/type-puny.t ...................... ok
t/21-types/_ForeignTypeConstraint.t .......................... ok
t/21-types/Any.t ............................................. ok
t/21-types/ArrayLike.t ....................................... ok
t/21-types/ArrayRef.t ........................................ ok
t/21-types/Bool.t ............................................ ok
t/21-types/BoolLike.t ........................................ ok
t/21-types/ClassName.t ....................................... ok
t/21-types/CodeLike.t ........................................ ok
t/21-types/CodeRef.t ......................................... ok
t/21-types/ConsumerOf.t ...................................... ok
t/21-types/CycleTuple.t ...................................... ok
t/21-types/Defined.t ......................................... ok
t/21-types/DelimitedStr.t .................................... ok
t/21-types/Dict.t ............................................ ok
t/21-types/Enum.t ............................................ ok
t/21-types/FileHandle.t ...................................... ok
t/21-types/GlobRef.t ......................................... ok
t/21-types/HashLike.t ........................................ ok
t/21-types/HashRef.t ......................................... ok
t/21-types/HasMethods.t ...................................... ok
t/21-types/InstanceOf.t ...................................... ok
t/21-types/Int.t ............................................. ok
t/21-types/IntRange.t ........................................ ok
t/21-types/Item.t ............................................ ok
t/21-types/LaxNum.t .......................................... ok
t/21-types/LowerCaseSimpleStr.t .............................. ok
t/21-types/LowerCaseStr.t .................................... ok
t/21-types/Map.t ............................................. ok
t/21-types/Maybe.t ........................................... ok
t/21-types/NegativeInt.t ..................................... ok
t/21-types/NegativeNum.t ..................................... ok
t/21-types/NegativeOrZeroInt.t ............................... ok
t/21-types/NegativeOrZeroNum.t ............................... ok
t/21-types/NonEmptySimpleStr.t ............................... ok
t/21-types/NonEmptyStr.t ..................................... ok
t/21-types/Num.t ............................................. ok
t/21-types/NumericCode.t ..................................... ok
t/21-types/NumRange.t ........................................ ok
t/21-types/Object.t .......................................... ok
t/21-types/Optional.t ........................................ ok
t/21-types/OptList.t ......................................... ok
t/21-types/Overload.t ........................................ ok
t/21-types/Password.t ........................................ ok
t/21-types/PositiveInt.t ..................................... ok
t/21-types/PositiveNum.t ..................................... ok
t/21-types/PositiveOrZeroInt.t ............................... ok
t/21-types/PositiveOrZeroNum.t ............................... ok
t/21-types/Ref.t ............................................. ok
t/21-types/RegexpRef.t ....................................... ok
t/21-types/RoleName.t ........................................ ok
t/21-types/ScalarRef.t ....................................... ok
t/21-types/SimpleStr.t ....................................... ok
t/21-types/SingleDigit.t ..................................... ok
t/21-types/Slurpy.t .......................................... ok
t/21-types/Str.t ............................................. ok
t/21-types/StrictNum.t ....................................... ok
t/21-types/StringLike.t ...................................... ok
t/21-types/StrLength.t ....................................... ok
t/21-types/StrMatch-more.t ................................... ok
t/21-types/StrMatch.t ........................................ ok
t/21-types/StrongPassword.t .................................. ok
t/21-types/Tied.t ............................................ ok
t/21-types/Tuple.t ........................................... ok
t/21-types/TypeTiny.t ........................................ ok
t/21-types/Undef.t ........................................... ok
t/21-types/UpperCaseSimpleStr.t .............................. ok
t/21-types/UpperCaseStr.t .................................... ok
t/21-types/Value.t ........................................... ok
t/30-external/Class-InsideOut/basic.t ........................ skipped: requires Class::InsideOut
t/30-external/Class-Plain/basic.t ............................ skipped: requires Class::Plain
t/30-external/Class-Plain/multisig.t ......................... skipped: requires Class::Plain
t/30-external/Data-Constraint/basic.t ........................ skipped: requires Data::Constraint
t/30-external/Exporter-Tiny/basic.t .......................... ok
t/30-external/Exporter-Tiny/installer.t ...................... skipped: requires Sub::Exporter::Lexical
t/30-external/Exporter-Tiny/role-conflict.t .................. skipped: requires Role::Tiny
t/30-external/Function-Parameters/basic.t .................... skipped: requires Function::Parameters
t/30-external/JSON-PP/basic.t ................................ ok
t/30-external/Kavorka/80returntype.t ......................... skipped: EXTENDED_TESTING
t/30-external/Kavorka/basic.t ................................ skipped: requires Kavorka
t/30-external/match-simple/basic.t ........................... skipped: requires match::simple
t/30-external/Moo/basic.t .................................... skipped: requires Moo
t/30-external/Moo/coercion-inlining-avoidance.t .............. skipped: requires Moo
t/30-external/Moo/coercion.t ................................. skipped: requires Moo
t/30-external/Moo/exceptions.t ............................... skipped: requires Moo
t/30-external/Moo/inflation.t ................................ skipped: requires Moo
t/30-external/Moo/inflation2.t ............................... skipped: requires Moo
t/30-external/Moops/basic.t .................................. skipped: requires Moops
t/30-external/Moops/library-keyword.t ........................ skipped: requires Moops
t/30-external/Moose/accept-moose-types.t ..................... skipped: requires Moose
t/30-external/Moose/basic.t .................................. skipped: requires Moose
t/30-external/Moose/coercion-more.t .......................... skipped: requires Moose
t/30-external/Moose/coercion.t ............................... skipped: requires Moose
t/30-external/Moose/inflate-then-inline.t .................... skipped: requires Moose
t/30-external/Moose/native-attribute-traits.t ................ skipped: requires Moose
t/30-external/Moose/parameterized.t .......................... skipped: requires Moose::Util::TypeConstraints
t/30-external/MooseX-Getopt/coercion.t ....................... skipped: requires Moose
t/30-external/MooseX-Types/basic.t ........................... skipped: requires MooseX::Types::Moose
t/30-external/MooseX-Types/extending.t ....................... skipped: requires MooseX::Types::Moose
t/30-external/MooseX-Types/more.t ............................ skipped: requires MooseX::Types::Moose
t/30-external/Mouse/basic.t .................................. skipped: requires Mouse
t/30-external/Mouse/coercion.t ............................... skipped: requires Mouse
t/30-external/Mouse/parameterized.t .......................... skipped: requires Mouse::Util::TypeConstraints
t/30-external/MouseX-Types/basic.t ........................... skipped: requires MouseX::Types
t/30-external/MouseX-Types/extending.t ....................... skipped: requires MouseX::Types
t/30-external/Object-Accessor/basic.t ........................ skipped: requires Object::Accessor
t/30-external/Return-Type/basic.t ............................ skipped: requires Return::Type
t/30-external/Specio/basic.t ................................. skipped: requires Specio
t/30-external/Specio/library.t ............................... skipped: requires Specio::Library::Builtins
t/30-external/Sub-Quote/basic.t .............................. skipped: requires Sub::Quote
t/30-external/Sub-Quote/delayed-quoting.t .................... ok
t/30-external/Sub-Quote/unquote-coercions.t .................. skipped: requires Sub::Quote
t/30-external/Sub-Quote/unquote-constraints.t ................ skipped: requires Sub::Quote
t/30-external/Switcheroo/basic.t ............................. skipped: requires Switcheroo
t/30-external/Type-Library-Compiler/basic.t .................. ok
t/30-external/Types-ReadOnly/basic.t ......................... skipped: requires Types::ReadOnly
t/30-external/Validation-Class-Simple/archaic.t .............. skipped: requires Validation::Class
t/30-external/Validation-Class-Simple/basic.t ................ skipped: requires Validation::Class
t/40-bugs/73f51e2d.t ......................................... ok
t/40-bugs/gh1.t .............................................. ok
t/40-bugs/gh14.t ............................................. skipped: requires Moo
t/40-bugs/gh140.t ............................................ ok
t/40-bugs/gh143.t ............................................ ok
t/40-bugs/gh158.t ............................................ ok
t/40-bugs/gh80.t ............................................. ok
t/40-bugs/gh96.t ............................................. ok
t/40-bugs/rt102748.t ......................................... skipped: requires MooseX::Types
t/40-bugs/rt104154.t ......................................... ok
t/40-bugs/rt121763.t ......................................... ok
t/40-bugs/rt125132.t ......................................... ok
t/40-bugs/rt125765.t ......................................... ok
t/40-bugs/rt129729.t ......................................... ok
t/40-bugs/rt130823.t ......................................... skipped: requires Test::Memory::Cycle
t/40-bugs/rt131401.t ......................................... ok
t/40-bugs/rt131576.t ......................................... skipped: requires Moo
t/40-bugs/rt133141.t ......................................... ok
t/40-bugs/rt85911.t .......................................... ok
t/40-bugs/rt86004.t .......................................... ok
t/40-bugs/rt86233.t .......................................... ok
t/40-bugs/rt86239.t .......................................... ok
t/40-bugs/rt90096-2.t ........................................ ok
t/40-bugs/rt90096.t .......................................... ok
t/40-bugs/rt92571-2.t ........................................ ok
t/40-bugs/rt92571.t .......................................... ok
t/40-bugs/rt92591.t .......................................... ok
t/40-bugs/rt94196.t .......................................... ok
t/40-bugs/rt97684.t .......................................... skipped: requires Devel::Hide
t/40-bugs/rt98113.t .......................................... ok
t/40-bugs/ttxs-gh1.t ......................................... ok
t/98-param-eg-from-docs.t .................................... ok
t/99-moose-std-types-test.t .................................. skipped: EXTENDED_TESTING
All tests successful.
Files=350, Tests=8377, 25 wallclock secs ( 0.49 usr  0.22 sys + 20.48 cusr  3.46 csys = 24.65 CPU)
Result: PASS
>>> perl-type-tiny: Entering fakeroot...
Manifying 52 pod documents
Installing /tmp/pkg/perl-type-tiny/usr/share/perl5/vendor_perl/Eval/TypeTiny.pm
Installing /tmp/pkg/perl-type-tiny/usr/share/perl5/vendor_perl/Eval/TypeTiny/CodeAccumulator.pm
Installing /tmp/pkg/perl-type-tiny/usr/share/perl5/vendor_perl/Error/TypeTiny.pm
Installing /tmp/pkg/perl-type-tiny/usr/share/perl5/vendor_perl/Error/TypeTiny/Compilation.pm
Installing /tmp/pkg/perl-type-tiny/usr/share/perl5/vendor_perl/Error/TypeTiny/WrongNumberOfParameters.pm
Installing /tmp/pkg/perl-type-tiny/usr/share/perl5/vendor_perl/Error/TypeTiny/Assertion.pm
Installing /tmp/pkg/perl-type-tiny/usr/share/perl5/vendor_perl/Test/TypeTiny.pm
Installing /tmp/pkg/perl-type-tiny/usr/share/perl5/vendor_perl/Devel/TypeTiny/Perl58Compat.pm
Installing /tmp/pkg/perl-type-tiny/usr/share/perl5/vendor_perl/Types/Common.pm
Installing /tmp/pkg/perl-type-tiny/usr/share/perl5/vendor_perl/Types/TypeTiny.pm
Installing /tmp/pkg/perl-type-tiny/usr/share/perl5/vendor_perl/Types/Standard.pm
Installing /tmp/pkg/perl-type-tiny/usr/share/perl5/vendor_perl/Types/Standard/Tuple.pm
Installing /tmp/pkg/perl-type-tiny/usr/share/perl5/vendor_perl/Types/Standard/StrMatch.pm
Installing /tmp/pkg/perl-type-tiny/usr/share/perl5/vendor_perl/Types/Standard/CycleTuple.pm
Installing /tmp/pkg/perl-type-tiny/usr/share/perl5/vendor_perl/Types/Standard/ArrayRef.pm
Installing /tmp/pkg/perl-type-tiny/usr/share/perl5/vendor_perl/Types/Standard/ScalarRef.pm
Installing /tmp/pkg/perl-type-tiny/usr/share/perl5/vendor_perl/Types/Standard/Dict.pm
Installing /tmp/pkg/perl-type-tiny/usr/share/perl5/vendor_perl/Types/Standard/Tied.pm
Installing /tmp/pkg/perl-type-tiny/usr/share/perl5/vendor_perl/Types/Standard/HashRef.pm
Installing /tmp/pkg/perl-type-tiny/usr/share/perl5/vendor_perl/Types/Standard/Map.pm
Installing /tmp/pkg/perl-type-tiny/usr/share/perl5/vendor_perl/Types/Common/String.pm
Installing /tmp/pkg/perl-type-tiny/usr/share/perl5/vendor_perl/Types/Common/Numeric.pm
Installing /tmp/pkg/perl-type-tiny/usr/share/perl5/vendor_perl/Reply/Plugin/TypeTiny.pm
Installing /tmp/pkg/perl-type-tiny/usr/share/perl5/vendor_perl/Type/Tiny.pm
Installing /tmp/pkg/perl-type-tiny/usr/share/perl5/vendor_perl/Type/Library.pm
Installing /tmp/pkg/perl-type-tiny/usr/share/perl5/vendor_perl/Type/Registry.pm
Installing /tmp/pkg/perl-type-tiny/usr/share/perl5/vendor_perl/Type/Coercion.pm
Installing /tmp/pkg/perl-type-tiny/usr/share/perl5/vendor_perl/Type/Parser.pm
Installing /tmp/pkg/perl-type-tiny/usr/share/perl5/vendor_perl/Type/Utils.pm
Installing /tmp/pkg/perl-type-tiny/usr/share/perl5/vendor_perl/Type/Params.pm
Installing /tmp/pkg/perl-type-tiny/usr/share/perl5/vendor_perl/Type/Tie.pm
Installing /tmp/pkg/perl-type-tiny/usr/share/perl5/vendor_perl/Type/Params/Alternatives.pm
Installing /tmp/pkg/perl-type-tiny/usr/share/perl5/vendor_perl/Type/Params/Signature.pm
Installing /tmp/pkg/perl-type-tiny/usr/share/perl5/vendor_perl/Type/Params/Parameter.pm
Installing /tmp/pkg/perl-type-tiny/usr/share/perl5/vendor_perl/Type/Coercion/FromMoose.pm
Installing /tmp/pkg/perl-type-tiny/usr/share/perl5/vendor_perl/Type/Coercion/Union.pm
Installing /tmp/pkg/perl-type-tiny/usr/share/perl5/vendor_perl/Type/Tiny/Enum.pm
Installing /tmp/pkg/perl-type-tiny/usr/share/perl5/vendor_perl/Type/Tiny/Union.pm
Installing /tmp/pkg/perl-type-tiny/usr/share/perl5/vendor_perl/Type/Tiny/Intersection.pm
Installing /tmp/pkg/perl-type-tiny/usr/share/perl5/vendor_perl/Type/Tiny/Role.pm
Installing /tmp/pkg/perl-type-tiny/usr/share/perl5/vendor_perl/Type/Tiny/Bitfield.pm
Installing /tmp/pkg/perl-type-tiny/usr/share/perl5/vendor_perl/Type/Tiny/Class.pm
Installing /tmp/pkg/perl-type-tiny/usr/share/perl5/vendor_perl/Type/Tiny/ConstrainedObject.pm
Installing /tmp/pkg/perl-type-tiny/usr/share/perl5/vendor_perl/Type/Tiny/_HalfOp.pm
Installing /tmp/pkg/perl-type-tiny/usr/share/perl5/vendor_perl/Type/Tiny/Duck.pm
Installing /tmp/pkg/perl-type-tiny/usr/share/perl5/vendor_perl/Type/Tiny/Manual.pod
Installing /tmp/pkg/perl-type-tiny/usr/share/perl5/vendor_perl/Type/Tiny/_DeclaredType.pm
Installing /tmp/pkg/perl-type-tiny/usr/share/perl5/vendor_perl/Type/Tiny/Manual/Contributing.pod
Installing /tmp/pkg/perl-type-tiny/usr/share/perl5/vendor_perl/Type/Tiny/Manual/UsingWithMite.pod
Installing /tmp/pkg/perl-type-tiny/usr/share/perl5/vendor_perl/Type/Tiny/Manual/Libraries.pod
Installing /tmp/pkg/perl-type-tiny/usr/share/perl5/vendor_perl/Type/Tiny/Manual/UsingWithClassTiny.pod
Installing /tmp/pkg/perl-type-tiny/usr/share/perl5/vendor_perl/Type/Tiny/Manual/AllTypes.pod
Installing /tmp/pkg/perl-type-tiny/usr/share/perl5/vendor_perl/Type/Tiny/Manual/Coercions.pod
Installing /tmp/pkg/perl-type-tiny/usr/share/perl5/vendor_perl/Type/Tiny/Manual/UsingWithMoo3.pod
Installing /tmp/pkg/perl-type-tiny/usr/share/perl5/vendor_perl/Type/Tiny/Manual/UsingWithOther.pod
Installing /tmp/pkg/perl-type-tiny/usr/share/perl5/vendor_perl/Type/Tiny/Manual/UsingWithMouse.pod
Installing /tmp/pkg/perl-type-tiny/usr/share/perl5/vendor_perl/Type/Tiny/Manual/UsingWithTestMore.pod
Installing /tmp/pkg/perl-type-tiny/usr/share/perl5/vendor_perl/Type/Tiny/Manual/Installation.pod
Installing /tmp/pkg/perl-type-tiny/usr/share/perl5/vendor_perl/Type/Tiny/Manual/NonOO.pod
Installing /tmp/pkg/perl-type-tiny/usr/share/perl5/vendor_perl/Type/Tiny/Manual/UsingWithMoo.pod
Installing /tmp/pkg/perl-type-tiny/usr/share/perl5/vendor_perl/Type/Tiny/Manual/UsingWithMoo2.pod
Installing /tmp/pkg/perl-type-tiny/usr/share/perl5/vendor_perl/Type/Tiny/Manual/Params.pod
Installing /tmp/pkg/perl-type-tiny/usr/share/perl5/vendor_perl/Type/Tiny/Manual/UsingWithMoose.pod
Installing /tmp/pkg/perl-type-tiny/usr/share/perl5/vendor_perl/Type/Tiny/Manual/Optimization.pod
Installing /tmp/pkg/perl-type-tiny/usr/share/perl5/vendor_perl/Type/Tiny/Manual/Policies.pod
Installing /tmp/pkg/perl-type-tiny/usr/share/man/man3/Error::TypeTiny::Assertion.3pm
Installing /tmp/pkg/perl-type-tiny/usr/share/man/man3/Type::Tiny::Manual::UsingWithMoo2.3pm
Installing /tmp/pkg/perl-type-tiny/usr/share/man/man3/Type::Tiny::Bitfield.3pm
Installing /tmp/pkg/perl-type-tiny/usr/share/man/man3/Type::Tiny::Manual::AllTypes.3pm
Installing /tmp/pkg/perl-type-tiny/usr/share/man/man3/Types::Common.3pm
Installing /tmp/pkg/perl-type-tiny/usr/share/man/man3/Type::Library.3pm
Installing /tmp/pkg/perl-type-tiny/usr/share/man/man3/Type::Tiny::ConstrainedObject.3pm
Installing /tmp/pkg/perl-type-tiny/usr/share/man/man3/Type::Tiny::Manual::Installation.3pm
Installing /tmp/pkg/perl-type-tiny/usr/share/man/man3/Test::TypeTiny.3pm
Installing /tmp/pkg/perl-type-tiny/usr/share/man/man3/Types::TypeTiny.3pm
Installing /tmp/pkg/perl-type-tiny/usr/share/man/man3/Type::Tiny::Manual::NonOO.3pm
Installing /tmp/pkg/perl-type-tiny/usr/share/man/man3/Type::Tiny::Duck.3pm
Installing /tmp/pkg/perl-type-tiny/usr/share/man/man3/Error::TypeTiny::WrongNumberOfParameters.3pm
Installing /tmp/pkg/perl-type-tiny/usr/share/man/man3/Types::Standard.3pm
Installing /tmp/pkg/perl-type-tiny/usr/share/man/man3/Type::Tiny::_DeclaredType.3pm
Installing /tmp/pkg/perl-type-tiny/usr/share/man/man3/Type::Tiny::Manual::UsingWithClassTiny.3pm
Installing /tmp/pkg/perl-type-tiny/usr/share/man/man3/Type::Tiny::Manual.3pm
Installing /tmp/pkg/perl-type-tiny/usr/share/man/man3/Eval::TypeTiny.3pm
Installing /tmp/pkg/perl-type-tiny/usr/share/man/man3/Type::Tiny::Manual::Coercions.3pm
Installing /tmp/pkg/perl-type-tiny/usr/share/man/man3/Type::Utils.3pm
Installing /tmp/pkg/perl-type-tiny/usr/share/man/man3/Type::Coercion::FromMoose.3pm
Installing /tmp/pkg/perl-type-tiny/usr/share/man/man3/Error::TypeTiny::Compilation.3pm
Installing /tmp/pkg/perl-type-tiny/usr/share/man/man3/Reply::Plugin::TypeTiny.3pm
Installing /tmp/pkg/perl-type-tiny/usr/share/man/man3/Type::Coercion.3pm
Installing /tmp/pkg/perl-type-tiny/usr/share/man/man3/Type::Tiny::Enum.3pm
Installing /tmp/pkg/perl-type-tiny/usr/share/man/man3/Type::Coercion::Union.3pm
Installing /tmp/pkg/perl-type-tiny/usr/share/man/man3/Type::Tiny::Union.3pm
Installing /tmp/pkg/perl-type-tiny/usr/share/man/man3/Type::Tiny::Manual::Policies.3pm
Installing /tmp/pkg/perl-type-tiny/usr/share/man/man3/Type::Tiny::Manual::UsingWithMoo3.3pm
Installing /tmp/pkg/perl-type-tiny/usr/share/man/man3/Type::Tiny::Manual::UsingWithOther.3pm
Installing /tmp/pkg/perl-type-tiny/usr/share/man/man3/Types::Common::String.3pm
Installing /tmp/pkg/perl-type-tiny/usr/share/man/man3/Type::Tiny::Manual::UsingWithTestMore.3pm
Installing /tmp/pkg/perl-type-tiny/usr/share/man/man3/Type::Tie.3pm
Installing /tmp/pkg/perl-type-tiny/usr/share/man/man3/Type::Tiny::Manual::UsingWithMoose.3pm
Installing /tmp/pkg/perl-type-tiny/usr/share/man/man3/Type::Parser.3pm
Installing /tmp/pkg/perl-type-tiny/usr/share/man/man3/Type::Tiny.3pm
Installing /tmp/pkg/perl-type-tiny/usr/share/man/man3/Type::Tiny::Role.3pm
Installing /tmp/pkg/perl-type-tiny/usr/share/man/man3/Type::Tiny::Intersection.3pm
Installing /tmp/pkg/perl-type-tiny/usr/share/man/man3/Type::Tiny::Manual::Contributing.3pm
Installing /tmp/pkg/perl-type-tiny/usr/share/man/man3/Error::TypeTiny.3pm
Installing /tmp/pkg/perl-type-tiny/usr/share/man/man3/Type::Tiny::Manual::Params.3pm
Installing /tmp/pkg/perl-type-tiny/usr/share/man/man3/Type::Tiny::Manual::Libraries.3pm
Installing /tmp/pkg/perl-type-tiny/usr/share/man/man3/Type::Tiny::Manual::Optimization.3pm
Installing /tmp/pkg/perl-type-tiny/usr/share/man/man3/Type::Tiny::Manual::UsingWithMouse.3pm
Installing /tmp/pkg/perl-type-tiny/usr/share/man/man3/Type::Tiny::Class.3pm
Installing /tmp/pkg/perl-type-tiny/usr/share/man/man3/Type::Tiny::Manual::UsingWithMoo.3pm
Installing /tmp/pkg/perl-type-tiny/usr/share/man/man3/Type::Params.3pm
Installing /tmp/pkg/perl-type-tiny/usr/share/man/man3/Types::Common::Numeric.3pm
Installing /tmp/pkg/perl-type-tiny/usr/share/man/man3/Type::Registry.3pm
Installing /tmp/pkg/perl-type-tiny/usr/share/man/man3/Type::Tiny::Manual::UsingWithMite.3pm
Installing /tmp/pkg/perl-type-tiny/usr/share/man/man3/Type::Tiny::_HalfOp.3pm
Installing /tmp/pkg/perl-type-tiny/usr/share/man/man3/Eval::TypeTiny::CodeAccumulator.3pm
>>> perl-type-tiny-doc*: Running split function doc...
'usr/share/perl5/vendor_perl/Type/Tiny/Manual.pod' -> '/tmp/pkg/perl-type-tiny-doc/usr/share/perl5/vendor_perl/Type/Tiny/Manual.pod'
'usr/share/perl5/vendor_perl/Type/Tiny/Manual/Contributing.pod' -> '/tmp/pkg/perl-type-tiny-doc/usr/share/perl5/vendor_perl/Type/Tiny/Manual/Contributing.pod'
'usr/share/perl5/vendor_perl/Type/Tiny/Manual/UsingWithMite.pod' -> '/tmp/pkg/perl-type-tiny-doc/usr/share/perl5/vendor_perl/Type/Tiny/Manual/UsingWithMite.pod'
'usr/share/perl5/vendor_perl/Type/Tiny/Manual/Libraries.pod' -> '/tmp/pkg/perl-type-tiny-doc/usr/share/perl5/vendor_perl/Type/Tiny/Manual/Libraries.pod'
'usr/share/perl5/vendor_perl/Type/Tiny/Manual/UsingWithClassTiny.pod' -> '/tmp/pkg/perl-type-tiny-doc/usr/share/perl5/vendor_perl/Type/Tiny/Manual/UsingWithClassTiny.pod'
'usr/share/perl5/vendor_perl/Type/Tiny/Manual/AllTypes.pod' -> '/tmp/pkg/perl-type-tiny-doc/usr/share/perl5/vendor_perl/Type/Tiny/Manual/AllTypes.pod'
'usr/share/perl5/vendor_perl/Type/Tiny/Manual/Coercions.pod' -> '/tmp/pkg/perl-type-tiny-doc/usr/share/perl5/vendor_perl/Type/Tiny/Manual/Coercions.pod'
'usr/share/perl5/vendor_perl/Type/Tiny/Manual/UsingWithMoo3.pod' -> '/tmp/pkg/perl-type-tiny-doc/usr/share/perl5/vendor_perl/Type/Tiny/Manual/UsingWithMoo3.pod'
'usr/share/perl5/vendor_perl/Type/Tiny/Manual/UsingWithOther.pod' -> '/tmp/pkg/perl-type-tiny-doc/usr/share/perl5/vendor_perl/Type/Tiny/Manual/UsingWithOther.pod'
'usr/share/perl5/vendor_perl/Type/Tiny/Manual/UsingWithMouse.pod' -> '/tmp/pkg/perl-type-tiny-doc/usr/share/perl5/vendor_perl/Type/Tiny/Manual/UsingWithMouse.pod'
'usr/share/perl5/vendor_perl/Type/Tiny/Manual/UsingWithTestMore.pod' -> '/tmp/pkg/perl-type-tiny-doc/usr/share/perl5/vendor_perl/Type/Tiny/Manual/UsingWithTestMore.pod'
'usr/share/perl5/vendor_perl/Type/Tiny/Manual/Installation.pod' -> '/tmp/pkg/perl-type-tiny-doc/usr/share/perl5/vendor_perl/Type/Tiny/Manual/Installation.pod'
'usr/share/perl5/vendor_perl/Type/Tiny/Manual/NonOO.pod' -> '/tmp/pkg/perl-type-tiny-doc/usr/share/perl5/vendor_perl/Type/Tiny/Manual/NonOO.pod'
'usr/share/perl5/vendor_perl/Type/Tiny/Manual/UsingWithMoo.pod' -> '/tmp/pkg/perl-type-tiny-doc/usr/share/perl5/vendor_perl/Type/Tiny/Manual/UsingWithMoo.pod'
'usr/share/perl5/vendor_perl/Type/Tiny/Manual/UsingWithMoo2.pod' -> '/tmp/pkg/perl-type-tiny-doc/usr/share/perl5/vendor_perl/Type/Tiny/Manual/UsingWithMoo2.pod'
'usr/share/perl5/vendor_perl/Type/Tiny/Manual/Params.pod' -> '/tmp/pkg/perl-type-tiny-doc/usr/share/perl5/vendor_perl/Type/Tiny/Manual/Params.pod'
'usr/share/perl5/vendor_perl/Type/Tiny/Manual/UsingWithMoose.pod' -> '/tmp/pkg/perl-type-tiny-doc/usr/share/perl5/vendor_perl/Type/Tiny/Manual/UsingWithMoose.pod'
'usr/share/perl5/vendor_perl/Type/Tiny/Manual/Optimization.pod' -> '/tmp/pkg/perl-type-tiny-doc/usr/share/perl5/vendor_perl/Type/Tiny/Manual/Optimization.pod'
'usr/share/perl5/vendor_perl/Type/Tiny/Manual/Policies.pod' -> '/tmp/pkg/perl-type-tiny-doc/usr/share/perl5/vendor_perl/Type/Tiny/Manual/Policies.pod'
'usr/share/man' -> '/tmp/pkg/perl-type-tiny-doc/usr/share/man'
>>> perl-type-tiny-doc*: Preparing subpackage perl-type-tiny-doc...
>>> perl-type-tiny-doc*: Running postcheck for perl-type-tiny-doc
>>> perl-type-tiny*: Running postcheck for perl-type-tiny
>>> perl-type-tiny*: Preparing package perl-type-tiny...
>>> perl-type-tiny-doc*: Tracing dependencies...
>>> perl-type-tiny-doc*: Package size: 328.3 KB
>>> perl-type-tiny-doc*: Compressing data...
>>> perl-type-tiny-doc*: Create checksum...
>>> perl-type-tiny-doc*: Create perl-type-tiny-doc-2.006000-r0.apk
>>> perl-type-tiny*: Tracing dependencies...
	perl
	perl-exporter-tiny
>>> perl-type-tiny*: Package size: 550.0 KB
>>> perl-type-tiny*: Compressing data...
>>> perl-type-tiny*: Create checksum...
>>> perl-type-tiny*: Create perl-type-tiny-2.006000-r0.apk
>>> perl-type-tiny: Updating the main/x86_64 repository index...
>>> perl-type-tiny: Signing the index...
>>> perl-type-tiny: Cleaning up srcdir
>>> perl-type-tiny: Cleaning up build chroot
>>> perl-type-tiny: Cleaning up pkgdir
