pigz: not found
>>> perl-ipc-run: Building main/perl-ipc-run 20231003.0-r0 (using abuild 3.14.1-r4) started Sun, 18 May 2025 07:48:41 +0000
>>> perl-ipc-run: Validating /home/packager/aports/main/perl-ipc-run/APKBUILD...
>>> perl-ipc-run: Analyzing dependencies...
>>> perl-ipc-run: Installing for build: build-base perl perl-io-tty
(1/7) Installing libbz2 (1.0.8-r6)
(2/7) Installing perl (5.40.2-r0)
(3/7) Installing perl-io-tty (1.20-r1)
(4/7) Installing .makedepends-perl-ipc-run (20250518.074843)
(5/7) Installing perl-error (0.17029-r2)
(6/7) Installing perl-git (2.47.2-r0)
(7/7) Installing git-perl (2.47.2-r0)
Executing busybox-1.37.0-r12.trigger
OK: 297 MiB in 88 packages
>>> perl-ipc-run: Cleaning up srcdir
>>> perl-ipc-run: Cleaning up pkgdir
>>> perl-ipc-run: Cleaning up tmpdir
>>> perl-ipc-run: Fetching https://cpan.metacpan.org/authors/id/T/TO/TODDR/IPC-Run-20231003.0.tar.gz
Connecting to cpan.metacpan.org (146.75.122.217:443)
saving to '/var/cache/distfiles/IPC-Run-20231003.0.tar.gz.part'
IPC-Run-20231003.0.t 100% |********************************|  132k  0:00:00 ETA
'/var/cache/distfiles/IPC-Run-20231003.0.tar.gz.part' saved
>>> perl-ipc-run: Fetching https://cpan.metacpan.org/authors/id/T/TO/TODDR/IPC-Run-20231003.0.tar.gz
>>> perl-ipc-run: Checking sha512sums...
IPC-Run-20231003.0.tar.gz: OK
>>> perl-ipc-run: Unpacking /var/cache/distfiles/IPC-Run-20231003.0.tar.gz...
Checking if your kit is complete...
Looks good
Generating a Unix-style Makefile
Writing Makefile for IPC::Run
Writing MYMETA.yml and MYMETA.json
cp lib/IPC/Run/Win32Process.pm blib/lib/IPC/Run/Win32Process.pm
cp lib/IPC/Run/Win32Pump.pm blib/lib/IPC/Run/Win32Pump.pm
cp lib/IPC/Run/Win32Helper.pm blib/lib/IPC/Run/Win32Helper.pm
cp lib/IPC/Run/IO.pm blib/lib/IPC/Run/IO.pm
cp lib/IPC/Run/Timer.pm blib/lib/IPC/Run/Timer.pm
cp lib/IPC/Run/Win32IO.pm blib/lib/IPC/Run/Win32IO.pm
cp lib/IPC/Run/Debug.pm blib/lib/IPC/Run/Debug.pm
cp lib/IPC/Run.pm blib/lib/IPC/Run.pm
Manifying 8 pod documents
PERL_DL_NONLAZY=1 "/usr/bin/perl" "-MExtUtils::Command::MM" "-MTest::Harness" "-e" "undef *Test::Harness::Switches; test_harness(0, 'blib/lib', 'blib/arch')" t/*.t
t/adopt.t ............................ skipped: adopt not implemented yet
t/autoflush.t ........................ ok
t/autovivifyfh.t ..................... ok
t/binmode.t .......................... ok
t/bogus.t ............................ ok
t/child_fd_inadvertently_closed.t .... ok
t/eintr.t ............................ ok
t/filter.t ........................... ok
t/harness.t .......................... ok
t/io.t ............................... ok
t/kill_kill.t ........................ ok
t/parallel.t ......................... ok
t/parent_and_child_fds_match.t ....... ok
# IO::Tty 1.20, IO::Pty 1.20
t/pty.t .............................. ok
t/pump.t ............................. ok
t/readonly.t ......................... skipped: Readonly is required for this test to work.
t/result.t ........................... ok
t/run.t .............................. ok
t/run_stdin-callback-return-array.t .. ok
t/signal.t ........................... ok
t/timeout.t .......................... ok
t/timer.t ............................ ok
t/utf8.t ............................. ok
t/win32_compile.t .................... ok
t/win32_newlines.t ................... skipped: Skipping when not on Win32
t/windows_search_path.t .............. ok
All tests successful.
Files=26, Tests=752, 16 wallclock secs ( 0.15 usr  0.03 sys +  2.75 cusr  0.57 csys =  3.50 CPU)
Result: PASS
>>> perl-ipc-run: Entering fakeroot...
Manifying 8 pod documents
Appending installation info to /home/packager/aports/main/perl-ipc-run/pkg/perl-ipc-run/usr/lib/perl5/core_perl/perllocal.pod
Installing /home/packager/aports/main/perl-ipc-run/pkg/perl-ipc-run/usr/share/perl5/vendor_perl/IPC/Run.pm
Installing /home/packager/aports/main/perl-ipc-run/pkg/perl-ipc-run/usr/share/perl5/vendor_perl/IPC/Run/Timer.pm
Installing /home/packager/aports/main/perl-ipc-run/pkg/perl-ipc-run/usr/share/perl5/vendor_perl/IPC/Run/Win32Pump.pm
Installing /home/packager/aports/main/perl-ipc-run/pkg/perl-ipc-run/usr/share/perl5/vendor_perl/IPC/Run/IO.pm
Installing /home/packager/aports/main/perl-ipc-run/pkg/perl-ipc-run/usr/share/perl5/vendor_perl/IPC/Run/Win32Helper.pm
Installing /home/packager/aports/main/perl-ipc-run/pkg/perl-ipc-run/usr/share/perl5/vendor_perl/IPC/Run/Win32Process.pm
Installing /home/packager/aports/main/perl-ipc-run/pkg/perl-ipc-run/usr/share/perl5/vendor_perl/IPC/Run/Debug.pm
Installing /home/packager/aports/main/perl-ipc-run/pkg/perl-ipc-run/usr/share/perl5/vendor_perl/IPC/Run/Win32IO.pm
Installing /home/packager/aports/main/perl-ipc-run/pkg/perl-ipc-run/usr/share/man/man3/IPC::Run.3pm
Installing /home/packager/aports/main/perl-ipc-run/pkg/perl-ipc-run/usr/share/man/man3/IPC::Run::Win32Pump.3pm
Installing /home/packager/aports/main/perl-ipc-run/pkg/perl-ipc-run/usr/share/man/man3/IPC::Run::Win32Helper.3pm
Installing /home/packager/aports/main/perl-ipc-run/pkg/perl-ipc-run/usr/share/man/man3/IPC::Run::Win32IO.3pm
Installing /home/packager/aports/main/perl-ipc-run/pkg/perl-ipc-run/usr/share/man/man3/IPC::Run::Timer.3pm
Installing /home/packager/aports/main/perl-ipc-run/pkg/perl-ipc-run/usr/share/man/man3/IPC::Run::Win32Process.3pm
Installing /home/packager/aports/main/perl-ipc-run/pkg/perl-ipc-run/usr/share/man/man3/IPC::Run::Debug.3pm
Installing /home/packager/aports/main/perl-ipc-run/pkg/perl-ipc-run/usr/share/man/man3/IPC::Run::IO.3pm
>>> perl-ipc-run-doc*: Running split function doc...
'usr/share/man' -> '/home/packager/aports/main/perl-ipc-run/pkg/perl-ipc-run-doc/usr/share/man'
>>> perl-ipc-run-doc*: Preparing subpackage perl-ipc-run-doc...
>>> perl-ipc-run-doc*: Running postcheck for perl-ipc-run-doc
>>> perl-ipc-run*: Running postcheck for perl-ipc-run
>>> perl-ipc-run*: Preparing package perl-ipc-run...
>>> perl-ipc-run-doc*: Tracing dependencies...
>>> perl-ipc-run-doc*: Package size: 41.2 KB
>>> perl-ipc-run-doc*: Compressing data...
>>> perl-ipc-run-doc*: Create checksum...
pigz: not found
>>> perl-ipc-run-doc*: Create perl-ipc-run-doc-20231003.0-r0.apk
>>> perl-ipc-run*: Tracing dependencies...
	perl
	perl-io-tty
>>> perl-ipc-run*: Package size: 231.3 KB
>>> perl-ipc-run*: Compressing data...
>>> perl-ipc-run*: Create checksum...
pigz: not found
>>> perl-ipc-run*: Create perl-ipc-run-20231003.0-r0.apk
>>> perl-ipc-run: Build complete at Sun, 18 May 2025 07:49:02 +0000 elapsed time 0h 0m 21s
>>> perl-ipc-run: Cleaning up srcdir
>>> perl-ipc-run: Cleaning up pkgdir
>>> perl-ipc-run: Uninstalling dependencies...
(1/7) Purging .makedepends-perl-ipc-run (20250518.074843)
(2/7) Purging perl-io-tty (1.20-r1)
(3/7) Purging git-perl (2.47.2-r0)
(4/7) Purging perl-git (2.47.2-r0)
(5/7) Purging perl-error (0.17029-r2)
(6/7) Purging perl (5.40.2-r0)
(7/7) Purging libbz2 (1.0.8-r6)
Executing busybox-1.37.0-r12.trigger
OK: 261 MiB in 81 packages
>>> perl-ipc-run: Updating the main/x86_64 repository index...
>>> perl-ipc-run: Signing the index...
pigz: not found
