pigz: not found
>>> perl-b-hooks-endofscope: Building main/perl-b-hooks-endofscope 0.28-r0 (using abuild 3.14.1-r4) started Sun, 18 May 2025 07:51:45 +0000
>>> perl-b-hooks-endofscope: Validating /home/packager/aports/main/perl-b-hooks-endofscope/APKBUILD...
>>> perl-b-hooks-endofscope: Analyzing dependencies...
>>> perl-b-hooks-endofscope: Installing for build: build-base perl perl-sub-exporter-progressive perl-module-implementation
(1/10) Installing libbz2 (1.0.8-r6)
(2/10) Installing perl (5.40.2-r0)
(3/10) Installing perl-sub-exporter-progressive (0.001013-r4)
(4/10) Installing perl-module-runtime (0.016-r6)
(5/10) Installing perl-try-tiny (0.32-r0)
(6/10) Installing perl-module-implementation (0.09-r5)
(7/10) Installing .makedepends-perl-b-hooks-endofscope (20250518.075147)
(8/10) Installing perl-error (0.17029-r2)
(9/10) Installing perl-git (2.47.2-r0)
(10/10) Installing git-perl (2.47.2-r0)
Executing busybox-1.37.0-r12.trigger
OK: 297 MiB in 91 packages
>>> perl-b-hooks-endofscope: Cleaning up srcdir
>>> perl-b-hooks-endofscope: Cleaning up pkgdir
>>> perl-b-hooks-endofscope: Cleaning up tmpdir
>>> perl-b-hooks-endofscope: Fetching https://cpan.metacpan.org/authors/id/E/ET/ETHER/B-Hooks-EndOfScope-0.28.tar.gz
Connecting to cpan.metacpan.org (146.75.122.217:443)
saving to '/var/cache/distfiles/B-Hooks-EndOfScope-0.28.tar.gz.part'
B-Hooks-EndOfScope-0 100% |********************************| 40151  0:00:00 ETA
'/var/cache/distfiles/B-Hooks-EndOfScope-0.28.tar.gz.part' saved
>>> perl-b-hooks-endofscope: Fetching https://cpan.metacpan.org/authors/id/E/ET/ETHER/B-Hooks-EndOfScope-0.28.tar.gz
>>> perl-b-hooks-endofscope: Checking sha512sums...
B-Hooks-EndOfScope-0.28.tar.gz: OK
>>> perl-b-hooks-endofscope: Unpacking /var/cache/distfiles/B-Hooks-EndOfScope-0.28.tar.gz...
HASCOMPILERw3Gc/TESTKYV4.c:2:10: fatal error: EXTERN.h: No such file or directory
    2 | #include "EXTERN.h"
      |          ^~~~~~~~~~
compilation terminated.
Couldn't execute gcc -D_REENTRANT -D_GNU_SOURCE -D_GNU_SOURCE -fwrapv -fno-strict-aliasing -pipe -fstack-protector-strong -D_LARGEFILE_SOURCE -D_FILE_OFFSET_BITS=64 -Os -fstack-clash-protection -Wformat -Werror=format-security -fno-plt -O2 "-I/usr/lib/perl5/core_perl/CORE" -fPIC -c HASCOMPILERw3Gc/TESTKYV4.c -o HASCOMPILERw3Gc/TESTKYV4.o: Not a tty at Makefile.PL line 101.
Checking if your kit is complete...
Looks good
Generating a Unix-style Makefile
Writing Makefile for B::Hooks::EndOfScope
Writing MYMETA.yml and MYMETA.json
cp lib/B/Hooks/EndOfScope.pm blib/lib/B/Hooks/EndOfScope.pm
cp lib/B/Hooks/EndOfScope/PP.pm blib/lib/B/Hooks/EndOfScope/PP.pm
cp lib/B/Hooks/EndOfScope/PP/HintHash.pm blib/lib/B/Hooks/EndOfScope/PP/HintHash.pm
cp lib/B/Hooks/EndOfScope/PP/FieldHash.pm blib/lib/B/Hooks/EndOfScope/PP/FieldHash.pm
cp lib/B/Hooks/EndOfScope/XS.pm blib/lib/B/Hooks/EndOfScope/XS.pm
Manifying 3 pod documents
PERL_DL_NONLAZY=1 "/usr/bin/perl" "-MExtUtils::Command::MM" "-MTest::Harness" "-e" "undef *Test::Harness::Switches; test_harness(0, 'blib/lib', 'blib/arch')" t/*.t
t/00-basic.t .................... ok
# 
# Versions for all modules listed in MYMETA.json (including optional ones):
# 
# === Configure Requires ===
# 
#     Module              Want Have
#     ------------------- ---- ----
#     ExtUtils::MakeMaker  any 7.70
#     Text::ParseWords     any 3.31
# 
# === Build Requires ===
# 
#     Module              Want Have
#     ------------------- ---- ----
#     ExtUtils::MakeMaker  any 7.70
# 
# === Test Requires ===
# 
#     Module              Want     Have
#     ------------------- ---- --------
#     ExtUtils::MakeMaker  any     7.70
#     File::Glob           any     1.42
#     File::Spec           any     3.91
#     IPC::Open2           any     1.06
#     Test::More          0.88 1.302199
#     lib                  any     0.65
# 
# === Test Recommends ===
# 
#     Module         Want     Have
#     ---------- -------- --------
#     CPAN::Meta 2.120900 2.150010
# 
# === Test Suggests ===
# 
#     Module        Want    Have
#     ----------- ------ -------
#     Devel::Hide 0.0007 missing
# 
# === Runtime Requires ===
# 
#     Module                         Want     Have
#     -------------------------- -------- --------
#     Hash::Util::FieldHash           any     1.27
#     Module::Implementation         0.05     0.09
#     Scalar::Util                    any     1.63
#     Sub::Exporter::Progressive 0.001006 0.001013
#     Tie::Hash                       any     1.06
#     perl                       5.006001 5.040002
#     strict                          any     1.13
#     warnings                        any     1.70
# 
# === Runtime Suggests ===
# 
#     Module          Want    Have
#     --------------- ---- -------
#     Variable::Magic 0.48 missing
# 
# === Other Modules ===
# 
#     Module             Have
#     --------------- -------
#     DynaLoader         1.56
#     Encode             3.21
#     File::Temp       0.2311
#     JSON::PP           4.16
#     Module::Runtime   0.016
#     Sub::Name       missing
#     Try::Tiny          0.32
#     YAML            missing
#     autodie            2.37
# 
t/00-report-prereqs.t ........... ok
t/01-eval.t ..................... ok
t/02-localise.t ................. ok
t/05-exception_xs.t ............. skipped: Skiping XS test in PP mode
t/06-exception_pp.t ............. ok
t/07-nested.t ................... ok
t/10-test_without_vm_pure_pp.t .. skipped: Tests already executed in pure-perl mode
t/11-direct_xs.t ................ skipped: XS functionality not available
t/12-direct_pp.t ................ ok
All tests successful.
Files=10, Tests=23,  1 wallclock secs ( 0.04 usr  0.02 sys +  0.82 cusr  0.15 csys =  1.03 CPU)
Result: PASS
>>> perl-b-hooks-endofscope: Entering fakeroot...
Manifying 3 pod documents
Installing /home/packager/aports/main/perl-b-hooks-endofscope/pkg/perl-b-hooks-endofscope/usr/share/perl5/vendor_perl/B/Hooks/EndOfScope.pm
Installing /home/packager/aports/main/perl-b-hooks-endofscope/pkg/perl-b-hooks-endofscope/usr/share/perl5/vendor_perl/B/Hooks/EndOfScope/PP.pm
Installing /home/packager/aports/main/perl-b-hooks-endofscope/pkg/perl-b-hooks-endofscope/usr/share/perl5/vendor_perl/B/Hooks/EndOfScope/XS.pm
Installing /home/packager/aports/main/perl-b-hooks-endofscope/pkg/perl-b-hooks-endofscope/usr/share/perl5/vendor_perl/B/Hooks/EndOfScope/PP/HintHash.pm
Installing /home/packager/aports/main/perl-b-hooks-endofscope/pkg/perl-b-hooks-endofscope/usr/share/perl5/vendor_perl/B/Hooks/EndOfScope/PP/FieldHash.pm
Installing /home/packager/aports/main/perl-b-hooks-endofscope/pkg/perl-b-hooks-endofscope/usr/share/man/man3/B::Hooks::EndOfScope.3pm
Installing /home/packager/aports/main/perl-b-hooks-endofscope/pkg/perl-b-hooks-endofscope/usr/share/man/man3/B::Hooks::EndOfScope::PP.3pm
Installing /home/packager/aports/main/perl-b-hooks-endofscope/pkg/perl-b-hooks-endofscope/usr/share/man/man3/B::Hooks::EndOfScope::XS.3pm
>>> perl-b-hooks-endofscope-doc*: Running split function doc...
'usr/share/man' -> '/home/packager/aports/main/perl-b-hooks-endofscope/pkg/perl-b-hooks-endofscope-doc/usr/share/man'
>>> perl-b-hooks-endofscope-doc*: Preparing subpackage perl-b-hooks-endofscope-doc...
>>> perl-b-hooks-endofscope-doc*: Running postcheck for perl-b-hooks-endofscope-doc
>>> perl-b-hooks-endofscope*: Running postcheck for perl-b-hooks-endofscope
>>> perl-b-hooks-endofscope*: Preparing package perl-b-hooks-endofscope...
>>> perl-b-hooks-endofscope-doc*: Tracing dependencies...
>>> perl-b-hooks-endofscope-doc*: Package size: 5.5 KB
>>> perl-b-hooks-endofscope-doc*: Compressing data...
>>> perl-b-hooks-endofscope-doc*: Create checksum...
pigz: not found
>>> perl-b-hooks-endofscope-doc*: Create perl-b-hooks-endofscope-doc-0.28-r0.apk
>>> perl-b-hooks-endofscope*: Tracing dependencies...
	perl
	perl-sub-exporter-progressive
	perl-module-implementation
>>> perl-b-hooks-endofscope*: Package size: 13.4 KB
>>> perl-b-hooks-endofscope*: Compressing data...
>>> perl-b-hooks-endofscope*: Create checksum...
pigz: not found
>>> perl-b-hooks-endofscope*: Create perl-b-hooks-endofscope-0.28-r0.apk
>>> perl-b-hooks-endofscope: Build complete at Sun, 18 May 2025 07:51:51 +0000 elapsed time 0h 0m 6s
>>> perl-b-hooks-endofscope: Cleaning up srcdir
>>> perl-b-hooks-endofscope: Cleaning up pkgdir
>>> perl-b-hooks-endofscope: Uninstalling dependencies...
(1/10) Purging .makedepends-perl-b-hooks-endofscope (20250518.075147)
(2/10) Purging perl-sub-exporter-progressive (0.001013-r4)
(3/10) Purging perl-module-implementation (0.09-r5)
(4/10) Purging perl-module-runtime (0.016-r6)
(5/10) Purging perl-try-tiny (0.32-r0)
(6/10) Purging git-perl (2.47.2-r0)
(7/10) Purging perl-git (2.47.2-r0)
(8/10) Purging perl-error (0.17029-r2)
(9/10) Purging perl (5.40.2-r0)
(10/10) Purging libbz2 (1.0.8-r6)
Executing busybox-1.37.0-r12.trigger
OK: 261 MiB in 81 packages
>>> perl-b-hooks-endofscope: Updating the main/x86_64 repository index...
>>> perl-b-hooks-endofscope: Signing the index...
pigz: not found
