pigz: not found
>>> perl-want: Building main/perl-want 0.29-r11 (using abuild 3.14.1-r4) started Sun, 18 May 2025 09:14:24 +0000
>>> perl-want: Validating /home/packager/aports/main/perl-want/APKBUILD...
>>> perl-want: Analyzing dependencies...
>>> perl-want: Installing for build: build-base perl perl-dev
(1/8) Installing libbz2 (1.0.8-r6)
(2/8) Installing perl (5.40.2-r0)
(3/8) Installing perl-utils (5.40.2-r0)
(4/8) Installing perl-dev (5.40.2-r0)
(5/8) Installing .makedepends-perl-want (20250518.091425)
(6/8) Installing perl-error (0.17030-r0)
(7/8) Installing perl-git (2.47.2-r0)
(8/8) Installing git-perl (2.47.2-r0)
Executing busybox-1.37.0-r12.trigger
OK: 307 MiB in 89 packages
>>> perl-want: Cleaning up srcdir
>>> perl-want: Cleaning up pkgdir
>>> perl-want: Cleaning up tmpdir
>>> perl-want: Fetching https://cpan.metacpan.org/authors/id/R/RO/ROBIN/Want-0.29.tar.gz
Connecting to cpan.metacpan.org (146.75.122.217:443)
saving to '/var/cache/distfiles/Want-0.29.tar.gz.part'
Want-0.29.tar.gz.par 100% |********************************| 20928  0:00:00 ETA
'/var/cache/distfiles/Want-0.29.tar.gz.part' saved
>>> perl-want: Fetching https://cpan.metacpan.org/authors/id/R/RO/ROBIN/Want-0.29.tar.gz
>>> perl-want: Checking sha512sums...
Want-0.29.tar.gz: OK
>>> perl-want: Unpacking /var/cache/distfiles/Want-0.29.tar.gz...
Checking if your kit is complete...
Looks good
Generating a Unix-style Makefile
Writing Makefile for Want
Writing MYMETA.yml and MYMETA.json
"/usr/bin/perl" "/usr/share/perl5/core_perl/ExtUtils/xsubpp"  -typemap '/usr/share/perl5/core_perl/ExtUtils/typemap'  Want.xs > Want.xsc
Running Mkbootstrap for Want ()
chmod 644 "Want.bs"
"/usr/bin/perl" -MExtUtils::Command::MM -e 'cp_nonempty' -- Want.bs blib/arch/auto/Want/Want.bs 644
cp Want.pm blib/lib/Want.pm
mv Want.xsc Want.c
cc -c   -D_REENTRANT -D_GNU_SOURCE -D_GNU_SOURCE -fwrapv -fno-strict-aliasing -pipe -fstack-protector-strong -D_LARGEFILE_SOURCE -D_FILE_OFFSET_BITS=64 -Os -fstack-clash-protection -Wformat -Werror=format-security -fno-plt -O2   -DVERSION=\"0.29\" -DXS_VERSION=\"0.29\" -fPIC "-I/usr/lib/perl5/core_perl/CORE"   Want.c
Want.xs: In function 'XS_Want_parent_op_name':
Want.xs:549:5: warning: 'Perl_dowantarray' is deprecated [-Wdeprecated-declarations]
  549 |     if (GIMME == G_ARRAY) {
      |     ^~
In file included from /usr/lib/perl5/core_perl/CORE/perl.h:6186,
                 from Want.xs:2:
/usr/lib/perl5/core_perl/CORE/proto.h:1031:1: note: declared here
 1031 | Perl_dowantarray(pTHX)
      | ^~~~~~~~~~~~~~~~
rm -f blib/arch/auto/Want/Want.so
cc  -shared -Os -fstack-clash-protection -Wformat -Werror=format-security -fno-plt -O2 -L/usr/local/lib -fstack-protector-strong  Want.o  -o blib/arch/auto/Want/Want.so  \
      \
  
chmod 755 blib/arch/auto/Want/Want.so
Manifying 1 pod document
"/usr/bin/perl" -MExtUtils::Command::MM -e 'cp_nonempty' -- Want.bs blib/arch/auto/Want/Want.bs 644
PERL_DL_NONLAZY=1 "/usr/bin/perl" "-MExtUtils::Command::MM" "-MTest::Harness" "-e" "undef *Test::Harness::Switches; test_harness(0, 'blib/lib', 'blib/arch')" t/*.t
t/all.t ....... ok
t/assign.t .... ok
t/boolean.t ... ok
t/damian.t .... ok
t/err.t ....... ok
t/methcall.t .. ok
t/object.t .... ok
t/threads.t ... ok
All tests successful.
Files=8, Tests=148,  1 wallclock secs ( 0.05 usr  0.00 sys +  0.18 cusr  0.06 csys =  0.29 CPU)
Result: PASS
>>> perl-want: Entering fakeroot...
"/usr/bin/perl" -MExtUtils::Command::MM -e 'cp_nonempty' -- Want.bs blib/arch/auto/Want/Want.bs 644
Manifying 1 pod document
Appending installation info to /home/packager/aports/main/perl-want/pkg/perl-want/usr/lib/perl5/core_perl/perllocal.pod
Files found in blib/arch: installing files in blib/lib into architecture dependent library tree
Installing /home/packager/aports/main/perl-want/pkg/perl-want/usr/lib/perl5/vendor_perl/auto/Want/Want.so
Installing /home/packager/aports/main/perl-want/pkg/perl-want/usr/lib/perl5/vendor_perl/Want.pm
Installing /home/packager/aports/main/perl-want/pkg/perl-want/usr/share/man/man3/Want.3pm
>>> perl-want-doc*: Running split function doc...
'usr/share/man' -> '/home/packager/aports/main/perl-want/pkg/perl-want-doc/usr/share/man'
>>> perl-want-doc*: Preparing subpackage perl-want-doc...
>>> perl-want-doc*: Running postcheck for perl-want-doc
>>> perl-want*: Running postcheck for perl-want
>>> perl-want*: Preparing package perl-want...
>>> perl-want*: Stripping binaries
>>> perl-want-doc*: Scanning shared objects
>>> perl-want*: Scanning shared objects
>>> perl-want-doc*: Tracing dependencies...
>>> perl-want-doc*: Package size: 6.4 KB
>>> perl-want-doc*: Compressing data...
>>> perl-want-doc*: Create checksum...
pigz: not found
>>> perl-want-doc*: Create perl-want-doc-0.29-r11.apk
>>> perl-want*: Tracing dependencies...
	perl
	so:libc.musl-x86_64.so.1
>>> perl-want*: Package size: 43.5 KB
>>> perl-want*: Compressing data...
>>> perl-want*: Create checksum...
pigz: not found
>>> perl-want*: Create perl-want-0.29-r11.apk
>>> perl-want: Build complete at Sun, 18 May 2025 09:14:28 +0000 elapsed time 0h 0m 4s
>>> perl-want: Cleaning up srcdir
>>> perl-want: Cleaning up pkgdir
>>> perl-want: Uninstalling dependencies...
(1/8) Purging .makedepends-perl-want (20250518.091425)
(2/8) Purging perl-dev (5.40.2-r0)
(3/8) Purging perl-utils (5.40.2-r0)
(4/8) Purging git-perl (2.47.2-r0)
(5/8) Purging perl-git (2.47.2-r0)
(6/8) Purging perl-error (0.17030-r0)
(7/8) Purging perl (5.40.2-r0)
(8/8) Purging libbz2 (1.0.8-r6)
Executing busybox-1.37.0-r12.trigger
OK: 261 MiB in 81 packages
>>> perl-want: Updating the main/x86_64 repository index...
>>> perl-want: Signing the index...
pigz: not found
