pigz: not found
>>> perl-dbi: Building main/perl-dbi 1.647-r0 (using abuild 3.14.1-r4) started Sun, 18 May 2025 07:39:16 +0000
>>> perl-dbi: Validating /home/packager/aports/main/perl-dbi/APKBUILD...
>>> perl-dbi: Analyzing dependencies...
>>> perl-dbi: Installing for build: build-base perl perl-dev
(1/8) Installing libbz2 (1.0.8-r6)
(2/8) Installing perl (5.40.2-r0)
(3/8) Installing perl-utils (5.40.2-r0)
(4/8) Installing perl-dev (5.40.2-r0)
(5/8) Installing .makedepends-perl-dbi (20250518.073917)
(6/8) Installing perl-error (0.17029-r2)
(7/8) Installing perl-git (2.47.2-r0)
(8/8) Installing git-perl (2.47.2-r0)
Executing busybox-1.37.0-r12.trigger
OK: 306 MiB in 89 packages
>>> perl-dbi: Cleaning up srcdir
>>> perl-dbi: Cleaning up pkgdir
>>> perl-dbi: Cleaning up tmpdir
>>> perl-dbi: Fetching https://cpan.metacpan.org/authors/id/H/HM/HMBRAND/DBI-1.647.tgz
Connecting to cpan.metacpan.org (146.75.122.217:443)
saving to '/var/cache/distfiles/DBI-1.647.tgz.part'
DBI-1.647.tgz.part   100% |********************************|  710k  0:00:00 ETA
'/var/cache/distfiles/DBI-1.647.tgz.part' saved
>>> perl-dbi: Fetching https://cpan.metacpan.org/authors/id/H/HM/HMBRAND/DBI-1.647.tgz
>>> perl-dbi: Checking sha512sums...
DBI-1.647.tgz: OK
>>> perl-dbi: Unpacking /var/cache/distfiles/DBI-1.647.tgz...
Your perl was compiled with gcc (version 14.2.0), okay.
Creating test wrappers for DBD::Gofer:
t/zvg_01basics.t 
t/zvg_02dbidrv.t 
t/zvg_03handle.t 
t/zvg_04mods.t 
t/zvg_05concathash.t 
t/zvg_06attrs.t 
t/zvg_07kids.t 
t/zvg_08keeperr.t 
t/zvg_09trace.t 
t/zvg_10examp.t 
t/zvg_11fetch.t 
t/zvg_12quote.t 
t/zvg_13taint.t 
t/zvg_14utf8.t 
t/zvg_15array.t 
t/zvg_16destroy.t 
t/zvg_17handle_error.t 
t/zvg_19fhtrace.t 
t/zvg_20meta.t 
t/zvg_30subclass.t 
t/zvg_31methcache.t 
t/zvg_35thrclone.t (use threads)
t/zvg_40profile.t 
t/zvg_41prof_dump.t 
t/zvg_42prof_data.t 
t/zvg_43prof_env.t 
t/zvg_48dbi_dbd_sqlengine.t 
t/zvg_49dbd_file.t 
t/zvg_50dbm_simple.t 
t/zvg_51dbm_file.t 
t/zvg_52dbm_complex.t 
t/zvg_53sqlengine_adv.t 
t/zvg_54_dbd_mem.t 
t/zvg_60preparse.t 
t/zvg_65transact.t 
t/zvg_70callbacks.t 
t/zvg_72childhandles.t 
t/zvg_73cachedkids.t 
t/zvg_80proxy.t 
t/zvg_85gofer.t 
t/zvg_86gofer_fail.t 
t/zvg_87gofer_cache.t 
t/zvg_90sql_type_cast.t 
t/zvg_91_store_warning.t 
Creating test wrappers for DBI::SQL::Nano:
t/zvn_48dbi_dbd_sqlengine.t 
t/zvn_49dbd_file.t 
t/zvn_50dbm_simple.t 
t/zvn_51dbm_file.t 
t/zvn_52dbm_complex.t 
t/zvn_85gofer.t 
Creating test wrappers for DBI::PurePerl:
t/zvp_01basics.t 
t/zvp_02dbidrv.t 
t/zvp_03handle.t 
t/zvp_04mods.t 
t/zvp_05concathash.t 
t/zvp_06attrs.t 
t/zvp_07kids.t 
t/zvp_08keeperr.t 
t/zvp_09trace.t 
t/zvp_10examp.t 
t/zvp_11fetch.t 
t/zvp_12quote.t 
t/zvp_13taint.t 
t/zvp_14utf8.t 
t/zvp_15array.t 
t/zvp_16destroy.t 
t/zvp_17handle_error.t 
t/zvp_19fhtrace.t 
t/zvp_20meta.t 
t/zvp_30subclass.t 
t/zvp_31methcache.t 
t/zvp_35thrclone.t (use threads)
t/zvp_40profile.t 
t/zvp_41prof_dump.t 
t/zvp_42prof_data.t 
t/zvp_43prof_env.t 
t/zvp_48dbi_dbd_sqlengine.t 
t/zvp_49dbd_file.t 
t/zvp_50dbm_simple.t 
t/zvp_51dbm_file.t 
t/zvp_52dbm_complex.t 
t/zvp_53sqlengine_adv.t 
t/zvp_54_dbd_mem.t 
t/zvp_60preparse.t 
t/zvp_65transact.t 
t/zvp_70callbacks.t 
t/zvp_72childhandles.t 
t/zvp_73cachedkids.t 
t/zvp_80proxy.t 
t/zvp_85gofer.t 
t/zvp_86gofer_fail.t 
t/zvp_87gofer_cache.t 
t/zvp_90sql_type_cast.t 
t/zvp_91_store_warning.t 
Creating test wrappers for DBD::Gofer + DBI::SQL::Nano:
t/zvxgn_48dbi_dbd_sqlengine.t 
t/zvxgn_49dbd_file.t 
t/zvxgn_50dbm_simple.t 
t/zvxgn_51dbm_file.t 
t/zvxgn_52dbm_complex.t 
t/zvxgn_85gofer.t 
Creating test wrappers for DBD::Gofer + DBI::PurePerl:
t/zvxgp_01basics.t 
t/zvxgp_02dbidrv.t 
t/zvxgp_03handle.t 
t/zvxgp_04mods.t 
t/zvxgp_05concathash.t 
t/zvxgp_06attrs.t 
t/zvxgp_07kids.t 
t/zvxgp_08keeperr.t 
t/zvxgp_09trace.t 
t/zvxgp_10examp.t 
t/zvxgp_11fetch.t 
t/zvxgp_12quote.t 
t/zvxgp_13taint.t 
t/zvxgp_14utf8.t 
t/zvxgp_15array.t 
t/zvxgp_16destroy.t 
t/zvxgp_17handle_error.t 
t/zvxgp_19fhtrace.t 
t/zvxgp_20meta.t 
t/zvxgp_30subclass.t 
t/zvxgp_31methcache.t 
t/zvxgp_35thrclone.t (use threads)
t/zvxgp_40profile.t 
t/zvxgp_41prof_dump.t 
t/zvxgp_42prof_data.t 
t/zvxgp_43prof_env.t 
t/zvxgp_48dbi_dbd_sqlengine.t 
t/zvxgp_49dbd_file.t 
t/zvxgp_50dbm_simple.t 
t/zvxgp_51dbm_file.t 
t/zvxgp_52dbm_complex.t 
t/zvxgp_53sqlengine_adv.t 
t/zvxgp_54_dbd_mem.t 
t/zvxgp_60preparse.t 
t/zvxgp_65transact.t 
t/zvxgp_70callbacks.t 
t/zvxgp_72childhandles.t 
t/zvxgp_73cachedkids.t 
t/zvxgp_80proxy.t 
t/zvxgp_85gofer.t 
t/zvxgp_86gofer_fail.t 
t/zvxgp_87gofer_cache.t 
t/zvxgp_90sql_type_cast.t 
t/zvxgp_91_store_warning.t 
Creating test wrappers for DBI::SQL::Nano + DBI::PurePerl:
t/zvxnp_48dbi_dbd_sqlengine.t 
t/zvxnp_49dbd_file.t 
t/zvxnp_50dbm_simple.t 
t/zvxnp_51dbm_file.t 
t/zvxnp_52dbm_complex.t 
t/zvxnp_85gofer.t 
Creating test wrappers for DBD::Gofer + DBI::SQL::Nano + DBI::PurePerl:
t/zvxgnp_48dbi_dbd_sqlengine.t 
t/zvxgnp_49dbd_file.t 
t/zvxgnp_50dbm_simple.t 
t/zvxgnp_51dbm_file.t 
t/zvxgnp_52dbm_complex.t 
t/zvxgnp_85gofer.t 
Checking if your kit is complete...
Looks good

    I see you're using perl 5.040002 on x86_64-linux-thread-multi, okay.
    Remember to actually *read* the README file!
    Use  'make' to build the software (dmake or nmake on Windows).
    Then 'make test' to execute self tests.
    Then 'make install' to install the DBI and then delete this working
    directory before unpacking and building any DBD::* drivers.

Generating a Unix-style Makefile
Writing Makefile for DBI
Writing MYMETA.yml and MYMETA.json
"/usr/bin/perl" -p -e "s/~DRIVER~/Perl/g" ./Driver.xst > Perl.xsi
Running Mkbootstrap for DBI ()
chmod 644 "DBI.bs"
"/usr/bin/perl" -MExtUtils::Command::MM -e 'cp_nonempty' -- DBI.bs blib/arch/auto/DBI/DBI.bs 644
"/usr/bin/perl" "/usr/share/perl5/core_perl/ExtUtils/xsubpp"  -typemap '/usr/share/perl5/core_perl/ExtUtils/typemap' -typemap '/home/packager/aports/main/perl-dbi/src/DBI-1.647/typemap'  Perl.xs > Perl.xsc
cp lib/DBI/Changes.pm blib/lib/DBI/Changes.pm
cp dbipport.h blib/arch/auto/DBI/dbipport.h
cp lib/DBI/Const/GetInfoReturn.pm blib/lib/DBI/Const/GetInfoReturn.pm
cp lib/DBD/Mem.pm blib/lib/DBD/Mem.pm
cp lib/DBI/Gofer/Request.pm blib/lib/DBI/Gofer/Request.pm
cp lib/DBI/Gofer/Transport/Base.pm blib/lib/DBI/Gofer/Transport/Base.pm
cp lib/DBI/Gofer/Serializer/Storable.pm blib/lib/DBI/Gofer/Serializer/Storable.pm
cp lib/DBI/DBD/SqlEngine/HowTo.pod blib/lib/DBI/DBD/SqlEngine/HowTo.pod
cp lib/DBI/ProfileSubs.pm blib/lib/DBI/ProfileSubs.pm
cp lib/DBD/DBM.pm blib/lib/DBD/DBM.pm
cp lib/DBD/Gofer/Transport/pipeone.pm blib/lib/DBD/Gofer/Transport/pipeone.pm
cp lib/DBI/Util/CacheMemory.pm blib/lib/DBI/Util/CacheMemory.pm
cp dbd_xsh.h blib/arch/auto/DBI/dbd_xsh.h
cp lib/DBD/ExampleP.pm blib/lib/DBD/ExampleP.pm
cp lib/DBI/Const/GetInfo/ANSI.pm blib/lib/DBI/Const/GetInfo/ANSI.pm
cp lib/DBI/Const/GetInfo/ODBC.pm blib/lib/DBI/Const/GetInfo/ODBC.pm
cp lib/DBD/Gofer.pm blib/lib/DBD/Gofer.pm
cp lib/DBI/Gofer/Serializer/Base.pm blib/lib/DBI/Gofer/Serializer/Base.pm
cp lib/Bundle/DBI.pm blib/lib/Bundle/DBI.pm
cp lib/DBI/DBD/SqlEngine/Developers.pod blib/lib/DBI/DBD/SqlEngine/Developers.pod
cp lib/DBD/Gofer/Transport/corostream.pm blib/lib/DBD/Gofer/Transport/corostream.pm
cp lib/DBI/PurePerl.pm blib/lib/DBI/PurePerl.pm
cp lib/DBI/Util/_accessor.pm blib/lib/DBI/Util/_accessor.pm
cp lib/DBI/DBD.pm blib/lib/DBI/DBD.pm
cp Driver.xst blib/arch/auto/DBI/Driver.xst
cp lib/DBD/Proxy.pm blib/lib/DBD/Proxy.pm
cp lib/DBI/Gofer/Transport/pipeone.pm blib/lib/DBI/Gofer/Transport/pipeone.pm
cp lib/DBD/Gofer/Transport/Base.pm blib/lib/DBD/Gofer/Transport/Base.pm
cp dbixs_rev.pl blib/lib/dbixs_rev.pl
cp DBI.pm blib/lib/DBI.pm
cp lib/DBI/Gofer/Response.pm blib/lib/DBI/Gofer/Response.pm
cp lib/DBD/Gofer/Policy/Base.pm blib/lib/DBD/Gofer/Policy/Base.pm
cp lib/DBD/Gofer/Policy/rush.pm blib/lib/DBD/Gofer/Policy/rush.pm
cp lib/DBD/NullP.pm blib/lib/DBD/NullP.pm
cp lib/DBI/ProxyServer.pm blib/lib/DBI/ProxyServer.pm
cp lib/DBD/Gofer/Transport/stream.pm blib/lib/DBD/Gofer/Transport/stream.pm
cp lib/DBI/ProfileDumper/Apache.pm blib/lib/DBI/ProfileDumper/Apache.pm
cp lib/Win32/DBIODBC.pm blib/lib/Win32/DBIODBC.pm
cp dbivport.h blib/arch/auto/DBI/dbivport.h
cp lib/DBI/SQL/Nano.pm blib/lib/DBI/SQL/Nano.pm
cp lib/DBI/W32ODBC.pm blib/lib/DBI/W32ODBC.pm
cp DBIXS.h blib/arch/auto/DBI/DBIXS.h
cp lib/DBD/Sponge.pm blib/lib/DBD/Sponge.pm
cp dbi_sql.h blib/arch/auto/DBI/dbi_sql.h
cp lib/DBI/ProfileData.pm blib/lib/DBI/ProfileData.pm
cp Driver_xst.h blib/arch/auto/DBI/Driver_xst.h
cp lib/DBI/Gofer/Execute.pm blib/lib/DBI/Gofer/Execute.pm
cp lib/DBD/File.pm blib/lib/DBD/File.pm
cp lib/DBD/Gofer/Transport/null.pm blib/lib/DBD/Gofer/Transport/null.pm
cp lib/DBI/Gofer/Serializer/DataDumper.pm blib/lib/DBI/Gofer/Serializer/DataDumper.pm
cp lib/DBD/File/Roadmap.pod blib/lib/DBD/File/Roadmap.pod
cp lib/DBI/Const/GetInfoType.pm blib/lib/DBI/Const/GetInfoType.pm
cp lib/DBI/Profile.pm blib/lib/DBI/Profile.pm
cp lib/DBI/ProfileDumper.pm blib/lib/DBI/ProfileDumper.pm
cp lib/DBI/Gofer/Transport/stream.pm blib/lib/DBI/Gofer/Transport/stream.pm
cp lib/DBI/DBD/Metadata.pm blib/lib/DBI/DBD/Metadata.pm
cp lib/DBD/File/Developers.pod blib/lib/DBD/File/Developers.pod
cp lib/DBD/Gofer/Policy/pedantic.pm blib/lib/DBD/Gofer/Policy/pedantic.pm
cp dbixs_rev.h blib/arch/auto/DBI/dbixs_rev.h
cp lib/DBD/Gofer/Policy/classic.pm blib/lib/DBD/Gofer/Policy/classic.pm
cp lib/DBD/File/HowTo.pod blib/lib/DBD/File/HowTo.pod
cp lib/DBI/DBD/SqlEngine.pm blib/lib/DBI/DBD/SqlEngine.pm
"/usr/bin/perl" "-Iblib/arch" "-Iblib/lib" dbilogstrip.PL dbilogstrip 
"/usr/bin/perl" "-Iblib/arch" "-Iblib/lib" dbiprof.PL dbiprof 
"/usr/bin/perl" "-Iblib/arch" "-Iblib/lib" dbiproxy.PL dbiproxy 
Extracted dbiproxy from dbiproxy.PL with variable substitutions.
Extracted dbilogstrip from dbilogstrip.PL with variable substitutions.
Extracted dbiprof from dbiprof.PL with variable substitutions.
mv Perl.xsc Perl.c
cc -c   -D_REENTRANT -D_GNU_SOURCE -D_GNU_SOURCE -fwrapv -fno-strict-aliasing -pipe -fstack-protector-strong -D_LARGEFILE_SOURCE -D_FILE_OFFSET_BITS=64 -Os -fstack-clash-protection -Wformat -Werror=format-security -fno-plt -O2   -DVERSION=\"1.647\" -DXS_VERSION=\"1.647\" -fPIC "-I/usr/lib/perl5/core_perl/CORE"  -W -Wall -Wpointer-arith -Wbad-function-cast -Wno-comment -Wno-sign-compare -Wno-cast-qual Perl.c
In file included from /usr/lib/perl5/core_perl/CORE/perl.h:3329,
                 from DBIXS.h:24,
                 from Perl.xs:7:
/usr/lib/perl5/core_perl/CORE/inline.h: In function 'Perl_is_utf8_valid_partial_char_flags':
/usr/lib/perl5/core_perl/CORE/handy.h:155:23: warning: cast from function call of type 'STRLEN' {aka 'long unsigned int'} to non-matching type '_Bool' [-Wbad-function-cast]
  155 | #define cBOOL(cbool) ((bool) (cbool))
      |                       ^
/usr/lib/perl5/core_perl/CORE/inline.h:3160:12: note: in expansion of macro 'cBOOL'
 3160 |     return cBOOL(is_utf8_char_helper_(s0, e, flags));
      |            ^~~~~
/usr/lib/perl5/core_perl/CORE/sv_inline.h: In function 'Perl_sv_setpv_freshbuf':
/usr/lib/perl5/core_perl/CORE/handy.h:155:23: warning: cast from function call of type 'long int' to non-matching type '_Bool' [-Wbad-function-cast]
  155 | #define cBOOL(cbool) ((bool) (cbool))
      |                       ^
/usr/lib/perl5/core_perl/CORE/perl.h:4233:62: note: in definition of macro 'EXPECT'
 4233 | #  define EXPECT(expr,val)                  __builtin_expect(expr,val)
      |                                                              ^~~~
/usr/lib/perl5/core_perl/CORE/perl.h:4254:52: note: in expansion of macro 'cBOOL'
 4254 | #define UNLIKELY(cond)                      EXPECT(cBOOL(cond),FALSE)
      |                                                    ^~~~~
/usr/lib/perl5/core_perl/CORE/sv.h:1724:13: note: in expansion of macro 'UNLIKELY'
 1724 |         if (UNLIKELY(TAINT_get))        \
      |             ^~~~~~~~
/usr/lib/perl5/core_perl/CORE/perl.h:1028:34: note: in expansion of macro 'cBOOL'
 1028 | #   define TAINT_get            (cBOOL(UNLIKELY(PL_tainted)))    /* Is something tainted? */
      |                                  ^~~~~
/usr/lib/perl5/core_perl/CORE/sv.h:1724:22: note: in expansion of macro 'TAINT_get'
 1724 |         if (UNLIKELY(TAINT_get))        \
      |                      ^~~~~~~~~
/usr/lib/perl5/core_perl/CORE/sv_inline.h:1013:5: note: in expansion of macro 'SvTAINT'
 1013 |     SvTAINT(sv);
      |     ^~~~~~~
/usr/lib/perl5/core_perl/CORE/handy.h:155:23: warning: cast from function call of type 'long int' to non-matching type '_Bool' [-Wbad-function-cast]
  155 | #define cBOOL(cbool) ((bool) (cbool))
      |                       ^
/usr/lib/perl5/core_perl/CORE/perl.h:4233:62: note: in definition of macro 'EXPECT'
 4233 | #  define EXPECT(expr,val)                  __builtin_expect(expr,val)
      |                                                              ^~~~
/usr/lib/perl5/core_perl/CORE/perl.h:4254:52: note: in expansion of macro 'cBOOL'
 4254 | #define UNLIKELY(cond)                      EXPECT(cBOOL(cond),FALSE)
      |                                                    ^~~~~
/usr/lib/perl5/core_perl/CORE/sv.h:1718:42: note: in expansion of macro 'UNLIKELY'
 1718 | #define SvTAINTED_on(sv)  STMT_START{ if(UNLIKELY(TAINTING_get)){sv_taint(sv);}   }STMT_END
      |                                          ^~~~~~~~
/usr/lib/perl5/core_perl/CORE/perl.h:1029:34: note: in expansion of macro 'cBOOL'
 1029 | #   define TAINTING_get         (cBOOL(UNLIKELY(PL_tainting)))
      |                                  ^~~~~
/usr/lib/perl5/core_perl/CORE/sv.h:1718:51: note: in expansion of macro 'TAINTING_get'
 1718 | #define SvTAINTED_on(sv)  STMT_START{ if(UNLIKELY(TAINTING_get)){sv_taint(sv);}   }STMT_END
      |                                                   ^~~~~~~~~~~~
/usr/lib/perl5/core_perl/CORE/sv.h:1725:13: note: in expansion of macro 'SvTAINTED_on'
 1725 |             SvTAINTED_on(sv);           \
      |             ^~~~~~~~~~~~
/usr/lib/perl5/core_perl/CORE/sv_inline.h:1013:5: note: in expansion of macro 'SvTAINT'
 1013 |     SvTAINT(sv);
      |     ^~~~~~~
Perl.xs: In function 'dbi_get_state':
DBIXS.h:500:32: warning: cast between incompatible function types from 'void (*)(PerlInterpreter *, CV *)' {aka 'void (*)(struct interpreter *, struct cv *)'} to 'dbistate_t ** (*)(PerlInterpreter *)' {aka 'struct dbistate_st ** (*)(struct interpreter *)'} [-Wcast-function-type]
  500 |             dbi_state_lval_p = (_dbi_state_lval_t)CvXSUB(cv);               \
      |                                ^
DBIXS.h:508:27: note: in expansion of macro '_DBISTATE_DECLARE_COMMON'
  508 | # define DBISTATE_DECLARE _DBISTATE_DECLARE_COMMON
      |                           ^~~~~~~~~~~~~~~~~~~~~~~~
Perl.xs:13:1: note: in expansion of macro 'DBISTATE_DECLARE'
   13 | DBISTATE_DECLARE;
      | ^~~~~~~~~~~~~~~~
"/usr/bin/perl" "/usr/share/perl5/core_perl/ExtUtils/xsubpp"  -typemap '/usr/share/perl5/core_perl/ExtUtils/typemap' -typemap '/home/packager/aports/main/perl-dbi/src/DBI-1.647/typemap'  DBI.xs > DBI.xsc
mv DBI.xsc DBI.c
cc -c   -D_REENTRANT -D_GNU_SOURCE -D_GNU_SOURCE -fwrapv -fno-strict-aliasing -pipe -fstack-protector-strong -D_LARGEFILE_SOURCE -D_FILE_OFFSET_BITS=64 -Os -fstack-clash-protection -Wformat -Werror=format-security -fno-plt -O2   -DVERSION=\"1.647\" -DXS_VERSION=\"1.647\" -fPIC "-I/usr/lib/perl5/core_perl/CORE"  -W -Wall -Wpointer-arith -Wbad-function-cast -Wno-comment -Wno-sign-compare -Wno-cast-qual DBI.c
In file included from /usr/lib/perl5/core_perl/CORE/perl.h:3329,
                 from DBIXS.h:24,
                 from DBI.xs:14:
/usr/lib/perl5/core_perl/CORE/inline.h: In function 'Perl_is_utf8_valid_partial_char_flags':
/usr/lib/perl5/core_perl/CORE/handy.h:155:23: warning: cast from function call of type 'STRLEN' {aka 'long unsigned int'} to non-matching type '_Bool' [-Wbad-function-cast]
  155 | #define cBOOL(cbool) ((bool) (cbool))
      |                       ^
/usr/lib/perl5/core_perl/CORE/inline.h:3160:12: note: in expansion of macro 'cBOOL'
 3160 |     return cBOOL(is_utf8_char_helper_(s0, e, flags));
      |            ^~~~~
/usr/lib/perl5/core_perl/CORE/sv_inline.h: In function 'Perl_sv_setpv_freshbuf':
/usr/lib/perl5/core_perl/CORE/handy.h:155:23: warning: cast from function call of type 'long int' to non-matching type '_Bool' [-Wbad-function-cast]
  155 | #define cBOOL(cbool) ((bool) (cbool))
      |                       ^
/usr/lib/perl5/core_perl/CORE/perl.h:4233:62: note: in definition of macro 'EXPECT'
 4233 | #  define EXPECT(expr,val)                  __builtin_expect(expr,val)
      |                                                              ^~~~
/usr/lib/perl5/core_perl/CORE/perl.h:4254:52: note: in expansion of macro 'cBOOL'
 4254 | #define UNLIKELY(cond)                      EXPECT(cBOOL(cond),FALSE)
      |                                                    ^~~~~
/usr/lib/perl5/core_perl/CORE/sv.h:1724:13: note: in expansion of macro 'UNLIKELY'
 1724 |         if (UNLIKELY(TAINT_get))        \
      |             ^~~~~~~~
/usr/lib/perl5/core_perl/CORE/perl.h:1028:34: note: in expansion of macro 'cBOOL'
 1028 | #   define TAINT_get            (cBOOL(UNLIKELY(PL_tainted)))    /* Is something tainted? */
      |                                  ^~~~~
/usr/lib/perl5/core_perl/CORE/sv.h:1724:22: note: in expansion of macro 'TAINT_get'
 1724 |         if (UNLIKELY(TAINT_get))        \
      |                      ^~~~~~~~~
/usr/lib/perl5/core_perl/CORE/sv_inline.h:1013:5: note: in expansion of macro 'SvTAINT'
 1013 |     SvTAINT(sv);
      |     ^~~~~~~
/usr/lib/perl5/core_perl/CORE/handy.h:155:23: warning: cast from function call of type 'long int' to non-matching type '_Bool' [-Wbad-function-cast]
  155 | #define cBOOL(cbool) ((bool) (cbool))
      |                       ^
/usr/lib/perl5/core_perl/CORE/perl.h:4233:62: note: in definition of macro 'EXPECT'
 4233 | #  define EXPECT(expr,val)                  __builtin_expect(expr,val)
      |                                                              ^~~~
/usr/lib/perl5/core_perl/CORE/perl.h:4254:52: note: in expansion of macro 'cBOOL'
 4254 | #define UNLIKELY(cond)                      EXPECT(cBOOL(cond),FALSE)
      |                                                    ^~~~~
/usr/lib/perl5/core_perl/CORE/sv.h:1718:42: note: in expansion of macro 'UNLIKELY'
 1718 | #define SvTAINTED_on(sv)  STMT_START{ if(UNLIKELY(TAINTING_get)){sv_taint(sv);}   }STMT_END
      |                                          ^~~~~~~~
/usr/lib/perl5/core_perl/CORE/perl.h:1029:34: note: in expansion of macro 'cBOOL'
 1029 | #   define TAINTING_get         (cBOOL(UNLIKELY(PL_tainting)))
      |                                  ^~~~~
/usr/lib/perl5/core_perl/CORE/sv.h:1718:51: note: in expansion of macro 'TAINTING_get'
 1718 | #define SvTAINTED_on(sv)  STMT_START{ if(UNLIKELY(TAINTING_get)){sv_taint(sv);}   }STMT_END
      |                                                   ^~~~~~~~~~~~
/usr/lib/perl5/core_perl/CORE/sv.h:1725:13: note: in expansion of macro 'SvTAINTED_on'
 1725 |             SvTAINTED_on(sv);           \
      |             ^~~~~~~~~~~~
/usr/lib/perl5/core_perl/CORE/sv_inline.h:1013:5: note: in expansion of macro 'SvTAINT'
 1013 |     SvTAINT(sv);
      |     ^~~~~~~
DBI.xs: In function 'XS_DBI_dispatch':
/usr/lib/perl5/core_perl/CORE/handy.h:155:23: warning: cast from function call of type 'long int' to non-matching type '_Bool' [-Wbad-function-cast]
  155 | #define cBOOL(cbool) ((bool) (cbool))
      |                       ^
/usr/lib/perl5/core_perl/CORE/perl.h:4233:62: note: in definition of macro 'EXPECT'
 4233 | #  define EXPECT(expr,val)                  __builtin_expect(expr,val)
      |                                                              ^~~~
/usr/lib/perl5/core_perl/CORE/perl.h:4254:52: note: in expansion of macro 'cBOOL'
 4254 | #define UNLIKELY(cond)                      EXPECT(cBOOL(cond),FALSE)
      |                                                    ^~~~~
/usr/lib/perl5/core_perl/CORE/sv.h:1718:42: note: in expansion of macro 'UNLIKELY'
 1718 | #define SvTAINTED_on(sv)  STMT_START{ if(UNLIKELY(TAINTING_get)){sv_taint(sv);}   }STMT_END
      |                                          ^~~~~~~~
/usr/lib/perl5/core_perl/CORE/perl.h:1029:34: note: in expansion of macro 'cBOOL'
 1029 | #   define TAINTING_get         (cBOOL(UNLIKELY(PL_tainting)))
      |                                  ^~~~~
/usr/lib/perl5/core_perl/CORE/sv.h:1718:51: note: in expansion of macro 'TAINTING_get'
 1718 | #define SvTAINTED_on(sv)  STMT_START{ if(UNLIKELY(TAINTING_get)){sv_taint(sv);}   }STMT_END
      |                                                   ^~~~~~~~~~~~
DBI.xs:3960:25: note: in expansion of macro 'SvTAINTED_on'
 3960 |                         SvTAINTED_on(s);
      |                         ^~~~~~~~~~~~
/usr/lib/perl5/core_perl/CORE/handy.h:155:23: warning: cast from function call of type 'long int' to non-matching type '_Bool' [-Wbad-function-cast]
  155 | #define cBOOL(cbool) ((bool) (cbool))
      |                       ^
/usr/lib/perl5/core_perl/CORE/perl.h:4233:62: note: in definition of macro 'EXPECT'
 4233 | #  define EXPECT(expr,val)                  __builtin_expect(expr,val)
      |                                                              ^~~~
/usr/lib/perl5/core_perl/CORE/perl.h:4254:52: note: in expansion of macro 'cBOOL'
 4254 | #define UNLIKELY(cond)                      EXPECT(cBOOL(cond),FALSE)
      |                                                    ^~~~~
/usr/lib/perl5/core_perl/CORE/sv.h:1718:42: note: in expansion of macro 'UNLIKELY'
 1718 | #define SvTAINTED_on(sv)  STMT_START{ if(UNLIKELY(TAINTING_get)){sv_taint(sv);}   }STMT_END
      |                                          ^~~~~~~~
/usr/lib/perl5/core_perl/CORE/perl.h:1029:34: note: in expansion of macro 'cBOOL'
 1029 | #   define TAINTING_get         (cBOOL(UNLIKELY(PL_tainting)))
      |                                  ^~~~~
/usr/lib/perl5/core_perl/CORE/sv.h:1718:51: note: in expansion of macro 'TAINTING_get'
 1718 | #define SvTAINTED_on(sv)  STMT_START{ if(UNLIKELY(TAINTING_get)){sv_taint(sv);}   }STMT_END
      |                                                   ^~~~~~~~~~~~
DBI.xs:3967:25: note: in expansion of macro 'SvTAINTED_on'
 3967 |                         SvTAINTED_on(s);
      |                         ^~~~~~~~~~~~
DBI.c: In function 'XS_DBI_constant':
/usr/lib/perl5/core_perl/CORE/handy.h:155:23: warning: cast from function call of type 'long int' to non-matching type '_Bool' [-Wbad-function-cast]
  155 | #define cBOOL(cbool) ((bool) (cbool))
      |                       ^
/usr/lib/perl5/core_perl/CORE/perl.h:4233:62: note: in definition of macro 'EXPECT'
 4233 | #  define EXPECT(expr,val)                  __builtin_expect(expr,val)
      |                                                              ^~~~
/usr/lib/perl5/core_perl/CORE/perl.h:4253:52: note: in expansion of macro 'cBOOL'
 4253 | #define LIKELY(cond)                        EXPECT(cBOOL(cond),TRUE)
      |                                                    ^~~~~
/usr/lib/perl5/core_perl/CORE/pp.h:485:13: note: in expansion of macro 'LIKELY'
  485 |         if (LIKELY(                                                     \
      |             ^~~~~~
/usr/lib/perl5/core_perl/CORE/perl.h:1028:34: note: in expansion of macro 'cBOOL'
 1028 | #   define TAINT_get            (cBOOL(UNLIKELY(PL_tainted)))    /* Is something tainted? */
      |                                  ^~~~~
/usr/lib/perl5/core_perl/CORE/pp.h:487:28: note: in expansion of macro 'TAINT_get'
  487 |             & (do_taint ? !TAINT_get : 1)))                             \
      |                            ^~~~~~~~~
/usr/lib/perl5/core_perl/CORE/pp.h:556:38: note: in expansion of macro 'TARGi'
  556 | #define PUSHi(i)        STMT_START { TARGi(i,1); PUSHs(TARG); } STMT_END
      |                                      ^~~~~
DBI.c:4632:9: note: in expansion of macro 'PUSHi'
 4632 |         PUSHi((IV)RETVAL);
      |         ^~~~~
DBI.c: In function 'XS_DBI_hash':
/usr/lib/perl5/core_perl/CORE/handy.h:155:23: warning: cast from function call of type 'long int' to non-matching type '_Bool' [-Wbad-function-cast]
  155 | #define cBOOL(cbool) ((bool) (cbool))
      |                       ^
/usr/lib/perl5/core_perl/CORE/perl.h:4233:62: note: in definition of macro 'EXPECT'
 4233 | #  define EXPECT(expr,val)                  __builtin_expect(expr,val)
      |                                                              ^~~~
/usr/lib/perl5/core_perl/CORE/perl.h:4253:52: note: in expansion of macro 'cBOOL'
 4253 | #define LIKELY(cond)                        EXPECT(cBOOL(cond),TRUE)
      |                                                    ^~~~~
/usr/lib/perl5/core_perl/CORE/pp.h:485:13: note: in expansion of macro 'LIKELY'
  485 |         if (LIKELY(                                                     \
      |             ^~~~~~
/usr/lib/perl5/core_perl/CORE/perl.h:1028:34: note: in expansion of macro 'cBOOL'
 1028 | #   define TAINT_get            (cBOOL(UNLIKELY(PL_tainted)))    /* Is something tainted? */
      |                                  ^~~~~
/usr/lib/perl5/core_perl/CORE/pp.h:487:28: note: in expansion of macro 'TAINT_get'
  487 |             & (do_taint ? !TAINT_get : 1)))                             \
      |                            ^~~~~~~~~
/usr/lib/perl5/core_perl/CORE/pp.h:556:38: note: in expansion of macro 'TARGi'
  556 | #define PUSHi(i)        STMT_START { TARGi(i,1); PUSHs(TARG); } STMT_END
      |                                      ^~~~~
DBI.c:4842:9: note: in expansion of macro 'PUSHi'
 4842 |         PUSHi((IV)RETVAL);
      |         ^~~~~
DBI.c: In function 'XS_DBI_trace':
/usr/lib/perl5/core_perl/CORE/handy.h:155:23: warning: cast from function call of type 'long int' to non-matching type '_Bool' [-Wbad-function-cast]
  155 | #define cBOOL(cbool) ((bool) (cbool))
      |                       ^
/usr/lib/perl5/core_perl/CORE/perl.h:4233:62: note: in definition of macro 'EXPECT'
 4233 | #  define EXPECT(expr,val)                  __builtin_expect(expr,val)
      |                                                              ^~~~
/usr/lib/perl5/core_perl/CORE/perl.h:4253:52: note: in expansion of macro 'cBOOL'
 4253 | #define LIKELY(cond)                        EXPECT(cBOOL(cond),TRUE)
      |                                                    ^~~~~
/usr/lib/perl5/core_perl/CORE/pp.h:485:13: note: in expansion of macro 'LIKELY'
  485 |         if (LIKELY(                                                     \
      |             ^~~~~~
/usr/lib/perl5/core_perl/CORE/perl.h:1028:34: note: in expansion of macro 'cBOOL'
 1028 | #   define TAINT_get            (cBOOL(UNLIKELY(PL_tainted)))    /* Is something tainted? */
      |                                  ^~~~~
/usr/lib/perl5/core_perl/CORE/pp.h:487:28: note: in expansion of macro 'TAINT_get'
  487 |             & (do_taint ? !TAINT_get : 1)))                             \
      |                            ^~~~~~~~~
/usr/lib/perl5/core_perl/CORE/pp.h:556:38: note: in expansion of macro 'TARGi'
  556 | #define PUSHi(i)        STMT_START { TARGi(i,1); PUSHs(TARG); } STMT_END
      |                                      ^~~~~
DBI.c:5038:9: note: in expansion of macro 'PUSHi'
 5038 |         PUSHi((IV)RETVAL);
      |         ^~~~~
DBI.c: In function 'XS_DBI_dbi_time':
/usr/lib/perl5/core_perl/CORE/handy.h:155:23: warning: cast from function call of type 'long int' to non-matching type '_Bool' [-Wbad-function-cast]
  155 | #define cBOOL(cbool) ((bool) (cbool))
      |                       ^
/usr/lib/perl5/core_perl/CORE/perl.h:4233:62: note: in definition of macro 'EXPECT'
 4233 | #  define EXPECT(expr,val)                  __builtin_expect(expr,val)
      |                                                              ^~~~
/usr/lib/perl5/core_perl/CORE/perl.h:4253:52: note: in expansion of macro 'cBOOL'
 4253 | #define LIKELY(cond)                        EXPECT(cBOOL(cond),TRUE)
      |                                                    ^~~~~
/usr/lib/perl5/core_perl/CORE/pp.h:530:13: note: in expansion of macro 'LIKELY'
  530 |         if (LIKELY(                                                     \
      |             ^~~~~~
/usr/lib/perl5/core_perl/CORE/perl.h:1028:34: note: in expansion of macro 'cBOOL'
 1028 | #   define TAINT_get            (cBOOL(UNLIKELY(PL_tainted)))    /* Is something tainted? */
      |                                  ^~~~~
/usr/lib/perl5/core_perl/CORE/pp.h:532:28: note: in expansion of macro 'TAINT_get'
  532 |             & (do_taint ? !TAINT_get : 1)))                             \
      |                            ^~~~~~~~~
/usr/lib/perl5/core_perl/CORE/pp.h:555:38: note: in expansion of macro 'TARGn'
  555 | #define PUSHn(n)        STMT_START { TARGn(n,1); PUSHs(TARG); } STMT_END
      |                                      ^~~~~
DBI.c:5114:9: note: in expansion of macro 'PUSHn'
 5114 |         PUSHn((NV)RETVAL);
      |         ^~~~~
DBI.c: In function 'XS_DBI_sql_type_cast':
/usr/lib/perl5/core_perl/CORE/handy.h:155:23: warning: cast from function call of type 'long int' to non-matching type '_Bool' [-Wbad-function-cast]
  155 | #define cBOOL(cbool) ((bool) (cbool))
      |                       ^
/usr/lib/perl5/core_perl/CORE/perl.h:4233:62: note: in definition of macro 'EXPECT'
 4233 | #  define EXPECT(expr,val)                  __builtin_expect(expr,val)
      |                                                              ^~~~
/usr/lib/perl5/core_perl/CORE/perl.h:4253:52: note: in expansion of macro 'cBOOL'
 4253 | #define LIKELY(cond)                        EXPECT(cBOOL(cond),TRUE)
      |                                                    ^~~~~
/usr/lib/perl5/core_perl/CORE/pp.h:485:13: note: in expansion of macro 'LIKELY'
  485 |         if (LIKELY(                                                     \
      |             ^~~~~~
/usr/lib/perl5/core_perl/CORE/perl.h:1028:34: note: in expansion of macro 'cBOOL'
 1028 | #   define TAINT_get            (cBOOL(UNLIKELY(PL_tainted)))    /* Is something tainted? */
      |                                  ^~~~~
/usr/lib/perl5/core_perl/CORE/pp.h:487:28: note: in expansion of macro 'TAINT_get'
  487 |             & (do_taint ? !TAINT_get : 1)))                             \
      |                            ^~~~~~~~~
/usr/lib/perl5/core_perl/CORE/pp.h:556:38: note: in expansion of macro 'TARGi'
  556 | #define PUSHi(i)        STMT_START { TARGi(i,1); PUSHs(TARG); } STMT_END
      |                                      ^~~~~
DBI.c:5281:9: note: in expansion of macro 'PUSHi'
 5281 |         PUSHi((IV)RETVAL);
      |         ^~~~~
DBI.c: In function 'XS_DBD_____db_preparse':
/usr/lib/perl5/core_perl/CORE/perl.h:2496:33: warning: cast from function call of type 'IV' {aka 'long int'} to non-matching type 'void *' [-Wbad-function-cast]
 2496 | #  define INT2PTR(any,d)        (any)(d)
      |                                 ^
DBI.c:5427:19: note: in expansion of macro 'INT2PTR'
 5427 |             foo = INT2PTR(void *,SvIV(ST(4)))
      |                   ^~~~~~~
DBI.xs: In function 'XS_DBD_____st__set_fbav':
/usr/lib/perl5/core_perl/CORE/handy.h:155:23: warning: cast from function call of type 'long int' to non-matching type '_Bool' [-Wbad-function-cast]
  155 | #define cBOOL(cbool) ((bool) (cbool))
      |                       ^
/usr/lib/perl5/core_perl/CORE/perl.h:4233:62: note: in definition of macro 'EXPECT'
 4233 | #  define EXPECT(expr,val)                  __builtin_expect(expr,val)
      |                                                              ^~~~
/usr/lib/perl5/core_perl/CORE/perl.h:4254:52: note: in expansion of macro 'cBOOL'
 4254 | #define UNLIKELY(cond)                      EXPECT(cBOOL(cond),FALSE)
      |                                                    ^~~~~
/usr/lib/perl5/core_perl/CORE/sv.h:1724:13: note: in expansion of macro 'UNLIKELY'
 1724 |         if (UNLIKELY(TAINT_get))        \
      |             ^~~~~~~~
/usr/lib/perl5/core_perl/CORE/perl.h:1028:34: note: in expansion of macro 'cBOOL'
 1028 | #   define TAINT_get            (cBOOL(UNLIKELY(PL_tainted)))    /* Is something tainted? */
      |                                  ^~~~~
/usr/lib/perl5/core_perl/CORE/sv.h:1724:22: note: in expansion of macro 'TAINT_get'
 1724 |         if (UNLIKELY(TAINT_get))        \
      |                      ^~~~~~~~~
DBI.xs:5233:13: note: in expansion of macro 'SvTAINT'
 5233 |             SvTAINT(AvARRAY(src_av)[i]);
      |             ^~~~~~~
/usr/lib/perl5/core_perl/CORE/handy.h:155:23: warning: cast from function call of type 'long int' to non-matching type '_Bool' [-Wbad-function-cast]
  155 | #define cBOOL(cbool) ((bool) (cbool))
      |                       ^
/usr/lib/perl5/core_perl/CORE/perl.h:4233:62: note: in definition of macro 'EXPECT'
 4233 | #  define EXPECT(expr,val)                  __builtin_expect(expr,val)
      |                                                              ^~~~
/usr/lib/perl5/core_perl/CORE/perl.h:4254:52: note: in expansion of macro 'cBOOL'
 4254 | #define UNLIKELY(cond)                      EXPECT(cBOOL(cond),FALSE)
      |                                                    ^~~~~
/usr/lib/perl5/core_perl/CORE/sv.h:1718:42: note: in expansion of macro 'UNLIKELY'
 1718 | #define SvTAINTED_on(sv)  STMT_START{ if(UNLIKELY(TAINTING_get)){sv_taint(sv);}   }STMT_END
      |                                          ^~~~~~~~
/usr/lib/perl5/core_perl/CORE/perl.h:1029:34: note: in expansion of macro 'cBOOL'
 1029 | #   define TAINTING_get         (cBOOL(UNLIKELY(PL_tainting)))
      |                                  ^~~~~
/usr/lib/perl5/core_perl/CORE/sv.h:1718:51: note: in expansion of macro 'TAINTING_get'
 1718 | #define SvTAINTED_on(sv)  STMT_START{ if(UNLIKELY(TAINTING_get)){sv_taint(sv);}   }STMT_END
      |                                                   ^~~~~~~~~~~~
/usr/lib/perl5/core_perl/CORE/sv.h:1725:13: note: in expansion of macro 'SvTAINTED_on'
 1725 |             SvTAINTED_on(sv);           \
      |             ^~~~~~~~~~~~
DBI.xs:5233:13: note: in expansion of macro 'SvTAINT'
 5233 |             SvTAINT(AvARRAY(src_av)[i]);
      |             ^~~~~~~
DBI.c: In function 'XS_DBD_____common_trace':
/usr/lib/perl5/core_perl/CORE/handy.h:155:23: warning: cast from function call of type 'long int' to non-matching type '_Bool' [-Wbad-function-cast]
  155 | #define cBOOL(cbool) ((bool) (cbool))
      |                       ^
/usr/lib/perl5/core_perl/CORE/perl.h:4233:62: note: in definition of macro 'EXPECT'
 4233 | #  define EXPECT(expr,val)                  __builtin_expect(expr,val)
      |                                                              ^~~~
/usr/lib/perl5/core_perl/CORE/perl.h:4253:52: note: in expansion of macro 'cBOOL'
 4253 | #define LIKELY(cond)                        EXPECT(cBOOL(cond),TRUE)
      |                                                    ^~~~~
/usr/lib/perl5/core_perl/CORE/pp.h:485:13: note: in expansion of macro 'LIKELY'
  485 |         if (LIKELY(                                                     \
      |             ^~~~~~
/usr/lib/perl5/core_perl/CORE/perl.h:1028:34: note: in expansion of macro 'cBOOL'
 1028 | #   define TAINT_get            (cBOOL(UNLIKELY(PL_tainted)))    /* Is something tainted? */
      |                                  ^~~~~
/usr/lib/perl5/core_perl/CORE/pp.h:487:28: note: in expansion of macro 'TAINT_get'
  487 |             & (do_taint ? !TAINT_get : 1)))                             \
      |                            ^~~~~~~~~
/usr/lib/perl5/core_perl/CORE/pp.h:556:38: note: in expansion of macro 'TARGi'
  556 | #define PUSHi(i)        STMT_START { TARGi(i,1); PUSHs(TARG); } STMT_END
      |                                      ^~~~~
DBI.c:6250:9: note: in expansion of macro 'PUSHi'
 6250 |         PUSHi((IV)RETVAL);
      |         ^~~~~
rm -f blib/arch/auto/DBI/DBI.so
cc  -shared -Os -fstack-clash-protection -Wformat -Werror=format-security -fno-plt -O2 -L/usr/local/lib -fstack-protector-strong  DBI.o  -o blib/arch/auto/DBI/DBI.so  \
      \
  
chmod 755 blib/arch/auto/DBI/DBI.so
cp dbilogstrip blib/script/dbilogstrip
cp dbiprof blib/script/dbiprof
"/usr/bin/perl" -MExtUtils::MY -e 'MY->fixin(shift)' -- blib/script/dbilogstrip
"/usr/bin/perl" -MExtUtils::MY -e 'MY->fixin(shift)' -- blib/script/dbiprof
cp dbiproxy blib/script/dbiproxy
"/usr/bin/perl" -MExtUtils::MY -e 'MY->fixin(shift)' -- blib/script/dbiproxy
Manifying 3 pod documents
Manifying 50 pod documents
"/usr/bin/perl" -MExtUtils::Command::MM -e 'cp_nonempty' -- DBI.bs blib/arch/auto/DBI/DBI.bs 644
PERL_DL_NONLAZY=1 "/usr/bin/perl" "-MExtUtils::Command::MM" "-MTest::Harness" "-e" "undef *Test::Harness::Switches; test_harness(0, 'blib/lib', 'blib/arch')" t/*.t
# --- Perl 5.040002 on x86_64-linux-thread-multi
t/01basics.t .................... ok
	(in cleanup) dbih_getcom handle DBI::dr=HASH(0x7f0aef944490) is not a DBI handle (has no magic) during global destruction.
t/02dbidrv.t .................... ok
t/03handle.t .................... ok
t/04mods.t ...................... ok
t/05concathash.t ................ ok
t/06attrs.t ..................... ok
t/07kids.t ...................... ok
t/08keeperr.t ................... ok
t/09trace.t ..................... ok
t/10examp.t ..................... ok
t/11fetch.t ..................... ok
t/12quote.t ..................... ok
t/13taint.t ..................... ok
t/14utf8.t ...................... ok
t/15array.t ..................... ok
t/16destroy.t ................... ok
t/17handle_error.t .............. ok
t/19fhtrace.t ................... ok
t/20meta.t ...................... ok
t/30subclass.t .................. ok
t/31methcache.t ................. ok
t/35thrclone.t .................. ok
t/40profile.t ................... ok
t/41prof_dump.t ................. ok
t/42prof_data.t ................. ok
t/43prof_env.t .................. ok
t/48dbi_dbd_sqlengine.t ......... ok
t/49dbd_file.t .................. ok
t/50dbm_simple.t ................ ok
t/51dbm_file.t .................. ok
t/52dbm_complex.t ............... skipped: DBI::SQL::Nano is being used
t/53sqlengine_adv.t ............. ok
t/54_dbd_mem.t .................. ok
t/60preparse.t .................. ok
t/65transact.t .................. ok
t/70callbacks.t ................. ok
t/72childhandles.t .............. ok
t/73cachedkids.t ................ ok
t/80proxy.t ..................... skipped: modules required for proxy are probably not installed (e.g., RPC/PlClient.pm)
t/85gofer.t ..................... ok
t/86gofer_fail.t ................ ok
t/87gofer_cache.t ............... ok
t/90sql_type_cast.t ............. ok
t/91_store_warning.t ............ ok
# --- Perl 5.040002 on x86_64-linux-thread-multi
t/zvg_01basics.t ................ ok
	(in cleanup) dbih_getcom handle DBI::dr=HASH(0x7f1a012bfd08) is not a DBI handle (has no magic) during global destruction.
t/zvg_02dbidrv.t ................ ok
t/zvg_03handle.t ................ ok
t/zvg_04mods.t .................. ok
t/zvg_05concathash.t ............ ok
t/zvg_06attrs.t ................. ok
t/zvg_07kids.t .................. ok
t/zvg_08keeperr.t ............... ok
t/zvg_09trace.t ................. ok
t/zvg_10examp.t ................. ok
t/zvg_11fetch.t ................. ok
t/zvg_12quote.t ................. ok
t/zvg_13taint.t ................. skipped: Taint attribute tests not functional with DBI_AUTOPROXY
t/zvg_14utf8.t .................. ok
t/zvg_15array.t ................. ok
t/zvg_16destroy.t ............... ok
t/zvg_17handle_error.t .......... ok
t/zvg_19fhtrace.t ............... ok
t/zvg_20meta.t .................. ok
t/zvg_30subclass.t .............. ok
t/zvg_31methcache.t ............. ok
t/zvg_35thrclone.t .............. ok
t/zvg_40profile.t ............... ok
t/zvg_41prof_dump.t ............. ok
t/zvg_42prof_data.t ............. ok
t/zvg_43prof_env.t .............. ok
t/zvg_48dbi_dbd_sqlengine.t ..... ok
t/zvg_49dbd_file.t .............. ok
t/zvg_50dbm_simple.t ............ ok
t/zvg_51dbm_file.t .............. ok
t/zvg_52dbm_complex.t ........... skipped: DBI::SQL::Nano is being used
t/zvg_53sqlengine_adv.t ......... skipped: Modifying driver state won't compute running behind Gofer
t/zvg_54_dbd_mem.t .............. skipped: modifying meta data doesn't work with Gofer-AutoProxy
t/zvg_60preparse.t .............. ok
t/zvg_65transact.t .............. skipped: Transactions not supported by DBD::Gofer
t/zvg_70callbacks.t ............. ok
t/zvg_72childhandles.t .......... ok
t/zvg_73cachedkids.t ............ ok
t/zvg_80proxy.t ................. skipped: modules required for proxy are probably not installed (e.g., RPC/PlClient.pm)
t/zvg_85gofer.t ................. ok
t/zvg_86gofer_fail.t ............ skipped: Gofer DBI_AUTOPROXY
t/zvg_87gofer_cache.t ........... skipped: Gofer DBI_AUTOPROXY
t/zvg_90sql_type_cast.t ......... ok
t/zvg_91_store_warning.t ........ ok
t/zvn_48dbi_dbd_sqlengine.t ..... ok
t/zvn_49dbd_file.t .............. ok
t/zvn_50dbm_simple.t ............ ok
t/zvn_51dbm_file.t .............. ok
t/zvn_52dbm_complex.t ........... skipped: DBI::SQL::Nano is being used
t/zvn_85gofer.t ................. ok
# --- Perl 5.040002 on x86_64-linux-thread-multi
t/zvp_01basics.t ................ ok
t/zvp_02dbidrv.t ................ ok
t/zvp_03handle.t ................ ok
t/zvp_04mods.t .................. ok
t/zvp_05concathash.t ............ ok
t/zvp_06attrs.t ................. ok
t/zvp_07kids.t .................. skipped: $h->{Kids} attribute not supported for DBI::PurePerl
t/zvp_08keeperr.t ............... ok
t/zvp_09trace.t ................. ok
t/zvp_10examp.t ................. ok
t/zvp_11fetch.t ................. ok
t/zvp_12quote.t ................. ok
t/zvp_13taint.t ................. skipped: Taint attributes not supported with DBI::PurePerl
t/zvp_14utf8.t .................. ok
t/zvp_15array.t ................. ok
t/zvp_16destroy.t ............... ok
t/zvp_17handle_error.t .......... ok
t/zvp_19fhtrace.t ............... ok
t/zvp_20meta.t .................. ok
t/zvp_30subclass.t .............. ok
t/zvp_31methcache.t ............. ok
t/zvp_35thrclone.t .............. ok
t/zvp_40profile.t ............... skipped: profiling not supported for DBI::PurePerl
t/zvp_41prof_dump.t ............. skipped: profiling not supported for DBI::PurePerl
t/zvp_42prof_data.t ............. skipped: profiling not supported for DBI::PurePerl
t/zvp_43prof_env.t .............. skipped: profiling not supported for DBI::PurePerl
t/zvp_48dbi_dbd_sqlengine.t ..... ok
t/zvp_49dbd_file.t .............. ok
t/zvp_50dbm_simple.t ............ ok
t/zvp_51dbm_file.t .............. ok
t/zvp_52dbm_complex.t ........... skipped: DBI::SQL::Nano is being used
t/zvp_53sqlengine_adv.t ......... ok
t/zvp_54_dbd_mem.t .............. ok
t/zvp_60preparse.t .............. skipped: preparse not supported for DBI::PurePerl
t/zvp_65transact.t .............. ok
t/zvp_70callbacks.t ............. skipped: $h->{Callbacks} attribute not supported for DBI::PurePerl
t/zvp_72childhandles.t .......... ok
t/zvp_73cachedkids.t ............ ok
t/zvp_80proxy.t ................. skipped: modules required for proxy are probably not installed (e.g., RPC/PlClient.pm)
t/zvp_85gofer.t ................. ok
t/zvp_86gofer_fail.t ............ skipped: requires Callbacks which are not supported with PurePerl
t/zvp_87gofer_cache.t ........... ok
t/zvp_90sql_type_cast.t ......... ok
t/zvp_91_store_warning.t ........ ok
t/zvxgn_48dbi_dbd_sqlengine.t ... ok
t/zvxgn_49dbd_file.t ............ ok
t/zvxgn_50dbm_simple.t .......... ok
t/zvxgn_51dbm_file.t ............ ok
t/zvxgn_52dbm_complex.t ......... skipped: DBI::SQL::Nano is being used
t/zvxgn_85gofer.t ............... ok
t/zvxgnp_48dbi_dbd_sqlengine.t .. ok
t/zvxgnp_49dbd_file.t ........... ok
t/zvxgnp_50dbm_simple.t ......... ok
t/zvxgnp_51dbm_file.t ........... ok
t/zvxgnp_52dbm_complex.t ........ skipped: DBI::SQL::Nano is being used
t/zvxgnp_85gofer.t .............. ok
# --- Perl 5.040002 on x86_64-linux-thread-multi
t/zvxgp_01basics.t .............. ok
t/zvxgp_02dbidrv.t .............. ok
t/zvxgp_03handle.t .............. ok
t/zvxgp_04mods.t ................ ok
t/zvxgp_05concathash.t .......... ok
t/zvxgp_06attrs.t ............... ok
t/zvxgp_07kids.t ................ skipped: $h->{Kids} attribute not supported for DBI::PurePerl
t/zvxgp_08keeperr.t ............. ok
t/zvxgp_09trace.t ............... ok
t/zvxgp_10examp.t ............... ok
t/zvxgp_11fetch.t ............... ok
t/zvxgp_12quote.t ............... ok
t/zvxgp_13taint.t ............... skipped: Taint attributes not supported with DBI::PurePerl
t/zvxgp_14utf8.t ................ ok
t/zvxgp_15array.t ............... ok
t/zvxgp_16destroy.t ............. ok
t/zvxgp_17handle_error.t ........ ok
t/zvxgp_19fhtrace.t ............. ok
t/zvxgp_20meta.t ................ ok
t/zvxgp_30subclass.t ............ ok
t/zvxgp_31methcache.t ........... ok
t/zvxgp_35thrclone.t ............ ok
t/zvxgp_40profile.t ............. skipped: profiling not supported for DBI::PurePerl
t/zvxgp_41prof_dump.t ........... skipped: profiling not supported for DBI::PurePerl
t/zvxgp_42prof_data.t ........... skipped: profiling not supported for DBI::PurePerl
t/zvxgp_43prof_env.t ............ skipped: profiling not supported for DBI::PurePerl
t/zvxgp_48dbi_dbd_sqlengine.t ... ok
t/zvxgp_49dbd_file.t ............ ok
t/zvxgp_50dbm_simple.t .......... ok
t/zvxgp_51dbm_file.t ............ ok
t/zvxgp_52dbm_complex.t ......... skipped: DBI::SQL::Nano is being used
t/zvxgp_53sqlengine_adv.t ....... skipped: Modifying driver state won't compute running behind Gofer
t/zvxgp_54_dbd_mem.t ............ skipped: modifying meta data doesn't work with Gofer-AutoProxy
t/zvxgp_60preparse.t ............ skipped: preparse not supported for DBI::PurePerl
t/zvxgp_65transact.t ............ skipped: Transactions not supported by DBD::Gofer
t/zvxgp_70callbacks.t ........... skipped: $h->{Callbacks} attribute not supported for DBI::PurePerl
t/zvxgp_72childhandles.t ........ ok
t/zvxgp_73cachedkids.t .......... ok
t/zvxgp_80proxy.t ............... skipped: modules required for proxy are probably not installed (e.g., RPC/PlClient.pm)
t/zvxgp_85gofer.t ............... ok
t/zvxgp_86gofer_fail.t .......... skipped: requires Callbacks which are not supported with PurePerl
t/zvxgp_87gofer_cache.t ......... skipped: Gofer DBI_AUTOPROXY
t/zvxgp_90sql_type_cast.t ....... ok
t/zvxgp_91_store_warning.t ...... ok
t/zvxnp_48dbi_dbd_sqlengine.t ... ok
t/zvxnp_49dbd_file.t ............ ok
t/zvxnp_50dbm_simple.t .......... ok
t/zvxnp_51dbm_file.t ............ ok
t/zvxnp_52dbm_complex.t ......... skipped: DBI::SQL::Nano is being used
t/zvxnp_85gofer.t ............... ok
All tests successful.
Files=200, Tests=9443, 86 wallclock secs ( 1.20 usr  0.37 sys + 69.69 cusr 10.68 csys = 81.94 CPU)
Result: PASS
>>> perl-dbi: Entering fakeroot...
"/usr/bin/perl" -MExtUtils::Command::MM -e 'cp_nonempty' -- DBI.bs blib/arch/auto/DBI/DBI.bs 644
Manifying 3 pod documents
Manifying 50 pod documents
Files found in blib/arch: installing files in blib/lib into architecture dependent library tree
Installing /home/packager/aports/main/perl-dbi/pkg/perl-dbi/usr/lib/perl5/vendor_perl/auto/DBI/Driver_xst.h
Installing /home/packager/aports/main/perl-dbi/pkg/perl-dbi/usr/lib/perl5/vendor_perl/auto/DBI/dbd_xsh.h
Installing /home/packager/aports/main/perl-dbi/pkg/perl-dbi/usr/lib/perl5/vendor_perl/auto/DBI/dbipport.h
Installing /home/packager/aports/main/perl-dbi/pkg/perl-dbi/usr/lib/perl5/vendor_perl/auto/DBI/Driver.xst
Installing /home/packager/aports/main/perl-dbi/pkg/perl-dbi/usr/lib/perl5/vendor_perl/auto/DBI/dbixs_rev.h
Installing /home/packager/aports/main/perl-dbi/pkg/perl-dbi/usr/lib/perl5/vendor_perl/auto/DBI/DBI.so
Installing /home/packager/aports/main/perl-dbi/pkg/perl-dbi/usr/lib/perl5/vendor_perl/auto/DBI/dbi_sql.h
Installing /home/packager/aports/main/perl-dbi/pkg/perl-dbi/usr/lib/perl5/vendor_perl/auto/DBI/dbivport.h
Installing /home/packager/aports/main/perl-dbi/pkg/perl-dbi/usr/lib/perl5/vendor_perl/auto/DBI/DBIXS.h
Installing /home/packager/aports/main/perl-dbi/pkg/perl-dbi/usr/lib/perl5/vendor_perl/DBI.pm
Installing /home/packager/aports/main/perl-dbi/pkg/perl-dbi/usr/lib/perl5/vendor_perl/dbixs_rev.pl
Installing /home/packager/aports/main/perl-dbi/pkg/perl-dbi/usr/lib/perl5/vendor_perl/Bundle/DBI.pm
Installing /home/packager/aports/main/perl-dbi/pkg/perl-dbi/usr/lib/perl5/vendor_perl/Win32/DBIODBC.pm
Installing /home/packager/aports/main/perl-dbi/pkg/perl-dbi/usr/lib/perl5/vendor_perl/DBI/DBD.pm
Installing /home/packager/aports/main/perl-dbi/pkg/perl-dbi/usr/lib/perl5/vendor_perl/DBI/ProfileDumper.pm
Installing /home/packager/aports/main/perl-dbi/pkg/perl-dbi/usr/lib/perl5/vendor_perl/DBI/ProfileData.pm
Installing /home/packager/aports/main/perl-dbi/pkg/perl-dbi/usr/lib/perl5/vendor_perl/DBI/Profile.pm
Installing /home/packager/aports/main/perl-dbi/pkg/perl-dbi/usr/lib/perl5/vendor_perl/DBI/Changes.pm
Installing /home/packager/aports/main/perl-dbi/pkg/perl-dbi/usr/lib/perl5/vendor_perl/DBI/ProxyServer.pm
Installing /home/packager/aports/main/perl-dbi/pkg/perl-dbi/usr/lib/perl5/vendor_perl/DBI/ProfileSubs.pm
Installing /home/packager/aports/main/perl-dbi/pkg/perl-dbi/usr/lib/perl5/vendor_perl/DBI/W32ODBC.pm
Installing /home/packager/aports/main/perl-dbi/pkg/perl-dbi/usr/lib/perl5/vendor_perl/DBI/PurePerl.pm
Installing /home/packager/aports/main/perl-dbi/pkg/perl-dbi/usr/lib/perl5/vendor_perl/DBI/Const/GetInfoReturn.pm
Installing /home/packager/aports/main/perl-dbi/pkg/perl-dbi/usr/lib/perl5/vendor_perl/DBI/Const/GetInfoType.pm
Installing /home/packager/aports/main/perl-dbi/pkg/perl-dbi/usr/lib/perl5/vendor_perl/DBI/Const/GetInfo/ANSI.pm
Installing /home/packager/aports/main/perl-dbi/pkg/perl-dbi/usr/lib/perl5/vendor_perl/DBI/Const/GetInfo/ODBC.pm
Installing /home/packager/aports/main/perl-dbi/pkg/perl-dbi/usr/lib/perl5/vendor_perl/DBI/ProfileDumper/Apache.pm
Installing /home/packager/aports/main/perl-dbi/pkg/perl-dbi/usr/lib/perl5/vendor_perl/DBI/Util/_accessor.pm
Installing /home/packager/aports/main/perl-dbi/pkg/perl-dbi/usr/lib/perl5/vendor_perl/DBI/Util/CacheMemory.pm
Installing /home/packager/aports/main/perl-dbi/pkg/perl-dbi/usr/lib/perl5/vendor_perl/DBI/Gofer/Request.pm
Installing /home/packager/aports/main/perl-dbi/pkg/perl-dbi/usr/lib/perl5/vendor_perl/DBI/Gofer/Execute.pm
Installing /home/packager/aports/main/perl-dbi/pkg/perl-dbi/usr/lib/perl5/vendor_perl/DBI/Gofer/Response.pm
Installing /home/packager/aports/main/perl-dbi/pkg/perl-dbi/usr/lib/perl5/vendor_perl/DBI/Gofer/Serializer/Base.pm
Installing /home/packager/aports/main/perl-dbi/pkg/perl-dbi/usr/lib/perl5/vendor_perl/DBI/Gofer/Serializer/Storable.pm
Installing /home/packager/aports/main/perl-dbi/pkg/perl-dbi/usr/lib/perl5/vendor_perl/DBI/Gofer/Serializer/DataDumper.pm
Installing /home/packager/aports/main/perl-dbi/pkg/perl-dbi/usr/lib/perl5/vendor_perl/DBI/Gofer/Transport/Base.pm
Installing /home/packager/aports/main/perl-dbi/pkg/perl-dbi/usr/lib/perl5/vendor_perl/DBI/Gofer/Transport/pipeone.pm
Installing /home/packager/aports/main/perl-dbi/pkg/perl-dbi/usr/lib/perl5/vendor_perl/DBI/Gofer/Transport/stream.pm
Installing /home/packager/aports/main/perl-dbi/pkg/perl-dbi/usr/lib/perl5/vendor_perl/DBI/DBD/SqlEngine.pm
Installing /home/packager/aports/main/perl-dbi/pkg/perl-dbi/usr/lib/perl5/vendor_perl/DBI/DBD/Metadata.pm
Installing /home/packager/aports/main/perl-dbi/pkg/perl-dbi/usr/lib/perl5/vendor_perl/DBI/DBD/SqlEngine/Developers.pod
Installing /home/packager/aports/main/perl-dbi/pkg/perl-dbi/usr/lib/perl5/vendor_perl/DBI/DBD/SqlEngine/HowTo.pod
Installing /home/packager/aports/main/perl-dbi/pkg/perl-dbi/usr/lib/perl5/vendor_perl/DBI/SQL/Nano.pm
Installing /home/packager/aports/main/perl-dbi/pkg/perl-dbi/usr/lib/perl5/vendor_perl/DBD/File.pm
Installing /home/packager/aports/main/perl-dbi/pkg/perl-dbi/usr/lib/perl5/vendor_perl/DBD/DBM.pm
Installing /home/packager/aports/main/perl-dbi/pkg/perl-dbi/usr/lib/perl5/vendor_perl/DBD/Mem.pm
Installing /home/packager/aports/main/perl-dbi/pkg/perl-dbi/usr/lib/perl5/vendor_perl/DBD/Sponge.pm
Installing /home/packager/aports/main/perl-dbi/pkg/perl-dbi/usr/lib/perl5/vendor_perl/DBD/ExampleP.pm
Installing /home/packager/aports/main/perl-dbi/pkg/perl-dbi/usr/lib/perl5/vendor_perl/DBD/NullP.pm
Installing /home/packager/aports/main/perl-dbi/pkg/perl-dbi/usr/lib/perl5/vendor_perl/DBD/Proxy.pm
Installing /home/packager/aports/main/perl-dbi/pkg/perl-dbi/usr/lib/perl5/vendor_perl/DBD/Gofer.pm
Installing /home/packager/aports/main/perl-dbi/pkg/perl-dbi/usr/lib/perl5/vendor_perl/DBD/File/Roadmap.pod
Installing /home/packager/aports/main/perl-dbi/pkg/perl-dbi/usr/lib/perl5/vendor_perl/DBD/File/Developers.pod
Installing /home/packager/aports/main/perl-dbi/pkg/perl-dbi/usr/lib/perl5/vendor_perl/DBD/File/HowTo.pod
Installing /home/packager/aports/main/perl-dbi/pkg/perl-dbi/usr/lib/perl5/vendor_perl/DBD/Gofer/Transport/null.pm
Installing /home/packager/aports/main/perl-dbi/pkg/perl-dbi/usr/lib/perl5/vendor_perl/DBD/Gofer/Transport/Base.pm
Installing /home/packager/aports/main/perl-dbi/pkg/perl-dbi/usr/lib/perl5/vendor_perl/DBD/Gofer/Transport/pipeone.pm
Installing /home/packager/aports/main/perl-dbi/pkg/perl-dbi/usr/lib/perl5/vendor_perl/DBD/Gofer/Transport/corostream.pm
Installing /home/packager/aports/main/perl-dbi/pkg/perl-dbi/usr/lib/perl5/vendor_perl/DBD/Gofer/Transport/stream.pm
Installing /home/packager/aports/main/perl-dbi/pkg/perl-dbi/usr/lib/perl5/vendor_perl/DBD/Gofer/Policy/classic.pm
Installing /home/packager/aports/main/perl-dbi/pkg/perl-dbi/usr/lib/perl5/vendor_perl/DBD/Gofer/Policy/rush.pm
Installing /home/packager/aports/main/perl-dbi/pkg/perl-dbi/usr/lib/perl5/vendor_perl/DBD/Gofer/Policy/Base.pm
Installing /home/packager/aports/main/perl-dbi/pkg/perl-dbi/usr/lib/perl5/vendor_perl/DBD/Gofer/Policy/pedantic.pm
Installing /home/packager/aports/main/perl-dbi/pkg/perl-dbi/usr/share/man/man1/dbiprof.1
Installing /home/packager/aports/main/perl-dbi/pkg/perl-dbi/usr/share/man/man1/dbilogstrip.1
Installing /home/packager/aports/main/perl-dbi/pkg/perl-dbi/usr/share/man/man1/dbiproxy.1
Installing /home/packager/aports/main/perl-dbi/pkg/perl-dbi/usr/share/man/man3/DBI::Const::GetInfo::ODBC.3pm
Installing /home/packager/aports/main/perl-dbi/pkg/perl-dbi/usr/share/man/man3/DBI::ProfileSubs.3pm
Installing /home/packager/aports/main/perl-dbi/pkg/perl-dbi/usr/share/man/man3/DBI::Gofer::Transport::Base.3pm
Installing /home/packager/aports/main/perl-dbi/pkg/perl-dbi/usr/share/man/man3/DBD::Gofer::Transport::stream.3pm
Installing /home/packager/aports/main/perl-dbi/pkg/perl-dbi/usr/share/man/man3/DBI::Gofer::Transport::pipeone.3pm
Installing /home/packager/aports/main/perl-dbi/pkg/perl-dbi/usr/share/man/man3/DBD::Sponge.3pm
Installing /home/packager/aports/main/perl-dbi/pkg/perl-dbi/usr/share/man/man3/DBI::Profile.3pm
Installing /home/packager/aports/main/perl-dbi/pkg/perl-dbi/usr/share/man/man3/DBI::DBD::SqlEngine.3pm
Installing /home/packager/aports/main/perl-dbi/pkg/perl-dbi/usr/share/man/man3/DBI::ProfileData.3pm
Installing /home/packager/aports/main/perl-dbi/pkg/perl-dbi/usr/share/man/man3/DBI::Gofer::Execute.3pm
Installing /home/packager/aports/main/perl-dbi/pkg/perl-dbi/usr/share/man/man3/DBI::DBD::Metadata.3pm
Installing /home/packager/aports/main/perl-dbi/pkg/perl-dbi/usr/share/man/man3/DBI::Gofer::Serializer::DataDumper.3pm
Installing /home/packager/aports/main/perl-dbi/pkg/perl-dbi/usr/share/man/man3/DBD::Gofer::Policy::classic.3pm
Installing /home/packager/aports/main/perl-dbi/pkg/perl-dbi/usr/share/man/man3/DBD::Gofer::Policy::Base.3pm
Installing /home/packager/aports/main/perl-dbi/pkg/perl-dbi/usr/share/man/man3/DBD::Gofer::Policy::rush.3pm
Installing /home/packager/aports/main/perl-dbi/pkg/perl-dbi/usr/share/man/man3/DBI::PurePerl.3pm
Installing /home/packager/aports/main/perl-dbi/pkg/perl-dbi/usr/share/man/man3/DBD::Gofer::Transport::corostream.3pm
Installing /home/packager/aports/main/perl-dbi/pkg/perl-dbi/usr/share/man/man3/DBI::DBD.3pm
Installing /home/packager/aports/main/perl-dbi/pkg/perl-dbi/usr/share/man/man3/DBI::ProxyServer.3pm
Installing /home/packager/aports/main/perl-dbi/pkg/perl-dbi/usr/share/man/man3/DBD::Gofer::Policy::pedantic.3pm
Installing /home/packager/aports/main/perl-dbi/pkg/perl-dbi/usr/share/man/man3/DBI::Gofer::Transport::stream.3pm
Installing /home/packager/aports/main/perl-dbi/pkg/perl-dbi/usr/share/man/man3/DBD::Mem.3pm
Installing /home/packager/aports/main/perl-dbi/pkg/perl-dbi/usr/share/man/man3/DBD::Proxy.3pm
Installing /home/packager/aports/main/perl-dbi/pkg/perl-dbi/usr/share/man/man3/DBI::W32ODBC.3pm
Installing /home/packager/aports/main/perl-dbi/pkg/perl-dbi/usr/share/man/man3/DBD::Gofer::Transport::Base.3pm
Installing /home/packager/aports/main/perl-dbi/pkg/perl-dbi/usr/share/man/man3/Win32::DBIODBC.3pm
Installing /home/packager/aports/main/perl-dbi/pkg/perl-dbi/usr/share/man/man3/DBD::File.3pm
Installing /home/packager/aports/main/perl-dbi/pkg/perl-dbi/usr/share/man/man3/DBI::ProfileDumper.3pm
Installing /home/packager/aports/main/perl-dbi/pkg/perl-dbi/usr/share/man/man3/DBD::DBM.3pm
Installing /home/packager/aports/main/perl-dbi/pkg/perl-dbi/usr/share/man/man3/DBI::Gofer::Serializer::Storable.3pm
Installing /home/packager/aports/main/perl-dbi/pkg/perl-dbi/usr/share/man/man3/DBI::Const::GetInfo::ANSI.3pm
Installing /home/packager/aports/main/perl-dbi/pkg/perl-dbi/usr/share/man/man3/DBI::Util::CacheMemory.3pm
Installing /home/packager/aports/main/perl-dbi/pkg/perl-dbi/usr/share/man/man3/DBI::Gofer::Serializer::Base.3pm
Installing /home/packager/aports/main/perl-dbi/pkg/perl-dbi/usr/share/man/man3/Bundle::DBI.3pm
Installing /home/packager/aports/main/perl-dbi/pkg/perl-dbi/usr/share/man/man3/DBD::File::Developers.3pm
Installing /home/packager/aports/main/perl-dbi/pkg/perl-dbi/usr/share/man/man3/DBI::Gofer::Request.3pm
Installing /home/packager/aports/main/perl-dbi/pkg/perl-dbi/usr/share/man/man3/DBD::File::Roadmap.3pm
Installing /home/packager/aports/main/perl-dbi/pkg/perl-dbi/usr/share/man/man3/DBD::Gofer::Transport::null.3pm
Installing /home/packager/aports/main/perl-dbi/pkg/perl-dbi/usr/share/man/man3/DBI.3pm
Installing /home/packager/aports/main/perl-dbi/pkg/perl-dbi/usr/share/man/man3/DBI::DBD::SqlEngine::Developers.3pm
Installing /home/packager/aports/main/perl-dbi/pkg/perl-dbi/usr/share/man/man3/DBI::DBD::SqlEngine::HowTo.3pm
Installing /home/packager/aports/main/perl-dbi/pkg/perl-dbi/usr/share/man/man3/DBI::Changes.3pm
Installing /home/packager/aports/main/perl-dbi/pkg/perl-dbi/usr/share/man/man3/DBD::Gofer::Transport::pipeone.3pm
Installing /home/packager/aports/main/perl-dbi/pkg/perl-dbi/usr/share/man/man3/DBI::SQL::Nano.3pm
Installing /home/packager/aports/main/perl-dbi/pkg/perl-dbi/usr/share/man/man3/DBD::Gofer.3pm
Installing /home/packager/aports/main/perl-dbi/pkg/perl-dbi/usr/share/man/man3/DBI::Const::GetInfoReturn.3pm
Installing /home/packager/aports/main/perl-dbi/pkg/perl-dbi/usr/share/man/man3/DBI::Gofer::Response.3pm
Installing /home/packager/aports/main/perl-dbi/pkg/perl-dbi/usr/share/man/man3/DBI::ProfileDumper::Apache.3pm
Installing /home/packager/aports/main/perl-dbi/pkg/perl-dbi/usr/share/man/man3/DBI::Const::GetInfoType.3pm
Installing /home/packager/aports/main/perl-dbi/pkg/perl-dbi/usr/share/man/man3/DBD::File::HowTo.3pm
Installing /home/packager/aports/main/perl-dbi/pkg/perl-dbi/usr/bin/dbiprof
Installing /home/packager/aports/main/perl-dbi/pkg/perl-dbi/usr/bin/dbilogstrip
Installing /home/packager/aports/main/perl-dbi/pkg/perl-dbi/usr/bin/dbiproxy
>>> perl-dbi-doc*: Running split function doc...
'usr/lib/perl5/vendor_perl/DBI/DBD/SqlEngine/Developers.pod' -> '/home/packager/aports/main/perl-dbi/pkg/perl-dbi-doc/usr/lib/perl5/vendor_perl/DBI/DBD/SqlEngine/Developers.pod'
'usr/lib/perl5/vendor_perl/DBI/DBD/SqlEngine/HowTo.pod' -> '/home/packager/aports/main/perl-dbi/pkg/perl-dbi-doc/usr/lib/perl5/vendor_perl/DBI/DBD/SqlEngine/HowTo.pod'
'usr/lib/perl5/vendor_perl/DBD/File/Roadmap.pod' -> '/home/packager/aports/main/perl-dbi/pkg/perl-dbi-doc/usr/lib/perl5/vendor_perl/DBD/File/Roadmap.pod'
'usr/lib/perl5/vendor_perl/DBD/File/Developers.pod' -> '/home/packager/aports/main/perl-dbi/pkg/perl-dbi-doc/usr/lib/perl5/vendor_perl/DBD/File/Developers.pod'
'usr/lib/perl5/vendor_perl/DBD/File/HowTo.pod' -> '/home/packager/aports/main/perl-dbi/pkg/perl-dbi-doc/usr/lib/perl5/vendor_perl/DBD/File/HowTo.pod'
'usr/share/man' -> '/home/packager/aports/main/perl-dbi/pkg/perl-dbi-doc/usr/share/man'
>>> perl-dbi-doc*: Preparing subpackage perl-dbi-doc...
>>> perl-dbi-doc*: Running postcheck for perl-dbi-doc
>>> perl-dbi*: Running postcheck for perl-dbi
>>> perl-dbi*: Preparing package perl-dbi...
>>> perl-dbi*: Stripping binaries
>>> perl-dbi-doc*: Scanning shared objects
>>> perl-dbi*: Scanning shared objects
>>> perl-dbi-doc*: Tracing dependencies...
>>> perl-dbi-doc*: Package size: 389.1 KB
>>> perl-dbi-doc*: Compressing data...
>>> perl-dbi-doc*: Create checksum...
pigz: not found
>>> perl-dbi-doc*: Create perl-dbi-doc-1.647-r0.apk
>>> perl-dbi*: Tracing dependencies...
	perl
	so:libc.musl-x86_64.so.1
>>> perl-dbi*: Package size: 1.9 MB
>>> perl-dbi*: Compressing data...
>>> perl-dbi*: Create checksum...
pigz: not found
>>> perl-dbi*: Create perl-dbi-1.647-r0.apk
>>> perl-dbi: Build complete at Sun, 18 May 2025 07:40:53 +0000 elapsed time 0h 1m 37s
>>> perl-dbi: Cleaning up srcdir
>>> perl-dbi: Cleaning up pkgdir
>>> perl-dbi: Uninstalling dependencies...
(1/8) Purging .makedepends-perl-dbi (20250518.073917)
(2/8) Purging perl-dev (5.40.2-r0)
(3/8) Purging perl-utils (5.40.2-r0)
(4/8) Purging git-perl (2.47.2-r0)
(5/8) Purging perl-git (2.47.2-r0)
(6/8) Purging perl-error (0.17029-r2)
(7/8) Purging perl (5.40.2-r0)
(8/8) Purging libbz2 (1.0.8-r6)
Executing busybox-1.37.0-r12.trigger
OK: 260 MiB in 81 packages
>>> perl-dbi: Updating the main/x86_64 repository index...
>>> perl-dbi: Signing the index...
pigz: not found
