pigz: not found
>>> perl-sub-exporter-progressive: Building main/perl-sub-exporter-progressive 0.001013-r4 (using abuild 3.14.1-r4) started Sun, 18 May 2025 07:51:32 +0000
>>> perl-sub-exporter-progressive: Validating /home/packager/aports/main/perl-sub-exporter-progressive/APKBUILD...
>>> perl-sub-exporter-progressive: Analyzing dependencies...
>>> perl-sub-exporter-progressive: Installing for build: build-base perl perl-dev
(1/8) Installing libbz2 (1.0.8-r6)
(2/8) Installing perl (5.40.2-r0)
(3/8) Installing perl-utils (5.40.2-r0)
(4/8) Installing perl-dev (5.40.2-r0)
(5/8) Installing .makedepends-perl-sub-exporter-progressive (20250518.075134)
(6/8) Installing perl-error (0.17029-r2)
(7/8) Installing perl-git (2.47.2-r0)
(8/8) Installing git-perl (2.47.2-r0)
Executing busybox-1.37.0-r12.trigger
OK: 307 MiB in 89 packages
>>> perl-sub-exporter-progressive: Cleaning up srcdir
>>> perl-sub-exporter-progressive: Cleaning up pkgdir
>>> perl-sub-exporter-progressive: Cleaning up tmpdir
>>> perl-sub-exporter-progressive: Fetching https://cpan.metacpan.org/authors/id/F/FR/FREW/Sub-Exporter-Progressive-0.001013.tar.gz
Connecting to cpan.metacpan.org (146.75.122.217:443)
saving to '/var/cache/distfiles/Sub-Exporter-Progressive-0.001013.tar.gz.part'
Sub-Exporter-Progres 100% |********************************| 13468  0:00:00 ETA
'/var/cache/distfiles/Sub-Exporter-Progressive-0.001013.tar.gz.part' saved
>>> perl-sub-exporter-progressive: Fetching https://cpan.metacpan.org/authors/id/F/FR/FREW/Sub-Exporter-Progressive-0.001013.tar.gz
>>> perl-sub-exporter-progressive: Checking sha512sums...
Sub-Exporter-Progressive-0.001013.tar.gz: OK
>>> perl-sub-exporter-progressive: Unpacking /var/cache/distfiles/Sub-Exporter-Progressive-0.001013.tar.gz...
Checking if your kit is complete...
Looks good
Generating a Unix-style Makefile
Writing Makefile for Sub::Exporter::Progressive
Writing MYMETA.yml and MYMETA.json
cp lib/Sub/Exporter/Progressive.pm blib/lib/Sub/Exporter/Progressive.pm
Manifying 1 pod document
PERL_DL_NONLAZY=1 "/usr/bin/perl" "-MExtUtils::Command::MM" "-MTest::Harness" "-e" "undef *Test::Harness::Switches; test_harness(0, 'blib/lib', 'blib/arch')" t/*.t
t/all.t .......................... ok
t/author-pod-syntax.t ............ skipped: these tests are for testing by the author
t/basic.t ........................ ok
t/default.t ...................... ok
t/release-changes_has_content.t .. skipped: these tests are for release candidate testing
t/sex.t .......................... skipped: Sub::Exporter not installed
t/tags.t ......................... ok
t/version-check.t ................ ok
All tests successful.
Files=8, Tests=59,  0 wallclock secs ( 0.05 usr  0.00 sys +  0.37 cusr  0.06 csys =  0.48 CPU)
Result: PASS
>>> perl-sub-exporter-progressive: Entering fakeroot...
Manifying 1 pod document
Appending installation info to /home/packager/aports/main/perl-sub-exporter-progressive/pkg/perl-sub-exporter-progressive/usr/lib/perl5/core_perl/perllocal.pod
Installing /home/packager/aports/main/perl-sub-exporter-progressive/pkg/perl-sub-exporter-progressive/usr/share/perl5/vendor_perl/Sub/Exporter/Progressive.pm
Installing /home/packager/aports/main/perl-sub-exporter-progressive/pkg/perl-sub-exporter-progressive/usr/share/man/man3/Sub::Exporter::Progressive.3pm
>>> perl-sub-exporter-progressive-doc*: Running split function doc...
'usr/share/man' -> '/home/packager/aports/main/perl-sub-exporter-progressive/pkg/perl-sub-exporter-progressive-doc/usr/share/man'
>>> perl-sub-exporter-progressive-doc*: Preparing subpackage perl-sub-exporter-progressive-doc...
>>> perl-sub-exporter-progressive-doc*: Running postcheck for perl-sub-exporter-progressive-doc
>>> perl-sub-exporter-progressive*: Running postcheck for perl-sub-exporter-progressive
>>> perl-sub-exporter-progressive*: Preparing package perl-sub-exporter-progressive...
>>> perl-sub-exporter-progressive-doc*: Tracing dependencies...
>>> perl-sub-exporter-progressive-doc*: Package size: 1.7 KB
>>> perl-sub-exporter-progressive-doc*: Compressing data...
>>> perl-sub-exporter-progressive-doc*: Create checksum...
pigz: not found
>>> perl-sub-exporter-progressive-doc*: Create perl-sub-exporter-progressive-doc-0.001013-r4.apk
>>> perl-sub-exporter-progressive*: Tracing dependencies...
	perl
>>> perl-sub-exporter-progressive*: Package size: 4.7 KB
>>> perl-sub-exporter-progressive*: Compressing data...
>>> perl-sub-exporter-progressive*: Create checksum...
pigz: not found
>>> perl-sub-exporter-progressive*: Create perl-sub-exporter-progressive-0.001013-r4.apk
>>> perl-sub-exporter-progressive: Build complete at Sun, 18 May 2025 07:51:37 +0000 elapsed time 0h 0m 5s
>>> perl-sub-exporter-progressive: Cleaning up srcdir
>>> perl-sub-exporter-progressive: Cleaning up pkgdir
>>> perl-sub-exporter-progressive: Uninstalling dependencies...
(1/8) Purging .makedepends-perl-sub-exporter-progressive (20250518.075134)
(2/8) Purging perl-dev (5.40.2-r0)
(3/8) Purging perl-utils (5.40.2-r0)
(4/8) Purging git-perl (2.47.2-r0)
(5/8) Purging perl-git (2.47.2-r0)
(6/8) Purging perl-error (0.17029-r2)
(7/8) Purging perl (5.40.2-r0)
(8/8) Purging libbz2 (1.0.8-r6)
Executing busybox-1.37.0-r12.trigger
OK: 261 MiB in 81 packages
>>> perl-sub-exporter-progressive: Updating the main/x86_64 repository index...
>>> perl-sub-exporter-progressive: Signing the index...
pigz: not found
