pigz: not found
>>> perl-http-date: Building main/perl-http-date 6.06-r0 (using abuild 3.14.1-r4) started Sun, 18 May 2025 07:13:08 +0000
>>> perl-http-date: Validating /home/packager/aports/main/perl-http-date/APKBUILD...
>>> perl-http-date: Analyzing dependencies...
>>> perl-http-date: Installing for build: build-base perl
(1/6) Installing libbz2 (1.0.8-r6)
(2/6) Installing perl (5.40.2-r0)
(3/6) Installing .makedepends-perl-http-date (20250518.071310)
(4/6) Installing perl-error (0.17029-r2)
(5/6) Installing perl-git (2.47.2-r0)
(6/6) Installing git-perl (2.47.2-r0)
Executing busybox-1.37.0-r12.trigger
OK: 297 MiB in 87 packages
>>> perl-http-date: Cleaning up srcdir
>>> perl-http-date: Cleaning up pkgdir
>>> perl-http-date: Cleaning up tmpdir
>>> perl-http-date: Fetching https://cpan.metacpan.org/authors/id/O/OA/OALDERS/HTTP-Date-6.06.tar.gz
Connecting to cpan.metacpan.org (146.75.122.217:443)
saving to '/var/cache/distfiles/HTTP-Date-6.06.tar.gz.part'
HTTP-Date-6.06.tar.g 100% |********************************| 31629  0:00:00 ETA
'/var/cache/distfiles/HTTP-Date-6.06.tar.gz.part' saved
>>> perl-http-date: Fetching https://cpan.metacpan.org/authors/id/O/OA/OALDERS/HTTP-Date-6.06.tar.gz
>>> perl-http-date: Checking sha512sums...
HTTP-Date-6.06.tar.gz: OK
>>> perl-http-date: Unpacking /var/cache/distfiles/HTTP-Date-6.06.tar.gz...
Warning: prerequisite Time::Zone 0 not found.
Checking if your kit is complete...
Looks good
Generating a Unix-style Makefile
Writing Makefile for HTTP::Date
Writing MYMETA.yml and MYMETA.json
cp lib/HTTP/Date.pm blib/lib/HTTP/Date.pm
Manifying 1 pod document
PERL_DL_NONLAZY=1 "/usr/bin/perl" "-MExtUtils::Command::MM" "-MTest::Harness" "-e" "undef *Test::Harness::Switches; test_harness(0, 'blib/lib', 'blib/arch')" t/*.t
t/00-compile.t ......... ok
# 
# Versions for all modules listed in MYMETA.json (including optional ones):
# 
# === Configure Requires ===
# 
#     Module              Want Have
#     ------------------- ---- ----
#     ExtUtils::MakeMaker  any 7.70
# 
# === Configure Suggests ===
# 
#     Module      Want Have
#     -------- ------- ----
#     JSON::PP 2.27300 4.16
# 
# === Build Requires ===
# 
#     Module              Want Have
#     ------------------- ---- ----
#     ExtUtils::MakeMaker  any 7.70
# 
# === Test Requires ===
# 
#     Module                  Want     Have
#     ------------------- -------- --------
#     ExtUtils::MakeMaker      any     7.70
#     File::Spec               any     3.91
#     IO::Handle               any     1.55
#     IPC::Open3               any     1.22
#     Test::More               any 1.302199
#     perl                5.006002 5.040002
#     warnings                 any     1.70
# 
# === Test Recommends ===
# 
#     Module         Want     Have
#     ---------- -------- --------
#     CPAN::Meta 2.120900 2.150010
# 
# === Runtime Requires ===
# 
#     Module          Want     Have
#     ----------- -------- --------
#     Exporter         any     5.78
#     Time::Local     1.28     1.35
#     Time::Zone       any  missing
#     perl        5.006002 5.040002
#     strict           any     1.13
# 
# 
# *** WARNING WARNING WARNING WARNING WARNING WARNING WARNING WARNING ***
# 
# The following REQUIRED prerequisites were not satisfied:
# 
# Time::Zone is not installed (any version required)
# 
t/00-report-prereqs.t .. ok
t/date.t ............... ok
All tests successful.
Files=3, Tests=143,  0 wallclock secs ( 0.04 usr  0.01 sys +  0.40 cusr  0.05 csys =  0.50 CPU)
Result: PASS
>>> perl-http-date: Entering fakeroot...
Manifying 1 pod document
Appending installation info to /home/packager/aports/main/perl-http-date/pkg/perl-http-date/usr/lib/perl5/core_perl/perllocal.pod
Installing /home/packager/aports/main/perl-http-date/pkg/perl-http-date/usr/share/perl5/vendor_perl/HTTP/Date.pm
Installing /home/packager/aports/main/perl-http-date/pkg/perl-http-date/usr/share/man/man3/HTTP::Date.3pm
>>> perl-http-date-doc*: Running split function doc...
'usr/share/man' -> '/home/packager/aports/main/perl-http-date/pkg/perl-http-date-doc/usr/share/man'
>>> perl-http-date-doc*: Preparing subpackage perl-http-date-doc...
>>> perl-http-date-doc*: Running postcheck for perl-http-date-doc
>>> perl-http-date*: Running postcheck for perl-http-date
>>> perl-http-date*: Preparing package perl-http-date...
>>> perl-http-date-doc*: Tracing dependencies...
>>> perl-http-date-doc*: Package size: 2.8 KB
>>> perl-http-date-doc*: Compressing data...
>>> perl-http-date-doc*: Create checksum...
pigz: not found
>>> perl-http-date-doc*: Create perl-http-date-doc-6.06-r0.apk
>>> perl-http-date*: Tracing dependencies...
	perl
>>> perl-http-date*: Package size: 11.7 KB
>>> perl-http-date*: Compressing data...
>>> perl-http-date*: Create checksum...
pigz: not found
>>> perl-http-date*: Create perl-http-date-6.06-r0.apk
>>> perl-http-date: Build complete at Sun, 18 May 2025 07:13:13 +0000 elapsed time 0h 0m 5s
>>> perl-http-date: Cleaning up srcdir
>>> perl-http-date: Cleaning up pkgdir
>>> perl-http-date: Uninstalling dependencies...
(1/6) Purging .makedepends-perl-http-date (20250518.071310)
(2/6) Purging git-perl (2.47.2-r0)
(3/6) Purging perl-git (2.47.2-r0)
(4/6) Purging perl-error (0.17029-r2)
(5/6) Purging perl (5.40.2-r0)
(6/6) Purging libbz2 (1.0.8-r6)
Executing busybox-1.37.0-r12.trigger
OK: 260 MiB in 81 packages
>>> perl-http-date: Updating the main/x86_64 repository index...
>>> perl-http-date: Signing the index...
pigz: not found
