pigz: not found
>>> perl-test-mockobject: Building main/perl-test-mockobject 1.20200122-r2 (using abuild 3.14.1-r4) started Sun, 18 May 2025 09:33:46 +0000
>>> perl-test-mockobject: Validating /home/packager/aports/main/perl-test-mockobject/APKBUILD...
>>> perl-test-mockobject: Analyzing dependencies...
>>> perl-test-mockobject: Installing for build: build-base perl perl-dev perl-test-warn perl-test-exception perl-universal-isa perl-universal-can
(1/13) Installing libbz2 (1.0.8-r6)
(2/13) Installing perl (5.40.2-r0)
(3/13) Installing perl-utils (5.40.2-r0)
(4/13) Installing perl-dev (5.40.2-r0)
(5/13) Installing perl-sub-uplevel (0.2800-r6)
(6/13) Installing perl-test-warn (0.37-r2)
(7/13) Installing perl-test-exception (0.43-r4)
(8/13) Installing perl-universal-isa (1.20171012-r3)
(9/13) Installing perl-universal-can (1.20140328-r3)
(10/13) Installing .makedepends-perl-test-mockobject (20250518.093348)
(11/13) Installing perl-error (0.17030-r0)
(12/13) Installing perl-git (2.47.2-r0)
(13/13) Installing git-perl (2.47.2-r0)
Executing busybox-1.37.0-r12.trigger
OK: 307 MiB in 94 packages
>>> perl-test-mockobject: Cleaning up srcdir
>>> perl-test-mockobject: Cleaning up pkgdir
>>> perl-test-mockobject: Cleaning up tmpdir
>>> perl-test-mockobject: Fetching https://cpan.metacpan.org/authors/id/C/CH/CHROMATIC/Test-MockObject-1.20200122.tar.gz
Connecting to cpan.metacpan.org (146.75.122.217:443)
saving to '/var/cache/distfiles/Test-MockObject-1.20200122.tar.gz.part'
Test-MockObject-1.20 100% |********************************| 30294  0:00:00 ETA
'/var/cache/distfiles/Test-MockObject-1.20200122.tar.gz.part' saved
>>> perl-test-mockobject: Fetching https://cpan.metacpan.org/authors/id/C/CH/CHROMATIC/Test-MockObject-1.20200122.tar.gz
>>> perl-test-mockobject: Checking sha512sums...
Test-MockObject-1.20200122.tar.gz: OK
>>> perl-test-mockobject: Unpacking /var/cache/distfiles/Test-MockObject-1.20200122.tar.gz...
Checking if your kit is complete...
Looks good
Generating a Unix-style Makefile
Writing Makefile for Test::MockObject
Writing MYMETA.yml and MYMETA.json
cp lib/Test/MockObject/Extends.pm blib/lib/Test/MockObject/Extends.pm
cp lib/Test/MockObject.pm blib/lib/Test/MockObject.pm
Manifying 2 pod documents
PERL_DL_NONLAZY=1 "/usr/bin/perl" "-MExtUtils::Command::MM" "-MTest::Harness" "-e" "undef *Test::Harness::Switches; test_harness(0, 'blib/lib', 'blib/arch')" t/*.t
t/base.t ...................... ok
t/bugs.t ...................... ok
t/debugger.t .................. ok
Called UNIVERSAL::isa() as a function, not a method at /usr/share/perl5/vendor_perl/UNIVERSAL/can.pm line 46.
Called UNIVERSAL::isa() as a function, not a method at /usr/share/perl5/vendor_perl/UNIVERSAL/can.pm line 46.
Called UNIVERSAL::isa() as a function, not a method at /usr/share/perl5/vendor_perl/UNIVERSAL/can.pm line 46.
Called UNIVERSAL::isa() as a function, not a method at /usr/share/perl5/vendor_perl/UNIVERSAL/can.pm line 46.
Called UNIVERSAL::isa() as a function, not a method at /usr/share/perl5/core_perl/Test2/API/Context.pm line 223.
t/debuggingwarnings.t ......... ok
Called UNIVERSAL::isa() as a function, not a method at /usr/share/perl5/vendor_perl/UNIVERSAL/can.pm line 46.
Called UNIVERSAL::isa() as a function, not a method at /usr/share/perl5/vendor_perl/UNIVERSAL/can.pm line 46.
Called UNIVERSAL::isa() as a function, not a method at /usr/share/perl5/vendor_perl/UNIVERSAL/can.pm line 46.
Called UNIVERSAL::isa() as a function, not a method at /usr/share/perl5/vendor_perl/UNIVERSAL/can.pm line 46.
Called UNIVERSAL::isa() as a function, not a method at /usr/share/perl5/core_perl/Test2/API/Context.pm line 223.
t/debuggingwarningsextends.t .. ok
t/extends-bugs.t .............. ok
t/extends-fields.t ............ ok
t/extends.t ................... ok
t/ignore.t .................... ok
t/isa.t ....................... ok
t/multimock.t ................. ok
t/nodefaultwarnings.t ......... ok
All tests successful.
Files=12, Tests=232,  1 wallclock secs ( 0.06 usr  0.02 sys +  0.96 cusr  0.19 csys =  1.23 CPU)
Result: PASS
>>> perl-test-mockobject: Entering fakeroot...
Manifying 2 pod documents
Appending installation info to /home/packager/aports/main/perl-test-mockobject/pkg/perl-test-mockobject/usr/lib/perl5/core_perl/perllocal.pod
Installing /home/packager/aports/main/perl-test-mockobject/pkg/perl-test-mockobject/usr/share/perl5/vendor_perl/Test/MockObject.pm
Installing /home/packager/aports/main/perl-test-mockobject/pkg/perl-test-mockobject/usr/share/perl5/vendor_perl/Test/MockObject/Extends.pm
Installing /home/packager/aports/main/perl-test-mockobject/pkg/perl-test-mockobject/usr/share/man/man3/Test::MockObject::Extends.3pm
Installing /home/packager/aports/main/perl-test-mockobject/pkg/perl-test-mockobject/usr/share/man/man3/Test::MockObject.3pm
>>> perl-test-mockobject-doc*: Running split function doc...
'usr/share/man' -> '/home/packager/aports/main/perl-test-mockobject/pkg/perl-test-mockobject-doc/usr/share/man'
>>> perl-test-mockobject-doc*: Preparing subpackage perl-test-mockobject-doc...
>>> perl-test-mockobject-doc*: Running postcheck for perl-test-mockobject-doc
>>> perl-test-mockobject*: Running postcheck for perl-test-mockobject
>>> perl-test-mockobject*: Preparing package perl-test-mockobject...
>>> perl-test-mockobject-doc*: Tracing dependencies...
>>> perl-test-mockobject-doc*: Package size: 9.3 KB
>>> perl-test-mockobject-doc*: Compressing data...
>>> perl-test-mockobject-doc*: Create checksum...
pigz: not found
>>> perl-test-mockobject-doc*: Create perl-test-mockobject-doc-1.20200122-r2.apk
>>> perl-test-mockobject*: Tracing dependencies...
	perl
>>> perl-test-mockobject*: Package size: 32.1 KB
>>> perl-test-mockobject*: Compressing data...
>>> perl-test-mockobject*: Create checksum...
pigz: not found
>>> perl-test-mockobject*: Create perl-test-mockobject-1.20200122-r2.apk
>>> perl-test-mockobject: Build complete at Sun, 18 May 2025 09:33:51 +0000 elapsed time 0h 0m 5s
>>> perl-test-mockobject: Cleaning up srcdir
>>> perl-test-mockobject: Cleaning up pkgdir
>>> perl-test-mockobject: Uninstalling dependencies...
(1/13) Purging .makedepends-perl-test-mockobject (20250518.093348)
(2/13) Purging perl-dev (5.40.2-r0)
(3/13) Purging perl-utils (5.40.2-r0)
(4/13) Purging perl-test-warn (0.37-r2)
(5/13) Purging perl-test-exception (0.43-r4)
(6/13) Purging perl-sub-uplevel (0.2800-r6)
(7/13) Purging perl-universal-isa (1.20171012-r3)
(8/13) Purging perl-universal-can (1.20140328-r3)
(9/13) Purging git-perl (2.47.2-r0)
(10/13) Purging perl-git (2.47.2-r0)
(11/13) Purging perl-error (0.17030-r0)
(12/13) Purging perl (5.40.2-r0)
(13/13) Purging libbz2 (1.0.8-r6)
Executing busybox-1.37.0-r12.trigger
OK: 261 MiB in 81 packages
>>> perl-test-mockobject: Updating the main/x86_64 repository index...
>>> perl-test-mockobject: Signing the index...
pigz: not found
