pigz: not found
>>> perl-data-page-pageset: Building main/perl-data-page-pageset 1.02-r5 (using abuild 3.14.1-r4) started Sun, 18 May 2025 07:49:20 +0000
>>> perl-data-page-pageset: Validating /home/packager/aports/main/perl-data-page-pageset/APKBUILD...
>>> perl-data-page-pageset: Analyzing dependencies...
>>> perl-data-page-pageset: Installing for build: build-base perl perl-data-page perl-class-accessor perl-dev perl-module-build perl-test-exception
(1/14) Installing libbz2 (1.0.8-r6)
(2/14) Installing perl (5.40.2-r0)
(3/14) Installing perl-class-accessor (0.51-r4)
(4/14) Installing perl-class-accessor-chained (0.01-r4)
(5/14) Installing perl-data-page (2.03-r4)
(6/14) Installing perl-utils (5.40.2-r0)
(7/14) Installing perl-dev (5.40.2-r0)
(8/14) Installing perl-module-build (0.4234-r1)
(9/14) Installing perl-sub-uplevel (0.2800-r6)
(10/14) Installing perl-test-exception (0.43-r4)
(11/14) Installing .makedepends-perl-data-page-pageset (20250518.074922)
(12/14) Installing perl-error (0.17029-r2)
(13/14) Installing perl-git (2.47.2-r0)
(14/14) Installing git-perl (2.47.2-r0)
Executing busybox-1.37.0-r12.trigger
OK: 307 MiB in 95 packages
>>> perl-data-page-pageset: Cleaning up srcdir
>>> perl-data-page-pageset: Cleaning up pkgdir
>>> perl-data-page-pageset: Cleaning up tmpdir
>>> perl-data-page-pageset: Fetching https://cpan.metacpan.org/authors/id/C/CH/CHUNZI/Data-Page-Pageset-1.02.tar.gz
Connecting to cpan.metacpan.org (146.75.122.217:443)
saving to '/var/cache/distfiles/Data-Page-Pageset-1.02.tar.gz.part'
Data-Page-Pageset-1. 100% |********************************|  4220  0:00:00 ETA
'/var/cache/distfiles/Data-Page-Pageset-1.02.tar.gz.part' saved
>>> perl-data-page-pageset: Fetching https://cpan.metacpan.org/authors/id/C/CH/CHUNZI/Data-Page-Pageset-1.02.tar.gz
>>> perl-data-page-pageset: Checking sha512sums...
Data-Page-Pageset-1.02.tar.gz: OK
>>> perl-data-page-pageset: Unpacking /var/cache/distfiles/Data-Page-Pageset-1.02.tar.gz...
Created MYMETA.yml and MYMETA.json
Creating new 'Build' script for 'Data-Page-Pageset' version '1.02'
Building Data-Page-Pageset
# Testing Data::Page::Pageset 1.02
t/00.load.t ....... ok
Subroutine Test2::API::Instance::ipc redefined at /usr/share/perl5/core_perl/Test2/API/Instance.pm line 64.
Subroutine Test2::API::Instance::formatter redefined at /usr/share/perl5/core_perl/Test2/API/Instance.pm line 64.
Subroutine set_todo redefined at /usr/share/perl5/core_perl/Test2/Event/Ok.pm line 23.
Subroutine set_subevents redefined at /usr/share/perl5/core_perl/Test2/Event/Subtest.pm line 22.
Built-in function 'builtin::is_bool' is experimental at /usr/lib/perl5/core_perl/Data/Dumper.pm line 558.
------------------------------
total_entries: 1024 
entries_per_page: 25 
current_page: 13 
pages_per_set: 6 
max_pagesets: 3 
Output: 1 2 3 4 5 6 7 8 9 10 11 12 13 14 15-28 29-41 
------------------------------
total_entries: 1024 
entries_per_page: 25 
current_page: 13 
pages_per_set: 6 
max_pagesets: [undef] 
Output: 1-6 7-12 13 14 15 16 17 18 19-24 25-30 31-36 37-41 
------------------------------
Argument "ok" isn't numeric in addition (+) at /usr/share/perl5/core_perl/Test/Builder.pm line 689.
t/01.main.t ....... ok
t/pod-coverage.t .. skipped: Test::Pod::Coverage 1.04 required for testing POD coverage
t/pod.t ........... skipped: Test::Pod 1.14 required for testing POD
All tests successful.
Files=4, Tests=2,  1 wallclock secs ( 0.02 usr  0.01 sys +  0.24 cusr  0.06 csys =  0.33 CPU)
Result: PASS
>>> perl-data-page-pageset: Entering fakeroot...
Building Data-Page-Pageset
Installing /home/packager/aports/main/perl-data-page-pageset/pkg/perl-data-page-pageset/usr/share/perl5/vendor_perl/Data/Page/Pageset.pm
Installing /home/packager/aports/main/perl-data-page-pageset/pkg/perl-data-page-pageset/usr/share/perl5/vendor_perl/Data/Page/Pageset/Chunk.pm
Installing /home/packager/aports/main/perl-data-page-pageset/pkg/perl-data-page-pageset/usr/share/man/man3/Data::Page::Pageset.3pm
>>> perl-data-page-pageset-doc*: Running split function doc...
'usr/share/man' -> '/home/packager/aports/main/perl-data-page-pageset/pkg/perl-data-page-pageset-doc/usr/share/man'
>>> perl-data-page-pageset-doc*: Preparing subpackage perl-data-page-pageset-doc...
>>> perl-data-page-pageset-doc*: Running postcheck for perl-data-page-pageset-doc
>>> perl-data-page-pageset*: Running postcheck for perl-data-page-pageset
>>> perl-data-page-pageset*: Preparing package perl-data-page-pageset...
>>> perl-data-page-pageset-doc*: Tracing dependencies...
>>> perl-data-page-pageset-doc*: Package size: 2.4 KB
>>> perl-data-page-pageset-doc*: Compressing data...
>>> perl-data-page-pageset-doc*: Create checksum...
pigz: not found
>>> perl-data-page-pageset-doc*: Create perl-data-page-pageset-doc-1.02-r5.apk
>>> perl-data-page-pageset*: Tracing dependencies...
	perl
	perl-data-page
	perl-class-accessor
>>> perl-data-page-pageset*: Package size: 7.9 KB
>>> perl-data-page-pageset*: Compressing data...
>>> perl-data-page-pageset*: Create checksum...
pigz: not found
>>> perl-data-page-pageset*: Create perl-data-page-pageset-1.02-r5.apk
>>> perl-data-page-pageset: Build complete at Sun, 18 May 2025 07:49:25 +0000 elapsed time 0h 0m 5s
>>> perl-data-page-pageset: Cleaning up srcdir
>>> perl-data-page-pageset: Cleaning up pkgdir
>>> perl-data-page-pageset: Uninstalling dependencies...
(1/14) Purging .makedepends-perl-data-page-pageset (20250518.074922)
(2/14) Purging perl-data-page (2.03-r4)
(3/14) Purging perl-class-accessor-chained (0.01-r4)
(4/14) Purging perl-class-accessor (0.51-r4)
(5/14) Purging perl-dev (5.40.2-r0)
(6/14) Purging perl-utils (5.40.2-r0)
(7/14) Purging perl-module-build (0.4234-r1)
(8/14) Purging perl-test-exception (0.43-r4)
(9/14) Purging perl-sub-uplevel (0.2800-r6)
(10/14) Purging git-perl (2.47.2-r0)
(11/14) Purging perl-git (2.47.2-r0)
(12/14) Purging perl-error (0.17029-r2)
(13/14) Purging perl (5.40.2-r0)
(14/14) Purging libbz2 (1.0.8-r6)
Executing busybox-1.37.0-r12.trigger
OK: 261 MiB in 81 packages
>>> perl-data-page-pageset: Updating the main/x86_64 repository index...
>>> perl-data-page-pageset: Signing the index...
pigz: not found
