pigz: not found
>>> perl-test-notabs: Building main/perl-test-notabs 2.02-r4 (using abuild 3.14.1-r4) started Sun, 18 May 2025 10:17:46 +0000
>>> perl-test-notabs: Validating /home/packager/aports/main/perl-test-notabs/APKBUILD...
>>> perl-test-notabs: Analyzing dependencies...
>>> perl-test-notabs: Installing for build: build-base perl
(1/6) Installing libbz2 (1.0.8-r6)
(2/6) Installing perl (5.40.2-r0)
(3/6) Installing .makedepends-perl-test-notabs (20250518.101747)
(4/6) Installing perl-error (0.17030-r0)
(5/6) Installing perl-git (2.47.2-r0)
(6/6) Installing git-perl (2.47.2-r0)
Executing busybox-1.37.0-r12.trigger
OK: 297 MiB in 87 packages
>>> perl-test-notabs: Cleaning up srcdir
>>> perl-test-notabs: Cleaning up pkgdir
>>> perl-test-notabs: Cleaning up tmpdir
>>> perl-test-notabs: Fetching https://cpan.metacpan.org/authors/id/E/ET/ETHER/Test-NoTabs-2.02.tar.gz
Connecting to cpan.metacpan.org (146.75.122.217:443)
saving to '/var/cache/distfiles/Test-NoTabs-2.02.tar.gz.part'
Test-NoTabs-2.02.tar 100% |********************************| 29626  0:00:00 ETA
'/var/cache/distfiles/Test-NoTabs-2.02.tar.gz.part' saved
>>> perl-test-notabs: Fetching https://cpan.metacpan.org/authors/id/E/ET/ETHER/Test-NoTabs-2.02.tar.gz
>>> perl-test-notabs: Checking sha512sums...
Test-NoTabs-2.02.tar.gz: OK
>>> perl-test-notabs: Unpacking /var/cache/distfiles/Test-NoTabs-2.02.tar.gz...
Checking if your kit is complete...
Looks good
Generating a Unix-style Makefile
Writing Makefile for Test::NoTabs
Writing MYMETA.yml and MYMETA.json
cp lib/Test/NoTabs.pm blib/lib/Test/NoTabs.pm
Manifying 1 pod document
PERL_DL_NONLAZY=1 "/usr/bin/perl" "-MExtUtils::Command::MM" "-MTest::Harness" "-e" "undef *Test::Harness::Switches; test_harness(0, 'blib/lib', 'blib/arch')" t/*.t
# 
# Versions for all modules listed in MYMETA.json (including optional ones):
# 
# === Configure Requires ===
# 
#     Module              Want Have
#     ------------------- ---- ----
#     ExtUtils::MakeMaker  any 7.70
# 
# === Build Requires ===
# 
#     Module              Want Have
#     ------------------- ---- ----
#     ExtUtils::MakeMaker  any 7.70
# 
# === Test Requires ===
# 
#     Module              Want     Have
#     ------------------- ---- --------
#     ExtUtils::MakeMaker  any     7.70
#     File::Spec           any     3.91
#     File::Temp           any   0.2311
#     Test::More           any 1.302199
# 
# === Test Recommends ===
# 
#     Module         Want     Have
#     ---------- -------- --------
#     CPAN::Meta 2.120900 2.150010
# 
# === Runtime Requires ===
# 
#     Module        Want     Have
#     ------------- ---- --------
#     File::Find     any     1.44
#     File::Spec     any     3.91
#     FindBin        any     1.54
#     Test::Builder  any 1.302199
#     strict         any     1.13
#     warnings       any     1.70
# 
# === Other Modules ===
# 
#     Module           Have
#     ------------- -------
#     Encode           3.21
#     JSON::PP         4.16
#     Pod::Coverage missing
#     Sub::Name     missing
#     YAML          missing
#     autodie          2.37
# 
t/00-report-prereqs.t .. ok
t/11-all.t ............. ok
t/12-fail.t ............ ok
t/13-badpod.t .......... ok
All tests successful.
Files=4, Tests=16,  1 wallclock secs ( 0.02 usr  0.01 sys +  0.85 cusr  0.13 csys =  1.01 CPU)
Result: PASS
>>> perl-test-notabs: Entering fakeroot...
Manifying 1 pod document
Installing /home/packager/aports/main/perl-test-notabs/pkg/perl-test-notabs/usr/share/perl5/vendor_perl/Test/NoTabs.pm
Installing /home/packager/aports/main/perl-test-notabs/pkg/perl-test-notabs/usr/share/man/man3/Test::NoTabs.3pm
>>> perl-test-notabs-doc*: Running split function doc...
'usr/share/man' -> '/home/packager/aports/main/perl-test-notabs/pkg/perl-test-notabs-doc/usr/share/man'
>>> perl-test-notabs-doc*: Preparing subpackage perl-test-notabs-doc...
>>> perl-test-notabs-doc*: Running postcheck for perl-test-notabs-doc
>>> perl-test-notabs*: Running postcheck for perl-test-notabs
>>> perl-test-notabs*: Preparing package perl-test-notabs...
>>> perl-test-notabs-doc*: Tracing dependencies...
>>> perl-test-notabs-doc*: Package size: 2.2 KB
>>> perl-test-notabs-doc*: Compressing data...
>>> perl-test-notabs-doc*: Create checksum...
pigz: not found
>>> perl-test-notabs-doc*: Create perl-test-notabs-doc-2.02-r4.apk
>>> perl-test-notabs*: Tracing dependencies...
	perl
>>> perl-test-notabs*: Package size: 6.5 KB
>>> perl-test-notabs*: Compressing data...
>>> perl-test-notabs*: Create checksum...
pigz: not found
>>> perl-test-notabs*: Create perl-test-notabs-2.02-r4.apk
>>> perl-test-notabs: Build complete at Sun, 18 May 2025 10:17:51 +0000 elapsed time 0h 0m 5s
>>> perl-test-notabs: Cleaning up srcdir
>>> perl-test-notabs: Cleaning up pkgdir
>>> perl-test-notabs: Uninstalling dependencies...
(1/6) Purging .makedepends-perl-test-notabs (20250518.101747)
(2/6) Purging git-perl (2.47.2-r0)
(3/6) Purging perl-git (2.47.2-r0)
(4/6) Purging perl-error (0.17030-r0)
(5/6) Purging perl (5.40.2-r0)
(6/6) Purging libbz2 (1.0.8-r6)
Executing busybox-1.37.0-r12.trigger
OK: 261 MiB in 81 packages
>>> perl-test-notabs: Updating the main/x86_64 repository index...
>>> perl-test-notabs: Signing the index...
pigz: not found
