>>> dpkg: Validating /home/packager/oily-pine/main/dpkg/APKBUILD...
>>> dpkg: Cleaning up srcdir
>>> dpkg: Cleaning up pkgdir
>>> dpkg: Cleaning up tmpdir
>>> dpkg: Fetching https://salsa.debian.org/dpkg-team/dpkg/-/archive/1.22.15/dpkg-1.22.15.tar.bz2
  % Total    % Received % Xferd  Average Speed   Time    Time     Time  Current
                                 Dload  Upload   Total   Spent    Left  Speed
  0     0    0     0    0     0      0      0 --:--:-- --:--:-- --:--:--     0  0     0    0     0    0     0      0      0 --:--:-- --:--:-- --:--:--     0100  223k    0  223k    0     0   172k      0 --:--:--  0:00:01 --:--:--  172k100 3680k    0 3680k    0     0  1579k      0 --:--:--  0:00:02 --:--:-- 1579k100 5472k    0 5472k    0     0  1687k      0 --:--:--  0:00:03 --:--:-- 1687k
>>> dpkg: Fetching https://salsa.debian.org/dpkg-team/dpkg/-/archive/1.22.15/dpkg-1.22.15.tar.bz2
>>> dpkg: Checking sha512sums...
dpkg-1.22.15.tar.bz2: OK
>>> dpkg: Preparing build chroot...
fetch http://dl-cdn.alpinelinux.org/alpine/edge/main/x86_64/APKINDEX.tar.gz
(1/103) Installing musl (1.2.5-r10)
(2/103) Installing libcrypto3 (3.5.0-r0)
(3/103) Installing ca-certificates-bundle (20241121-r2)
(4/103) Installing libssl3 (3.5.0-r0)
(5/103) Installing zlib (1.3.1-r2)
(6/103) Installing libapk2 (2.14.9-r2)
(7/103) Installing apk-tools (2.14.9-r2)
(8/103) Installing libcap2 (2.76-r0)
(9/103) Installing libcap-getcap (2.76-r0)
(10/103) Installing fakeroot (1.37.1.1-r0)
(11/103) Installing scanelf (1.3.8-r1)
(12/103) Installing musl-utils (1.2.5-r10)
(13/103) Installing libgcc (14.3.0-r1)
(14/103) Installing libstdc++ (14.3.0-r1)
(15/103) Installing lzip (1.25-r0)
(16/103) Installing openssl (3.5.0-r0)
(17/103) Installing patch (2.8-r0)
(18/103) Installing pkgconf (2.4.3-r0)
(19/103) Installing acl-libs (2.3.2-r1)
(20/103) Installing tar (1.35-r3)
(21/103) Installing busybox (1.37.0-r18)
Executing busybox-1.37.0-r18.post-install
(22/103) Installing ssl_client (1.37.0-r18)
(23/103) Installing busybox-binsh (1.37.0-r18)
(24/103) Installing abuild (3.15.0-r0)
Executing abuild-3.15.0-r0.pre-install
(25/103) Installing abuild-sudo (3.15.0-r0)
(26/103) Installing alpine-baselayout-data (3.7.0-r0)
(27/103) Installing alpine-baselayout (3.7.0-r0)
Executing alpine-baselayout-3.7.0-r0.pre-install
Executing alpine-baselayout-3.7.0-r0.post-install
(28/103) Installing bridge (1.5-r5)
(29/103) Installing ifupdown-ng (0.12.1-r7)
(30/103) Installing openrc-user (0.62.2-r2)
(31/103) Installing openrc (0.62.2-r2)
Executing openrc-0.62.2-r2.post-install
(32/103) Installing mdev-conf (4.8-r0)
(33/103) Installing busybox-mdev-openrc (1.37.0-r18)
(34/103) Installing alpine-conf (3.20.0-r0)
(35/103) Installing alpine-keys (2.5-r0)
(36/103) Installing alpine-release (3.22.0-r0)
(37/103) Installing busybox-openrc (1.37.0-r18)
(38/103) Installing busybox-suid (1.37.0-r18)
(39/103) Installing alpine-base (3.22.0-r0)
(40/103) Installing m4 (1.4.20-r0)
(41/103) Installing libbz2 (1.0.8-r6)
(42/103) Installing perl (5.40.2-r0)
(43/103) Installing autoconf (2.72-r1)
(44/103) Installing automake (1.18-r0)
(45/103) Installing jansson (2.14.1-r0)
(46/103) Installing zstd-libs (1.5.7-r0)
(47/103) Installing binutils (2.44-r0)
(48/103) Installing libmagic (5.46-r2)
(49/103) Installing file (5.46-r2)
(50/103) Installing libgomp (14.3.0-r1)
(51/103) Installing libatomic (14.3.0-r1)
(52/103) Installing gmp (6.3.0-r3)
(53/103) Installing isl26 (0.26-r1)
(54/103) Installing mpfr4 (4.2.1_p1-r0)
(55/103) Installing mpc1 (1.3.1-r1)
(56/103) Installing gcc (14.3.0-r1)
(57/103) Installing libstdc++-dev (14.3.0-r1)
(58/103) Installing musl-dev (1.2.5-r10)
(59/103) Installing g++ (14.3.0-r1)
(60/103) Installing make (4.4.1-r3)
(61/103) Installing fortify-headers (1.1-r5)
(62/103) Installing build-base (0.5-r3)
(63/103) Installing bzip2-dev (1.0.8-r6)
(64/103) Installing xz-libs (5.8.1-r0)
(65/103) Installing xz (5.8.1-r0)
(66/103) Installing gettext-asprintf (0.24.1-r0)
(67/103) Installing libintl (0.24.1-r0)
(68/103) Installing ncurses-terminfo-base (6.5_p20250503-r0)
(69/103) Installing libncursesw (6.5_p20250503-r0)
(70/103) Installing libunistring (1.3-r0)
(71/103) Installing gettext-libs (0.24.1-r0)
(72/103) Installing gettext-envsubst (0.24.1-r0)
(73/103) Installing libxml2 (2.13.8-r0)
(74/103) Installing gettext (0.24.1-r0)
(75/103) Installing gettext-dev (0.24.1-r0)
(76/103) Installing brotli-libs (1.1.0-r2)
(77/103) Installing c-ares (1.34.5-r0)
(78/103) Installing libidn2 (2.3.7-r0)
(79/103) Installing nghttp2-libs (1.65.0-r0)
(80/103) Installing libpsl (0.21.5-r3)
(81/103) Installing libcurl (8.14.0-r2)
(82/103) Installing libexpat (2.7.1-r0)
(83/103) Installing pcre2 (10.43-r1)
(84/103) Installing git (2.49.0-r0)
(85/103) Installing git-init-template (2.49.0-r0)
(86/103) Installing perl-error (0.17030-r0)
(87/103) Installing perl-git (2.49.0-r0)
(88/103) Installing git-perl (2.49.0-r0)
(89/103) Installing less (678-r0)
(90/103) Installing gzip (1.14-r1)
(91/103) Installing libmd (1.1.0-r0)
(92/103) Installing libmd-dev (1.1.0-r0)
(93/103) Installing libltdl (2.5.4-r1)
(94/103) Installing libtool (2.5.4-r1)
(95/103) Installing linux-headers (6.14.2-r0)
(96/103) Installing diffutils (3.12-r0)
(97/103) Installing perl-pod-parser (1.67-r0)
(98/103) Installing perl-class-inspector (1.36-r3)
(99/103) Installing perl-file-sharedir (1.118-r1)
(100/103) Installing perl-xs-parse-keyword (0.48-r0)
(101/103) Installing perl-syntax-keyword-try (0.30-r0)
(102/103) Installing po4a (0.73-r2)
(103/103) Installing zlib-dev (1.3.1-r2)
Executing busybox-1.37.0-r18.trigger
OK: 317 MiB in 103 packages
>>> dpkg: Fetching https://salsa.debian.org/dpkg-team/dpkg/-/archive/1.22.15/dpkg-1.22.15.tar.bz2
>>> dpkg: Checking sha512sums...
dpkg-1.22.15.tar.bz2: OK
>>> dpkg: Unpacking /var/cache/distfiles/dpkg-1.22.15.tar.bz2...
autoreconf: export WARNINGS=
autoreconf: Entering directory '.'
autoreconf: running: autopoint --force
autopoint: using AM_GNU_GETTEXT_REQUIRE_VERSION instead of AM_GNU_GETTEXT_VERSION
Copying file ABOUT-NLS
Copying file build-aux/config.rpath
Copying file m4/build-to-host.m4
Copying file m4/gettext.m4
Copying file m4/host-cpu-c-abi.m4
Copying file m4/iconv.m4
Copying file m4/intlmacosx.m4
Copying file m4/lib-ld.m4
Copying file m4/lib-link.m4
Copying file m4/lib-prefix.m4
Copying file m4/nls.m4
Copying file m4/po.m4
Copying file m4/progtest.m4
Copying file dselect/po/Makefile.in.in
Copying file po/Makefile.in.in
Copying file scripts/po/Makefile.in.in
Copying file dselect/po/Makevars.template
Copying file po/Makevars.template
Copying file scripts/po/Makevars.template
Copying file dselect/po/Rules-quot
Copying file po/Rules-quot
Copying file scripts/po/Rules-quot
Copying file dselect/po/boldquot.sed
Copying file po/boldquot.sed
Copying file scripts/po/boldquot.sed
Copying file dselect/po/en@boldquot.header
Copying file po/en@boldquot.header
Copying file scripts/po/en@boldquot.header
Copying file dselect/po/en@quot.header
Copying file po/en@quot.header
Copying file scripts/po/en@quot.header
Copying file dselect/po/insert-header.sed
Copying file po/insert-header.sed
Copying file scripts/po/insert-header.sed
Copying file dselect/po/quot.sed
Copying file po/quot.sed
Copying file scripts/po/quot.sed
Copying file dselect/po/remove-potcdate.sed
Copying file po/remove-potcdate.sed
Copying file scripts/po/remove-potcdate.sed
autoreconf: running: aclocal --force -I m4
get-vcs-id: error: cannot get project VCS id, not a git checkout nor a distribution tarball.
autoreconf: configure.ac: tracing
get-vcs-id: error: cannot get project VCS id, not a git checkout nor a distribution tarball.
autoreconf: running: libtoolize --copy --force
libtoolize: putting auxiliary files in AC_CONFIG_AUX_DIR, 'build-aux'.
libtoolize: copying file 'build-aux/ltmain.sh'
libtoolize: putting macros in AC_CONFIG_MACRO_DIRS, 'm4'.
libtoolize: copying file 'm4/libtool.m4'
libtoolize: copying file 'm4/ltoptions.m4'
libtoolize: copying file 'm4/ltsugar.m4'
libtoolize: copying file 'm4/ltversion.m4'
libtoolize: copying file 'm4/lt~obsolete.m4'
autoreconf: configure.ac: not using Intltool
autoreconf: configure.ac: not using Gtkdoc
autoreconf: running: aclocal --force -I m4
get-vcs-id: error: cannot get project VCS id, not a git checkout nor a distribution tarball.
autoreconf: running: /usr/bin/autoconf --force
get-vcs-id: error: cannot get project VCS id, not a git checkout nor a distribution tarball.
autoreconf: running: /usr/bin/autoheader --force
get-vcs-id: error: cannot get project VCS id, not a git checkout nor a distribution tarball.
autoreconf: running: automake --add-missing --copy --force-missing
configure.ac:47: installing 'build-aux/ar-lib'
configure.ac:21: installing 'build-aux/compile'
configure.ac:40: installing 'build-aux/config.guess'
configure.ac:40: installing 'build-aux/config.sub'
configure.ac:23: installing 'build-aux/install-sh'
configure.ac:23: installing 'build-aux/missing'
dselect/Makefile.am: installing 'build-aux/depcomp'
build-aux/subst.am:27: warning: escaping \# comment markers is not portable
dselect/methods/Makefile.am:48:   'build-aux/subst.am' included from here
man/Makefile.am:265: warning: escaping \# comment markers is not portable
build-aux/subst.am:27: warning: escaping \# comment markers is not portable
scripts/Makefile.am:167:   'build-aux/subst.am' included from here
build-aux/subst.am:27: warning: escaping \# comment markers is not portable
src/Makefile.am:145:   'build-aux/subst.am' included from here
autoreconf: Leaving directory '.'
checking for x86_64-alpine-linux-musl-gcc... cc
checking whether the C compiler works... yes
checking for C compiler default output file name... a.out
checking for suffix of executables... 
checking whether we are cross compiling... no
checking for suffix of object files... o
checking whether the compiler supports GNU C... yes
checking whether cc accepts -g... yes
checking for cc option to enable C11 features... none needed
checking whether cc understands -c and -o together... yes
checking for stdio.h... yes
checking for stdlib.h... yes
checking for string.h... yes
checking for inttypes.h... yes
checking for stdint.h... yes
checking for strings.h... yes
checking for sys/stat.h... yes
checking for sys/types.h... yes
checking for unistd.h... yes
checking for wchar.h... yes
checking for minix/config.h... no
checking whether it is safe to define __EXTENSIONS__... yes
checking whether _XOPEN_SOURCE should be defined... no
checking for a BSD-compatible install... /usr/bin/install -c
checking whether sleep supports fractional seconds... yes
checking filesystem timestamp resolution... 2
checking whether build environment is sane... yes
checking for a race-free mkdir -p... /bin/mkdir -p
checking for gawk... no
checking for mawk... no
checking for nawk... no
checking for awk... awk
checking whether make sets $(MAKE)... yes
checking whether make supports the include directive... yes (GNU style)
checking whether make supports nested variables... yes
checking xargs -n works... yes
checking whether UID '1000' is supported by ustar format... yes
checking whether GID '1000' is supported by ustar format... yes
checking how to create a ustar tar archive... gnutar
checking dependency style of cc... gcc3
checking for a sed that does not truncate output... /bin/sed
checking whether NLS is requested... no
checking for msgfmt... /usr/bin/msgfmt
checking for gmsgfmt... /usr/bin/msgfmt
checking for xgettext... /usr/bin/xgettext
checking for msgmerge... /usr/bin/msgmerge
checking build system type... x86_64-alpine-linux-musl
checking host system type... x86_64-alpine-linux-musl
checking for ld used by cc... /usr/x86_64-alpine-linux-musl/bin/ld
checking if the linker (/usr/x86_64-alpine-linux-musl/bin/ld) is GNU ld... yes
checking for shared library run path origin... done
checking 32-bit host C ABI... no
checking how to run the C preprocessor... cc -E
checking for egrep -e... /bin/grep -E
checking for ELF binary format... yes
checking for the common suffixes of directories in the library search path... lib,lib,lib
checking for CFPreferencesCopyAppValue... no
checking for CFLocaleCopyPreferredLanguages... no
checking whether to use NLS... no
checking for x86_64-alpine-linux-musl-ar... no
checking for x86_64-alpine-linux-musl-lib... no
checking for x86_64-alpine-linux-musl-link... no
checking for ar... ar
checking the archiver (ar) interface... ar
checking how to print strings... printf
checking for a sed that does not truncate output... (cached) /bin/sed
checking for grep that handles long lines and -e... /bin/grep
checking for egrep... /bin/grep -E
checking for fgrep... /bin/grep -F
checking for ld used by cc... /usr/x86_64-alpine-linux-musl/bin/ld
checking if the linker (/usr/x86_64-alpine-linux-musl/bin/ld) is GNU ld... yes
checking for BSD- or MS-compatible name lister (nm)... /usr/bin/nm -B
checking the name lister (/usr/bin/nm -B) interface... BSD nm
checking whether ln -s works... yes
checking the maximum length of command line arguments... 98304
checking how to convert x86_64-alpine-linux-musl file names to x86_64-alpine-linux-musl format... func_convert_file_noop
checking how to convert x86_64-alpine-linux-musl file names to toolchain format... func_convert_file_noop
checking for /usr/x86_64-alpine-linux-musl/bin/ld option to reload object files... -r
checking for file... file
checking for x86_64-alpine-linux-musl-objdump... no
checking for objdump... objdump
checking how to recognize dependent libraries... pass_all
checking for x86_64-alpine-linux-musl-dlltool... no
checking for dlltool... no
checking how to associate runtime and link libraries... printf %s\n
checking for x86_64-alpine-linux-musl-ranlib... no
checking for ranlib... ranlib
checking for x86_64-alpine-linux-musl-ar... ar
checking for archiver @FILE support... @
checking for x86_64-alpine-linux-musl-strip... no
checking for strip... strip
checking command to parse /usr/bin/nm -B output from cc object... ok
checking for sysroot... no
checking for a working dd... /bin/dd
checking how to truncate binary pipes... /bin/dd bs=4096 count=1
checking for x86_64-alpine-linux-musl-mt... no
checking for mt... no
checking if : is a manifest tool... no
checking for dlfcn.h... yes
checking for objdir... .libs
checking if cc supports -fno-rtti -fno-exceptions... no
checking for cc option to produce PIC... -fPIC -DPIC
checking if cc PIC flag -fPIC -DPIC works... yes
checking if cc static flag -static works... yes
checking if cc supports -c -o file.o... yes
checking if cc supports -c -o file.o... (cached) yes
checking whether the cc linker (/usr/x86_64-alpine-linux-musl/bin/ld -m elf_x86_64) supports shared libraries... yes
checking dynamic linker characteristics... GNU/Linux ld.so
checking how to hardcode library paths into programs... immediate
checking whether stripping libraries is possible... yes
checking if libtool supports shared libraries... yes
checking whether to build shared libraries... no
checking whether to build static libraries... yes
checking for --as-needed linker flag... yes
checking for --version-script linker flag... yes
checking whether to build dselect... no
checking whether to build start-stop-daemon... no
checking whether to build update-alternatives... yes
checking for perl >= 5.32.1... /usr/bin/perl
checking for a POSIX sh that supports -- after -c... sh
checking for pager... no
checking for less... less
checking for a sed that does not truncate output... (cached) /bin/sed
checking for grep that handles long lines and -e... (cached) /bin/grep
checking for egrep... (cached) /bin/grep -E
checking for x86_64-alpine-linux-musl-gcc... (cached) cc
checking whether the compiler supports GNU C... (cached) yes
checking whether cc accepts -g... (cached) yes
checking for cc option to enable C11 features... (cached) none needed
checking whether cc understands -c and -o together... (cached) yes
checking whether cc supports C99... yes
checking whether the compiler supports GNU C++... yes
checking whether c++ accepts -g... yes
checking for c++ option to enable C++11 features... none needed
checking dependency style of c++... gcc3
checking how to run the C++ preprocessor... c++ -E
checking for ld used by c++... /usr/x86_64-alpine-linux-musl/bin/ld -m elf_x86_64
checking if the linker (/usr/x86_64-alpine-linux-musl/bin/ld -m elf_x86_64) is GNU ld... yes
checking whether the c++ linker (/usr/x86_64-alpine-linux-musl/bin/ld -m elf_x86_64) supports shared libraries... yes
checking for c++ option to produce PIC... -fPIC -DPIC
checking if c++ PIC flag -fPIC -DPIC works... yes
checking if c++ static flag -static works... yes
checking if c++ supports -c -o file.o... yes
checking if c++ supports -c -o file.o... (cached) yes
checking whether the c++ linker (/usr/x86_64-alpine-linux-musl/bin/ld -m elf_x86_64) supports shared libraries... yes
checking dynamic linker characteristics... (cached) GNU/Linux ld.so
checking how to hardcode library paths into programs... immediate
checking whether c++ supports C++14... yes
checking for gpatch... no
checking for patch... patch
checking for doxygen... no
checking for dot... NO
checking for gnutar... no
checking for gtar... no
checking for tar... tar
checking for po4a >= 0.59... /usr/bin/po4a
checking for perl >= 5.32.1... (cached) /usr/bin/perl
checking for pod2man... pod2man
checking whether to build with code coverage... no
checking for cc option to enable large file support... none needed
checking for library containing clock_gettime... none required
checking for md5.h... yes
checking for library containing MD5Init... -lmd
checking for gzdopen in -lz... yes
checking for zlib.h... yes
checking for zng_gzdopen in -lz-ng... no
checking for BZ2_bzdopen in -lbz2... yes
checking for bzlib.h... yes
checking for lzma_alone_decoder in -llzma... no
checking for lzma_stream_encoder_mt in -llzma... no
checking for lzma_stream_decoder_mt in -llzma... no
checking for ZSTD_compressStream2 in -lzstd... no
checking for x86_64-alpine-linux-musl-pkg-config... no
checking for pkg-config... /usr/bin/pkg-config
checking pkg-config is at least version 0.9.0... yes
checking for libselinux >= 2.3... no
checking whether Unicode is requested... yes
checking for error.h... no
checking for err.h... yes
checking for locale.h... yes
checking for xlocale.h... no
checking for libintl.h... yes
checking for kvm.h... no
checking for sys/sysmacros.h... yes
checking for sys/param.h... yes
checking for sys/syscall.h... yes
checking for sys/user.h... yes
checking for sys/mkdev.h... no
checking for sys/pstat.h... no
checking for linux/fiemap.h... yes
checking for sys/sysctl.h... no
checking for sys/procfs.h... yes
checking for sys/proc.h... no
checking size of short... 2
checking size of int... 4
checking size of long... 8
checking size of long long... 8
checking size of float... 4
checking size of double... 8
checking size of long double... 16
checking size of void *... 8
checking size of off_t... 8
checking size of time_t... 8
checking alignment of max_align_t... 16
checking whether char is unsigned... no
checking whether byte ordering is bigendian... no
checking for an ANSI C-conforming const... yes
checking for inline... inline
checking for working volatile... yes
checking for mode_t... yes
checking for pid_t... yes
checking for size_t... yes
checking for ptrdiff_t... yes
checking for struct psinfo... no
checking for cc options needed to detect all undeclared functions... none needed
checking for unistd.h... (cached) yes
checking whether sys_siglist is declared... no
checking whether sys_errlist is declared... no
checking whether sys_nerr is declared... no
checking for va_copy... yes
checking for C99 snprintf functions... yes
checking whether fsync works on directories... yes
checking whether offsetof is declared... yes
checking whether makedev is declared... no
checking whether WCOREDUMP is declared... yes
checking whether TIOCNOTTY is declared... yes
checking whether O_NOFOLLOW is declared... yes
checking whether F_ALLOCSP64 is declared... no
checking whether F_PREALLOCATE is declared... no
checking whether P_tmpdir is declared... yes
checking for program_invocation_short_name... yes
checking for __progname... yes
checking for getopt... yes
checking for getopt_long... yes
checking for obstack_free... no
checking for strchrnul... yes
checking for strnlen... yes
checking for strndup... yes
checking for strerror... yes
checking for strsignal... yes
checking for asprintf... yes
checking for scandir... yes
checking for alphasort... yes
checking for unsetenv... yes
checking for lchown... yes
checking for setsid... yes
checking for getdtablesize... yes
checking for closefrom... no
checking for close_range... no
checking for getprocs64... no
checking for getprogname... no
checking for getexecname... no
checking for lutimes... yes
checking for fallocate... yes
checking for posix_fallocate... yes
checking for posix_fadvise... yes
checking for uselocale... yes
checking whether cc accepts -fstrict-flex-arrays=3... yes
checking whether c++ accepts -fstrict-flex-arrays=3... yes
checking whether cc accepts -fcf-protection=full... yes
checking whether cc accepts -fstack-clash-protection... yes
checking whether cc accepts -fstack-protector-strong... yes
checking whether cc accepts -mbranch-protection=standard... no
checking whether c++ accepts -fcf-protection=full... yes
checking whether c++ accepts -fstack-clash-protection... yes
checking whether c++ accepts -fstack-protector-strong... yes
checking whether c++ accepts -mbranch-protection=standard... no
checking whether cc accepts -Wall... yes
checking whether cc accepts -Wextra... yes
checking whether cc accepts -Walloca... yes
checking whether cc accepts -Walloc-zero... yes
checking whether cc accepts -Warray-bounds=3... no
checking whether cc accepts -Warray-bounds-pointer-arithmetic... no
checking whether cc accepts -Wassign-enum... no
checking whether cc accepts -Wbitfield-enum-conversion... no
checking whether cc accepts -Wcast-align... yes
checking whether cc accepts -Wconditional-uninitialized... no
checking whether cc accepts -Wdate-time... yes
checking whether cc accepts -Wdocumentation... no
checking whether cc accepts -Wduplicate-enum... no
checking whether cc accepts -Wduplicated-branches... yes
checking whether cc accepts -Wduplicated-cond... yes
checking whether cc accepts -Wextra-semi... no
checking whether cc accepts -Wflexible-array-extensions... no
checking whether cc accepts -Wfloat-conversion... yes
checking whether cc accepts -Wfloat-equal... yes
checking whether cc accepts -Wformat -Wformat-security... yes
checking whether cc accepts -Wformat=2... yes
checking whether cc accepts -Winit-self... yes
checking whether cc accepts -Wlogical-not-parentheses... yes
checking whether cc accepts -Wlogical-op... yes
checking whether cc accepts -Wmissing-declarations... yes
checking whether cc accepts -Wmissing-format-attribute... yes
checking whether cc accepts -Wmissing-variable-declarations... yes
checking whether cc accepts -Wnewline-eof... no
checking whether cc accepts -Wno-missing-field-initializers... yes
checking whether cc accepts -Wno-nonnull-compare... yes
checking whether cc accepts -Wno-tautological-constant-out-of-range-compare... no
checking whether cc accepts -Wno-unused-parameter... yes
checking whether cc accepts -Wnull-dereference... yes
checking whether cc accepts -Wpointer-arith... yes
checking whether cc accepts -Wredundant-decls... yes
checking whether cc accepts -Wregister... no
checking whether cc accepts -Wrestrict... yes
checking whether cc accepts -Wshadow... yes
checking whether cc accepts -Wshift-negative-value... yes
checking whether cc accepts -Wshift-overflow=2... yes
checking whether cc accepts -Wshift-sign-overflow... no
checking whether cc accepts -Wsizeof-array-argument... yes
checking whether cc accepts -Wstrict-overflow=2... yes
checking whether cc accepts -Wstrict-flex-arrays... no
checking whether cc accepts -Wswitch-bool... yes
checking whether cc accepts -Wvla... yes
checking whether cc accepts -Wwrite-strings... yes
checking whether cc accepts -Wxor-used-as-pow... yes
checking whether cc accepts -Wbad-function-cast... yes
checking whether cc accepts -Wc99-c11-compat... yes
checking whether cc accepts -Wc99-compat... no
checking whether cc accepts -Wc11-extensions... no
checking whether cc accepts -Wc2x-compat... no
checking whether cc accepts -Wc2x-extensions... no
checking whether cc accepts -Wpre-c2x-compat... no
checking whether cc accepts -Wdeclaration-after-statement... yes
checking whether cc accepts -Wenum-int-mismatch... yes
checking whether cc accepts -Wmissing-prototypes... yes
checking whether cc accepts -Wnested-externs... yes
checking whether cc accepts -Wold-style-definition... yes
checking whether cc accepts -Wstrict-prototypes... yes
checking whether c++ accepts -Wall... yes
checking whether c++ accepts -Wextra... yes
checking whether c++ accepts -Walloca... yes
checking whether c++ accepts -Walloc-zero... yes
checking whether c++ accepts -Warray-bounds=3... no
checking whether c++ accepts -Warray-bounds-pointer-arithmetic... no
checking whether c++ accepts -Wassign-enum... no
checking whether c++ accepts -Wbitfield-enum-conversion... no
checking whether c++ accepts -Wcast-align... yes
checking whether c++ accepts -Wconditional-uninitialized... no
checking whether c++ accepts -Wdate-time... yes
checking whether c++ accepts -Wdocumentation... no
checking whether c++ accepts -Wduplicate-enum... no
checking whether c++ accepts -Wduplicated-branches... yes
checking whether c++ accepts -Wduplicated-cond... yes
checking whether c++ accepts -Wextra-semi... yes
checking whether c++ accepts -Wflexible-array-extensions... no
checking whether c++ accepts -Wfloat-conversion... yes
checking whether c++ accepts -Wfloat-equal... yes
checking whether c++ accepts -Wformat -Wformat-security... yes
checking whether c++ accepts -Wformat=2... yes
checking whether c++ accepts -Winit-self... yes
checking whether c++ accepts -Wlogical-not-parentheses... yes
checking whether c++ accepts -Wlogical-op... yes
checking whether c++ accepts -Wmissing-declarations... yes
checking whether c++ accepts -Wmissing-format-attribute... yes
checking whether c++ accepts -Wmissing-variable-declarations... no
checking whether c++ accepts -Wnewline-eof... no
checking whether c++ accepts -Wno-missing-field-initializers... yes
checking whether c++ accepts -Wno-nonnull-compare... yes
checking whether c++ accepts -Wno-tautological-constant-out-of-range-compare... no
checking whether c++ accepts -Wno-unused-parameter... yes
checking whether c++ accepts -Wnull-dereference... yes
checking whether c++ accepts -Wpointer-arith... yes
checking whether c++ accepts -Wredundant-decls... yes
checking whether c++ accepts -Wregister... yes
checking whether c++ accepts -Wrestrict... yes
checking whether c++ accepts -Wshadow... yes
checking whether c++ accepts -Wshift-negative-value... yes
checking whether c++ accepts -Wshift-overflow=2... yes
checking whether c++ accepts -Wshift-sign-overflow... no
checking whether c++ accepts -Wsizeof-array-argument... yes
checking whether c++ accepts -Wstrict-overflow=2... yes
checking whether c++ accepts -Wstrict-flex-arrays... no
checking whether c++ accepts -Wswitch-bool... yes
checking whether c++ accepts -Wvla... yes
checking whether c++ accepts -Wwrite-strings... yes
checking whether c++ accepts -Wxor-used-as-pow... yes
checking whether c++ accepts -Wc++14-compat... yes
checking whether c++ accepts -Wc++14-compat-pedantic... no
checking whether c++ accepts -Wc++17-extensions... yes
checking whether c++ accepts -Wc++20-extensions... yes
checking whether c++ accepts -Wc++23-extensions... yes
checking whether c++ accepts -Wc++26-extensions... yes
checking whether c++ accepts -Wcast-qual... yes
checking whether c++ accepts -Wold-style-cast... yes
checking whether c++ accepts -Wzero-as-null-pointer-constant... yes
checking dpkg cpu type... amd64
checking dpkg operating system type... linux
checking dpkg architecture name... musl-linux-amd64
checking that generated files are newer than configure... done
configure: creating ./config.status
config.status: creating Makefile
config.status: creating dselect/Makefile
config.status: creating dselect/methods/Makefile
config.status: creating dselect/po/Makefile.in
config.status: creating lib/Makefile
config.status: creating lib/compat/Makefile
config.status: creating lib/dpkg/Makefile
config.status: creating lib/dpkg/libdpkg.pc
config.status: creating doc/Doxyfile
config.status: creating man/Makefile
config.status: creating po/Makefile.in
config.status: creating scripts/Build.PL
config.status: creating scripts/Makefile
config.status: creating scripts/README.cpan
config.status: creating scripts/mk/Makefile
config.status: creating scripts/po/Makefile.in
config.status: creating src/Makefile
config.status: creating src/at/atlocal
config.status: creating utils/Makefile
config.status: creating config.h
config.status: executing depfiles commands
config.status: executing po-directories commands
config.status: creating dselect/po/Makefile
config.status: creating po/Makefile
config.status: creating scripts/po/Makefile
config.status: executing libtool commands
config.status: executing src/at/atconfig commands

Release:
  Version . . . . . : 1.22.15
  VCS id  . . . . . : 

Configuration:
  Arch attributes:
    cpu name  . . . . . . . . . . : amd64
    os name . . . . . . . . . . . : linux
    arch name . . . . . . . . . . : musl-linux-amd64
    arch bits . . . . . . . . . . : 64
    arch endian . . . . . . . . . : little
    char bits . . . . . . . . . . : 8
    char sign . . . . . . . . . . : signed
    sizeof(short) . . . . . . . . : 2
    sizeof(int) . . . . . . . . . : 4
    sizeof(long)  . . . . . . . . : 8
    sizeof(long long) . . . . . . : 8
    sizeof(float) . . . . . . . . : 4
    sizeof(double)  . . . . . . . : 8
    sizeof(long double) . . . . . : 16
    sizeof(void *)  . . . . . . . : 8
    sizeof(off_t) . . . . . . . . : 8
    sizeof(time_t)  . . . . . . . : 8
    alignof(max_align_t)  . . . . : 16

  Features:
    native language support . . . : no
    unicode support . . . . . . . : yes
    development documentation . . : yes
    code coverage . . . . . . . . : no
    build shared libraries  . . . : no
    mmap loaders  . . . . . . . . : no
    disk pre-allocation . . . . . : no
    default dpkg-deb compressor . : xz
    default shell interpreter . . : sh
    default pager program . . . . : less

  Paths:
    devlibdir . . . . . . . . . . : ${exec_prefix}/lib
    pkgconfdir  . . . . . . . . . : /etc/dpkg
    docspecdir  . . . . . . . . . : ${datarootdir}/doc/${PACKAGE_TARNAME}/spec
    methodsdir  . . . . . . . . . : ${exec_prefix}/libexec/dpkg/methods
    admindir  . . . . . . . . . . : /var/lib/dpkg
    backupsdir  . . . . . . . . . : /var/backups
    logdir  . . . . . . . . . . . : /var/log
    pkg-config dir  . . . . . . . : ${exec_prefix}/lib/pkgconfig
    aclocal dir   . . . . . . . . : ${datarootdir}/aclocal
    polkit actions dir  . . . . . : ${datarootdir}/polkit-1/actions
    bash completions dir  . . . . : ${datarootdir}/bash-completion/completions
    zsh completions dir . . . . . : /usr/share/zsh/site-functions
    perl interpreter  . . . . . . : /usr/bin/perl
    perl libdir . . . . . . . . . : $(prefix)/share/perl5/vendor_perl

  Programs:
    update-alternatives . . . . . : yes
    start-stop-daemon . . . . . . : no
    dselect . . . . . . . . . . . : no

  System Libraries:
    librt . . . . . . . . . . . . : builtin
    libsocket . . . . . . . . . . : no
    libps . . . . . . . . . . . . : no
    libkvm  . . . . . . . . . . . : no
    libselinux  . . . . . . . . . : no
    libmd . . . . . . . . . . . . : yes
    libz  . . . . . . . . . . . . : yes (zlib)
    liblzma . . . . . . . . . . . : no
    libzstd . . . . . . . . . . . : no
    libbz2  . . . . . . . . . . . : yes
    libcurses . . . . . . . . . . : no
make  all-recursive
make[1]: Entering directory '/tmp/src/dpkg-1.22.15'
Making all in lib
make[2]: Entering directory '/tmp/src/dpkg-1.22.15/lib'
Making all in compat
make[3]: Entering directory '/tmp/src/dpkg-1.22.15/lib/compat'
  CC       libcompat_test_la-strchrnul.lo
  CC       libcompat_test_la-strnlen.lo
  CC       libcompat_test_la-strndup.lo
  CC       libcompat_test_la-strsignal.lo
  CC       libcompat_test_la-snprintf.lo
  CC       libcompat_test_la-vsnprintf.lo
  CC       libcompat_test_la-asprintf.lo
  CC       libcompat_test_la-vasprintf.lo
  CC       libcompat_test_la-alphasort.lo
  CC       libcompat_test_la-scandir.lo
  CC       libcompat_test_la-unsetenv.lo
  CC       empty.lo
  CC       obstack.lo
  CCLD     libcompat-test.la
  CCLD     libcompat.la
make[3]: Leaving directory '/tmp/src/dpkg-1.22.15/lib/compat'
Making all in dpkg
make[3]: Entering directory '/tmp/src/dpkg-1.22.15/lib/dpkg'
  CC       ar.lo
  CC       arch.lo
  CC       atomic-file.lo
  CC       buffer.lo
  CC       c-ctype.lo
  CC       cleanup.lo
  CC       color.lo
  CC       command.lo
  CC       compress.lo
  CC       dbdir.lo
  CC       dbmodify.lo
  CC       db-ctrl-access.lo
  CC       db-ctrl-format.lo
  CC       db-ctrl-upgrade.lo
  CC       db-fsys-digest.lo
  CC       db-fsys-divert.lo
  CC       db-fsys-files.lo
  CC       db-fsys-load.lo
  CC       db-fsys-override.lo
  CC       deb-version.lo
  CC       debug.lo
  CC       depcon.lo
  CC       dir.lo
  CC       dump.lo
  CC       ehandle.lo
  CC       error.lo
  CC       execname.lo
  CC       fdio.lo
  CC       file.lo
  CC       fields.lo
  CC       fsys-dir.lo
  CC       fsys-iter.lo
  CC       fsys-hash.lo
  CC       glob.lo
  CC       i18n.lo
  CC       log.lo
  CC       meminfo.lo
  CC       mustlib.lo
  CC       namevalue.lo
  CC       nfmalloc.lo
  CC       options.lo
  CC       options-dirs.lo
  CC       options-parsers.lo
  CC       pager.lo
  CC       parse.lo
  CC       parsehelp.lo
  CC       path.lo
  CC       path-remove.lo
  CC       pkg.lo
  CC       pkg-array.lo
  CC       pkg-files.lo
  CC       pkg-format.lo
  CC       pkg-hash.lo
  CC       pkg-list.lo
  CC       pkg-namevalue.lo
  CC       pkg-queue.lo
  CC       pkg-show.lo
  CC       pkg-spec.lo
  CC       progname.lo
  CC       progress.lo
  CC       program.lo
  CC       report.lo
  CC       string.lo
  CC       strhash.lo
  CC       strwide.lo
  CC       subproc.lo
  CC       tarfn.lo
  CC       treewalk.lo
  CC       trigname.lo
  CC       trignote.lo
  CC       triglib.lo
  CC       trigdeferred.lo
  CC       utils.lo
  CC       varbuf.lo
  CC       version.lo
  CCLD     libdpkg.la
make[3]: Leaving directory '/tmp/src/dpkg-1.22.15/lib/dpkg'
make[3]: Entering directory '/tmp/src/dpkg-1.22.15/lib'
make[3]: Nothing to be done for 'all-am'.
make[3]: Leaving directory '/tmp/src/dpkg-1.22.15/lib'
make[2]: Leaving directory '/tmp/src/dpkg-1.22.15/lib'
Making all in src
make[2]: Entering directory '/tmp/src/dpkg-1.22.15/src'
  CC       common/force.o
  GEN      dpkg-maintscript-helper
  GEN      dpkg-db-backup
  CC       common/selinux.o
  GEN      dpkg-db-keeper
  CC       main/archives.o
  CC       main/cleanup.o
  CC       main/configure.o
  CC       main/depcon.o
  CC       main/enquiry.o
  CC       main/errors.o
  CC       main/file-match.o
  CC       main/filters.o
  CC       main/help.o
  CC       main/main.o
  CC       main/packages.o
  CC       main/perpkgstate.o
  CC       main/remove.o
  CC       main/script.o
  CC       main/select.o
  CC       main/trigproc.o
  CC       main/unpack.o
  CC       main/update.o
  CC       main/verify.o
  CC       deb/build.o
  CC       deb/extract.o
  CC       deb/info.o
  CC       deb/main.o
  CC       divert/main.o
  CC       query/main.o
  CC       realpath/main.o
  CC       split/info.o
  CC       split/join.o
  CC       split/main.o
  CC       split/queue.o
  CC       split/split.o
  CC       statoverride/main.o
  CC       trigger/main.o
  CCLD     dpkg-realpath
  CCLD     dpkg-deb
  CCLD     dpkg-statoverride
  CCLD     dpkg-query
  CCLD     dpkg-trigger
  CCLD     dpkg-split
  CCLD     dpkg-divert
  CCLD     dpkg
make[2]: Leaving directory '/tmp/src/dpkg-1.22.15/src'
Making all in utils
make[2]: Entering directory '/tmp/src/dpkg-1.22.15/utils'
  CC       update_alternatives-update-alternatives.o
  GEN      org.dpkg.pkexec.update-alternatives.policy
  CCLD     update-alternatives
make[2]: Leaving directory '/tmp/src/dpkg-1.22.15/utils'
Making all in scripts
make[2]: Entering directory '/tmp/src/dpkg-1.22.15/scripts'
Making all in mk
make[3]: Entering directory '/tmp/src/dpkg-1.22.15/scripts/mk'
make[3]: Nothing to be done for 'all'.
make[3]: Leaving directory '/tmp/src/dpkg-1.22.15/scripts/mk'
Making all in po
make[3]: Entering directory '/tmp/src/dpkg-1.22.15/scripts/po'
make[3]: Nothing to be done for 'all'.
make[3]: Leaving directory '/tmp/src/dpkg-1.22.15/scripts/po'
make[3]: Entering directory '/tmp/src/dpkg-1.22.15/scripts'
  GEN      dpkg-buildflags
  GEN      dpkg-architecture
  GEN      dpkg-buildpackage
  GEN      dpkg-buildtree
  GEN      dpkg-buildapi
  GEN      dpkg-checkbuilddeps
  GEN      dpkg-distaddfile
  GEN      dpkg-genbuildinfo
  GEN      dpkg-genchanges
  GEN      dpkg-gencontrol
  GEN      dpkg-gensymbols
  GEN      dpkg-mergechangelogs
  GEN      dpkg-name
  GEN      dpkg-parsechangelog
  GEN      dpkg-scanpackages
  GEN      dpkg-scansources
  GEN      dpkg-shlibdeps
  GEN      dpkg-source
  GEN      dpkg-vendor
make[3]: Leaving directory '/tmp/src/dpkg-1.22.15/scripts'
make[2]: Leaving directory '/tmp/src/dpkg-1.22.15/scripts'
Making all in po
make[2]: Entering directory '/tmp/src/dpkg-1.22.15/po'
make[2]: Nothing to be done for 'all'.
make[2]: Leaving directory '/tmp/src/dpkg-1.22.15/po'
Making all in man
make[2]: Entering directory '/tmp/src/dpkg-1.22.15/man'
  POD2MAN deb-buildinfo.5
  POD2MAN deb-changelog.5
  POD2MAN deb-changes.5
  POD2MAN deb-conffiles.5
  POD2MAN deb-control.5
  POD2MAN deb-extra-override.5
  POD2MAN deb-md5sums.5
  POD2MAN deb-old.5
  POD2MAN deb-origin.5
  POD2MAN deb-override.5
  POD2MAN deb-postinst.5
  POD2MAN deb-postrm.5
  POD2MAN deb-preinst.5
  POD2MAN deb-prerm.5
  POD2MAN deb-shlibs.5
  POD2MAN deb-split.5
  POD2MAN deb-src-control.5
  POD2MAN deb-src-files.5
  POD2MAN deb-src-rules.5
  POD2MAN deb-src-symbols.5
  POD2MAN deb-substvars.5
  POD2MAN deb-symbols.5
  POD2MAN deb-triggers.5
  POD2MAN deb-version.7
  POD2MAN deb.5
  POD2MAN deb822.5
  POD2MAN dpkg-architecture.1
  POD2MAN dpkg-build-api.7
  POD2MAN dpkg-buildapi.1
  POD2MAN dpkg-buildflags.1
  POD2MAN dpkg-buildpackage.1
  POD2MAN dpkg-buildtree.1
  POD2MAN dpkg-checkbuilddeps.1
  POD2MAN dpkg-deb.1
  POD2MAN dpkg-distaddfile.1
  POD2MAN dpkg-divert.1
  POD2MAN dpkg-genbuildinfo.1
  POD2MAN dpkg-genchanges.1
  POD2MAN dpkg-gencontrol.1
  POD2MAN dpkg-gensymbols.1
  POD2MAN dpkg-maintscript-helper.1
  POD2MAN dpkg-mergechangelogs.1
  POD2MAN dpkg-name.1
  POD2MAN dpkg-parsechangelog.1
  POD2MAN dpkg-query.1
  POD2MAN dpkg-realpath.1
  POD2MAN dpkg-scanpackages.1
  POD2MAN dpkg-scansources.1
  POD2MAN dpkg-shlibdeps.1
  POD2MAN dpkg-source.1
  POD2MAN dpkg-split.1
  POD2MAN dpkg-statoverride.1
  POD2MAN dpkg-trigger.1
  POD2MAN dpkg-vendor.1
  POD2MAN dpkg.1
  POD2MAN dpkg.cfg.5
  POD2MAN dsc.5
  POD2MAN libdpkg.7
  POD2MAN update-alternatives.1
make[2]: Leaving directory '/tmp/src/dpkg-1.22.15/man'
make[2]: Entering directory '/tmp/src/dpkg-1.22.15'
make[2]: Leaving directory '/tmp/src/dpkg-1.22.15'
make[1]: Leaving directory '/tmp/src/dpkg-1.22.15'
Making check in lib
make[1]: Entering directory '/tmp/src/dpkg-1.22.15/lib'
Making check in compat
make[2]: Entering directory '/tmp/src/dpkg-1.22.15/lib/compat'
make[2]: Nothing to be done for 'check'.
make[2]: Leaving directory '/tmp/src/dpkg-1.22.15/lib/compat'
Making check in dpkg
make[2]: Entering directory '/tmp/src/dpkg-1.22.15/lib/dpkg'
make  t/t-test t/t-test-skip t/t-macros t/t-headers-cpp t/t-c-ctype t/t-namevalue t/t-ehandle t/t-error t/t-string t/t-file t/t-buffer t/t-meminfo t/t-path t/t-progname t/t-subproc t/t-command t/t-pager t/t-varbuf t/t-varbuf-cpp t/t-ar t/t-tar t/t-deb-version t/t-arch t/t-version t/t-pkginfo t/t-pkg-list t/t-pkg-queue t/t-pkg-hash t/t-pkg-show t/t-pkg-format t/t-fsys-dir t/t-fsys-hash t/t-trigger t/t-mod-db t/b-fsys-hash t/b-pkg-hash t/c-tarextract t/c-treewalk t/c-trigdeferred
make[3]: Entering directory '/tmp/src/dpkg-1.22.15/lib/dpkg'
  CC       t/t-test.o
  CC       t/t-test-skip.o
  CC       t/t-macros.o
  CXX      t/t-headers-cpp.o
  CC       t/t-c-ctype.o
  CC       t/t-namevalue.o
  CC       t/t-ehandle.o
  CC       t/t-error.o
  CC       t/t-string.o
  CC       t/t-file.o
  CC       t/t-buffer.o
  CC       t/t-meminfo.o
  CC       t/t-path.o
  CC       t/t-progname.o
  CC       t/t-subproc.o
  CC       t/t-command.o
  CC       t/t-pager.o
  CC       t/t-varbuf.o
  CXX      t/t-varbuf-cpp.o
  CC       t/t-ar.o
  CC       t/t-tar.o
  CC       t/t-deb-version.o
  CC       t/t-arch.o
  CC       t/t-version.o
  CC       t/t-pkginfo.o
  CC       t/t-pkg-list.o
  CC       t/t-pkg-queue.o
  CC       t/t-pkg-hash.o
  CC       t/t-pkg-show.o
  CC       t/t-pkg-format.o
  CC       t/t-fsys-dir.o
  CC       t/t-fsys-hash.o
  CC       t/t-trigger.o
  CC       t/t-mod-db.o
  CC       t/b-fsys-hash.o
  CC       t/b-pkg-hash.o
  CC       t/c-tarextract.o
  CC       t/c-treewalk.o
  CC       t/c-trigdeferred.o
  CCLD     t/t-test
  CCLD     t/t-test-skip
  CCLD     t/t-macros
  CXXLD    t/t-headers-cpp
  CCLD     t/t-c-ctype
  CCLD     t/t-namevalue
  CCLD     t/t-ehandle
  CCLD     t/t-error
  CCLD     t/t-string
  CCLD     t/t-file
  CCLD     t/t-buffer
  CCLD     t/t-meminfo
  CCLD     t/t-path
  CCLD     t/t-progname
  CCLD     t/t-subproc
  CCLD     t/t-command
  CCLD     t/t-pager
  CCLD     t/t-ar
  CCLD     t/t-tar
  CCLD     t/t-deb-version
  CCLD     t/t-arch
  CCLD     t/t-pkginfo
  CCLD     t/t-pkg-list
  CCLD     t/t-pkg-queue
  CCLD     t/t-pkg-hash
  CCLD     t/t-pkg-show
  CCLD     t/t-pkg-format
  CCLD     t/t-fsys-dir
  CCLD     t/t-fsys-hash
  CCLD     t/t-trigger
  CCLD     t/t-mod-db
  CCLD     t/b-fsys-hash
  CCLD     t/b-pkg-hash
  CCLD     t/c-tarextract
  CCLD     t/c-treewalk
  CCLD     t/c-trigdeferred
  CCLD     t/t-varbuf
  CCLD     t/t-version
  CXXLD    t/t-varbuf-cpp
make[3]: Leaving directory '/tmp/src/dpkg-1.22.15/lib/dpkg'
make  check-local
make[3]: Entering directory '/tmp/src/dpkg-1.22.15/lib/dpkg'
[ -z "t.tmp" ] || /bin/mkdir -p t.tmp
DPKG_PROGTAR=tar  \
  TEST_PARALLEL=1 \
  TEST_VERBOSE=0 \
  abs_srcdir=/tmp/src/dpkg-1.22.15/lib/dpkg \
  abs_builddir=/tmp/src/dpkg-1.22.15/lib/dpkg \
  abs_top_srcdir=/tmp/src/dpkg-1.22.15 \
  abs_top_builddir=/tmp/src/dpkg-1.22.15 \
  srcdir=. builddir=. \
  CC=cc \
  SHELL=/bin/sh \
  PERL=/usr/bin/perl \
  PERL_DL_NONLAZY=1 \
  PERL5OPT= \
  /usr/bin/perl ../../build-aux/test-runner \
    ./t/t-test ./t/t-test-skip ./t/t-macros ./t/t-headers-cpp ./t/t-c-ctype ./t/t-namevalue ./t/t-ehandle ./t/t-error ./t/t-string ./t/t-file ./t/t-buffer ./t/t-meminfo ./t/t-path ./t/t-progname ./t/t-subproc ./t/t-command ./t/t-pager ./t/t-varbuf ./t/t-varbuf-cpp ./t/t-ar ./t/t-tar ./t/t-deb-version ./t/t-arch ./t/t-version ./t/t-pkginfo ./t/t-pkg-list ./t/t-pkg-queue ./t/t-pkg-hash ./t/t-pkg-show ./t/t-pkg-format ./t/t-fsys-dir ./t/t-fsys-hash ./t/t-trigger ./t/t-mod-db \
    ./t/t-tarextract.t ./t/t-treewalk.t ./t/t-trigdeferred.t
./t/t-test ............ ok
./t/t-test-skip ....... skipped: ignore all tests
./t/t-macros .......... ok
./t/t-headers-cpp ..... ok
./t/t-c-ctype ......... ok
./t/t-namevalue ....... ok
./t/t-ehandle ......... ok
./t/t-error ........... ok
./t/t-string .......... ok
./t/t-file ............ ok
./t/t-buffer .......... ok
./t/t-meminfo ......... ok
./t/t-path ............ ok
./t/t-progname ........ ok
./t/t-subproc ......... ok
./t/t-command ......... ok
./t/t-pager ........... ok
./t/t-varbuf .......... ok
./t/t-varbuf-cpp ...... ok
./t/t-ar .............. ok
./t/t-tar ............. ok
./t/t-deb-version ..... ok
./t/t-arch ............ ok
./t/t-version ......... ok
./t/t-pkginfo ......... ok
./t/t-pkg-list ........ ok
./t/t-pkg-queue ....... ok
./t/t-pkg-hash ........ ok
./t/t-pkg-show ........ ok
./t/t-pkg-format ...... ok
./t/t-fsys-dir ........ ok
./t/t-fsys-hash ....... ok
./t/t-trigger ......... ok
./t/t-mod-db .......... ok
./t/t-tarextract.t .... ok
./t/t-treewalk.t ...... ok
./t/t-trigdeferred.t .. ok
All tests successful.
Files=37, Tests=3430,  0 wallclock secs ( 0.08 usr  0.02 sys +  0.17 cusr  0.03 csys =  0.30 CPU)
Result: PASS
make[3]: Leaving directory '/tmp/src/dpkg-1.22.15/lib/dpkg'
make[2]: Leaving directory '/tmp/src/dpkg-1.22.15/lib/dpkg'
make[2]: Entering directory '/tmp/src/dpkg-1.22.15/lib'
make[2]: Nothing to be done for 'check-am'.
make[2]: Leaving directory '/tmp/src/dpkg-1.22.15/lib'
make[1]: Leaving directory '/tmp/src/dpkg-1.22.15/lib'
Making check in src
make[1]: Entering directory '/tmp/src/dpkg-1.22.15/src'
make  check-local
make[2]: Entering directory '/tmp/src/dpkg-1.22.15/src'
:;{ \
  echo '# Signature of the current package.' && \
  echo 'm4_define([AT_PACKAGE_NAME], [dpkg])' && \
  echo 'm4_define([AT_PACKAGE_TARNAME], [dpkg])' && \
  echo 'm4_define([AT_PACKAGE_VERSION], [1.22.15])' && \
  echo 'm4_define([AT_PACKAGE_STRING], [dpkg 1.22.15])' && \
  echo 'm4_define([AT_PACKAGE_URL], [https://wiki.debian.org/Teams/Dpkg])' && \
  echo 'm4_define([AT_PACKAGE_BUGREPORT], [debian-dpkg@lists.debian.org])'; \
} >'./at/package.m4'
/bin/sh '/tmp/src/dpkg-1.22.15/build-aux/missing' autom4te --language=autotest -I './at' -o at/testsuite.tmp at/testsuite.at
mv at/testsuite.tmp at/testsuite
/bin/sh './at/testsuite' -C at -j1 
## ---------------------------------------------------------- ##
## dpkg 1.22.15 test suite: dpkg tools functional test suite. ##
## ---------------------------------------------------------- ##

Binary .deb packages

  1: dpkg-deb options                                ok
  2: dpkg-deb .deb format 0.93x                      ok
  3: dpkg-deb .deb format 2.x (core)                 ok
  4: dpkg-deb .deb format 2.x (xz)                   ok
  5: dpkg-deb .deb format 2.x (zstd)                 skipped (deb-format.at:561)
  6: dpkg-deb .deb format 2.x (bzip2)                ok
  7: dpkg-deb .deb format 2.x (lzma)                 ok
  8: dpkg-deb .deb conffiles                         ok
  9: dpkg-deb .deb fields                            ok

Split .deb packages

 10: dpkg-split options                              ok
 11: dpkg-split .deb format                          ok

Resolve pathnames

 12: dpkg-realpath options                           ok
 13: dpkg-realpath path resolving                    ok

Diversions

 14: dpkg-divert options                             ok
 15: dpkg-divert query (empty db)                    ok
 16: dpkg-divert query (list)                        ok
 17: dpkg-divert query (listpackage + truename)      ok
 18: dpkg-divert add (local rename)                  ok
 19: dpkg-divert add (local no-rename)               ok
 20: dpkg-divert add (rename quiet)                  ok
 21: dpkg-divert add (test rename quiet)             ok
 22: dpkg-divert add (rename missing quiet)          ok
 23: dpkg-divert add (local rename quiet)            ok
 24: dpkg-divert add (package rename quiet)          ok
 25: dpkg-divert add (rename self-link)              ok
 26: dpkg-divert add (rename other-file)             ok
 27: dpkg-divert add (rename missing dir)            ok
 28: dpkg-divert add (rename read-only dir)          ok
 29: dpkg-divert add (rename no-access dir)          ok
 30: dpkg-divert add second diversion                ok
 31: dpkg-divert add third diversion                 ok
 32: dpkg-divert add (file owned by --package)       ok
 33: dpkg-divert remove (missing)                    ok
 34: dpkg-divert remove (divert-to)                  ok
 35: dpkg-divert remove (plain)                      ok
 36: dpkg-divert remove (by-package)                 ok
 37: dpkg-divert remove (test)                       ok
 38: dpkg-divert db (no-access)                      ok
 39: dpkg-divert db (truncated)                      ok
 40: dpkg-divert db (read-only dir)                  ok
 41: dpkg-divert db (disk full)                      ok
 42: dpkg-divert db (pathname is dir)                ok

Change directory options

 43: dpkg chdir opts                                 ok
 44: dpkg chdir env                                  ok
 45: dpkg chdir env+opt admindir                     ok
 46: dpkg chdir env+opt root                         ok
 47: dpkg chdir env+opt root+admindir                ok
 48: dpkg-divert chdir opts                          ok
 49: dpkg-divert chdir env                           ok
 50: dpkg-divert chdir env+opt admindir              ok
 51: dpkg-divert chdir env+opt root                  ok
 52: dpkg-divert chdir env+opt root+admindir         ok
 53: dpkg-statoverride chdir opts                    ok
 54: dpkg-statoverride chdir env                     ok
 55: dpkg-statoverride chdir env+opt admindir        ok
 56: dpkg-statoverride chdir env+opt root            ok
 57: dpkg-statoverride chdir env+opt root+admindir   ok
 58: dpkg-split chdir opts                           ok
 59: dpkg-split chdir env                            ok
 60: dpkg-split chdir env+opt admindir               ok
 61: dpkg-split chdir env+opt root                   ok
 62: dpkg-split chdir env+opt root+admindir          ok
 63: dpkg-query chdir opts                           ok
 64: dpkg-query chdir env                            ok
 65: dpkg-query chdir env+opt admindir               ok
 66: dpkg-query chdir env+opt root                   ok
 67: dpkg-query chdir env+opt root+admindir          ok
 68: dpkg-trigger chdir opts                         ok
 69: dpkg-trigger chdir env                          ok
 70: dpkg-trigger chdir env+opt admindir             ok
 71: dpkg-trigger chdir env+opt root                 ok
 72: dpkg-trigger chdir env+opt root+admindir        ok

## ------------- ##
## Test results. ##
## ------------- ##

71 tests were successful.
1 test was skipped.
make[2]: Leaving directory '/tmp/src/dpkg-1.22.15/src'
make[1]: Leaving directory '/tmp/src/dpkg-1.22.15/src'
Making check in utils
make[1]: Entering directory '/tmp/src/dpkg-1.22.15/utils'
make  check-local
make[2]: Entering directory '/tmp/src/dpkg-1.22.15/utils'
[ -z "t.tmp" ] || /bin/mkdir -p t.tmp
DPKG_DATADIR=../data UA_ROOTDIR_ENVVAR=DPKG_ROOT UA_ADMINDIR_ENVVAR=DPKG_ADMINDIR UA_ADMINDIR_DEFAULT=/var/lib/dpkg  \
  TEST_PARALLEL=1 \
  TEST_VERBOSE=0 \
  abs_srcdir=/tmp/src/dpkg-1.22.15/utils \
  abs_builddir=/tmp/src/dpkg-1.22.15/utils \
  abs_top_srcdir=/tmp/src/dpkg-1.22.15 \
  abs_top_builddir=/tmp/src/dpkg-1.22.15 \
  srcdir=. builddir=. \
  CC=cc \
  SHELL=/bin/sh \
  PERL=/usr/bin/perl \
  PERL_DL_NONLAZY=1 \
  PERL5OPT= \
  /usr/bin/perl ../build-aux/test-runner \
     \
    ./t/update_alternatives.t
./t/update_alternatives.t .. ok
All tests successful.
Files=1, Tests=712,  1 wallclock secs ( 0.04 usr  0.00 sys +  0.18 cusr  0.04 csys =  0.26 CPU)
Result: PASS
make[2]: Leaving directory '/tmp/src/dpkg-1.22.15/utils'
make[1]: Leaving directory '/tmp/src/dpkg-1.22.15/utils'
Making check in scripts
make[1]: Entering directory '/tmp/src/dpkg-1.22.15/scripts'
Making check in mk
make[2]: Entering directory '/tmp/src/dpkg-1.22.15/scripts/mk'
make[2]: Nothing to be done for 'check'.
make[2]: Leaving directory '/tmp/src/dpkg-1.22.15/scripts/mk'
Making check in po
make[2]: Entering directory '/tmp/src/dpkg-1.22.15/scripts/po'
make[2]: Nothing to be done for 'check'.
make[2]: Leaving directory '/tmp/src/dpkg-1.22.15/scripts/po'
make[2]: Entering directory '/tmp/src/dpkg-1.22.15/scripts'
make  check-local
make[3]: Entering directory '/tmp/src/dpkg-1.22.15/scripts'
[ -z "t.tmp" ] || /bin/mkdir -p t.tmp
DPKG_PROGTAR=tar DPKG_PROGPATCH=patch DPKG_PROGMAKE=make DPKG_DATADIR=../data DPKG_ORIGINS_DIR=./t/origins  \
  TEST_PARALLEL=1 \
  TEST_VERBOSE=0 \
  abs_srcdir=/tmp/src/dpkg-1.22.15/scripts \
  abs_builddir=/tmp/src/dpkg-1.22.15/scripts \
  abs_top_srcdir=/tmp/src/dpkg-1.22.15 \
  abs_top_builddir=/tmp/src/dpkg-1.22.15 \
  srcdir=. builddir=. \
  CC=cc \
  SHELL=/bin/sh \
  PERL=/usr/bin/perl \
  PERL_DL_NONLAZY=1 \
  PERL5OPT= \
  /usr/bin/perl ../build-aux/test-runner \
     \
    ./t/Dpkg_Version.t ./t/Dpkg_Arch.t ./t/Dpkg_Package.t ./t/Dpkg_Shlibs_Cppfilt.t ./t/Dpkg_Shlibs.t ./t/Dpkg_BuildAPI.t ./t/Dpkg_BuildEnv.t ./t/Dpkg_BuildFlags.t ./t/Dpkg_BuildFlags_Ubuntu.t ./t/Dpkg_BuildInfo.t ./t/Dpkg_BuildOptions.t ./t/Dpkg_BuildProfiles.t ./t/Dpkg_BuildTree.t ./t/Dpkg_BuildTypes.t ./t/Dpkg_Checksums.t ./t/Dpkg_ErrorHandling.t ./t/Dpkg_Exit.t ./t/Dpkg_File.t ./t/Dpkg_Lock.t ./t/Dpkg_Getopt.t ./t/Dpkg_Gettext.t ./t/Dpkg_Conf.t ./t/Dpkg_Deps.t ./t/Dpkg_Path.t ./t/Dpkg_Interface_Storable.t ./t/Dpkg_OpenPGP_KeyHandle.t ./t/Dpkg_OpenPGP.t ./t/Dpkg_Vendor.t ./t/Dpkg_Changelog.t ./t/Dpkg_Changelog_Ubuntu.t ./t/Dpkg_Control_Fields.t ./t/Dpkg_Control.t ./t/Dpkg_Control_Tests.t ./t/Dpkg_Index.t ./t/Dpkg_Substvars.t ./t/Dpkg_IPC.t ./t/Dpkg_Compression.t ./t/Dpkg_Source_Functions.t ./t/Dpkg_Source_Patch.t ./t/Dpkg_Source_Quilt.t ./t/Dpkg_Source_Format.t ./t/Dpkg_Source_Archive.t ./t/Dpkg_Source_Package.t ./t/Dpkg_Dist_Files.t ./t/dpkg_source.t ./t/dpkg_buildpackage.t ./t/dpkg_buildtree.t ./t/dpkg_mergechangelogs.t ./t/mk.t
./t/Dpkg_Version.t ............. ok
./t/Dpkg_Arch.t ................ ok
./t/Dpkg_Package.t ............. ok
./t/Dpkg_Shlibs_Cppfilt.t ...... ok
./t/Dpkg_Shlibs.t .............. ok
./t/Dpkg_BuildAPI.t ............ ok
./t/Dpkg_BuildEnv.t ............ ok
./t/Dpkg_BuildFlags.t .......... ok
./t/Dpkg_BuildFlags_Ubuntu.t ... ok
./t/Dpkg_BuildInfo.t ........... ok
./t/Dpkg_BuildOptions.t ........ ok
./t/Dpkg_BuildProfiles.t ....... ok
./t/Dpkg_BuildTree.t ........... ok
./t/Dpkg_BuildTypes.t .......... ok
./t/Dpkg_Checksums.t ........... ok
./t/Dpkg_ErrorHandling.t ....... ok
./t/Dpkg_Exit.t ................ ok
./t/Dpkg_File.t ................ ok
./t/Dpkg_Lock.t ................ ok
./t/Dpkg_Getopt.t .............. ok
./t/Dpkg_Gettext.t ............. ok
./t/Dpkg_Conf.t ................ ok
./t/Dpkg_Deps.t ................ ok
./t/Dpkg_Path.t ................ ok
./t/Dpkg_Interface_Storable.t .. ok
./t/Dpkg_OpenPGP_KeyHandle.t ... ok
./t/Dpkg_OpenPGP.t ............. skipped: requires >= 1 openpgp command: gosop gpg gpg-sq pgpainless-cli rsop sq sqop
./t/Dpkg_Vendor.t .............. ok
./t/Dpkg_Changelog.t ........... ok
./t/Dpkg_Changelog_Ubuntu.t .... ok
./t/Dpkg_Control_Fields.t ...... ok
./t/Dpkg_Control.t ............. ok
./t/Dpkg_Control_Tests.t ....... ok
./t/Dpkg_Index.t ............... ok
./t/Dpkg_Substvars.t ........... ok
./t/Dpkg_IPC.t ................. ok
./t/Dpkg_Compression.t ......... ok
./t/Dpkg_Source_Functions.t .... ok
./t/Dpkg_Source_Patch.t ........ ok
./t/Dpkg_Source_Quilt.t ........ ok
./t/Dpkg_Source_Format.t ....... ok
./t/Dpkg_Source_Archive.t ...... ok
./t/Dpkg_Source_Package.t ...... skipped: requires >= 1 openpgp command: gosop gpg gpg-sq pgpainless-cli rsop sq sqop
./t/Dpkg_Dist_Files.t .......... ok
./t/dpkg_source.t .............. ok
./t/dpkg_buildpackage.t ........ ok
./t/dpkg_buildtree.t ........... ok
./t/dpkg_mergechangelogs.t ..... ok
./t/mk.t ....................... ok
All tests successful.
Files=49, Tests=12759, 10 wallclock secs ( 0.37 usr  0.04 sys +  7.68 cusr  1.51 csys =  9.60 CPU)
Result: PASS
make[3]: Leaving directory '/tmp/src/dpkg-1.22.15/scripts'
make[2]: Leaving directory '/tmp/src/dpkg-1.22.15/scripts'
make[1]: Leaving directory '/tmp/src/dpkg-1.22.15/scripts'
Making check in po
make[1]: Entering directory '/tmp/src/dpkg-1.22.15/po'
make[1]: Nothing to be done for 'check'.
make[1]: Leaving directory '/tmp/src/dpkg-1.22.15/po'
Making check in man
make[1]: Entering directory '/tmp/src/dpkg-1.22.15/man'
make[1]: Nothing to be done for 'check'.
make[1]: Leaving directory '/tmp/src/dpkg-1.22.15/man'
make[1]: Entering directory '/tmp/src/dpkg-1.22.15'
make  check-local
make[2]: Entering directory '/tmp/src/dpkg-1.22.15'
[ -z "" ] || /bin/mkdir -p 
DPKG_DATADIR=/tmp/src/dpkg-1.22.15/data  \
  TEST_PARALLEL=1 \
  TEST_VERBOSE=0 \
  abs_srcdir=/tmp/src/dpkg-1.22.15 \
  abs_builddir=/tmp/src/dpkg-1.22.15 \
  abs_top_srcdir=/tmp/src/dpkg-1.22.15 \
  abs_top_builddir=/tmp/src/dpkg-1.22.15 \
  srcdir=. builddir=. \
  CC=cc \
  SHELL=/bin/sh \
  PERL=/usr/bin/perl \
  PERL_DL_NONLAZY=1 \
  PERL5OPT= \
  /usr/bin/perl ./build-aux/test-runner \
     \
    ./t/po.t ./t/pod.t ./t/pod-spell.t ./t/pod-coverage.t ./t/synopsis.t ./t/minimum-version.t ./t/module-version.t ./t/syntax.t ./t/strict.t ./t/critic.t ./t/codespell.t ./t/shellcheck.t ./t/cppcheck.t
./t/po.t ............... skipped: author test
./t/pod.t .............. skipped: requires module Test::Pod 1.00
./t/pod-spell.t ........ skipped: author test
./t/pod-coverage.t ..... skipped: author test
./t/synopsis.t ......... skipped: author test
./t/minimum-version.t .. skipped: author test
./t/module-version.t ... ok
./t/syntax.t ........... ok
./t/strict.t ........... skipped: requires module Test::Strict
./t/critic.t ........... skipped: author test
./t/codespell.t ........ skipped: author test
./t/shellcheck.t ....... skipped: author test
./t/cppcheck.t ......... skipped: author test
All tests successful.
Files=13, Tests=275,  6 wallclock secs ( 0.04 usr  0.01 sys +  5.29 cusr  1.09 csys =  6.43 CPU)
Result: PASS
make[2]: Leaving directory '/tmp/src/dpkg-1.22.15'
make[1]: Leaving directory '/tmp/src/dpkg-1.22.15'
>>> dpkg: Entering fakeroot...
Making install in lib
make[1]: Entering directory '/tmp/src/dpkg-1.22.15/lib'
Making install in compat
make[2]: Entering directory '/tmp/src/dpkg-1.22.15/lib/compat'
make[3]: Entering directory '/tmp/src/dpkg-1.22.15/lib/compat'
make[3]: Nothing to be done for 'install-exec-am'.
make[3]: Nothing to be done for 'install-data-am'.
make[3]: Leaving directory '/tmp/src/dpkg-1.22.15/lib/compat'
make[2]: Leaving directory '/tmp/src/dpkg-1.22.15/lib/compat'
Making install in dpkg
make[2]: Entering directory '/tmp/src/dpkg-1.22.15/lib/dpkg'
make[3]: Entering directory '/tmp/src/dpkg-1.22.15/lib/dpkg'
make[3]: Nothing to be done for 'install-exec-am'.
 /bin/mkdir -p '/tmp/pkg/dpkg/usr/lib'
 /bin/mkdir -p '/tmp/pkg/dpkg/usr/lib/pkgconfig'
 /bin/sh ../../libtool   --mode=install /usr/bin/install -c   libdpkg.la '/tmp/pkg/dpkg/usr/lib'
 /bin/mkdir -p '/tmp/pkg/dpkg/usr/include/dpkg'
 /usr/bin/install -c -m 644 libdpkg.pc '/tmp/pkg/dpkg/usr/lib/pkgconfig'
 /usr/bin/install -c -m 644 ar.h arch.h atomic-file.h buffer.h c-ctype.h color.h command.h compress.h db-ctrl.h db-fsys.h deb-version.h debug.h dir.h dpkg.h dpkg-db.h ehandle.h error.h execname.h fdio.h file.h fsys.h glob.h macros.h meminfo.h namevalue.h options.h pager.h parsedump.h path.h pkg.h pkg-array.h pkg-files.h pkg-format.h pkg-list.h pkg-queue.h pkg-show.h pkg-spec.h progname.h program.h progress.h '/tmp/pkg/dpkg/usr/include/dpkg'
 /usr/bin/install -c -m 644 report.h string.h subproc.h tarfn.h treewalk.h trigdeferred.h triglib.h varbuf.h version.h '/tmp/pkg/dpkg/usr/include/dpkg'
libtool: install: /usr/bin/install -c .libs/libdpkg.lai /tmp/pkg/dpkg/usr/lib/libdpkg.la
libtool: install: /usr/bin/install -c .libs/libdpkg.a /tmp/pkg/dpkg/usr/lib/libdpkg.a
libtool: install: chmod 644 /tmp/pkg/dpkg/usr/lib/libdpkg.a
libtool: install: ranlib /tmp/pkg/dpkg/usr/lib/libdpkg.a
libtool: warning: remember to run 'libtool --finish /usr/lib'
make[3]: Leaving directory '/tmp/src/dpkg-1.22.15/lib/dpkg'
make[2]: Leaving directory '/tmp/src/dpkg-1.22.15/lib/dpkg'
make[2]: Entering directory '/tmp/src/dpkg-1.22.15/lib'
make[3]: Entering directory '/tmp/src/dpkg-1.22.15/lib'
make[3]: Nothing to be done for 'install-exec-am'.
make[3]: Nothing to be done for 'install-data-am'.
make[3]: Leaving directory '/tmp/src/dpkg-1.22.15/lib'
make[2]: Leaving directory '/tmp/src/dpkg-1.22.15/lib'
make[1]: Leaving directory '/tmp/src/dpkg-1.22.15/lib'
Making install in src
make[1]: Entering directory '/tmp/src/dpkg-1.22.15/src'
make[2]: Entering directory '/tmp/src/dpkg-1.22.15/src'
 /bin/mkdir -p '/tmp/pkg/dpkg/usr/bin'
 /bin/mkdir -p '/tmp/pkg/dpkg/usr/bin'
/bin/mkdir -p /tmp/pkg/dpkg/etc/dpkg/dpkg.cfg.d
 /bin/mkdir -p '/tmp/pkg/dpkg/usr/libexec/dpkg'
/bin/mkdir -p /tmp/pkg/dpkg/var/lib/dpkg/info
 /bin/mkdir -p '/tmp/pkg/dpkg/usr/share/dpkg'
 /usr/bin/install -c dpkg-maintscript-helper '/tmp/pkg/dpkg/usr/bin'
/bin/mkdir -p /tmp/pkg/dpkg/var/lib/dpkg/parts
/bin/mkdir -p /tmp/pkg/dpkg/var/lib/dpkg/updates
 /usr/bin/install -c dpkg-db-backup dpkg-db-keeper '/tmp/pkg/dpkg/usr/libexec/dpkg'
  /bin/sh ../libtool   --mode=install /usr/bin/install -c dpkg dpkg-deb dpkg-divert dpkg-query dpkg-realpath dpkg-split dpkg-statoverride dpkg-trigger '/tmp/pkg/dpkg/usr/bin'
 /bin/mkdir -p '/tmp/pkg/dpkg/usr/share/dpkg/sh'
 /usr/bin/install -c -m 644  sh/dpkg-error.sh '/tmp/pkg/dpkg/usr/share/dpkg/sh'
libtool: install: /usr/bin/install -c dpkg /tmp/pkg/dpkg/usr/bin/dpkg
libtool: install: /usr/bin/install -c dpkg-deb /tmp/pkg/dpkg/usr/bin/dpkg-deb
libtool: install: /usr/bin/install -c dpkg-divert /tmp/pkg/dpkg/usr/bin/dpkg-divert
libtool: install: /usr/bin/install -c dpkg-query /tmp/pkg/dpkg/usr/bin/dpkg-query
libtool: install: /usr/bin/install -c dpkg-realpath /tmp/pkg/dpkg/usr/bin/dpkg-realpath
libtool: install: /usr/bin/install -c dpkg-split /tmp/pkg/dpkg/usr/bin/dpkg-split
libtool: install: /usr/bin/install -c dpkg-statoverride /tmp/pkg/dpkg/usr/bin/dpkg-statoverride
libtool: install: /usr/bin/install -c dpkg-trigger /tmp/pkg/dpkg/usr/bin/dpkg-trigger
make[2]: Leaving directory '/tmp/src/dpkg-1.22.15/src'
make[1]: Leaving directory '/tmp/src/dpkg-1.22.15/src'
Making install in utils
make[1]: Entering directory '/tmp/src/dpkg-1.22.15/utils'
make[2]: Entering directory '/tmp/src/dpkg-1.22.15/utils'
/bin/mkdir -p /tmp/pkg/dpkg/etc/alternatives
 /bin/mkdir -p '/tmp/pkg/dpkg/usr/bin'
/bin/mkdir -p /tmp/pkg/dpkg/var/lib/dpkg/alternatives
 /bin/mkdir -p '/tmp/pkg/dpkg/usr/share/bash-completion/completions'
 /bin/mkdir -p '/tmp/pkg/dpkg/usr/share/polkit-1/actions'
/usr/bin/install -c -m 644 ./README.alternatives /tmp/pkg/dpkg/etc/alternatives/README
  /bin/sh ../libtool   --mode=install /usr/bin/install -c update-alternatives '/tmp/pkg/dpkg/usr/bin'
 /usr/bin/install -c -m 644 org.dpkg.pkexec.update-alternatives.policy '/tmp/pkg/dpkg/usr/share/polkit-1/actions'
libtool: install: /usr/bin/install -c update-alternatives /tmp/pkg/dpkg/usr/bin/update-alternatives
make[2]: Leaving directory '/tmp/src/dpkg-1.22.15/utils'
make[1]: Leaving directory '/tmp/src/dpkg-1.22.15/utils'
Making install in scripts
make[1]: Entering directory '/tmp/src/dpkg-1.22.15/scripts'
Making install in mk
make[2]: Entering directory '/tmp/src/dpkg-1.22.15/scripts/mk'
make[3]: Entering directory '/tmp/src/dpkg-1.22.15/scripts/mk'
make[3]: Nothing to be done for 'install-exec-am'.
 /bin/mkdir -p '/tmp/pkg/dpkg/usr/share/dpkg'
 /usr/bin/install -c -m 644 architecture.mk buildapi.mk buildflags.mk buildopts.mk buildtools.mk default.mk pkg-info.mk vendor.mk '/tmp/pkg/dpkg/usr/share/dpkg'
make[3]: Leaving directory '/tmp/src/dpkg-1.22.15/scripts/mk'
make[2]: Leaving directory '/tmp/src/dpkg-1.22.15/scripts/mk'
Making install in po
make[2]: Entering directory '/tmp/src/dpkg-1.22.15/scripts/po'
if test "dpkg" = "gettext-tools"; then \
  /bin/mkdir -p /tmp/pkg/dpkg/usr/share/gettext/po; \
  for file in Makefile.in.in remove-potcdate.sed quot.sed boldquot.sed en@quot.header en@boldquot.header insert-header.sed Rules-quot      Makevars.template; do \
    /usr/bin/install -c -m 644 ./$file \
		    /tmp/pkg/dpkg/usr/share/gettext/po/$file; \
  done; \
  for file in Makevars; do \
    rm -f /tmp/pkg/dpkg/usr/share/gettext/po/$file; \
  done; \
else \
  : ; \
fi
make[2]: Leaving directory '/tmp/src/dpkg-1.22.15/scripts/po'
make[2]: Entering directory '/tmp/src/dpkg-1.22.15/scripts'
make[3]: Entering directory '/tmp/src/dpkg-1.22.15/scripts'
/bin/mkdir -p /tmp/pkg/dpkg/usr/share/man/man3
 /bin/mkdir -p '/tmp/pkg/dpkg/usr/bin'
for module in Dpkg/Arch.pm Dpkg/Archive/Ar.pm Dpkg/BuildAPI.pm Dpkg/BuildDriver.pm Dpkg/BuildDriver/DebianRules.pm Dpkg/BuildEnv.pm Dpkg/BuildFlags.pm Dpkg/BuildInfo.pm Dpkg/BuildOptions.pm Dpkg/BuildProfiles.pm Dpkg/BuildTree.pm Dpkg/BuildTypes.pm Dpkg/Build/Info.pm Dpkg/Changelog.pm Dpkg/Changelog/Debian.pm Dpkg/Changelog/Entry.pm Dpkg/Changelog/Entry/Debian.pm Dpkg/Changelog/Parse.pm Dpkg/Checksums.pm Dpkg/Compression.pm Dpkg/Compression/FileHandle.pm Dpkg/Compression/Process.pm Dpkg/Conf.pm Dpkg/Control.pm Dpkg/Control/Changelog.pm Dpkg/Control/FieldsCore.pm Dpkg/Control/Fields.pm Dpkg/Control/Info.pm Dpkg/Control/HashCore.pm Dpkg/Control/HashCore/Tie.pm Dpkg/Control/Hash.pm Dpkg/Control/Tests.pm Dpkg/Control/Tests/Entry.pm Dpkg/Control/Types.pm Dpkg/Deps.pm Dpkg/Deps/AND.pm Dpkg/Deps/KnownFacts.pm Dpkg/Deps/Multiple.pm Dpkg/Deps/OR.pm Dpkg/Deps/Simple.pm Dpkg/Deps/Union.pm Dpkg/Dist/Files.pm Dpkg/ErrorHandling.pm Dpkg/Exit.pm Dpkg/File.pm Dpkg/Getopt.pm Dpkg/Gettext.pm Dpkg/Index.pm Dpkg/Interface/Storable.pm Dpkg/IPC.pm Dpkg/Lock.pm Dpkg/OpenPGP.pm Dpkg/OpenPGP/Backend.pm Dpkg/OpenPGP/Backend/GnuPG.pm Dpkg/OpenPGP/Backend/SOP.pm Dpkg/OpenPGP/Backend/Sequoia.pm Dpkg/OpenPGP/ErrorCodes.pm Dpkg/OpenPGP/KeyHandle.pm Dpkg/Package.pm Dpkg/Path.pm Dpkg/Shlibs.pm Dpkg/Shlibs/Objdump.pm Dpkg/Shlibs/Objdump/Object.pm Dpkg/Shlibs/Symbol.pm Dpkg/Shlibs/SymbolFile.pm Dpkg/Shlibs/Cppfilt.pm Dpkg/Source/Archive.pm Dpkg/Source/BinaryFiles.pm Dpkg/Source/Format.pm Dpkg/Source/Functions.pm Dpkg/Source/Package.pm Dpkg/Source/Package/V1.pm Dpkg/Source/Package/V2.pm Dpkg/Source/Package/V3/Bzr.pm Dpkg/Source/Package/V3/Custom.pm Dpkg/Source/Package/V3/Native.pm Dpkg/Source/Package/V3/Git.pm Dpkg/Source/Package/V3/Quilt.pm Dpkg/Source/Patch.pm Dpkg/Source/Quilt.pm Dpkg/Substvars.pm Dpkg/Vendor.pm Dpkg/Vendor/Debian.pm Dpkg/Vendor/Default.pm Dpkg/Vendor/Devuan.pm Dpkg/Vendor/Ubuntu.pm Dpkg/Version.pm Dpkg.pm ; do \
  name=`echo $module | /bin/sed -e 's|/|::|g' -e 's/\.pm$//'`; \
  pod2man --utf8 --release=1.22.15 --date='2025-02-03'  --center=libdpkg-perl \
    --name="$name" --section=3perl ./$module \
    >/tmp/pkg/dpkg/usr/share/man/man3/$name.3perl; \
  if ! [ -s "/tmp/pkg/dpkg/usr/share/man/man3/$name.3perl" ]; then \
    echo "error: empty /usr/share/man/man3/$name.3perl" 2>&1; \
    exit 1; \
  fi; \
done
 /bin/mkdir -p '/tmp/pkg/dpkg/usr/share/zsh/site-functions'
 /usr/bin/install -c -m 644 completion/zsh/_dpkg-parsechangelog '/tmp/pkg/dpkg/usr/share/zsh/site-functions'
 /usr/bin/install -c dpkg-architecture dpkg-buildflags dpkg-buildapi dpkg-buildpackage dpkg-buildtree dpkg-checkbuilddeps dpkg-distaddfile dpkg-genbuildinfo dpkg-genchanges dpkg-gencontrol dpkg-gensymbols dpkg-mergechangelogs dpkg-name dpkg-parsechangelog dpkg-scanpackages dpkg-scansources dpkg-shlibdeps dpkg-source dpkg-vendor '/tmp/pkg/dpkg/usr/bin'
 /bin/mkdir -p '/tmp/pkg/dpkg/usr/share/perl5/vendor_perl'
 /bin/mkdir -p '/tmp/pkg/dpkg/usr/share/perl5/vendor_perl/Dpkg/OpenPGP/Backend'
 /usr/bin/install -c -m 644  Dpkg/OpenPGP/Backend/GnuPG.pm Dpkg/OpenPGP/Backend/SOP.pm Dpkg/OpenPGP/Backend/Sequoia.pm '/tmp/pkg/dpkg/usr/share/perl5/vendor_perl/Dpkg/OpenPGP/Backend'
 /bin/mkdir -p '/tmp/pkg/dpkg/usr/share/perl5/vendor_perl/Dpkg/Changelog'
 /usr/bin/install -c -m 644  Dpkg/Changelog/Debian.pm Dpkg/Changelog/Entry.pm Dpkg/Changelog/Parse.pm '/tmp/pkg/dpkg/usr/share/perl5/vendor_perl/Dpkg/Changelog'
 /bin/mkdir -p '/tmp/pkg/dpkg/usr/share/perl5/vendor_perl/Dpkg/Control/HashCore'
 /usr/bin/install -c -m 644  Dpkg/Control/HashCore/Tie.pm '/tmp/pkg/dpkg/usr/share/perl5/vendor_perl/Dpkg/Control/HashCore'
 /bin/mkdir -p '/tmp/pkg/dpkg/usr/share/perl5/vendor_perl/Dpkg/Archive'
 /usr/bin/install -c -m 644  Dpkg/Archive/Ar.pm '/tmp/pkg/dpkg/usr/share/perl5/vendor_perl/Dpkg/Archive'
 /bin/mkdir -p '/tmp/pkg/dpkg/usr/share/perl5/vendor_perl/Dpkg/Compression'
 /usr/bin/install -c -m 644  Dpkg/Compression/FileHandle.pm Dpkg/Compression/Process.pm '/tmp/pkg/dpkg/usr/share/perl5/vendor_perl/Dpkg/Compression'
 /bin/mkdir -p '/tmp/pkg/dpkg/usr/share/perl5/vendor_perl/Dpkg/Source/Package'
 /usr/bin/install -c -m 644  Dpkg/Source/Package/V1.pm Dpkg/Source/Package/V2.pm '/tmp/pkg/dpkg/usr/share/perl5/vendor_perl/Dpkg/Source/Package'
 /bin/mkdir -p '/tmp/pkg/dpkg/usr/share/perl5/vendor_perl/Dpkg/Interface'
 /usr/bin/install -c -m 644  Dpkg/Interface/Storable.pm '/tmp/pkg/dpkg/usr/share/perl5/vendor_perl/Dpkg/Interface'
 /bin/mkdir -p '/tmp/pkg/dpkg/usr/share/perl5/vendor_perl/Dpkg/Build'
 /usr/bin/install -c -m 644  Dpkg/Build/Info.pm '/tmp/pkg/dpkg/usr/share/perl5/vendor_perl/Dpkg/Build'
 /bin/mkdir -p '/tmp/pkg/dpkg/usr/share/perl5/vendor_perl/Dpkg/Changelog/Entry'
 /usr/bin/install -c -m 644  Dpkg/Changelog/Entry/Debian.pm '/tmp/pkg/dpkg/usr/share/perl5/vendor_perl/Dpkg/Changelog/Entry'
 /bin/mkdir -p '/tmp/pkg/dpkg/usr/share/perl5/vendor_perl/Dpkg/BuildDriver'
 /usr/bin/install -c -m 644  Dpkg/BuildDriver/DebianRules.pm '/tmp/pkg/dpkg/usr/share/perl5/vendor_perl/Dpkg/BuildDriver'
 /bin/mkdir -p '/tmp/pkg/dpkg/usr/share/perl5/vendor_perl/Dpkg/Control'
 /usr/bin/install -c -m 644  Dpkg/Control/Changelog.pm Dpkg/Control/FieldsCore.pm Dpkg/Control/Fields.pm Dpkg/Control/Info.pm Dpkg/Control/HashCore.pm Dpkg/Control/Hash.pm Dpkg/Control/Tests.pm Dpkg/Control/Types.pm '/tmp/pkg/dpkg/usr/share/perl5/vendor_perl/Dpkg/Control'
 /bin/mkdir -p '/tmp/pkg/dpkg/usr/share/perl5/vendor_perl/Dpkg'
 /usr/bin/install -c -m 644  Dpkg/Arch.pm Dpkg/BuildAPI.pm Dpkg/BuildDriver.pm Dpkg/BuildEnv.pm Dpkg/BuildFlags.pm Dpkg/BuildInfo.pm Dpkg/BuildOptions.pm Dpkg/BuildProfiles.pm Dpkg/BuildTree.pm Dpkg/BuildTypes.pm Dpkg/Changelog.pm Dpkg/Checksums.pm Dpkg/Compression.pm Dpkg/Conf.pm Dpkg/Control.pm Dpkg/Deps.pm Dpkg/ErrorHandling.pm Dpkg/Exit.pm Dpkg/File.pm Dpkg/Getopt.pm Dpkg/Gettext.pm Dpkg/Index.pm Dpkg/IPC.pm Dpkg/Lock.pm Dpkg/OpenPGP.pm Dpkg/Package.pm Dpkg/Path.pm Dpkg/Shlibs.pm Dpkg/Substvars.pm Dpkg/Vendor.pm Dpkg/Version.pm '/tmp/pkg/dpkg/usr/share/perl5/vendor_perl/Dpkg'
 /bin/mkdir -p '/tmp/pkg/dpkg/usr/share/perl5/vendor_perl/Dpkg/Shlibs'
 /usr/bin/install -c -m 644  Dpkg/Shlibs/Objdump.pm Dpkg/Shlibs/Symbol.pm Dpkg/Shlibs/SymbolFile.pm Dpkg/Shlibs/Cppfilt.pm '/tmp/pkg/dpkg/usr/share/perl5/vendor_perl/Dpkg/Shlibs'
 /bin/mkdir -p '/tmp/pkg/dpkg/usr/share/perl5/vendor_perl/Dpkg/Deps'
 /usr/bin/install -c -m 644  Dpkg/Deps/AND.pm Dpkg/Deps/KnownFacts.pm Dpkg/Deps/Multiple.pm Dpkg/Deps/OR.pm Dpkg/Deps/Simple.pm Dpkg/Deps/Union.pm '/tmp/pkg/dpkg/usr/share/perl5/vendor_perl/Dpkg/Deps'
 /bin/mkdir -p '/tmp/pkg/dpkg/usr/share/perl5/vendor_perl/Dpkg/Vendor'
 /usr/bin/install -c -m 644  Dpkg/Vendor/Debian.pm Dpkg/Vendor/Default.pm Dpkg/Vendor/Devuan.pm Dpkg/Vendor/Ubuntu.pm '/tmp/pkg/dpkg/usr/share/perl5/vendor_perl/Dpkg/Vendor'
 /usr/bin/install -c -m 644  Dpkg.pm '/tmp/pkg/dpkg/usr/share/perl5/vendor_perl/.'
 /bin/mkdir -p '/tmp/pkg/dpkg/usr/share/perl5/vendor_perl/Dpkg/Control/Tests'
 /usr/bin/install -c -m 644  Dpkg/Control/Tests/Entry.pm '/tmp/pkg/dpkg/usr/share/perl5/vendor_perl/Dpkg/Control/Tests'
 /bin/mkdir -p '/tmp/pkg/dpkg/usr/share/perl5/vendor_perl/Dpkg/OpenPGP'
 /usr/bin/install -c -m 644  Dpkg/OpenPGP/Backend.pm Dpkg/OpenPGP/ErrorCodes.pm Dpkg/OpenPGP/KeyHandle.pm '/tmp/pkg/dpkg/usr/share/perl5/vendor_perl/Dpkg/OpenPGP'
 /bin/mkdir -p '/tmp/pkg/dpkg/usr/share/perl5/vendor_perl/Dpkg/Source'
 /usr/bin/install -c -m 644  Dpkg/Source/Archive.pm Dpkg/Source/BinaryFiles.pm Dpkg/Source/Format.pm Dpkg/Source/Functions.pm Dpkg/Source/Package.pm Dpkg/Source/Patch.pm Dpkg/Source/Quilt.pm '/tmp/pkg/dpkg/usr/share/perl5/vendor_perl/Dpkg/Source'
 /bin/mkdir -p '/tmp/pkg/dpkg/usr/share/perl5/vendor_perl/Dpkg/Dist'
 /usr/bin/install -c -m 644  Dpkg/Dist/Files.pm '/tmp/pkg/dpkg/usr/share/perl5/vendor_perl/Dpkg/Dist'
 /bin/mkdir -p '/tmp/pkg/dpkg/usr/share/perl5/vendor_perl/Dpkg/Shlibs/Objdump'
 /usr/bin/install -c -m 644  Dpkg/Shlibs/Objdump/Object.pm '/tmp/pkg/dpkg/usr/share/perl5/vendor_perl/Dpkg/Shlibs/Objdump'
 /bin/mkdir -p '/tmp/pkg/dpkg/usr/share/perl5/vendor_perl/Dpkg/Source/Package/V3'
 /usr/bin/install -c -m 644  Dpkg/Source/Package/V3/Bzr.pm Dpkg/Source/Package/V3/Custom.pm Dpkg/Source/Package/V3/Native.pm Dpkg/Source/Package/V3/Git.pm Dpkg/Source/Package/V3/Quilt.pm '/tmp/pkg/dpkg/usr/share/perl5/vendor_perl/Dpkg/Source/Package/V3'
make  install-data-hook
make[4]: Entering directory '/tmp/src/dpkg-1.22.15/scripts'
/usr/bin/perl -i -p -e " s{^#!\s*/usr/bin/perl}{#!/usr/bin/perl}; s{our \\\$CONFDIR = .*;}{our \\\$CONFDIR = '/etc/dpkg';}; s{our \\\$ADMINDIR = .*;}{our \\\$ADMINDIR = '/var/lib/dpkg';}; s{our \\\$LIBDIR = .*;}{our \\\$LIBDIR = '/usr/libexec/dpkg';}; s{our \\\$DATADIR = .*;}{our \\\$DATADIR = '/usr/share/dpkg';}; s{our \\\$PROGMAKE = .*;}{our \\\$PROGMAKE = 'make';}; s{our \\\$PROGTAR = .*;}{our \\\$PROGTAR = 'tar';}; s{our \\\$PROGPATCH = .*;}{our \\\$PROGPATCH = 'patch';}; s{our \\\$PROGVERSION = .*;}{our \\\$PROGVERSION = '1.22.15';}; " /tmp/pkg/dpkg/usr/share/perl5/vendor_perl/Dpkg.pm
make[4]: Leaving directory '/tmp/src/dpkg-1.22.15/scripts'
make[3]: Leaving directory '/tmp/src/dpkg-1.22.15/scripts'
make[2]: Leaving directory '/tmp/src/dpkg-1.22.15/scripts'
make[1]: Leaving directory '/tmp/src/dpkg-1.22.15/scripts'
Making install in po
make[1]: Entering directory '/tmp/src/dpkg-1.22.15/po'
if test "dpkg" = "gettext-tools"; then \
  /bin/mkdir -p /tmp/pkg/dpkg/usr/share/gettext/po; \
  for file in Makefile.in.in remove-potcdate.sed quot.sed boldquot.sed en@quot.header en@boldquot.header insert-header.sed Rules-quot      Makevars.template; do \
    /usr/bin/install -c -m 644 ./$file \
		    /tmp/pkg/dpkg/usr/share/gettext/po/$file; \
  done; \
  for file in Makevars; do \
    rm -f /tmp/pkg/dpkg/usr/share/gettext/po/$file; \
  done; \
else \
  : ; \
fi
make[1]: Leaving directory '/tmp/src/dpkg-1.22.15/po'
Making install in man
make[1]: Entering directory '/tmp/src/dpkg-1.22.15/man'
make[2]: Entering directory '/tmp/src/dpkg-1.22.15/man'
make[2]: Nothing to be done for 'install-exec-am'.
 /bin/mkdir -p '/tmp/pkg/dpkg/usr/share/man/man5'
 /bin/mkdir -p '/tmp/pkg/dpkg/usr/share/man/man1'
 /bin/mkdir -p '/tmp/pkg/dpkg/usr/share/man/man7'
 /bin/mkdir -p '/tmp/pkg/dpkg/usr/share/man/man8'
 /usr/bin/install -c -m 644 deb-version.7 dpkg-build-api.7 libdpkg.7 '/tmp/pkg/dpkg/usr/share/man/man7'
 /usr/bin/install -c -m 644 deb-buildinfo.5 deb-changelog.5 deb-changes.5 deb-conffiles.5 deb-control.5 deb-extra-override.5 deb-md5sums.5 deb-old.5 deb-origin.5 deb-override.5 deb-postinst.5 deb-postrm.5 deb-preinst.5 deb-prerm.5 deb-shlibs.5 deb-split.5 deb-src-control.5 deb-src-files.5 deb-src-rules.5 deb-src-symbols.5 deb-substvars.5 deb-symbols.5 deb-triggers.5 deb.5 deb822.5 dpkg.cfg.5 dsc.5 '/tmp/pkg/dpkg/usr/share/man/man5'
 /usr/bin/install -c -m 644 dpkg-architecture.1 dpkg-buildapi.1 dpkg-buildflags.1 dpkg-buildpackage.1 dpkg-buildtree.1 dpkg-checkbuilddeps.1 dpkg-deb.1 dpkg-distaddfile.1 dpkg-divert.1 dpkg-genbuildinfo.1 dpkg-genchanges.1 dpkg-gencontrol.1 dpkg-gensymbols.1 dpkg-maintscript-helper.1 dpkg-mergechangelogs.1 dpkg-name.1 dpkg-parsechangelog.1 dpkg-query.1 dpkg-realpath.1 dpkg-scanpackages.1 dpkg-scansources.1 dpkg-shlibdeps.1 dpkg-source.1 dpkg-split.1 dpkg-statoverride.1 dpkg-trigger.1 dpkg-vendor.1 dpkg.1 update-alternatives.1 '/tmp/pkg/dpkg/usr/share/man/man1'
make[2]: Leaving directory '/tmp/src/dpkg-1.22.15/man'
make[1]: Leaving directory '/tmp/src/dpkg-1.22.15/man'
make[1]: Entering directory '/tmp/src/dpkg-1.22.15'
make[2]: Entering directory '/tmp/src/dpkg-1.22.15'
make[2]: Nothing to be done for 'install-exec-am'.
 /bin/mkdir -p '/tmp/pkg/dpkg/usr/share/aclocal'
 /bin/mkdir -p '/tmp/pkg/dpkg/usr/share/doc/dpkg'
 /bin/mkdir -p '/tmp/pkg/dpkg/usr/share/doc/dpkg/spec'
 /bin/mkdir -p '/tmp/pkg/dpkg/usr/share/dpkg'
 /usr/bin/install -c -m 644 m4/dpkg-arch.m4 m4/dpkg-build.m4 m4/dpkg-compiler.m4 m4/dpkg-coverage.m4 m4/dpkg-funcs.m4 m4/dpkg-headers.m4 m4/dpkg-libs.m4 m4/dpkg-linker.m4 m4/dpkg-progs.m4 m4/dpkg-types.m4 m4/dpkg-unicode.m4 '/tmp/pkg/dpkg/usr/share/aclocal'
 /usr/bin/install -c -m 644 doc/README.api doc/README.feature-removal-schedule '/tmp/pkg/dpkg/usr/share/doc/dpkg'
 /usr/bin/install -c -m 644 doc/spec/build-driver.txt doc/spec/frontend-api.txt doc/spec/protected-field.txt doc/spec/rootless-builds.txt doc/spec/triggers.txt '/tmp/pkg/dpkg/usr/share/doc/dpkg/spec'
 /usr/bin/install -c -m 644 data/pie-compile.specs data/pie-link.specs data/no-pie-compile.specs data/no-pie-link.specs data/cputable data/ostable data/abitable data/tupletable '/tmp/pkg/dpkg/usr/share/dpkg'
make[2]: Leaving directory '/tmp/src/dpkg-1.22.15'
make[1]: Leaving directory '/tmp/src/dpkg-1.22.15'
rmdir: removing directory, '/tmp/pkg/dpkg/usr/share/bash-completion/completions'
rmdir: removing directory, '/tmp/pkg/dpkg/usr/share/bash-completion'
rmdir: removing directory, '/tmp/pkg/dpkg/usr/share'
rmdir: '/tmp/pkg/dpkg/usr/share': Directory not empty
>>> dpkg-dev*: Running split function dev...
'usr/include' -> '/tmp/pkg/dpkg-dev/usr/include'
'usr/lib/pkgconfig' -> '/tmp/pkg/dpkg-dev/usr/lib/pkgconfig'
'usr/share/aclocal' -> '/tmp/pkg/dpkg-dev/usr/share/aclocal'
'usr/lib/libdpkg.a' -> '/tmp/pkg/dpkg-dev/usr/lib/libdpkg.a'
'usr/bin/dpkg-architecture' -> '/tmp/pkg/dpkg-dev/usr/bin/dpkg-architecture'
'usr/bin/dpkg-buildpackage' -> '/tmp/pkg/dpkg-dev/usr/bin/dpkg-buildpackage'
'usr/bin/dpkg-checkbuilddeps' -> '/tmp/pkg/dpkg-dev/usr/bin/dpkg-checkbuilddeps'
'usr/bin/dpkg-distaddfile' -> '/tmp/pkg/dpkg-dev/usr/bin/dpkg-distaddfile'
'usr/bin/dpkg-genchanges' -> '/tmp/pkg/dpkg-dev/usr/bin/dpkg-genchanges'
'usr/bin/dpkg-gencontrol' -> '/tmp/pkg/dpkg-dev/usr/bin/dpkg-gencontrol'
'usr/bin/dpkg-gensymbols' -> '/tmp/pkg/dpkg-dev/usr/bin/dpkg-gensymbols'
'usr/bin/dpkg-mergechangelogs' -> '/tmp/pkg/dpkg-dev/usr/bin/dpkg-mergechangelogs'
'usr/bin/dpkg-name' -> '/tmp/pkg/dpkg-dev/usr/bin/dpkg-name'
'usr/bin/dpkg-parsechangelog' -> '/tmp/pkg/dpkg-dev/usr/bin/dpkg-parsechangelog'
'usr/bin/dpkg-scanpackages' -> '/tmp/pkg/dpkg-dev/usr/bin/dpkg-scanpackages'
'usr/bin/dpkg-scansources' -> '/tmp/pkg/dpkg-dev/usr/bin/dpkg-scansources'
'usr/bin/dpkg-shlibdeps' -> '/tmp/pkg/dpkg-dev/usr/bin/dpkg-shlibdeps'
'usr/bin/dpkg-source' -> '/tmp/pkg/dpkg-dev/usr/bin/dpkg-source'
'usr/bin/dpkg-vendor' -> '/tmp/pkg/dpkg-dev/usr/bin/dpkg-vendor'
'usr/bin/dpkg-buildflags' -> '/tmp/pkg/dpkg-dev/usr/bin/dpkg-buildflags'
'usr/bin/dpkg-genbuildinfo' -> '/tmp/pkg/dpkg-dev/usr/bin/dpkg-genbuildinfo'
'usr/bin/dpkg-buildapi' -> '/tmp/pkg/dpkg-dev/usr/bin/dpkg-buildapi'
'usr/share/perl5' -> '/tmp/pkg/dpkg-dev/usr/share/perl5'
'usr/share/dpkg/architecture.mk' -> '/tmp/pkg/dpkg-dev/usr/share/dpkg/architecture.mk'
'usr/share/dpkg/buildapi.mk' -> '/tmp/pkg/dpkg-dev/usr/share/dpkg/buildapi.mk'
'usr/share/dpkg/buildflags.mk' -> '/tmp/pkg/dpkg-dev/usr/share/dpkg/buildflags.mk'
'usr/share/dpkg/buildopts.mk' -> '/tmp/pkg/dpkg-dev/usr/share/dpkg/buildopts.mk'
'usr/share/dpkg/buildtools.mk' -> '/tmp/pkg/dpkg-dev/usr/share/dpkg/buildtools.mk'
'usr/share/dpkg/default.mk' -> '/tmp/pkg/dpkg-dev/usr/share/dpkg/default.mk'
'usr/share/dpkg/pkg-info.mk' -> '/tmp/pkg/dpkg-dev/usr/share/dpkg/pkg-info.mk'
'usr/share/dpkg/vendor.mk' -> '/tmp/pkg/dpkg-dev/usr/share/dpkg/vendor.mk'
>>> dpkg-dev*: Preparing subpackage dpkg-dev...
>>> dpkg-dev*: Stripping binaries
>>> dpkg-dev*: Running postcheck for dpkg-dev
>>> dpkg-doc*: Running split function doc...
'usr/share/doc' -> '/tmp/pkg/dpkg-doc/usr/share/doc'
'usr/share/man' -> '/tmp/pkg/dpkg-doc/usr/share/man'
>>> dpkg-doc*: Preparing subpackage dpkg-doc...
>>> dpkg-doc*: Running postcheck for dpkg-doc
>>> dpkg-zsh-completion*: Running split function zshcomp...
'usr/share/zsh/site-functions' -> '/tmp/pkg/dpkg-zsh-completion/usr/share/zsh/site-functions'
>>> dpkg-zsh-completion*: Preparing subpackage dpkg-zsh-completion...
>>> dpkg-zsh-completion*: Running postcheck for dpkg-zsh-completion
>>> dpkg*: Running postcheck for dpkg
>>> dpkg*: Preparing package dpkg...
>>> dpkg*: Stripping binaries
>>> dpkg-dev*: Scanning shared objects
>>> dpkg-doc*: Scanning shared objects
>>> dpkg-zsh-completion*: Scanning shared objects
>>> dpkg*: Scanning shared objects
>>> dpkg-dev*: Tracing dependencies...
	perl
	pkgconfig
>>> dpkg-dev*: Package size: 1.5 MB
>>> dpkg-dev*: Compressing data...
>>> dpkg-dev*: Create checksum...
>>> dpkg-dev*: Create dpkg-dev-1.22.15-r0.apk
>>> dpkg-doc*: Tracing dependencies...
>>> dpkg-doc*: Package size: 404.6 KB
>>> dpkg-doc*: Compressing data...
>>> dpkg-doc*: Create checksum...
>>> dpkg-doc*: Create dpkg-doc-1.22.15-r0.apk
>>> dpkg-zsh-completion*: Tracing dependencies...
>>> dpkg-zsh-completion*: Package size: 1.4 KB
>>> dpkg-zsh-completion*: Compressing data...
>>> dpkg-zsh-completion*: Create checksum...
>>> dpkg-zsh-completion*: Create dpkg-zsh-completion-1.22.15-r0.apk
>>> dpkg*: Tracing dependencies...
	tar
	xz
	so:libbz2.so.1
	so:libc.musl-x86_64.so.1
	so:libmd.so.0
	so:libz.so.1
>>> dpkg*: Package size: 1010.6 KB
>>> dpkg*: Compressing data...
>>> dpkg*: Create checksum...
>>> dpkg*: Create dpkg-1.22.15-r0.apk
>>> dpkg: Updating the main/x86_64 repository index...
>>> dpkg: Signing the index...
>>> dpkg: Cleaning up srcdir
>>> dpkg: Cleaning up build chroot
>>> dpkg: Cleaning up pkgdir
