pigz: not found
>>> perl-class-inspector: Building main/perl-class-inspector 1.36-r3 (using abuild 3.14.1-r4) started Sun, 18 May 2025 07:51:11 +0000
>>> perl-class-inspector: Validating /home/packager/aports/main/perl-class-inspector/APKBUILD...
>>> perl-class-inspector: Analyzing dependencies...
>>> perl-class-inspector: Installing for build: build-base perl perl-module-install
(1/11) Installing libbz2 (1.0.8-r6)
(2/11) Installing perl (5.40.2-r0)
(3/11) Installing perl-yaml-tiny (1.76-r0)
(4/11) Installing perl-module-build (0.4234-r1)
(5/11) Installing perl-module-scandeps (1.37-r0)
(6/11) Installing perl-file-remove (1.61-r1)
(7/11) Installing perl-module-install (1.21-r1)
(8/11) Installing .makedepends-perl-class-inspector (20250518.075112)
(9/11) Installing perl-error (0.17029-r2)
(10/11) Installing perl-git (2.47.2-r0)
(11/11) Installing git-perl (2.47.2-r0)
Executing busybox-1.37.0-r12.trigger
OK: 298 MiB in 92 packages
>>> perl-class-inspector: Cleaning up srcdir
>>> perl-class-inspector: Cleaning up pkgdir
>>> perl-class-inspector: Cleaning up tmpdir
>>> perl-class-inspector: Fetching https://cpan.metacpan.org/authors/id/P/PL/PLICEASE/Class-Inspector-1.36.tar.gz
Connecting to cpan.metacpan.org (146.75.122.217:443)
saving to '/var/cache/distfiles/Class-Inspector-1.36.tar.gz.part'
Class-Inspector-1.36 100% |********************************| 27412  0:00:00 ETA
'/var/cache/distfiles/Class-Inspector-1.36.tar.gz.part' saved
>>> perl-class-inspector: Fetching https://cpan.metacpan.org/authors/id/P/PL/PLICEASE/Class-Inspector-1.36.tar.gz
>>> perl-class-inspector: Checking sha512sums...
Class-Inspector-1.36.tar.gz: OK
>>> perl-class-inspector: Unpacking /var/cache/distfiles/Class-Inspector-1.36.tar.gz...
Checking if your kit is complete...
Looks good
Generating a Unix-style Makefile
Writing Makefile for Class::Inspector
Writing MYMETA.yml and MYMETA.json
cp lib/Class/Inspector.pm blib/lib/Class/Inspector.pm
cp lib/Class/Inspector/Functions.pm blib/lib/Class/Inspector/Functions.pm
Manifying 2 pod documents
PERL_DL_NONLAZY=1 "/usr/bin/perl" "-MExtUtils::Command::MM" "-MTest::Harness" "-e" "undef *Test::Harness::Switches; test_harness(0, 'blib/lib', 'blib/arch')" t/*.t
# 
# 
# 
# HARNESS_ACTIVE=1
# HARNESS_VERSION=3.48
# PERL5LIB=/home/packager/aports/main/perl-class-inspector/src/Class-Inspector-1.36/blib/lib:/home/packager/aports/main/perl-class-inspector/src/Class-Inspector-1.36/blib/arch
# PERL_DL_NONLAZY=1
# PERL_MM_USE_DEFAULT=1
# PERL_USE_UNSAFE_INC=1
# 
# 
# 
# PERL5LIB path
# /home/packager/aports/main/perl-class-inspector/src/Class-Inspector-1.36/blib/lib
# /home/packager/aports/main/perl-class-inspector/src/Class-Inspector-1.36/blib/arch
# 
# 
# 
# perl                5.040002
# ExtUtils::MakeMaker 7.70
# File::Spec          3.91
# Test::More          1.302199
# 
# 
# 
t/00_diag.t ........................ ok
t/01_use.t ......................... ok
t/class_inspector.t ................ ok
t/class_inspector__devel_hide.t .... skipped: test requires Devel::Hide
t/class_inspector__inc_to_local.t .. ok
t/class_inspector_functions.t ...... ok
All tests successful.
Files=6, Tests=86,  1 wallclock secs ( 0.03 usr  0.01 sys +  0.49 cusr  0.09 csys =  0.62 CPU)
Result: PASS
>>> perl-class-inspector: Entering fakeroot...
Manifying 2 pod documents
Appending installation info to /home/packager/aports/main/perl-class-inspector/pkg/perl-class-inspector/usr/lib/perl5/core_perl/perllocal.pod
Installing /home/packager/aports/main/perl-class-inspector/pkg/perl-class-inspector/usr/share/perl5/vendor_perl/Class/Inspector.pm
Installing /home/packager/aports/main/perl-class-inspector/pkg/perl-class-inspector/usr/share/perl5/vendor_perl/Class/Inspector/Functions.pm
Installing /home/packager/aports/main/perl-class-inspector/pkg/perl-class-inspector/usr/share/man/man3/Class::Inspector::Functions.3pm
Installing /home/packager/aports/main/perl-class-inspector/pkg/perl-class-inspector/usr/share/man/man3/Class::Inspector.3pm
>>> perl-class-inspector-doc*: Running split function doc...
'usr/share/man' -> '/home/packager/aports/main/perl-class-inspector/pkg/perl-class-inspector-doc/usr/share/man'
>>> perl-class-inspector-doc*: Preparing subpackage perl-class-inspector-doc...
>>> perl-class-inspector-doc*: Running postcheck for perl-class-inspector-doc
>>> perl-class-inspector*: Running postcheck for perl-class-inspector
>>> perl-class-inspector*: Preparing package perl-class-inspector...
>>> perl-class-inspector-doc*: Tracing dependencies...
>>> perl-class-inspector-doc*: Package size: 5.3 KB
>>> perl-class-inspector-doc*: Compressing data...
>>> perl-class-inspector-doc*: Create checksum...
pigz: not found
>>> perl-class-inspector-doc*: Create perl-class-inspector-doc-1.36-r3.apk
>>> perl-class-inspector*: Tracing dependencies...
	perl
>>> perl-class-inspector*: Package size: 20.6 KB
>>> perl-class-inspector*: Compressing data...
>>> perl-class-inspector*: Create checksum...
pigz: not found
>>> perl-class-inspector*: Create perl-class-inspector-1.36-r3.apk
>>> perl-class-inspector: Build complete at Sun, 18 May 2025 07:51:15 +0000 elapsed time 0h 0m 4s
>>> perl-class-inspector: Cleaning up srcdir
>>> perl-class-inspector: Cleaning up pkgdir
>>> perl-class-inspector: Uninstalling dependencies...
(1/11) Purging .makedepends-perl-class-inspector (20250518.075112)
(2/11) Purging perl-module-install (1.21-r1)
(3/11) Purging perl-yaml-tiny (1.76-r0)
(4/11) Purging perl-module-build (0.4234-r1)
(5/11) Purging perl-module-scandeps (1.37-r0)
(6/11) Purging perl-file-remove (1.61-r1)
(7/11) Purging git-perl (2.47.2-r0)
(8/11) Purging perl-git (2.47.2-r0)
(9/11) Purging perl-error (0.17029-r2)
(10/11) Purging perl (5.40.2-r0)
(11/11) Purging libbz2 (1.0.8-r6)
Executing busybox-1.37.0-r12.trigger
OK: 261 MiB in 81 packages
>>> perl-class-inspector: Updating the main/x86_64 repository index...
>>> perl-class-inspector: Signing the index...
pigz: not found
