>>> perl-capture-tiny: Validating /home/packager/oily-pine/main/perl-capture-tiny/APKBUILD...
>>> perl-capture-tiny: Cleaning up srcdir
>>> perl-capture-tiny: Cleaning up pkgdir
>>> perl-capture-tiny: Cleaning up tmpdir
>>> perl-capture-tiny: Fetching https://cpan.metacpan.org/authors/id/D/DA/DAGOLDEN/Capture-Tiny-0.50.tar.gz
  % Total    % Received % Xferd  Average Speed   Time    Time     Time  Current
                                 Dload  Upload   Total   Spent    Left  Speed
  0     0    0     0    0     0      0      0 --:--:-- --:--:-- --:--:--     0100 35640  100 35640    0     0   200k      0 --:--:-- --:--:-- --:--:--  201k
>>> perl-capture-tiny: Fetching https://cpan.metacpan.org/authors/id/D/DA/DAGOLDEN/Capture-Tiny-0.50.tar.gz
>>> perl-capture-tiny: Checking sha512sums...
Capture-Tiny-0.50.tar.gz: OK
>>> perl-capture-tiny: Preparing build chroot...
fetch http://dl-cdn.alpinelinux.org/alpine/edge/main/x86_64/APKINDEX.tar.gz
(1/73) Installing musl (1.2.5-r10)
(2/73) Installing libcrypto3 (3.5.0-r0)
(3/73) Installing ca-certificates-bundle (20241121-r2)
(4/73) Installing libssl3 (3.5.0-r0)
(5/73) Installing zlib (1.3.1-r2)
(6/73) Installing libapk2 (2.14.9-r2)
(7/73) Installing apk-tools (2.14.9-r2)
(8/73) Installing libcap2 (2.76-r0)
(9/73) Installing libcap-getcap (2.76-r0)
(10/73) Installing fakeroot (1.37.1.1-r0)
(11/73) Installing scanelf (1.3.8-r1)
(12/73) Installing musl-utils (1.2.5-r10)
(13/73) Installing libgcc (14.3.0-r0)
(14/73) Installing libstdc++ (14.3.0-r0)
(15/73) Installing lzip (1.25-r0)
(16/73) Installing openssl (3.5.0-r0)
(17/73) Installing patch (2.8-r0)
(18/73) Installing pkgconf (2.4.3-r0)
(19/73) Installing acl-libs (2.3.2-r1)
(20/73) Installing tar (1.35-r3)
(21/73) Installing busybox (1.37.0-r18)
Executing busybox-1.37.0-r18.post-install
(22/73) Installing ssl_client (1.37.0-r18)
(23/73) Installing busybox-binsh (1.37.0-r18)
(24/73) Installing abuild (3.15.0-r0)
Executing abuild-3.15.0-r0.pre-install
(25/73) Installing abuild-sudo (3.15.0-r0)
(26/73) Installing alpine-baselayout-data (3.7.0-r0)
(27/73) Installing alpine-baselayout (3.7.0-r0)
Executing alpine-baselayout-3.7.0-r0.pre-install
Executing alpine-baselayout-3.7.0-r0.post-install
(28/73) Installing bridge (1.5-r5)
(29/73) Installing ifupdown-ng (0.12.1-r7)
(30/73) Installing openrc-user (0.62.2-r2)
(31/73) Installing openrc (0.62.2-r2)
Executing openrc-0.62.2-r2.post-install
(32/73) Installing mdev-conf (4.8-r0)
(33/73) Installing busybox-mdev-openrc (1.37.0-r18)
(34/73) Installing alpine-conf (3.20.0-r0)
(35/73) Installing alpine-keys (2.5-r0)
(36/73) Installing alpine-release (3.22.0-r0)
(37/73) Installing busybox-openrc (1.37.0-r18)
(38/73) Installing busybox-suid (1.37.0-r18)
(39/73) Installing alpine-base (3.22.0-r0)
(40/73) Installing jansson (2.14.1-r0)
(41/73) Installing zstd-libs (1.5.7-r0)
(42/73) Installing binutils (2.44-r0)
(43/73) Installing libmagic (5.46-r2)
(44/73) Installing file (5.46-r2)
(45/73) Installing libgomp (14.3.0-r0)
(46/73) Installing libatomic (14.3.0-r0)
(47/73) Installing gmp (6.3.0-r3)
(48/73) Installing isl26 (0.26-r1)
(49/73) Installing mpfr4 (4.2.1_p1-r0)
(50/73) Installing mpc1 (1.3.1-r1)
(51/73) Installing gcc (14.3.0-r0)
(52/73) Installing libstdc++-dev (14.3.0-r0)
(53/73) Installing musl-dev (1.2.5-r10)
(54/73) Installing g++ (14.3.0-r0)
(55/73) Installing make (4.4.1-r3)
(56/73) Installing fortify-headers (1.1-r5)
(57/73) Installing build-base (0.5-r3)
(58/73) Installing brotli-libs (1.1.0-r2)
(59/73) Installing c-ares (1.34.5-r0)
(60/73) Installing libunistring (1.3-r0)
(61/73) Installing libidn2 (2.3.7-r0)
(62/73) Installing nghttp2-libs (1.65.0-r0)
(63/73) Installing libpsl (0.21.5-r3)
(64/73) Installing libcurl (8.14.0-r2)
(65/73) Installing libexpat (2.7.1-r0)
(66/73) Installing pcre2 (10.43-r1)
(67/73) Installing git (2.49.0-r0)
(68/73) Installing git-init-template (2.49.0-r0)
(69/73) Installing libbz2 (1.0.8-r6)
(70/73) Installing perl (5.40.2-r0)
(71/73) Installing perl-error (0.17030-r0)
(72/73) Installing perl-git (2.49.0-r0)
(73/73) Installing git-perl (2.49.0-r0)
Executing busybox-1.37.0-r18.trigger
OK: 296 MiB in 73 packages
>>> perl-capture-tiny: Fetching https://cpan.metacpan.org/authors/id/D/DA/DAGOLDEN/Capture-Tiny-0.50.tar.gz
>>> perl-capture-tiny: Checking sha512sums...
Capture-Tiny-0.50.tar.gz: OK
>>> perl-capture-tiny: Unpacking /var/cache/distfiles/Capture-Tiny-0.50.tar.gz...
Checking if your kit is complete...
Looks good
Generating a Unix-style Makefile
Writing Makefile for Capture::Tiny
Writing MYMETA.yml and MYMETA.json
cp lib/Capture/Tiny.pm blib/lib/Capture/Tiny.pm
Manifying 1 pod document
PERL_DL_NONLAZY=1 "/usr/bin/perl" "-MExtUtils::Command::MM" "-MTest::Harness" "-e" "undef *Test::Harness::Switches; test_harness(0, 'blib/lib', 'blib/arch')" t/*.t
# 
# Versions for all modules listed in MYMETA.json (including optional ones):
# 
# === Configure Requires ===
# 
#     Module              Want Have
#     ------------------- ---- ----
#     ExtUtils::MakeMaker 6.17 7.70
# 
# === Build Requires ===
# 
#     Module              Want Have
#     ------------------- ---- ----
#     ExtUtils::MakeMaker  any 7.70
# 
# === Test Requires ===
# 
#     Module              Want     Have
#     ------------------- ---- --------
#     ExtUtils::MakeMaker  any     7.70
#     File::Spec           any     3.91
#     IO::File             any     1.55
#     Test::More          0.62 1.302199
#     lib                  any     0.65
# 
# === Test Recommends ===
# 
#     Module         Want     Have
#     ---------- -------- --------
#     CPAN::Meta 2.120900 2.150010
# 
# === Runtime Requires ===
# 
#     Module        Want     Have
#     ------------ ----- --------
#     Carp           any     1.54
#     Exporter       any     5.78
#     File::Spec     any     3.91
#     File::Temp     any   0.2311
#     IO::Handle     any     1.55
#     Scalar::Util   any     1.63
#     perl         5.006 5.040002
#     strict         any     1.13
#     warnings       any     1.70
# 
t/00-report-prereqs.t ...... ok
t/01-Capture-Tiny.t ........ ok
t/02-capture.t ............. ok
t/03-tee.t ................. ok
t/06-stdout-closed.t ....... ok
t/07-stderr-closed.t ....... ok
t/08-stdin-closed.t ........ ok
t/09-preserve-exit-code.t .. ok
t/10-stdout-string.t ....... ok
t/11-stderr-string.t ....... ok
t/12-stdin-string.t ........ ok
t/13-stdout-tied.t ......... ok
t/14-stderr-tied.t ......... ok
t/15-stdin-tied.t .......... ok
t/16-catch-errors.t ........ ok
t/17-pass-results.t ........ ok
t/18-custom-capture.t ...... ok
t/19-relayering.t .......... ok
t/20-stdout-badtie.t ....... ok
t/21-stderr-badtie.t ....... ok
t/22-stdin-badtie.t ........ ok
t/23-all-tied.t ............ ok
t/24-all-badtied.t ......... ok
t/25-cap-fork.t ............ ok
All tests successful.
Files=24, Tests=12005, 16 wallclock secs ( 0.42 usr  0.05 sys + 13.03 cusr  5.83 csys = 19.33 CPU)
Result: PASS
>>> perl-capture-tiny: Entering fakeroot...
Manifying 1 pod document
Installing /tmp/pkg/perl-capture-tiny/usr/share/perl5/vendor_perl/Capture/Tiny.pm
Installing /tmp/pkg/perl-capture-tiny/usr/share/man/man3/Capture::Tiny.3pm
>>> perl-capture-tiny-doc*: Running split function doc...
'usr/share/man' -> '/tmp/pkg/perl-capture-tiny-doc/usr/share/man'
>>> perl-capture-tiny-doc*: Preparing subpackage perl-capture-tiny-doc...
>>> perl-capture-tiny-doc*: Running postcheck for perl-capture-tiny-doc
>>> perl-capture-tiny*: Running postcheck for perl-capture-tiny
>>> perl-capture-tiny*: Preparing package perl-capture-tiny...
>>> perl-capture-tiny-doc*: Tracing dependencies...
>>> perl-capture-tiny-doc*: Package size: 5.8 KB
>>> perl-capture-tiny-doc*: Compressing data...
>>> perl-capture-tiny-doc*: Create checksum...
>>> perl-capture-tiny-doc*: Create perl-capture-tiny-doc-0.50-r0.apk
>>> perl-capture-tiny*: Tracing dependencies...
	perl
>>> perl-capture-tiny*: Package size: 29.2 KB
>>> perl-capture-tiny*: Compressing data...
>>> perl-capture-tiny*: Create checksum...
>>> perl-capture-tiny*: Create perl-capture-tiny-0.50-r0.apk
>>> perl-capture-tiny: Updating the main/x86_64 repository index...
>>> perl-capture-tiny: Signing the index...
>>> perl-capture-tiny: Cleaning up srcdir
>>> perl-capture-tiny: Cleaning up build chroot
>>> perl-capture-tiny: Cleaning up pkgdir
