pigz: not found
>>> perl-test-cpan-meta: Building main/perl-test-cpan-meta 0.25-r5 (using abuild 3.14.1-r4) started Sun, 18 May 2025 10:38:36 +0000
>>> perl-test-cpan-meta: Validating /home/packager/aports/main/perl-test-cpan-meta/APKBUILD...
>>> perl-test-cpan-meta: Analyzing dependencies...
>>> perl-test-cpan-meta: Installing for build: build-base perl
(1/6) Installing libbz2 (1.0.8-r6)
(2/6) Installing perl (5.40.2-r0)
(3/6) Installing .makedepends-perl-test-cpan-meta (20250518.103837)
(4/6) Installing perl-error (0.17030-r0)
(5/6) Installing perl-git (2.47.2-r0)
(6/6) Installing git-perl (2.47.2-r0)
Executing busybox-1.37.0-r12.trigger
OK: 297 MiB in 87 packages
>>> perl-test-cpan-meta: Cleaning up srcdir
>>> perl-test-cpan-meta: Cleaning up pkgdir
>>> perl-test-cpan-meta: Cleaning up tmpdir
>>> perl-test-cpan-meta: Fetching https://cpan.metacpan.org/authors/id/B/BA/BARBIE/Test-CPAN-Meta-0.25.tar.gz
Connecting to cpan.metacpan.org (146.75.122.217:443)
saving to '/var/cache/distfiles/Test-CPAN-Meta-0.25.tar.gz.part'
Test-CPAN-Meta-0.25. 100% |********************************| 17671  0:00:00 ETA
'/var/cache/distfiles/Test-CPAN-Meta-0.25.tar.gz.part' saved
>>> perl-test-cpan-meta: Fetching https://cpan.metacpan.org/authors/id/B/BA/BARBIE/Test-CPAN-Meta-0.25.tar.gz
>>> perl-test-cpan-meta: Checking sha512sums...
Test-CPAN-Meta-0.25.tar.gz: OK
>>> perl-test-cpan-meta: Unpacking /var/cache/distfiles/Test-CPAN-Meta-0.25.tar.gz...
Checking if your kit is complete...
Looks good
Generating a Unix-style Makefile
Writing Makefile for Test::CPAN::Meta
Writing MYMETA.yml and MYMETA.json
cp lib/Test/CPAN/Meta.pm blib/lib/Test/CPAN/Meta.pm
cp lib/Test/CPAN/Meta/Version.pm blib/lib/Test/CPAN/Meta/Version.pm
Manifying 2 pod documents
PERL_DL_NONLAZY=1 "/usr/bin/perl" "-MExtUtils::Command::MM" "-MTest::Harness" "-e" "undef *Test::Harness::Switches; test_harness(0, 'blib/lib', 'blib/arch')" t/*.t
t/01use.t .......... ok
t/02metafiles.t .... ok
t/03metaversion.t .. ok
t/04metatester.t ... ok
t/05metaspec.t ..... ok
t/90podtest.t ...... skipped: Author tests not required for installation
t/91podcover.t ..... skipped: Author tests not required for installation
t/94metatest.t ..... skipped: Author tests not required for installation
t/95changedate.t ... skipped: Author tests not required for installation
t/96metatest.t ..... skipped: Author tests not required for installation
t/98metatest.t ..... skipped: Author tests not required for installation
All tests successful.
Files=11, Tests=196,  1 wallclock secs ( 0.06 usr  0.01 sys +  0.81 cusr  0.13 csys =  1.01 CPU)
Result: PASS
>>> perl-test-cpan-meta: Entering fakeroot...
Manifying 2 pod documents
Installing /home/packager/aports/main/perl-test-cpan-meta/pkg/perl-test-cpan-meta/usr/share/perl5/vendor_perl/Test/CPAN/Meta.pm
Installing /home/packager/aports/main/perl-test-cpan-meta/pkg/perl-test-cpan-meta/usr/share/perl5/vendor_perl/Test/CPAN/Meta/Version.pm
Installing /home/packager/aports/main/perl-test-cpan-meta/pkg/perl-test-cpan-meta/usr/share/man/man3/Test::CPAN::Meta.3pm
Installing /home/packager/aports/main/perl-test-cpan-meta/pkg/perl-test-cpan-meta/usr/share/man/man3/Test::CPAN::Meta::Version.3pm
>>> perl-test-cpan-meta-doc*: Running split function doc...
'usr/share/man' -> '/home/packager/aports/main/perl-test-cpan-meta/pkg/perl-test-cpan-meta-doc/usr/share/man'
>>> perl-test-cpan-meta-doc*: Preparing subpackage perl-test-cpan-meta-doc...
>>> perl-test-cpan-meta-doc*: Running postcheck for perl-test-cpan-meta-doc
>>> perl-test-cpan-meta*: Running postcheck for perl-test-cpan-meta
>>> perl-test-cpan-meta*: Preparing package perl-test-cpan-meta...
>>> perl-test-cpan-meta-doc*: Tracing dependencies...
>>> perl-test-cpan-meta-doc*: Package size: 5.4 KB
>>> perl-test-cpan-meta-doc*: Compressing data...
>>> perl-test-cpan-meta-doc*: Create checksum...
pigz: not found
>>> perl-test-cpan-meta-doc*: Create perl-test-cpan-meta-doc-0.25-r5.apk
>>> perl-test-cpan-meta*: Tracing dependencies...
	perl
>>> perl-test-cpan-meta*: Package size: 31.5 KB
>>> perl-test-cpan-meta*: Compressing data...
>>> perl-test-cpan-meta*: Create checksum...
pigz: not found
>>> perl-test-cpan-meta*: Create perl-test-cpan-meta-0.25-r5.apk
>>> perl-test-cpan-meta: Build complete at Sun, 18 May 2025 10:38:40 +0000 elapsed time 0h 0m 4s
>>> perl-test-cpan-meta: Cleaning up srcdir
>>> perl-test-cpan-meta: Cleaning up pkgdir
>>> perl-test-cpan-meta: Uninstalling dependencies...
(1/6) Purging .makedepends-perl-test-cpan-meta (20250518.103837)
(2/6) Purging git-perl (2.47.2-r0)
(3/6) Purging perl-git (2.47.2-r0)
(4/6) Purging perl-error (0.17030-r0)
(5/6) Purging perl (5.40.2-r0)
(6/6) Purging libbz2 (1.0.8-r6)
Executing busybox-1.37.0-r12.trigger
OK: 261 MiB in 81 packages
>>> perl-test-cpan-meta: Updating the main/x86_64 repository index...
>>> perl-test-cpan-meta: Signing the index...
pigz: not found
