>>> perl-test-fatal: Validating /home/packager/oily-pine/main/perl-test-fatal/APKBUILD...
>>> perl-test-fatal: Cleaning up srcdir
>>> perl-test-fatal: Cleaning up pkgdir
>>> perl-test-fatal: Cleaning up tmpdir
>>> perl-test-fatal: Fetching https://cpan.metacpan.org/authors/id/R/RJ/RJBS/Test-Fatal-0.017.tar.gz
  % Total    % Received % Xferd  Average Speed   Time    Time     Time  Current
                                 Dload  Upload   Total   Spent    Left  Speed
  0     0    0     0    0     0      0      0 --:--:-- --:--:-- --:--:--     0100 21750  100 21750    0     0   140k      0 --:--:-- --:--:-- --:--:--  141k
>>> perl-test-fatal: Fetching https://cpan.metacpan.org/authors/id/R/RJ/RJBS/Test-Fatal-0.017.tar.gz
>>> perl-test-fatal: Checking sha512sums...
Test-Fatal-0.017.tar.gz: OK
>>> perl-test-fatal: Preparing build chroot...
fetch http://dl-cdn.alpinelinux.org/alpine/edge/main/x86_64/APKINDEX.tar.gz
(1/76) Installing musl (1.2.5-r10)
(2/76) Installing libcrypto3 (3.5.0-r0)
(3/76) Installing ca-certificates-bundle (20241121-r2)
(4/76) Installing libssl3 (3.5.0-r0)
(5/76) Installing zlib (1.3.1-r2)
(6/76) Installing libapk2 (2.14.9-r2)
(7/76) Installing apk-tools (2.14.9-r2)
(8/76) Installing libcap2 (2.76-r0)
(9/76) Installing libcap-getcap (2.76-r0)
(10/76) Installing fakeroot (1.37.1.1-r0)
(11/76) Installing scanelf (1.3.8-r1)
(12/76) Installing musl-utils (1.2.5-r10)
(13/76) Installing libgcc (14.3.0-r0)
(14/76) Installing libstdc++ (14.3.0-r0)
(15/76) Installing lzip (1.25-r0)
(16/76) Installing openssl (3.5.0-r0)
(17/76) Installing patch (2.8-r0)
(18/76) Installing pkgconf (2.4.3-r0)
(19/76) Installing acl-libs (2.3.2-r1)
(20/76) Installing tar (1.35-r3)
(21/76) Installing busybox (1.37.0-r18)
Executing busybox-1.37.0-r18.post-install
(22/76) Installing ssl_client (1.37.0-r18)
(23/76) Installing busybox-binsh (1.37.0-r18)
(24/76) Installing abuild (3.15.0-r0)
Executing abuild-3.15.0-r0.pre-install
(25/76) Installing abuild-sudo (3.15.0-r0)
(26/76) Installing alpine-baselayout-data (3.7.0-r0)
(27/76) Installing alpine-baselayout (3.7.0-r0)
Executing alpine-baselayout-3.7.0-r0.pre-install
Executing alpine-baselayout-3.7.0-r0.post-install
(28/76) Installing bridge (1.5-r5)
(29/76) Installing ifupdown-ng (0.12.1-r7)
(30/76) Installing openrc-user (0.62.2-r2)
(31/76) Installing openrc (0.62.2-r2)
Executing openrc-0.62.2-r2.post-install
(32/76) Installing mdev-conf (4.8-r0)
(33/76) Installing busybox-mdev-openrc (1.37.0-r18)
(34/76) Installing alpine-conf (3.20.0-r0)
(35/76) Installing alpine-keys (2.5-r0)
(36/76) Installing alpine-release (3.22.0-r0)
(37/76) Installing busybox-openrc (1.37.0-r18)
(38/76) Installing busybox-suid (1.37.0-r18)
(39/76) Installing alpine-base (3.22.0-r0)
(40/76) Installing jansson (2.14.1-r0)
(41/76) Installing zstd-libs (1.5.7-r0)
(42/76) Installing binutils (2.44-r0)
(43/76) Installing libmagic (5.46-r2)
(44/76) Installing file (5.46-r2)
(45/76) Installing libgomp (14.3.0-r0)
(46/76) Installing libatomic (14.3.0-r0)
(47/76) Installing gmp (6.3.0-r3)
(48/76) Installing isl26 (0.26-r1)
(49/76) Installing mpfr4 (4.2.1_p1-r0)
(50/76) Installing mpc1 (1.3.1-r1)
(51/76) Installing gcc (14.3.0-r0)
(52/76) Installing libstdc++-dev (14.3.0-r0)
(53/76) Installing musl-dev (1.2.5-r10)
(54/76) Installing g++ (14.3.0-r0)
(55/76) Installing make (4.4.1-r3)
(56/76) Installing fortify-headers (1.1-r5)
(57/76) Installing build-base (0.5-r3)
(58/76) Installing brotli-libs (1.1.0-r2)
(59/76) Installing c-ares (1.34.5-r0)
(60/76) Installing libunistring (1.3-r0)
(61/76) Installing libidn2 (2.3.7-r0)
(62/76) Installing nghttp2-libs (1.65.0-r0)
(63/76) Installing libpsl (0.21.5-r3)
(64/76) Installing libcurl (8.14.0-r2)
(65/76) Installing libexpat (2.7.1-r0)
(66/76) Installing pcre2 (10.43-r1)
(67/76) Installing git (2.49.0-r0)
(68/76) Installing git-init-template (2.49.0-r0)
(69/76) Installing libbz2 (1.0.8-r6)
(70/76) Installing perl (5.40.2-r0)
(71/76) Installing perl-error (0.17030-r0)
(72/76) Installing perl-git (2.49.0-r0)
(73/76) Installing git-perl (2.49.0-r0)
(74/76) Installing perl-utils (5.40.2-r0)
(75/76) Installing perl-dev (5.40.2-r0)
(76/76) Installing perl-try-tiny (0.32-r0)
Executing busybox-1.37.0-r18.trigger
OK: 305 MiB in 76 packages
>>> perl-test-fatal: Fetching https://cpan.metacpan.org/authors/id/R/RJ/RJBS/Test-Fatal-0.017.tar.gz
>>> perl-test-fatal: Checking sha512sums...
Test-Fatal-0.017.tar.gz: OK
>>> perl-test-fatal: Unpacking /var/cache/distfiles/Test-Fatal-0.017.tar.gz...
Checking if your kit is complete...
Looks good
Generating a Unix-style Makefile
Writing Makefile for Test::Fatal
Writing MYMETA.yml and MYMETA.json
cp lib/Test/Fatal.pm blib/lib/Test/Fatal.pm
Manifying 1 pod document
PERL_DL_NONLAZY=1 "/usr/bin/perl" "-MExtUtils::Command::MM" "-MTest::Harness" "-e" "undef *Test::Harness::Switches; test_harness(0, 'blib/lib', 'blib/arch')" t/*.t
# 
# Versions for all modules listed in MYMETA.json (including optional ones):
# 
# === Configure Requires ===
# 
#     Module              Want Have
#     ------------------- ---- ----
#     ExtUtils::MakeMaker 6.78 7.70
# 
# === Build Requires ===
# 
#     Module              Want Have
#     ------------------- ---- ----
#     ExtUtils::MakeMaker  any 7.70
# 
# === Test Requires ===
# 
#     Module                Want     Have
#     --------------------- ---- --------
#     ExtUtils::MakeMaker    any     7.70
#     File::Spec             any     3.91
#     Test::Builder::Tester  any 1.302199
#     Test::More            0.65 1.302199
#     overload               any     1.37
# 
# === Test Recommends ===
# 
#     Module         Want     Have
#     ---------- -------- --------
#     CPAN::Meta 2.120900 2.150010
# 
# === Runtime Requires ===
# 
#     Module        Want     Have
#     ------------- ---- --------
#     Carp           any     1.54
#     Exporter      5.57     5.78
#     Test::Builder  any 1.302199
#     Try::Tiny     0.07     0.32
#     strict         any     1.13
#     warnings       any     1.70
# 
t/00-report-prereqs.t .. ok
t/basic.t .............. ok
t/like-exception.t ..... ok
t/todo.t ............... ok
All tests successful.
Files=4, Tests=18,  0 wallclock secs ( 0.01 usr  0.00 sys +  0.18 cusr  0.03 csys =  0.22 CPU)
Result: PASS
>>> perl-test-fatal: Entering fakeroot...
Manifying 1 pod document
Appending installation info to /tmp/pkg/perl-test-fatal/usr/lib/perl5/core_perl/perllocal.pod
Installing /tmp/pkg/perl-test-fatal/usr/share/perl5/vendor_perl/Test/Fatal.pm
Installing /tmp/pkg/perl-test-fatal/usr/share/man/man3/Test::Fatal.3pm
>>> perl-test-fatal-doc*: Running split function doc...
'usr/share/man' -> '/tmp/pkg/perl-test-fatal-doc/usr/share/man'
>>> perl-test-fatal-doc*: Preparing subpackage perl-test-fatal-doc...
>>> perl-test-fatal-doc*: Running postcheck for perl-test-fatal-doc
>>> perl-test-fatal*: Running postcheck for perl-test-fatal
>>> perl-test-fatal*: Preparing package perl-test-fatal...
>>> perl-test-fatal-doc*: Tracing dependencies...
>>> perl-test-fatal-doc*: Package size: 3.6 KB
>>> perl-test-fatal-doc*: Compressing data...
>>> perl-test-fatal-doc*: Create checksum...
>>> perl-test-fatal-doc*: Create perl-test-fatal-doc-0.017-r1.apk
>>> perl-test-fatal*: Tracing dependencies...
	perl
	perl-try-tiny
>>> perl-test-fatal*: Package size: 15.0 KB
>>> perl-test-fatal*: Compressing data...
>>> perl-test-fatal*: Create checksum...
>>> perl-test-fatal*: Create perl-test-fatal-0.017-r1.apk
>>> perl-test-fatal: Updating the main/x86_64 repository index...
>>> perl-test-fatal: Signing the index...
>>> perl-test-fatal: Cleaning up srcdir
>>> perl-test-fatal: Cleaning up build chroot
>>> perl-test-fatal: Cleaning up pkgdir
