pigz: not found
>>> perl-file-next: Building main/perl-file-next 1.18-r3 (using abuild 3.14.1-r4) started Sun, 18 May 2025 09:34:15 +0000
>>> perl-file-next: Validating /home/packager/aports/main/perl-file-next/APKBUILD...
>>> perl-file-next: Analyzing dependencies...
>>> perl-file-next: Installing for build: build-base perl
(1/6) Installing libbz2 (1.0.8-r6)
(2/6) Installing perl (5.40.2-r0)
(3/6) Installing .makedepends-perl-file-next (20250518.093417)
(4/6) Installing perl-error (0.17030-r0)
(5/6) Installing perl-git (2.47.2-r0)
(6/6) Installing git-perl (2.47.2-r0)
Executing busybox-1.37.0-r12.trigger
OK: 297 MiB in 87 packages
>>> perl-file-next: Cleaning up srcdir
>>> perl-file-next: Cleaning up pkgdir
>>> perl-file-next: Cleaning up tmpdir
>>> perl-file-next: Fetching https://cpan.metacpan.org/authors/id/P/PE/PETDANCE/File-Next-1.18.tar.gz
Connecting to cpan.metacpan.org (146.75.122.217:443)
saving to '/var/cache/distfiles/File-Next-1.18.tar.gz.part'
File-Next-1.18.tar.g 100% |********************************| 18286  0:00:00 ETA
'/var/cache/distfiles/File-Next-1.18.tar.gz.part' saved
>>> perl-file-next: Fetching https://cpan.metacpan.org/authors/id/P/PE/PETDANCE/File-Next-1.18.tar.gz
>>> perl-file-next: Checking sha512sums...
File-Next-1.18.tar.gz: OK
>>> perl-file-next: Unpacking /var/cache/distfiles/File-Next-1.18.tar.gz...
Checking if your kit is complete...
Looks good
Generating a Unix-style Makefile
Writing Makefile for File::Next
Writing MYMETA.yml and MYMETA.json
cp Next.pm blib/lib/File/Next.pm
Manifying 1 pod document
PERL_DL_NONLAZY=1 "/usr/bin/perl" "-MExtUtils::Command::MM" "-MTest::Harness" "-e" "undef *Test::Harness::Switches; test_harness(0, 'blib/lib', 'blib/arch')" t/*.t
# Testing File::Next 1.18, Perl 5.040002, /usr/bin/perl
t/00-load.t ....... ok
t/api.t ........... ok
t/basic.t ......... ok
t/dirs.t .......... ok
t/dot.t ........... ok
t/everything.t .... ok
# t/follow.t is working with temp directory /tmp/61lFW9hrHj
t/follow.t ........ ok
t/from_file.t ..... ok
t/from_stdin.t .... ok
t/methods.t ....... ok
t/named-pipe.t .... ok
t/parms.t ......... ok
t/pod-coverage.t .. skipped: Test::Pod::Coverage 1.04 required for testing POD
t/pod.t ........... skipped: Test::Pod 1.14 required for testing POD
t/sort.t .......... ok
t/zero.t .......... ok
All tests successful.
Files=16, Tests=92,  2 wallclock secs ( 0.07 usr  0.01 sys +  1.17 cusr  0.22 csys =  1.47 CPU)
Result: PASS
>>> perl-file-next: Entering fakeroot...
Manifying 1 pod document
Appending installation info to /home/packager/aports/main/perl-file-next/pkg/perl-file-next/usr/lib/perl5/core_perl/perllocal.pod
Installing /home/packager/aports/main/perl-file-next/pkg/perl-file-next/usr/share/perl5/vendor_perl/File/Next.pm
Installing /home/packager/aports/main/perl-file-next/pkg/perl-file-next/usr/share/man/man3/File::Next.3pm
>>> perl-file-next-doc*: Running split function doc...
'usr/share/man' -> '/home/packager/aports/main/perl-file-next/pkg/perl-file-next-doc/usr/share/man'
>>> perl-file-next-doc*: Preparing subpackage perl-file-next-doc...
>>> perl-file-next-doc*: Running postcheck for perl-file-next-doc
>>> perl-file-next*: Running postcheck for perl-file-next
>>> perl-file-next*: Preparing package perl-file-next...
>>> perl-file-next-doc*: Tracing dependencies...
>>> perl-file-next-doc*: Package size: 4.7 KB
>>> perl-file-next-doc*: Compressing data...
>>> perl-file-next-doc*: Create checksum...
pigz: not found
>>> perl-file-next-doc*: Create perl-file-next-doc-1.18-r3.apk
>>> perl-file-next*: Tracing dependencies...
	perl
>>> perl-file-next*: Package size: 16.5 KB
>>> perl-file-next*: Compressing data...
>>> perl-file-next*: Create checksum...
pigz: not found
>>> perl-file-next*: Create perl-file-next-1.18-r3.apk
>>> perl-file-next: Build complete at Sun, 18 May 2025 09:34:21 +0000 elapsed time 0h 0m 6s
>>> perl-file-next: Cleaning up srcdir
>>> perl-file-next: Cleaning up pkgdir
>>> perl-file-next: Uninstalling dependencies...
(1/6) Purging .makedepends-perl-file-next (20250518.093417)
(2/6) Purging git-perl (2.47.2-r0)
(3/6) Purging perl-git (2.47.2-r0)
(4/6) Purging perl-error (0.17030-r0)
(5/6) Purging perl (5.40.2-r0)
(6/6) Purging libbz2 (1.0.8-r6)
Executing busybox-1.37.0-r12.trigger
OK: 261 MiB in 81 packages
>>> perl-file-next: Updating the main/x86_64 repository index...
>>> perl-file-next: Signing the index...
pigz: not found
