pigz: not found
>>> perl-timedate: Building main/perl-timedate 2.33-r4 (using abuild 3.14.1-r4) started Sun, 18 May 2025 07:02:58 +0000
>>> perl-timedate: Validating /home/packager/aports/main/perl-timedate/APKBUILD...
>>> perl-timedate: Analyzing dependencies...
>>> perl-timedate: Installing for build: build-base perl
(1/6) Installing libbz2 (1.0.8-r6)
(2/6) Installing perl (5.40.2-r0)
(3/6) Installing .makedepends-perl-timedate (20250518.070300)
(4/6) Installing perl-error (0.17029-r2)
(5/6) Installing perl-git (2.47.2-r0)
(6/6) Installing git-perl (2.47.2-r0)
Executing busybox-1.37.0-r12.trigger
OK: 297 MiB in 87 packages
>>> perl-timedate: Cleaning up srcdir
>>> perl-timedate: Cleaning up pkgdir
>>> perl-timedate: Cleaning up tmpdir
>>> perl-timedate: Fetching https://cpan.metacpan.org/authors/id/A/AT/ATOOMIC/TimeDate-2.33.tar.gz
Connecting to cpan.metacpan.org (146.75.122.217:443)
saving to '/var/cache/distfiles/TimeDate-2.33.tar.gz.part'
TimeDate-2.33.tar.gz 100% |********************************| 29997  0:00:00 ETA
'/var/cache/distfiles/TimeDate-2.33.tar.gz.part' saved
>>> perl-timedate: Fetching https://cpan.metacpan.org/authors/id/A/AT/ATOOMIC/TimeDate-2.33.tar.gz
>>> perl-timedate: Checking sha512sums...
TimeDate-2.33.tar.gz: OK
>>> perl-timedate: Unpacking /var/cache/distfiles/TimeDate-2.33.tar.gz...
Checking if your kit is complete...
Looks good
Generating a Unix-style Makefile
Writing Makefile for Date::Parse
Writing MYMETA.yml and MYMETA.json
cp lib/Date/Language/Amharic.pm blib/lib/Date/Language/Amharic.pm
cp lib/Date/Language/Chinese.pm blib/lib/Date/Language/Chinese.pm
cp lib/Date/Language/Russian_koi8r.pm blib/lib/Date/Language/Russian_koi8r.pm
cp lib/Date/Language/Sidama.pm blib/lib/Date/Language/Sidama.pm
cp lib/Date/Format.pm blib/lib/Date/Format.pm
cp lib/Date/Language/Afar.pm blib/lib/Date/Language/Afar.pm
cp lib/Date/Language/Chinese_GB.pm blib/lib/Date/Language/Chinese_GB.pm
cp lib/TimeDate.pm blib/lib/TimeDate.pm
cp lib/Date/Language/Romanian.pm blib/lib/Date/Language/Romanian.pm
cp lib/Date/Language/Danish.pm blib/lib/Date/Language/Danish.pm
cp lib/Date/Language/Turkish.pm blib/lib/Date/Language/Turkish.pm
cp lib/Date/Language/German.pm blib/lib/Date/Language/German.pm
cp lib/Date/Language/Russian.pm blib/lib/Date/Language/Russian.pm
cp lib/Date/Language/French.pm blib/lib/Date/Language/French.pm
cp lib/Date/Language/Russian_cp1251.pm blib/lib/Date/Language/Russian_cp1251.pm
cp lib/Date/Language/Bulgarian.pm blib/lib/Date/Language/Bulgarian.pm
cp lib/Date/Language/Italian.pm blib/lib/Date/Language/Italian.pm
cp lib/Date/Language/Somali.pm blib/lib/Date/Language/Somali.pm
cp lib/Date/Language/Spanish.pm blib/lib/Date/Language/Spanish.pm
cp lib/Date/Language/Hungarian.pm blib/lib/Date/Language/Hungarian.pm
cp lib/Date/Language/Dutch.pm blib/lib/Date/Language/Dutch.pm
cp lib/Date/Language/English.pm blib/lib/Date/Language/English.pm
cp lib/Date/Language/Czech.pm blib/lib/Date/Language/Czech.pm
cp lib/Date/Language/Norwegian.pm blib/lib/Date/Language/Norwegian.pm
cp lib/Date/Language/TigrinyaEthiopian.pm blib/lib/Date/Language/TigrinyaEthiopian.pm
cp lib/Date/Language/Austrian.pm blib/lib/Date/Language/Austrian.pm
cp lib/Date/Language/Occitan.pm blib/lib/Date/Language/Occitan.pm
cp lib/Date/Language/Greek.pm blib/lib/Date/Language/Greek.pm
cp lib/Date/Language/Brazilian.pm blib/lib/Date/Language/Brazilian.pm
cp lib/Date/Language/Oromo.pm blib/lib/Date/Language/Oromo.pm
cp lib/Date/Language/Tigrinya.pm blib/lib/Date/Language/Tigrinya.pm
cp lib/Date/Language/Gedeo.pm blib/lib/Date/Language/Gedeo.pm
cp lib/Time/Zone.pm blib/lib/Time/Zone.pm
cp lib/Date/Language/Swedish.pm blib/lib/Date/Language/Swedish.pm
cp lib/Date/Language/Finnish.pm blib/lib/Date/Language/Finnish.pm
cp lib/Date/Language/Icelandic.pm blib/lib/Date/Language/Icelandic.pm
cp lib/Date/Parse.pm blib/lib/Date/Parse.pm
cp lib/Date/Language.pm blib/lib/Date/Language.pm
cp lib/Date/Language/TigrinyaEritrean.pm blib/lib/Date/Language/TigrinyaEritrean.pm
Manifying 7 pod documents
PERL_DL_NONLAZY=1 "/usr/bin/perl" "-MExtUtils::Command::MM" "-MTest::Harness" "-e" "undef *Test::Harness::Switches; test_harness(0, 'blib/lib', 'blib/arch')" t/*.t
t/cpanrt.t ... ok
t/date.t ..... ok
t/format.t ... ok
t/getdate.t .. ok
t/lang.t ..... ok
All tests successful.
Files=5, Tests=509,  1 wallclock secs ( 0.06 usr  0.01 sys +  0.22 cusr  0.03 csys =  0.32 CPU)
Result: PASS
>>> perl-timedate: Entering fakeroot...
Manifying 7 pod documents
Appending installation info to /home/packager/aports/main/perl-timedate/pkg/perl-timedate/usr/lib/perl5/core_perl/perllocal.pod
Installing /home/packager/aports/main/perl-timedate/pkg/perl-timedate/usr/share/perl5/vendor_perl/TimeDate.pm
Installing /home/packager/aports/main/perl-timedate/pkg/perl-timedate/usr/share/perl5/vendor_perl/Date/Language.pm
Installing /home/packager/aports/main/perl-timedate/pkg/perl-timedate/usr/share/perl5/vendor_perl/Date/Parse.pm
Installing /home/packager/aports/main/perl-timedate/pkg/perl-timedate/usr/share/perl5/vendor_perl/Date/Format.pm
Installing /home/packager/aports/main/perl-timedate/pkg/perl-timedate/usr/share/perl5/vendor_perl/Date/Language/Czech.pm
Installing /home/packager/aports/main/perl-timedate/pkg/perl-timedate/usr/share/perl5/vendor_perl/Date/Language/TigrinyaEthiopian.pm
Installing /home/packager/aports/main/perl-timedate/pkg/perl-timedate/usr/share/perl5/vendor_perl/Date/Language/Somali.pm
Installing /home/packager/aports/main/perl-timedate/pkg/perl-timedate/usr/share/perl5/vendor_perl/Date/Language/Amharic.pm
Installing /home/packager/aports/main/perl-timedate/pkg/perl-timedate/usr/share/perl5/vendor_perl/Date/Language/Russian_koi8r.pm
Installing /home/packager/aports/main/perl-timedate/pkg/perl-timedate/usr/share/perl5/vendor_perl/Date/Language/Dutch.pm
Installing /home/packager/aports/main/perl-timedate/pkg/perl-timedate/usr/share/perl5/vendor_perl/Date/Language/Icelandic.pm
Installing /home/packager/aports/main/perl-timedate/pkg/perl-timedate/usr/share/perl5/vendor_perl/Date/Language/Norwegian.pm
Installing /home/packager/aports/main/perl-timedate/pkg/perl-timedate/usr/share/perl5/vendor_perl/Date/Language/Italian.pm
Installing /home/packager/aports/main/perl-timedate/pkg/perl-timedate/usr/share/perl5/vendor_perl/Date/Language/Danish.pm
Installing /home/packager/aports/main/perl-timedate/pkg/perl-timedate/usr/share/perl5/vendor_perl/Date/Language/French.pm
Installing /home/packager/aports/main/perl-timedate/pkg/perl-timedate/usr/share/perl5/vendor_perl/Date/Language/Chinese_GB.pm
Installing /home/packager/aports/main/perl-timedate/pkg/perl-timedate/usr/share/perl5/vendor_perl/Date/Language/Finnish.pm
Installing /home/packager/aports/main/perl-timedate/pkg/perl-timedate/usr/share/perl5/vendor_perl/Date/Language/Russian.pm
Installing /home/packager/aports/main/perl-timedate/pkg/perl-timedate/usr/share/perl5/vendor_perl/Date/Language/Swedish.pm
Installing /home/packager/aports/main/perl-timedate/pkg/perl-timedate/usr/share/perl5/vendor_perl/Date/Language/Spanish.pm
Installing /home/packager/aports/main/perl-timedate/pkg/perl-timedate/usr/share/perl5/vendor_perl/Date/Language/Russian_cp1251.pm
Installing /home/packager/aports/main/perl-timedate/pkg/perl-timedate/usr/share/perl5/vendor_perl/Date/Language/Hungarian.pm
Installing /home/packager/aports/main/perl-timedate/pkg/perl-timedate/usr/share/perl5/vendor_perl/Date/Language/Sidama.pm
Installing /home/packager/aports/main/perl-timedate/pkg/perl-timedate/usr/share/perl5/vendor_perl/Date/Language/Tigrinya.pm
Installing /home/packager/aports/main/perl-timedate/pkg/perl-timedate/usr/share/perl5/vendor_perl/Date/Language/Afar.pm
Installing /home/packager/aports/main/perl-timedate/pkg/perl-timedate/usr/share/perl5/vendor_perl/Date/Language/Gedeo.pm
Installing /home/packager/aports/main/perl-timedate/pkg/perl-timedate/usr/share/perl5/vendor_perl/Date/Language/German.pm
Installing /home/packager/aports/main/perl-timedate/pkg/perl-timedate/usr/share/perl5/vendor_perl/Date/Language/Occitan.pm
Installing /home/packager/aports/main/perl-timedate/pkg/perl-timedate/usr/share/perl5/vendor_perl/Date/Language/Austrian.pm
Installing /home/packager/aports/main/perl-timedate/pkg/perl-timedate/usr/share/perl5/vendor_perl/Date/Language/Bulgarian.pm
Installing /home/packager/aports/main/perl-timedate/pkg/perl-timedate/usr/share/perl5/vendor_perl/Date/Language/English.pm
Installing /home/packager/aports/main/perl-timedate/pkg/perl-timedate/usr/share/perl5/vendor_perl/Date/Language/Oromo.pm
Installing /home/packager/aports/main/perl-timedate/pkg/perl-timedate/usr/share/perl5/vendor_perl/Date/Language/Brazilian.pm
Installing /home/packager/aports/main/perl-timedate/pkg/perl-timedate/usr/share/perl5/vendor_perl/Date/Language/TigrinyaEritrean.pm
Installing /home/packager/aports/main/perl-timedate/pkg/perl-timedate/usr/share/perl5/vendor_perl/Date/Language/Romanian.pm
Installing /home/packager/aports/main/perl-timedate/pkg/perl-timedate/usr/share/perl5/vendor_perl/Date/Language/Greek.pm
Installing /home/packager/aports/main/perl-timedate/pkg/perl-timedate/usr/share/perl5/vendor_perl/Date/Language/Chinese.pm
Installing /home/packager/aports/main/perl-timedate/pkg/perl-timedate/usr/share/perl5/vendor_perl/Date/Language/Turkish.pm
Installing /home/packager/aports/main/perl-timedate/pkg/perl-timedate/usr/share/perl5/vendor_perl/Time/Zone.pm
Installing /home/packager/aports/main/perl-timedate/pkg/perl-timedate/usr/share/man/man3/Date::Format.3pm
Installing /home/packager/aports/main/perl-timedate/pkg/perl-timedate/usr/share/man/man3/Date::Parse.3pm
Installing /home/packager/aports/main/perl-timedate/pkg/perl-timedate/usr/share/man/man3/Date::Language::Bulgarian.3pm
Installing /home/packager/aports/main/perl-timedate/pkg/perl-timedate/usr/share/man/man3/Date::Language::Hungarian.3pm
Installing /home/packager/aports/main/perl-timedate/pkg/perl-timedate/usr/share/man/man3/Date::Language.3pm
Installing /home/packager/aports/main/perl-timedate/pkg/perl-timedate/usr/share/man/man3/TimeDate.3pm
Installing /home/packager/aports/main/perl-timedate/pkg/perl-timedate/usr/share/man/man3/Time::Zone.3pm
>>> perl-timedate-doc*: Running split function doc...
'usr/share/man' -> '/home/packager/aports/main/perl-timedate/pkg/perl-timedate-doc/usr/share/man'
>>> perl-timedate-doc*: Preparing subpackage perl-timedate-doc...
>>> perl-timedate-doc*: Running postcheck for perl-timedate-doc
>>> perl-timedate*: Running postcheck for perl-timedate
>>> perl-timedate*: Preparing package perl-timedate...
>>> perl-timedate-doc*: Tracing dependencies...
>>> perl-timedate-doc*: Package size: 10.7 KB
>>> perl-timedate-doc*: Compressing data...
>>> perl-timedate-doc*: Create checksum...
pigz: not found
>>> perl-timedate-doc*: Create perl-timedate-doc-2.33-r4.apk
>>> perl-timedate*: Tracing dependencies...
	perl
>>> perl-timedate*: Package size: 72.4 KB
>>> perl-timedate*: Compressing data...
>>> perl-timedate*: Create checksum...
pigz: not found
>>> perl-timedate*: Create perl-timedate-2.33-r4.apk
>>> perl-timedate: Build complete at Sun, 18 May 2025 07:03:03 +0000 elapsed time 0h 0m 5s
>>> perl-timedate: Cleaning up srcdir
>>> perl-timedate: Cleaning up pkgdir
>>> perl-timedate: Uninstalling dependencies...
(1/6) Purging .makedepends-perl-timedate (20250518.070300)
(2/6) Purging git-perl (2.47.2-r0)
(3/6) Purging perl-git (2.47.2-r0)
(4/6) Purging perl-error (0.17029-r2)
(5/6) Purging perl (5.40.2-r0)
(6/6) Purging libbz2 (1.0.8-r6)
Executing busybox-1.37.0-r12.trigger
OK: 260 MiB in 81 packages
>>> perl-timedate: Updating the main/x86_64 repository index...
>>> perl-timedate: Signing the index...
pigz: not found
