pigz: not found
>>> spirv-tools: Building main/spirv-tools 1.4.309.0-r0 (using abuild 3.14.1-r4) started Sun, 18 May 2025 06:21:09 +0000
>>> spirv-tools: Validating /home/packager/aports/main/spirv-tools/APKBUILD...
>>> spirv-tools: Analyzing dependencies...
>>> spirv-tools: Installing for build: build-base spirv-headers cmake samurai python3
(1/18) Installing spirv-headers (1.4.309.0-r0)
(2/18) Installing libbz2 (1.0.8-r6)
(3/18) Installing lz4-libs (1.10.0-r0)
(4/18) Installing xz-libs (5.6.3-r1)
(5/18) Installing libarchive (3.7.9-r0)
(6/18) Installing rhash-libs (1.4.5-r0)
(7/18) Installing libuv (1.49.2-r0)
(8/18) Installing cmake (3.31.7-r0)
(9/18) Installing samurai (1.2-r6)
(10/18) Installing libffi (3.4.7-r0)
(11/18) Installing gdbm (1.24-r0)
(12/18) Installing mpdecimal (4.0.0-r0)
(13/18) Installing sqlite-libs (3.49.2-r0)
(14/18) Installing python3 (3.12.10-r0)
(15/18) Installing python3-pycache-pyc0 (3.12.10-r0)
(16/18) Installing pyc (3.12.10-r0)
(17/18) Installing python3-pyc (3.12.10-r0)
(18/18) Installing .makedepends-spirv-tools (20250518.062110)
Executing busybox-1.37.0-r12.trigger
OK: 351 MiB in 99 packages
>>> spirv-tools: Cleaning up srcdir
>>> spirv-tools: Cleaning up pkgdir
>>> spirv-tools: Cleaning up tmpdir
>>> spirv-tools: Fetching spirv-tools-1.4.309.0.tar.gz::https://github.com/KhronosGroup/SPIRV-Tools/archive/refs/tags/vulkan-sdk-1.4.309.0.tar.gz
Connecting to github.com (140.82.121.3:443)
Connecting to codeload.github.com (140.82.121.9:443)
saving to '/var/cache/distfiles/spirv-tools-1.4.309.0.tar.gz.part'
spirv-tools-1.4.309.  254k --:--:-- ETA
spirv-tools-1.4.309. 100% |********************************| 3168k  0:00:00 ETA
'/var/cache/distfiles/spirv-tools-1.4.309.0.tar.gz.part' saved
>>> spirv-tools: Fetching spirv-tools-1.4.309.0.tar.gz::https://github.com/KhronosGroup/SPIRV-Tools/archive/refs/tags/vulkan-sdk-1.4.309.0.tar.gz
>>> spirv-tools: Checking sha512sums...
spirv-tools-1.4.309.0.tar.gz: OK
>>> spirv-tools: Unpacking /var/cache/distfiles/spirv-tools-1.4.309.0.tar.gz...
-- The C compiler identification is GNU 14.2.0
-- The CXX compiler identification is GNU 14.2.0
-- Detecting C compiler ABI info
-- Detecting C compiler ABI info - done
-- Check for working C compiler: /usr/bin/gcc - skipped
-- Detecting C compile features
-- Detecting C compile features - done
-- Detecting CXX compiler ABI info
-- Detecting CXX compiler ABI info - done
-- Check for working CXX compiler: /usr/bin/g++ - skipped
-- Detecting CXX compile features
-- Detecting CXX compile features - done
-- Found Python3: /usr/bin/python3.12 (found version "3.12.10") found components: Interpreter
-- Did not find googletest, tests will not be built. To enable tests place googletest in '<spirv-dir>/external/googletest'.
-- Configuring done (0.9s)
-- Generating done (0.1s)
-- Build files have been written to: /home/packager/aports/main/spirv-tools/src/SPIRV-Tools-vulkan-sdk-1.4.309.0/build
[1/373] Generate extended instruction tables for nonsemantic.vkspreflection.
[2/373] Generate extended instruction tables for spv-amd-shader-trinary-minmax.
[3/373] Generate extended instruction tables for spv-amd-shader-explicit-vertex-parameter.
[4/373] Generate extended instruction tables for spv-amd-shader-ballot.
[5/373] Generate extended instruction tables for spv-amd-gcn-shader.
[6/373] Generate extended instruction tables for nonsemantic.shader.debuginfo.100.
[7/373] Generate extended instruction tables for debuginfo.
[8/373] Generate extended instruction tables for nonsemantic.clspvreflection.
[9/373] Generate extended instruction tables for opencl.debuginfo.100.
[10/373] Generate language specific header for OpenCLDebugInfo100.
[11/373] Generate language specific header for NonSemanticShaderDebugInfo100.
[12/373] Generate language specific header for DebugInfo.
[13/373] Generate enum-string mapping for SPIR-V vunified1.
[14/373] Generate tables based on the SPIR-V XML registry.
[15/373] Generate info tables for SPIR-V vunified1 core instructions and operands.
[16/373] Update build-version.inc in the SPIRV-Tools build directory (if necessary).
[17/373] Generating SPIRV-Tools.pc
[18/373] Generating SPIRV-Tools-shared.pc
[19/373] Generate info tables for OpenCL extended instructions and operands vunified1.
[20/373] Generate info tables for GLSL extended instructions and operands vunified1.
[21/373] Building CXX object examples/cpp-interface/CMakeFiles/spirv-tools-cpp-example.dir/main.cpp.o
[22/373] Building CXX object tools/CMakeFiles/spirv-objdump.dir/util/flags.cpp.o
[23/373] Building CXX object tools/CMakeFiles/spirv-objdump.dir/io.cpp.o
[24/373] Building CXX object tools/CMakeFiles/spirv-objdump.dir/util/cli_consumer.cpp.o
[25/373] Building CXX object tools/CMakeFiles/spirv-objdump.dir/objdump/extract_source.cpp.o
[26/373] Building CXX object tools/CMakeFiles/spirv-objdump.dir/objdump/objdump.cpp.o
[27/373] Building CXX object tools/CMakeFiles/spirv-cfg.dir/util/flags.cpp.o
[28/373] Building CXX object tools/CMakeFiles/spirv-cfg.dir/io.cpp.o
[29/373] Building CXX object tools/CMakeFiles/spirv-cfg.dir/cfg/bin_to_dot.cpp.o
[30/373] Building CXX object tools/CMakeFiles/spirv-cfg.dir/cfg/cfg.cpp.o
[31/373] Building CXX object tools/CMakeFiles/spirv-as.dir/util/flags.cpp.o
[32/373] Building CXX object tools/CMakeFiles/spirv-as.dir/io.cpp.o
[33/373] Building CXX object tools/CMakeFiles/spirv-as.dir/as/as.cpp.o
[34/373] Building CXX object tools/CMakeFiles/spirv-lint.dir/io.cpp.o
[35/373] Building CXX object tools/CMakeFiles/spirv-lint.dir/util/cli_consumer.cpp.o
[36/373] Building CXX object tools/CMakeFiles/spirv-lint.dir/lint/lint.cpp.o
[37/373] Building CXX object tools/CMakeFiles/spirv-lint.dir/util/flags.cpp.o
[38/373] Building CXX object tools/CMakeFiles/spirv-link.dir/io.cpp.o
[39/373] Building CXX object tools/CMakeFiles/spirv-link.dir/link/linker.cpp.o
[40/373] Building CXX object tools/CMakeFiles/spirv-link.dir/util/flags.cpp.o
[41/373] Building CXX object tools/CMakeFiles/spirv-reduce.dir/io.cpp.o
[42/373] Building CXX object tools/CMakeFiles/spirv-reduce.dir/util/cli_consumer.cpp.o
[43/373] Building CXX object tools/CMakeFiles/spirv-reduce.dir/reduce/reduce.cpp.o
[44/373] Building CXX object tools/CMakeFiles/spirv-reduce.dir/util/flags.cpp.o
[45/373] Building CXX object tools/CMakeFiles/spirv-opt.dir/io.cpp.o
[46/373] Building CXX object tools/CMakeFiles/spirv-opt.dir/util/cli_consumer.cpp.o
[47/373] Building CXX object tools/CMakeFiles/spirv-opt.dir/opt/opt.cpp.o
[48/373] Building CXX object tools/CMakeFiles/spirv-opt.dir/util/flags.cpp.o
[49/373] Building CXX object tools/CMakeFiles/spirv-val.dir/io.cpp.o
[50/373] Building CXX object tools/CMakeFiles/spirv-val.dir/util/cli_consumer.cpp.o
[51/373] Building CXX object tools/CMakeFiles/spirv-val.dir/val/val.cpp.o
[52/373] Building CXX object tools/CMakeFiles/spirv-val.dir/util/flags.cpp.o
[53/373] Building CXX object tools/CMakeFiles/spirv-dis.dir/io.cpp.o
[54/373] Building CXX object tools/CMakeFiles/spirv-dis.dir/dis/dis.cpp.o
[55/373] Building CXX object tools/CMakeFiles/spirv-dis.dir/util/flags.cpp.o
[56/373] Building CXX object tools/CMakeFiles/spirv-diff.dir/io.cpp.o
[57/373] Building CXX object tools/CMakeFiles/spirv-diff.dir/util/cli_consumer.cpp.o
[58/373] Building CXX object tools/CMakeFiles/spirv-diff.dir/diff/diff.cpp.o
[59/373] Building CXX object tools/CMakeFiles/spirv-diff.dir/util/flags.cpp.o
[60/373] Building CXX object source/diff/CMakeFiles/SPIRV-Tools-diff.dir/diff.cpp.o
[61/373] Building CXX object source/lint/CMakeFiles/SPIRV-Tools-lint.dir/lint_divergent_derivatives.cpp.o
[62/373] Building CXX object source/lint/CMakeFiles/SPIRV-Tools-lint.dir/divergence_analysis.cpp.o
[63/373] Building CXX object source/lint/CMakeFiles/SPIRV-Tools-lint.dir/linter.cpp.o
[64/373] Building CXX object source/link/CMakeFiles/SPIRV-Tools-link.dir/linker.cpp.o
[65/373] Building CXX object source/reduce/CMakeFiles/SPIRV-Tools-reduce.dir/structured_loop_to_selection_reduction_opportunity_finder.cpp.o
[66/373] Building CXX object source/reduce/CMakeFiles/SPIRV-Tools-reduce.dir/structured_loop_to_selection_reduction_opportunity.cpp.o
[67/373] Building CXX object source/reduce/CMakeFiles/SPIRV-Tools-reduce.dir/structured_construct_to_block_reduction_opportunity_finder.cpp.o
[68/373] Building CXX object source/reduce/CMakeFiles/SPIRV-Tools-reduce.dir/structured_construct_to_block_reduction_opportunity.cpp.o
[69/373] Building CXX object source/reduce/CMakeFiles/SPIRV-Tools-reduce.dir/simple_conditional_branch_to_branch_reduction_opportunity.cpp.o
[70/373] Building CXX object source/reduce/CMakeFiles/SPIRV-Tools-reduce.dir/simple_conditional_branch_to_branch_opportunity_finder.cpp.o
[71/373] Building CXX object source/reduce/CMakeFiles/SPIRV-Tools-reduce.dir/remove_unused_struct_member_reduction_opportunity_finder.cpp.o
[72/373] Building CXX object source/reduce/CMakeFiles/SPIRV-Tools-reduce.dir/remove_unused_instruction_reduction_opportunity_finder.cpp.o
[73/373] Building CXX object source/reduce/CMakeFiles/SPIRV-Tools-reduce.dir/remove_struct_member_reduction_opportunity.cpp.o
[74/373] Building CXX object source/reduce/CMakeFiles/SPIRV-Tools-reduce.dir/remove_selection_reduction_opportunity_finder.cpp.o
[75/373] Building CXX object source/reduce/CMakeFiles/SPIRV-Tools-reduce.dir/remove_selection_reduction_opportunity.cpp.o
[76/373] Building CXX object source/reduce/CMakeFiles/SPIRV-Tools-reduce.dir/remove_instruction_reduction_opportunity.cpp.o
[77/373] Building CXX object source/reduce/CMakeFiles/SPIRV-Tools-reduce.dir/remove_function_reduction_opportunity_finder.cpp.o
[78/373] Building CXX object source/reduce/CMakeFiles/SPIRV-Tools-reduce.dir/remove_function_reduction_opportunity.cpp.o
[79/373] Building CXX object source/reduce/CMakeFiles/SPIRV-Tools-reduce.dir/remove_block_reduction_opportunity_finder.cpp.o
[80/373] Building CXX object source/reduce/CMakeFiles/SPIRV-Tools-reduce.dir/remove_block_reduction_opportunity.cpp.o
[81/373] Building CXX object source/reduce/CMakeFiles/SPIRV-Tools-reduce.dir/reduction_util.cpp.o
[82/373] Building CXX object source/reduce/CMakeFiles/SPIRV-Tools-reduce.dir/reduction_pass.cpp.o
[83/373] Building CXX object source/reduce/CMakeFiles/SPIRV-Tools-reduce.dir/reduction_opportunity_finder.cpp.o
[84/373] Building CXX object source/reduce/CMakeFiles/SPIRV-Tools-reduce.dir/reduction_opportunity.cpp.o
[85/373] Building CXX object source/reduce/CMakeFiles/SPIRV-Tools-reduce.dir/reducer.cpp.o
[86/373] Building CXX object source/reduce/CMakeFiles/SPIRV-Tools-reduce.dir/operand_to_dominating_id_reduction_opportunity_finder.cpp.o
[87/373] Building CXX object source/reduce/CMakeFiles/SPIRV-Tools-reduce.dir/operand_to_undef_reduction_opportunity_finder.cpp.o
[88/373] Building CXX object source/reduce/CMakeFiles/SPIRV-Tools-reduce.dir/operand_to_const_reduction_opportunity_finder.cpp.o
[89/373] Building CXX object source/reduce/CMakeFiles/SPIRV-Tools-reduce.dir/merge_blocks_reduction_opportunity_finder.cpp.o
[90/373] Building CXX object source/reduce/CMakeFiles/SPIRV-Tools-reduce.dir/merge_blocks_reduction_opportunity.cpp.o
[91/373] Building CXX object source/reduce/CMakeFiles/SPIRV-Tools-reduce.dir/conditional_branch_to_simple_conditional_branch_reduction_opportunity.cpp.o
[92/373] Building CXX object source/reduce/CMakeFiles/SPIRV-Tools-reduce.dir/conditional_branch_to_simple_conditional_branch_opportunity_finder.cpp.o
[93/373] Building CXX object source/reduce/CMakeFiles/SPIRV-Tools-reduce.dir/change_operand_to_undef_reduction_opportunity.cpp.o
[94/373] Building CXX object source/reduce/CMakeFiles/SPIRV-Tools-reduce.dir/change_operand_reduction_opportunity.cpp.o
[95/373] Building CXX object source/opt/CMakeFiles/SPIRV-Tools-opt.dir/wrap_opkill.cpp.o
[96/373] Building CXX object source/opt/CMakeFiles/SPIRV-Tools-opt.dir/workaround1209.cpp.o
[97/373] Building CXX object source/opt/CMakeFiles/SPIRV-Tools-opt.dir/vector_dce.cpp.o
[98/373] Building CXX object source/opt/CMakeFiles/SPIRV-Tools-opt.dir/value_number_table.cpp.o
[99/373] Building CXX object source/opt/CMakeFiles/SPIRV-Tools-opt.dir/upgrade_memory_model.cpp.o
[100/373] Building CXX object source/opt/CMakeFiles/SPIRV-Tools-opt.dir/unify_const_pass.cpp.o
[101/373] Building CXX object source/opt/CMakeFiles/SPIRV-Tools-opt.dir/types.cpp.o
[102/373] Building CXX object source/opt/CMakeFiles/SPIRV-Tools-opt.dir/type_manager.cpp.o
[103/373] Building CXX object source/opt/CMakeFiles/SPIRV-Tools-opt.dir/trim_capabilities_pass.cpp.o
[104/373] Building CXX object source/opt/CMakeFiles/SPIRV-Tools-opt.dir/switch_descriptorset_pass.cpp.o
[105/373] Building CXX object source/opt/CMakeFiles/SPIRV-Tools-opt.dir/struct_packing_pass.cpp.o
[106/373] Building CXX object source/opt/CMakeFiles/SPIRV-Tools-opt.dir/struct_cfg_analysis.cpp.o
[107/373] Building CXX object source/opt/CMakeFiles/SPIRV-Tools-opt.dir/strip_nonsemantic_info_pass.cpp.o
[108/373] Building CXX object source/opt/CMakeFiles/SPIRV-Tools-opt.dir/strip_debug_info_pass.cpp.o
[109/373] Building CXX object source/opt/CMakeFiles/SPIRV-Tools-opt.dir/strength_reduction_pass.cpp.o
[110/373] Building CXX object source/opt/CMakeFiles/SPIRV-Tools-opt.dir/ssa_rewrite_pass.cpp.o
[111/373] Building CXX object source/opt/CMakeFiles/SPIRV-Tools-opt.dir/spread_volatile_semantics.cpp.o
[112/373] Building CXX object source/opt/CMakeFiles/SPIRV-Tools-opt.dir/simplification_pass.cpp.o
[113/373] Building CXX object source/opt/CMakeFiles/SPIRV-Tools-opt.dir/set_spec_constant_default_value_pass.cpp.o
[114/373] Building CXX object source/opt/CMakeFiles/SPIRV-Tools-opt.dir/scalar_replacement_pass.cpp.o
[115/373] Building CXX object source/opt/CMakeFiles/SPIRV-Tools-opt.dir/scalar_analysis_simplification.cpp.o
[116/373] Building CXX object source/opt/CMakeFiles/SPIRV-Tools-opt.dir/scalar_analysis.cpp.o
[117/373] Building CXX object source/opt/CMakeFiles/SPIRV-Tools-opt.dir/replace_invalid_opc.cpp.o
[118/373] Building CXX object source/opt/CMakeFiles/SPIRV-Tools-opt.dir/replace_desc_array_access_using_var_index.cpp.o
[119/373] Building CXX object source/opt/CMakeFiles/SPIRV-Tools-opt.dir/remove_unused_interface_variables_pass.cpp.o
[120/373] Building CXX object source/opt/CMakeFiles/SPIRV-Tools-opt.dir/remove_duplicates_pass.cpp.o
[121/373] Building CXX object source/opt/CMakeFiles/SPIRV-Tools-opt.dir/remove_dontinline_pass.cpp.o
[122/373] Building CXX object source/opt/CMakeFiles/SPIRV-Tools-opt.dir/relax_float_ops_pass.cpp.o
[123/373] Building CXX object source/opt/CMakeFiles/SPIRV-Tools-opt.dir/register_pressure.cpp.o
[124/373] Building CXX object source/opt/CMakeFiles/SPIRV-Tools-opt.dir/redundancy_elimination.cpp.o
[125/373] Building CXX object source/opt/CMakeFiles/SPIRV-Tools-opt.dir/reduce_load_size.cpp.o
[126/373] Building CXX object source/opt/CMakeFiles/SPIRV-Tools-opt.dir/propagator.cpp.o
[127/373] Building CXX object source/opt/CMakeFiles/SPIRV-Tools-opt.dir/private_to_local_pass.cpp.o
[128/373] Building CXX object source/opt/CMakeFiles/SPIRV-Tools-opt.dir/pass_manager.cpp.o
[129/373] Building CXX object source/opt/CMakeFiles/SPIRV-Tools-opt.dir/pass.cpp.o
[130/373] Building CXX object source/opt/CMakeFiles/SPIRV-Tools-opt.dir/optimizer.cpp.o
[131/373] Building CXX object source/opt/CMakeFiles/SPIRV-Tools-opt.dir/module.cpp.o
[132/373] Building CXX object source/opt/CMakeFiles/SPIRV-Tools-opt.dir/modify_maximal_reconvergence.cpp.o
[133/373] Building CXX object source/opt/CMakeFiles/SPIRV-Tools-opt.dir/merge_return_pass.cpp.o
[134/373] Building CXX object source/opt/CMakeFiles/SPIRV-Tools-opt.dir/mem_pass.cpp.o
[135/373] Building CXX object source/opt/CMakeFiles/SPIRV-Tools-opt.dir/loop_unswitch_pass.cpp.o
[136/373] Building CXX object source/opt/CMakeFiles/SPIRV-Tools-opt.dir/loop_unroller.cpp.o
[137/373] Building CXX object source/opt/CMakeFiles/SPIRV-Tools-opt.dir/loop_utils.cpp.o
[138/373] Building CXX object source/opt/CMakeFiles/SPIRV-Tools-opt.dir/loop_peeling.cpp.o
[139/373] Building CXX object source/opt/CMakeFiles/SPIRV-Tools-opt.dir/loop_fusion_pass.cpp.o
[140/373] Building CXX object source/opt/CMakeFiles/SPIRV-Tools-opt.dir/loop_fusion.cpp.o
[141/373] Building CXX object source/opt/CMakeFiles/SPIRV-Tools-opt.dir/loop_fission.cpp.o
[142/373] Building CXX object source/opt/CMakeFiles/SPIRV-Tools-opt.dir/loop_descriptor.cpp.o
[143/373] Building CXX object source/opt/CMakeFiles/SPIRV-Tools-opt.dir/loop_dependence_helpers.cpp.o
[144/373] Building CXX object source/opt/CMakeFiles/SPIRV-Tools-opt.dir/loop_dependence.cpp.o
[145/373] Building CXX object source/opt/CMakeFiles/SPIRV-Tools-opt.dir/local_single_store_elim_pass.cpp.o
[146/373] Building CXX object source/opt/CMakeFiles/SPIRV-Tools-opt.dir/local_single_block_elim_pass.cpp.o
[147/373] Building CXX object source/opt/CMakeFiles/SPIRV-Tools-opt.dir/local_redundancy_elimination.cpp.o
[148/373] Building CXX object source/opt/CMakeFiles/SPIRV-Tools-opt.dir/local_access_chain_convert_pass.cpp.o
[149/373] Building CXX object source/opt/CMakeFiles/SPIRV-Tools-opt.dir/liveness.cpp.o
[150/373] Building CXX object source/opt/CMakeFiles/SPIRV-Tools-opt.dir/licm_pass.cpp.o
[151/373] Building CXX object source/opt/CMakeFiles/SPIRV-Tools-opt.dir/ir_loader.cpp.o
[152/373] Building CXX object source/opt/CMakeFiles/SPIRV-Tools-opt.dir/ir_context.cpp.o
[153/373] Building CXX object source/opt/CMakeFiles/SPIRV-Tools-opt.dir/opextinst_forward_ref_fixup_pass.cpp.o
[154/373] Building CXX object source/opt/CMakeFiles/SPIRV-Tools-opt.dir/interp_fixup_pass.cpp.o
[155/373] Building CXX object source/opt/CMakeFiles/SPIRV-Tools-opt.dir/invocation_interlock_placement_pass.cpp.o
[156/373] Building CXX object source/opt/CMakeFiles/SPIRV-Tools-opt.dir/interface_var_sroa.cpp.o
[157/373] Building CXX object source/opt/CMakeFiles/SPIRV-Tools-opt.dir/instruction_list.cpp.o
[158/373] Building CXX object source/opt/CMakeFiles/SPIRV-Tools-opt.dir/instruction.cpp.o
[159/373] Building CXX object source/opt/CMakeFiles/SPIRV-Tools-opt.dir/inline_pass.cpp.o
[160/373] Building CXX object source/opt/CMakeFiles/SPIRV-Tools-opt.dir/inline_opaque_pass.cpp.o
[161/373] Building CXX object source/opt/CMakeFiles/SPIRV-Tools-opt.dir/inline_exhaustive_pass.cpp.o
[162/373] Building CXX object source/opt/CMakeFiles/SPIRV-Tools-opt.dir/if_conversion.cpp.o
[163/373] Building CXX object source/opt/CMakeFiles/SPIRV-Tools-opt.dir/graphics_robust_access_pass.cpp.o
[164/373] Building CXX object source/opt/CMakeFiles/SPIRV-Tools-opt.dir/function.cpp.o
[165/373] Building CXX object source/opt/CMakeFiles/SPIRV-Tools-opt.dir/freeze_spec_constant_value_pass.cpp.o
[166/373] Building CXX object source/opt/CMakeFiles/SPIRV-Tools-opt.dir/fold_spec_constant_op_and_composite_pass.cpp.o
[167/373] Building CXX object source/opt/CMakeFiles/SPIRV-Tools-opt.dir/folding_rules.cpp.o
[168/373] Building CXX object source/opt/CMakeFiles/SPIRV-Tools-opt.dir/fold.cpp.o
[169/373] Building CXX object source/opt/CMakeFiles/SPIRV-Tools-opt.dir/flatten_decoration_pass.cpp.o
[170/373] Building CXX object source/opt/CMakeFiles/SPIRV-Tools-opt.dir/fix_storage_class.cpp.o
[171/373] Building CXX object source/opt/CMakeFiles/SPIRV-Tools-opt.dir/feature_manager.cpp.o
[172/373] Building CXX object source/opt/CMakeFiles/SPIRV-Tools-opt.dir/eliminate_dead_output_stores_pass.cpp.o
[173/373] Building CXX object source/opt/CMakeFiles/SPIRV-Tools-opt.dir/eliminate_dead_members_pass.cpp.o
[174/373] Building CXX object source/opt/CMakeFiles/SPIRV-Tools-opt.dir/eliminate_dead_io_components_pass.cpp.o
[175/373] Building CXX object source/opt/CMakeFiles/SPIRV-Tools-opt.dir/eliminate_dead_functions_util.cpp.o
[176/373] Building CXX object source/opt/CMakeFiles/SPIRV-Tools-opt.dir/eliminate_dead_functions_pass.cpp.o
[177/373] Building CXX object source/opt/CMakeFiles/SPIRV-Tools-opt.dir/eliminate_dead_constant_pass.cpp.o
[178/373] Building CXX object source/opt/CMakeFiles/SPIRV-Tools-opt.dir/dominator_tree.cpp.o
[179/373] Building CXX object source/opt/CMakeFiles/SPIRV-Tools-opt.dir/dominator_analysis.cpp.o
[180/373] Building CXX object source/opt/CMakeFiles/SPIRV-Tools-opt.dir/desc_sroa_util.cpp.o
[181/373] Building CXX object source/opt/CMakeFiles/SPIRV-Tools-opt.dir/desc_sroa.cpp.o
[182/373] Building CXX object source/opt/CMakeFiles/SPIRV-Tools-opt.dir/def_use_manager.cpp.o
[183/373] Building CXX object source/opt/CMakeFiles/SPIRV-Tools-opt.dir/debug_info_manager.cpp.o
[184/373] Building CXX object source/opt/CMakeFiles/SPIRV-Tools-opt.dir/decoration_manager.cpp.o
[185/373] Building CXX object source/opt/CMakeFiles/SPIRV-Tools-opt.dir/dead_variable_elimination.cpp.o
[186/373] Building CXX object source/opt/CMakeFiles/SPIRV-Tools-opt.dir/dead_insert_elim_pass.cpp.o
[187/373] Building CXX object source/opt/CMakeFiles/SPIRV-Tools-opt.dir/dead_branch_elim_pass.cpp.o
[188/373] Building CXX object source/opt/CMakeFiles/SPIRV-Tools-opt.dir/dataflow.cpp.o
[189/373] Building CXX object source/opt/CMakeFiles/SPIRV-Tools-opt.dir/copy_prop_arrays.cpp.o
[190/373] Building CXX object source/opt/CMakeFiles/SPIRV-Tools-opt.dir/convert_to_half_pass.cpp.o
[191/373] Building CXX object source/opt/CMakeFiles/SPIRV-Tools-opt.dir/convert_to_sampled_image_pass.cpp.o
[192/373] Building CXX object source/opt/CMakeFiles/SPIRV-Tools-opt.dir/control_dependence.cpp.o
[193/373] Building CXX object source/opt/CMakeFiles/SPIRV-Tools-opt.dir/constants.cpp.o
[194/373] Building CXX object source/opt/CMakeFiles/SPIRV-Tools-opt.dir/const_folding_rules.cpp.o
[195/373] Building CXX object source/opt/CMakeFiles/SPIRV-Tools-opt.dir/composite.cpp.o
[196/373] Building CXX object source/opt/CMakeFiles/SPIRV-Tools-opt.dir/compact_ids_pass.cpp.o
[197/373] Building CXX object source/opt/CMakeFiles/SPIRV-Tools-opt.dir/combine_access_chains.cpp.o
[198/373] Building CXX object source/opt/CMakeFiles/SPIRV-Tools-opt.dir/code_sink.cpp.o
[199/373] Building CXX object source/opt/CMakeFiles/SPIRV-Tools-opt.dir/cfg.cpp.o
[200/373] Building CXX object source/opt/CMakeFiles/SPIRV-Tools-opt.dir/cfg_cleanup_pass.cpp.o
[201/373] Building CXX object source/opt/CMakeFiles/SPIRV-Tools-opt.dir/ccp_pass.cpp.o
[202/373] Building CXX object source/opt/CMakeFiles/SPIRV-Tools-opt.dir/build_module.cpp.o
[203/373] Building CXX object source/opt/CMakeFiles/SPIRV-Tools-opt.dir/block_merge_util.cpp.o
[204/373] Building CXX object source/opt/CMakeFiles/SPIRV-Tools-opt.dir/block_merge_pass.cpp.o
[205/373] Building CXX object source/opt/CMakeFiles/SPIRV-Tools-opt.dir/basic_block.cpp.o
[206/373] Building CXX object source/opt/CMakeFiles/SPIRV-Tools-opt.dir/analyze_live_input_pass.cpp.o
[207/373] Building CXX object source/opt/CMakeFiles/SPIRV-Tools-opt.dir/amd_ext_to_khr.cpp.o
[208/373] Building CXX object source/opt/CMakeFiles/SPIRV-Tools-opt.dir/aggressive_dead_code_elim_pass.cpp.o
[209/373] Building CXX object source/opt/CMakeFiles/SPIRV-Tools-opt.dir/fix_func_call_arguments.cpp.o
[210/373] Building CXX object source/CMakeFiles/SPIRV-Tools.dir/util/timer.cpp.o
[211/373] Building CXX object source/CMakeFiles/SPIRV-Tools.dir/val/validation_state.cpp.o
[212/373] Building CXX object source/CMakeFiles/SPIRV-Tools.dir/val/instruction.cpp.o
[213/373] Building CXX object source/CMakeFiles/SPIRV-Tools.dir/val/function.cpp.o
[214/373] Building CXX object source/CMakeFiles/SPIRV-Tools.dir/val/construct.cpp.o
[215/373] Building CXX object source/CMakeFiles/SPIRV-Tools.dir/val/basic_block.cpp.o
[216/373] Building CXX object source/CMakeFiles/SPIRV-Tools.dir/val/validate_type.cpp.o
[217/373] Building CXX object source/CMakeFiles/SPIRV-Tools.dir/val/validate_tensor_layout.cpp.o
[218/373] Building CXX object source/CMakeFiles/SPIRV-Tools.dir/val/validate_small_type_uses.cpp.o
[219/373] Building CXX object source/CMakeFiles/SPIRV-Tools.dir/val/validate_scopes.cpp.o
[220/373] Building CXX object source/CMakeFiles/SPIRV-Tools.dir/val/validate_ray_tracing_reorder.cpp.o
[221/373] Building CXX object source/CMakeFiles/SPIRV-Tools.dir/val/validate_ray_tracing.cpp.o
[222/373] Building CXX object source/CMakeFiles/SPIRV-Tools.dir/val/validate_ray_query.cpp.o
[223/373] Building CXX object source/CMakeFiles/SPIRV-Tools.dir/val/validate_primitives.cpp.o
[224/373] Building CXX object source/CMakeFiles/SPIRV-Tools.dir/val/validate_non_uniform.cpp.o
[225/373] Building CXX object source/CMakeFiles/SPIRV-Tools.dir/val/validate_mode_setting.cpp.o
[226/373] Building CXX object source/CMakeFiles/SPIRV-Tools.dir/val/validate_misc.cpp.o
[227/373] Building CXX object source/CMakeFiles/SPIRV-Tools.dir/val/validate_mesh_shading.cpp.o
[228/373] Building CXX object source/CMakeFiles/SPIRV-Tools.dir/val/validate_memory_semantics.cpp.o
[229/373] Building CXX object source/CMakeFiles/SPIRV-Tools.dir/val/validate_memory.cpp.o
[230/373] Building CXX object source/CMakeFiles/SPIRV-Tools.dir/val/validate_logicals.cpp.o
[231/373] Building CXX object source/CMakeFiles/SPIRV-Tools.dir/val/validate_literals.cpp.o
[232/373] Building CXX object source/CMakeFiles/SPIRV-Tools.dir/val/validate_layout.cpp.o
[233/373] Building CXX object source/CMakeFiles/SPIRV-Tools.dir/val/validate_instruction.cpp.o
[234/373] Building CXX object source/CMakeFiles/SPIRV-Tools.dir/val/validate_interfaces.cpp.o
[235/373] Building CXX object source/CMakeFiles/SPIRV-Tools.dir/val/validate_image.cpp.o
[236/373] Building CXX object source/CMakeFiles/SPIRV-Tools.dir/val/validate_id.cpp.o
[237/373] Building CXX object source/CMakeFiles/SPIRV-Tools.dir/val/validate_function.cpp.o
[238/373] Building CXX object source/CMakeFiles/SPIRV-Tools.dir/val/validate_execution_limitations.cpp.o
[239/373] Building CXX object source/CMakeFiles/SPIRV-Tools.dir/val/validate_extensions.cpp.o
[240/373] Building CXX object source/CMakeFiles/SPIRV-Tools.dir/val/validate_derivatives.cpp.o
[241/373] Building CXX object source/CMakeFiles/SPIRV-Tools.dir/val/validate_decorations.cpp.o
[242/373] Building CXX object source/CMakeFiles/SPIRV-Tools.dir/val/validate_debug.cpp.o
[243/373] Building CXX object source/CMakeFiles/SPIRV-Tools.dir/val/validate_conversion.cpp.o
[244/373] Building CXX object source/CMakeFiles/SPIRV-Tools.dir/val/validate_constants.cpp.o
[245/373] Building CXX object source/CMakeFiles/SPIRV-Tools.dir/val/validate_composites.cpp.o
[246/373] Building CXX object source/CMakeFiles/SPIRV-Tools.dir/val/validate_cfg.cpp.o
[247/373] Building CXX object source/CMakeFiles/SPIRV-Tools.dir/val/validate_capability.cpp.o
[248/373] Building CXX object source/CMakeFiles/SPIRV-Tools.dir/val/validate_builtins.cpp.o
[249/373] Building CXX object source/CMakeFiles/SPIRV-Tools.dir/val/validate_bitwise.cpp.o
[250/373] Building CXX object source/CMakeFiles/SPIRV-Tools.dir/val/validate_barriers.cpp.o
[251/373] Building CXX object source/CMakeFiles/SPIRV-Tools.dir/val/validate_atomics.cpp.o
[252/373] Building CXX object source/CMakeFiles/SPIRV-Tools.dir/val/validate_arithmetics.cpp.o
[253/373] Building CXX object source/CMakeFiles/SPIRV-Tools.dir/val/validate_annotation.cpp.o
[254/373] Building CXX object source/CMakeFiles/SPIRV-Tools.dir/val/validate_adjacency.cpp.o
[255/373] Building CXX object source/CMakeFiles/SPIRV-Tools.dir/val/validate.cpp.o
[256/373] Building CXX object source/CMakeFiles/SPIRV-Tools.dir/to_string.cpp.o
[257/373] Building CXX object source/CMakeFiles/SPIRV-Tools.dir/text_handler.cpp.o
[258/373] Building CXX object source/CMakeFiles/SPIRV-Tools.dir/text.cpp.o
[259/373] Building CXX object source/CMakeFiles/SPIRV-Tools.dir/table.cpp.o
[260/373] Building CXX object source/CMakeFiles/SPIRV-Tools.dir/spirv_validator_options.cpp.o
[261/373] Building CXX object source/CMakeFiles/SPIRV-Tools.dir/spirv_target_env.cpp.o
[262/373] Building CXX object source/CMakeFiles/SPIRV-Tools.dir/spirv_reducer_options.cpp.o
[263/373] Building CXX object source/CMakeFiles/SPIRV-Tools.dir/spirv_optimizer_options.cpp.o
[264/373] Building CXX object source/CMakeFiles/SPIRV-Tools.dir/spirv_fuzzer_options.cpp.o
[265/373] Building CXX object source/CMakeFiles/SPIRV-Tools.dir/spirv_endian.cpp.o
[266/373] Building CXX object source/CMakeFiles/SPIRV-Tools.dir/software_version.cpp.o
[267/373] Building CXX object source/CMakeFiles/SPIRV-Tools.dir/print.cpp.o
[268/373] Building CXX object source/CMakeFiles/SPIRV-Tools.dir/parsed_operand.cpp.o
[269/373] Building CXX object source/CMakeFiles/SPIRV-Tools.dir/operand.cpp.o
[270/373] Building CXX object source/CMakeFiles/SPIRV-Tools.dir/opcode.cpp.o
[271/373] Building CXX object source/CMakeFiles/SPIRV-Tools.dir/name_mapper.cpp.o
[272/373] Building CXX object source/CMakeFiles/SPIRV-Tools.dir/libspirv.cpp.o
[273/373] Building CXX object source/CMakeFiles/SPIRV-Tools.dir/extensions.cpp.o
[274/373] Building CXX object source/CMakeFiles/SPIRV-Tools.dir/ext_inst.cpp.o
[275/373] Building CXX object source/CMakeFiles/SPIRV-Tools.dir/enum_string_mapping.cpp.o
[276/373] Building CXX object source/CMakeFiles/SPIRV-Tools.dir/disassemble.cpp.o
[277/373] Building CXX object source/CMakeFiles/SPIRV-Tools.dir/diagnostic.cpp.o
[278/373] Building CXX object source/CMakeFiles/SPIRV-Tools.dir/binary.cpp.o
[279/373] Building CXX object source/CMakeFiles/SPIRV-Tools.dir/assembly_grammar.cpp.o
[280/373] Building CXX object source/CMakeFiles/SPIRV-Tools.dir/util/string_utils.cpp.o
[281/373] Building CXX object source/CMakeFiles/SPIRV-Tools.dir/util/parse_number.cpp.o
[282/373] Building CXX object source/CMakeFiles/SPIRV-Tools.dir/util/bit_vector.cpp.o
[283/373] Building CXX object source/CMakeFiles/SPIRV-Tools-shared.dir/util/timer.cpp.o
[284/373] Building CXX object source/CMakeFiles/SPIRV-Tools-shared.dir/val/validation_state.cpp.o
[285/373] Building CXX object source/CMakeFiles/SPIRV-Tools-shared.dir/val/instruction.cpp.o
[286/373] Building CXX object source/CMakeFiles/SPIRV-Tools-shared.dir/val/function.cpp.o
[287/373] Building CXX object source/CMakeFiles/SPIRV-Tools-shared.dir/val/construct.cpp.o
[288/373] Building CXX object source/CMakeFiles/SPIRV-Tools-shared.dir/val/basic_block.cpp.o
[289/373] Building CXX object source/CMakeFiles/SPIRV-Tools-shared.dir/val/validate_type.cpp.o
[290/373] Building CXX object source/CMakeFiles/SPIRV-Tools-shared.dir/val/validate_tensor_layout.cpp.o
[291/373] Linking CXX shared library source/libSPIRV-Tools.so
[292/373] Building CXX object source/CMakeFiles/SPIRV-Tools-shared.dir/val/validate_small_type_uses.cpp.o
[293/373] Building CXX object source/CMakeFiles/SPIRV-Tools-shared.dir/val/validate_scopes.cpp.o
[294/373] Building CXX object source/CMakeFiles/SPIRV-Tools-shared.dir/val/validate_ray_tracing_reorder.cpp.o
[295/373] Building CXX object source/CMakeFiles/SPIRV-Tools-shared.dir/val/validate_ray_tracing.cpp.o
[296/373] Building CXX object source/CMakeFiles/SPIRV-Tools-shared.dir/val/validate_ray_query.cpp.o
[297/373] Building CXX object source/CMakeFiles/SPIRV-Tools-shared.dir/val/validate_primitives.cpp.o
[298/373] Building CXX object source/CMakeFiles/SPIRV-Tools-shared.dir/val/validate_non_uniform.cpp.o
[299/373] Building CXX object source/CMakeFiles/SPIRV-Tools-shared.dir/val/validate_mode_setting.cpp.o
[300/373] Building CXX object source/CMakeFiles/SPIRV-Tools-shared.dir/val/validate_misc.cpp.o
[301/373] Building CXX object source/CMakeFiles/SPIRV-Tools-shared.dir/val/validate_mesh_shading.cpp.o
[302/373] Building CXX object source/CMakeFiles/SPIRV-Tools-shared.dir/val/validate_memory_semantics.cpp.o
[303/373] Building CXX object source/CMakeFiles/SPIRV-Tools-shared.dir/val/validate_memory.cpp.o
[304/373] Building CXX object source/CMakeFiles/SPIRV-Tools-shared.dir/val/validate_logicals.cpp.o
[305/373] Building CXX object source/CMakeFiles/SPIRV-Tools-shared.dir/val/validate_literals.cpp.o
[306/373] Building CXX object source/CMakeFiles/SPIRV-Tools-shared.dir/val/validate_layout.cpp.o
[307/373] Building CXX object source/CMakeFiles/SPIRV-Tools-shared.dir/val/validate_instruction.cpp.o
[308/373] Building CXX object source/CMakeFiles/SPIRV-Tools-shared.dir/val/validate_interfaces.cpp.o
[309/373] Building CXX object source/CMakeFiles/SPIRV-Tools-shared.dir/val/validate_image.cpp.o
[310/373] Building CXX object source/CMakeFiles/SPIRV-Tools-shared.dir/val/validate_id.cpp.o
[311/373] Linking CXX executable tools/spirv-objdump
[312/373] Linking CXX executable tools/spirv-cfg
[313/373] Linking CXX executable tools/spirv-as
[314/373] Linking CXX executable tools/spirv-val
[315/373] Linking CXX executable tools/spirv-dis
[316/373] Linking CXX shared library source/opt/libSPIRV-Tools-opt.so
[317/373] Building CXX object source/CMakeFiles/SPIRV-Tools-shared.dir/val/validate_function.cpp.o
[318/373] Building CXX object source/CMakeFiles/SPIRV-Tools-shared.dir/val/validate_execution_limitations.cpp.o
[319/373] Building CXX object source/CMakeFiles/SPIRV-Tools-shared.dir/val/validate_extensions.cpp.o
[320/373] Building CXX object source/CMakeFiles/SPIRV-Tools-shared.dir/val/validate_derivatives.cpp.o
[321/373] Building CXX object source/CMakeFiles/SPIRV-Tools-shared.dir/val/validate_decorations.cpp.o
[322/373] Building CXX object source/CMakeFiles/SPIRV-Tools-shared.dir/val/validate_debug.cpp.o
[323/373] Building CXX object source/CMakeFiles/SPIRV-Tools-shared.dir/val/validate_conversion.cpp.o
[324/373] Building CXX object source/CMakeFiles/SPIRV-Tools-shared.dir/val/validate_constants.cpp.o
[325/373] Building CXX object source/CMakeFiles/SPIRV-Tools-shared.dir/val/validate_composites.cpp.o
[326/373] Building CXX object source/CMakeFiles/SPIRV-Tools-shared.dir/val/validate_cfg.cpp.o
[327/373] Building CXX object source/CMakeFiles/SPIRV-Tools-shared.dir/val/validate_capability.cpp.o
[328/373] Building CXX object source/CMakeFiles/SPIRV-Tools-shared.dir/val/validate_builtins.cpp.o
[329/373] Building CXX object source/CMakeFiles/SPIRV-Tools-shared.dir/val/validate_bitwise.cpp.o
[330/373] Building CXX object source/CMakeFiles/SPIRV-Tools-shared.dir/val/validate_barriers.cpp.o
[331/373] Building CXX object source/CMakeFiles/SPIRV-Tools-shared.dir/val/validate_atomics.cpp.o
[332/373] Building CXX object source/CMakeFiles/SPIRV-Tools-shared.dir/val/validate_arithmetics.cpp.o
[333/373] Building CXX object source/CMakeFiles/SPIRV-Tools-shared.dir/val/validate_annotation.cpp.o
[334/373] Building CXX object source/CMakeFiles/SPIRV-Tools-shared.dir/val/validate_adjacency.cpp.o
[335/373] Building CXX object source/CMakeFiles/SPIRV-Tools-shared.dir/val/validate.cpp.o
[336/373] Building CXX object source/CMakeFiles/SPIRV-Tools-shared.dir/to_string.cpp.o
[337/373] Building CXX object source/CMakeFiles/SPIRV-Tools-shared.dir/text_handler.cpp.o
[338/373] Building CXX object source/CMakeFiles/SPIRV-Tools-shared.dir/text.cpp.o
[339/373] Building CXX object source/CMakeFiles/SPIRV-Tools-shared.dir/table.cpp.o
[340/373] Building CXX object source/CMakeFiles/SPIRV-Tools-shared.dir/spirv_validator_options.cpp.o
[341/373] Building CXX object source/CMakeFiles/SPIRV-Tools-shared.dir/spirv_target_env.cpp.o
[342/373] Building CXX object source/CMakeFiles/SPIRV-Tools-shared.dir/spirv_reducer_options.cpp.o
[343/373] Building CXX object source/CMakeFiles/SPIRV-Tools-shared.dir/spirv_optimizer_options.cpp.o
[344/373] Building CXX object source/CMakeFiles/SPIRV-Tools-shared.dir/spirv_fuzzer_options.cpp.o
[345/373] Building CXX object source/CMakeFiles/SPIRV-Tools-shared.dir/spirv_endian.cpp.o
[346/373] Building CXX object source/CMakeFiles/SPIRV-Tools-shared.dir/software_version.cpp.o
[347/373] Building CXX object source/CMakeFiles/SPIRV-Tools-shared.dir/print.cpp.o
[348/373] Building CXX object source/CMakeFiles/SPIRV-Tools-shared.dir/parsed_operand.cpp.o
[349/373] Building CXX object source/CMakeFiles/SPIRV-Tools-shared.dir/operand.cpp.o
[350/373] Building CXX object source/CMakeFiles/SPIRV-Tools-shared.dir/opcode.cpp.o
[351/373] Building CXX object source/CMakeFiles/SPIRV-Tools-shared.dir/name_mapper.cpp.o
[352/373] Building CXX object source/CMakeFiles/SPIRV-Tools-shared.dir/libspirv.cpp.o
[353/373] Building CXX object source/CMakeFiles/SPIRV-Tools-shared.dir/extensions.cpp.o
[354/373] Building CXX object source/CMakeFiles/SPIRV-Tools-shared.dir/ext_inst.cpp.o
[355/373] Building CXX object source/CMakeFiles/SPIRV-Tools-shared.dir/enum_string_mapping.cpp.o
[356/373] Building CXX object source/CMakeFiles/SPIRV-Tools-shared.dir/disassemble.cpp.o
[357/373] Building CXX object source/CMakeFiles/SPIRV-Tools-shared.dir/diagnostic.cpp.o
[358/373] Building CXX object source/CMakeFiles/SPIRV-Tools-shared.dir/binary.cpp.o
[359/373] Building CXX object source/CMakeFiles/SPIRV-Tools-shared.dir/assembly_grammar.cpp.o
[360/373] Building CXX object source/CMakeFiles/SPIRV-Tools-shared.dir/util/string_utils.cpp.o
[361/373] Building CXX object source/CMakeFiles/SPIRV-Tools-shared.dir/util/parse_number.cpp.o
[362/373] Building CXX object source/CMakeFiles/SPIRV-Tools-shared.dir/util/bit_vector.cpp.o
[363/373] Linking CXX executable examples/cpp-interface/spirv-tools-cpp-example
[364/373] Linking CXX executable tools/spirv-opt
[365/373] Linking CXX shared library source/diff/libSPIRV-Tools-diff.so
[366/373] Linking CXX shared library source/lint/libSPIRV-Tools-lint.so
[367/373] Linking CXX shared library source/link/libSPIRV-Tools-link.so
[368/373] Linking CXX shared library source/reduce/libSPIRV-Tools-reduce.so
[369/373] Linking CXX shared library source/libSPIRV-Tools-shared.so
[370/373] Linking CXX executable tools/spirv-lint
[371/373] Linking CXX executable tools/spirv-link
[372/373] Linking CXX executable tools/spirv-diff
[373/373] Linking CXX executable tools/spirv-reduce
Internal ctest changing into directory: /home/packager/aports/main/spirv-tools/src/SPIRV-Tools-vulkan-sdk-1.4.309.0/build
Test project /home/packager/aports/main/spirv-tools/src/SPIRV-Tools-vulkan-sdk-1.4.309.0/build
      Start  1: spirv-tools-copyrights
      Start  2: spirv-tools-symbol-exports-SPIRV-Tools-shared
      Start  3: spirv-tools-symbol-exports-SPIRV-Tools
      Start  4: spirv-tools-symbol-exports-SPIRV-Tools-opt
      Start  5: spirv-tools-symbol-exports-SPIRV-Tools-reduce
      Start  6: spirv-tools-symbol-exports-SPIRV-Tools-link
      Start  7: spirv-tools-symbol-exports-SPIRV-Tools-lint
      Start  8: spirv-tools-symbol-exports-SPIRV-Tools-diff
 1/11 Test  #6: spirv-tools-symbol-exports-SPIRV-Tools-link .....   Passed    0.07 sec
      Start  9: spirv-tools_expect_unittests
 2/11 Test  #5: spirv-tools-symbol-exports-SPIRV-Tools-reduce ...   Passed    0.07 sec
      Start 10: spirv-tools_spirv_test_framework_unittests
 3/11 Test  #7: spirv-tools-symbol-exports-SPIRV-Tools-lint .....   Passed    0.07 sec
      Start 11: spirv_opt_cli_tools_tests
 4/11 Test  #8: spirv-tools-symbol-exports-SPIRV-Tools-diff .....   Passed    0.08 sec
 5/11 Test  #2: spirv-tools-symbol-exports-SPIRV-Tools-shared ...   Passed    0.09 sec
 6/11 Test  #3: spirv-tools-symbol-exports-SPIRV-Tools ..........   Passed    0.09 sec
 7/11 Test  #4: spirv-tools-symbol-exports-SPIRV-Tools-opt ......   Passed    0.12 sec
 8/11 Test  #9: spirv-tools_expect_unittests ....................   Passed    0.10 sec
 9/11 Test #10: spirv-tools_spirv_test_framework_unittests ......   Passed    0.10 sec
10/11 Test #11: spirv_opt_cli_tools_tests .......................   Passed    0.17 sec
11/11 Test  #1: spirv-tools-copyrights ..........................   Passed    0.46 sec

100% tests passed, 0 tests failed out of 11

Total Test time (real) =   0.47 sec
>>> spirv-tools: Entering fakeroot...
-- Install configuration: "MinSizeRel"
-- Installing: /home/packager/aports/main/spirv-tools/pkg/spirv-tools/usr/lib/libSPIRV-Tools-opt.so
-- Set non-toolchain portion of runtime path of "/home/packager/aports/main/spirv-tools/pkg/spirv-tools/usr/lib/libSPIRV-Tools-opt.so" to ""
-- Installing: /home/packager/aports/main/spirv-tools/pkg/spirv-tools/usr/lib/cmake/SPIRV-Tools-opt/SPIRV-Tools-optTargets.cmake
-- Installing: /home/packager/aports/main/spirv-tools/pkg/spirv-tools/usr/lib/cmake/SPIRV-Tools-opt/SPIRV-Tools-optTargets-minsizerel.cmake
-- Installing: /home/packager/aports/main/spirv-tools/pkg/spirv-tools/usr/lib/cmake/SPIRV-Tools-opt/SPIRV-Tools-optConfig.cmake
-- Installing: /home/packager/aports/main/spirv-tools/pkg/spirv-tools/usr/lib/libSPIRV-Tools-reduce.so
-- Set non-toolchain portion of runtime path of "/home/packager/aports/main/spirv-tools/pkg/spirv-tools/usr/lib/libSPIRV-Tools-reduce.so" to ""
-- Installing: /home/packager/aports/main/spirv-tools/pkg/spirv-tools/usr/lib/cmake/SPIRV-Tools-reduce/SPIRV-Tools-reduceTarget.cmake
-- Installing: /home/packager/aports/main/spirv-tools/pkg/spirv-tools/usr/lib/cmake/SPIRV-Tools-reduce/SPIRV-Tools-reduceTarget-minsizerel.cmake
-- Installing: /home/packager/aports/main/spirv-tools/pkg/spirv-tools/usr/lib/cmake/SPIRV-Tools-reduce/SPIRV-Tools-reduceConfig.cmake
-- Installing: /home/packager/aports/main/spirv-tools/pkg/spirv-tools/usr/lib/libSPIRV-Tools-link.so
-- Set non-toolchain portion of runtime path of "/home/packager/aports/main/spirv-tools/pkg/spirv-tools/usr/lib/libSPIRV-Tools-link.so" to ""
-- Installing: /home/packager/aports/main/spirv-tools/pkg/spirv-tools/usr/lib/cmake/SPIRV-Tools-link/SPIRV-Tools-linkTargets.cmake
-- Installing: /home/packager/aports/main/spirv-tools/pkg/spirv-tools/usr/lib/cmake/SPIRV-Tools-link/SPIRV-Tools-linkTargets-minsizerel.cmake
-- Installing: /home/packager/aports/main/spirv-tools/pkg/spirv-tools/usr/lib/cmake/SPIRV-Tools-link/SPIRV-Tools-linkConfig.cmake
-- Installing: /home/packager/aports/main/spirv-tools/pkg/spirv-tools/usr/lib/libSPIRV-Tools-lint.so
-- Set non-toolchain portion of runtime path of "/home/packager/aports/main/spirv-tools/pkg/spirv-tools/usr/lib/libSPIRV-Tools-lint.so" to ""
-- Installing: /home/packager/aports/main/spirv-tools/pkg/spirv-tools/usr/lib/cmake/SPIRV-Tools-lint/SPIRV-Tools-lintTargets.cmake
-- Installing: /home/packager/aports/main/spirv-tools/pkg/spirv-tools/usr/lib/cmake/SPIRV-Tools-lint/SPIRV-Tools-lintTargets-minsizerel.cmake
-- Installing: /home/packager/aports/main/spirv-tools/pkg/spirv-tools/usr/lib/cmake/SPIRV-Tools-lint/SPIRV-Tools-lintConfig.cmake
-- Installing: /home/packager/aports/main/spirv-tools/pkg/spirv-tools/usr/lib/libSPIRV-Tools-diff.so
-- Set non-toolchain portion of runtime path of "/home/packager/aports/main/spirv-tools/pkg/spirv-tools/usr/lib/libSPIRV-Tools-diff.so" to ""
-- Installing: /home/packager/aports/main/spirv-tools/pkg/spirv-tools/usr/lib/cmake/SPIRV-Tools-diff/SPIRV-Tools-diffTargets.cmake
-- Installing: /home/packager/aports/main/spirv-tools/pkg/spirv-tools/usr/lib/cmake/SPIRV-Tools-diff/SPIRV-Tools-diffTargets-minsizerel.cmake
-- Installing: /home/packager/aports/main/spirv-tools/pkg/spirv-tools/usr/lib/cmake/SPIRV-Tools-diff/SPIRV-Tools-diffConfig.cmake
-- Installing: /home/packager/aports/main/spirv-tools/pkg/spirv-tools/usr/lib/libSPIRV-Tools.so
-- Installing: /home/packager/aports/main/spirv-tools/pkg/spirv-tools/usr/lib/libSPIRV-Tools-shared.so
-- Installing: /home/packager/aports/main/spirv-tools/pkg/spirv-tools/usr/lib/cmake/SPIRV-Tools/SPIRV-ToolsTarget.cmake
-- Installing: /home/packager/aports/main/spirv-tools/pkg/spirv-tools/usr/lib/cmake/SPIRV-Tools/SPIRV-ToolsTarget-minsizerel.cmake
-- Installing: /home/packager/aports/main/spirv-tools/pkg/spirv-tools/usr/lib/cmake/SPIRV-Tools/SPIRV-ToolsConfig.cmake
-- Installing: /home/packager/aports/main/spirv-tools/pkg/spirv-tools/usr/bin/spirv-lesspipe.sh
-- Installing: /home/packager/aports/main/spirv-tools/pkg/spirv-tools/usr/bin/spirv-as
-- Set non-toolchain portion of runtime path of "/home/packager/aports/main/spirv-tools/pkg/spirv-tools/usr/bin/spirv-as" to ""
-- Installing: /home/packager/aports/main/spirv-tools/pkg/spirv-tools/usr/bin/spirv-dis
-- Set non-toolchain portion of runtime path of "/home/packager/aports/main/spirv-tools/pkg/spirv-tools/usr/bin/spirv-dis" to ""
-- Installing: /home/packager/aports/main/spirv-tools/pkg/spirv-tools/usr/bin/spirv-val
-- Set non-toolchain portion of runtime path of "/home/packager/aports/main/spirv-tools/pkg/spirv-tools/usr/bin/spirv-val" to ""
-- Installing: /home/packager/aports/main/spirv-tools/pkg/spirv-tools/usr/bin/spirv-opt
-- Set non-toolchain portion of runtime path of "/home/packager/aports/main/spirv-tools/pkg/spirv-tools/usr/bin/spirv-opt" to ""
-- Installing: /home/packager/aports/main/spirv-tools/pkg/spirv-tools/usr/bin/spirv-cfg
-- Set non-toolchain portion of runtime path of "/home/packager/aports/main/spirv-tools/pkg/spirv-tools/usr/bin/spirv-cfg" to ""
-- Installing: /home/packager/aports/main/spirv-tools/pkg/spirv-tools/usr/bin/spirv-link
-- Set non-toolchain portion of runtime path of "/home/packager/aports/main/spirv-tools/pkg/spirv-tools/usr/bin/spirv-link" to ""
-- Installing: /home/packager/aports/main/spirv-tools/pkg/spirv-tools/usr/bin/spirv-lint
-- Set non-toolchain portion of runtime path of "/home/packager/aports/main/spirv-tools/pkg/spirv-tools/usr/bin/spirv-lint" to ""
-- Installing: /home/packager/aports/main/spirv-tools/pkg/spirv-tools/usr/bin/spirv-objdump
-- Set non-toolchain portion of runtime path of "/home/packager/aports/main/spirv-tools/pkg/spirv-tools/usr/bin/spirv-objdump" to ""
-- Installing: /home/packager/aports/main/spirv-tools/pkg/spirv-tools/usr/bin/spirv-reduce
-- Set non-toolchain portion of runtime path of "/home/packager/aports/main/spirv-tools/pkg/spirv-tools/usr/bin/spirv-reduce" to ""
-- Installing: /home/packager/aports/main/spirv-tools/pkg/spirv-tools/usr/lib/cmake/SPIRV-Tools-tools/SPIRV-Tools-toolsTargets.cmake
-- Installing: /home/packager/aports/main/spirv-tools/pkg/spirv-tools/usr/lib/cmake/SPIRV-Tools-tools/SPIRV-Tools-toolsTargets-minsizerel.cmake
-- Installing: /home/packager/aports/main/spirv-tools/pkg/spirv-tools/usr/lib/cmake/SPIRV-Tools-tools/SPIRV-Tools-toolsConfig.cmake
-- Installing: /home/packager/aports/main/spirv-tools/pkg/spirv-tools/usr/include/spirv-tools/libspirv.h
-- Installing: /home/packager/aports/main/spirv-tools/pkg/spirv-tools/usr/include/spirv-tools/libspirv.hpp
-- Installing: /home/packager/aports/main/spirv-tools/pkg/spirv-tools/usr/include/spirv-tools/optimizer.hpp
-- Installing: /home/packager/aports/main/spirv-tools/pkg/spirv-tools/usr/include/spirv-tools/linker.hpp
-- Installing: /home/packager/aports/main/spirv-tools/pkg/spirv-tools/usr/lib/pkgconfig/SPIRV-Tools.pc
-- Installing: /home/packager/aports/main/spirv-tools/pkg/spirv-tools/usr/lib/pkgconfig/SPIRV-Tools-shared.pc
>>> spirv-tools-dev*: Running split function dev...
'usr/include' -> '/home/packager/aports/main/spirv-tools/pkg/spirv-tools-dev/usr/include'
'usr/lib/pkgconfig' -> '/home/packager/aports/main/spirv-tools/pkg/spirv-tools-dev/usr/lib/pkgconfig'
'usr/lib/cmake' -> '/home/packager/aports/main/spirv-tools/pkg/spirv-tools-dev/usr/lib/cmake'
>>> spirv-tools-dev*: Preparing subpackage spirv-tools-dev...
>>> spirv-tools-dev*: Running postcheck for spirv-tools-dev
>>> spirv-tools-dbg*: Running split function dbg...
>>> spirv-tools-dbg*: Preparing subpackage spirv-tools-dbg...
>>> spirv-tools-dbg*: Running postcheck for spirv-tools-dbg
>>> spirv-tools*: Running postcheck for spirv-tools
>>> spirv-tools*: Preparing package spirv-tools...
>>> spirv-tools-dbg*: Scanning shared objects
>>> spirv-tools-dev*: Scanning shared objects
>>> spirv-tools*: Scanning shared objects
>>> spirv-tools-dbg*: Tracing dependencies...
>>> spirv-tools-dbg*: Package size: 25.4 MB
>>> spirv-tools-dbg*: Compressing data...
>>> spirv-tools-dbg*: Create checksum...
pigz: not found
>>> spirv-tools-dbg*: Create spirv-tools-dbg-1.4.309.0-r0.apk
>>> spirv-tools-dev*: Tracing dependencies...
	spirv-headers
	spirv-tools=1.4.309.0-r0
	pkgconfig
>>> spirv-tools-dev*: Package size: 162.0 KB
>>> spirv-tools-dev*: Compressing data...
>>> spirv-tools-dev*: Create checksum...
pigz: not found
>>> spirv-tools-dev*: Create spirv-tools-dev-1.4.309.0-r0.apk
>>> spirv-tools*: Tracing dependencies...
	so:libc.musl-x86_64.so.1
	so:libstdc++.so.6
>>> spirv-tools*: Package size: 4.7 MB
>>> spirv-tools*: Compressing data...
>>> spirv-tools*: Create checksum...
pigz: not found
>>> spirv-tools*: Create spirv-tools-1.4.309.0-r0.apk
>>> spirv-tools: Build complete at Sun, 18 May 2025 06:25:07 +0000 elapsed time 0h 3m 58s
>>> spirv-tools: Cleaning up srcdir
>>> spirv-tools: Cleaning up pkgdir
>>> spirv-tools: Uninstalling dependencies...
(1/18) Purging .makedepends-spirv-tools (20250518.062110)
(2/18) Purging spirv-headers (1.4.309.0-r0)
(3/18) Purging cmake (3.31.7-r0)
(4/18) Purging samurai (1.2-r6)
(5/18) Purging python3-pyc (3.12.10-r0)
(6/18) Purging python3-pycache-pyc0 (3.12.10-r0)
(7/18) Purging pyc (3.12.10-r0)
(8/18) Purging python3 (3.12.10-r0)
(9/18) Purging gdbm (1.24-r0)
(10/18) Purging libarchive (3.7.9-r0)
(11/18) Purging libbz2 (1.0.8-r6)
(12/18) Purging libffi (3.4.7-r0)
(13/18) Purging libuv (1.49.2-r0)
(14/18) Purging lz4-libs (1.10.0-r0)
(15/18) Purging mpdecimal (4.0.0-r0)
(16/18) Purging rhash-libs (1.4.5-r0)
(17/18) Purging sqlite-libs (3.49.2-r0)
(18/18) Purging xz-libs (5.6.3-r1)
Executing busybox-1.37.0-r12.trigger
OK: 260 MiB in 81 packages
>>> spirv-tools: Updating the main/x86_64 repository index...
>>> spirv-tools: Signing the index...
pigz: not found
