>>> perl-html-quoted: Validating /home/packager/oily-pine/main/perl-html-quoted/APKBUILD...
>>> perl-html-quoted: Cleaning up srcdir
>>> perl-html-quoted: Cleaning up pkgdir
>>> perl-html-quoted: Cleaning up tmpdir
>>> perl-html-quoted: Fetching https://cpan.metacpan.org/authors/id/B/BP/BPS/HTML-Quoted-0.05.tar.gz
  % Total    % Received % Xferd  Average Speed   Time    Time     Time  Current
                                 Dload  Upload   Total   Spent    Left  Speed
  0     0    0     0    0     0      0      0 --:--:-- --:--:-- --:--:--     0100 22647  100 22647    0     0  87160      0 --:--:-- --:--:-- --:--:-- 87440
>>> perl-html-quoted: Fetching https://cpan.metacpan.org/authors/id/B/BP/BPS/HTML-Quoted-0.05.tar.gz
>>> perl-html-quoted: Checking sha512sums...
HTML-Quoted-0.05.tar.gz: OK
>>> perl-html-quoted: Preparing build chroot...
fetch http://dl-cdn.alpinelinux.org/alpine/edge/main/x86_64/APKINDEX.tar.gz
(1/87) Installing musl (1.2.5-r10)
(2/87) Installing libcrypto3 (3.5.0-r0)
(3/87) Installing ca-certificates-bundle (20241121-r2)
(4/87) Installing libssl3 (3.5.0-r0)
(5/87) Installing zlib (1.3.1-r2)
(6/87) Installing libapk2 (2.14.9-r2)
(7/87) Installing apk-tools (2.14.9-r2)
(8/87) Installing libcap2 (2.76-r0)
(9/87) Installing libcap-getcap (2.76-r0)
(10/87) Installing fakeroot (1.37.1.1-r0)
(11/87) Installing scanelf (1.3.8-r1)
(12/87) Installing musl-utils (1.2.5-r10)
(13/87) Installing libgcc (14.3.0-r1)
(14/87) Installing libstdc++ (14.3.0-r1)
(15/87) Installing lzip (1.25-r0)
(16/87) Installing openssl (3.5.0-r0)
(17/87) Installing patch (2.8-r0)
(18/87) Installing pkgconf (2.4.3-r0)
(19/87) Installing acl-libs (2.3.2-r1)
(20/87) Installing tar (1.35-r3)
(21/87) Installing busybox (1.37.0-r18)
Executing busybox-1.37.0-r18.post-install
(22/87) Installing ssl_client (1.37.0-r18)
(23/87) Installing busybox-binsh (1.37.0-r18)
(24/87) Installing abuild (3.15.0-r0)
Executing abuild-3.15.0-r0.pre-install
(25/87) Installing abuild-sudo (3.15.0-r0)
(26/87) Installing alpine-baselayout-data (3.7.0-r0)
(27/87) Installing alpine-baselayout (3.7.0-r0)
Executing alpine-baselayout-3.7.0-r0.pre-install
Executing alpine-baselayout-3.7.0-r0.post-install
(28/87) Installing bridge (1.5-r5)
(29/87) Installing ifupdown-ng (0.12.1-r7)
(30/87) Installing openrc-user (0.62.2-r2)
(31/87) Installing openrc (0.62.2-r2)
Executing openrc-0.62.2-r2.post-install
(32/87) Installing mdev-conf (4.8-r0)
(33/87) Installing busybox-mdev-openrc (1.37.0-r18)
(34/87) Installing alpine-conf (3.20.0-r0)
(35/87) Installing alpine-keys (2.5-r0)
(36/87) Installing alpine-release (3.22.0-r0)
(37/87) Installing busybox-openrc (1.37.0-r18)
(38/87) Installing busybox-suid (1.37.0-r18)
(39/87) Installing alpine-base (3.22.0-r0)
(40/87) Installing jansson (2.14.1-r0)
(41/87) Installing zstd-libs (1.5.7-r0)
(42/87) Installing binutils (2.44-r0)
(43/87) Installing libmagic (5.46-r2)
(44/87) Installing file (5.46-r2)
(45/87) Installing libgomp (14.3.0-r1)
(46/87) Installing libatomic (14.3.0-r1)
(47/87) Installing gmp (6.3.0-r3)
(48/87) Installing isl26 (0.26-r1)
(49/87) Installing mpfr4 (4.2.1_p1-r0)
(50/87) Installing mpc1 (1.3.1-r1)
(51/87) Installing gcc (14.3.0-r1)
(52/87) Installing libstdc++-dev (14.3.0-r1)
(53/87) Installing musl-dev (1.2.5-r10)
(54/87) Installing g++ (14.3.0-r1)
(55/87) Installing make (4.4.1-r3)
(56/87) Installing fortify-headers (1.1-r5)
(57/87) Installing build-base (0.5-r3)
(58/87) Installing brotli-libs (1.1.0-r2)
(59/87) Installing c-ares (1.34.5-r0)
(60/87) Installing libunistring (1.3-r0)
(61/87) Installing libidn2 (2.3.7-r0)
(62/87) Installing nghttp2-libs (1.65.0-r0)
(63/87) Installing libpsl (0.21.5-r3)
(64/87) Installing libcurl (8.14.0-r2)
(65/87) Installing libexpat (2.7.1-r0)
(66/87) Installing pcre2 (10.43-r1)
(67/87) Installing git (2.49.0-r0)
(68/87) Installing git-init-template (2.49.0-r0)
(69/87) Installing libbz2 (1.0.8-r6)
(70/87) Installing perl (5.40.2-r0)
(71/87) Installing perl-error (0.17030-r0)
(72/87) Installing perl-git (2.49.0-r0)
(73/87) Installing git-perl (2.49.0-r0)
(74/87) Installing perl-html-tagset (3.24-r0)
(75/87) Installing perl-clone (0.47-r0)
(76/87) Installing perl-http-date (6.06-r0)
(77/87) Installing perl-uri (5.28-r0)
(78/87) Installing perl-io-html (1.004-r1)
(79/87) Installing perl-encode-locale (1.05-r5)
(80/87) Installing perl-lwp-mediatypes (6.04-r3)
(81/87) Installing perl-http-message (7.00-r0)
(82/87) Installing perl-html-parser (3.83-r0)
(83/87) Installing perl-yaml-tiny (1.76-r0)
(84/87) Installing perl-module-build (0.4234-r1)
(85/87) Installing perl-module-scandeps (1.37-r0)
(86/87) Installing perl-file-remove (1.61-r1)
(87/87) Installing perl-module-install (1.21-r1)
Executing busybox-1.37.0-r18.trigger
OK: 298 MiB in 87 packages
>>> perl-html-quoted: Fetching https://cpan.metacpan.org/authors/id/B/BP/BPS/HTML-Quoted-0.05.tar.gz
>>> perl-html-quoted: Checking sha512sums...
HTML-Quoted-0.05.tar.gz: OK
>>> perl-html-quoted: Unpacking /var/cache/distfiles/HTML-Quoted-0.05.tar.gz...
Checking if your kit is complete...
Looks good
Generating a Unix-style Makefile
Writing Makefile for HTML::Quoted
Writing MYMETA.yml and MYMETA.json
cp lib/HTML/Quoted.pm blib/lib/HTML/Quoted.pm
Manifying 1 pod document
PERL_DL_NONLAZY=1 "/usr/bin/perl" "-MExtUtils::Command::MM" "-MTest::Harness" "-e" "undef *Test::Harness::Switches; test_harness(0, 'inc', 'blib/lib', 'blib/arch')" t/*.t
t/blockquote.t .. ok
t/blocks.t ...... ok
t/lines.t ....... ok
All tests successful.
Files=3, Tests=26,  0 wallclock secs ( 0.01 usr  0.00 sys +  0.08 cusr  0.03 csys =  0.12 CPU)
Result: PASS
>>> perl-html-quoted: Entering fakeroot...
Manifying 1 pod document
Appending installation info to /tmp/pkg/perl-html-quoted/usr/lib/perl5/core_perl/perllocal.pod
Installing /tmp/pkg/perl-html-quoted/usr/share/perl5/vendor_perl/HTML/Quoted.pm
Installing /tmp/pkg/perl-html-quoted/usr/share/man/man3/HTML::Quoted.3pm
>>> perl-html-quoted-doc*: Running split function doc...
'usr/share/man' -> '/tmp/pkg/perl-html-quoted-doc/usr/share/man'
>>> perl-html-quoted-doc*: Preparing subpackage perl-html-quoted-doc...
>>> perl-html-quoted-doc*: Running postcheck for perl-html-quoted-doc
>>> perl-html-quoted*: Running postcheck for perl-html-quoted
>>> perl-html-quoted*: Preparing package perl-html-quoted...
>>> perl-html-quoted-doc*: Tracing dependencies...
>>> perl-html-quoted-doc*: Package size: 1.7 KB
>>> perl-html-quoted-doc*: Compressing data...
>>> perl-html-quoted-doc*: Create checksum...
>>> perl-html-quoted-doc*: Create perl-html-quoted-doc-0.05-r1.apk
>>> perl-html-quoted*: Tracing dependencies...
	perl
	perl-html-parser
>>> perl-html-quoted*: Package size: 8.3 KB
>>> perl-html-quoted*: Compressing data...
>>> perl-html-quoted*: Create checksum...
>>> perl-html-quoted*: Create perl-html-quoted-0.05-r1.apk
>>> perl-html-quoted: Updating the main/x86_64 repository index...
>>> perl-html-quoted: Signing the index...
>>> perl-html-quoted: Cleaning up srcdir
>>> perl-html-quoted: Cleaning up build chroot
>>> perl-html-quoted: Cleaning up pkgdir
