>>> perl-convert-color: Validating /home/packager/oily-pine/main/perl-convert-color/APKBUILD...
>>> perl-convert-color: Cleaning up srcdir
>>> perl-convert-color: Cleaning up pkgdir
>>> perl-convert-color: Cleaning up tmpdir
>>> perl-convert-color: Fetching https://cpan.metacpan.org/authors/id/P/PE/PEVANS/Convert-Color-0.18.tar.gz
  % Total    % Received % Xferd  Average Speed   Time    Time     Time  Current
                                 Dload  Upload   Total   Spent    Left  Speed
  0     0    0     0    0     0      0      0 --:--:-- --:--:-- --:--:--     0100 36546  100 36546    0     0   143k      0 --:--:-- --:--:-- --:--:--  143k
>>> perl-convert-color: Fetching https://cpan.metacpan.org/authors/id/P/PE/PEVANS/Convert-Color-0.18.tar.gz
>>> perl-convert-color: Checking sha512sums...
Convert-Color-0.18.tar.gz: OK
>>> perl-convert-color: Preparing build chroot...
fetch http://dl-cdn.alpinelinux.org/alpine/edge/main/x86_64/APKINDEX.tar.gz
(1/78) Installing musl (1.2.5-r10)
(2/78) Installing libcrypto3 (3.5.0-r0)
(3/78) Installing ca-certificates-bundle (20241121-r2)
(4/78) Installing libssl3 (3.5.0-r0)
(5/78) Installing zlib (1.3.1-r2)
(6/78) Installing libapk2 (2.14.9-r2)
(7/78) Installing apk-tools (2.14.9-r2)
(8/78) Installing libcap2 (2.76-r0)
(9/78) Installing libcap-getcap (2.76-r0)
(10/78) Installing fakeroot (1.37.1.1-r0)
(11/78) Installing scanelf (1.3.8-r1)
(12/78) Installing musl-utils (1.2.5-r10)
(13/78) Installing libgcc (14.3.0-r1)
(14/78) Installing libstdc++ (14.3.0-r1)
(15/78) Installing lzip (1.25-r0)
(16/78) Installing openssl (3.5.0-r0)
(17/78) Installing patch (2.8-r0)
(18/78) Installing pkgconf (2.4.3-r0)
(19/78) Installing acl-libs (2.3.2-r1)
(20/78) Installing tar (1.35-r3)
(21/78) Installing busybox (1.37.0-r18)
Executing busybox-1.37.0-r18.post-install
(22/78) Installing ssl_client (1.37.0-r18)
(23/78) Installing busybox-binsh (1.37.0-r18)
(24/78) Installing abuild (3.15.0-r0)
Executing abuild-3.15.0-r0.pre-install
(25/78) Installing abuild-sudo (3.15.0-r0)
(26/78) Installing alpine-baselayout-data (3.7.0-r0)
(27/78) Installing alpine-baselayout (3.7.0-r0)
Executing alpine-baselayout-3.7.0-r0.pre-install
Executing alpine-baselayout-3.7.0-r0.post-install
(28/78) Installing bridge (1.5-r5)
(29/78) Installing ifupdown-ng (0.12.1-r7)
(30/78) Installing openrc-user (0.62.2-r2)
(31/78) Installing openrc (0.62.2-r2)
Executing openrc-0.62.2-r2.post-install
(32/78) Installing mdev-conf (4.8-r0)
(33/78) Installing busybox-mdev-openrc (1.37.0-r18)
(34/78) Installing alpine-conf (3.20.0-r0)
(35/78) Installing alpine-keys (2.5-r0)
(36/78) Installing alpine-release (3.22.0-r0)
(37/78) Installing busybox-openrc (1.37.0-r18)
(38/78) Installing busybox-suid (1.37.0-r18)
(39/78) Installing alpine-base (3.22.0-r0)
(40/78) Installing jansson (2.14.1-r0)
(41/78) Installing zstd-libs (1.5.7-r0)
(42/78) Installing binutils (2.44-r0)
(43/78) Installing libmagic (5.46-r2)
(44/78) Installing file (5.46-r2)
(45/78) Installing libgomp (14.3.0-r1)
(46/78) Installing libatomic (14.3.0-r1)
(47/78) Installing gmp (6.3.0-r3)
(48/78) Installing isl26 (0.26-r1)
(49/78) Installing mpfr4 (4.2.1_p1-r0)
(50/78) Installing mpc1 (1.3.1-r1)
(51/78) Installing gcc (14.3.0-r1)
(52/78) Installing libstdc++-dev (14.3.0-r1)
(53/78) Installing musl-dev (1.2.5-r10)
(54/78) Installing g++ (14.3.0-r1)
(55/78) Installing make (4.4.1-r3)
(56/78) Installing fortify-headers (1.1-r5)
(57/78) Installing build-base (0.5-r3)
(58/78) Installing brotli-libs (1.1.0-r2)
(59/78) Installing c-ares (1.34.5-r0)
(60/78) Installing libunistring (1.3-r0)
(61/78) Installing libidn2 (2.3.7-r0)
(62/78) Installing nghttp2-libs (1.65.0-r0)
(63/78) Installing libpsl (0.21.5-r3)
(64/78) Installing libcurl (8.14.0-r2)
(65/78) Installing libexpat (2.7.1-r0)
(66/78) Installing pcre2 (10.43-r1)
(67/78) Installing git (2.49.0-r0)
(68/78) Installing git-init-template (2.49.0-r0)
(69/78) Installing libbz2 (1.0.8-r6)
(70/78) Installing perl (5.40.2-r0)
(71/78) Installing perl-error (0.17030-r0)
(72/78) Installing perl-git (2.49.0-r0)
(73/78) Installing git-perl (2.49.0-r0)
(74/78) Installing perl-list-utilsby (0.12-r2)
(75/78) Installing perl-meta (0.013-r0)
(76/78) Installing perl-module-build (0.4234-r1)
(77/78) Installing perl-module-pluggable (6.3-r0)
(78/78) Installing rgb (1.1.0-r5)
Executing busybox-1.37.0-r18.trigger
OK: 297 MiB in 78 packages
>>> perl-convert-color: Fetching https://cpan.metacpan.org/authors/id/P/PE/PEVANS/Convert-Color-0.18.tar.gz
>>> perl-convert-color: Checking sha512sums...
Convert-Color-0.18.tar.gz: OK
>>> perl-convert-color: Unpacking /var/cache/distfiles/Convert-Color-0.18.tar.gz...
Created MYMETA.yml and MYMETA.json
Creating new 'Build' script for 'Convert-Color' version '0.18'
Building Convert-Color
t/00use.t ........... ok
t/01rgb.t ........... ok
t/02hsv.t ........... ok
t/03hsl.t ........... ok
t/04cmy.t ........... ok
t/05cmyk.t .......... ok
t/11convert-rgb.t ... ok
t/12convert-hsv.t ... ok
t/13convert-hsl.t ... ok
t/14convert-cmy.t ... ok
t/15convert-cmyk.t .. ok
t/20magic-const.t ... ok
t/21rgb-blend.t ..... ok
t/22rgb-dst.t ....... ok
t/23hsv-dst.t ....... ok
t/24hsl-dst.t ....... ok
t/30vga.t ........... ok
t/31x11.t ........... ok
t/99pod.t ........... skipped: Test::Pod 1.00 required for testing POD
All tests successful.
Files=19, Tests=427,  1 wallclock secs ( 0.04 usr  0.00 sys +  1.08 cusr  0.19 csys =  1.31 CPU)
Result: PASS
>>> perl-convert-color: Entering fakeroot...
Building Convert-Color
Installing /tmp/pkg/perl-convert-color/usr/share/perl5/vendor_perl/Convert/Color.pm
Installing /tmp/pkg/perl-convert-color/usr/share/perl5/vendor_perl/Convert/Color/HSV.pm
Installing /tmp/pkg/perl-convert-color/usr/share/perl5/vendor_perl/Convert/Color/CMYK.pm
Installing /tmp/pkg/perl-convert-color/usr/share/perl5/vendor_perl/Convert/Color/RGB16.pm
Installing /tmp/pkg/perl-convert-color/usr/share/perl5/vendor_perl/Convert/Color/RGB.pm
Installing /tmp/pkg/perl-convert-color/usr/share/perl5/vendor_perl/Convert/Color/HSL.pm
Installing /tmp/pkg/perl-convert-color/usr/share/perl5/vendor_perl/Convert/Color/X11.pm
Installing /tmp/pkg/perl-convert-color/usr/share/perl5/vendor_perl/Convert/Color/CMY.pm
Installing /tmp/pkg/perl-convert-color/usr/share/perl5/vendor_perl/Convert/Color/RGB8.pm
Installing /tmp/pkg/perl-convert-color/usr/share/perl5/vendor_perl/Convert/Color/HueChromaBased.pm
Installing /tmp/pkg/perl-convert-color/usr/share/perl5/vendor_perl/Convert/Color/VGA.pm
Installing /tmp/pkg/perl-convert-color/usr/share/man/man3/Convert::Color.3pm
Installing /tmp/pkg/perl-convert-color/usr/share/man/man3/Convert::Color::CMY.3pm
Installing /tmp/pkg/perl-convert-color/usr/share/man/man3/Convert::Color::RGB16.3pm
Installing /tmp/pkg/perl-convert-color/usr/share/man/man3/Convert::Color::RGB8.3pm
Installing /tmp/pkg/perl-convert-color/usr/share/man/man3/Convert::Color::X11.3pm
Installing /tmp/pkg/perl-convert-color/usr/share/man/man3/Convert::Color::RGB.3pm
Installing /tmp/pkg/perl-convert-color/usr/share/man/man3/Convert::Color::HSL.3pm
Installing /tmp/pkg/perl-convert-color/usr/share/man/man3/Convert::Color::VGA.3pm
Installing /tmp/pkg/perl-convert-color/usr/share/man/man3/Convert::Color::HSV.3pm
Installing /tmp/pkg/perl-convert-color/usr/share/man/man3/Convert::Color::CMYK.3pm
>>> perl-convert-color-doc*: Running split function doc...
'usr/share/man' -> '/tmp/pkg/perl-convert-color-doc/usr/share/man'
>>> perl-convert-color-doc*: Preparing subpackage perl-convert-color-doc...
>>> perl-convert-color-doc*: Running postcheck for perl-convert-color-doc
>>> perl-convert-color*: Running postcheck for perl-convert-color
>>> perl-convert-color*: Preparing package perl-convert-color...
>>> perl-convert-color-doc*: Tracing dependencies...
>>> perl-convert-color-doc*: Package size: 20.4 KB
>>> perl-convert-color-doc*: Compressing data...
>>> perl-convert-color-doc*: Create checksum...
>>> perl-convert-color-doc*: Create perl-convert-color-doc-0.18-r0.apk
>>> perl-convert-color*: Tracing dependencies...
	perl
	perl-list-utilsby
	perl-meta
	perl-module-pluggable
>>> perl-convert-color*: Package size: 56.1 KB
>>> perl-convert-color*: Compressing data...
>>> perl-convert-color*: Create checksum...
>>> perl-convert-color*: Create perl-convert-color-0.18-r0.apk
>>> perl-convert-color: Updating the main/x86_64 repository index...
>>> perl-convert-color: Signing the index...
>>> perl-convert-color: Cleaning up srcdir
>>> perl-convert-color: Cleaning up build chroot
>>> perl-convert-color: Cleaning up pkgdir
