>>> perl-text-autoformat: Validating /home/packager/oily-pine/main/perl-text-autoformat/APKBUILD...
>>> perl-text-autoformat: Cleaning up srcdir
>>> perl-text-autoformat: Cleaning up pkgdir
>>> perl-text-autoformat: Cleaning up tmpdir
>>> perl-text-autoformat: Fetching https://cpan.metacpan.org/authors/id/N/NE/NEILB/Text-Autoformat-1.75.tar.gz
  % Total    % Received % Xferd  Average Speed   Time    Time     Time  Current
                                 Dload  Upload   Total   Spent    Left  Speed
  0     0    0     0    0     0      0      0 --:--:-- --:--:-- --:--:--     0  0     0    0     0    0     0      0      0 --:--:-- --:--:-- --:--:--     0100 29621  100 29621    0     0    99k      0 --:--:-- --:--:-- --:--:--   99k
>>> perl-text-autoformat: Fetching https://cpan.metacpan.org/authors/id/N/NE/NEILB/Text-Autoformat-1.75.tar.gz
>>> perl-text-autoformat: Checking sha512sums...
Text-Autoformat-1.75.tar.gz: OK
>>> perl-text-autoformat: Preparing build chroot...
fetch http://dl-cdn.alpinelinux.org/alpine/edge/main/x86_64/APKINDEX.tar.gz
(1/74) Installing musl (1.2.5-r10)
(2/74) Installing libcrypto3 (3.5.0-r0)
(3/74) Installing ca-certificates-bundle (20241121-r2)
(4/74) Installing libssl3 (3.5.0-r0)
(5/74) Installing zlib (1.3.1-r2)
(6/74) Installing libapk2 (2.14.9-r2)
(7/74) Installing apk-tools (2.14.9-r2)
(8/74) Installing libcap2 (2.76-r0)
(9/74) Installing libcap-getcap (2.76-r0)
(10/74) Installing fakeroot (1.37.1.1-r0)
(11/74) Installing scanelf (1.3.8-r1)
(12/74) Installing musl-utils (1.2.5-r10)
(13/74) Installing libgcc (14.3.0-r0)
(14/74) Installing libstdc++ (14.3.0-r0)
(15/74) Installing lzip (1.25-r0)
(16/74) Installing openssl (3.5.0-r0)
(17/74) Installing patch (2.8-r0)
(18/74) Installing pkgconf (2.4.3-r0)
(19/74) Installing acl-libs (2.3.2-r1)
(20/74) Installing tar (1.35-r3)
(21/74) Installing busybox (1.37.0-r18)
Executing busybox-1.37.0-r18.post-install
(22/74) Installing ssl_client (1.37.0-r18)
(23/74) Installing busybox-binsh (1.37.0-r18)
(24/74) Installing abuild (3.15.0-r0)
Executing abuild-3.15.0-r0.pre-install
(25/74) Installing abuild-sudo (3.15.0-r0)
(26/74) Installing alpine-baselayout-data (3.7.0-r0)
(27/74) Installing alpine-baselayout (3.7.0-r0)
Executing alpine-baselayout-3.7.0-r0.pre-install
Executing alpine-baselayout-3.7.0-r0.post-install
(28/74) Installing bridge (1.5-r5)
(29/74) Installing ifupdown-ng (0.12.1-r7)
(30/74) Installing openrc-user (0.62.2-r2)
(31/74) Installing openrc (0.62.2-r2)
Executing openrc-0.62.2-r2.post-install
(32/74) Installing mdev-conf (4.8-r0)
(33/74) Installing busybox-mdev-openrc (1.37.0-r18)
(34/74) Installing alpine-conf (3.20.0-r0)
(35/74) Installing alpine-keys (2.5-r0)
(36/74) Installing alpine-release (3.22.0-r0)
(37/74) Installing busybox-openrc (1.37.0-r18)
(38/74) Installing busybox-suid (1.37.0-r18)
(39/74) Installing alpine-base (3.22.0-r0)
(40/74) Installing jansson (2.14.1-r0)
(41/74) Installing zstd-libs (1.5.7-r0)
(42/74) Installing binutils (2.44-r0)
(43/74) Installing libmagic (5.46-r2)
(44/74) Installing file (5.46-r2)
(45/74) Installing libgomp (14.3.0-r0)
(46/74) Installing libatomic (14.3.0-r0)
(47/74) Installing gmp (6.3.0-r3)
(48/74) Installing isl26 (0.26-r1)
(49/74) Installing mpfr4 (4.2.1_p1-r0)
(50/74) Installing mpc1 (1.3.1-r1)
(51/74) Installing gcc (14.3.0-r0)
(52/74) Installing libstdc++-dev (14.3.0-r0)
(53/74) Installing musl-dev (1.2.5-r10)
(54/74) Installing g++ (14.3.0-r0)
(55/74) Installing make (4.4.1-r3)
(56/74) Installing fortify-headers (1.1-r5)
(57/74) Installing build-base (0.5-r3)
(58/74) Installing brotli-libs (1.1.0-r2)
(59/74) Installing c-ares (1.34.5-r0)
(60/74) Installing libunistring (1.3-r0)
(61/74) Installing libidn2 (2.3.7-r0)
(62/74) Installing nghttp2-libs (1.65.0-r0)
(63/74) Installing libpsl (0.21.5-r3)
(64/74) Installing libcurl (8.14.0-r2)
(65/74) Installing libexpat (2.7.1-r0)
(66/74) Installing pcre2 (10.43-r1)
(67/74) Installing git (2.49.0-r0)
(68/74) Installing git-init-template (2.49.0-r0)
(69/74) Installing libbz2 (1.0.8-r6)
(70/74) Installing perl (5.40.2-r0)
(71/74) Installing perl-error (0.17030-r0)
(72/74) Installing perl-git (2.49.0-r0)
(73/74) Installing git-perl (2.49.0-r0)
(74/74) Installing perl-text-reform (1.20-r4)
Executing busybox-1.37.0-r18.trigger
OK: 296 MiB in 74 packages
>>> perl-text-autoformat: Fetching https://cpan.metacpan.org/authors/id/N/NE/NEILB/Text-Autoformat-1.75.tar.gz
>>> perl-text-autoformat: Checking sha512sums...
Text-Autoformat-1.75.tar.gz: OK
>>> perl-text-autoformat: Unpacking /var/cache/distfiles/Text-Autoformat-1.75.tar.gz...
Checking if your kit is complete...
Looks good
Generating a Unix-style Makefile
Writing Makefile for Text::Autoformat
Writing MYMETA.yml and MYMETA.json
cp lib/Text/Autoformat/Hang.pm blib/lib/Text/Autoformat/Hang.pm
cp lib/Text/Autoformat.pm blib/lib/Text/Autoformat.pm
cp lib/Text/Autoformat/NullHang.pm blib/lib/Text/Autoformat/NullHang.pm
Manifying 1 pod document
PERL_DL_NONLAZY=1 "/usr/bin/perl" "-MExtUtils::Command::MM" "-MTest::Harness" "-e" "undef *Test::Harness::Switches; test_harness(0, 'blib/lib', 'blib/arch')" t/*.t
# Testing Text::Autoformat 1.75
t/00.load.t .......... ok
t/01.ignore.t ........ ok
t/02.empty-string.t .. ok
t/02.wide-numbers.t .. ok
t/03.zero-number.t ... ok
All tests successful.
Files=5, Tests=7,  0 wallclock secs ( 0.02 usr  0.00 sys +  0.17 cusr  0.04 csys =  0.23 CPU)
Result: PASS
>>> perl-text-autoformat: Entering fakeroot...
Manifying 1 pod document
Appending installation info to /tmp/pkg/perl-text-autoformat/usr/lib/perl5/core_perl/perllocal.pod
Installing /tmp/pkg/perl-text-autoformat/usr/share/perl5/vendor_perl/Text/Autoformat.pm
Installing /tmp/pkg/perl-text-autoformat/usr/share/perl5/vendor_perl/Text/Autoformat/Hang.pm
Installing /tmp/pkg/perl-text-autoformat/usr/share/perl5/vendor_perl/Text/Autoformat/NullHang.pm
Installing /tmp/pkg/perl-text-autoformat/usr/share/man/man3/Text::Autoformat.3pm
>>> perl-text-autoformat-doc*: Running split function doc...
'usr/share/man' -> '/tmp/pkg/perl-text-autoformat-doc/usr/share/man'
>>> perl-text-autoformat-doc*: Preparing subpackage perl-text-autoformat-doc...
>>> perl-text-autoformat-doc*: Running postcheck for perl-text-autoformat-doc
>>> perl-text-autoformat*: Running postcheck for perl-text-autoformat
>>> perl-text-autoformat*: Preparing package perl-text-autoformat...
>>> perl-text-autoformat-doc*: Tracing dependencies...
>>> perl-text-autoformat-doc*: Package size: 9.7 KB
>>> perl-text-autoformat-doc*: Compressing data...
>>> perl-text-autoformat-doc*: Create checksum...
>>> perl-text-autoformat-doc*: Create perl-text-autoformat-doc-1.75-r2.apk
>>> perl-text-autoformat*: Tracing dependencies...
	perl
	perl-text-reform
>>> perl-text-autoformat*: Package size: 51.4 KB
>>> perl-text-autoformat*: Compressing data...
>>> perl-text-autoformat*: Create checksum...
>>> perl-text-autoformat*: Create perl-text-autoformat-1.75-r2.apk
>>> perl-text-autoformat: Updating the main/x86_64 repository index...
>>> perl-text-autoformat: Signing the index...
>>> perl-text-autoformat: Cleaning up srcdir
>>> perl-text-autoformat: Cleaning up build chroot
>>> perl-text-autoformat: Cleaning up pkgdir
