>>> perl-package-stash-xs: Validating /home/packager/oily-pine/main/perl-package-stash-xs/APKBUILD...
>>> perl-package-stash-xs: Cleaning up srcdir
>>> perl-package-stash-xs: Cleaning up pkgdir
>>> perl-package-stash-xs: Cleaning up tmpdir
>>> perl-package-stash-xs: Fetching https://cpan.metacpan.org/authors/id/E/ET/ETHER/Package-Stash-XS-0.30.tar.gz
  % Total    % Received % Xferd  Average Speed   Time    Time     Time  Current
                                 Dload  Upload   Total   Spent    Left  Speed
  0     0    0     0    0     0      0      0 --:--:-- --:--:-- --:--:--     0100  164k  100  164k    0     0   808k      0 --:--:-- --:--:-- --:--:--  810k
>>> perl-package-stash-xs: Fetching https://cpan.metacpan.org/authors/id/E/ET/ETHER/Package-Stash-XS-0.30.tar.gz
>>> perl-package-stash-xs: Checking sha512sums...
Package-Stash-XS-0.30.tar.gz: OK
>>> perl-package-stash-xs: Preparing build chroot...
fetch http://dl-cdn.alpinelinux.org/alpine/edge/main/x86_64/APKINDEX.tar.gz
(1/78) Installing musl (1.2.5-r10)
(2/78) Installing libcrypto3 (3.5.0-r0)
(3/78) Installing ca-certificates-bundle (20241121-r2)
(4/78) Installing libssl3 (3.5.0-r0)
(5/78) Installing zlib (1.3.1-r2)
(6/78) Installing libapk2 (2.14.9-r2)
(7/78) Installing apk-tools (2.14.9-r2)
(8/78) Installing libcap2 (2.76-r0)
(9/78) Installing libcap-getcap (2.76-r0)
(10/78) Installing fakeroot (1.37.1.1-r0)
(11/78) Installing scanelf (1.3.8-r1)
(12/78) Installing musl-utils (1.2.5-r10)
(13/78) Installing libgcc (14.3.0-r1)
(14/78) Installing libstdc++ (14.3.0-r1)
(15/78) Installing lzip (1.25-r0)
(16/78) Installing openssl (3.5.0-r0)
(17/78) Installing patch (2.8-r0)
(18/78) Installing pkgconf (2.4.3-r0)
(19/78) Installing acl-libs (2.3.2-r1)
(20/78) Installing tar (1.35-r3)
(21/78) Installing busybox (1.37.0-r18)
Executing busybox-1.37.0-r18.post-install
(22/78) Installing ssl_client (1.37.0-r18)
(23/78) Installing busybox-binsh (1.37.0-r18)
(24/78) Installing abuild (3.15.0-r0)
Executing abuild-3.15.0-r0.pre-install
(25/78) Installing abuild-sudo (3.15.0-r0)
(26/78) Installing alpine-baselayout-data (3.7.0-r0)
(27/78) Installing alpine-baselayout (3.7.0-r0)
Executing alpine-baselayout-3.7.0-r0.pre-install
Executing alpine-baselayout-3.7.0-r0.post-install
(28/78) Installing bridge (1.5-r5)
(29/78) Installing ifupdown-ng (0.12.1-r7)
(30/78) Installing openrc-user (0.62.2-r2)
(31/78) Installing openrc (0.62.2-r2)
Executing openrc-0.62.2-r2.post-install
(32/78) Installing mdev-conf (4.8-r0)
(33/78) Installing busybox-mdev-openrc (1.37.0-r18)
(34/78) Installing alpine-conf (3.20.0-r0)
(35/78) Installing alpine-keys (2.5-r0)
(36/78) Installing alpine-release (3.22.0-r0)
(37/78) Installing busybox-openrc (1.37.0-r18)
(38/78) Installing busybox-suid (1.37.0-r18)
(39/78) Installing alpine-base (3.22.0-r0)
(40/78) Installing jansson (2.14.1-r0)
(41/78) Installing zstd-libs (1.5.7-r0)
(42/78) Installing binutils (2.44-r0)
(43/78) Installing libmagic (5.46-r2)
(44/78) Installing file (5.46-r2)
(45/78) Installing libgomp (14.3.0-r1)
(46/78) Installing libatomic (14.3.0-r1)
(47/78) Installing gmp (6.3.0-r3)
(48/78) Installing isl26 (0.26-r1)
(49/78) Installing mpfr4 (4.2.1_p1-r0)
(50/78) Installing mpc1 (1.3.1-r1)
(51/78) Installing gcc (14.3.0-r1)
(52/78) Installing libstdc++-dev (14.3.0-r1)
(53/78) Installing musl-dev (1.2.5-r10)
(54/78) Installing g++ (14.3.0-r1)
(55/78) Installing make (4.4.1-r3)
(56/78) Installing fortify-headers (1.1-r5)
(57/78) Installing build-base (0.5-r3)
(58/78) Installing brotli-libs (1.1.0-r2)
(59/78) Installing c-ares (1.34.5-r0)
(60/78) Installing libunistring (1.3-r0)
(61/78) Installing libidn2 (2.3.7-r0)
(62/78) Installing nghttp2-libs (1.65.0-r0)
(63/78) Installing libpsl (0.21.5-r3)
(64/78) Installing libcurl (8.14.0-r2)
(65/78) Installing libexpat (2.7.1-r0)
(66/78) Installing pcre2 (10.43-r1)
(67/78) Installing git (2.49.0-r0)
(68/78) Installing git-init-template (2.49.0-r0)
(69/78) Installing libbz2 (1.0.8-r6)
(70/78) Installing perl (5.40.2-r0)
(71/78) Installing perl-error (0.17030-r0)
(72/78) Installing perl-git (2.49.0-r0)
(73/78) Installing git-perl (2.49.0-r0)
(74/78) Installing perl-utils (5.40.2-r0)
(75/78) Installing perl-dev (5.40.2-r0)
(76/78) Installing perl-try-tiny (0.32-r0)
(77/78) Installing perl-test-fatal (0.017-r1)
(78/78) Installing perl-test-needs (0.002010-r1)
Executing busybox-1.37.0-r18.trigger
OK: 305 MiB in 78 packages
>>> perl-package-stash-xs: Fetching https://cpan.metacpan.org/authors/id/E/ET/ETHER/Package-Stash-XS-0.30.tar.gz
>>> perl-package-stash-xs: Checking sha512sums...
Package-Stash-XS-0.30.tar.gz: OK
>>> perl-package-stash-xs: Unpacking /var/cache/distfiles/Package-Stash-XS-0.30.tar.gz...
Checking if your kit is complete...
Looks good
Generating a Unix-style Makefile
Writing Makefile for Package::Stash::XS
Writing MYMETA.yml and MYMETA.json
Running Mkbootstrap for XS ()
"/usr/bin/perl" "/usr/share/perl5/core_perl/ExtUtils/xsubpp"  -typemap '/usr/share/perl5/core_perl/ExtUtils/typemap' -typemap '/tmp/src/Package-Stash-XS-0.30/typemap'  XS.xs > XS.xsc
chmod 644 "XS.bs"
"/usr/bin/perl" -MExtUtils::Command::MM -e 'cp_nonempty' -- XS.bs blib/arch/auto/Package/Stash/XS/XS.bs 644
cp lib/Package/Stash/XS.pm blib/lib/Package/Stash/XS.pm
mv XS.xsc XS.c
cc -c   -D_REENTRANT -D_GNU_SOURCE -D_GNU_SOURCE -fwrapv -fno-strict-aliasing -pipe -fstack-protector-strong -D_LARGEFILE_SOURCE -D_FILE_OFFSET_BITS=64 -Os -fstack-clash-protection -Wformat -Werror=format-security -fno-plt -O2   -DVERSION=\"0.30\" -DXS_VERSION=\"0.30\" -fPIC "-I/usr/lib/perl5/core_perl/CORE"   XS.c
rm -f blib/arch/auto/Package/Stash/XS/XS.so
cc  -shared -Os -fstack-clash-protection -Wformat -Werror=format-security -fno-plt -O2 -L/usr/local/lib -fstack-protector-strong  XS.o  -o blib/arch/auto/Package/Stash/XS/XS.so  \
      \
  
chmod 755 blib/arch/auto/Package/Stash/XS/XS.so
Manifying 1 pod document
"/usr/bin/perl" -MExtUtils::Command::MM -e 'cp_nonempty' -- XS.bs blib/arch/auto/Package/Stash/XS/XS.bs 644
PERL_DL_NONLAZY=1 "/usr/bin/perl" "-MExtUtils::Command::MM" "-MTest::Harness" "-e" "undef *Test::Harness::Switches; test_harness(0, 'blib/lib', 'blib/arch')" t/*.t
# 
# Versions for all modules listed in MYMETA.json (including optional ones):
# 
# === Configure Requires ===
# 
#     Module              Want Have
#     ------------------- ---- ----
#     ExtUtils::MakeMaker  any 7.70
# 
# === Build Requires ===
# 
#     Module              Want Have
#     ------------------- ---- ----
#     ExtUtils::MakeMaker  any 7.70
# 
# === Test Requires ===
# 
#     Module              Want     Have
#     ------------------- ---- --------
#     B                    any     1.89
#     ExtUtils::MakeMaker  any     7.70
#     File::Spec           any     3.91
#     Scalar::Util         any     1.63
#     Symbol               any     1.09
#     Test::Fatal          any    0.017
#     Test::More          0.88 1.302199
#     Test::Needs          any 0.002010
#     base                 any     2.27
#     constant             any     1.33
#     lib                  any     0.65
# 
# === Test Recommends ===
# 
#     Module         Want     Have
#     ---------- -------- --------
#     CPAN::Meta 2.120900 2.150010
# 
# === Test Suggests ===
# 
#     Module          Want    Have
#     --------------- ---- -------
#     Variable::Magic  any missing
# 
# === Runtime Requires ===
# 
#     Module   Want Have
#     -------- ---- ----
#     XSLoader  any 0.32
#     strict    any 1.13
#     warnings  any 1.70
# 
# === Other Modules ===
# 
#     Module             Have
#     --------------- -------
#     Encode             3.21
#     File::Temp       0.2311
#     JSON::PP           4.16
#     Module::Runtime missing
#     Pod::Coverage   missing
#     Sub::Name       missing
#     YAML            missing
#     autodie            2.37
# 
t/00-report-prereqs.t .... ok
t/addsub.t ............... ok
t/anon-basic.t ........... skipped: Need Package::Anon
t/anon.t ................. skipped: Need Package::Anon
t/bare-anon-basic.t ...... skipped: This isn't really going to work yet, probably
t/bare-anon.t ............ skipped: This isn't really going to work yet, probably
t/basic.t ................ ok
t/compile-time.t ......... ok
t/edge-cases.t ........... ok
t/extension.t ............ ok
t/get.t .................. ok
t/io.t ................... ok
t/isa.t .................. ok
t/magic.t ................ ok
t/paamayim_nekdotayim.t .. ok
t/scalar-values.t ........ ok
t/stash-deletion.t ....... ok
t/synopsis.t ............. ok
t/warnings.t ............. ok
t/zzz-check-breaks.t ..... ok
All tests successful.
Files=20, Tests=270,  1 wallclock secs ( 0.04 usr  0.00 sys +  0.70 cusr  0.13 csys =  0.87 CPU)
Result: PASS
>>> perl-package-stash-xs: Entering fakeroot...
"/usr/bin/perl" -MExtUtils::Command::MM -e 'cp_nonempty' -- XS.bs blib/arch/auto/Package/Stash/XS/XS.bs 644
Manifying 1 pod document
Appending installation info to /tmp/pkg/perl-package-stash-xs/usr/lib/perl5/core_perl/perllocal.pod
Files found in blib/arch: installing files in blib/lib into architecture dependent library tree
Installing /tmp/pkg/perl-package-stash-xs/usr/lib/perl5/vendor_perl/auto/Package/Stash/XS/XS.so
Installing /tmp/pkg/perl-package-stash-xs/usr/lib/perl5/vendor_perl/Package/Stash/XS.pm
Installing /tmp/pkg/perl-package-stash-xs/usr/share/man/man3/Package::Stash::XS.3pm
>>> perl-package-stash-xs-doc*: Running split function doc...
'usr/share/man' -> '/tmp/pkg/perl-package-stash-xs-doc/usr/share/man'
>>> perl-package-stash-xs-doc*: Preparing subpackage perl-package-stash-xs-doc...
>>> perl-package-stash-xs-doc*: Running postcheck for perl-package-stash-xs-doc
>>> perl-package-stash-xs*: Running postcheck for perl-package-stash-xs
>>> perl-package-stash-xs*: Preparing package perl-package-stash-xs...
>>> perl-package-stash-xs*: Stripping binaries
>>> perl-package-stash-xs-doc*: Scanning shared objects
>>> perl-package-stash-xs*: Scanning shared objects
>>> perl-package-stash-xs-doc*: Tracing dependencies...
>>> perl-package-stash-xs-doc*: Package size: 1.5 KB
>>> perl-package-stash-xs-doc*: Compressing data...
>>> perl-package-stash-xs-doc*: Create checksum...
>>> perl-package-stash-xs-doc*: Create perl-package-stash-xs-doc-0.30-r4.apk
>>> perl-package-stash-xs*: Tracing dependencies...
	perl
	so:libc.musl-x86_64.so.1
>>> perl-package-stash-xs*: Package size: 39.4 KB
>>> perl-package-stash-xs*: Compressing data...
>>> perl-package-stash-xs*: Create checksum...
>>> perl-package-stash-xs*: Create perl-package-stash-xs-0.30-r4.apk
>>> perl-package-stash-xs: Updating the main/x86_64 repository index...
>>> perl-package-stash-xs: Signing the index...
>>> perl-package-stash-xs: Cleaning up srcdir
>>> perl-package-stash-xs: Cleaning up build chroot
>>> perl-package-stash-xs: Cleaning up pkgdir
