pigz: not found
>>> perl-yaml-syck: Building main/perl-yaml-syck 1.34-r5 (using abuild 3.14.1-r4) started Sun, 18 May 2025 06:19:29 +0000
>>> perl-yaml-syck: Validating /home/packager/aports/main/perl-yaml-syck/APKBUILD...
>>> perl-yaml-syck: Analyzing dependencies...
>>> perl-yaml-syck: Installing for build: build-base perl perl-dev
(1/8) Installing libbz2 (1.0.8-r6)
(2/8) Installing perl (5.40.2-r0)
(3/8) Installing perl-utils (5.40.2-r0)
(4/8) Installing perl-dev (5.40.2-r0)
(5/8) Installing .makedepends-perl-yaml-syck (20250518.061931)
(6/8) Installing perl-error (0.17029-r2)
(7/8) Installing perl-git (2.47.2-r0)
(8/8) Installing git-perl (2.47.2-r0)
Executing busybox-1.37.0-r12.trigger
OK: 306 MiB in 89 packages
>>> perl-yaml-syck: Cleaning up srcdir
>>> perl-yaml-syck: Cleaning up pkgdir
>>> perl-yaml-syck: Cleaning up tmpdir
>>> perl-yaml-syck: Fetching https://cpan.metacpan.org/authors/id/T/TO/TODDR/YAML-Syck-1.34.tar.gz
Connecting to cpan.metacpan.org (146.75.122.217:443)
saving to '/var/cache/distfiles/YAML-Syck-1.34.tar.gz.part'
YAML-Syck-1.34.tar.g 100% |********************************|  162k  0:00:00 ETA
'/var/cache/distfiles/YAML-Syck-1.34.tar.gz.part' saved
>>> perl-yaml-syck: Fetching https://cpan.metacpan.org/authors/id/T/TO/TODDR/YAML-Syck-1.34.tar.gz
>>> perl-yaml-syck: Checking sha512sums...
YAML-Syck-1.34.tar.gz: OK
>>> perl-yaml-syck: Unpacking /var/cache/distfiles/YAML-Syck-1.34.tar.gz...
Checking if your kit is complete...
Looks good
Generating a Unix-style Makefile
Writing Makefile for YAML::Syck
Writing MYMETA.yml and MYMETA.json
cc -c  -I. -D_REENTRANT -D_GNU_SOURCE -D_GNU_SOURCE -fwrapv -fno-strict-aliasing -pipe -fstack-protector-strong -D_LARGEFILE_SOURCE -D_FILE_OFFSET_BITS=64 -Os -fstack-clash-protection -Wformat -Werror=format-security -fno-plt -O2   -DVERSION=\"1.34\" -DXS_VERSION=\"1.34\" -fPIC "-I/usr/lib/perl5/core_perl/CORE"   bytecode.c
cc -c  -I. -D_REENTRANT -D_GNU_SOURCE -D_GNU_SOURCE -fwrapv -fno-strict-aliasing -pipe -fstack-protector-strong -D_LARGEFILE_SOURCE -D_FILE_OFFSET_BITS=64 -Os -fstack-clash-protection -Wformat -Werror=format-security -fno-plt -O2   -DVERSION=\"1.34\" -DXS_VERSION=\"1.34\" -fPIC "-I/usr/lib/perl5/core_perl/CORE"   emitter.c
Running Mkbootstrap for Syck ()
cc -c  -I. -D_REENTRANT -D_GNU_SOURCE -D_GNU_SOURCE -fwrapv -fno-strict-aliasing -pipe -fstack-protector-strong -D_LARGEFILE_SOURCE -D_FILE_OFFSET_BITS=64 -Os -fstack-clash-protection -Wformat -Werror=format-security -fno-plt -O2   -DVERSION=\"1.34\" -DXS_VERSION=\"1.34\" -fPIC "-I/usr/lib/perl5/core_perl/CORE"   gram.c
cc -c  -I. -D_REENTRANT -D_GNU_SOURCE -D_GNU_SOURCE -fwrapv -fno-strict-aliasing -pipe -fstack-protector-strong -D_LARGEFILE_SOURCE -D_FILE_OFFSET_BITS=64 -Os -fstack-clash-protection -Wformat -Werror=format-security -fno-plt -O2   -DVERSION=\"1.34\" -DXS_VERSION=\"1.34\" -fPIC "-I/usr/lib/perl5/core_perl/CORE"   handler.c
cc -c  -I. -D_REENTRANT -D_GNU_SOURCE -D_GNU_SOURCE -fwrapv -fno-strict-aliasing -pipe -fstack-protector-strong -D_LARGEFILE_SOURCE -D_FILE_OFFSET_BITS=64 -Os -fstack-clash-protection -Wformat -Werror=format-security -fno-plt -O2   -DVERSION=\"1.34\" -DXS_VERSION=\"1.34\" -fPIC "-I/usr/lib/perl5/core_perl/CORE"   implicit.c
cc -c  -I. -D_REENTRANT -D_GNU_SOURCE -D_GNU_SOURCE -fwrapv -fno-strict-aliasing -pipe -fstack-protector-strong -D_LARGEFILE_SOURCE -D_FILE_OFFSET_BITS=64 -Os -fstack-clash-protection -Wformat -Werror=format-security -fno-plt -O2   -DVERSION=\"1.34\" -DXS_VERSION=\"1.34\" -fPIC "-I/usr/lib/perl5/core_perl/CORE"   node.c
chmod 644 "Syck.bs"
cc -c  -I. -D_REENTRANT -D_GNU_SOURCE -D_GNU_SOURCE -fwrapv -fno-strict-aliasing -pipe -fstack-protector-strong -D_LARGEFILE_SOURCE -D_FILE_OFFSET_BITS=64 -Os -fstack-clash-protection -Wformat -Werror=format-security -fno-plt -O2   -DVERSION=\"1.34\" -DXS_VERSION=\"1.34\" -fPIC "-I/usr/lib/perl5/core_perl/CORE"   syck_.c
cp lib/JSON/Syck.pm blib/lib/JSON/Syck.pm
cp lib/YAML/Loader/Syck.pm blib/lib/YAML/Loader/Syck.pm
cp lib/YAML/Dumper/Syck.pm blib/lib/YAML/Dumper/Syck.pm
cp lib/YAML/Syck.pm blib/lib/YAML/Syck.pm
cc -c  -I. -D_REENTRANT -D_GNU_SOURCE -D_GNU_SOURCE -fwrapv -fno-strict-aliasing -pipe -fstack-protector-strong -D_LARGEFILE_SOURCE -D_FILE_OFFSET_BITS=64 -Os -fstack-clash-protection -Wformat -Werror=format-security -fno-plt -O2   -DVERSION=\"1.34\" -DXS_VERSION=\"1.34\" -fPIC "-I/usr/lib/perl5/core_perl/CORE"   syck_st.c
cc -c  -I. -D_REENTRANT -D_GNU_SOURCE -D_GNU_SOURCE -fwrapv -fno-strict-aliasing -pipe -fstack-protector-strong -D_LARGEFILE_SOURCE -D_FILE_OFFSET_BITS=64 -Os -fstack-clash-protection -Wformat -Werror=format-security -fno-plt -O2   -DVERSION=\"1.34\" -DXS_VERSION=\"1.34\" -fPIC "-I/usr/lib/perl5/core_perl/CORE"   token.c
"/usr/bin/perl" "/usr/share/perl5/core_perl/ExtUtils/xsubpp"  -typemap '/usr/share/perl5/core_perl/ExtUtils/typemap'  Syck.xs > Syck.xsc
"/usr/bin/perl" -MExtUtils::Command::MM -e 'cp_nonempty' -- Syck.bs blib/arch/auto/YAML/Syck/Syck.bs 644
mv Syck.xsc Syck.c
cc -c  -I. -D_REENTRANT -D_GNU_SOURCE -D_GNU_SOURCE -fwrapv -fno-strict-aliasing -pipe -fstack-protector-strong -D_LARGEFILE_SOURCE -D_FILE_OFFSET_BITS=64 -Os -fstack-clash-protection -Wformat -Werror=format-security -fno-plt -O2   -DVERSION=\"1.34\" -DXS_VERSION=\"1.34\" -fPIC "-I/usr/lib/perl5/core_perl/CORE"   Syck.c
rm -f blib/arch/auto/YAML/Syck/Syck.so
cc  -shared -Os -fstack-clash-protection -Wformat -Werror=format-security -fno-plt -O2 -L/usr/local/lib -fstack-protector-strong  bytecode.o emitter.o gram.o handler.o implicit.o node.o syck_.o syck_st.o token.o Syck.o  -o blib/arch/auto/YAML/Syck/Syck.so  \
      \
  
chmod 755 blib/arch/auto/YAML/Syck/Syck.so
Manifying 2 pod documents
"/usr/bin/perl" -MExtUtils::Command::MM -e 'cp_nonempty' -- Syck.bs blib/arch/auto/YAML/Syck/Syck.bs 644
PERL_DL_NONLAZY=1 "/usr/bin/perl" "-MExtUtils::Command::MM" "-MTest::Harness" "-e" "undef *Test::Harness::Switches; test_harness(0, 'blib/lib', 'blib/arch')" t/*.t
t/1-basic.t ................. ok
t/11-loadfile.t ............. ok
t/12-dumpfile.t ............. ok
t/2-scalars.t ............... ok
t/3-objects.t ............... ok
t/4-perl_tag_scheme.t ....... ok
t/json-basic.t .............. ok
t/json-circular-ref.t ....... ok
t/json-crlf.t ............... ok
t/json-dumpinto.t ........... ok
t/json-empty.t .............. ok
t/json-indent.t ............. ok
t/json-loadfile.t ........... ok
t/json-minus.t .............. ok
t/json-newline.t ............ ok
t/json-null.t ............... ok
t/json-numbers.t ............ ok
t/json-refs.t ............... ok
t/json-singlequote.t ........ ok
t/leak.t .................... ok
t/load-blessed.t ............ ok
t/yaml-alias.t .............. ok
t/yaml-blessed-ref.t ........ ok
t/yaml-dumpinto.t ........... ok
t/yaml-implicit-warnings.t .. ok
t/yaml-str-colon-first.t .... ok
t/yaml-tie.t ................ ok
t/yaml-utf.t ................ ok
All tests successful.
Files=28, Tests=620,  2 wallclock secs ( 0.12 usr  0.03 sys +  2.10 cusr  0.36 csys =  2.61 CPU)
Result: PASS
>>> perl-yaml-syck: Entering fakeroot...
"/usr/bin/perl" -MExtUtils::Command::MM -e 'cp_nonempty' -- Syck.bs blib/arch/auto/YAML/Syck/Syck.bs 644
Manifying 2 pod documents
Appending installation info to /home/packager/aports/main/perl-yaml-syck/pkg/perl-yaml-syck/usr/lib/perl5/core_perl/perllocal.pod
Files found in blib/arch: installing files in blib/lib into architecture dependent library tree
Installing /home/packager/aports/main/perl-yaml-syck/pkg/perl-yaml-syck/usr/lib/perl5/vendor_perl/auto/YAML/Syck/Syck.so
Installing /home/packager/aports/main/perl-yaml-syck/pkg/perl-yaml-syck/usr/lib/perl5/vendor_perl/YAML/Syck.pm
Installing /home/packager/aports/main/perl-yaml-syck/pkg/perl-yaml-syck/usr/lib/perl5/vendor_perl/YAML/Loader/Syck.pm
Installing /home/packager/aports/main/perl-yaml-syck/pkg/perl-yaml-syck/usr/lib/perl5/vendor_perl/YAML/Dumper/Syck.pm
Installing /home/packager/aports/main/perl-yaml-syck/pkg/perl-yaml-syck/usr/lib/perl5/vendor_perl/JSON/Syck.pm
Installing /home/packager/aports/main/perl-yaml-syck/pkg/perl-yaml-syck/usr/share/man/man3/YAML::Syck.3pm
Installing /home/packager/aports/main/perl-yaml-syck/pkg/perl-yaml-syck/usr/share/man/man3/JSON::Syck.3pm
>>> perl-yaml-syck-doc*: Running split function doc...
'usr/share/man' -> '/home/packager/aports/main/perl-yaml-syck/pkg/perl-yaml-syck-doc/usr/share/man'
>>> perl-yaml-syck-doc*: Preparing subpackage perl-yaml-syck-doc...
>>> perl-yaml-syck-doc*: Running postcheck for perl-yaml-syck-doc
>>> perl-yaml-syck*: Running postcheck for perl-yaml-syck
>>> perl-yaml-syck*: Preparing package perl-yaml-syck...
>>> perl-yaml-syck*: Stripping binaries
>>> perl-yaml-syck-doc*: Scanning shared objects
>>> perl-yaml-syck*: Scanning shared objects
>>> perl-yaml-syck-doc*: Tracing dependencies...
>>> perl-yaml-syck-doc*: Package size: 7.3 KB
>>> perl-yaml-syck-doc*: Compressing data...
>>> perl-yaml-syck-doc*: Create checksum...
pigz: not found
>>> perl-yaml-syck-doc*: Create perl-yaml-syck-doc-1.34-r5.apk
>>> perl-yaml-syck*: Tracing dependencies...
	perl
	so:libc.musl-x86_64.so.1
>>> perl-yaml-syck*: Package size: 150.0 KB
>>> perl-yaml-syck*: Compressing data...
>>> perl-yaml-syck*: Create checksum...
pigz: not found
>>> perl-yaml-syck*: Create perl-yaml-syck-1.34-r5.apk
>>> perl-yaml-syck: Build complete at Sun, 18 May 2025 06:19:39 +0000 elapsed time 0h 0m 10s
>>> perl-yaml-syck: Cleaning up srcdir
>>> perl-yaml-syck: Cleaning up pkgdir
>>> perl-yaml-syck: Uninstalling dependencies...
(1/8) Purging .makedepends-perl-yaml-syck (20250518.061931)
(2/8) Purging perl-dev (5.40.2-r0)
(3/8) Purging perl-utils (5.40.2-r0)
(4/8) Purging git-perl (2.47.2-r0)
(5/8) Purging perl-git (2.47.2-r0)
(6/8) Purging perl-error (0.17029-r2)
(7/8) Purging perl (5.40.2-r0)
(8/8) Purging libbz2 (1.0.8-r6)
Executing busybox-1.37.0-r12.trigger
OK: 260 MiB in 81 packages
>>> perl-yaml-syck: Updating the main/x86_64 repository index...
>>> perl-yaml-syck: Signing the index...
pigz: not found
