pigz: not found
>>> perl-cgi-fast: Building main/perl-cgi-fast 2.17-r1 (using abuild 3.14.1-r4) started Sun, 18 May 2025 09:55:35 +0000
>>> perl-cgi-fast: Validating /home/packager/aports/main/perl-cgi-fast/APKBUILD...
>>> perl-cgi-fast: Analyzing dependencies...
>>> perl-cgi-fast: Installing for build: build-base perl perl-cgi perl-fcgi
(1/17) Installing libbz2 (1.0.8-r6)
(2/17) Installing perl (5.40.2-r0)
(3/17) Installing perl-html-tagset (3.24-r0)
(4/17) Installing perl-clone (0.47-r0)
(5/17) Installing perl-http-date (6.06-r0)
(6/17) Installing perl-uri (5.28-r0)
(7/17) Installing perl-io-html (1.004-r1)
(8/17) Installing perl-encode-locale (1.05-r5)
(9/17) Installing perl-lwp-mediatypes (6.04-r3)
(10/17) Installing perl-http-message (7.00-r0)
(11/17) Installing perl-html-parser (3.83-r0)
(12/17) Installing perl-cgi (4.68-r0)
(13/17) Installing perl-fcgi (0.82-r4)
(14/17) Installing .makedepends-perl-cgi-fast (20250518.095536)
(15/17) Installing perl-error (0.17030-r0)
(16/17) Installing perl-git (2.47.2-r0)
(17/17) Installing git-perl (2.47.2-r0)
Executing busybox-1.37.0-r12.trigger
OK: 298 MiB in 98 packages
>>> perl-cgi-fast: Cleaning up srcdir
>>> perl-cgi-fast: Cleaning up pkgdir
>>> perl-cgi-fast: Cleaning up tmpdir
>>> perl-cgi-fast: Fetching https://cpan.metacpan.org/authors/id/L/LE/LEEJO/CGI-Fast-2.17.tar.gz
Connecting to cpan.metacpan.org (146.75.122.217:443)
saving to '/var/cache/distfiles/CGI-Fast-2.17.tar.gz.part'
CGI-Fast-2.17.tar.gz 100% |********************************|  9264  0:00:00 ETA
'/var/cache/distfiles/CGI-Fast-2.17.tar.gz.part' saved
>>> perl-cgi-fast: Fetching https://cpan.metacpan.org/authors/id/L/LE/LEEJO/CGI-Fast-2.17.tar.gz
>>> perl-cgi-fast: Checking sha512sums...
CGI-Fast-2.17.tar.gz: OK
>>> perl-cgi-fast: Unpacking /var/cache/distfiles/CGI-Fast-2.17.tar.gz...
Checking if your kit is complete...
Looks good
Warning: LINKTYPE set to '', no longer necessary
Generating a Unix-style Makefile
Writing Makefile for CGI::Fast
Writing MYMETA.yml and MYMETA.json
cp lib/CGI/Fast.pm blib/lib/CGI/Fast.pm
Manifying 1 pod document
PERL_DL_NONLAZY=1 "/usr/bin/perl" "-MExtUtils::Command::MM" "-MTest::Harness" "-e" "undef *Test::Harness::Switches; test_harness(0, 'blib/lib', 'blib/arch')" t/*.t
t/001_basic.t .............. ok
t/002_import.t ............. ok
t/003_env_pollution.t ...... ok
t/004_fcgi_file_handles.t .. ok
t/005_no_file_handles.t .... ok
t/006_changes.t ............ skipped: Test::CPAN::Changes required for this test
t/007_socket_perm.t ........ ok
All tests successful.
Files=7, Tests=53,  1 wallclock secs ( 0.03 usr  0.00 sys +  0.61 cusr  0.12 csys =  0.76 CPU)
Result: PASS
>>> perl-cgi-fast: Entering fakeroot...
Manifying 1 pod document
Installing /home/packager/aports/main/perl-cgi-fast/pkg/perl-cgi-fast/usr/share/perl5/vendor_perl/CGI/Fast.pm
Installing /home/packager/aports/main/perl-cgi-fast/pkg/perl-cgi-fast/usr/share/man/man3/CGI::Fast.3pm
>>> perl-cgi-fast-doc*: Running split function doc...
'usr/share/man' -> '/home/packager/aports/main/perl-cgi-fast/pkg/perl-cgi-fast-doc/usr/share/man'
>>> perl-cgi-fast-doc*: Preparing subpackage perl-cgi-fast-doc...
>>> perl-cgi-fast-doc*: Running postcheck for perl-cgi-fast-doc
>>> perl-cgi-fast*: Running postcheck for perl-cgi-fast
>>> perl-cgi-fast*: Preparing package perl-cgi-fast...
>>> perl-cgi-fast-doc*: Tracing dependencies...
>>> perl-cgi-fast-doc*: Package size: 3.4 KB
>>> perl-cgi-fast-doc*: Compressing data...
>>> perl-cgi-fast-doc*: Create checksum...
pigz: not found
>>> perl-cgi-fast-doc*: Create perl-cgi-fast-doc-2.17-r1.apk
>>> perl-cgi-fast*: Tracing dependencies...
	perl
	perl-cgi
	perl-fcgi
>>> perl-cgi-fast*: Package size: 9.4 KB
>>> perl-cgi-fast*: Compressing data...
>>> perl-cgi-fast*: Create checksum...
pigz: not found
>>> perl-cgi-fast*: Create perl-cgi-fast-2.17-r1.apk
>>> perl-cgi-fast: Build complete at Sun, 18 May 2025 09:55:40 +0000 elapsed time 0h 0m 5s
>>> perl-cgi-fast: Cleaning up srcdir
>>> perl-cgi-fast: Cleaning up pkgdir
>>> perl-cgi-fast: Uninstalling dependencies...
(1/17) Purging .makedepends-perl-cgi-fast (20250518.095536)
(2/17) Purging perl-cgi (4.68-r0)
(3/17) Purging perl-html-parser (3.83-r0)
(4/17) Purging perl-html-tagset (3.24-r0)
(5/17) Purging perl-http-message (7.00-r0)
(6/17) Purging perl-clone (0.47-r0)
(7/17) Purging perl-http-date (6.06-r0)
(8/17) Purging perl-io-html (1.004-r1)
(9/17) Purging perl-encode-locale (1.05-r5)
(10/17) Purging perl-lwp-mediatypes (6.04-r3)
(11/17) Purging perl-uri (5.28-r0)
(12/17) Purging perl-fcgi (0.82-r4)
(13/17) Purging git-perl (2.47.2-r0)
(14/17) Purging perl-git (2.47.2-r0)
(15/17) Purging perl-error (0.17030-r0)
(16/17) Purging perl (5.40.2-r0)
(17/17) Purging libbz2 (1.0.8-r6)
Executing busybox-1.37.0-r12.trigger
OK: 261 MiB in 81 packages
>>> perl-cgi-fast: Updating the main/x86_64 repository index...
>>> perl-cgi-fast: Signing the index...
pigz: not found
