>>> perl-mail-imapclient: Validating /home/packager/oily-pine/main/perl-mail-imapclient/APKBUILD...
>>> perl-mail-imapclient: Cleaning up srcdir
>>> perl-mail-imapclient: Cleaning up pkgdir
>>> perl-mail-imapclient: Cleaning up tmpdir
>>> perl-mail-imapclient: Fetching https://cpan.metacpan.org/authors/id/P/PL/PLOBBES/Mail-IMAPClient-3.43.tar.gz
  % Total    % Received % Xferd  Average Speed   Time    Time     Time  Current
                                 Dload  Upload   Total   Spent    Left  Speed
  0     0    0     0    0     0      0      0 --:--:-- --:--:-- --:--:--     0100  185k  100  185k    0     0   873k      0 --:--:-- --:--:-- --:--:--  877k
>>> perl-mail-imapclient: Fetching https://cpan.metacpan.org/authors/id/P/PL/PLOBBES/Mail-IMAPClient-3.43.tar.gz
>>> perl-mail-imapclient: Checking sha512sums...
Mail-IMAPClient-3.43.tar.gz: OK
>>> perl-mail-imapclient: Preparing build chroot...
fetch http://dl-cdn.alpinelinux.org/alpine/edge/main/x86_64/APKINDEX.tar.gz
(1/74) Installing musl (1.2.5-r10)
(2/74) Installing libcrypto3 (3.5.0-r0)
(3/74) Installing ca-certificates-bundle (20241121-r2)
(4/74) Installing libssl3 (3.5.0-r0)
(5/74) Installing zlib (1.3.1-r2)
(6/74) Installing libapk2 (2.14.9-r2)
(7/74) Installing apk-tools (2.14.9-r2)
(8/74) Installing libcap2 (2.76-r0)
(9/74) Installing libcap-getcap (2.76-r0)
(10/74) Installing fakeroot (1.37.1.1-r0)
(11/74) Installing scanelf (1.3.8-r1)
(12/74) Installing musl-utils (1.2.5-r10)
(13/74) Installing libgcc (14.3.0-r1)
(14/74) Installing libstdc++ (14.3.0-r1)
(15/74) Installing lzip (1.25-r0)
(16/74) Installing openssl (3.5.0-r0)
(17/74) Installing patch (2.8-r0)
(18/74) Installing pkgconf (2.4.3-r0)
(19/74) Installing acl-libs (2.3.2-r1)
(20/74) Installing tar (1.35-r3)
(21/74) Installing busybox (1.37.0-r18)
Executing busybox-1.37.0-r18.post-install
(22/74) Installing ssl_client (1.37.0-r18)
(23/74) Installing busybox-binsh (1.37.0-r18)
(24/74) Installing abuild (3.15.0-r0)
Executing abuild-3.15.0-r0.pre-install
(25/74) Installing abuild-sudo (3.15.0-r0)
(26/74) Installing alpine-baselayout-data (3.7.0-r0)
(27/74) Installing alpine-baselayout (3.7.0-r0)
Executing alpine-baselayout-3.7.0-r0.pre-install
Executing alpine-baselayout-3.7.0-r0.post-install
(28/74) Installing bridge (1.5-r5)
(29/74) Installing ifupdown-ng (0.12.1-r7)
(30/74) Installing openrc-user (0.62.2-r2)
(31/74) Installing openrc (0.62.2-r2)
Executing openrc-0.62.2-r2.post-install
(32/74) Installing mdev-conf (4.8-r0)
(33/74) Installing busybox-mdev-openrc (1.37.0-r18)
(34/74) Installing alpine-conf (3.20.0-r0)
(35/74) Installing alpine-keys (2.5-r0)
(36/74) Installing alpine-release (3.22.0-r0)
(37/74) Installing busybox-openrc (1.37.0-r18)
(38/74) Installing busybox-suid (1.37.0-r18)
(39/74) Installing alpine-base (3.22.0-r0)
(40/74) Installing jansson (2.14.1-r0)
(41/74) Installing zstd-libs (1.5.7-r0)
(42/74) Installing binutils (2.44-r0)
(43/74) Installing libmagic (5.46-r2)
(44/74) Installing file (5.46-r2)
(45/74) Installing libgomp (14.3.0-r1)
(46/74) Installing libatomic (14.3.0-r1)
(47/74) Installing gmp (6.3.0-r3)
(48/74) Installing isl26 (0.26-r1)
(49/74) Installing mpfr4 (4.2.1_p1-r0)
(50/74) Installing mpc1 (1.3.1-r1)
(51/74) Installing gcc (14.3.0-r1)
(52/74) Installing libstdc++-dev (14.3.0-r1)
(53/74) Installing musl-dev (1.2.5-r10)
(54/74) Installing g++ (14.3.0-r1)
(55/74) Installing make (4.4.1-r3)
(56/74) Installing fortify-headers (1.1-r5)
(57/74) Installing build-base (0.5-r3)
(58/74) Installing brotli-libs (1.1.0-r2)
(59/74) Installing c-ares (1.34.5-r0)
(60/74) Installing libunistring (1.3-r0)
(61/74) Installing libidn2 (2.3.7-r0)
(62/74) Installing nghttp2-libs (1.65.0-r0)
(63/74) Installing libpsl (0.21.5-r3)
(64/74) Installing libcurl (8.14.0-r2)
(65/74) Installing libexpat (2.7.1-r0)
(66/74) Installing pcre2 (10.43-r1)
(67/74) Installing git (2.49.0-r0)
(68/74) Installing git-init-template (2.49.0-r0)
(69/74) Installing libbz2 (1.0.8-r6)
(70/74) Installing perl (5.40.2-r0)
(71/74) Installing perl-error (0.17030-r0)
(72/74) Installing perl-git (2.49.0-r0)
(73/74) Installing git-perl (2.49.0-r0)
(74/74) Installing perl-parse-recdescent (1.967015-r6)
Executing busybox-1.37.0-r18.trigger
OK: 296 MiB in 74 packages
>>> perl-mail-imapclient: Fetching https://cpan.metacpan.org/authors/id/P/PL/PLOBBES/Mail-IMAPClient-3.43.tar.gz
>>> perl-mail-imapclient: Checking sha512sums...
Mail-IMAPClient-3.43.tar.gz: OK
>>> perl-mail-imapclient: Unpacking /var/cache/distfiles/Mail-IMAPClient-3.43.tar.gz...
The following optional modules were not found:
	Authen::NTLM for Authmechanism 'NTLM'
	Authen::SASL for Authmechanism 'DIGEST-MD5'
	Digest::HMAC_MD5 for Authmechanism 'CRAM-MD5'
	IO::Socket::SSL for SSL enabled connections (Ssl => 1)
	Test::Pod for Pod tests
Optional modules are available from any CPAN mirror, reference:
  https://metacpan.org/
  https://www.cpan.org/modules/by-module/

Checking if your kit is complete...
Looks good
Generating a Unix-style Makefile
Writing Makefile for Mail::IMAPClient
Writing MYMETA.yml and MYMETA.json

(OPTIONAL) For extended tests during 'make test', create a file
'test.txt' in the top level directory of this distribution (the same
directory as the Makefile.PL, etc.).  This file must contain an IMAP
server name or IP (server=...), a user account (user=...), and a
password (passed=...).  A port (port=....) and an authentication
mechanism to be used (authmechanism=...) can also be specified.

Example:

--- BEGIN: test.txt ---
server=localhost
user=mytestuser
passed=mypassword
port=143
--- END: test.txt ---

NOTE: When testing is completed, be sure to remove test.txt (either by
hand or by 'make clean').

cp lib/Mail/IMAPClient/BodyStructure/Parse.pm blib/lib/Mail/IMAPClient/BodyStructure/Parse.pm
cp lib/Mail/IMAPClient/Thread.grammar blib/lib/Mail/IMAPClient/Thread.grammar
cp lib/Mail/IMAPClient/MessageSet.pm blib/lib/Mail/IMAPClient/MessageSet.pm
cp lib/Mail/IMAPClient.pod blib/lib/Mail/IMAPClient.pod
cp lib/Mail/IMAPClient/Thread.pod blib/lib/Mail/IMAPClient/Thread.pod
cp lib/Mail/IMAPClient/Thread.pm blib/lib/Mail/IMAPClient/Thread.pm
cp lib/Mail/IMAPClient/BodyStructure.pm blib/lib/Mail/IMAPClient/BodyStructure.pm
cp lib/Mail/IMAPClient/BodyStructure/Parse.pod blib/lib/Mail/IMAPClient/BodyStructure/Parse.pod
cp lib/Mail/IMAPClient/BodyStructure/Parse.grammar blib/lib/Mail/IMAPClient/BodyStructure/Parse.grammar
cp lib/Mail/IMAPClient.pm blib/lib/Mail/IMAPClient.pm
Manifying 5 pod documents
PERL_DL_NONLAZY=1 "/usr/bin/perl" "-MExtUtils::Command::MM" "-MTest::Harness" "-e" "undef *Test::Harness::Switches; test_harness(0, 'blib/lib', 'blib/arch')" t/*.t
t/basic.t .......... skipped: test parameters not provided in test.txt
t/body_string.t .... ok
t/bodystructure.t .. ok
t/fetch_hash.t ..... ok
t/messageset.t ..... ok
t/pod.t ............ skipped: Test::Pod 1.00 required for testing POD
t/quota.t .......... skipped: test parameters not provided in test.txt
t/simple.t ......... ok
t/thread.t ......... ok
All tests successful.
Files=9, Tests=109,  0 wallclock secs ( 0.02 usr  0.01 sys +  0.45 cusr  0.04 csys =  0.52 CPU)
Result: PASS
>>> perl-mail-imapclient: Entering fakeroot...
Manifying 5 pod documents
Installing /tmp/pkg/perl-mail-imapclient/usr/share/perl5/vendor_perl/Mail/IMAPClient.pm
Installing /tmp/pkg/perl-mail-imapclient/usr/share/perl5/vendor_perl/Mail/IMAPClient.pod
Installing /tmp/pkg/perl-mail-imapclient/usr/share/perl5/vendor_perl/Mail/IMAPClient/BodyStructure.pm
Installing /tmp/pkg/perl-mail-imapclient/usr/share/perl5/vendor_perl/Mail/IMAPClient/Thread.pod
Installing /tmp/pkg/perl-mail-imapclient/usr/share/perl5/vendor_perl/Mail/IMAPClient/Thread.grammar
Installing /tmp/pkg/perl-mail-imapclient/usr/share/perl5/vendor_perl/Mail/IMAPClient/MessageSet.pm
Installing /tmp/pkg/perl-mail-imapclient/usr/share/perl5/vendor_perl/Mail/IMAPClient/Thread.pm
Installing /tmp/pkg/perl-mail-imapclient/usr/share/perl5/vendor_perl/Mail/IMAPClient/BodyStructure/Parse.pod
Installing /tmp/pkg/perl-mail-imapclient/usr/share/perl5/vendor_perl/Mail/IMAPClient/BodyStructure/Parse.pm
Installing /tmp/pkg/perl-mail-imapclient/usr/share/perl5/vendor_perl/Mail/IMAPClient/BodyStructure/Parse.grammar
Installing /tmp/pkg/perl-mail-imapclient/usr/share/man/man3/Mail::IMAPClient::Thread.3pm
Installing /tmp/pkg/perl-mail-imapclient/usr/share/man/man3/Mail::IMAPClient::BodyStructure::Parse.3pm
Installing /tmp/pkg/perl-mail-imapclient/usr/share/man/man3/Mail::IMAPClient.3pm
Installing /tmp/pkg/perl-mail-imapclient/usr/share/man/man3/Mail::IMAPClient::MessageSet.3pm
Installing /tmp/pkg/perl-mail-imapclient/usr/share/man/man3/Mail::IMAPClient::BodyStructure.3pm
>>> perl-mail-imapclient-doc*: Running split function doc...
'usr/share/perl5/vendor_perl/Mail/IMAPClient/BodyStructure/Parse.pod' -> '/tmp/pkg/perl-mail-imapclient-doc/usr/share/perl5/vendor_perl/Mail/IMAPClient/BodyStructure/Parse.pod'
'usr/share/perl5/vendor_perl/Mail/IMAPClient/Thread.pod' -> '/tmp/pkg/perl-mail-imapclient-doc/usr/share/perl5/vendor_perl/Mail/IMAPClient/Thread.pod'
'usr/share/perl5/vendor_perl/Mail/IMAPClient.pod' -> '/tmp/pkg/perl-mail-imapclient-doc/usr/share/perl5/vendor_perl/Mail/IMAPClient.pod'
'usr/share/man' -> '/tmp/pkg/perl-mail-imapclient-doc/usr/share/man'
>>> perl-mail-imapclient-doc*: Preparing subpackage perl-mail-imapclient-doc...
>>> perl-mail-imapclient-doc*: Running postcheck for perl-mail-imapclient-doc
>>> perl-mail-imapclient*: Running postcheck for perl-mail-imapclient
>>> perl-mail-imapclient*: Preparing package perl-mail-imapclient...
>>> perl-mail-imapclient-doc*: Tracing dependencies...
>>> perl-mail-imapclient-doc*: Package size: 193.3 KB
>>> perl-mail-imapclient-doc*: Compressing data...
>>> perl-mail-imapclient-doc*: Create checksum...
>>> perl-mail-imapclient-doc*: Create perl-mail-imapclient-doc-3.43-r2.apk
>>> perl-mail-imapclient*: Tracing dependencies...
	perl
	perl-parse-recdescent
>>> perl-mail-imapclient*: Package size: 1007.4 KB
>>> perl-mail-imapclient*: Compressing data...
>>> perl-mail-imapclient*: Create checksum...
>>> perl-mail-imapclient*: Create perl-mail-imapclient-3.43-r2.apk
>>> perl-mail-imapclient: Updating the main/x86_64 repository index...
>>> perl-mail-imapclient: Signing the index...
>>> perl-mail-imapclient: Cleaning up srcdir
>>> perl-mail-imapclient: Cleaning up build chroot
>>> perl-mail-imapclient: Cleaning up pkgdir
