>>> gtest: Validating /home/packager/oily-pine/main/gtest/APKBUILD...
>>> gtest: Cleaning up srcdir
>>> gtest: Cleaning up pkgdir
>>> gtest: Cleaning up tmpdir
>>> gtest: Fetching gtest-1.16.0.tar.gz::https://github.com/google/googletest/archive/refs/tags/v1.16.0.tar.gz
  % Total    % Received % Xferd  Average Speed   Time    Time     Time  Current
                                 Dload  Upload   Total   Spent    Left  Speed
  0     0    0     0    0     0      0      0 --:--:-- --:--:-- --:--:--     0  0     0    0     0    0     0      0      0 --:--:-- --:--:-- --:--:--     0  0     0    0     0    0     0      0      0 --:--:-- --:--:-- --:--:--     0
100  855k  100  855k    0     0   847k      0  0:00:01  0:00:01 --:--:--  847k
>>> gtest: Fetching gtest-1.16.0.tar.gz::https://github.com/google/googletest/archive/refs/tags/v1.16.0.tar.gz
>>> gtest: Checking sha512sums...
gtest-1.16.0.tar.gz: OK
>>> gtest: Preparing build chroot...
fetch http://dl-cdn.alpinelinux.org/alpine/edge/main/x86_64/APKINDEX.tar.gz
(1/89) Installing musl (1.2.5-r10)
(2/89) Installing libcrypto3 (3.5.0-r0)
(3/89) Installing ca-certificates-bundle (20241121-r2)
(4/89) Installing libssl3 (3.5.0-r0)
(5/89) Installing zlib (1.3.1-r2)
(6/89) Installing libapk2 (2.14.9-r2)
(7/89) Installing apk-tools (2.14.9-r2)
(8/89) Installing libcap2 (2.76-r0)
(9/89) Installing libcap-getcap (2.76-r0)
(10/89) Installing fakeroot (1.37.1.1-r0)
(11/89) Installing scanelf (1.3.8-r1)
(12/89) Installing musl-utils (1.2.5-r10)
(13/89) Installing libgcc (14.3.0-r0)
(14/89) Installing libstdc++ (14.3.0-r0)
(15/89) Installing lzip (1.25-r0)
(16/89) Installing openssl (3.5.0-r0)
(17/89) Installing patch (2.8-r0)
(18/89) Installing pkgconf (2.4.3-r0)
(19/89) Installing acl-libs (2.3.2-r1)
(20/89) Installing tar (1.35-r3)
(21/89) Installing busybox (1.37.0-r18)
Executing busybox-1.37.0-r18.post-install
(22/89) Installing ssl_client (1.37.0-r18)
(23/89) Installing busybox-binsh (1.37.0-r18)
(24/89) Installing abuild (3.15.0-r0)
Executing abuild-3.15.0-r0.pre-install
(25/89) Installing abuild-sudo (3.15.0-r0)
(26/89) Installing alpine-baselayout-data (3.7.0-r0)
(27/89) Installing alpine-baselayout (3.7.0-r0)
Executing alpine-baselayout-3.7.0-r0.pre-install
Executing alpine-baselayout-3.7.0-r0.post-install
(28/89) Installing bridge (1.5-r5)
(29/89) Installing ifupdown-ng (0.12.1-r7)
(30/89) Installing openrc-user (0.62.2-r2)
(31/89) Installing openrc (0.62.2-r2)
Executing openrc-0.62.2-r2.post-install
(32/89) Installing mdev-conf (4.8-r0)
(33/89) Installing busybox-mdev-openrc (1.37.0-r18)
(34/89) Installing alpine-conf (3.20.0-r0)
(35/89) Installing alpine-keys (2.5-r0)
(36/89) Installing alpine-release (3.22.0-r0)
(37/89) Installing busybox-openrc (1.37.0-r18)
(38/89) Installing busybox-suid (1.37.0-r18)
(39/89) Installing alpine-base (3.22.0-r0)
(40/89) Installing jansson (2.14.1-r0)
(41/89) Installing zstd-libs (1.5.7-r0)
(42/89) Installing binutils (2.44-r0)
(43/89) Installing libmagic (5.46-r2)
(44/89) Installing file (5.46-r2)
(45/89) Installing libgomp (14.3.0-r0)
(46/89) Installing libatomic (14.3.0-r0)
(47/89) Installing gmp (6.3.0-r3)
(48/89) Installing isl26 (0.26-r1)
(49/89) Installing mpfr4 (4.2.1_p1-r0)
(50/89) Installing mpc1 (1.3.1-r1)
(51/89) Installing gcc (14.3.0-r0)
(52/89) Installing libstdc++-dev (14.3.0-r0)
(53/89) Installing musl-dev (1.2.5-r10)
(54/89) Installing g++ (14.3.0-r0)
(55/89) Installing make (4.4.1-r3)
(56/89) Installing fortify-headers (1.1-r5)
(57/89) Installing build-base (0.5-r3)
(58/89) Installing libbz2 (1.0.8-r6)
(59/89) Installing libexpat (2.7.1-r0)
(60/89) Installing lz4-libs (1.10.0-r0)
(61/89) Installing xz-libs (5.8.1-r0)
(62/89) Installing libarchive (3.8.0-r0)
(63/89) Installing rhash-libs (1.4.5-r0)
(64/89) Installing libuv (1.51.0-r0)
(65/89) Installing cmake (4.0.2-r0)
(66/89) Installing brotli-libs (1.1.0-r2)
(67/89) Installing c-ares (1.34.5-r0)
(68/89) Installing libunistring (1.3-r0)
(69/89) Installing libidn2 (2.3.7-r0)
(70/89) Installing nghttp2-libs (1.65.0-r0)
(71/89) Installing libpsl (0.21.5-r3)
(72/89) Installing libcurl (8.14.0-r2)
(73/89) Installing pcre2 (10.43-r1)
(74/89) Installing git (2.49.0-r0)
(75/89) Installing git-init-template (2.49.0-r0)
(76/89) Installing libffi (3.4.8-r0)
(77/89) Installing gdbm (1.24-r0)
(78/89) Installing mpdecimal (4.0.1-r0)
(79/89) Installing ncurses-terminfo-base (6.5_p20250503-r0)
(80/89) Installing libncursesw (6.5_p20250503-r0)
(81/89) Installing libpanelw (6.5_p20250503-r0)
(82/89) Installing readline (8.2.13-r1)
(83/89) Installing sqlite-libs (3.50.0-r0)
(84/89) Installing python3 (3.12.10-r1)
(85/89) Installing python3-pycache-pyc0 (3.12.10-r1)
(86/89) Installing pyc (3.12.10-r1)
(87/89) Installing python3-pyc (3.12.10-r1)
(88/89) Installing python3-dev (3.12.10-r1)
(89/89) Installing samurai (1.2-r7)
Executing busybox-1.37.0-r18.trigger
OK: 392 MiB in 89 packages
>>> gtest: Fetching gtest-1.16.0.tar.gz::https://github.com/google/googletest/archive/refs/tags/v1.16.0.tar.gz
>>> gtest: Checking sha512sums...
gtest-1.16.0.tar.gz: OK
>>> gtest: Unpacking /var/cache/distfiles/gtest-1.16.0.tar.gz...
-- The C compiler identification is GNU 14.3.0
-- The CXX compiler identification is GNU 14.3.0
-- Detecting C compiler ABI info
-- Detecting C compiler ABI info - done
-- Check for working C compiler: /usr/bin/cc - skipped
-- Detecting C compile features
-- Detecting C compile features - done
-- Detecting CXX compiler ABI info
-- Detecting CXX compiler ABI info - done
-- Check for working CXX compiler: /usr/bin/c++ - skipped
-- Detecting CXX compile features
-- Detecting CXX compile features - done
-- Found Python3: /usr/bin/python3.12 (found version "3.12.10") found components: Interpreter
-- Performing Test CMAKE_HAVE_LIBC_PTHREAD
-- Performing Test CMAKE_HAVE_LIBC_PTHREAD - Success
-- Found Threads: TRUE
-- Configuring done (0.5s)
-- Generating done (0.0s)
-- Build files have been written to: /tmp/src/googletest-1.16.0/build
[1/114] Building CXX object googletest/CMakeFiles/gtest_xml_output_unittest_.dir/test/gtest_xml_output_unittest_.cc.o
[2/114] Building CXX object googletest/CMakeFiles/gtest_xml_outfile2_test_.dir/test/gtest_xml_outfile2_test_.cc.o
[3/114] Building CXX object googletest/CMakeFiles/gtest_xml_outfile1_test_.dir/test/gtest_xml_outfile1_test_.cc.o
[4/114] Building CXX object googletest/CMakeFiles/gtest_list_output_unittest_.dir/test/gtest_list_output_unittest_.cc.o
[5/114] Building CXX object googletest/CMakeFiles/googletest-uninitialized-test_.dir/test/googletest-uninitialized-test_.cc.o
[6/114] Building CXX object googletest/CMakeFiles/googletest-throw-on-failure-test_.dir/test/googletest-throw-on-failure-test_.cc.o
[7/114] Building CXX object googletest/CMakeFiles/googletest-shuffle-test_.dir/test/googletest-shuffle-test_.cc.o
[8/114] Building CXX object googletest/CMakeFiles/googletest-output-test_.dir/test/googletest-output-test_.cc.o
[9/114] Building CXX object googletest/CMakeFiles/googletest-list-tests-unittest_.dir/test/googletest-list-tests-unittest_.cc.o
[10/114] Building CXX object googletest/CMakeFiles/gtest_help_test_.dir/test/gtest_help_test_.cc.o
[11/114] Building CXX object googletest/CMakeFiles/googletest-filter-unittest_.dir/test/googletest-filter-unittest_.cc.o
[12/114] Building CXX object googletest/CMakeFiles/googletest-env-var-test_.dir/test/googletest-env-var-test_.cc.o
[13/114] Building CXX object googletest/CMakeFiles/googletest-color-test_.dir/test/googletest-color-test_.cc.o
[14/114] Building CXX object googletest/CMakeFiles/googletest-catch-exceptions-ex-test_.dir/test/googletest-catch-exceptions-test_.cc.o
[15/114] Building CXX object googletest/CMakeFiles/googletest-catch-exceptions-no-ex-test_.dir/test/googletest-catch-exceptions-test_.cc.o
[16/114] Building CXX object googletest/CMakeFiles/googletest-break-on-failure-unittest_.dir/test/googletest-break-on-failure-unittest_.cc.o
[17/114] Building CXX object googletest/CMakeFiles/gtest_dll_test_.dir/test/gtest_all_test.cc.o
[18/114] Building CXX object googletest/CMakeFiles/gtest_dll.dir/src/gtest_main.cc.o
[19/114] Building CXX object googletest/CMakeFiles/gtest_dll.dir/src/gtest-all.cc.o
[20/114] Building CXX object googletest/CMakeFiles/gtest_no_rtti_unittest.dir/test/gtest_unittest.cc.o
[21/114] Building CXX object googletest/CMakeFiles/gtest-death-test_ex_catch_test.dir/test/googletest-death-test_ex_test.cc.o
[22/114] Building CXX object googletest/CMakeFiles/gtest-death-test_ex_nocatch_test.dir/test/googletest-death-test_ex_test.cc.o
[23/114] Building CXX object googletest/CMakeFiles/gtest_main_no_rtti.dir/src/gtest_main.cc.o
[24/114] Building CXX object googletest/CMakeFiles/gtest_main_no_rtti.dir/src/gtest-all.cc.o
[25/114] Building CXX object googletest/CMakeFiles/gtest_main_no_exception.dir/src/gtest_main.cc.o
[26/114] Building CXX object googletest/CMakeFiles/gtest_main_no_exception.dir/src/gtest-all.cc.o
[27/114] Building CXX object googletest/CMakeFiles/gtest_no_exception.dir/src/gtest-all.cc.o
[28/114] Building CXX object googletest/CMakeFiles/gtest_skip_test.dir/test/gtest_skip_test.cc.o
[29/114] Building CXX object googletest/CMakeFiles/gtest_skip_in_environment_setup_test.dir/test/gtest_skip_in_environment_setup_test.cc.o
[30/114] Building CXX object googletest/CMakeFiles/gtest-unittest-api_test.dir/test/gtest-unittest-api_test.cc.o
[31/114] Building CXX object googletest/CMakeFiles/gtest_unittest.dir/test/gtest_unittest.cc.o
[32/114] Building CXX object googletest/CMakeFiles/gtest-typed-test_test.dir/test/gtest-typed-test2_test.cc.o
[33/114] Building CXX object googletest/CMakeFiles/gtest-typed-test_test.dir/test/gtest-typed-test_test.cc.o
[34/114] Building CXX object googletest/CMakeFiles/gtest_throw_on_failure_ex_test.dir/test/gtest_throw_on_failure_ex_test.cc.o
[35/114] Building CXX object googletest/CMakeFiles/googletest-test-part-test.dir/test/googletest-test-part-test.cc.o
[36/114] Building CXX object googletest/CMakeFiles/gtest_stress_test.dir/test/gtest_stress_test.cc.o
[37/114] Building CXX object googletest/CMakeFiles/gtest_sole_header_test.dir/test/gtest_sole_header_test.cc.o
[38/114] Building CXX object googletest/CMakeFiles/gtest_repeat_test.dir/test/gtest_repeat_test.cc.o
[39/114] Building CXX object googletest/CMakeFiles/gtest_prod_test.dir/test/production.cc.o
[40/114] Building CXX object googletest/CMakeFiles/gtest_prod_test.dir/test/gtest_prod_test.cc.o
[41/114] Building CXX object googletest/CMakeFiles/googletest-printers-test.dir/test/googletest-printers-test.cc.o
[42/114] Building CXX object googletest/CMakeFiles/gtest_premature_exit_test.dir/test/gtest_premature_exit_test.cc.o
[43/114] Building CXX object googletest/CMakeFiles/gtest_pred_impl_unittest.dir/test/gtest_pred_impl_unittest.cc.o
[44/114] Building CXX object googletest/CMakeFiles/googletest-port-test.dir/test/googletest-port-test.cc.o
[45/114] Building CXX object googletest/CMakeFiles/googletest-param-test-test.dir/test/googletest-param-test2-test.cc.o
[46/114] Building CXX object googletest/CMakeFiles/googletest-param-test-test.dir/test/googletest-param-test-test.cc.o
[47/114] Building CXX object googletest/CMakeFiles/googletest-options-test.dir/test/googletest-options-test.cc.o
[48/114] Building CXX object googletest/CMakeFiles/gtest_no_test_unittest.dir/test/gtest_no_test_unittest.cc.o
[49/114] Building CXX object googletest/CMakeFiles/googletest-message-test.dir/test/googletest-message-test.cc.o
[50/114] Building CXX object googletest/CMakeFiles/gtest_main_unittest.dir/test/gtest_main_unittest.cc.o
[51/114] Building CXX object googletest/CMakeFiles/googletest-listener-test.dir/test/googletest-listener-test.cc.o
[52/114] Building CXX object googletest/CMakeFiles/googletest-filepath-test.dir/test/googletest-filepath-test.cc.o
[53/114] Building CXX object googletest/CMakeFiles/gtest_environment_test.dir/test/gtest_environment_test.cc.o
[54/114] Building CXX object googletest/CMakeFiles/googletest-death-test-test.dir/test/googletest-death-test-test.cc.o
[55/114] Building CXX object googletest/CMakeFiles/gtest_main.dir/src/gtest_main.cc.o
[56/114] Building CXX object googlemock/CMakeFiles/gmock_main.dir/src/gmock_main.cc.o
[57/114] Building CXX object googletest/CMakeFiles/gtest.dir/src/gtest-all.cc.o
[58/114] Building CXX object googlemock/CMakeFiles/gmock.dir/src/gmock-all.cc.o
[59/114] Linking CXX shared library lib/libgtest_dll.so
[60/114] Linking CXX shared library lib/libgtest_no_exception.so
[61/114] Linking CXX shared library lib/libgtest_main_no_exception.so
[62/114] Linking CXX executable googletest/googletest-throw-on-failure-test_
[63/114] Linking CXX executable googletest/googletest-catch-exceptions-no-ex-test_
[64/114] Linking CXX shared library lib/libgtest_main_no_rtti.so
[65/114] Linking CXX shared library lib/libgtest.so.1.16.0
[66/114] Creating library symlink lib/libgtest.so
[67/114] Linking CXX executable googletest/gtest_xml_output_unittest_
[68/114] Linking CXX executable googletest/gtest_list_output_unittest_
[69/114] Linking CXX executable googletest/googletest-uninitialized-test_
[70/114] Linking CXX executable googletest/googletest-shuffle-test_
[71/114] Linking CXX executable googletest/googletest-output-test_
[72/114] Linking CXX executable googletest/googletest-list-tests-unittest_
[73/114] Linking CXX executable googletest/googletest-filter-unittest_
[74/114] Linking CXX executable googletest/googletest-env-var-test_
[75/114] Linking CXX executable googletest/googletest-color-test_
[76/114] Linking CXX executable googletest/googletest-break-on-failure-unittest_
[77/114] Linking CXX executable googletest/gtest-death-test_ex_catch_test
[78/114] Linking CXX executable googletest/gtest-death-test_ex_nocatch_test
[79/114] Linking CXX executable googletest/gtest-unittest-api_test
[80/114] Linking CXX executable googletest/gtest_throw_on_failure_ex_test
[81/114] Linking CXX executable googletest/gtest_stress_test
[82/114] Linking CXX executable googletest/gtest_repeat_test
[83/114] Linking CXX executable googletest/gtest_premature_exit_test
[84/114] Linking CXX executable googletest/gtest_no_test_unittest
[85/114] Linking CXX executable googletest/gtest_environment_test
[86/114] Linking CXX shared library lib/libgtest_main.so.1.16.0
[87/114] Linking CXX shared library lib/libgmock.so.1.16.0
[88/114] Creating library symlink lib/libgtest_main.so
[89/114] Creating library symlink lib/libgmock.so
[90/114] Linking CXX executable googletest/gtest_xml_outfile2_test_
[91/114] Linking CXX executable googletest/gtest_xml_outfile1_test_
[92/114] Linking CXX executable googletest/gtest_help_test_
[93/114] Linking CXX executable googletest/googletest-catch-exceptions-ex-test_
[94/114] Linking CXX executable googletest/gtest_skip_test
[95/114] Linking CXX executable googletest/gtest_skip_in_environment_setup_test
[96/114] Linking CXX shared library lib/libgmock_main.so.1.16.0
[97/114] Linking CXX executable googletest/gtest-typed-test_test
[98/114] Linking CXX executable googletest/googletest-test-part-test
[99/114] Linking CXX executable googletest/gtest_sole_header_test
[100/114] Linking CXX executable googletest/gtest_prod_test
[101/114] Linking CXX executable googletest/googletest-printers-test
[102/114] Linking CXX executable googletest/gtest_pred_impl_unittest
[103/114] Creating library symlink lib/libgmock_main.so
[104/114] Linking CXX executable googletest/googletest-port-test
[105/114] Linking CXX executable googletest/googletest-options-test
[106/114] Linking CXX executable googletest/googletest-message-test
[107/114] Linking CXX executable googletest/gtest_main_unittest
[108/114] Linking CXX executable googletest/googletest-listener-test
[109/114] Linking CXX executable googletest/googletest-filepath-test
[110/114] Linking CXX executable googletest/googletest-death-test-test
[111/114] Linking CXX executable googletest/googletest-param-test-test
[112/114] Linking CXX executable googletest/gtest_unittest
[113/114] Linking CXX executable googletest/gtest_no_rtti_unittest
[114/114] Linking CXX executable googletest/gtest_dll_test_
Test project /tmp/src/googletest-1.16.0/build
      Start  1: googletest-death-test-test
      Start  2: gtest_environment_test
      Start  3: googletest-filepath-test
      Start  4: googletest-listener-test
      Start  5: gtest_main_unittest
      Start  6: googletest-message-test
      Start  7: gtest_no_test_unittest
      Start  8: googletest-options-test
      Start  9: googletest-param-test-test
      Start 10: gtest_pred_impl_unittest
      Start 11: gtest_premature_exit_test
      Start 12: gtest_prod_test
      Start 13: gtest_repeat_test
      Start 14: gtest_sole_header_test
      Start 15: gtest_stress_test
      Start 16: googletest-test-part-test
 1/43 Test  #2: gtest_environment_test .....................   Passed    0.01 sec
 2/43 Test  #3: googletest-filepath-test ...................   Passed    0.01 sec
 3/43 Test  #4: googletest-listener-test ...................   Passed    0.01 sec
 4/43 Test  #5: gtest_main_unittest ........................   Passed    0.01 sec
 5/43 Test  #6: googletest-message-test ....................   Passed    0.01 sec
 6/43 Test  #7: gtest_no_test_unittest .....................   Passed    0.01 sec
 7/43 Test  #8: googletest-options-test ....................   Passed    0.01 sec
 8/43 Test  #9: googletest-param-test-test .................   Passed    0.01 sec
 9/43 Test #11: gtest_premature_exit_test ..................   Passed    0.01 sec
10/43 Test #12: gtest_prod_test ............................   Passed    0.01 sec
11/43 Test #14: gtest_sole_header_test .....................   Passed    0.00 sec
      Start 17: gtest_throw_on_failure_ex_test
      Start 18: gtest-typed-test_test
      Start 19: gtest_unittest
      Start 20: gtest-unittest-api_test
      Start 21: gtest_skip_in_environment_setup_test
      Start 22: gtest_skip_test
      Start 23: gtest-death-test_ex_nocatch_test
      Start 24: gtest-death-test_ex_catch_test
      Start 25: gtest_no_rtti_unittest
      Start 26: googletest-break-on-failure-unittest
      Start 27: gtest_skip_check_output_test
12/43 Test #10: gtest_pred_impl_unittest ...................   Passed    0.01 sec
13/43 Test #16: googletest-test-part-test ..................   Passed    0.01 sec
14/43 Test #17: gtest_throw_on_failure_ex_test .............   Passed    0.01 sec
15/43 Test #20: gtest-unittest-api_test ....................   Passed    0.01 sec
16/43 Test #21: gtest_skip_in_environment_setup_test .......   Passed    0.01 sec
17/43 Test #22: gtest_skip_test ............................   Passed    0.01 sec
      Start 28: gtest_skip_environment_check_output_test
      Start 29: googletest-catch-exceptions-test
      Start 30: googletest-color-test
      Start 31: googletest-env-var-test
      Start 32: googletest-filter-unittest
      Start 33: gtest_help_test
18/43 Test #18: gtest-typed-test_test ......................   Passed    0.01 sec
19/43 Test #23: gtest-death-test_ex_nocatch_test ...........   Passed    0.01 sec
20/43 Test #24: gtest-death-test_ex_catch_test .............   Passed    0.01 sec
      Start 34: googletest-list-tests-unittest
      Start 35: googletest-output-test
      Start 36: googletest-shuffle-test
21/43 Test #13: gtest_repeat_test ..........................   Passed    0.03 sec
      Start 37: googletest-throw-on-failure-test
22/43 Test #19: gtest_unittest .............................   Passed    0.02 sec
      Start 38: googletest-uninitialized-test
23/43 Test #25: gtest_no_rtti_unittest .....................   Passed    0.05 sec
      Start 39: gtest_list_output_unittest
24/43 Test #27: gtest_skip_check_output_test ...............   Passed    0.05 sec
      Start 40: gtest_xml_outfiles_test
25/43 Test  #1: googletest-death-test-test .................   Passed    0.08 sec
      Start 41: googletest-json-outfiles-test
26/43 Test #29: googletest-catch-exceptions-test ...........   Passed    0.06 sec
      Start 42: gtest_xml_output_unittest
27/43 Test #28: gtest_skip_environment_check_output_test ...   Passed    0.09 sec
      Start 43: googletest-json-output-unittest
28/43 Test #26: googletest-break-on-failure-unittest .......   Passed    0.09 sec
29/43 Test #15: gtest_stress_test ..........................   Passed    0.11 sec
30/43 Test #38: googletest-uninitialized-test ..............   Passed    0.08 sec
31/43 Test #35: googletest-output-test .....................   Passed    0.09 sec
32/43 Test #33: gtest_help_test ............................   Passed    0.10 sec
33/43 Test #37: googletest-throw-on-failure-test ...........   Passed    0.09 sec
34/43 Test #36: googletest-shuffle-test ....................   Passed    0.10 sec
35/43 Test #34: googletest-list-tests-unittest .............   Passed    0.11 sec
36/43 Test #41: googletest-json-outfiles-test ..............   Passed    0.08 sec
37/43 Test #40: gtest_xml_outfiles_test ....................   Passed    0.08 sec
38/43 Test #39: gtest_list_output_unittest .................   Passed    0.09 sec
39/43 Test #30: googletest-color-test ......................   Passed    0.15 sec
40/43 Test #31: googletest-env-var-test ....................   Passed    0.15 sec
41/43 Test #43: googletest-json-output-unittest ............   Passed    0.08 sec
42/43 Test #42: gtest_xml_output_unittest ..................   Passed    0.11 sec
43/43 Test #32: googletest-filter-unittest .................   Passed    0.42 sec

100% tests passed, 0 tests failed out of 43

Total Test time (real) =   0.45 sec
>>> gtest: Entering fakeroot...
[1/1] Install the project...
-- Install configuration: "MinSizeRel"
-- Installing: /tmp/pkg/gtest/usr/include
-- Installing: /tmp/pkg/gtest/usr/include/gmock
-- Installing: /tmp/pkg/gtest/usr/include/gmock/gmock-matchers.h
-- Installing: /tmp/pkg/gtest/usr/include/gmock/gmock-spec-builders.h
-- Installing: /tmp/pkg/gtest/usr/include/gmock/gmock-nice-strict.h
-- Installing: /tmp/pkg/gtest/usr/include/gmock/gmock-actions.h
-- Installing: /tmp/pkg/gtest/usr/include/gmock/gmock-more-matchers.h
-- Installing: /tmp/pkg/gtest/usr/include/gmock/gmock-cardinalities.h
-- Installing: /tmp/pkg/gtest/usr/include/gmock/gmock-function-mocker.h
-- Installing: /tmp/pkg/gtest/usr/include/gmock/gmock-more-actions.h
-- Installing: /tmp/pkg/gtest/usr/include/gmock/gmock.h
-- Installing: /tmp/pkg/gtest/usr/include/gmock/internal
-- Installing: /tmp/pkg/gtest/usr/include/gmock/internal/gmock-pp.h
-- Installing: /tmp/pkg/gtest/usr/include/gmock/internal/gmock-internal-utils.h
-- Installing: /tmp/pkg/gtest/usr/include/gmock/internal/gmock-port.h
-- Installing: /tmp/pkg/gtest/usr/include/gmock/internal/custom
-- Installing: /tmp/pkg/gtest/usr/include/gmock/internal/custom/gmock-matchers.h
-- Installing: /tmp/pkg/gtest/usr/include/gmock/internal/custom/gmock-port.h
-- Installing: /tmp/pkg/gtest/usr/include/gmock/internal/custom/gmock-generated-actions.h
-- Installing: /tmp/pkg/gtest/usr/include/gmock/internal/custom/README.md
-- Installing: /tmp/pkg/gtest/usr/lib/libgmock.so.1.16.0
-- Set non-toolchain portion of runtime path of "/tmp/pkg/gtest/usr/lib/libgmock.so.1.16.0" to ""
-- Installing: /tmp/pkg/gtest/usr/lib/libgmock.so
-- Installing: /tmp/pkg/gtest/usr/lib/libgmock_main.so.1.16.0
-- Set non-toolchain portion of runtime path of "/tmp/pkg/gtest/usr/lib/libgmock_main.so.1.16.0" to ""
-- Installing: /tmp/pkg/gtest/usr/lib/libgmock_main.so
-- Installing: /tmp/pkg/gtest/usr/lib/pkgconfig/gmock.pc
-- Installing: /tmp/pkg/gtest/usr/lib/pkgconfig/gmock_main.pc
-- Installing: /tmp/pkg/gtest/usr/lib/cmake/GTest/GTestTargets.cmake
-- Installing: /tmp/pkg/gtest/usr/lib/cmake/GTest/GTestTargets-minsizerel.cmake
-- Installing: /tmp/pkg/gtest/usr/lib/cmake/GTest/GTestConfigVersion.cmake
-- Installing: /tmp/pkg/gtest/usr/lib/cmake/GTest/GTestConfig.cmake
-- Up-to-date: /tmp/pkg/gtest/usr/include
-- Installing: /tmp/pkg/gtest/usr/include/gtest
-- Installing: /tmp/pkg/gtest/usr/include/gtest/gtest-param-test.h
-- Installing: /tmp/pkg/gtest/usr/include/gtest/gtest-message.h
-- Installing: /tmp/pkg/gtest/usr/include/gtest/gtest-printers.h
-- Installing: /tmp/pkg/gtest/usr/include/gtest/gtest_pred_impl.h
-- Installing: /tmp/pkg/gtest/usr/include/gtest/gtest-test-part.h
-- Installing: /tmp/pkg/gtest/usr/include/gtest/gtest-matchers.h
-- Installing: /tmp/pkg/gtest/usr/include/gtest/gtest.h
-- Installing: /tmp/pkg/gtest/usr/include/gtest/gtest-spi.h
-- Installing: /tmp/pkg/gtest/usr/include/gtest/gtest_prod.h
-- Installing: /tmp/pkg/gtest/usr/include/gtest/gtest-death-test.h
-- Installing: /tmp/pkg/gtest/usr/include/gtest/gtest-assertion-result.h
-- Installing: /tmp/pkg/gtest/usr/include/gtest/gtest-typed-test.h
-- Installing: /tmp/pkg/gtest/usr/include/gtest/internal
-- Installing: /tmp/pkg/gtest/usr/include/gtest/internal/gtest-string.h
-- Installing: /tmp/pkg/gtest/usr/include/gtest/internal/gtest-death-test-internal.h
-- Installing: /tmp/pkg/gtest/usr/include/gtest/internal/gtest-param-util.h
-- Installing: /tmp/pkg/gtest/usr/include/gtest/internal/gtest-port.h
-- Installing: /tmp/pkg/gtest/usr/include/gtest/internal/custom
-- Installing: /tmp/pkg/gtest/usr/include/gtest/internal/custom/gtest-printers.h
-- Installing: /tmp/pkg/gtest/usr/include/gtest/internal/custom/gtest.h
-- Installing: /tmp/pkg/gtest/usr/include/gtest/internal/custom/gtest-port.h
-- Installing: /tmp/pkg/gtest/usr/include/gtest/internal/custom/README.md
-- Installing: /tmp/pkg/gtest/usr/include/gtest/internal/gtest-filepath.h
-- Installing: /tmp/pkg/gtest/usr/include/gtest/internal/gtest-internal.h
-- Installing: /tmp/pkg/gtest/usr/include/gtest/internal/gtest-type-util.h
-- Installing: /tmp/pkg/gtest/usr/include/gtest/internal/gtest-port-arch.h
-- Installing: /tmp/pkg/gtest/usr/lib/libgtest.so.1.16.0
-- Installing: /tmp/pkg/gtest/usr/lib/libgtest.so
-- Installing: /tmp/pkg/gtest/usr/lib/libgtest_main.so.1.16.0
-- Set non-toolchain portion of runtime path of "/tmp/pkg/gtest/usr/lib/libgtest_main.so.1.16.0" to ""
-- Installing: /tmp/pkg/gtest/usr/lib/libgtest_main.so
-- Installing: /tmp/pkg/gtest/usr/lib/pkgconfig/gtest.pc
-- Installing: /tmp/pkg/gtest/usr/lib/pkgconfig/gtest_main.pc
>>> gtest-dev*: Running split function dev...
'usr/include' -> '/tmp/pkg/gtest-dev/usr/include'
'usr/lib/pkgconfig' -> '/tmp/pkg/gtest-dev/usr/lib/pkgconfig'
'usr/lib/cmake' -> '/tmp/pkg/gtest-dev/usr/lib/cmake'
'usr/lib/libgmock.so' -> '/tmp/pkg/gtest-dev/usr/lib/libgmock.so'
'usr/lib/libgmock_main.so' -> '/tmp/pkg/gtest-dev/usr/lib/libgmock_main.so'
'usr/lib/libgtest.so' -> '/tmp/pkg/gtest-dev/usr/lib/libgtest.so'
'usr/lib/libgtest_main.so' -> '/tmp/pkg/gtest-dev/usr/lib/libgtest_main.so'
>>> gtest-dev*: Preparing subpackage gtest-dev...
>>> gtest-dev*: Stripping binaries
>>> gtest-dev*: Running postcheck for gtest-dev
>>> gmock*: Running split function gmock...
'usr/lib/libgmock.so.1.16.0' -> '/tmp/pkg/gmock/usr/lib/libgmock.so.1.16.0'
'usr/lib/libgmock_main.so.1.16.0' -> '/tmp/pkg/gmock/usr/lib/libgmock_main.so.1.16.0'
>>> gmock*: Preparing subpackage gmock...
>>> gmock*: Stripping binaries
>>> gmock*: Running postcheck for gmock
>>> gtest-src*: Running split function src...
>>> gtest-src*: Preparing subpackage gtest-src...
>>> gtest-src*: Running postcheck for gtest-src
>>> gtest*: Running postcheck for gtest
>>> gtest*: Preparing package gtest...
>>> gtest*: Stripping binaries
>>> gmock*: Scanning shared objects
>>> gtest-dev*: Scanning shared objects
>>> gtest-src*: Scanning shared objects
>>> gtest*: Scanning shared objects
>>> gmock*: Tracing dependencies...
	so:libc.musl-x86_64.so.1
	so:libgcc_s.so.1
	so:libgtest.so.1.16.0
	so:libstdc++.so.6
>>> gmock*: Package size: 103.5 KB
>>> gmock*: Compressing data...
>>> gmock*: Create checksum...
>>> gmock*: Create gmock-1.16.0-r0.apk
>>> gtest-dev*: Tracing dependencies...
	gtest=1.16.0-r0
	gmock=1.16.0-r0
	gmock=1.16.0-r0
	gtest=1.16.0-r0
	pkgconfig
>>> gtest-dev*: Package size: 1.0 MB
>>> gtest-dev*: Compressing data...
>>> gtest-dev*: Create checksum...
>>> gtest-dev*: Create gtest-dev-1.16.0-r0.apk
>>> gtest-src*: Tracing dependencies...
>>> gtest-src*: Package size: 466.0 KB
>>> gtest-src*: Compressing data...
>>> gtest-src*: Create checksum...
>>> gtest-src*: Create gtest-src-1.16.0-r0.apk
>>> gtest*: Tracing dependencies...
	so:libc.musl-x86_64.so.1
	so:libgcc_s.so.1
	so:libstdc++.so.6
>>> gtest*: Package size: 407.6 KB
>>> gtest*: Compressing data...
>>> gtest*: Create checksum...
>>> gtest*: Create gtest-1.16.0-r0.apk
>>> gtest: Updating the main/x86_64 repository index...
>>> gtest: Signing the index...
>>> gtest: Cleaning up srcdir
>>> gtest: Cleaning up build chroot
>>> gtest: Cleaning up pkgdir
