pigz: not found
>>> perl-sub-install: Building main/perl-sub-install 0.929-r2 (using abuild 3.14.1-r4) started Sun, 18 May 2025 08:54:43 +0000
>>> perl-sub-install: Validating /home/packager/aports/main/perl-sub-install/APKBUILD...
>>> perl-sub-install: Analyzing dependencies...
>>> perl-sub-install: Installing for build: build-base perl perl-dev
(1/8) Installing libbz2 (1.0.8-r6)
(2/8) Installing perl (5.40.2-r0)
(3/8) Installing perl-utils (5.40.2-r0)
(4/8) Installing perl-dev (5.40.2-r0)
(5/8) Installing .makedepends-perl-sub-install (20250518.085444)
(6/8) Installing perl-error (0.17030-r0)
(7/8) Installing perl-git (2.47.2-r0)
(8/8) Installing git-perl (2.47.2-r0)
Executing busybox-1.37.0-r12.trigger
OK: 307 MiB in 89 packages
>>> perl-sub-install: Cleaning up srcdir
>>> perl-sub-install: Cleaning up pkgdir
>>> perl-sub-install: Cleaning up tmpdir
>>> perl-sub-install: Fetching https://cpan.metacpan.org/authors/id/R/RJ/RJBS/Sub-Install-0.929.tar.gz
Connecting to cpan.metacpan.org (146.75.122.217:443)
saving to '/var/cache/distfiles/Sub-Install-0.929.tar.gz.part'
Sub-Install-0.929.ta 100% |********************************| 21122  0:00:00 ETA
'/var/cache/distfiles/Sub-Install-0.929.tar.gz.part' saved
>>> perl-sub-install: Fetching https://cpan.metacpan.org/authors/id/R/RJ/RJBS/Sub-Install-0.929.tar.gz
>>> perl-sub-install: Checking sha512sums...
Sub-Install-0.929.tar.gz: OK
>>> perl-sub-install: Unpacking /var/cache/distfiles/Sub-Install-0.929.tar.gz...
Checking if your kit is complete...
Looks good
Generating a Unix-style Makefile
Writing Makefile for Sub::Install
Writing MYMETA.yml and MYMETA.json
cp lib/Sub/Install.pm blib/lib/Sub/Install.pm
Manifying 1 pod document
PERL_DL_NONLAZY=1 "/usr/bin/perl" "-MExtUtils::Command::MM" "-MTest::Harness" "-e" "undef *Test::Harness::Switches; test_harness(0, 'blib/lib', 'blib/arch')" t/*.t
# 
# Versions for all modules listed in MYMETA.json (including optional ones):
# 
# === Configure Requires ===
# 
#     Module              Want Have
#     ------------------- ---- ----
#     ExtUtils::MakeMaker 6.78 7.70
# 
# === Build Requires ===
# 
#     Module              Want Have
#     ------------------- ---- ----
#     ExtUtils::MakeMaker  any 7.70
# 
# === Test Requires ===
# 
#     Module              Want     Have
#     ------------------- ---- --------
#     ExtUtils::MakeMaker  any     7.70
#     File::Spec           any     3.91
#     Test::More          0.96 1.302199
# 
# === Test Recommends ===
# 
#     Module         Want     Have
#     ---------- -------- --------
#     CPAN::Meta 2.120900 2.150010
# 
# === Runtime Requires ===
# 
#     Module       Want Have
#     ------------ ---- ----
#     B             any 1.89
#     Carp          any 1.54
#     Scalar::Util  any 1.63
#     strict        any 1.13
#     warnings      any 1.70
# 
t/00-report-prereqs.t .. ok
t/auto_as.t ............ ok
t/export.t ............. ok
t/inst-blessed.t ....... ok
t/install.t ............ ok
t/misc_errors.t ........ ok
t/reinstall.t .......... ok
t/SI_install.t ......... ok
t/SI_reinstall.t ....... ok
All tests successful.
Files=9, Tests=65,  1 wallclock secs ( 0.02 usr  0.03 sys +  0.73 cusr  0.09 csys =  0.87 CPU)
Result: PASS
>>> perl-sub-install: Entering fakeroot...
Manifying 1 pod document
Appending installation info to /home/packager/aports/main/perl-sub-install/pkg/perl-sub-install/usr/lib/perl5/core_perl/perllocal.pod
Installing /home/packager/aports/main/perl-sub-install/pkg/perl-sub-install/usr/share/perl5/vendor_perl/Sub/Install.pm
Installing /home/packager/aports/main/perl-sub-install/pkg/perl-sub-install/usr/share/man/man3/Sub::Install.3pm
>>> perl-sub-install-doc*: Running split function doc...
'usr/share/man' -> '/home/packager/aports/main/perl-sub-install/pkg/perl-sub-install-doc/usr/share/man'
>>> perl-sub-install-doc*: Preparing subpackage perl-sub-install-doc...
>>> perl-sub-install-doc*: Running postcheck for perl-sub-install-doc
>>> perl-sub-install*: Running postcheck for perl-sub-install
>>> perl-sub-install*: Preparing package perl-sub-install...
>>> perl-sub-install-doc*: Tracing dependencies...
>>> perl-sub-install-doc*: Package size: 2.9 KB
>>> perl-sub-install-doc*: Compressing data...
>>> perl-sub-install-doc*: Create checksum...
pigz: not found
>>> perl-sub-install-doc*: Create perl-sub-install-doc-0.929-r2.apk
>>> perl-sub-install*: Tracing dependencies...
	perl
>>> perl-sub-install*: Package size: 13.0 KB
>>> perl-sub-install*: Compressing data...
>>> perl-sub-install*: Create checksum...
pigz: not found
>>> perl-sub-install*: Create perl-sub-install-0.929-r2.apk
>>> perl-sub-install: Build complete at Sun, 18 May 2025 08:54:47 +0000 elapsed time 0h 0m 4s
>>> perl-sub-install: Cleaning up srcdir
>>> perl-sub-install: Cleaning up pkgdir
>>> perl-sub-install: Uninstalling dependencies...
(1/8) Purging .makedepends-perl-sub-install (20250518.085444)
(2/8) Purging perl-dev (5.40.2-r0)
(3/8) Purging perl-utils (5.40.2-r0)
(4/8) Purging git-perl (2.47.2-r0)
(5/8) Purging perl-git (2.47.2-r0)
(6/8) Purging perl-error (0.17030-r0)
(7/8) Purging perl (5.40.2-r0)
(8/8) Purging libbz2 (1.0.8-r6)
Executing busybox-1.37.0-r12.trigger
OK: 261 MiB in 81 packages
>>> perl-sub-install: Updating the main/x86_64 repository index...
>>> perl-sub-install: Signing the index...
pigz: not found
