pigz: not found
>>> perl-text-wrapper: Building main/perl-text-wrapper 1.05-r5 (using abuild 3.14.1-r4) started Sun, 18 May 2025 09:56:25 +0000
>>> perl-text-wrapper: Validating /home/packager/aports/main/perl-text-wrapper/APKBUILD...
>>> perl-text-wrapper: Analyzing dependencies...
>>> perl-text-wrapper: Installing for build: build-base perl perl-dev
(1/8) Installing libbz2 (1.0.8-r6)
(2/8) Installing perl (5.40.2-r0)
(3/8) Installing perl-utils (5.40.2-r0)
(4/8) Installing perl-dev (5.40.2-r0)
(5/8) Installing .makedepends-perl-text-wrapper (20250518.095626)
(6/8) Installing perl-error (0.17030-r0)
(7/8) Installing perl-git (2.47.2-r0)
(8/8) Installing git-perl (2.47.2-r0)
Executing busybox-1.37.0-r12.trigger
OK: 307 MiB in 89 packages
>>> perl-text-wrapper: Cleaning up srcdir
>>> perl-text-wrapper: Cleaning up pkgdir
>>> perl-text-wrapper: Cleaning up tmpdir
>>> perl-text-wrapper: Fetching https://cpan.metacpan.org/authors/id/C/CJ/CJM/Text-Wrapper-1.05.tar.gz
Connecting to cpan.metacpan.org (146.75.122.217:443)
saving to '/var/cache/distfiles/Text-Wrapper-1.05.tar.gz.part'
Text-Wrapper-1.05.ta 100% |********************************| 18609  0:00:00 ETA
'/var/cache/distfiles/Text-Wrapper-1.05.tar.gz.part' saved
>>> perl-text-wrapper: Fetching https://cpan.metacpan.org/authors/id/C/CJ/CJM/Text-Wrapper-1.05.tar.gz
>>> perl-text-wrapper: Checking sha512sums...
Text-Wrapper-1.05.tar.gz: OK
>>> perl-text-wrapper: Unpacking /var/cache/distfiles/Text-Wrapper-1.05.tar.gz...
Checking if your kit is complete...
Looks good
Generating a Unix-style Makefile
Writing Makefile for Text::Wrapper
Writing MYMETA.yml and MYMETA.json
cp lib/Text/Wrapper.pm blib/lib/Text/Wrapper.pm
Manifying 1 pod document
PERL_DL_NONLAZY=1 "/usr/bin/perl" "-MExtUtils::Command::MM" "-MTest::Harness" "-e" "undef *Test::Harness::Switches; test_harness(0, 'blib/lib', 'blib/arch')" t/*.t
t/00-all_prereqs.t .. ok
# Testing Text::Wrapper 1.05
t/00-load.t ......... ok
t/10-wrapper.t ...... ok
t/20-unicode.t ...... ok
All tests successful.
Files=4, Tests=32,  0 wallclock secs ( 0.02 usr  0.01 sys +  0.22 cusr  0.02 csys =  0.27 CPU)
Result: PASS
>>> perl-text-wrapper: Entering fakeroot...
Manifying 1 pod document
Appending installation info to /home/packager/aports/main/perl-text-wrapper/pkg/perl-text-wrapper/usr/lib/perl5/core_perl/perllocal.pod
Installing /home/packager/aports/main/perl-text-wrapper/pkg/perl-text-wrapper/usr/share/perl5/vendor_perl/Text/Wrapper.pm
Installing /home/packager/aports/main/perl-text-wrapper/pkg/perl-text-wrapper/usr/share/man/man3/Text::Wrapper.3pm
>>> perl-text-wrapper-doc*: Running split function doc...
'usr/share/man' -> '/home/packager/aports/main/perl-text-wrapper/pkg/perl-text-wrapper-doc/usr/share/man'
>>> perl-text-wrapper-doc*: Preparing subpackage perl-text-wrapper-doc...
>>> perl-text-wrapper-doc*: Running postcheck for perl-text-wrapper-doc
>>> perl-text-wrapper*: Running postcheck for perl-text-wrapper
>>> perl-text-wrapper*: Preparing package perl-text-wrapper...
>>> perl-text-wrapper-doc*: Tracing dependencies...
>>> perl-text-wrapper-doc*: Package size: 2.7 KB
>>> perl-text-wrapper-doc*: Compressing data...
>>> perl-text-wrapper-doc*: Create checksum...
pigz: not found
>>> perl-text-wrapper-doc*: Create perl-text-wrapper-doc-1.05-r5.apk
>>> perl-text-wrapper*: Tracing dependencies...
	perl
>>> perl-text-wrapper*: Package size: 8.0 KB
>>> perl-text-wrapper*: Compressing data...
>>> perl-text-wrapper*: Create checksum...
pigz: not found
>>> perl-text-wrapper*: Create perl-text-wrapper-1.05-r5.apk
>>> perl-text-wrapper: Build complete at Sun, 18 May 2025 09:56:28 +0000 elapsed time 0h 0m 3s
>>> perl-text-wrapper: Cleaning up srcdir
>>> perl-text-wrapper: Cleaning up pkgdir
>>> perl-text-wrapper: Uninstalling dependencies...
(1/8) Purging .makedepends-perl-text-wrapper (20250518.095626)
(2/8) Purging perl-dev (5.40.2-r0)
(3/8) Purging perl-utils (5.40.2-r0)
(4/8) Purging git-perl (2.47.2-r0)
(5/8) Purging perl-git (2.47.2-r0)
(6/8) Purging perl-error (0.17030-r0)
(7/8) Purging perl (5.40.2-r0)
(8/8) Purging libbz2 (1.0.8-r6)
Executing busybox-1.37.0-r12.trigger
OK: 261 MiB in 81 packages
>>> perl-text-wrapper: Updating the main/x86_64 repository index...
>>> perl-text-wrapper: Signing the index...
pigz: not found
