pigz: not found
>>> perl-http-daemon: Building main/perl-http-daemon 6.16-r2 (using abuild 3.14.1-r4) started Sun, 18 May 2025 07:16:24 +0000
>>> perl-http-daemon: Validating /home/packager/aports/main/perl-http-daemon/APKBUILD...
>>> perl-http-daemon: Analyzing dependencies...
>>> perl-http-daemon: Installing for build: build-base perl perl-http-date perl-http-message perl-lwp-mediatypes perl-dev perl-module-build-tiny perl-module-build perl-test-needs
(1/21) Installing libbz2 (1.0.8-r6)
(2/21) Installing perl (5.40.2-r0)
(3/21) Installing perl-http-date (6.06-r0)
(4/21) Installing perl-clone (0.47-r0)
(5/21) Installing perl-uri (5.28-r0)
(6/21) Installing perl-io-html (1.004-r1)
(7/21) Installing perl-encode-locale (1.05-r5)
(8/21) Installing perl-lwp-mediatypes (6.04-r3)
(9/21) Installing perl-http-message (7.00-r0)
(10/21) Installing perl-utils (5.40.2-r0)
(11/21) Installing perl-dev (5.40.2-r0)
(12/21) Installing perl-extutils-config (0.010-r0)
(13/21) Installing perl-extutils-helpers (0.028-r0)
(14/21) Installing perl-extutils-installpaths (0.014-r0)
(15/21) Installing perl-module-build-tiny (0.051-r0)
(16/21) Installing perl-module-build (0.4234-r1)
(17/21) Installing perl-test-needs (0.002010-r1)
(18/21) Installing .makedepends-perl-http-daemon (20250518.071625)
(19/21) Installing perl-error (0.17029-r2)
(20/21) Installing perl-git (2.47.2-r0)
(21/21) Installing git-perl (2.47.2-r0)
Executing busybox-1.37.0-r12.trigger
OK: 307 MiB in 102 packages
>>> perl-http-daemon: Cleaning up srcdir
>>> perl-http-daemon: Cleaning up pkgdir
>>> perl-http-daemon: Cleaning up tmpdir
>>> perl-http-daemon: Fetching https://cpan.metacpan.org/authors/id/O/OA/OALDERS/HTTP-Daemon-6.16.tar.gz
Connecting to cpan.metacpan.org (146.75.122.217:443)
saving to '/var/cache/distfiles/HTTP-Daemon-6.16.tar.gz.part'
HTTP-Daemon-6.16.tar 100% |********************************| 45830  0:00:00 ETA
'/var/cache/distfiles/HTTP-Daemon-6.16.tar.gz.part' saved
>>> perl-http-daemon: Fetching https://cpan.metacpan.org/authors/id/O/OA/OALDERS/HTTP-Daemon-6.16.tar.gz
>>> perl-http-daemon: Checking sha512sums...
HTTP-Daemon-6.16.tar.gz: OK
>>> perl-http-daemon: Unpacking /var/cache/distfiles/HTTP-Daemon-6.16.tar.gz...
Creating new 'Build' script for 'HTTP-Daemon' version '6.16'
cp lib/HTTP/Daemon.pm blib/lib/HTTP/Daemon.pm
# 
# Versions for all modules listed in MYMETA.json (including optional ones):
# 
# === Configure Requires ===
# 
#     Module               Want     Have
#     ------------------- ----- --------
#     ExtUtils::MakeMaker   any     7.70
#     Module::Build::Tiny 0.034    0.051
#     perl                5.006 5.040002
# 
# === Configure Suggests ===
# 
#     Module      Want Have
#     -------- ------- ----
#     JSON::PP 2.27300 4.16
# 
# === Test Requires ===
# 
#     Module            Want     Have
#     ---------------- ----- --------
#     File::Spec         any     3.91
#     File::Temp         any   0.2311
#     IO::Select         any     1.55
#     MIME::Base64       any  3.16_01
#     Module::Metadata   any 1.000038
#     Test::More        0.98 1.302199
#     Test::Needs        any 0.002010
#     lib                any     0.65
#     perl             5.006 5.040002
# 
# === Test Recommends ===
# 
#     Module         Want     Have
#     ---------- -------- --------
#     CPAN::Meta 2.120900 2.150010
# 
# === Test Suggests ===
# 
#     Module         Want    Have
#     -------------- ---- -------
#     LWP::UserAgent 6.37 missing
# 
# === Runtime Requires ===
# 
#     Module           Want     Have
#     --------------- ----- --------
#     Carp              any     1.54
#     HTTP::Date          6     6.06
#     HTTP::Request       6     7.00
#     HTTP::Response      6     7.00
#     HTTP::Status        6     7.00
#     IO::Socket::IP   0.32     0.42
#     LWP::MediaTypes     6     6.04
#     Socket            any    2.038
#     perl            5.006 5.040002
#     strict            any     1.13
#     warnings          any     1.70
# 
# === Other Modules ===
# 
#     Module             Have
#     --------------- -------
#     Encode             3.21
#     File::Temp       0.2311
#     JSON::PP           4.16
#     Module::Runtime missing
#     Pod::Coverage   missing
#     Sub::Name       missing
#     YAML            missing
#     autodie            2.37
# 
t/00-report-prereqs.t .. ok
t/basic.t .............. skipped: Need LWP::UserAgent 6.37
t/chunked.t ............ ok
t/content_length.t ..... ok
t/encoding.t ........... ok
All tests successful.
Files=5, Tests=31,  3 wallclock secs ( 0.04 usr  0.01 sys +  0.79 cusr  0.08 csys =  0.92 CPU)
Result: PASS
>>> perl-http-daemon: Entering fakeroot...
Installing /home/packager/aports/main/perl-http-daemon/pkg/perl-http-daemon/usr/share/perl5/vendor_perl/HTTP/Daemon.pm
Installing /home/packager/aports/main/perl-http-daemon/pkg/perl-http-daemon/usr/share/man/man3/HTTP::Daemon.3pm
>>> perl-http-daemon*: Running postcheck for perl-http-daemon
>>> WARNING: perl-http-daemon*: Found /usr/share/man but package name doesn't end with -doc
>>> perl-http-daemon*: Preparing package perl-http-daemon...
>>> perl-http-daemon*: Tracing dependencies...
	perl
	perl-http-date
	perl-http-message
	perl-lwp-mediatypes
>>> perl-http-daemon*: Package size: 49.2 KB
>>> perl-http-daemon*: Compressing data...
>>> perl-http-daemon*: Create checksum...
pigz: not found
>>> perl-http-daemon*: Create perl-http-daemon-6.16-r2.apk
>>> perl-http-daemon: Build complete at Sun, 18 May 2025 07:16:30 +0000 elapsed time 0h 0m 6s
>>> perl-http-daemon: Cleaning up srcdir
>>> perl-http-daemon: Cleaning up pkgdir
>>> perl-http-daemon: Uninstalling dependencies...
(1/21) Purging .makedepends-perl-http-daemon (20250518.071625)
(2/21) Purging perl-http-message (7.00-r0)
(3/21) Purging perl-clone (0.47-r0)
(4/21) Purging perl-http-date (6.06-r0)
(5/21) Purging perl-uri (5.28-r0)
(6/21) Purging perl-io-html (1.004-r1)
(7/21) Purging perl-encode-locale (1.05-r5)
(8/21) Purging perl-lwp-mediatypes (6.04-r3)
(9/21) Purging perl-dev (5.40.2-r0)
(10/21) Purging perl-utils (5.40.2-r0)
(11/21) Purging perl-module-build-tiny (0.051-r0)
(12/21) Purging perl-extutils-helpers (0.028-r0)
(13/21) Purging perl-extutils-installpaths (0.014-r0)
(14/21) Purging perl-extutils-config (0.010-r0)
(15/21) Purging perl-module-build (0.4234-r1)
(16/21) Purging perl-test-needs (0.002010-r1)
(17/21) Purging git-perl (2.47.2-r0)
(18/21) Purging perl-git (2.47.2-r0)
(19/21) Purging perl-error (0.17029-r2)
(20/21) Purging perl (5.40.2-r0)
(21/21) Purging libbz2 (1.0.8-r6)
Executing busybox-1.37.0-r12.trigger
OK: 260 MiB in 81 packages
>>> perl-http-daemon: Updating the main/x86_64 repository index...
>>> perl-http-daemon: Signing the index...
pigz: not found
