pigz: not found
>>> perl-test-fatal: Building main/perl-test-fatal 0.017-r1 (using abuild 3.14.1-r4) started Sun, 18 May 2025 07:13:35 +0000
>>> perl-test-fatal: Validating /home/packager/aports/main/perl-test-fatal/APKBUILD...
>>> perl-test-fatal: Analyzing dependencies...
>>> perl-test-fatal: Installing for build: build-base perl perl-try-tiny perl-dev
(1/9) Installing libbz2 (1.0.8-r6)
(2/9) Installing perl (5.40.2-r0)
(3/9) Installing perl-try-tiny (0.32-r0)
(4/9) Installing perl-utils (5.40.2-r0)
(5/9) Installing perl-dev (5.40.2-r0)
(6/9) Installing .makedepends-perl-test-fatal (20250518.071338)
(7/9) Installing perl-error (0.17029-r2)
(8/9) Installing perl-git (2.47.2-r0)
(9/9) Installing git-perl (2.47.2-r0)
Executing busybox-1.37.0-r12.trigger
OK: 306 MiB in 90 packages
>>> perl-test-fatal: Cleaning up srcdir
>>> perl-test-fatal: Cleaning up pkgdir
>>> perl-test-fatal: Cleaning up tmpdir
>>> perl-test-fatal: Fetching https://cpan.metacpan.org/authors/id/R/RJ/RJBS/Test-Fatal-0.017.tar.gz
Connecting to cpan.metacpan.org (146.75.122.217:443)
saving to '/var/cache/distfiles/Test-Fatal-0.017.tar.gz.part'
Test-Fatal-0.017.tar 100% |********************************| 21750  0:00:00 ETA
'/var/cache/distfiles/Test-Fatal-0.017.tar.gz.part' saved
>>> perl-test-fatal: Fetching https://cpan.metacpan.org/authors/id/R/RJ/RJBS/Test-Fatal-0.017.tar.gz
>>> perl-test-fatal: Checking sha512sums...
Test-Fatal-0.017.tar.gz: OK
>>> perl-test-fatal: Unpacking /var/cache/distfiles/Test-Fatal-0.017.tar.gz...
Checking if your kit is complete...
Looks good
Generating a Unix-style Makefile
Writing Makefile for Test::Fatal
Writing MYMETA.yml and MYMETA.json
cp lib/Test/Fatal.pm blib/lib/Test/Fatal.pm
Manifying 1 pod document
PERL_DL_NONLAZY=1 "/usr/bin/perl" "-MExtUtils::Command::MM" "-MTest::Harness" "-e" "undef *Test::Harness::Switches; test_harness(0, 'blib/lib', 'blib/arch')" t/*.t
# 
# Versions for all modules listed in MYMETA.json (including optional ones):
# 
# === Configure Requires ===
# 
#     Module              Want Have
#     ------------------- ---- ----
#     ExtUtils::MakeMaker 6.78 7.70
# 
# === Build Requires ===
# 
#     Module              Want Have
#     ------------------- ---- ----
#     ExtUtils::MakeMaker  any 7.70
# 
# === Test Requires ===
# 
#     Module                Want     Have
#     --------------------- ---- --------
#     ExtUtils::MakeMaker    any     7.70
#     File::Spec             any     3.91
#     Test::Builder::Tester  any 1.302199
#     Test::More            0.65 1.302199
#     overload               any     1.37
# 
# === Test Recommends ===
# 
#     Module         Want     Have
#     ---------- -------- --------
#     CPAN::Meta 2.120900 2.150010
# 
# === Runtime Requires ===
# 
#     Module        Want     Have
#     ------------- ---- --------
#     Carp           any     1.54
#     Exporter      5.57     5.78
#     Test::Builder  any 1.302199
#     Try::Tiny     0.07     0.32
#     strict         any     1.13
#     warnings       any     1.70
# 
t/00-report-prereqs.t .. ok
t/basic.t .............. ok
t/like-exception.t ..... ok
t/todo.t ............... ok
All tests successful.
Files=4, Tests=18,  1 wallclock secs ( 0.02 usr  0.02 sys +  0.41 cusr  0.06 csys =  0.51 CPU)
Result: PASS
>>> perl-test-fatal: Entering fakeroot...
Manifying 1 pod document
Appending installation info to /home/packager/aports/main/perl-test-fatal/pkg/perl-test-fatal/usr/lib/perl5/core_perl/perllocal.pod
Installing /home/packager/aports/main/perl-test-fatal/pkg/perl-test-fatal/usr/share/perl5/vendor_perl/Test/Fatal.pm
Installing /home/packager/aports/main/perl-test-fatal/pkg/perl-test-fatal/usr/share/man/man3/Test::Fatal.3pm
>>> perl-test-fatal-doc*: Running split function doc...
'usr/share/man' -> '/home/packager/aports/main/perl-test-fatal/pkg/perl-test-fatal-doc/usr/share/man'
>>> perl-test-fatal-doc*: Preparing subpackage perl-test-fatal-doc...
>>> perl-test-fatal-doc*: Running postcheck for perl-test-fatal-doc
>>> perl-test-fatal*: Running postcheck for perl-test-fatal
>>> perl-test-fatal*: Preparing package perl-test-fatal...
>>> perl-test-fatal-doc*: Tracing dependencies...
>>> perl-test-fatal-doc*: Package size: 3.6 KB
>>> perl-test-fatal-doc*: Compressing data...
>>> perl-test-fatal-doc*: Create checksum...
pigz: not found
>>> perl-test-fatal-doc*: Create perl-test-fatal-doc-0.017-r1.apk
>>> perl-test-fatal*: Tracing dependencies...
	perl
	perl-try-tiny
>>> perl-test-fatal*: Package size: 15.0 KB
>>> perl-test-fatal*: Compressing data...
>>> perl-test-fatal*: Create checksum...
pigz: not found
>>> perl-test-fatal*: Create perl-test-fatal-0.017-r1.apk
>>> perl-test-fatal: Build complete at Sun, 18 May 2025 07:13:41 +0000 elapsed time 0h 0m 6s
>>> perl-test-fatal: Cleaning up srcdir
>>> perl-test-fatal: Cleaning up pkgdir
>>> perl-test-fatal: Uninstalling dependencies...
(1/9) Purging .makedepends-perl-test-fatal (20250518.071338)
(2/9) Purging perl-try-tiny (0.32-r0)
(3/9) Purging perl-dev (5.40.2-r0)
(4/9) Purging perl-utils (5.40.2-r0)
(5/9) Purging git-perl (2.47.2-r0)
(6/9) Purging perl-git (2.47.2-r0)
(7/9) Purging perl-error (0.17029-r2)
(8/9) Purging perl (5.40.2-r0)
(9/9) Purging libbz2 (1.0.8-r6)
Executing busybox-1.37.0-r12.trigger
OK: 260 MiB in 81 packages
>>> perl-test-fatal: Updating the main/x86_64 repository index...
>>> perl-test-fatal: Signing the index...
pigz: not found
