pigz: not found
>>> perl-class-data-inheritable: Building main/perl-class-data-inheritable 0.10-r0 (using abuild 3.14.1-r4) started Sun, 18 May 2025 07:52:29 +0000
>>> perl-class-data-inheritable: Validating /home/packager/aports/main/perl-class-data-inheritable/APKBUILD...
>>> perl-class-data-inheritable: Analyzing dependencies...
>>> perl-class-data-inheritable: Installing for build: build-base perl
(1/6) Installing libbz2 (1.0.8-r6)
(2/6) Installing perl (5.40.2-r0)
(3/6) Installing .makedepends-perl-class-data-inheritable (20250518.075230)
(4/6) Installing perl-error (0.17029-r2)
(5/6) Installing perl-git (2.47.2-r0)
(6/6) Installing git-perl (2.47.2-r0)
Executing busybox-1.37.0-r12.trigger
OK: 297 MiB in 87 packages
>>> perl-class-data-inheritable: Cleaning up srcdir
>>> perl-class-data-inheritable: Cleaning up pkgdir
>>> perl-class-data-inheritable: Cleaning up tmpdir
>>> perl-class-data-inheritable: Fetching https://cpan.metacpan.org/authors/id/R/RS/RSHERER/Class-Data-Inheritable-0.10.tar.gz
Connecting to cpan.metacpan.org (146.75.122.217:443)
saving to '/var/cache/distfiles/Class-Data-Inheritable-0.10.tar.gz.part'
Class-Data-Inheritab 100% |********************************|  6462  0:00:00 ETA
'/var/cache/distfiles/Class-Data-Inheritable-0.10.tar.gz.part' saved
>>> perl-class-data-inheritable: Fetching https://cpan.metacpan.org/authors/id/R/RS/RSHERER/Class-Data-Inheritable-0.10.tar.gz
>>> perl-class-data-inheritable: Checking sha512sums...
Class-Data-Inheritable-0.10.tar.gz: OK
>>> perl-class-data-inheritable: Unpacking /var/cache/distfiles/Class-Data-Inheritable-0.10.tar.gz...
tar: Ignoring unknown extended header keyword 'LIBARCHIVE.xattr.com.apple.lastuseddate#PS'
Checking if your kit is complete...
Looks good
Generating a Unix-style Makefile
Writing Makefile for Class::Data::Inheritable
Writing MYMETA.yml and MYMETA.json
cp lib/Class/Data/Inheritable.pm blib/lib/Class/Data/Inheritable.pm
Manifying 1 pod document
PERL_DL_NONLAZY=1 "/usr/bin/perl" "-MExtUtils::Command::MM" "-MTest::Harness" "-e" "undef *Test::Harness::Switches; test_harness(0, 'blib/lib', 'blib/arch')" t/*.t
t/Inheritable.t ... ok
t/pod-coverage.t .. skipped: Test::Pod::Coverage 1.00 required for testing POD coverage
t/pod.t ........... skipped: Test::Pod 1.00 required for testing POD
All tests successful.
Files=3, Tests=15,  1 wallclock secs ( 0.02 usr  0.01 sys +  0.18 cusr  0.03 csys =  0.24 CPU)
Result: PASS
>>> perl-class-data-inheritable: Entering fakeroot...
Manifying 1 pod document
Installing /home/packager/aports/main/perl-class-data-inheritable/pkg/perl-class-data-inheritable/usr/share/perl5/vendor_perl/Class/Data/Inheritable.pm
Installing /home/packager/aports/main/perl-class-data-inheritable/pkg/perl-class-data-inheritable/usr/share/man/man3/Class::Data::Inheritable.3pm
>>> perl-class-data-inheritable-doc*: Running split function doc...
'usr/share/man' -> '/home/packager/aports/main/perl-class-data-inheritable/pkg/perl-class-data-inheritable-doc/usr/share/man'
>>> perl-class-data-inheritable-doc*: Preparing subpackage perl-class-data-inheritable-doc...
>>> perl-class-data-inheritable-doc*: Running postcheck for perl-class-data-inheritable-doc
>>> perl-class-data-inheritable*: Running postcheck for perl-class-data-inheritable
>>> perl-class-data-inheritable*: Preparing package perl-class-data-inheritable...
>>> perl-class-data-inheritable-doc*: Tracing dependencies...
>>> perl-class-data-inheritable-doc*: Package size: 2.3 KB
>>> perl-class-data-inheritable-doc*: Compressing data...
>>> perl-class-data-inheritable-doc*: Create checksum...
pigz: not found
>>> perl-class-data-inheritable-doc*: Create perl-class-data-inheritable-doc-0.10-r0.apk
>>> perl-class-data-inheritable*: Tracing dependencies...
	perl
>>> perl-class-data-inheritable*: Package size: 4.0 KB
>>> perl-class-data-inheritable*: Compressing data...
>>> perl-class-data-inheritable*: Create checksum...
pigz: not found
>>> perl-class-data-inheritable*: Create perl-class-data-inheritable-0.10-r0.apk
>>> perl-class-data-inheritable: Build complete at Sun, 18 May 2025 07:52:33 +0000 elapsed time 0h 0m 4s
>>> perl-class-data-inheritable: Cleaning up srcdir
>>> perl-class-data-inheritable: Cleaning up pkgdir
>>> perl-class-data-inheritable: Uninstalling dependencies...
(1/6) Purging .makedepends-perl-class-data-inheritable (20250518.075230)
(2/6) Purging git-perl (2.47.2-r0)
(3/6) Purging perl-git (2.47.2-r0)
(4/6) Purging perl-error (0.17029-r2)
(5/6) Purging perl (5.40.2-r0)
(6/6) Purging libbz2 (1.0.8-r6)
Executing busybox-1.37.0-r12.trigger
OK: 261 MiB in 81 packages
>>> perl-class-data-inheritable: Updating the main/x86_64 repository index...
>>> perl-class-data-inheritable: Signing the index...
pigz: not found
