>>> perl-class-tiny: Validating /home/packager/oily-pine/main/perl-class-tiny/APKBUILD...
>>> perl-class-tiny: Cleaning up srcdir
>>> perl-class-tiny: Cleaning up pkgdir
>>> perl-class-tiny: Cleaning up tmpdir
>>> perl-class-tiny: Fetching https://cpan.metacpan.org/authors/id/D/DA/DAGOLDEN/Class-Tiny-1.008.tar.gz
  % Total    % Received % Xferd  Average Speed   Time    Time     Time  Current
                                 Dload  Upload   Total   Spent    Left  Speed
  0     0    0     0    0     0      0      0 --:--:-- --:--:-- --:--:--     0100 24657  100 24657    0     0   161k      0 --:--:-- --:--:-- --:--:--  162k
>>> perl-class-tiny: Fetching https://cpan.metacpan.org/authors/id/D/DA/DAGOLDEN/Class-Tiny-1.008.tar.gz
>>> perl-class-tiny: Checking sha512sums...
Class-Tiny-1.008.tar.gz: OK
>>> perl-class-tiny: Preparing build chroot...
fetch http://dl-cdn.alpinelinux.org/alpine/edge/main/x86_64/APKINDEX.tar.gz
(1/76) Installing musl (1.2.5-r10)
(2/76) Installing libcrypto3 (3.5.0-r0)
(3/76) Installing ca-certificates-bundle (20241121-r2)
(4/76) Installing libssl3 (3.5.0-r0)
(5/76) Installing zlib (1.3.1-r2)
(6/76) Installing libapk2 (2.14.9-r2)
(7/76) Installing apk-tools (2.14.9-r2)
(8/76) Installing libcap2 (2.76-r0)
(9/76) Installing libcap-getcap (2.76-r0)
(10/76) Installing fakeroot (1.37.1.1-r0)
(11/76) Installing scanelf (1.3.8-r1)
(12/76) Installing musl-utils (1.2.5-r10)
(13/76) Installing libgcc (14.3.0-r1)
(14/76) Installing libstdc++ (14.3.0-r1)
(15/76) Installing lzip (1.25-r0)
(16/76) Installing openssl (3.5.0-r0)
(17/76) Installing patch (2.8-r0)
(18/76) Installing pkgconf (2.4.3-r0)
(19/76) Installing acl-libs (2.3.2-r1)
(20/76) Installing tar (1.35-r3)
(21/76) Installing busybox (1.37.0-r18)
Executing busybox-1.37.0-r18.post-install
(22/76) Installing ssl_client (1.37.0-r18)
(23/76) Installing busybox-binsh (1.37.0-r18)
(24/76) Installing abuild (3.15.0-r0)
Executing abuild-3.15.0-r0.pre-install
(25/76) Installing abuild-sudo (3.15.0-r0)
(26/76) Installing alpine-baselayout-data (3.7.0-r0)
(27/76) Installing alpine-baselayout (3.7.0-r0)
Executing alpine-baselayout-3.7.0-r0.pre-install
Executing alpine-baselayout-3.7.0-r0.post-install
(28/76) Installing bridge (1.5-r5)
(29/76) Installing ifupdown-ng (0.12.1-r7)
(30/76) Installing openrc-user (0.62.2-r2)
(31/76) Installing openrc (0.62.2-r2)
Executing openrc-0.62.2-r2.post-install
(32/76) Installing mdev-conf (4.8-r0)
(33/76) Installing busybox-mdev-openrc (1.37.0-r18)
(34/76) Installing alpine-conf (3.20.0-r0)
(35/76) Installing alpine-keys (2.5-r0)
(36/76) Installing alpine-release (3.22.0-r0)
(37/76) Installing busybox-openrc (1.37.0-r18)
(38/76) Installing busybox-suid (1.37.0-r18)
(39/76) Installing alpine-base (3.22.0-r0)
(40/76) Installing jansson (2.14.1-r0)
(41/76) Installing zstd-libs (1.5.7-r0)
(42/76) Installing binutils (2.44-r0)
(43/76) Installing libmagic (5.46-r2)
(44/76) Installing file (5.46-r2)
(45/76) Installing libgomp (14.3.0-r1)
(46/76) Installing libatomic (14.3.0-r1)
(47/76) Installing gmp (6.3.0-r3)
(48/76) Installing isl26 (0.26-r1)
(49/76) Installing mpfr4 (4.2.1_p1-r0)
(50/76) Installing mpc1 (1.3.1-r1)
(51/76) Installing gcc (14.3.0-r1)
(52/76) Installing libstdc++-dev (14.3.0-r1)
(53/76) Installing musl-dev (1.2.5-r10)
(54/76) Installing g++ (14.3.0-r1)
(55/76) Installing make (4.4.1-r3)
(56/76) Installing fortify-headers (1.1-r5)
(57/76) Installing build-base (0.5-r3)
(58/76) Installing brotli-libs (1.1.0-r2)
(59/76) Installing c-ares (1.34.5-r0)
(60/76) Installing libunistring (1.3-r0)
(61/76) Installing libidn2 (2.3.7-r0)
(62/76) Installing nghttp2-libs (1.65.0-r0)
(63/76) Installing libpsl (0.21.5-r3)
(64/76) Installing libcurl (8.14.0-r2)
(65/76) Installing libexpat (2.7.1-r0)
(66/76) Installing pcre2 (10.43-r1)
(67/76) Installing git (2.49.0-r0)
(68/76) Installing git-init-template (2.49.0-r0)
(69/76) Installing libbz2 (1.0.8-r6)
(70/76) Installing perl (5.40.2-r0)
(71/76) Installing perl-error (0.17030-r0)
(72/76) Installing perl-git (2.49.0-r0)
(73/76) Installing git-perl (2.49.0-r0)
(74/76) Installing perl-utils (5.40.2-r0)
(75/76) Installing perl-dev (5.40.2-r0)
(76/76) Installing perl-test-failwarnings (0.008-r5)
Executing busybox-1.37.0-r18.trigger
OK: 305 MiB in 76 packages
>>> perl-class-tiny: Fetching https://cpan.metacpan.org/authors/id/D/DA/DAGOLDEN/Class-Tiny-1.008.tar.gz
>>> perl-class-tiny: Checking sha512sums...
Class-Tiny-1.008.tar.gz: OK
>>> perl-class-tiny: Unpacking /var/cache/distfiles/Class-Tiny-1.008.tar.gz...
Checking if your kit is complete...
Looks good
Generating a Unix-style Makefile
Writing Makefile for Class::Tiny
Writing MYMETA.yml and MYMETA.json
cp lib/Class/Tiny.pm blib/lib/Class/Tiny.pm
Manifying 1 pod document
PERL_DL_NONLAZY=1 "/usr/bin/perl" "-MExtUtils::Command::MM" "-MTest::Harness" "-e" "undef *Test::Harness::Switches; test_harness(0, 'blib/lib', 'blib/arch')" t/*.t
# 
# Versions for all modules listed in MYMETA.json (including optional ones):
# 
# === Configure Requires ===
# 
#     Module              Want Have
#     ------------------- ---- ----
#     ExtUtils::MakeMaker 6.17 7.70
# 
# === Build Requires ===
# 
#     Module              Want Have
#     ------------------- ---- ----
#     ExtUtils::MakeMaker  any 7.70
# 
# === Test Requires ===
# 
#     Module              Want     Have
#     ------------------- ---- --------
#     Exporter             any     5.78
#     ExtUtils::MakeMaker  any     7.70
#     File::Spec           any     3.91
#     Test::More          0.96 1.302199
#     base                 any     2.27
#     lib                  any     0.65
#     subs                 any     1.04
# 
# === Test Recommends ===
# 
#     Module                 Want     Have
#     ------------------ -------- --------
#     CPAN::Meta         2.120900 2.150010
#     Test::FailWarnings      any    0.008
# 
# === Runtime Requires ===
# 
#     Module   Want Have
#     -------- ---- ----
#     Carp      any 1.54
#     strict    any 1.13
#     warnings  any 1.70
# 
t/00-report-prereqs.t .. ok
t/alfa.t ............... ok
t/baker.t .............. ok
t/charlie.t ............ ok
t/delta.t .............. ok
t/echo.t ............... ok
t/foxtrot.t ............ ok
t/golf.t ............... ok
t/hotel.t .............. ok
t/juliett.t ............ ok
All tests successful.
Files=10, Tests=51,  0 wallclock secs ( 0.02 usr  0.00 sys +  0.41 cusr  0.07 csys =  0.50 CPU)
Result: PASS
>>> perl-class-tiny: Entering fakeroot...
Manifying 1 pod document
Appending installation info to /tmp/pkg/perl-class-tiny/usr/lib/perl5/core_perl/perllocal.pod
Installing /tmp/pkg/perl-class-tiny/usr/share/perl5/vendor_perl/Class/Tiny.pm
Installing /tmp/pkg/perl-class-tiny/usr/share/man/man3/Class::Tiny.3pm
>>> perl-class-tiny-doc*: Running split function doc...
'usr/share/man' -> '/tmp/pkg/perl-class-tiny-doc/usr/share/man'
>>> perl-class-tiny-doc*: Preparing subpackage perl-class-tiny-doc...
>>> perl-class-tiny-doc*: Running postcheck for perl-class-tiny-doc
>>> perl-class-tiny*: Running postcheck for perl-class-tiny
>>> perl-class-tiny*: Preparing package perl-class-tiny...
>>> perl-class-tiny-doc*: Tracing dependencies...
>>> perl-class-tiny-doc*: Package size: 5.2 KB
>>> perl-class-tiny-doc*: Compressing data...
>>> perl-class-tiny-doc*: Create checksum...
>>> perl-class-tiny-doc*: Create perl-class-tiny-doc-1.008-r3.apk
>>> perl-class-tiny*: Tracing dependencies...
	perl
>>> perl-class-tiny*: Package size: 17.0 KB
>>> perl-class-tiny*: Compressing data...
>>> perl-class-tiny*: Create checksum...
>>> perl-class-tiny*: Create perl-class-tiny-1.008-r3.apk
>>> perl-class-tiny: Updating the main/x86_64 repository index...
>>> perl-class-tiny: Signing the index...
>>> perl-class-tiny: Cleaning up srcdir
>>> perl-class-tiny: Cleaning up build chroot
>>> perl-class-tiny: Cleaning up pkgdir
