pigz: not found
>>> perl-params-validationcompiler: Building main/perl-params-validationcompiler 0.31-r2 (using abuild 3.14.1-r4) started Sun, 18 May 2025 07:53:56 +0000
>>> perl-params-validationcompiler: Validating /home/packager/aports/main/perl-params-validationcompiler/APKBUILD...
>>> perl-params-validationcompiler: Analyzing dependencies...
>>> perl-params-validationcompiler: Installing for build: build-base perl perl-specio perl-test-simple perl-test-without-module perl-eval-closure perl-exception-class perl-test2-plugin-nowarnings perl-role-tiny perl-mro-compat perl-type-tiny
(1/23) Installing libbz2 (1.0.8-r6)
(2/23) Installing perl (5.40.2-r0)
(3/23) Installing perl-sub-quote (2.006008-r1)
(4/23) Installing perl-devel-stacktrace (2.05-r0)
(5/23) Installing perl-role-tiny (2.002004-r2)
(6/23) Installing perl-mro-compat (0.15-r2)
(7/23) Installing perl-try-tiny (0.32-r0)
(8/23) Installing perl-test-fatal (0.017-r1)
(9/23) Installing perl-eval-closure (0.14-r4)
(10/23) Installing perl-module-runtime (0.016-r6)
(11/23) Installing perl-clone (0.47-r0)
(12/23) Installing perl-specio (0.50-r0)
(13/23) Installing perl-test-simple (1.302209-r0)
(14/23) Installing perl-test-without-module (0.23-r0)
(15/23) Installing perl-class-data-inheritable (0.10-r0)
(16/23) Installing perl-exception-class (1.45-r1)
(17/23) Installing perl-test2-plugin-nowarnings (0.10-r1)
(18/23) Installing perl-exporter-tiny (1.006002-r1)
(19/23) Installing perl-type-tiny (2.006000-r0)
(20/23) Installing .makedepends-perl-params-validationcompiler (20250518.075357)
(21/23) Installing perl-error (0.17029-r2)
(22/23) Installing perl-git (2.47.2-r0)
(23/23) Installing git-perl (2.47.2-r0)
Executing busybox-1.37.0-r12.trigger
OK: 300 MiB in 104 packages
>>> perl-params-validationcompiler: Cleaning up srcdir
>>> perl-params-validationcompiler: Cleaning up pkgdir
>>> perl-params-validationcompiler: Cleaning up tmpdir
>>> perl-params-validationcompiler: Fetching https://cpan.metacpan.org/authors/id/D/DR/DROLSKY/Params-ValidationCompiler-0.31.tar.gz
Connecting to cpan.metacpan.org (146.75.122.217:443)
saving to '/var/cache/distfiles/Params-ValidationCompiler-0.31.tar.gz.part'
Params-ValidationCom 100% |********************************| 51530  0:00:00 ETA
'/var/cache/distfiles/Params-ValidationCompiler-0.31.tar.gz.part' saved
>>> perl-params-validationcompiler: Fetching https://cpan.metacpan.org/authors/id/D/DR/DROLSKY/Params-ValidationCompiler-0.31.tar.gz
>>> perl-params-validationcompiler: Checking sha512sums...
Params-ValidationCompiler-0.31.tar.gz: OK
>>> perl-params-validationcompiler: Unpacking /var/cache/distfiles/Params-ValidationCompiler-0.31.tar.gz...
Checking if your kit is complete...
Looks good
Generating a Unix-style Makefile
Writing Makefile for Params::ValidationCompiler
Writing MYMETA.yml and MYMETA.json
cp lib/Params/ValidationCompiler/Compiler.pm blib/lib/Params/ValidationCompiler/Compiler.pm
cp lib/Params/ValidationCompiler.pm blib/lib/Params/ValidationCompiler.pm
cp lib/Params/ValidationCompiler/Exceptions.pm blib/lib/Params/ValidationCompiler/Exceptions.pm
Manifying 3 pod documents
PERL_DL_NONLAZY=1 "/usr/bin/perl" "-MExtUtils::Command::MM" "-MTest::Harness" "-e" "undef *Test::Harness::Switches; test_harness(0, 'blib/lib', 'blib/arch')" t/*.t t/named/*.t t/positional/*.t
# 
# Versions for all modules listed in MYMETA.json (including optional ones):
# 
# === Configure Requires ===
# 
#     Module              Want Have
#     ------------------- ---- ----
#     ExtUtils::MakeMaker  any 7.70
# 
# === Build Requires ===
# 
#     Module              Want Have
#     ------------------- ---- ----
#     ExtUtils::MakeMaker  any 7.70
# 
# === Test Requires ===
# 
#     Module                        Want     Have
#     ------------------------- -------- --------
#     ExtUtils::MakeMaker            any     7.70
#     File::Spec                     any     3.91
#     Hash::Util                     any     0.32
#     Specio                        0.14     0.50
#     Test2::Plugin::NoWarnings      any     0.10
#     Test2::Require::Module         any 1.302209
#     Test2::V0                      any 1.302209
#     Test::More                1.302015 1.302209
#     Test::Without::Module          any     0.23
# 
# === Test Recommends ===
# 
#     Module         Want     Have
#     ---------- -------- --------
#     CPAN::Meta 2.120900 2.150010
# 
# === Runtime Requires ===
# 
#     Module           Want Have
#     ---------------- ---- ----
#     B                 any 1.89
#     Carp              any 1.54
#     Eval::Closure     any 0.14
#     Exception::Class  any 1.45
#     Exporter          any 5.78
#     List::Util       1.29 1.63
#     Scalar::Util      any 1.63
#     overload          any 1.37
#     strict            any 1.13
#     warnings          any 1.70
# 
# === Runtime Recommends ===
# 
#     Module            Want    Have
#     ----------------- ---- -------
#     Class::XSAccessor 1.17 missing
#     Sub::Util         1.40    1.63
# 
t/00-report-prereqs.t .... ok
t/default.t .............. ok
t/exceptions.t ........... ok
t/moose.t ................ skipped: Module 'Moose::Util::TypeConstraints' is not installed
t/name-fails.t ........... ok
t/name.t ................. ok
t/named/args-check.t ..... ok
t/named/const-hash.t ..... skipped: Module 'Const::Fast' is not installed
t/named/locked-hash.t .... ok
t/named/required.t ....... ok
t/named/return-object.t .. ok
t/named/slurpy.t ......... ok
t/pairs-to-value-list.t .. ok
t/positional/default.t ... ok
t/positional/required.t .. ok
t/positional/slurpy.t .... ok
t/self-check.t ........... ok
t/source_for.t ........... ok
t/specio.t ............... ok
t/type-tiny.t ............ ok
All tests successful.
Files=20, Tests=81,  3 wallclock secs ( 0.07 usr  0.02 sys +  2.58 cusr  0.34 csys =  3.01 CPU)
Result: PASS
>>> perl-params-validationcompiler: Entering fakeroot...
Manifying 3 pod documents
Appending installation info to /home/packager/aports/main/perl-params-validationcompiler/pkg/perl-params-validationcompiler/usr/lib/perl5/core_perl/perllocal.pod
Installing /home/packager/aports/main/perl-params-validationcompiler/pkg/perl-params-validationcompiler/usr/share/perl5/vendor_perl/Params/ValidationCompiler.pm
Installing /home/packager/aports/main/perl-params-validationcompiler/pkg/perl-params-validationcompiler/usr/share/perl5/vendor_perl/Params/ValidationCompiler/Exceptions.pm
Installing /home/packager/aports/main/perl-params-validationcompiler/pkg/perl-params-validationcompiler/usr/share/perl5/vendor_perl/Params/ValidationCompiler/Compiler.pm
Installing /home/packager/aports/main/perl-params-validationcompiler/pkg/perl-params-validationcompiler/usr/share/man/man3/Params::ValidationCompiler.3pm
Installing /home/packager/aports/main/perl-params-validationcompiler/pkg/perl-params-validationcompiler/usr/share/man/man3/Params::ValidationCompiler::Compiler.3pm
Installing /home/packager/aports/main/perl-params-validationcompiler/pkg/perl-params-validationcompiler/usr/share/man/man3/Params::ValidationCompiler::Exceptions.3pm
>>> perl-params-validationcompiler-doc*: Running split function doc...
'usr/share/man' -> '/home/packager/aports/main/perl-params-validationcompiler/pkg/perl-params-validationcompiler-doc/usr/share/man'
>>> perl-params-validationcompiler-doc*: Preparing subpackage perl-params-validationcompiler-doc...
>>> perl-params-validationcompiler-doc*: Running postcheck for perl-params-validationcompiler-doc
>>> perl-params-validationcompiler*: Running postcheck for perl-params-validationcompiler
>>> perl-params-validationcompiler*: Preparing package perl-params-validationcompiler...
>>> perl-params-validationcompiler-doc*: Tracing dependencies...
>>> perl-params-validationcompiler-doc*: Package size: 6.9 KB
>>> perl-params-validationcompiler-doc*: Compressing data...
>>> perl-params-validationcompiler-doc*: Create checksum...
pigz: not found
>>> perl-params-validationcompiler-doc*: Create perl-params-validationcompiler-doc-0.31-r2.apk
>>> perl-params-validationcompiler*: Tracing dependencies...
	perl
	perl-specio
	perl-test-simple
	perl-test-without-module
	perl-eval-closure
	perl-exception-class
	perl-test2-plugin-nowarnings
	perl-role-tiny
	perl-mro-compat
>>> perl-params-validationcompiler*: Package size: 39.5 KB
>>> perl-params-validationcompiler*: Compressing data...
>>> perl-params-validationcompiler*: Create checksum...
pigz: not found
>>> perl-params-validationcompiler*: Create perl-params-validationcompiler-0.31-r2.apk
>>> perl-params-validationcompiler: Build complete at Sun, 18 May 2025 07:54:02 +0000 elapsed time 0h 0m 6s
>>> perl-params-validationcompiler: Cleaning up srcdir
>>> perl-params-validationcompiler: Cleaning up pkgdir
>>> perl-params-validationcompiler: Uninstalling dependencies...
(1/23) Purging .makedepends-perl-params-validationcompiler (20250518.075357)
(2/23) Purging perl-specio (0.50-r0)
(3/23) Purging perl-sub-quote (2.006008-r1)
(4/23) Purging perl-test-fatal (0.017-r1)
(5/23) Purging perl-try-tiny (0.32-r0)
(6/23) Purging perl-module-runtime (0.016-r6)
(7/23) Purging perl-clone (0.47-r0)
(8/23) Purging perl-test-without-module (0.23-r0)
(9/23) Purging perl-eval-closure (0.14-r4)
(10/23) Purging perl-exception-class (1.45-r1)
(11/23) Purging perl-devel-stacktrace (2.05-r0)
(12/23) Purging perl-class-data-inheritable (0.10-r0)
(13/23) Purging perl-test2-plugin-nowarnings (0.10-r1)
(14/23) Purging perl-test-simple (1.302209-r0)
(15/23) Purging perl-role-tiny (2.002004-r2)
(16/23) Purging perl-mro-compat (0.15-r2)
(17/23) Purging perl-type-tiny (2.006000-r0)
(18/23) Purging perl-exporter-tiny (1.006002-r1)
(19/23) Purging git-perl (2.47.2-r0)
(20/23) Purging perl-git (2.47.2-r0)
(21/23) Purging perl-error (0.17029-r2)
(22/23) Purging perl (5.40.2-r0)
(23/23) Purging libbz2 (1.0.8-r6)
Executing busybox-1.37.0-r12.trigger
OK: 261 MiB in 81 packages
>>> perl-params-validationcompiler: Updating the main/x86_64 repository index...
>>> perl-params-validationcompiler: Signing the index...
pigz: not found
