>>> perl-class-accessor: Validating /home/packager/oily-pine/main/perl-class-accessor/APKBUILD...
>>> perl-class-accessor: Cleaning up srcdir
>>> perl-class-accessor: Cleaning up pkgdir
>>> perl-class-accessor: Cleaning up tmpdir
>>> perl-class-accessor: Fetching https://cpan.metacpan.org/authors/id/K/KA/KASEI/Class-Accessor-0.51.tar.gz
  % Total    % Received % Xferd  Average Speed   Time    Time     Time  Current
                                 Dload  Upload   Total   Spent    Left  Speed
  0     0    0     0    0     0      0      0 --:--:-- --:--:-- --:--:--     0100 13013  100 13013    0     0  50642      0 --:--:-- --:--:-- --:--:-- 50832
>>> perl-class-accessor: Fetching https://cpan.metacpan.org/authors/id/K/KA/KASEI/Class-Accessor-0.51.tar.gz
>>> perl-class-accessor: Checking sha512sums...
Class-Accessor-0.51.tar.gz: OK
>>> perl-class-accessor: Preparing build chroot...
fetch http://dl-cdn.alpinelinux.org/alpine/edge/main/x86_64/APKINDEX.tar.gz
(1/73) Installing musl (1.2.5-r10)
(2/73) Installing libcrypto3 (3.5.0-r0)
(3/73) Installing ca-certificates-bundle (20241121-r2)
(4/73) Installing libssl3 (3.5.0-r0)
(5/73) Installing zlib (1.3.1-r2)
(6/73) Installing libapk2 (2.14.9-r2)
(7/73) Installing apk-tools (2.14.9-r2)
(8/73) Installing libcap2 (2.76-r0)
(9/73) Installing libcap-getcap (2.76-r0)
(10/73) Installing fakeroot (1.37.1.1-r0)
(11/73) Installing scanelf (1.3.8-r1)
(12/73) Installing musl-utils (1.2.5-r10)
(13/73) Installing libgcc (14.3.0-r0)
(14/73) Installing libstdc++ (14.3.0-r0)
(15/73) Installing lzip (1.25-r0)
(16/73) Installing openssl (3.5.0-r0)
(17/73) Installing patch (2.8-r0)
(18/73) Installing pkgconf (2.4.3-r0)
(19/73) Installing acl-libs (2.3.2-r1)
(20/73) Installing tar (1.35-r3)
(21/73) Installing busybox (1.37.0-r18)
Executing busybox-1.37.0-r18.post-install
(22/73) Installing ssl_client (1.37.0-r18)
(23/73) Installing busybox-binsh (1.37.0-r18)
(24/73) Installing abuild (3.15.0-r0)
Executing abuild-3.15.0-r0.pre-install
(25/73) Installing abuild-sudo (3.15.0-r0)
(26/73) Installing alpine-baselayout-data (3.7.0-r0)
(27/73) Installing alpine-baselayout (3.7.0-r0)
Executing alpine-baselayout-3.7.0-r0.pre-install
Executing alpine-baselayout-3.7.0-r0.post-install
(28/73) Installing bridge (1.5-r5)
(29/73) Installing ifupdown-ng (0.12.1-r7)
(30/73) Installing openrc-user (0.62.2-r2)
(31/73) Installing openrc (0.62.2-r2)
Executing openrc-0.62.2-r2.post-install
(32/73) Installing mdev-conf (4.8-r0)
(33/73) Installing busybox-mdev-openrc (1.37.0-r18)
(34/73) Installing alpine-conf (3.20.0-r0)
(35/73) Installing alpine-keys (2.5-r0)
(36/73) Installing alpine-release (3.22.0-r0)
(37/73) Installing busybox-openrc (1.37.0-r18)
(38/73) Installing busybox-suid (1.37.0-r18)
(39/73) Installing alpine-base (3.22.0-r0)
(40/73) Installing jansson (2.14.1-r0)
(41/73) Installing zstd-libs (1.5.7-r0)
(42/73) Installing binutils (2.44-r0)
(43/73) Installing libmagic (5.46-r2)
(44/73) Installing file (5.46-r2)
(45/73) Installing libgomp (14.3.0-r0)
(46/73) Installing libatomic (14.3.0-r0)
(47/73) Installing gmp (6.3.0-r3)
(48/73) Installing isl26 (0.26-r1)
(49/73) Installing mpfr4 (4.2.1_p1-r0)
(50/73) Installing mpc1 (1.3.1-r1)
(51/73) Installing gcc (14.3.0-r0)
(52/73) Installing libstdc++-dev (14.3.0-r0)
(53/73) Installing musl-dev (1.2.5-r10)
(54/73) Installing g++ (14.3.0-r0)
(55/73) Installing make (4.4.1-r3)
(56/73) Installing fortify-headers (1.1-r5)
(57/73) Installing build-base (0.5-r3)
(58/73) Installing brotli-libs (1.1.0-r2)
(59/73) Installing c-ares (1.34.5-r0)
(60/73) Installing libunistring (1.3-r0)
(61/73) Installing libidn2 (2.3.7-r0)
(62/73) Installing nghttp2-libs (1.65.0-r0)
(63/73) Installing libpsl (0.21.5-r3)
(64/73) Installing libcurl (8.14.0-r2)
(65/73) Installing libexpat (2.7.1-r0)
(66/73) Installing pcre2 (10.43-r1)
(67/73) Installing git (2.49.0-r0)
(68/73) Installing git-init-template (2.49.0-r0)
(69/73) Installing libbz2 (1.0.8-r6)
(70/73) Installing perl (5.40.2-r0)
(71/73) Installing perl-error (0.17030-r0)
(72/73) Installing perl-git (2.49.0-r0)
(73/73) Installing git-perl (2.49.0-r0)
Executing busybox-1.37.0-r18.trigger
OK: 296 MiB in 73 packages
>>> perl-class-accessor: Fetching https://cpan.metacpan.org/authors/id/K/KA/KASEI/Class-Accessor-0.51.tar.gz
>>> perl-class-accessor: Checking sha512sums...
Class-Accessor-0.51.tar.gz: OK
>>> perl-class-accessor: Unpacking /var/cache/distfiles/Class-Accessor-0.51.tar.gz...
Checking if your kit is complete...
Looks good
Generating a Unix-style Makefile
Writing Makefile for Class::Accessor
Writing MYMETA.yml and MYMETA.json
cp lib/Class/Accessor.pm blib/lib/Class/Accessor.pm
cp lib/Class/Accessor/Faster.pm blib/lib/Class/Accessor/Faster.pm
cp lib/Class/Accessor/Fast.pm blib/lib/Class/Accessor/Fast.pm
Manifying 3 pod documents
PERL_DL_NONLAZY=1 "/usr/bin/perl" "-MExtUtils::Command::MM" "-MTest::Harness" "-e" "undef *Test::Harness::Switches; test_harness(0, 'blib/lib', 'blib/arch')" t/*.t
t/accessors.t ..... ok
t/aliases.t ....... ok
t/antlers.t ....... ok
t/bestpractice.t .. ok
t/caller.t ........ skipped: Sub::Name is not installed
t/croak.t ......... ok
t/getset.t ........ ok
All tests successful.
Files=7, Tests=133,  1 wallclock secs ( 0.03 usr  0.00 sys +  0.23 cusr  0.03 csys =  0.29 CPU)
Result: PASS
>>> perl-class-accessor: Entering fakeroot...
Manifying 3 pod documents
Appending installation info to /tmp/pkg/perl-class-accessor/usr/lib/perl5/core_perl/perllocal.pod
Installing /tmp/pkg/perl-class-accessor/usr/share/perl5/vendor_perl/Class/Accessor.pm
Installing /tmp/pkg/perl-class-accessor/usr/share/perl5/vendor_perl/Class/Accessor/Fast.pm
Installing /tmp/pkg/perl-class-accessor/usr/share/perl5/vendor_perl/Class/Accessor/Faster.pm
Installing /tmp/pkg/perl-class-accessor/usr/share/man/man3/Class::Accessor::Fast.3pm
Installing /tmp/pkg/perl-class-accessor/usr/share/man/man3/Class::Accessor.3pm
Installing /tmp/pkg/perl-class-accessor/usr/share/man/man3/Class::Accessor::Faster.3pm
>>> perl-class-accessor-doc*: Running split function doc...
'usr/share/man' -> '/tmp/pkg/perl-class-accessor-doc/usr/share/man'
>>> perl-class-accessor-doc*: Preparing subpackage perl-class-accessor-doc...
>>> perl-class-accessor-doc*: Running postcheck for perl-class-accessor-doc
>>> perl-class-accessor*: Running postcheck for perl-class-accessor
>>> perl-class-accessor*: Preparing package perl-class-accessor...
>>> perl-class-accessor-doc*: Tracing dependencies...
>>> perl-class-accessor-doc*: Package size: 9.1 KB
>>> perl-class-accessor-doc*: Compressing data...
>>> perl-class-accessor-doc*: Create checksum...
>>> perl-class-accessor-doc*: Create perl-class-accessor-doc-0.51-r4.apk
>>> perl-class-accessor*: Tracing dependencies...
	perl
>>> perl-class-accessor*: Package size: 25.3 KB
>>> perl-class-accessor*: Compressing data...
>>> perl-class-accessor*: Create checksum...
>>> perl-class-accessor*: Create perl-class-accessor-0.51-r4.apk
>>> perl-class-accessor: Updating the main/x86_64 repository index...
>>> perl-class-accessor: Signing the index...
>>> perl-class-accessor: Cleaning up srcdir
>>> perl-class-accessor: Cleaning up build chroot
>>> perl-class-accessor: Cleaning up pkgdir
