pigz: not found
>>> perl-class-container: Building main/perl-class-container 0.13-r4 (using abuild 3.14.1-r4) started Sun, 18 May 2025 08:54:18 +0000
>>> perl-class-container: Validating /home/packager/aports/main/perl-class-container/APKBUILD...
>>> perl-class-container: Analyzing dependencies...
>>> perl-class-container: Installing for build: build-base perl perl-params-validate perl-dev perl-module-build
(1/13) Installing libbz2 (1.0.8-r6)
(2/13) Installing perl (5.40.2-r0)
(3/13) Installing perl-module-runtime (0.016-r6)
(4/13) Installing perl-try-tiny (0.32-r0)
(5/13) Installing perl-module-implementation (0.09-r5)
(6/13) Installing perl-params-validate (1.31-r3)
(7/13) Installing perl-utils (5.40.2-r0)
(8/13) Installing perl-dev (5.40.2-r0)
(9/13) Installing perl-module-build (0.4234-r1)
(10/13) Installing .makedepends-perl-class-container (20250518.085421)
(11/13) Installing perl-error (0.17030-r0)
(12/13) Installing perl-git (2.47.2-r0)
(13/13) Installing git-perl (2.47.2-r0)
Executing busybox-1.37.0-r12.trigger
OK: 307 MiB in 94 packages
>>> perl-class-container: Cleaning up srcdir
>>> perl-class-container: Cleaning up pkgdir
>>> perl-class-container: Cleaning up tmpdir
>>> perl-class-container: Fetching https://cpan.metacpan.org/authors/id/K/KW/KWILLIAMS/Class-Container-0.13.tar.gz
Connecting to cpan.metacpan.org (146.75.122.217:443)
saving to '/var/cache/distfiles/Class-Container-0.13.tar.gz.part'
Class-Container-0.13 100% |********************************| 25768  0:00:00 ETA
'/var/cache/distfiles/Class-Container-0.13.tar.gz.part' saved
>>> perl-class-container: Fetching https://cpan.metacpan.org/authors/id/K/KW/KWILLIAMS/Class-Container-0.13.tar.gz
>>> perl-class-container: Checking sha512sums...
Class-Container-0.13.tar.gz: OK
>>> perl-class-container: Unpacking /var/cache/distfiles/Class-Container-0.13.tar.gz...
Created MYMETA.yml and MYMETA.json
Creating new 'Build' script for 'Class-Container' version '0.13'
Building Class-Container
t/01-basic.t ....... ok
t/02-decorator.t ... ok
t/author-critic.t .. skipped: these tests are for testing by the author
All tests successful.
Files=3, Tests=92,  0 wallclock secs ( 0.04 usr  0.00 sys +  0.11 cusr  0.05 csys =  0.20 CPU)
Result: PASS
>>> perl-class-container: Entering fakeroot...
Building Class-Container
Installing /home/packager/aports/main/perl-class-container/pkg/perl-class-container/usr/share/perl5/vendor_perl/Class/Container.pm
Installing /home/packager/aports/main/perl-class-container/pkg/perl-class-container/usr/share/man/man3/Class::Container.3pm
>>> perl-class-container-doc*: Running split function doc...
'usr/share/man' -> '/home/packager/aports/main/perl-class-container/pkg/perl-class-container-doc/usr/share/man'
>>> perl-class-container-doc*: Preparing subpackage perl-class-container-doc...
>>> perl-class-container-doc*: Running postcheck for perl-class-container-doc
>>> perl-class-container*: Running postcheck for perl-class-container
>>> perl-class-container*: Preparing package perl-class-container...
>>> perl-class-container-doc*: Tracing dependencies...
>>> perl-class-container-doc*: Package size: 6.2 KB
>>> perl-class-container-doc*: Compressing data...
>>> perl-class-container-doc*: Create checksum...
pigz: not found
>>> perl-class-container-doc*: Create perl-class-container-doc-0.13-r4.apk
>>> perl-class-container*: Tracing dependencies...
	perl
	perl-params-validate
>>> perl-class-container*: Package size: 28.1 KB
>>> perl-class-container*: Compressing data...
>>> perl-class-container*: Create checksum...
pigz: not found
>>> perl-class-container*: Create perl-class-container-0.13-r4.apk
>>> perl-class-container: Build complete at Sun, 18 May 2025 08:54:24 +0000 elapsed time 0h 0m 6s
>>> perl-class-container: Cleaning up srcdir
>>> perl-class-container: Cleaning up pkgdir
>>> perl-class-container: Uninstalling dependencies...
(1/13) Purging .makedepends-perl-class-container (20250518.085421)
(2/13) Purging perl-params-validate (1.31-r3)
(3/13) Purging perl-module-implementation (0.09-r5)
(4/13) Purging perl-module-runtime (0.016-r6)
(5/13) Purging perl-try-tiny (0.32-r0)
(6/13) Purging perl-dev (5.40.2-r0)
(7/13) Purging perl-utils (5.40.2-r0)
(8/13) Purging perl-module-build (0.4234-r1)
(9/13) Purging git-perl (2.47.2-r0)
(10/13) Purging perl-git (2.47.2-r0)
(11/13) Purging perl-error (0.17030-r0)
(12/13) Purging perl (5.40.2-r0)
(13/13) Purging libbz2 (1.0.8-r6)
Executing busybox-1.37.0-r12.trigger
OK: 261 MiB in 81 packages
>>> perl-class-container: Updating the main/x86_64 repository index...
>>> perl-class-container: Signing the index...
pigz: not found
