pigz: not found
>>> perl-devel-checklib: Building main/perl-devel-checklib 1.16-r2 (using abuild 3.14.1-r4) started Sat, 17 May 2025 06:02:21 +0000
>>> perl-devel-checklib: Validating /home/packager/aports/main/perl-devel-checklib/APKBUILD...
>>> perl-devel-checklib: Analyzing dependencies...
>>> perl-devel-checklib: Installing for build: build-base perl perl-dev perl-capture-tiny
(1/9) Installing libbz2 (1.0.8-r6)
(2/9) Installing perl (5.40.2-r0)
(3/9) Installing perl-utils (5.40.2-r0)
(4/9) Installing perl-dev (5.40.2-r0)
(5/9) Installing perl-capture-tiny (0.50-r0)
(6/9) Installing .makedepends-perl-devel-checklib (20250517.060224)
(7/9) Installing perl-error (0.17029-r2)
(8/9) Installing perl-git (2.47.2-r0)
(9/9) Installing git-perl (2.47.2-r0)
Executing busybox-1.37.0-r12.trigger
OK: 305 MiB in 83 packages
>>> perl-devel-checklib: Cleaning up srcdir
>>> perl-devel-checklib: Cleaning up pkgdir
>>> perl-devel-checklib: Cleaning up tmpdir
>>> perl-devel-checklib: Fetching https://cpan.metacpan.org/authors/id/M/MA/MATTN/Devel-CheckLib-1.16.tar.gz
Connecting to cpan.metacpan.org (146.75.122.217:443)
saving to '/var/cache/distfiles/Devel-CheckLib-1.16.tar.gz.part'
Devel-CheckLib-1.16. 100% |********************************| 15863  0:00:00 ETA
'/var/cache/distfiles/Devel-CheckLib-1.16.tar.gz.part' saved
>>> perl-devel-checklib: Fetching https://cpan.metacpan.org/authors/id/M/MA/MATTN/Devel-CheckLib-1.16.tar.gz
>>> perl-devel-checklib: Checking sha512sums...
Devel-CheckLib-1.16.tar.gz: OK
>>> perl-devel-checklib: Unpacking /var/cache/distfiles/Devel-CheckLib-1.16.tar.gz...
Warning: prerequisite Mock::Config 0.02 not found.
Checking if your kit is complete...
Looks good
Generating a Unix-style Makefile
Writing Makefile for Devel::CheckLib
Writing MYMETA.yml and MYMETA.json
cp lib/Devel/CheckLib.pm blib/lib/Devel/CheckLib.pm
cp bin/use-devel-checklib blib/script/use-devel-checklib
"/usr/bin/perl" -MExtUtils::MY -e 'MY->fixin(shift)' -- blib/script/use-devel-checklib
Manifying 1 pod document
Manifying 1 pod document
PERL_DL_NONLAZY=1 "/usr/bin/perl" "-MExtUtils::Command::MM" "-MTest::Harness" "-e" "undef *Test::Harness::Switches; test_harness(0, 'blib/lib', 'blib/arch')" t/*.t
t/00-load.t ................... ok
t/analyze-binary.t ............ ok
Subroutine Config::STORE redefined at t/bad-single-word-compiler.t line 19.
t/bad-single-word-compiler.t .. ok
t/cmdline-LIBS-INC.t .......... ok
t/custom-function.t ........... ok
t/dash-l-libs.t ............... ok
t/exit_with_message.t ......... ok
t/flags.t ..................... ok
t/found.t ..................... ok
t/headers.t ................... ok
Subroutine Config::STORE redefined at t/multi-word-compiler.t line 19.
t/multi-word-compiler.t ....... ok
t/not_found.t ................. ok
All tests successful.
Files=12, Tests=42,  5 wallclock secs ( 0.06 usr  0.01 sys +  3.02 cusr  1.00 csys =  4.09 CPU)
Result: PASS
>>> perl-devel-checklib: Entering fakeroot...
Manifying 1 pod document
Manifying 1 pod document
Appending installation info to /home/packager/aports/main/perl-devel-checklib/pkg/perl-devel-checklib/usr/lib/perl5/core_perl/perllocal.pod
Installing /home/packager/aports/main/perl-devel-checklib/pkg/perl-devel-checklib/usr/share/perl5/vendor_perl/Devel/CheckLib.pm
Installing /home/packager/aports/main/perl-devel-checklib/pkg/perl-devel-checklib/usr/share/man/man1/use-devel-checklib.1
Installing /home/packager/aports/main/perl-devel-checklib/pkg/perl-devel-checklib/usr/share/man/man3/Devel::CheckLib.3pm
Installing /home/packager/aports/main/perl-devel-checklib/pkg/perl-devel-checklib/usr/bin/use-devel-checklib
>>> perl-devel-checklib-doc*: Running split function doc...
'usr/share/man' -> '/home/packager/aports/main/perl-devel-checklib/pkg/perl-devel-checklib-doc/usr/share/man'
>>> perl-devel-checklib-doc*: Preparing subpackage perl-devel-checklib-doc...
>>> perl-devel-checklib-doc*: Running postcheck for perl-devel-checklib-doc
>>> perl-devel-checklib*: Running postcheck for perl-devel-checklib
>>> perl-devel-checklib*: Preparing package perl-devel-checklib...
>>> perl-devel-checklib-doc*: Tracing dependencies...
>>> perl-devel-checklib-doc*: Package size: 5.1 KB
>>> perl-devel-checklib-doc*: Compressing data...
>>> perl-devel-checklib-doc*: Create checksum...
pigz: not found
>>> perl-devel-checklib-doc*: Create perl-devel-checklib-doc-1.16-r2.apk
>>> perl-devel-checklib*: Tracing dependencies...
	perl
>>> perl-devel-checklib*: Package size: 21.1 KB
>>> perl-devel-checklib*: Compressing data...
>>> perl-devel-checklib*: Create checksum...
pigz: not found
>>> perl-devel-checklib*: Create perl-devel-checklib-1.16-r2.apk
>>> perl-devel-checklib: Build complete at Sat, 17 May 2025 06:02:32 +0000 elapsed time 0h 0m 11s
>>> perl-devel-checklib: Cleaning up srcdir
>>> perl-devel-checklib: Cleaning up pkgdir
>>> perl-devel-checklib: Uninstalling dependencies...
(1/9) Purging .makedepends-perl-devel-checklib (20250517.060224)
(2/9) Purging perl-dev (5.40.2-r0)
(3/9) Purging perl-utils (5.40.2-r0)
(4/9) Purging perl-capture-tiny (0.50-r0)
(5/9) Purging git-perl (2.47.2-r0)
(6/9) Purging perl-git (2.47.2-r0)
(7/9) Purging perl-error (0.17029-r2)
(8/9) Purging perl (5.40.2-r0)
(9/9) Purging libbz2 (1.0.8-r6)
Executing busybox-1.37.0-r12.trigger
OK: 259 MiB in 74 packages
>>> perl-devel-checklib: Updating the main/x86_64 repository index...
>>> perl-devel-checklib: Signing the index...
pigz: not found
