pigz: not found
>>> perl-file-which: Building main/perl-file-which 1.27-r1 (using abuild 3.14.1-r4) started Sun, 18 May 2025 08:51:56 +0000
>>> perl-file-which: Validating /home/packager/aports/main/perl-file-which/APKBUILD...
>>> perl-file-which: Analyzing dependencies...
>>> perl-file-which: Installing for build: build-base perl
(1/6) Installing libbz2 (1.0.8-r6)
(2/6) Installing perl (5.40.2-r0)
(3/6) Installing .makedepends-perl-file-which (20250518.085158)
(4/6) Installing perl-error (0.17030-r0)
(5/6) Installing perl-git (2.47.2-r0)
(6/6) Installing git-perl (2.47.2-r0)
Executing busybox-1.37.0-r12.trigger
OK: 297 MiB in 87 packages
>>> perl-file-which: Cleaning up srcdir
>>> perl-file-which: Cleaning up pkgdir
>>> perl-file-which: Cleaning up tmpdir
>>> perl-file-which: Fetching https://cpan.metacpan.org/authors/id/P/PL/PLICEASE/File-Which-1.27.tar.gz
Connecting to cpan.metacpan.org (146.75.122.217:443)
saving to '/var/cache/distfiles/File-Which-1.27.tar.gz.part'
File-Which-1.27.tar. 100% |********************************| 25146  0:00:00 ETA
'/var/cache/distfiles/File-Which-1.27.tar.gz.part' saved
>>> perl-file-which: Fetching https://cpan.metacpan.org/authors/id/P/PL/PLICEASE/File-Which-1.27.tar.gz
>>> perl-file-which: Checking sha512sums...
File-Which-1.27.tar.gz: OK
>>> perl-file-which: Unpacking /var/cache/distfiles/File-Which-1.27.tar.gz...
Checking if your kit is complete...
Looks good
Generating a Unix-style Makefile
Writing Makefile for File::Which
Writing MYMETA.yml and MYMETA.json
cp lib/File/Which.pm blib/lib/File/Which.pm
Manifying 1 pod document
PERL_DL_NONLAZY=1 "/usr/bin/perl" "-MExtUtils::Command::MM" "-MTest::Harness" "-e" "undef *Test::Harness::Switches; test_harness(0, 'blib/lib', 'blib/arch')" t/*.t
# 
# 
# 
# HARNESS_ACTIVE=1
# HARNESS_VERSION=3.48
# PERL5LIB=/home/packager/aports/main/perl-file-which/src/File-Which-1.27/blib/lib:/home/packager/aports/main/perl-file-which/src/File-Which-1.27/blib/arch
# PERL_DL_NONLAZY=1
# PERL_MM_USE_DEFAULT=1
# PERL_USE_UNSAFE_INC=1
# 
# 
# 
# PERL5LIB path
# /home/packager/aports/main/perl-file-which/src/File-Which-1.27/blib/lib
# /home/packager/aports/main/perl-file-which/src/File-Which-1.27/blib/arch
# 
# 
# 
# perl                5.040002 linux x86_64-linux-thread-multi
# Env                 1.06
# ExtUtils::MakeMaker 7.70
# Test::More          1.302199
# 
# 
# 
t/00_diag.t ..... ok
t/01_use.t ...... ok
t/file_which.t .. ok
All tests successful.
Files=3, Tests=21,  1 wallclock secs ( 0.02 usr  0.01 sys +  0.29 cusr  0.03 csys =  0.35 CPU)
Result: PASS
>>> perl-file-which: Entering fakeroot...
Manifying 1 pod document
Appending installation info to /home/packager/aports/main/perl-file-which/pkg/perl-file-which/usr/lib/perl5/core_perl/perllocal.pod
Installing /home/packager/aports/main/perl-file-which/pkg/perl-file-which/usr/share/perl5/vendor_perl/File/Which.pm
Installing /home/packager/aports/main/perl-file-which/pkg/perl-file-which/usr/share/man/man3/File::Which.3pm
>>> perl-file-which-doc*: Running split function doc...
'usr/share/man' -> '/home/packager/aports/main/perl-file-which/pkg/perl-file-which-doc/usr/share/man'
>>> perl-file-which-doc*: Preparing subpackage perl-file-which-doc...
>>> perl-file-which-doc*: Running postcheck for perl-file-which-doc
>>> perl-file-which*: Running postcheck for perl-file-which
>>> perl-file-which*: Preparing package perl-file-which...
>>> perl-file-which-doc*: Tracing dependencies...
>>> perl-file-which-doc*: Package size: 4.4 KB
>>> perl-file-which-doc*: Compressing data...
>>> perl-file-which-doc*: Create checksum...
pigz: not found
>>> perl-file-which-doc*: Create perl-file-which-doc-1.27-r1.apk
>>> perl-file-which*: Tracing dependencies...
	perl
>>> perl-file-which*: Package size: 12.1 KB
>>> perl-file-which*: Compressing data...
>>> perl-file-which*: Create checksum...
pigz: not found
>>> perl-file-which*: Create perl-file-which-1.27-r1.apk
>>> perl-file-which: Build complete at Sun, 18 May 2025 08:52:01 +0000 elapsed time 0h 0m 5s
>>> perl-file-which: Cleaning up srcdir
>>> perl-file-which: Cleaning up pkgdir
>>> perl-file-which: Uninstalling dependencies...
(1/6) Purging .makedepends-perl-file-which (20250518.085158)
(2/6) Purging git-perl (2.47.2-r0)
(3/6) Purging perl-git (2.47.2-r0)
(4/6) Purging perl-error (0.17030-r0)
(5/6) Purging perl (5.40.2-r0)
(6/6) Purging libbz2 (1.0.8-r6)
Executing busybox-1.37.0-r12.trigger
OK: 261 MiB in 81 packages
>>> perl-file-which: Updating the main/x86_64 repository index...
>>> perl-file-which: Signing the index...
pigz: not found
