pigz: not found
>>> mbedtls: Building main/mbedtls 3.6.3-r0 (using abuild 3.14.1-r4) started Sun, 18 May 2025 09:01:27 +0000
>>> mbedtls: Validating /home/packager/aports/main/mbedtls/APKBUILD...
>>> mbedtls: Analyzing dependencies...
>>> mbedtls: Installing for build: build-base cmake perl python3 samurai
(1/21) Installing libbz2 (1.0.8-r6)
(2/21) Installing lz4-libs (1.10.0-r0)
(3/21) Installing xz-libs (5.6.3-r1)
(4/21) Installing libarchive (3.7.9-r0)
(5/21) Installing rhash-libs (1.4.5-r0)
(6/21) Installing libuv (1.49.2-r0)
(7/21) Installing cmake (3.31.7-r0)
(8/21) Installing perl (5.40.2-r0)
(9/21) Installing libffi (3.4.7-r0)
(10/21) Installing gdbm (1.24-r0)
(11/21) Installing mpdecimal (4.0.0-r0)
(12/21) Installing sqlite-libs (3.49.2-r0)
(13/21) Installing python3 (3.12.10-r0)
(14/21) Installing python3-pycache-pyc0 (3.12.10-r0)
(15/21) Installing pyc (3.12.10-r0)
(16/21) Installing python3-pyc (3.12.10-r0)
(17/21) Installing samurai (1.2-r6)
(18/21) Installing .makedepends-mbedtls (20250518.090128)
(19/21) Installing perl-error (0.17030-r0)
(20/21) Installing perl-git (2.47.2-r0)
(21/21) Installing git-perl (2.47.2-r0)
Executing busybox-1.37.0-r12.trigger
OK: 385 MiB in 102 packages
>>> mbedtls: Cleaning up srcdir
>>> mbedtls: Cleaning up pkgdir
>>> mbedtls: Cleaning up tmpdir
>>> mbedtls: Fetching mbedtls-3.6.3.tar.gz::https://github.com/ARMmbed/mbedtls/archive/v3.6.3.tar.gz
Connecting to github.com (140.82.121.4:443)
Connecting to github.com (140.82.121.4:443)
Connecting to codeload.github.com (140.82.121.9:443)
saving to '/var/cache/distfiles/mbedtls-3.6.3.tar.gz.part'
mbedtls-3.6.3.tar.gz 100% |********************************| 6218k  0:00:00 ETA
'/var/cache/distfiles/mbedtls-3.6.3.tar.gz.part' saved
>>> mbedtls: Fetching mbedtls-3.6.3.tar.gz::https://github.com/ARMmbed/mbedtls/archive/v3.6.3.tar.gz
>>> mbedtls: Checking sha512sums...
mbedtls-3.6.3.tar.gz: OK
gcc14.patch: OK
>>> mbedtls: Unpacking /var/cache/distfiles/mbedtls-3.6.3.tar.gz...
>>> mbedtls: gcc14.patch
patching file library/common.h
CMake Deprecation Warning at CMakeLists.txt:21 (cmake_minimum_required):
  Compatibility with CMake < 3.10 will be removed from a future version of
  CMake.

  Update the VERSION argument <min> value.  Or, use the <min>...<max> syntax
  to tell CMake that the project requires at least <min> but has been updated
  to work with policies introduced by <max> or earlier.


-- The C compiler identification is GNU 14.2.0
-- Detecting C compiler ABI info
-- Detecting C compiler ABI info - done
-- Check for working C compiler: /usr/bin/gcc - skipped
-- Detecting C compile features
-- Detecting C compile features - done
-- Found Python3: /usr/bin/python3.12 (found version "3.12.10") found components: Interpreter
-- Performing Test CMAKE_HAVE_LIBC_PTHREAD
-- Performing Test CMAKE_HAVE_LIBC_PTHREAD - Success
-- Found Threads: TRUE
-- Performing Test C_COMPILER_SUPPORTS_WFORMAT_SIGNEDNESS
-- Performing Test C_COMPILER_SUPPORTS_WFORMAT_SIGNEDNESS - Success
-- USING O3
-- Configuring done (1.3s)
-- Generating done (0.8s)
-- Build files have been written to: /home/packager/aports/main/mbedtls/src/mbedtls-3.6.3/build
[1/813] Building C object programs/x509/CMakeFiles/req_app.dir/req_app.c.o
[2/813] Building C object programs/x509/CMakeFiles/load_roots.dir/load_roots.c.o
[3/813] Building C object programs/x509/CMakeFiles/crl_app.dir/crl_app.c.o
[4/813] Building C object programs/x509/CMakeFiles/cert_write.dir/cert_write.c.o
[5/813] Building C object programs/x509/CMakeFiles/cert_req.dir/cert_req.c.o
[6/813] Building C object programs/x509/CMakeFiles/cert_app.dir/cert_app.c.o
[7/813] Building C object programs/util/CMakeFiles/strerror.dir/strerror.c.o
[8/813] Building C object programs/util/CMakeFiles/pem2der.dir/pem2der.c.o
[9/813] Building C object programs/test/CMakeFiles/zeroize.dir/__/__/framework/tests/programs/zeroize.c.o
[10/813] Building C object programs/test/CMakeFiles/query_compile_time_config.dir/query_config.c.o
[11/813] Building C object programs/test/CMakeFiles/query_compile_time_config.dir/__/__/framework/tests/programs/query_compile_time_config.c.o
[12/813] Building C object programs/test/CMakeFiles/benchmark.dir/benchmark.c.o
[13/813] Building C object programs/test/CMakeFiles/udp_proxy.dir/udp_proxy.c.o
[14/813] Building C object programs/test/CMakeFiles/selftest.dir/selftest.c.o
[15/813] Building C object programs/test/CMakeFiles/query_included_headers.dir/__/__/framework/tests/programs/query_included_headers.c.o
[16/813] Building C object programs/test/CMakeFiles/metatest.dir/__/__/framework/tests/programs/metatest.c.o
[17/813] Building C object programs/test/CMakeFiles/dlopen.dir/dlopen.c.o
[18/813] Building C object programs/ssl/CMakeFiles/ssl_pthread_server.dir/ssl_pthread_server.c.o
[19/813] Linking C executable programs/test/dlopen
[20/813] Building C object programs/ssl/CMakeFiles/ssl_server2.dir/__/test/query_config.c.o
[21/813] Building C object programs/ssl/CMakeFiles/ssl_server2.dir/ssl_test_lib.c.o
[22/813] Building C object programs/ssl/CMakeFiles/ssl_server2.dir/ssl_server2.c.o
[23/813] Building C object programs/ssl/CMakeFiles/ssl_server.dir/ssl_server.c.o
[24/813] Building C object programs/ssl/CMakeFiles/ssl_mail_client.dir/ssl_mail_client.c.o
[25/813] Building C object programs/ssl/CMakeFiles/ssl_fork_server.dir/ssl_fork_server.c.o
[26/813] Building C object programs/ssl/CMakeFiles/ssl_context_info.dir/ssl_context_info.c.o
[27/813] Building C object programs/ssl/CMakeFiles/ssl_client2.dir/__/test/query_config.c.o
[28/813] Building C object programs/ssl/CMakeFiles/ssl_client2.dir/ssl_test_lib.c.o
[29/813] Building C object programs/ssl/CMakeFiles/ssl_client2.dir/ssl_client2.c.o
[30/813] Building C object programs/ssl/CMakeFiles/ssl_client1.dir/ssl_client1.c.o
[31/813] Building C object programs/ssl/CMakeFiles/mini_client.dir/mini_client.c.o
[32/813] Building C object programs/ssl/CMakeFiles/dtls_server.dir/dtls_server.c.o
[33/813] Building C object programs/ssl/CMakeFiles/dtls_client.dir/dtls_client.c.o
[34/813] Building C object programs/random/CMakeFiles/gen_random_ctr_drbg.dir/gen_random_ctr_drbg.c.o
[35/813] Building C object programs/random/CMakeFiles/gen_entropy.dir/gen_entropy.c.o
[36/813] Building C object programs/psa/CMakeFiles/psa_hash.dir/psa_hash.c.o
[37/813] Building C object programs/psa/CMakeFiles/psa_constant_names.dir/psa_constant_names.c.o
[38/813] Building C object programs/psa/CMakeFiles/key_ladder_demo.dir/key_ladder_demo.c.o
[39/813] Building C object programs/psa/CMakeFiles/hmac_demo.dir/hmac_demo.c.o
[40/813] Building C object programs/psa/CMakeFiles/crypto_examples.dir/crypto_examples.c.o
[41/813] Building C object programs/psa/CMakeFiles/aead_demo.dir/aead_demo.c.o
[42/813] Building C object programs/pkey/CMakeFiles/rsa_verify_pss.dir/rsa_verify_pss.c.o
[43/813] Building C object programs/pkey/CMakeFiles/rsa_verify.dir/rsa_verify.c.o
[44/813] Building C object programs/pkey/CMakeFiles/rsa_sign_pss.dir/rsa_sign_pss.c.o
[45/813] Building C object programs/pkey/CMakeFiles/rsa_sign.dir/rsa_sign.c.o
[46/813] Building C object programs/pkey/CMakeFiles/rsa_genkey.dir/rsa_genkey.c.o
[47/813] Building C object programs/pkey/CMakeFiles/rsa_encrypt.dir/rsa_encrypt.c.o
[48/813] Building C object programs/pkey/CMakeFiles/rsa_decrypt.dir/rsa_decrypt.c.o
[49/813] Building C object programs/pkey/CMakeFiles/pk_verify.dir/pk_verify.c.o
[50/813] Building C object programs/pkey/CMakeFiles/pk_sign.dir/pk_sign.c.o
[51/813] Building C object programs/pkey/CMakeFiles/pk_decrypt.dir/pk_decrypt.c.o
[52/813] Building C object programs/pkey/CMakeFiles/pk_encrypt.dir/pk_encrypt.c.o
[53/813] Building C object programs/pkey/CMakeFiles/mpi_demo.dir/mpi_demo.c.o
[54/813] Building C object programs/pkey/CMakeFiles/key_app_writer.dir/key_app_writer.c.o
[55/813] Building C object programs/pkey/CMakeFiles/key_app.dir/key_app.c.o
[56/813] Building C object programs/pkey/CMakeFiles/gen_key.dir/gen_key.c.o
[57/813] Building C object programs/pkey/CMakeFiles/ecdsa.dir/ecdsa.c.o
[58/813] Building C object programs/pkey/CMakeFiles/ecdh_curve25519.dir/ecdh_curve25519.c.o
[59/813] Building C object programs/pkey/CMakeFiles/dh_genprime.dir/dh_genprime.c.o
[60/813] Building C object programs/pkey/CMakeFiles/dh_server.dir/dh_server.c.o
[61/813] Building C object programs/pkey/CMakeFiles/dh_client.dir/dh_client.c.o
[62/813] Building C object programs/hash/CMakeFiles/md_hmac_demo.dir/md_hmac_demo.c.o
[63/813] Building C object programs/hash/CMakeFiles/hello.dir/hello.c.o
[64/813] Building C object programs/hash/CMakeFiles/generic_sum.dir/generic_sum.c.o
[65/813] Building C object programs/fuzz/CMakeFiles/fuzz_server.dir/common.c.o
[66/813] Building C object programs/fuzz/CMakeFiles/fuzz_server.dir/onefile.c.o
[67/813] Building C object programs/fuzz/CMakeFiles/fuzz_server.dir/fuzz_server.c.o
[68/813] Building C object programs/fuzz/CMakeFiles/fuzz_dtlsserver.dir/common.c.o
[69/813] Building C object programs/fuzz/CMakeFiles/fuzz_dtlsserver.dir/onefile.c.o
[70/813] Building C object programs/fuzz/CMakeFiles/fuzz_dtlsserver.dir/fuzz_dtlsserver.c.o
[71/813] Building C object programs/fuzz/CMakeFiles/fuzz_dtlsclient.dir/common.c.o
[72/813] Building C object programs/fuzz/CMakeFiles/fuzz_dtlsclient.dir/onefile.c.o
[73/813] Building C object programs/fuzz/CMakeFiles/fuzz_dtlsclient.dir/fuzz_dtlsclient.c.o
[74/813] Building C object programs/fuzz/CMakeFiles/fuzz_client.dir/common.c.o
[75/813] Building C object programs/fuzz/CMakeFiles/fuzz_client.dir/onefile.c.o
[76/813] Building C object programs/fuzz/CMakeFiles/fuzz_client.dir/fuzz_client.c.o
[77/813] Building C object programs/fuzz/CMakeFiles/fuzz_privkey.dir/common.c.o
[78/813] Building C object programs/fuzz/CMakeFiles/fuzz_privkey.dir/onefile.c.o
[79/813] Building C object programs/fuzz/CMakeFiles/fuzz_privkey.dir/fuzz_privkey.c.o
[80/813] Building C object programs/fuzz/CMakeFiles/fuzz_pkcs7.dir/onefile.c.o
[81/813] Building C object programs/fuzz/CMakeFiles/fuzz_pkcs7.dir/fuzz_pkcs7.c.o
[82/813] Building C object programs/fuzz/CMakeFiles/fuzz_x509csr.dir/onefile.c.o
[83/813] Building C object programs/fuzz/CMakeFiles/fuzz_x509csr.dir/fuzz_x509csr.c.o
[84/813] Building C object programs/fuzz/CMakeFiles/fuzz_x509crt.dir/onefile.c.o
[85/813] Building C object programs/fuzz/CMakeFiles/fuzz_x509crt.dir/fuzz_x509crt.c.o
[86/813] Building C object programs/fuzz/CMakeFiles/fuzz_x509crl.dir/onefile.c.o
[87/813] Building C object programs/fuzz/CMakeFiles/fuzz_x509crl.dir/fuzz_x509crl.c.o
[88/813] Building C object programs/fuzz/CMakeFiles/fuzz_pubkey.dir/onefile.c.o
[89/813] Building C object programs/fuzz/CMakeFiles/fuzz_pubkey.dir/fuzz_pubkey.c.o
[90/813] Building C object programs/cipher/CMakeFiles/cipher_aead_demo.dir/cipher_aead_demo.c.o
[91/813] Building C object programs/aes/CMakeFiles/crypt_and_hash.dir/crypt_and_hash.c.o
[92/813] Building C object library/CMakeFiles/mbedtls.dir/ssl_tls13_generic.c.o
[93/813] Building C object library/CMakeFiles/mbedtls.dir/ssl_tls13_client.c.o
[94/813] Building C object library/CMakeFiles/mbedtls.dir/ssl_tls13_server.c.o
[95/813] Building C object library/CMakeFiles/mbedtls.dir/ssl_tls13_keys.c.o
[96/813] Building C object library/CMakeFiles/mbedtls.dir/ssl_tls12_server.c.o
[97/813] Building C object library/CMakeFiles/mbedtls.dir/ssl_tls12_client.c.o
[98/813] Building C object library/CMakeFiles/mbedtls.dir/ssl_tls.c.o
[99/813] Building C object library/CMakeFiles/mbedtls.dir/ssl_ticket.c.o
[100/813] Building C object library/CMakeFiles/mbedtls.dir/ssl_msg.c.o
[101/813] Building C object library/CMakeFiles/mbedtls.dir/ssl_debug_helpers_generated.c.o
[102/813] Building C object library/CMakeFiles/mbedtls.dir/ssl_cookie.c.o
[103/813] Building C object library/CMakeFiles/mbedtls.dir/ssl_client.c.o
[104/813] Building C object library/CMakeFiles/mbedtls.dir/ssl_ciphersuites.c.o
[105/813] Building C object library/CMakeFiles/mbedtls.dir/ssl_cache.c.o
[106/813] Building C object library/CMakeFiles/mbedtls.dir/net_sockets.c.o
[107/813] Building C object library/CMakeFiles/mbedtls.dir/mps_trace.c.o
[108/813] Building C object library/CMakeFiles/mbedtls.dir/mps_reader.c.o
[109/813] Building C object library/CMakeFiles/mbedtls.dir/debug.c.o
[110/813] Building C object library/CMakeFiles/mbedx509.dir/x509write_csr.c.o
[111/813] Building C object library/CMakeFiles/mbedx509.dir/x509write_crt.c.o
[112/813] Building C object library/CMakeFiles/mbedx509.dir/x509write.c.o
[113/813] Building C object library/CMakeFiles/mbedx509.dir/x509_csr.c.o
[114/813] Building C object library/CMakeFiles/mbedx509.dir/x509_crt.c.o
[115/813] Building C object library/CMakeFiles/mbedx509.dir/x509_crl.c.o
[116/813] Building C object library/CMakeFiles/mbedx509.dir/x509_create.c.o
[117/813] Building C object library/CMakeFiles/mbedx509.dir/x509.c.o
[118/813] Building C object library/CMakeFiles/mbedx509.dir/pkcs7.c.o
[119/813] Building C object library/CMakeFiles/mbedcrypto.dir/version_features.c.o
[120/813] Building C object library/CMakeFiles/mbedcrypto.dir/version.c.o
[121/813] Building C object library/CMakeFiles/mbedcrypto.dir/timing.c.o
[122/813] Building C object library/CMakeFiles/mbedcrypto.dir/threading.c.o
[123/813] Building C object library/CMakeFiles/mbedcrypto.dir/sha3.c.o
[124/813] Building C object library/CMakeFiles/mbedcrypto.dir/sha512.c.o
[125/813] Building C object library/CMakeFiles/mbedcrypto.dir/sha256.c.o
[126/813] Building C object library/CMakeFiles/mbedcrypto.dir/sha1.c.o
[127/813] Building C object library/CMakeFiles/mbedcrypto.dir/rsa_alt_helpers.c.o
[128/813] Building C object library/CMakeFiles/mbedcrypto.dir/rsa.c.o
[129/813] Building C object library/CMakeFiles/mbedcrypto.dir/ripemd160.c.o
[130/813] Building C object library/CMakeFiles/mbedcrypto.dir/psa_util.c.o
[131/813] Building C object library/CMakeFiles/mbedcrypto.dir/psa_its_file.c.o
[132/813] Building C object library/CMakeFiles/mbedcrypto.dir/psa_crypto_storage.c.o
[133/813] Building C object library/CMakeFiles/mbedcrypto.dir/psa_crypto_slot_management.c.o
[134/813] Building C object library/CMakeFiles/mbedcrypto.dir/psa_crypto_se.c.o
[135/813] Building C object library/CMakeFiles/mbedcrypto.dir/psa_crypto_rsa.c.o
[136/813] Building C object library/CMakeFiles/mbedcrypto.dir/psa_crypto_pake.c.o
[137/813] Building C object library/CMakeFiles/mbedcrypto.dir/psa_crypto_mac.c.o
[138/813] Building C object library/CMakeFiles/mbedcrypto.dir/psa_crypto_hash.c.o
[139/813] Building C object library/CMakeFiles/mbedcrypto.dir/psa_crypto_ffdh.c.o
[140/813] Building C object library/CMakeFiles/mbedcrypto.dir/psa_crypto_ecp.c.o
[141/813] Building C object library/CMakeFiles/mbedcrypto.dir/psa_crypto_driver_wrappers_no_static.c.o
[142/813] Building C object library/CMakeFiles/mbedcrypto.dir/psa_crypto_client.c.o
[143/813] Building C object library/CMakeFiles/mbedcrypto.dir/psa_crypto_cipher.c.o
[144/813] Building C object library/CMakeFiles/mbedcrypto.dir/psa_crypto_aead.c.o
[145/813] Building C object library/CMakeFiles/mbedcrypto.dir/psa_crypto.c.o
[146/813] Building C object library/CMakeFiles/mbedcrypto.dir/poly1305.c.o
[147/813] Building C object library/CMakeFiles/mbedcrypto.dir/platform_util.c.o
[148/813] Building C object library/CMakeFiles/mbedcrypto.dir/platform.c.o
[149/813] Building C object library/CMakeFiles/mbedcrypto.dir/pkwrite.c.o
[150/813] Building C object library/CMakeFiles/mbedcrypto.dir/pkparse.c.o
[151/813] Building C object library/CMakeFiles/mbedcrypto.dir/pkcs5.c.o
[152/813] Building C object library/CMakeFiles/mbedcrypto.dir/pkcs12.c.o
[153/813] Building C object library/CMakeFiles/mbedcrypto.dir/pk_wrap.c.o
[154/813] Building C object library/CMakeFiles/mbedcrypto.dir/pk_ecc.c.o
[155/813] Building C object library/CMakeFiles/mbedcrypto.dir/pk.c.o
[156/813] Building C object library/CMakeFiles/mbedcrypto.dir/pem.c.o
[157/813] Building C object library/CMakeFiles/mbedcrypto.dir/padlock.c.o
[158/813] Building C object library/CMakeFiles/mbedcrypto.dir/oid.c.o
[159/813] Building C object library/CMakeFiles/mbedcrypto.dir/nist_kw.c.o
[160/813] Building C object library/CMakeFiles/mbedcrypto.dir/memory_buffer_alloc.c.o
[161/813] Building C object library/CMakeFiles/mbedcrypto.dir/md5.c.o
[162/813] Building C object library/CMakeFiles/mbedcrypto.dir/md.c.o
[163/813] Building C object library/CMakeFiles/mbedcrypto.dir/lms.c.o
[164/813] Building C object library/CMakeFiles/mbedcrypto.dir/lmots.c.o
[165/813] Building C object library/CMakeFiles/mbedcrypto.dir/hmac_drbg.c.o
[166/813] Building C object library/CMakeFiles/mbedcrypto.dir/hkdf.c.o
[167/813] Building C object library/CMakeFiles/mbedcrypto.dir/gcm.c.o
[168/813] Building C object library/CMakeFiles/mbedcrypto.dir/error.c.o
[169/813] Building C object library/CMakeFiles/mbedcrypto.dir/entropy_poll.c.o
[170/813] Building C object library/CMakeFiles/mbedcrypto.dir/entropy.c.o
[171/813] Building C object library/CMakeFiles/mbedcrypto.dir/ecp_curves_new.c.o
[172/813] Building C object library/CMakeFiles/mbedcrypto.dir/ecp_curves.c.o
[173/813] Building C object library/CMakeFiles/mbedcrypto.dir/ecp.c.o
[174/813] Building C object library/CMakeFiles/mbedcrypto.dir/ecjpake.c.o
[175/813] Building C object library/CMakeFiles/mbedcrypto.dir/ecdsa.c.o
[176/813] Building C object library/CMakeFiles/mbedcrypto.dir/ecdh.c.o
[177/813] Building C object library/CMakeFiles/mbedcrypto.dir/dhm.c.o
[178/813] Building C object library/CMakeFiles/mbedcrypto.dir/des.c.o
[179/813] Building C object library/CMakeFiles/mbedcrypto.dir/ctr_drbg.c.o
[180/813] Building C object library/CMakeFiles/mbedcrypto.dir/cmac.c.o
[181/813] Building C object library/CMakeFiles/mbedcrypto.dir/constant_time.c.o
[182/813] Building C object library/CMakeFiles/mbedcrypto.dir/cipher_wrap.c.o
[183/813] Building C object library/CMakeFiles/mbedcrypto.dir/cipher.c.o
[184/813] Building C object library/CMakeFiles/mbedcrypto.dir/chachapoly.c.o
[185/813] Building C object library/CMakeFiles/mbedcrypto.dir/chacha20.c.o
[186/813] Building C object library/CMakeFiles/mbedcrypto.dir/ccm.c.o
[187/813] Building C object library/CMakeFiles/mbedcrypto.dir/camellia.c.o
[188/813] Building C object library/CMakeFiles/mbedcrypto.dir/block_cipher.c.o
[189/813] Building C object library/CMakeFiles/mbedcrypto.dir/bignum_mod_raw.c.o
[190/813] Building C object library/CMakeFiles/mbedcrypto.dir/bignum_mod.c.o
[191/813] Building C object library/CMakeFiles/mbedcrypto.dir/bignum_core.c.o
[192/813] Building C object library/CMakeFiles/mbedcrypto.dir/bignum.c.o
[193/813] Building C object library/CMakeFiles/mbedcrypto.dir/base64.c.o
[194/813] Building C object library/CMakeFiles/mbedcrypto.dir/asn1write.c.o
[195/813] Building C object library/CMakeFiles/mbedcrypto.dir/asn1parse.c.o
[196/813] Building C object library/CMakeFiles/mbedcrypto.dir/aria.c.o
[197/813] Building C object library/CMakeFiles/mbedcrypto.dir/aesce.c.o
[198/813] Building C object library/CMakeFiles/mbedcrypto.dir/aesni.c.o
[199/813] Building C object library/CMakeFiles/mbedcrypto.dir/aes.c.o
[200/813] Building C object library/CMakeFiles/mbedtls_static.dir/ssl_tls13_generic.c.o
[201/813] Building C object library/CMakeFiles/mbedtls_static.dir/ssl_tls13_client.c.o
[202/813] Building C object library/CMakeFiles/mbedtls_static.dir/ssl_tls13_server.c.o
[203/813] Building C object library/CMakeFiles/mbedtls_static.dir/ssl_tls13_keys.c.o
[204/813] Building C object library/CMakeFiles/mbedtls_static.dir/ssl_tls12_server.c.o
[205/813] Building C object library/CMakeFiles/mbedtls_static.dir/ssl_tls12_client.c.o
[206/813] Building C object library/CMakeFiles/mbedtls_static.dir/ssl_tls.c.o
[207/813] Building C object library/CMakeFiles/mbedtls_static.dir/ssl_ticket.c.o
[208/813] Building C object library/CMakeFiles/mbedtls_static.dir/ssl_msg.c.o
[209/813] Building C object library/CMakeFiles/mbedtls_static.dir/ssl_debug_helpers_generated.c.o
[210/813] Building C object library/CMakeFiles/mbedtls_static.dir/ssl_cookie.c.o
[211/813] Building C object library/CMakeFiles/mbedtls_static.dir/ssl_client.c.o
[212/813] Building C object library/CMakeFiles/mbedtls_static.dir/ssl_ciphersuites.c.o
[213/813] Building C object library/CMakeFiles/mbedtls_static.dir/ssl_cache.c.o
[214/813] Building C object library/CMakeFiles/mbedtls_static.dir/net_sockets.c.o
[215/813] Building C object library/CMakeFiles/mbedtls_static.dir/mps_trace.c.o
[216/813] Building C object library/CMakeFiles/mbedtls_static.dir/mps_reader.c.o
[217/813] Building C object library/CMakeFiles/mbedtls_static.dir/debug.c.o
[218/813] Building C object library/CMakeFiles/mbedx509_static.dir/x509write_csr.c.o
[219/813] Building C object library/CMakeFiles/mbedx509_static.dir/x509write_crt.c.o
[220/813] Building C object library/CMakeFiles/mbedx509_static.dir/x509write.c.o
[221/813] Building C object library/CMakeFiles/mbedx509_static.dir/x509_csr.c.o
[222/813] Building C object library/CMakeFiles/mbedx509_static.dir/x509_crt.c.o
[223/813] Building C object library/CMakeFiles/mbedx509_static.dir/x509_crl.c.o
[224/813] Building C object library/CMakeFiles/mbedx509_static.dir/x509_create.c.o
[225/813] Building C object library/CMakeFiles/mbedx509_static.dir/x509.c.o
[226/813] Building C object library/CMakeFiles/mbedx509_static.dir/pkcs7.c.o
[227/813] Building C object library/CMakeFiles/mbedcrypto_static.dir/version_features.c.o
[228/813] Building C object library/CMakeFiles/mbedcrypto_static.dir/version.c.o
[229/813] Building C object library/CMakeFiles/mbedcrypto_static.dir/timing.c.o
[230/813] Building C object library/CMakeFiles/mbedcrypto_static.dir/threading.c.o
[231/813] Building C object library/CMakeFiles/mbedcrypto_static.dir/sha3.c.o
[232/813] Building C object library/CMakeFiles/mbedcrypto_static.dir/sha512.c.o
[233/813] Building C object library/CMakeFiles/mbedcrypto_static.dir/sha256.c.o
[234/813] Building C object library/CMakeFiles/mbedcrypto_static.dir/sha1.c.o
[235/813] Building C object library/CMakeFiles/mbedcrypto_static.dir/rsa_alt_helpers.c.o
[236/813] Building C object library/CMakeFiles/mbedcrypto_static.dir/rsa.c.o
[237/813] Building C object library/CMakeFiles/mbedcrypto_static.dir/ripemd160.c.o
[238/813] Building C object library/CMakeFiles/mbedcrypto_static.dir/psa_util.c.o
[239/813] Building C object library/CMakeFiles/mbedcrypto_static.dir/psa_its_file.c.o
[240/813] Building C object library/CMakeFiles/mbedcrypto_static.dir/psa_crypto_storage.c.o
[241/813] Building C object library/CMakeFiles/mbedcrypto_static.dir/psa_crypto_slot_management.c.o
[242/813] Building C object library/CMakeFiles/mbedcrypto_static.dir/psa_crypto_se.c.o
[243/813] Building C object library/CMakeFiles/mbedcrypto_static.dir/psa_crypto_rsa.c.o
[244/813] Building C object library/CMakeFiles/mbedcrypto_static.dir/psa_crypto_pake.c.o
[245/813] Building C object library/CMakeFiles/mbedcrypto_static.dir/psa_crypto_mac.c.o
[246/813] Building C object library/CMakeFiles/mbedcrypto_static.dir/psa_crypto_hash.c.o
[247/813] Building C object library/CMakeFiles/mbedcrypto_static.dir/psa_crypto_ffdh.c.o
[248/813] Building C object library/CMakeFiles/mbedcrypto_static.dir/psa_crypto_ecp.c.o
[249/813] Building C object library/CMakeFiles/mbedcrypto_static.dir/psa_crypto_driver_wrappers_no_static.c.o
[250/813] Building C object library/CMakeFiles/mbedcrypto_static.dir/psa_crypto_client.c.o
[251/813] Building C object library/CMakeFiles/mbedcrypto_static.dir/psa_crypto_cipher.c.o
[252/813] Building C object library/CMakeFiles/mbedcrypto_static.dir/psa_crypto_aead.c.o
[253/813] Building C object library/CMakeFiles/mbedcrypto_static.dir/psa_crypto.c.o
[254/813] Building C object library/CMakeFiles/mbedcrypto_static.dir/poly1305.c.o
[255/813] Building C object library/CMakeFiles/mbedcrypto_static.dir/platform_util.c.o
[256/813] Building C object library/CMakeFiles/mbedcrypto_static.dir/platform.c.o
[257/813] Building C object library/CMakeFiles/mbedcrypto_static.dir/pkwrite.c.o
[258/813] Building C object library/CMakeFiles/mbedcrypto_static.dir/pkparse.c.o
[259/813] Building C object library/CMakeFiles/mbedcrypto_static.dir/pkcs5.c.o
[260/813] Building C object library/CMakeFiles/mbedcrypto_static.dir/pkcs12.c.o
[261/813] Building C object library/CMakeFiles/mbedcrypto_static.dir/pk_wrap.c.o
[262/813] Building C object library/CMakeFiles/mbedcrypto_static.dir/pk_ecc.c.o
[263/813] Building C object library/CMakeFiles/mbedcrypto_static.dir/pk.c.o
[264/813] Building C object library/CMakeFiles/mbedcrypto_static.dir/pem.c.o
[265/813] Building C object library/CMakeFiles/mbedcrypto_static.dir/padlock.c.o
[266/813] Building C object library/CMakeFiles/mbedcrypto_static.dir/oid.c.o
[267/813] Building C object library/CMakeFiles/mbedcrypto_static.dir/nist_kw.c.o
[268/813] Building C object library/CMakeFiles/mbedcrypto_static.dir/memory_buffer_alloc.c.o
[269/813] Building C object library/CMakeFiles/mbedcrypto_static.dir/md5.c.o
[270/813] Building C object library/CMakeFiles/mbedcrypto_static.dir/md.c.o
[271/813] Building C object library/CMakeFiles/mbedcrypto_static.dir/lms.c.o
[272/813] Building C object library/CMakeFiles/mbedcrypto_static.dir/lmots.c.o
[273/813] Building C object library/CMakeFiles/mbedcrypto_static.dir/hmac_drbg.c.o
[274/813] Building C object library/CMakeFiles/mbedcrypto_static.dir/hkdf.c.o
[275/813] Building C object library/CMakeFiles/mbedcrypto_static.dir/gcm.c.o
[276/813] Building C object library/CMakeFiles/mbedcrypto_static.dir/error.c.o
[277/813] Building C object library/CMakeFiles/mbedcrypto_static.dir/entropy_poll.c.o
[278/813] Building C object library/CMakeFiles/mbedcrypto_static.dir/entropy.c.o
[279/813] Building C object library/CMakeFiles/mbedcrypto_static.dir/ecp_curves_new.c.o
[280/813] Building C object library/CMakeFiles/mbedcrypto_static.dir/ecp_curves.c.o
[281/813] Building C object library/CMakeFiles/mbedcrypto_static.dir/ecp.c.o
[282/813] Building C object library/CMakeFiles/mbedcrypto_static.dir/ecjpake.c.o
[283/813] Building C object library/CMakeFiles/mbedcrypto_static.dir/ecdsa.c.o
[284/813] Building C object library/CMakeFiles/mbedcrypto_static.dir/ecdh.c.o
[285/813] Building C object library/CMakeFiles/mbedcrypto_static.dir/dhm.c.o
[286/813] Building C object library/CMakeFiles/mbedcrypto_static.dir/des.c.o
[287/813] Building C object library/CMakeFiles/mbedcrypto_static.dir/ctr_drbg.c.o
[288/813] Building C object library/CMakeFiles/mbedcrypto_static.dir/cmac.c.o
[289/813] Building C object library/CMakeFiles/mbedcrypto_static.dir/constant_time.c.o
[290/813] Building C object library/CMakeFiles/mbedcrypto_static.dir/cipher_wrap.c.o
[291/813] Building C object library/CMakeFiles/mbedcrypto_static.dir/cipher.c.o
[292/813] Building C object library/CMakeFiles/mbedcrypto_static.dir/chachapoly.c.o
[293/813] Building C object library/CMakeFiles/mbedcrypto_static.dir/chacha20.c.o
[294/813] Building C object library/CMakeFiles/mbedcrypto_static.dir/ccm.c.o
[295/813] Building C object library/CMakeFiles/mbedcrypto_static.dir/camellia.c.o
[296/813] Building C object library/CMakeFiles/mbedcrypto_static.dir/block_cipher.c.o
[297/813] Building C object library/CMakeFiles/mbedcrypto_static.dir/bignum_mod_raw.c.o
[298/813] Building C object library/CMakeFiles/mbedcrypto_static.dir/bignum_mod.c.o
[299/813] Building C object library/CMakeFiles/mbedcrypto_static.dir/bignum_core.c.o
[300/813] Building C object library/CMakeFiles/mbedcrypto_static.dir/bignum.c.o
[301/813] Building C object library/CMakeFiles/mbedcrypto_static.dir/base64.c.o
[302/813] Building C object library/CMakeFiles/mbedcrypto_static.dir/asn1write.c.o
[303/813] Building C object library/CMakeFiles/mbedcrypto_static.dir/asn1parse.c.o
[304/813] Building C object library/CMakeFiles/mbedcrypto_static.dir/aria.c.o
[305/813] Building C object library/CMakeFiles/mbedcrypto_static.dir/aesce.c.o
[306/813] Building C object library/CMakeFiles/mbedcrypto_static.dir/aesni.c.o
[307/813] Building C object library/CMakeFiles/mbedcrypto_static.dir/aes.c.o
[308/813] Building C object 3rdparty/p256-m/CMakeFiles/p256m.dir/p256-m/p256-m.c.o
[309/813] Building C object 3rdparty/p256-m/CMakeFiles/p256m.dir/p256-m_driver_entrypoints.c.o
[310/813] Building C object 3rdparty/everest/CMakeFiles/everest.dir/library/Hacl_Curve25519_joined.c.o
[311/813] Building C object 3rdparty/everest/CMakeFiles/everest.dir/library/x25519.c.o
[312/813] Building C object 3rdparty/everest/CMakeFiles/everest.dir/library/everest.c.o
[313/813] Linking C static library 3rdparty/p256-m/libp256m.a
[314/813] Building C object CMakeFiles/mbedtls_test_helpers.dir/tests/src/test_helpers/ssl_helpers.c.o
[315/813] Building C object CMakeFiles/mbedtls_test.dir/tests/src/psa_test_wrappers.c.o
[316/813] Linking C static library 3rdparty/everest/libeverest.a
[317/813] Building C object CMakeFiles/mbedtls_test.dir/tests/src/certs.c.o
[318/813] Linking C shared library library/libmbedcrypto.so.3.6.3
[319/813] Creating library symlink library/libmbedcrypto.so.16 library/libmbedcrypto.so
[320/813] Linking C shared library library/libmbedx509.so.3.6.3
[321/813] Building C object CMakeFiles/mbedtls_test.dir/framework/tests/src/threading_helpers.c.o
[322/813] Creating library symlink library/libmbedx509.so.7 library/libmbedx509.so
[323/813] Linking C shared library library/libmbedtls.so.3.6.3
[324/813] Building C object CMakeFiles/mbedtls_test.dir/framework/tests/src/test_memory.c.o
[325/813] Creating library symlink library/libmbedtls.so.21 library/libmbedtls.so
[326/813] Building C object CMakeFiles/mbedtls_test.dir/framework/tests/src/random.c.o
[327/813] Building C object CMakeFiles/mbedtls_test.dir/framework/tests/src/psa_memory_poisoning_wrappers.c.o
[328/813] Building C object CMakeFiles/mbedtls_test.dir/framework/tests/src/psa_exercise_key.c.o
[329/813] Building C object CMakeFiles/mbedtls_test.dir/framework/tests/src/psa_crypto_stubs.c.o
[330/813] Building C object CMakeFiles/mbedtls_test.dir/framework/tests/src/psa_crypto_helpers.c.o
[331/813] Building C object CMakeFiles/mbedtls_test.dir/framework/tests/src/helpers.c.o
[332/813] Building C object CMakeFiles/mbedtls_test.dir/framework/tests/src/fake_external_rng_for_test.c.o
[333/813] Building C object CMakeFiles/mbedtls_test.dir/framework/tests/src/drivers/test_driver_signature.c.o
[334/813] Building C object CMakeFiles/mbedtls_test.dir/framework/tests/src/drivers/test_driver_pake.c.o
[335/813] Building C object CMakeFiles/mbedtls_test.dir/framework/tests/src/drivers/test_driver_mac.c.o
[336/813] Building C object CMakeFiles/mbedtls_test.dir/framework/tests/src/drivers/test_driver_key_management.c.o
[337/813] Building C object CMakeFiles/mbedtls_test.dir/framework/tests/src/drivers/test_driver_key_agreement.c.o
[338/813] Building C object CMakeFiles/mbedtls_test.dir/framework/tests/src/drivers/test_driver_cipher.c.o
[339/813] Building C object CMakeFiles/mbedtls_test.dir/framework/tests/src/drivers/test_driver_asymmetric_encryption.c.o
[340/813] Building C object CMakeFiles/mbedtls_test.dir/framework/tests/src/drivers/test_driver_aead.c.o
[341/813] Building C object CMakeFiles/mbedtls_test.dir/framework/tests/src/drivers/platform_builtin_keys.c.o
[342/813] Building C object CMakeFiles/mbedtls_test.dir/framework/tests/src/drivers/hash.c.o
[343/813] Building C object CMakeFiles/mbedtls_test.dir/framework/tests/src/bignum_helpers.c.o
[344/813] Building C object CMakeFiles/mbedtls_test.dir/framework/tests/src/bignum_codepath_check.c.o
[345/813] Building C object CMakeFiles/mbedtls_test.dir/framework/tests/src/asn1_helpers.c.o
[346/813] Linking C static library library/libmbedcrypto.a
[347/813] Generating test_suite_x509write.c
[348/813] Generating test_suite_x509parse.c
[349/813] Generating test_suite_version.c
[350/813] Generating test_suite_timing.c
[351/813] Generating test_suite_test_helpers.c
[352/813] Generating test_suite_ssl_decrypt.misc.c
[353/813] Generating test_suite_ssl.tls-defrag.c
[354/813] Linking C static library library/libmbedx509.a
[355/813] Building C object tests/CMakeFiles/test_suite_timing.dir/test_suite_timing.c.o
[356/813] Building C object tests/CMakeFiles/test_suite_test_helpers.dir/test_suite_test_helpers.c.o
[357/813] Building C object tests/CMakeFiles/test_suite_version.dir/test_suite_version.c.o
[358/813] Building C object tests/CMakeFiles/test_suite_ssl_decrypt.misc.dir/test_suite_ssl_decrypt.misc.c.o
[359/813] Linking C static library library/libmbedtls.a
[360/813] Building C object tests/CMakeFiles/test_suite_x509write.dir/test_suite_x509write.c.o
[361/813] Generating test_suite_ssl.c
[362/813] Building C object tests/CMakeFiles/test_suite_ssl.tls-defrag.dir/test_suite_ssl.tls-defrag.c.o
[363/813] Building C object tests/CMakeFiles/test_suite_x509parse.dir/test_suite_x509parse.c.o
[364/813] Building C object tests/CMakeFiles/test_suite_ssl.dir/test_suite_ssl.c.o
[365/813] Linking C executable tests/test_suite_test_helpers
[366/813] Linking C executable tests/test_suite_timing
[367/813] Linking C executable tests/test_suite_version
[368/813] Generating test_suite_shax.c
[369/813] Generating test_suite_rsa.c
[370/813] Generating test_suite_random.c
[371/813] Building C object tests/CMakeFiles/test_suite_random.dir/test_suite_random.c.o
[372/813] Linking C executable tests/test_suite_ssl_decrypt.misc
[373/813] Building C object tests/CMakeFiles/test_suite_shax.dir/test_suite_shax.c.o
[374/813] Building C object tests/CMakeFiles/test_suite_rsa.dir/test_suite_rsa.c.o
[375/813] Generating test_suite_psa_its.c
[376/813] Building C object tests/CMakeFiles/test_suite_psa_its.dir/test_suite_psa_its.c.o
[377/813] Linking C executable tests/test_suite_x509write
[378/813] Generating test_suite_psa_crypto_util.c
[379/813] Building C object tests/CMakeFiles/test_suite_psa_crypto_util.dir/test_suite_psa_crypto_util.c.o
[380/813] Linking C executable tests/test_suite_random
[381/813] Generating test_suite_psa_crypto_storage_format.v0.c
[382/813] Linking C executable tests/test_suite_shax
[383/813] Generating test_suite_psa_crypto_storage_format.misc.c
[384/813] Linking C executable tests/test_suite_psa_its
[385/813] Generating test_suite_psa_crypto_storage_format.current.c
[386/813] Linking C executable tests/test_suite_psa_crypto_util
[387/813] Building C object tests/CMakeFiles/test_suite_psa_crypto_storage_format.misc.dir/test_suite_psa_crypto_storage_format.misc.c.o
[388/813] Generating test_suite_psa_crypto_slot_management.c
[389/813] Building C object tests/CMakeFiles/test_suite_psa_crypto_storage_format.v0.dir/test_suite_psa_crypto_storage_format.v0.c.o
[390/813] Linking C executable tests/test_suite_x509parse
[391/813] Building C object tests/CMakeFiles/test_suite_psa_crypto_slot_management.dir/test_suite_psa_crypto_slot_management.c.o
[392/813] Generating test_suite_psa_crypto_se_driver_hal_mocks.c
[393/813] Building C object tests/CMakeFiles/test_suite_psa_crypto_se_driver_hal_mocks.dir/test_suite_psa_crypto_se_driver_hal_mocks.c.o
[394/813] Building C object tests/CMakeFiles/test_suite_psa_crypto_storage_format.current.dir/test_suite_psa_crypto_storage_format.current.c.o
[395/813] Linking C executable tests/test_suite_psa_crypto_storage_format.misc
[396/813] Linking C executable tests/test_suite_psa_crypto_se_driver_hal_mocks
[397/813] Generating test_suite_psa_crypto_se_driver_hal.c
[398/813] Generating test_suite_psa_crypto_persistent_key.c
[399/813] Linking C executable tests/test_suite_rsa
[400/813] Generating test_suite_psa_crypto_pake.c
[401/813] Building C object tests/CMakeFiles/test_suite_psa_crypto_se_driver_hal.dir/test_suite_psa_crypto_se_driver_hal.c.o
[402/813] Building C object tests/CMakeFiles/test_suite_psa_crypto_persistent_key.dir/test_suite_psa_crypto_persistent_key.c.o
[403/813] Linking C executable tests/test_suite_psa_crypto_storage_format.v0
[404/813] Building C object tests/CMakeFiles/test_suite_psa_crypto_pake.dir/test_suite_psa_crypto_pake.c.o
[405/813] Generating test_suite_psa_crypto_op_fail.misc.c
[406/813] Building C object tests/CMakeFiles/test_suite_psa_crypto_op_fail.misc.dir/test_suite_psa_crypto_op_fail.misc.c.o
[407/813] Linking C executable tests/test_suite_psa_crypto_storage_format.current
[408/813] Generating test_suite_psa_crypto_op_fail.generated.c
[409/813] Linking C executable tests/test_suite_psa_crypto_slot_management
[410/813] Generating test_suite_psa_crypto_not_supported.misc.c
[411/813] Linking C executable tests/test_suite_psa_crypto_se_driver_hal
[412/813] Building C object tests/CMakeFiles/test_suite_psa_crypto_not_supported.misc.dir/test_suite_psa_crypto_not_supported.misc.c.o
[413/813] Generating test_suite_psa_crypto_not_supported.generated.c
[414/813] Building C object tests/CMakeFiles/test_suite_psa_crypto_not_supported.generated.dir/test_suite_psa_crypto_not_supported.generated.c.o
[415/813] Linking C executable tests/test_suite_psa_crypto_persistent_key
[416/813] Generating test_suite_psa_crypto_metadata.c
[417/813] Linking C executable tests/test_suite_ssl.tls-defrag
[418/813] Generating test_suite_psa_crypto_memory.c
[419/813] Building C object tests/CMakeFiles/test_suite_psa_crypto_metadata.dir/test_suite_psa_crypto_metadata.c.o
[420/813] Building C object tests/CMakeFiles/test_suite_psa_crypto_memory.dir/test_suite_psa_crypto_memory.c.o
[421/813] Linking C executable tests/test_suite_psa_crypto_op_fail.misc
[422/813] Building C object tests/CMakeFiles/test_suite_psa_crypto_op_fail.generated.dir/test_suite_psa_crypto_op_fail.generated.c.o
[423/813] Generating test_suite_psa_crypto_low_hash.generated.c
[424/813] Linking C executable tests/test_suite_ssl
[425/813] Linking C executable tests/test_suite_psa_crypto_not_supported.misc
[426/813] Generating test_suite_psa_crypto_init.c
[427/813] Generating test_suite_psa_crypto_hash.c
[428/813] Building C object tests/CMakeFiles/test_suite_psa_crypto_low_hash.generated.dir/test_suite_psa_crypto_low_hash.generated.c.o
[429/813] Building C object tests/CMakeFiles/test_suite_psa_crypto_init.dir/test_suite_psa_crypto_init.c.o
[430/813] Building C object tests/CMakeFiles/test_suite_psa_crypto_hash.dir/test_suite_psa_crypto_hash.c.o
[431/813] Linking C executable tests/test_suite_psa_crypto_not_supported.generated
[432/813] Generating test_suite_psa_crypto_generate_key.generated.c
[433/813] Building C object tests/CMakeFiles/test_suite_psa_crypto_generate_key.generated.dir/test_suite_psa_crypto_generate_key.generated.c.o
[434/813] Linking C executable tests/test_suite_psa_crypto_memory
[435/813] Generating test_suite_psa_crypto_entropy.c
[436/813] Building C object tests/CMakeFiles/test_suite_psa_crypto_entropy.dir/test_suite_psa_crypto_entropy.c.o
[437/813] Linking C executable tests/test_suite_psa_crypto_pake
[438/813] Linking C executable tests/test_suite_psa_crypto_low_hash.generated
[439/813] Generating test_suite_psa_crypto_ecp.c
[440/813] Linking C executable tests/test_suite_psa_crypto_hash
[441/813] Generating test_suite_psa_crypto_driver_wrappers.c
[442/813] Generating test_suite_psa_crypto_attributes.c
[443/813] Linking C executable tests/test_suite_psa_crypto_generate_key.generated
[444/813] Building C object tests/CMakeFiles/test_suite_psa_crypto_ecp.dir/test_suite_psa_crypto_ecp.c.o
[445/813] Linking C executable tests/test_suite_psa_crypto_init
[446/813] Linking C executable tests/test_suite_psa_crypto_op_fail.generated
[447/813] Generating test_suite_psa_crypto.pbkdf2.c
[448/813] Building C object tests/CMakeFiles/test_suite_psa_crypto_attributes.dir/test_suite_psa_crypto_attributes.c.o
[449/813] Generating test_suite_psa_crypto.c
[450/813] Generating test_suite_poly1305.c
[451/813] Building C object tests/CMakeFiles/test_suite_psa_crypto_driver_wrappers.dir/test_suite_psa_crypto_driver_wrappers.c.o
[452/813] Building C object tests/CMakeFiles/test_suite_poly1305.dir/test_suite_poly1305.c.o
[453/813] Linking C executable tests/test_suite_psa_crypto_entropy
[454/813] Building C object tests/CMakeFiles/test_suite_psa_crypto.pbkdf2.dir/test_suite_psa_crypto.pbkdf2.c.o
[455/813] Generating test_suite_platform_util.c
[456/813] Building C object tests/CMakeFiles/test_suite_platform_util.dir/test_suite_platform_util.c.o
[457/813] Building C object tests/CMakeFiles/test_suite_psa_crypto.dir/test_suite_psa_crypto.c.o
[458/813] Linking C executable tests/test_suite_psa_crypto_driver_wrappers
[459/813] Linking C executable tests/test_suite_psa_crypto_ecp
[460/813] Generating test_suite_platform_printf.c
[461/813] Generating test_suite_platform.c
[462/813] Linking C executable tests/test_suite_psa_crypto_attributes
[463/813] Generating test_suite_pkwrite.c
[464/813] Linking C executable tests/test_suite_poly1305
[465/813] Building C object tests/CMakeFiles/test_suite_platform_printf.dir/test_suite_platform_printf.c.o
[466/813] Building C object tests/CMakeFiles/test_suite_platform.dir/test_suite_platform.c.o
[467/813] Generating test_suite_pkparse.c
[468/813] Building C object tests/CMakeFiles/test_suite_pkwrite.dir/test_suite_pkwrite.c.o
[469/813] Linking C executable tests/test_suite_platform_util
[470/813] Building C object tests/CMakeFiles/test_suite_pkparse.dir/test_suite_pkparse.c.o
[471/813] Generating test_suite_pkcs7.c
[472/813] Linking C executable tests/test_suite_psa_crypto_metadata
[473/813] Generating test_suite_pkcs5.c
[474/813] Building C object tests/CMakeFiles/test_suite_pkcs7.dir/test_suite_pkcs7.c.o
[475/813] Building C object tests/CMakeFiles/test_suite_pkcs5.dir/test_suite_pkcs5.c.o
[476/813] Linking C executable tests/test_suite_platform
[477/813] Linking C executable tests/test_suite_platform_printf
[478/813] Generating test_suite_pkcs1_v21.c
[479/813] Generating test_suite_pkcs1_v15.c
[480/813] Linking C executable tests/test_suite_pkwrite
[481/813] Building C object tests/CMakeFiles/test_suite_pkcs1_v15.dir/test_suite_pkcs1_v15.c.o
[482/813] Building C object tests/CMakeFiles/test_suite_pkcs1_v21.dir/test_suite_pkcs1_v21.c.o
[483/813] Generating test_suite_pkcs12.c
[484/813] Building C object tests/CMakeFiles/test_suite_pkcs12.dir/test_suite_pkcs12.c.o
[485/813] Linking C executable tests/test_suite_pkparse
[486/813] Generating test_suite_pk.c
[487/813] Linking C executable tests/test_suite_pkcs5
[488/813] Building C object tests/CMakeFiles/test_suite_pk.dir/test_suite_pk.c.o
[489/813] Linking C executable tests/test_suite_pkcs7
[490/813] Generating test_suite_pem.c
[491/813] Generating test_suite_oid.c
[492/813] Building C object tests/CMakeFiles/test_suite_pem.dir/test_suite_pem.c.o
[493/813] Building C object tests/CMakeFiles/test_suite_oid.dir/test_suite_oid.c.o
[494/813] Linking C executable tests/test_suite_pkcs12
[495/813] Linking C executable tests/test_suite_pkcs1_v15
[496/813] Generating test_suite_nist_kw.c
[497/813] Linking C executable tests/test_suite_pkcs1_v21
[498/813] Generating test_suite_net.c
[499/813] Generating test_suite_mps.c
[500/813] Building C object tests/CMakeFiles/test_suite_nist_kw.dir/test_suite_nist_kw.c.o
[501/813] Building C object tests/CMakeFiles/test_suite_net.dir/test_suite_net.c.o
[502/813] Building C object tests/CMakeFiles/test_suite_mps.dir/test_suite_mps.c.o
[503/813] Linking C executable tests/test_suite_pem
[504/813] Generating test_suite_memory_buffer_alloc.c
[505/813] Linking C executable tests/test_suite_oid
[506/813] Generating test_suite_mdx.c
[507/813] Building C object tests/CMakeFiles/test_suite_memory_buffer_alloc.dir/test_suite_memory_buffer_alloc.c.o
[508/813] Building C object tests/CMakeFiles/test_suite_mdx.dir/test_suite_mdx.c.o
[509/813] Linking C executable tests/test_suite_net
[510/813] Generating test_suite_md.psa.c
[511/813] Linking C executable tests/test_suite_nist_kw
[512/813] Generating test_suite_md.c
[513/813] Building C object tests/CMakeFiles/test_suite_md.psa.dir/test_suite_md.psa.c.o
[514/813] Linking C executable tests/test_suite_memory_buffer_alloc
[515/813] Building C object tests/CMakeFiles/test_suite_md.dir/test_suite_md.c.o
[516/813] Generating test_suite_lms.c
[517/813] Linking C executable tests/test_suite_mdx
[518/813] Building C object tests/CMakeFiles/test_suite_lms.dir/test_suite_lms.c.o
[519/813] Generating test_suite_lmots.c
[520/813] Building C object tests/CMakeFiles/test_suite_lmots.dir/test_suite_lmots.c.o
[521/813] Linking C executable tests/test_suite_pk
[522/813] Generating test_suite_hmac_drbg.pr.c
[523/813] Building C object tests/CMakeFiles/test_suite_hmac_drbg.pr.dir/test_suite_hmac_drbg.pr.c.o
[524/813] Linking C executable tests/test_suite_mps
[525/813] Generating test_suite_hmac_drbg.nopr.c
[526/813] Linking C executable tests/test_suite_lms
[527/813] Generating test_suite_hmac_drbg.no_reseed.c
[528/813] Linking C executable tests/test_suite_md.psa
[529/813] Building C object tests/CMakeFiles/test_suite_hmac_drbg.nopr.dir/test_suite_hmac_drbg.nopr.c.o
[530/813] Linking C executable tests/test_suite_lmots
[531/813] Generating test_suite_hmac_drbg.misc.c
[532/813] Generating test_suite_hkdf.c
[533/813] Building C object tests/CMakeFiles/test_suite_hmac_drbg.no_reseed.dir/test_suite_hmac_drbg.no_reseed.c.o
[534/813] Linking C executable tests/test_suite_md
[535/813] Building C object tests/CMakeFiles/test_suite_hmac_drbg.misc.dir/test_suite_hmac_drbg.misc.c.o
[536/813] Building C object tests/CMakeFiles/test_suite_hkdf.dir/test_suite_hkdf.c.o
[537/813] Generating test_suite_gcm.misc.c
[538/813] Building C object tests/CMakeFiles/test_suite_gcm.misc.dir/test_suite_gcm.misc.c.o
[539/813] Linking C executable tests/test_suite_hmac_drbg.pr
[540/813] Generating test_suite_gcm.camellia.c
[541/813] Building C object tests/CMakeFiles/test_suite_gcm.camellia.dir/test_suite_gcm.camellia.c.o
[542/813] Linking C executable tests/test_suite_hmac_drbg.no_reseed
[543/813] Linking C executable tests/test_suite_hkdf
[544/813] Linking C executable tests/test_suite_hmac_drbg.nopr
[545/813] Linking C executable tests/test_suite_hmac_drbg.misc
[546/813] Generating test_suite_gcm.aes256_en.c
[547/813] Generating test_suite_gcm.aes256_de.c
[548/813] Generating test_suite_gcm.aes192_en.c
[549/813] Generating test_suite_gcm.aes192_de.c
[550/813] Building C object tests/CMakeFiles/test_suite_gcm.aes256_en.dir/test_suite_gcm.aes256_en.c.o
[551/813] Building C object tests/CMakeFiles/test_suite_gcm.aes256_de.dir/test_suite_gcm.aes256_de.c.o
[552/813] Building C object tests/CMakeFiles/test_suite_gcm.aes192_en.dir/test_suite_gcm.aes192_en.c.o
[553/813] Building C object tests/CMakeFiles/test_suite_gcm.aes192_de.dir/test_suite_gcm.aes192_de.c.o
[554/813] Linking C executable tests/test_suite_gcm.misc
[555/813] Generating test_suite_gcm.aes128_en.c
[556/813] Building C object tests/CMakeFiles/test_suite_gcm.aes128_en.dir/test_suite_gcm.aes128_en.c.o
[557/813] Linking C executable tests/test_suite_gcm.camellia
[558/813] Generating test_suite_gcm.aes128_de.c
[559/813] Building C object tests/CMakeFiles/test_suite_gcm.aes128_de.dir/test_suite_gcm.aes128_de.c.o
[560/813] Linking C executable tests/test_suite_gcm.aes192_en
[561/813] Linking C executable tests/test_suite_gcm.aes256_de
[562/813] Linking C executable tests/test_suite_gcm.aes256_en
[563/813] Generating test_suite_error.c
[564/813] Generating test_suite_entropy.c
[565/813] Generating test_suite_ecp.generated.c
[566/813] Linking C executable tests/test_suite_gcm.aes192_de
[567/813] Generating test_suite_ecp.c
[568/813] Building C object tests/CMakeFiles/test_suite_error.dir/test_suite_error.c.o
[569/813] Building C object tests/CMakeFiles/test_suite_entropy.dir/test_suite_entropy.c.o
[570/813] Building C object tests/CMakeFiles/test_suite_ecp.generated.dir/test_suite_ecp.generated.c.o
[571/813] Building C object tests/CMakeFiles/test_suite_ecp.dir/test_suite_ecp.c.o
[572/813] Linking C executable tests/test_suite_error
[573/813] Linking C executable tests/test_suite_gcm.aes128_en
[574/813] Generating test_suite_ecjpake.c
[575/813] Generating test_suite_ecdsa.c
[576/813] Linking C executable tests/test_suite_entropy
[577/813] Building C object tests/CMakeFiles/test_suite_ecjpake.dir/test_suite_ecjpake.c.o
[578/813] Generating test_suite_ecdh.c
[579/813] Building C object tests/CMakeFiles/test_suite_ecdsa.dir/test_suite_ecdsa.c.o
[580/813] Linking C executable tests/test_suite_gcm.aes128_de
[581/813] Generating test_suite_dhm.c
[582/813] Building C object tests/CMakeFiles/test_suite_ecdh.dir/test_suite_ecdh.c.o
[583/813] Building C object tests/CMakeFiles/test_suite_dhm.dir/test_suite_dhm.c.o
[584/813] Linking C executable tests/test_suite_ecjpake
[585/813] Generating test_suite_des.c
[586/813] Building C object tests/CMakeFiles/test_suite_des.dir/test_suite_des.c.o
[587/813] Linking C executable tests/test_suite_ecdsa
[588/813] Generating test_suite_debug.c
[589/813] Linking C executable tests/test_suite_dhm
[590/813] Linking C executable tests/test_suite_ecdh
[591/813] Generating test_suite_ctr_drbg.c
[592/813] Generating test_suite_constant_time_hmac.c
[593/813] Building C object tests/CMakeFiles/test_suite_debug.dir/test_suite_debug.c.o
[594/813] Building C object tests/CMakeFiles/test_suite_constant_time_hmac.dir/test_suite_constant_time_hmac.c.o
[595/813] Building C object tests/CMakeFiles/test_suite_ctr_drbg.dir/test_suite_ctr_drbg.c.o
[596/813] Linking C executable tests/test_suite_ecp.generated
[597/813] Generating test_suite_constant_time.c
[598/813] Building C object tests/CMakeFiles/test_suite_constant_time.dir/test_suite_constant_time.c.o
[599/813] Linking C executable tests/test_suite_ecp
[600/813] Generating test_suite_config.tls_combinations.c
[601/813] Building C object tests/CMakeFiles/test_suite_config.tls_combinations.dir/test_suite_config.tls_combinations.c.o
[602/813] Linking C executable tests/test_suite_constant_time_hmac
[603/813] Linking C executable tests/test_suite_des
[604/813] Generating test_suite_config.psa_combinations.c
[605/813] Generating test_suite_config.psa_boolean.c
[606/813] Building C object tests/CMakeFiles/test_suite_config.psa_combinations.dir/test_suite_config.psa_combinations.c.o
[607/813] Building C object tests/CMakeFiles/test_suite_config.psa_boolean.dir/test_suite_config.psa_boolean.c.o
[608/813] Linking C executable tests/test_suite_debug
[609/813] Generating test_suite_config.mbedtls_boolean.c
[610/813] Linking C executable tests/test_suite_ctr_drbg
[611/813] Generating test_suite_config.crypto_combinations.c
[612/813] Building C object tests/CMakeFiles/test_suite_config.mbedtls_boolean.dir/test_suite_config.mbedtls_boolean.c.o
[613/813] Linking C executable tests/test_suite_config.tls_combinations
[614/813] Generating test_suite_common.c
[615/813] Building C object tests/CMakeFiles/test_suite_config.crypto_combinations.dir/test_suite_config.crypto_combinations.c.o
[616/813] Building C object tests/CMakeFiles/test_suite_common.dir/test_suite_common.c.o
[617/813] Linking C executable tests/test_suite_config.psa_combinations
[618/813] Generating test_suite_cmac.c
[619/813] Linking C executable tests/test_suite_constant_time
[620/813] Linking C executable tests/test_suite_config.psa_boolean
[621/813] Generating test_suite_cipher.padding.c
[622/813] Generating test_suite_cipher.null.c
[623/813] Building C object tests/CMakeFiles/test_suite_cmac.dir/test_suite_cmac.c.o
[624/813] Building C object tests/CMakeFiles/test_suite_cipher.padding.dir/test_suite_cipher.padding.c.o
[625/813] Building C object tests/CMakeFiles/test_suite_cipher.null.dir/test_suite_cipher.null.c.o
[626/813] Linking C executable tests/test_suite_config.crypto_combinations
[627/813] Generating test_suite_cipher.nist_kw.c
[628/813] Linking C executable tests/test_suite_config.mbedtls_boolean
[629/813] Generating test_suite_cipher.misc.c
[630/813] Building C object tests/CMakeFiles/test_suite_cipher.nist_kw.dir/test_suite_cipher.nist_kw.c.o
[631/813] Building C object tests/CMakeFiles/test_suite_cipher.misc.dir/test_suite_cipher.misc.c.o
[632/813] Linking C executable tests/test_suite_cmac
[633/813] Generating test_suite_cipher.gcm.c
[634/813] Linking C executable tests/test_suite_common
[635/813] Generating test_suite_cipher.des.c
[636/813] Linking C executable tests/test_suite_psa_crypto.pbkdf2
[637/813] Generating test_suite_cipher.chachapoly.c
[638/813] Building C object tests/CMakeFiles/test_suite_cipher.des.dir/test_suite_cipher.des.c.o
[639/813] Building C object tests/CMakeFiles/test_suite_cipher.gcm.dir/test_suite_cipher.gcm.c.o
[640/813] Building C object tests/CMakeFiles/test_suite_cipher.chachapoly.dir/test_suite_cipher.chachapoly.c.o
[641/813] Linking C executable tests/test_suite_psa_crypto
[642/813] Generating test_suite_cipher.chacha20.c
[643/813] Building C object tests/CMakeFiles/test_suite_cipher.chacha20.dir/test_suite_cipher.chacha20.c.o
[644/813] Linking C executable tests/test_suite_cipher.null
[645/813] Linking C executable tests/test_suite_cipher.padding
[646/813] Generating test_suite_cipher.ccm.c
[647/813] Generating test_suite_cipher.camellia.c
[648/813] Building C object tests/CMakeFiles/test_suite_cipher.ccm.dir/test_suite_cipher.ccm.c.o
[649/813] Building C object tests/CMakeFiles/test_suite_cipher.camellia.dir/test_suite_cipher.camellia.c.o
[650/813] Linking C executable tests/test_suite_cipher.nist_kw
[651/813] Generating test_suite_cipher.aria.c
[652/813] Linking C executable tests/test_suite_cipher.misc
[653/813] Generating test_suite_cipher.aes.c
[654/813] Building C object tests/CMakeFiles/test_suite_cipher.aria.dir/test_suite_cipher.aria.c.o
[655/813] Building C object tests/CMakeFiles/test_suite_cipher.aes.dir/test_suite_cipher.aes.c.o
[656/813] Linking C executable tests/test_suite_cipher.des
[657/813] Linking C executable tests/test_suite_cipher.gcm
[658/813] Linking C executable tests/test_suite_cipher.chachapoly
[659/813] Generating test_suite_chachapoly.c
[660/813] Generating test_suite_chacha20.c
[661/813] Generating test_suite_ccm.c
[662/813] Building C object tests/CMakeFiles/test_suite_chachapoly.dir/test_suite_chachapoly.c.o
[663/813] Building C object tests/CMakeFiles/test_suite_chacha20.dir/test_suite_chacha20.c.o
[664/813] Building C object tests/CMakeFiles/test_suite_ccm.dir/test_suite_ccm.c.o
[665/813] Linking C executable tests/test_suite_cipher.chacha20
[666/813] Generating test_suite_camellia.c
[667/813] Building C object tests/CMakeFiles/test_suite_camellia.dir/test_suite_camellia.c.o
[668/813] Linking C executable tests/test_suite_cipher.ccm
[669/813] Linking C executable tests/test_suite_chacha20
[670/813] Linking C executable tests/test_suite_cipher.camellia
[671/813] Linking C executable tests/test_suite_chachapoly
[672/813] Generating test_suite_block_cipher.psa.c
[673/813] Generating test_suite_block_cipher.c
[674/813] Generating test_suite_bignum_random.c
[675/813] Generating test_suite_bignum_mod_raw.generated.c
[676/813] Building C object tests/CMakeFiles/test_suite_block_cipher.psa.dir/test_suite_block_cipher.psa.c.o
[677/813] Building C object tests/CMakeFiles/test_suite_block_cipher.dir/test_suite_block_cipher.c.o
[678/813] Building C object tests/CMakeFiles/test_suite_bignum_random.dir/test_suite_bignum_random.c.o
[679/813] Linking C executable tests/test_suite_cipher.aria
[680/813] Generating test_suite_bignum_mod_raw.c
[681/813] Linking C executable tests/test_suite_cipher.aes
[682/813] Building C object tests/CMakeFiles/test_suite_bignum_mod_raw.generated.dir/test_suite_bignum_mod_raw.generated.c.o
[683/813] Building C object tests/CMakeFiles/test_suite_bignum_mod_raw.dir/test_suite_bignum_mod_raw.c.o
[684/813] Linking C executable tests/test_suite_camellia
[685/813] Generating test_suite_bignum_mod.misc.c
[686/813] Generating test_suite_bignum_mod.generated.c
[687/813] Building C object tests/CMakeFiles/test_suite_bignum_mod.misc.dir/test_suite_bignum_mod.misc.c.o
[688/813] Linking C executable tests/test_suite_block_cipher
[689/813] Linking C executable tests/test_suite_block_cipher.psa
[690/813] Generating test_suite_bignum_core.misc.c
[691/813] Generating test_suite_bignum_core.generated.c
[692/813] Building C object tests/CMakeFiles/test_suite_bignum_mod.generated.dir/test_suite_bignum_mod.generated.c.o
[693/813] Building C object tests/CMakeFiles/test_suite_bignum_core.misc.dir/test_suite_bignum_core.misc.c.o
[694/813] Linking C executable tests/test_suite_bignum_random
[695/813] Linking C executable tests/test_suite_bignum_mod_raw.generated
[696/813] Linking C executable tests/test_suite_bignum_mod_raw
[697/813] Generating test_suite_bignum.misc.c
[698/813] Generating test_suite_bignum.generated.c
[699/813] Generating test_suite_base64.c
[700/813] Linking C executable tests/test_suite_ccm
[701/813] Generating test_suite_asn1write.c
[702/813] Linking C executable tests/test_suite_bignum_mod.misc
[703/813] Building C object tests/CMakeFiles/test_suite_base64.dir/test_suite_base64.c.o
[704/813] Building C object tests/CMakeFiles/test_suite_bignum.generated.dir/test_suite_bignum.generated.c.o
[705/813] Building C object tests/CMakeFiles/test_suite_bignum.misc.dir/test_suite_bignum.misc.c.o
[706/813] Generating test_suite_asn1parse.c
[707/813] Building C object tests/CMakeFiles/test_suite_asn1write.dir/test_suite_asn1write.c.o
[708/813] Building C object tests/CMakeFiles/test_suite_asn1parse.dir/test_suite_asn1parse.c.o
[709/813] Linking C executable tests/test_suite_bignum_mod.generated
[710/813] Generating test_suite_aria.c
[711/813] Building C object tests/CMakeFiles/test_suite_bignum_core.generated.dir/test_suite_bignum_core.generated.c.o
[712/813] Building C object tests/CMakeFiles/test_suite_aria.dir/test_suite_aria.c.o
[713/813] Linking C executable tests/test_suite_base64
[714/813] Generating test_suite_alignment.c
[715/813] Building C object tests/CMakeFiles/test_suite_alignment.dir/test_suite_alignment.c.o
[716/813] Linking C executable tests/test_suite_aria
[717/813] Generating test_suite_aes.xts.c
[718/813] Linking C executable tests/test_suite_asn1write
[719/813] Generating test_suite_aes.rest.c
[720/813] Building C object tests/CMakeFiles/test_suite_aes.xts.dir/test_suite_aes.xts.c.o
[721/813] Linking C executable tests/test_suite_asn1parse
[722/813] Building C object tests/CMakeFiles/test_suite_aes.rest.dir/test_suite_aes.rest.c.o
[723/813] Generating test_suite_aes.ofb.c
[724/813] Building C object tests/CMakeFiles/test_suite_aes.ofb.dir/test_suite_aes.ofb.c.o
[725/813] Linking C executable tests/test_suite_bignum_core.misc
[726/813] Generating test_suite_aes.ecb.c
[727/813] Linking C executable tests/test_suite_alignment
[728/813] Generating test_suite_aes.ctr.c
[729/813] Building C object tests/CMakeFiles/test_suite_aes.ecb.dir/test_suite_aes.ecb.c.o
[730/813] Building C object tests/CMakeFiles/test_suite_aes.ctr.dir/test_suite_aes.ctr.c.o
[731/813] Linking C executable tests/test_suite_bignum.generated
[732/813] Linking C executable tests/test_suite_bignum.misc
[733/813] Generating test_suite_aes.cfb.c
[734/813] Generating test_suite_aes.cbc.c
[735/813] Building C object tests/CMakeFiles/test_suite_aes.cfb.dir/test_suite_aes.cfb.c.o
[736/813] Building C object tests/CMakeFiles/test_suite_aes.cbc.dir/test_suite_aes.cbc.c.o
[737/813] Linking C executable tests/test_suite_bignum_core.generated
[738/813] Linking C executable programs/x509/req_app
[739/813] Linking C executable programs/x509/load_roots
[740/813] Linking C executable tests/test_suite_aes.xts
[741/813] Linking C executable programs/x509/crl_app
[742/813] Linking C executable tests/test_suite_aes.rest
[743/813] Linking C executable programs/x509/cert_write
[744/813] Linking C executable programs/x509/cert_req
[745/813] Linking C executable programs/x509/cert_app
[746/813] Linking C executable programs/util/strerror
[747/813] Linking C executable programs/util/pem2der
[748/813] Linking C executable programs/test/zeroize
[749/813] Linking C executable programs/test/query_compile_time_config
[750/813] Linking C executable programs/test/benchmark
[751/813] Linking C executable tests/test_suite_aes.ofb
[752/813] Linking C executable programs/test/udp_proxy
[753/813] Linking C executable programs/test/selftest
[754/813] Linking C executable programs/test/query_included_headers
[755/813] Linking C executable programs/test/metatest
[756/813] Linking C executable programs/ssl/ssl_pthread_server
[757/813] Linking C executable programs/ssl/ssl_server2
[758/813] Linking C executable programs/ssl/ssl_server
[759/813] Linking C executable programs/ssl/ssl_mail_client
[760/813] Linking C executable programs/ssl/ssl_fork_server
[761/813] Linking C executable programs/ssl/ssl_context_info
[762/813] Linking C executable programs/ssl/ssl_client2
[763/813] Linking C executable programs/ssl/ssl_client1
[764/813] Linking C executable programs/ssl/mini_client
[765/813] Linking C executable programs/ssl/dtls_server
[766/813] Linking C executable programs/ssl/dtls_client
[767/813] Linking C executable programs/random/gen_random_ctr_drbg
[768/813] Linking C executable programs/random/gen_entropy
[769/813] Linking C executable programs/psa/psa_hash
[770/813] Linking C executable programs/psa/psa_constant_names
[771/813] Linking C executable programs/psa/key_ladder_demo
[772/813] Linking C executable programs/psa/hmac_demo
[773/813] Linking C executable programs/psa/crypto_examples
[774/813] Linking C executable programs/psa/aead_demo
[775/813] Linking C executable programs/pkey/rsa_verify_pss
[776/813] Linking C executable programs/pkey/rsa_verify
[777/813] Linking C executable programs/pkey/rsa_sign_pss
[778/813] Linking C executable programs/pkey/rsa_sign
[779/813] Linking C executable programs/pkey/rsa_genkey
[780/813] Linking C executable programs/pkey/rsa_encrypt
[781/813] Linking C executable programs/pkey/rsa_decrypt
[782/813] Linking C executable programs/pkey/pk_verify
[783/813] Linking C executable programs/pkey/pk_sign
[784/813] Linking C executable programs/pkey/pk_decrypt
[785/813] Linking C executable programs/pkey/pk_encrypt
[786/813] Linking C executable programs/pkey/mpi_demo
[787/813] Linking C executable programs/pkey/key_app_writer
[788/813] Linking C executable programs/pkey/key_app
[789/813] Linking C executable programs/pkey/gen_key
[790/813] Linking C executable programs/pkey/ecdsa
[791/813] Linking C executable tests/test_suite_aes.ecb
[792/813] Linking C executable programs/pkey/ecdh_curve25519
[793/813] Linking C executable programs/pkey/dh_genprime
[794/813] Linking C executable programs/pkey/dh_server
[795/813] Linking C executable programs/pkey/dh_client
[796/813] Linking C executable programs/hash/md_hmac_demo
[797/813] Linking C executable programs/hash/hello
[798/813] Linking C executable programs/hash/generic_sum
[799/813] Linking C executable programs/fuzz/fuzz_server
[800/813] Linking C executable programs/fuzz/fuzz_dtlsserver
[801/813] Linking C executable tests/test_suite_aes.ctr
[802/813] Linking C executable programs/fuzz/fuzz_dtlsclient
[803/813] Linking C executable programs/fuzz/fuzz_client
[804/813] Linking C executable programs/fuzz/fuzz_privkey
[805/813] Linking C executable programs/fuzz/fuzz_pkcs7
[806/813] Linking C executable programs/fuzz/fuzz_x509csr
[807/813] Linking C executable programs/fuzz/fuzz_x509crt
[808/813] Linking C executable programs/fuzz/fuzz_x509crl
[809/813] Linking C executable programs/fuzz/fuzz_pubkey
[810/813] Linking C executable programs/cipher/cipher_aead_demo
[811/813] Linking C executable programs/aes/crypt_and_hash
[812/813] Linking C executable tests/test_suite_aes.cfb
[813/813] Linking C executable tests/test_suite_aes.cbc
Test project /home/packager/aports/main/mbedtls/src/mbedtls-3.6.3/build
        Start   1: aes.cbc-suite
  1/132 Test   #1: aes.cbc-suite ..............................   Passed    0.00 sec
        Start   2: aes.cfb-suite
  2/132 Test   #2: aes.cfb-suite ..............................   Passed    0.00 sec
        Start   3: aes.ctr-suite
  3/132 Test   #3: aes.ctr-suite ..............................   Passed    0.00 sec
        Start   4: aes.ecb-suite
  4/132 Test   #4: aes.ecb-suite ..............................   Passed    0.00 sec
        Start   5: aes.ofb-suite
  5/132 Test   #5: aes.ofb-suite ..............................   Passed    0.00 sec
        Start   6: aes.rest-suite
  6/132 Test   #6: aes.rest-suite .............................   Passed    0.01 sec
        Start   7: aes.xts-suite
  7/132 Test   #7: aes.xts-suite ..............................   Passed    0.00 sec
        Start   8: alignment-suite
  8/132 Test   #8: alignment-suite ............................   Passed    0.00 sec
        Start   9: aria-suite
  9/132 Test   #9: aria-suite .................................   Passed    0.00 sec
        Start  10: asn1parse-suite
 10/132 Test  #10: asn1parse-suite ............................   Passed    0.03 sec
        Start  11: asn1write-suite
 11/132 Test  #11: asn1write-suite ............................   Passed    0.00 sec
        Start  12: base64-suite
 12/132 Test  #12: base64-suite ...............................   Passed    0.00 sec
        Start  13: bignum.generated-suite
 13/132 Test  #13: bignum.generated-suite .....................   Passed    0.00 sec
        Start  14: bignum.misc-suite
 14/132 Test  #14: bignum.misc-suite ..........................   Passed    1.54 sec
        Start  15: bignum_core.generated-suite
 15/132 Test  #15: bignum_core.generated-suite ................   Passed    1.06 sec
        Start  16: bignum_core.misc-suite
 16/132 Test  #16: bignum_core.misc-suite .....................   Passed    0.00 sec
        Start  17: bignum_mod.generated-suite
 17/132 Test  #17: bignum_mod.generated-suite .................   Passed    0.02 sec
        Start  18: bignum_mod.misc-suite
 18/132 Test  #18: bignum_mod.misc-suite ......................   Passed    0.00 sec
        Start  19: bignum_mod_raw-suite
 19/132 Test  #19: bignum_mod_raw-suite .......................   Passed    0.00 sec
        Start  20: bignum_mod_raw.generated-suite
 20/132 Test  #20: bignum_mod_raw.generated-suite .............   Passed    0.01 sec
        Start  21: bignum_random-suite
 21/132 Test  #21: bignum_random-suite ........................   Passed    0.02 sec
        Start  22: block_cipher-suite
 22/132 Test  #22: block_cipher-suite .........................   Passed    0.00 sec
        Start  23: block_cipher.psa-suite
 23/132 Test  #23: block_cipher.psa-suite .....................   Passed    0.00 sec
        Start  24: camellia-suite
 24/132 Test  #24: camellia-suite .............................   Passed    0.00 sec
        Start  25: ccm-suite
 25/132 Test  #25: ccm-suite ..................................   Passed    0.13 sec
        Start  26: chacha20-suite
 26/132 Test  #26: chacha20-suite .............................   Passed    0.00 sec
        Start  27: chachapoly-suite
 27/132 Test  #27: chachapoly-suite ...........................   Passed    0.00 sec
        Start  28: cipher.aes-suite
 28/132 Test  #28: cipher.aes-suite ...........................   Passed    0.01 sec
        Start  29: cipher.aria-suite
 29/132 Test  #29: cipher.aria-suite ..........................   Passed    0.00 sec
        Start  30: cipher.camellia-suite
 30/132 Test  #30: cipher.camellia-suite ......................   Passed    0.00 sec
        Start  31: cipher.ccm-suite
 31/132 Test  #31: cipher.ccm-suite ...........................   Passed    0.00 sec
        Start  32: cipher.chacha20-suite
 32/132 Test  #32: cipher.chacha20-suite ......................   Passed    0.00 sec
        Start  33: cipher.chachapoly-suite
 33/132 Test  #33: cipher.chachapoly-suite ....................   Passed    0.00 sec
        Start  34: cipher.des-suite
 34/132 Test  #34: cipher.des-suite ...........................   Passed    0.00 sec
        Start  35: cipher.gcm-suite
 35/132 Test  #35: cipher.gcm-suite ...........................   Passed    0.01 sec
        Start  36: cipher.misc-suite
 36/132 Test  #36: cipher.misc-suite ..........................   Passed    0.00 sec
        Start  37: cipher.nist_kw-suite
 37/132 Test  #37: cipher.nist_kw-suite .......................   Passed    0.00 sec
        Start  38: cipher.null-suite
 38/132 Test  #38: cipher.null-suite ..........................   Passed    0.00 sec
        Start  39: cipher.padding-suite
 39/132 Test  #39: cipher.padding-suite .......................   Passed    0.00 sec
        Start  40: cmac-suite
 40/132 Test  #40: cmac-suite .................................   Passed    0.00 sec
        Start  41: common-suite
 41/132 Test  #41: common-suite ...............................   Passed    0.00 sec
        Start  42: config.crypto_combinations-suite
 42/132 Test  #42: config.crypto_combinations-suite ...........   Passed    0.00 sec
        Start  43: config.mbedtls_boolean-suite
 43/132 Test  #43: config.mbedtls_boolean-suite ...............   Passed    0.00 sec
        Start  44: config.psa_boolean-suite
 44/132 Test  #44: config.psa_boolean-suite ...................   Passed    0.00 sec
        Start  45: config.psa_combinations-suite
 45/132 Test  #45: config.psa_combinations-suite ..............   Passed    0.00 sec
        Start  46: config.tls_combinations-suite
 46/132 Test  #46: config.tls_combinations-suite ..............   Passed    0.00 sec
        Start  47: constant_time-suite
 47/132 Test  #47: constant_time-suite ........................   Passed    0.01 sec
        Start  48: constant_time_hmac-suite
 48/132 Test  #48: constant_time_hmac-suite ...................   Passed    0.00 sec
        Start  49: ctr_drbg-suite
 49/132 Test  #49: ctr_drbg-suite .............................   Passed    0.02 sec
        Start  50: debug-suite
 50/132 Test  #50: debug-suite ................................   Passed    0.00 sec
        Start  51: des-suite
 51/132 Test  #51: des-suite ..................................   Passed    0.00 sec
        Start  52: dhm-suite
 52/132 Test  #52: dhm-suite ..................................   Passed    0.47 sec
        Start  53: ecdh-suite
 53/132 Test  #53: ecdh-suite .................................   Passed    0.09 sec
        Start  54: ecdsa-suite
 54/132 Test  #54: ecdsa-suite ................................   Passed    0.18 sec
        Start  55: ecjpake-suite
 55/132 Test  #55: ecjpake-suite ..............................   Passed    0.11 sec
        Start  56: ecp-suite
 56/132 Test  #56: ecp-suite ..................................   Passed    0.20 sec
        Start  57: ecp.generated-suite
 57/132 Test  #57: ecp.generated-suite ........................   Passed    0.00 sec
        Start  58: entropy-suite
 58/132 Test  #58: entropy-suite ..............................   Passed    0.00 sec
        Start  59: error-suite
 59/132 Test  #59: error-suite ................................   Passed    0.00 sec
        Start  60: gcm.aes128_de-suite
 60/132 Test  #60: gcm.aes128_de-suite ........................   Passed    1.63 sec
        Start  61: gcm.aes128_en-suite
 61/132 Test  #61: gcm.aes128_en-suite ........................   Passed    2.96 sec
        Start  62: gcm.aes192_de-suite
 62/132 Test  #62: gcm.aes192_de-suite ........................   Passed    1.74 sec
        Start  63: gcm.aes192_en-suite
 63/132 Test  #63: gcm.aes192_en-suite ........................   Passed    3.06 sec
        Start  64: gcm.aes256_de-suite
 64/132 Test  #64: gcm.aes256_de-suite ........................   Passed    1.47 sec
        Start  65: gcm.aes256_en-suite
 65/132 Test  #65: gcm.aes256_en-suite ........................   Passed    3.10 sec
        Start  66: gcm.camellia-suite
 66/132 Test  #66: gcm.camellia-suite .........................   Passed    0.06 sec
        Start  67: gcm.misc-suite
 67/132 Test  #67: gcm.misc-suite .............................   Passed    0.00 sec
        Start  68: hkdf-suite
 68/132 Test  #68: hkdf-suite .................................   Passed    0.00 sec
        Start  69: hmac_drbg.misc-suite
 69/132 Test  #69: hmac_drbg.misc-suite .......................   Passed    0.23 sec
        Start  70: hmac_drbg.no_reseed-suite
 70/132 Test  #70: hmac_drbg.no_reseed-suite ..................   Passed    0.03 sec
        Start  71: hmac_drbg.nopr-suite
 71/132 Test  #71: hmac_drbg.nopr-suite .......................   Passed    0.02 sec
        Start  72: hmac_drbg.pr-suite
 72/132 Test  #72: hmac_drbg.pr-suite .........................   Passed    0.02 sec
        Start  73: lmots-suite
 73/132 Test  #73: lmots-suite ................................   Passed    0.07 sec
        Start  74: lms-suite
 74/132 Test  #74: lms-suite ..................................   Passed    0.17 sec
        Start  75: md-suite
 75/132 Test  #75: md-suite ...................................   Passed    0.01 sec
        Start  76: md.psa-suite
 76/132 Test  #76: md.psa-suite ...............................   Passed    0.00 sec
        Start  77: mdx-suite
 77/132 Test  #77: mdx-suite ..................................   Passed    0.00 sec
        Start  78: memory_buffer_alloc-suite
 78/132 Test  #78: memory_buffer_alloc-suite ..................   Passed    0.00 sec
        Start  79: mps-suite
 79/132 Test  #79: mps-suite ..................................   Passed    0.03 sec
        Start  80: net-suite
 80/132 Test  #80: net-suite ..................................   Passed    0.00 sec
        Start  81: nist_kw-suite
 81/132 Test  #81: nist_kw-suite ..............................   Passed    0.00 sec
        Start  82: oid-suite
 82/132 Test  #82: oid-suite ..................................   Passed    0.00 sec
        Start  83: pem-suite
 83/132 Test  #83: pem-suite ..................................   Passed    0.00 sec
        Start  84: pk-suite
 84/132 Test  #84: pk-suite ...................................   Passed    0.45 sec
        Start  85: pkcs12-suite
 85/132 Test  #85: pkcs12-suite ...............................   Passed    0.00 sec
        Start  86: pkcs1_v15-suite
 86/132 Test  #86: pkcs1_v15-suite ............................   Passed    0.05 sec
        Start  87: pkcs1_v21-suite
 87/132 Test  #87: pkcs1_v21-suite ............................   Passed    0.79 sec
        Start  88: pkcs5-suite
 88/132 Test  #88: pkcs5-suite ................................   Passed    0.55 sec
        Start  89: pkcs7-suite
 89/132 Test  #89: pkcs7-suite ................................   Passed    0.02 sec
        Start  90: pkparse-suite
 90/132 Test  #90: pkparse-suite ..............................   Passed    5.90 sec
        Start  91: pkwrite-suite
 91/132 Test  #91: pkwrite-suite ..............................   Passed    0.05 sec
        Start  92: platform-suite
 92/132 Test  #92: platform-suite .............................   Passed    0.00 sec
        Start  93: platform_printf-suite
 93/132 Test  #93: platform_printf-suite ......................   Passed    0.00 sec
        Start  94: platform_util-suite
 94/132 Test  #94: platform_util-suite ........................   Passed    0.00 sec
        Start  95: poly1305-suite
 95/132 Test  #95: poly1305-suite .............................   Passed    0.00 sec
        Start  96: psa_crypto-suite
 96/132 Test  #96: psa_crypto-suite ...........................   Passed   14.89 sec
        Start  97: psa_crypto.pbkdf2-suite
 97/132 Test  #97: psa_crypto.pbkdf2-suite ....................   Passed    0.00 sec
        Start  98: psa_crypto_attributes-suite
 98/132 Test  #98: psa_crypto_attributes-suite ................   Passed    0.00 sec
        Start  99: psa_crypto_driver_wrappers-suite
 99/132 Test  #99: psa_crypto_driver_wrappers-suite ...........   Passed    0.00 sec
        Start 100: psa_crypto_ecp-suite
100/132 Test #100: psa_crypto_ecp-suite .......................   Passed    0.01 sec
        Start 101: psa_crypto_entropy-suite
101/132 Test #101: psa_crypto_entropy-suite ...................   Passed    0.00 sec
        Start 102: psa_crypto_generate_key.generated-suite
102/132 Test #102: psa_crypto_generate_key.generated-suite ....   Passed    0.10 sec
        Start 103: psa_crypto_hash-suite
103/132 Test #103: psa_crypto_hash-suite ......................   Passed    0.05 sec
        Start 104: psa_crypto_init-suite
104/132 Test #104: psa_crypto_init-suite ......................   Passed    0.01 sec
        Start 105: psa_crypto_low_hash.generated-suite
105/132 Test #105: psa_crypto_low_hash.generated-suite ........   Passed    0.00 sec
        Start 106: psa_crypto_memory-suite
106/132 Test #106: psa_crypto_memory-suite ....................   Passed    0.00 sec
        Start 107: psa_crypto_metadata-suite
107/132 Test #107: psa_crypto_metadata-suite ..................   Passed    0.00 sec
        Start 108: psa_crypto_not_supported.generated-suite
108/132 Test #108: psa_crypto_not_supported.generated-suite ...   Passed    0.00 sec
        Start 109: psa_crypto_not_supported.misc-suite
109/132 Test #109: psa_crypto_not_supported.misc-suite ........   Passed    0.00 sec
        Start 110: psa_crypto_op_fail.generated-suite
110/132 Test #110: psa_crypto_op_fail.generated-suite .........   Passed    0.25 sec
        Start 111: psa_crypto_op_fail.misc-suite
111/132 Test #111: psa_crypto_op_fail.misc-suite ..............   Passed    0.00 sec
        Start 112: psa_crypto_pake-suite
112/132 Test #112: psa_crypto_pake-suite ......................   Passed    0.38 sec
        Start 113: psa_crypto_persistent_key-suite
113/132 Test #113: psa_crypto_persistent_key-suite ............   Passed    0.01 sec
        Start 114: psa_crypto_se_driver_hal-suite
114/132 Test #114: psa_crypto_se_driver_hal-suite .............   Passed    0.00 sec
        Start 115: psa_crypto_se_driver_hal_mocks-suite
115/132 Test #115: psa_crypto_se_driver_hal_mocks-suite .......   Passed    0.00 sec
        Start 116: psa_crypto_slot_management-suite
116/132 Test #116: psa_crypto_slot_management-suite ...........   Passed    0.01 sec
        Start 117: psa_crypto_storage_format.current-suite
117/132 Test #117: psa_crypto_storage_format.current-suite ....   Passed    0.16 sec
        Start 118: psa_crypto_storage_format.misc-suite
118/132 Test #118: psa_crypto_storage_format.misc-suite .......   Passed    0.00 sec
        Start 119: psa_crypto_storage_format.v0-suite
119/132 Test #119: psa_crypto_storage_format.v0-suite .........   Passed    9.34 sec
        Start 120: psa_crypto_util-suite
120/132 Test #120: psa_crypto_util-suite ......................   Passed    0.00 sec
        Start 121: psa_its-suite
121/132 Test #121: psa_its-suite ..............................   Passed    0.05 sec
        Start 122: random-suite
122/132 Test #122: random-suite ...............................   Passed    0.00 sec
        Start 123: rsa-suite
123/132 Test #123: rsa-suite ..................................   Passed    1.98 sec
        Start 124: shax-suite
124/132 Test #124: shax-suite .................................   Passed    0.23 sec
        Start 125: ssl-suite
125/132 Test #125: ssl-suite ..................................   Passed    1.87 sec
        Start 126: ssl.tls-defrag-suite
126/132 Test #126: ssl.tls-defrag-suite .......................   Passed    0.06 sec
        Start 127: ssl_decrypt.misc-suite
127/132 Test #127: ssl_decrypt.misc-suite .....................   Passed    1.68 sec
        Start 128: test_helpers-suite
128/132 Test #128: test_helpers-suite .........................   Passed    0.00 sec
        Start 129: timing-suite
129/132 Test #129: timing-suite ...............................   Passed    0.00 sec
        Start 130: version-suite
130/132 Test #130: version-suite ..............................   Passed    0.00 sec
        Start 131: x509parse-suite
131/132 Test #131: x509parse-suite ............................   Passed    0.41 sec
        Start 132: x509write-suite
132/132 Test #132: x509write-suite ............................   Passed    0.44 sec

100% tests passed, 0 tests failed out of 132

Total Test time (real) =  58.47 sec
>>> mbedtls: Entering fakeroot...
-- Install configuration: "MinSizeRel"
-- Installing: /home/packager/aports/main/mbedtls/pkg/mbedtls/usr/lib/cmake/MbedTLS/MbedTLSConfig.cmake
-- Installing: /home/packager/aports/main/mbedtls/pkg/mbedtls/usr/lib/cmake/MbedTLS/MbedTLSConfigVersion.cmake
-- Installing: /home/packager/aports/main/mbedtls/pkg/mbedtls/usr/lib/cmake/MbedTLS/MbedTLSTargets.cmake
-- Installing: /home/packager/aports/main/mbedtls/pkg/mbedtls/usr/lib/cmake/MbedTLS/MbedTLSTargets-minsizerel.cmake
-- Installing: /home/packager/aports/main/mbedtls/pkg/mbedtls/usr/include/mbedtls/aes.h
-- Installing: /home/packager/aports/main/mbedtls/pkg/mbedtls/usr/include/mbedtls/aria.h
-- Installing: /home/packager/aports/main/mbedtls/pkg/mbedtls/usr/include/mbedtls/asn1.h
-- Installing: /home/packager/aports/main/mbedtls/pkg/mbedtls/usr/include/mbedtls/asn1write.h
-- Installing: /home/packager/aports/main/mbedtls/pkg/mbedtls/usr/include/mbedtls/base64.h
-- Installing: /home/packager/aports/main/mbedtls/pkg/mbedtls/usr/include/mbedtls/bignum.h
-- Installing: /home/packager/aports/main/mbedtls/pkg/mbedtls/usr/include/mbedtls/block_cipher.h
-- Installing: /home/packager/aports/main/mbedtls/pkg/mbedtls/usr/include/mbedtls/build_info.h
-- Installing: /home/packager/aports/main/mbedtls/pkg/mbedtls/usr/include/mbedtls/camellia.h
-- Installing: /home/packager/aports/main/mbedtls/pkg/mbedtls/usr/include/mbedtls/ccm.h
-- Installing: /home/packager/aports/main/mbedtls/pkg/mbedtls/usr/include/mbedtls/chacha20.h
-- Installing: /home/packager/aports/main/mbedtls/pkg/mbedtls/usr/include/mbedtls/chachapoly.h
-- Installing: /home/packager/aports/main/mbedtls/pkg/mbedtls/usr/include/mbedtls/check_config.h
-- Installing: /home/packager/aports/main/mbedtls/pkg/mbedtls/usr/include/mbedtls/cipher.h
-- Installing: /home/packager/aports/main/mbedtls/pkg/mbedtls/usr/include/mbedtls/cmac.h
-- Installing: /home/packager/aports/main/mbedtls/pkg/mbedtls/usr/include/mbedtls/compat-2.x.h
-- Installing: /home/packager/aports/main/mbedtls/pkg/mbedtls/usr/include/mbedtls/config_adjust_legacy_crypto.h
-- Installing: /home/packager/aports/main/mbedtls/pkg/mbedtls/usr/include/mbedtls/config_adjust_legacy_from_psa.h
-- Installing: /home/packager/aports/main/mbedtls/pkg/mbedtls/usr/include/mbedtls/config_adjust_psa_from_legacy.h
-- Installing: /home/packager/aports/main/mbedtls/pkg/mbedtls/usr/include/mbedtls/config_adjust_psa_superset_legacy.h
-- Installing: /home/packager/aports/main/mbedtls/pkg/mbedtls/usr/include/mbedtls/config_adjust_ssl.h
-- Installing: /home/packager/aports/main/mbedtls/pkg/mbedtls/usr/include/mbedtls/config_adjust_x509.h
-- Installing: /home/packager/aports/main/mbedtls/pkg/mbedtls/usr/include/mbedtls/config_psa.h
-- Installing: /home/packager/aports/main/mbedtls/pkg/mbedtls/usr/include/mbedtls/constant_time.h
-- Installing: /home/packager/aports/main/mbedtls/pkg/mbedtls/usr/include/mbedtls/ctr_drbg.h
-- Installing: /home/packager/aports/main/mbedtls/pkg/mbedtls/usr/include/mbedtls/debug.h
-- Installing: /home/packager/aports/main/mbedtls/pkg/mbedtls/usr/include/mbedtls/des.h
-- Installing: /home/packager/aports/main/mbedtls/pkg/mbedtls/usr/include/mbedtls/dhm.h
-- Installing: /home/packager/aports/main/mbedtls/pkg/mbedtls/usr/include/mbedtls/ecdh.h
-- Installing: /home/packager/aports/main/mbedtls/pkg/mbedtls/usr/include/mbedtls/ecdsa.h
-- Installing: /home/packager/aports/main/mbedtls/pkg/mbedtls/usr/include/mbedtls/ecjpake.h
-- Installing: /home/packager/aports/main/mbedtls/pkg/mbedtls/usr/include/mbedtls/ecp.h
-- Installing: /home/packager/aports/main/mbedtls/pkg/mbedtls/usr/include/mbedtls/entropy.h
-- Installing: /home/packager/aports/main/mbedtls/pkg/mbedtls/usr/include/mbedtls/error.h
-- Installing: /home/packager/aports/main/mbedtls/pkg/mbedtls/usr/include/mbedtls/gcm.h
-- Installing: /home/packager/aports/main/mbedtls/pkg/mbedtls/usr/include/mbedtls/hkdf.h
-- Installing: /home/packager/aports/main/mbedtls/pkg/mbedtls/usr/include/mbedtls/hmac_drbg.h
-- Installing: /home/packager/aports/main/mbedtls/pkg/mbedtls/usr/include/mbedtls/lms.h
-- Installing: /home/packager/aports/main/mbedtls/pkg/mbedtls/usr/include/mbedtls/mbedtls_config.h
-- Installing: /home/packager/aports/main/mbedtls/pkg/mbedtls/usr/include/mbedtls/md.h
-- Installing: /home/packager/aports/main/mbedtls/pkg/mbedtls/usr/include/mbedtls/md5.h
-- Installing: /home/packager/aports/main/mbedtls/pkg/mbedtls/usr/include/mbedtls/memory_buffer_alloc.h
-- Installing: /home/packager/aports/main/mbedtls/pkg/mbedtls/usr/include/mbedtls/net_sockets.h
-- Installing: /home/packager/aports/main/mbedtls/pkg/mbedtls/usr/include/mbedtls/nist_kw.h
-- Installing: /home/packager/aports/main/mbedtls/pkg/mbedtls/usr/include/mbedtls/oid.h
-- Installing: /home/packager/aports/main/mbedtls/pkg/mbedtls/usr/include/mbedtls/pem.h
-- Installing: /home/packager/aports/main/mbedtls/pkg/mbedtls/usr/include/mbedtls/pk.h
-- Installing: /home/packager/aports/main/mbedtls/pkg/mbedtls/usr/include/mbedtls/pkcs12.h
-- Installing: /home/packager/aports/main/mbedtls/pkg/mbedtls/usr/include/mbedtls/pkcs5.h
-- Installing: /home/packager/aports/main/mbedtls/pkg/mbedtls/usr/include/mbedtls/pkcs7.h
-- Installing: /home/packager/aports/main/mbedtls/pkg/mbedtls/usr/include/mbedtls/platform.h
-- Installing: /home/packager/aports/main/mbedtls/pkg/mbedtls/usr/include/mbedtls/platform_time.h
-- Installing: /home/packager/aports/main/mbedtls/pkg/mbedtls/usr/include/mbedtls/platform_util.h
-- Installing: /home/packager/aports/main/mbedtls/pkg/mbedtls/usr/include/mbedtls/poly1305.h
-- Installing: /home/packager/aports/main/mbedtls/pkg/mbedtls/usr/include/mbedtls/private_access.h
-- Installing: /home/packager/aports/main/mbedtls/pkg/mbedtls/usr/include/mbedtls/psa_util.h
-- Installing: /home/packager/aports/main/mbedtls/pkg/mbedtls/usr/include/mbedtls/ripemd160.h
-- Installing: /home/packager/aports/main/mbedtls/pkg/mbedtls/usr/include/mbedtls/rsa.h
-- Installing: /home/packager/aports/main/mbedtls/pkg/mbedtls/usr/include/mbedtls/sha1.h
-- Installing: /home/packager/aports/main/mbedtls/pkg/mbedtls/usr/include/mbedtls/sha256.h
-- Installing: /home/packager/aports/main/mbedtls/pkg/mbedtls/usr/include/mbedtls/sha3.h
-- Installing: /home/packager/aports/main/mbedtls/pkg/mbedtls/usr/include/mbedtls/sha512.h
-- Installing: /home/packager/aports/main/mbedtls/pkg/mbedtls/usr/include/mbedtls/ssl.h
-- Installing: /home/packager/aports/main/mbedtls/pkg/mbedtls/usr/include/mbedtls/ssl_cache.h
-- Installing: /home/packager/aports/main/mbedtls/pkg/mbedtls/usr/include/mbedtls/ssl_ciphersuites.h
-- Installing: /home/packager/aports/main/mbedtls/pkg/mbedtls/usr/include/mbedtls/ssl_cookie.h
-- Installing: /home/packager/aports/main/mbedtls/pkg/mbedtls/usr/include/mbedtls/ssl_ticket.h
-- Installing: /home/packager/aports/main/mbedtls/pkg/mbedtls/usr/include/mbedtls/threading.h
-- Installing: /home/packager/aports/main/mbedtls/pkg/mbedtls/usr/include/mbedtls/timing.h
-- Installing: /home/packager/aports/main/mbedtls/pkg/mbedtls/usr/include/mbedtls/version.h
-- Installing: /home/packager/aports/main/mbedtls/pkg/mbedtls/usr/include/mbedtls/x509.h
-- Installing: /home/packager/aports/main/mbedtls/pkg/mbedtls/usr/include/mbedtls/x509_crl.h
-- Installing: /home/packager/aports/main/mbedtls/pkg/mbedtls/usr/include/mbedtls/x509_crt.h
-- Installing: /home/packager/aports/main/mbedtls/pkg/mbedtls/usr/include/mbedtls/x509_csr.h
-- Installing: /home/packager/aports/main/mbedtls/pkg/mbedtls/usr/include/psa/build_info.h
-- Installing: /home/packager/aports/main/mbedtls/pkg/mbedtls/usr/include/psa/crypto.h
-- Installing: /home/packager/aports/main/mbedtls/pkg/mbedtls/usr/include/psa/crypto_adjust_auto_enabled.h
-- Installing: /home/packager/aports/main/mbedtls/pkg/mbedtls/usr/include/psa/crypto_adjust_config_dependencies.h
-- Installing: /home/packager/aports/main/mbedtls/pkg/mbedtls/usr/include/psa/crypto_adjust_config_key_pair_types.h
-- Installing: /home/packager/aports/main/mbedtls/pkg/mbedtls/usr/include/psa/crypto_adjust_config_synonyms.h
-- Installing: /home/packager/aports/main/mbedtls/pkg/mbedtls/usr/include/psa/crypto_builtin_composites.h
-- Installing: /home/packager/aports/main/mbedtls/pkg/mbedtls/usr/include/psa/crypto_builtin_key_derivation.h
-- Installing: /home/packager/aports/main/mbedtls/pkg/mbedtls/usr/include/psa/crypto_builtin_primitives.h
-- Installing: /home/packager/aports/main/mbedtls/pkg/mbedtls/usr/include/psa/crypto_compat.h
-- Installing: /home/packager/aports/main/mbedtls/pkg/mbedtls/usr/include/psa/crypto_config.h
-- Installing: /home/packager/aports/main/mbedtls/pkg/mbedtls/usr/include/psa/crypto_driver_common.h
-- Installing: /home/packager/aports/main/mbedtls/pkg/mbedtls/usr/include/psa/crypto_driver_contexts_composites.h
-- Installing: /home/packager/aports/main/mbedtls/pkg/mbedtls/usr/include/psa/crypto_driver_contexts_key_derivation.h
-- Installing: /home/packager/aports/main/mbedtls/pkg/mbedtls/usr/include/psa/crypto_driver_contexts_primitives.h
-- Installing: /home/packager/aports/main/mbedtls/pkg/mbedtls/usr/include/psa/crypto_extra.h
-- Installing: /home/packager/aports/main/mbedtls/pkg/mbedtls/usr/include/psa/crypto_legacy.h
-- Installing: /home/packager/aports/main/mbedtls/pkg/mbedtls/usr/include/psa/crypto_platform.h
-- Installing: /home/packager/aports/main/mbedtls/pkg/mbedtls/usr/include/psa/crypto_se_driver.h
-- Installing: /home/packager/aports/main/mbedtls/pkg/mbedtls/usr/include/psa/crypto_sizes.h
-- Installing: /home/packager/aports/main/mbedtls/pkg/mbedtls/usr/include/psa/crypto_struct.h
-- Installing: /home/packager/aports/main/mbedtls/pkg/mbedtls/usr/include/psa/crypto_types.h
-- Installing: /home/packager/aports/main/mbedtls/pkg/mbedtls/usr/include/psa/crypto_values.h
-- Installing: /home/packager/aports/main/mbedtls/pkg/mbedtls/usr/include/everest
-- Installing: /home/packager/aports/main/mbedtls/pkg/mbedtls/usr/include/everest/Hacl_Curve25519.h
-- Installing: /home/packager/aports/main/mbedtls/pkg/mbedtls/usr/include/everest/everest.h
-- Installing: /home/packager/aports/main/mbedtls/pkg/mbedtls/usr/include/everest/kremlib
-- Installing: /home/packager/aports/main/mbedtls/pkg/mbedtls/usr/include/everest/kremlib/FStar_UInt128.h
-- Installing: /home/packager/aports/main/mbedtls/pkg/mbedtls/usr/include/everest/kremlib/FStar_UInt64_FStar_UInt32_FStar_UInt16_FStar_UInt8.h
-- Installing: /home/packager/aports/main/mbedtls/pkg/mbedtls/usr/include/everest/vs2013
-- Installing: /home/packager/aports/main/mbedtls/pkg/mbedtls/usr/include/everest/vs2013/Hacl_Curve25519.h
-- Installing: /home/packager/aports/main/mbedtls/pkg/mbedtls/usr/include/everest/kremlib.h
-- Installing: /home/packager/aports/main/mbedtls/pkg/mbedtls/usr/include/everest/x25519.h
-- Installing: /home/packager/aports/main/mbedtls/pkg/mbedtls/usr/include/everest/kremlin
-- Installing: /home/packager/aports/main/mbedtls/pkg/mbedtls/usr/include/everest/kremlin/internal
-- Installing: /home/packager/aports/main/mbedtls/pkg/mbedtls/usr/include/everest/kremlin/internal/callconv.h
-- Installing: /home/packager/aports/main/mbedtls/pkg/mbedtls/usr/include/everest/kremlin/internal/types.h
-- Installing: /home/packager/aports/main/mbedtls/pkg/mbedtls/usr/include/everest/kremlin/internal/wasmsupport.h
-- Installing: /home/packager/aports/main/mbedtls/pkg/mbedtls/usr/include/everest/kremlin/internal/debug.h
-- Installing: /home/packager/aports/main/mbedtls/pkg/mbedtls/usr/include/everest/kremlin/internal/compat.h
-- Installing: /home/packager/aports/main/mbedtls/pkg/mbedtls/usr/include/everest/kremlin/internal/builtin.h
-- Installing: /home/packager/aports/main/mbedtls/pkg/mbedtls/usr/include/everest/kremlin/internal/target.h
-- Installing: /home/packager/aports/main/mbedtls/pkg/mbedtls/usr/include/everest/kremlin/c_endianness.h
-- Installing: /home/packager/aports/main/mbedtls/pkg/mbedtls/usr/lib/libeverest.a
-- Installing: /home/packager/aports/main/mbedtls/pkg/mbedtls/usr/lib/libp256m.a
-- Installing: /home/packager/aports/main/mbedtls/pkg/mbedtls/usr/lib/libmbedcrypto.so.3.6.3
-- Installing: /home/packager/aports/main/mbedtls/pkg/mbedtls/usr/lib/libmbedcrypto.so.16
-- Installing: /home/packager/aports/main/mbedtls/pkg/mbedtls/usr/lib/libmbedcrypto.so
-- Installing: /home/packager/aports/main/mbedtls/pkg/mbedtls/usr/lib/libmbedx509.so.3.6.3
-- Installing: /home/packager/aports/main/mbedtls/pkg/mbedtls/usr/lib/libmbedx509.so.7
-- Set non-toolchain portion of runtime path of "/home/packager/aports/main/mbedtls/pkg/mbedtls/usr/lib/libmbedx509.so.3.6.3" to ""
-- Installing: /home/packager/aports/main/mbedtls/pkg/mbedtls/usr/lib/libmbedx509.so
-- Installing: /home/packager/aports/main/mbedtls/pkg/mbedtls/usr/lib/libmbedtls.so.3.6.3
-- Installing: /home/packager/aports/main/mbedtls/pkg/mbedtls/usr/lib/libmbedtls.so.21
-- Set non-toolchain portion of runtime path of "/home/packager/aports/main/mbedtls/pkg/mbedtls/usr/lib/libmbedtls.so.3.6.3" to ""
-- Installing: /home/packager/aports/main/mbedtls/pkg/mbedtls/usr/lib/libmbedtls.so
-- Installing: /home/packager/aports/main/mbedtls/pkg/mbedtls/usr/lib/libmbedcrypto.a
-- Installing: /home/packager/aports/main/mbedtls/pkg/mbedtls/usr/lib/libmbedx509.a
-- Installing: /home/packager/aports/main/mbedtls/pkg/mbedtls/usr/lib/libmbedtls.a
-- Installing: /home/packager/aports/main/mbedtls/pkg/mbedtls/usr/lib/pkgconfig/mbedcrypto.pc
-- Installing: /home/packager/aports/main/mbedtls/pkg/mbedtls/usr/lib/pkgconfig/mbedtls.pc
-- Installing: /home/packager/aports/main/mbedtls/pkg/mbedtls/usr/lib/pkgconfig/mbedx509.pc
-- Installing: /home/packager/aports/main/mbedtls/pkg/mbedtls/usr/bin/crypt_and_hash
-- Set non-toolchain portion of runtime path of "/home/packager/aports/main/mbedtls/pkg/mbedtls/usr/bin/crypt_and_hash" to ""
-- Installing: /home/packager/aports/main/mbedtls/pkg/mbedtls/usr/bin/cipher_aead_demo
-- Set non-toolchain portion of runtime path of "/home/packager/aports/main/mbedtls/pkg/mbedtls/usr/bin/cipher_aead_demo" to ""
-- Installing: /home/packager/aports/main/mbedtls/pkg/mbedtls/usr/bin/generic_sum
-- Set non-toolchain portion of runtime path of "/home/packager/aports/main/mbedtls/pkg/mbedtls/usr/bin/generic_sum" to ""
-- Installing: /home/packager/aports/main/mbedtls/pkg/mbedtls/usr/bin/hello
-- Set non-toolchain portion of runtime path of "/home/packager/aports/main/mbedtls/pkg/mbedtls/usr/bin/hello" to ""
-- Installing: /home/packager/aports/main/mbedtls/pkg/mbedtls/usr/bin/md_hmac_demo
-- Set non-toolchain portion of runtime path of "/home/packager/aports/main/mbedtls/pkg/mbedtls/usr/bin/md_hmac_demo" to ""
-- Installing: /home/packager/aports/main/mbedtls/pkg/mbedtls/usr/bin/dh_client
-- Set non-toolchain portion of runtime path of "/home/packager/aports/main/mbedtls/pkg/mbedtls/usr/bin/dh_client" to ""
-- Installing: /home/packager/aports/main/mbedtls/pkg/mbedtls/usr/bin/dh_server
-- Set non-toolchain portion of runtime path of "/home/packager/aports/main/mbedtls/pkg/mbedtls/usr/bin/dh_server" to ""
-- Installing: /home/packager/aports/main/mbedtls/pkg/mbedtls/usr/bin/dh_genprime
-- Set non-toolchain portion of runtime path of "/home/packager/aports/main/mbedtls/pkg/mbedtls/usr/bin/dh_genprime" to ""
-- Installing: /home/packager/aports/main/mbedtls/pkg/mbedtls/usr/bin/ecdh_curve25519
-- Set non-toolchain portion of runtime path of "/home/packager/aports/main/mbedtls/pkg/mbedtls/usr/bin/ecdh_curve25519" to ""
-- Installing: /home/packager/aports/main/mbedtls/pkg/mbedtls/usr/bin/ecdsa
-- Set non-toolchain portion of runtime path of "/home/packager/aports/main/mbedtls/pkg/mbedtls/usr/bin/ecdsa" to ""
-- Installing: /home/packager/aports/main/mbedtls/pkg/mbedtls/usr/bin/gen_key
-- Set non-toolchain portion of runtime path of "/home/packager/aports/main/mbedtls/pkg/mbedtls/usr/bin/gen_key" to ""
-- Installing: /home/packager/aports/main/mbedtls/pkg/mbedtls/usr/bin/key_app
-- Set non-toolchain portion of runtime path of "/home/packager/aports/main/mbedtls/pkg/mbedtls/usr/bin/key_app" to ""
-- Installing: /home/packager/aports/main/mbedtls/pkg/mbedtls/usr/bin/key_app_writer
-- Set non-toolchain portion of runtime path of "/home/packager/aports/main/mbedtls/pkg/mbedtls/usr/bin/key_app_writer" to ""
-- Installing: /home/packager/aports/main/mbedtls/pkg/mbedtls/usr/bin/mpi_demo
-- Set non-toolchain portion of runtime path of "/home/packager/aports/main/mbedtls/pkg/mbedtls/usr/bin/mpi_demo" to ""
-- Installing: /home/packager/aports/main/mbedtls/pkg/mbedtls/usr/bin/pk_encrypt
-- Set non-toolchain portion of runtime path of "/home/packager/aports/main/mbedtls/pkg/mbedtls/usr/bin/pk_encrypt" to ""
-- Installing: /home/packager/aports/main/mbedtls/pkg/mbedtls/usr/bin/pk_decrypt
-- Set non-toolchain portion of runtime path of "/home/packager/aports/main/mbedtls/pkg/mbedtls/usr/bin/pk_decrypt" to ""
-- Installing: /home/packager/aports/main/mbedtls/pkg/mbedtls/usr/bin/pk_sign
-- Set non-toolchain portion of runtime path of "/home/packager/aports/main/mbedtls/pkg/mbedtls/usr/bin/pk_sign" to ""
-- Installing: /home/packager/aports/main/mbedtls/pkg/mbedtls/usr/bin/pk_verify
-- Set non-toolchain portion of runtime path of "/home/packager/aports/main/mbedtls/pkg/mbedtls/usr/bin/pk_verify" to ""
-- Installing: /home/packager/aports/main/mbedtls/pkg/mbedtls/usr/bin/rsa_decrypt
-- Set non-toolchain portion of runtime path of "/home/packager/aports/main/mbedtls/pkg/mbedtls/usr/bin/rsa_decrypt" to ""
-- Installing: /home/packager/aports/main/mbedtls/pkg/mbedtls/usr/bin/rsa_encrypt
-- Set non-toolchain portion of runtime path of "/home/packager/aports/main/mbedtls/pkg/mbedtls/usr/bin/rsa_encrypt" to ""
-- Installing: /home/packager/aports/main/mbedtls/pkg/mbedtls/usr/bin/rsa_genkey
-- Set non-toolchain portion of runtime path of "/home/packager/aports/main/mbedtls/pkg/mbedtls/usr/bin/rsa_genkey" to ""
-- Installing: /home/packager/aports/main/mbedtls/pkg/mbedtls/usr/bin/rsa_sign
-- Set non-toolchain portion of runtime path of "/home/packager/aports/main/mbedtls/pkg/mbedtls/usr/bin/rsa_sign" to ""
-- Installing: /home/packager/aports/main/mbedtls/pkg/mbedtls/usr/bin/rsa_sign_pss
-- Set non-toolchain portion of runtime path of "/home/packager/aports/main/mbedtls/pkg/mbedtls/usr/bin/rsa_sign_pss" to ""
-- Installing: /home/packager/aports/main/mbedtls/pkg/mbedtls/usr/bin/rsa_verify
-- Set non-toolchain portion of runtime path of "/home/packager/aports/main/mbedtls/pkg/mbedtls/usr/bin/rsa_verify" to ""
-- Installing: /home/packager/aports/main/mbedtls/pkg/mbedtls/usr/bin/rsa_verify_pss
-- Set non-toolchain portion of runtime path of "/home/packager/aports/main/mbedtls/pkg/mbedtls/usr/bin/rsa_verify_pss" to ""
-- Installing: /home/packager/aports/main/mbedtls/pkg/mbedtls/usr/bin/aead_demo
-- Set non-toolchain portion of runtime path of "/home/packager/aports/main/mbedtls/pkg/mbedtls/usr/bin/aead_demo" to ""
-- Installing: /home/packager/aports/main/mbedtls/pkg/mbedtls/usr/bin/crypto_examples
-- Set non-toolchain portion of runtime path of "/home/packager/aports/main/mbedtls/pkg/mbedtls/usr/bin/crypto_examples" to ""
-- Installing: /home/packager/aports/main/mbedtls/pkg/mbedtls/usr/bin/hmac_demo
-- Set non-toolchain portion of runtime path of "/home/packager/aports/main/mbedtls/pkg/mbedtls/usr/bin/hmac_demo" to ""
-- Installing: /home/packager/aports/main/mbedtls/pkg/mbedtls/usr/bin/key_ladder_demo
-- Set non-toolchain portion of runtime path of "/home/packager/aports/main/mbedtls/pkg/mbedtls/usr/bin/key_ladder_demo" to ""
-- Installing: /home/packager/aports/main/mbedtls/pkg/mbedtls/usr/bin/psa_constant_names
-- Set non-toolchain portion of runtime path of "/home/packager/aports/main/mbedtls/pkg/mbedtls/usr/bin/psa_constant_names" to ""
-- Installing: /home/packager/aports/main/mbedtls/pkg/mbedtls/usr/bin/psa_hash
-- Set non-toolchain portion of runtime path of "/home/packager/aports/main/mbedtls/pkg/mbedtls/usr/bin/psa_hash" to ""
-- Installing: /home/packager/aports/main/mbedtls/pkg/mbedtls/usr/bin/key_ladder_demo.sh
-- Installing: /home/packager/aports/main/mbedtls/pkg/mbedtls/usr/bin/gen_entropy
-- Set non-toolchain portion of runtime path of "/home/packager/aports/main/mbedtls/pkg/mbedtls/usr/bin/gen_entropy" to ""
-- Installing: /home/packager/aports/main/mbedtls/pkg/mbedtls/usr/bin/gen_random_ctr_drbg
-- Set non-toolchain portion of runtime path of "/home/packager/aports/main/mbedtls/pkg/mbedtls/usr/bin/gen_random_ctr_drbg" to ""
-- Installing: /home/packager/aports/main/mbedtls/pkg/mbedtls/usr/bin/dtls_client
-- Set non-toolchain portion of runtime path of "/home/packager/aports/main/mbedtls/pkg/mbedtls/usr/bin/dtls_client" to ""
-- Installing: /home/packager/aports/main/mbedtls/pkg/mbedtls/usr/bin/dtls_server
-- Set non-toolchain portion of runtime path of "/home/packager/aports/main/mbedtls/pkg/mbedtls/usr/bin/dtls_server" to ""
-- Installing: /home/packager/aports/main/mbedtls/pkg/mbedtls/usr/bin/mini_client
-- Set non-toolchain portion of runtime path of "/home/packager/aports/main/mbedtls/pkg/mbedtls/usr/bin/mini_client" to ""
-- Installing: /home/packager/aports/main/mbedtls/pkg/mbedtls/usr/bin/ssl_client1
-- Set non-toolchain portion of runtime path of "/home/packager/aports/main/mbedtls/pkg/mbedtls/usr/bin/ssl_client1" to ""
-- Installing: /home/packager/aports/main/mbedtls/pkg/mbedtls/usr/bin/ssl_client2
-- Set non-toolchain portion of runtime path of "/home/packager/aports/main/mbedtls/pkg/mbedtls/usr/bin/ssl_client2" to ""
-- Installing: /home/packager/aports/main/mbedtls/pkg/mbedtls/usr/bin/ssl_context_info
-- Set non-toolchain portion of runtime path of "/home/packager/aports/main/mbedtls/pkg/mbedtls/usr/bin/ssl_context_info" to ""
-- Installing: /home/packager/aports/main/mbedtls/pkg/mbedtls/usr/bin/ssl_fork_server
-- Set non-toolchain portion of runtime path of "/home/packager/aports/main/mbedtls/pkg/mbedtls/usr/bin/ssl_fork_server" to ""
-- Installing: /home/packager/aports/main/mbedtls/pkg/mbedtls/usr/bin/ssl_mail_client
-- Set non-toolchain portion of runtime path of "/home/packager/aports/main/mbedtls/pkg/mbedtls/usr/bin/ssl_mail_client" to ""
-- Installing: /home/packager/aports/main/mbedtls/pkg/mbedtls/usr/bin/ssl_server
-- Set non-toolchain portion of runtime path of "/home/packager/aports/main/mbedtls/pkg/mbedtls/usr/bin/ssl_server" to ""
-- Installing: /home/packager/aports/main/mbedtls/pkg/mbedtls/usr/bin/ssl_server2
-- Set non-toolchain portion of runtime path of "/home/packager/aports/main/mbedtls/pkg/mbedtls/usr/bin/ssl_server2" to ""
-- Installing: /home/packager/aports/main/mbedtls/pkg/mbedtls/usr/bin/ssl_pthread_server
-- Set non-toolchain portion of runtime path of "/home/packager/aports/main/mbedtls/pkg/mbedtls/usr/bin/ssl_pthread_server" to ""
-- Installing: /home/packager/aports/main/mbedtls/pkg/mbedtls/usr/bin/metatest
-- Set non-toolchain portion of runtime path of "/home/packager/aports/main/mbedtls/pkg/mbedtls/usr/bin/metatest" to ""
-- Installing: /home/packager/aports/main/mbedtls/pkg/mbedtls/usr/bin/query_included_headers
-- Set non-toolchain portion of runtime path of "/home/packager/aports/main/mbedtls/pkg/mbedtls/usr/bin/query_included_headers" to ""
-- Installing: /home/packager/aports/main/mbedtls/pkg/mbedtls/usr/bin/selftest
-- Set non-toolchain portion of runtime path of "/home/packager/aports/main/mbedtls/pkg/mbedtls/usr/bin/selftest" to ""
-- Installing: /home/packager/aports/main/mbedtls/pkg/mbedtls/usr/bin/udp_proxy
-- Set non-toolchain portion of runtime path of "/home/packager/aports/main/mbedtls/pkg/mbedtls/usr/bin/udp_proxy" to ""
-- Installing: /home/packager/aports/main/mbedtls/pkg/mbedtls/usr/bin/benchmark
-- Set non-toolchain portion of runtime path of "/home/packager/aports/main/mbedtls/pkg/mbedtls/usr/bin/benchmark" to ""
-- Installing: /home/packager/aports/main/mbedtls/pkg/mbedtls/usr/bin/query_compile_time_config
-- Set non-toolchain portion of runtime path of "/home/packager/aports/main/mbedtls/pkg/mbedtls/usr/bin/query_compile_time_config" to ""
-- Installing: /home/packager/aports/main/mbedtls/pkg/mbedtls/usr/bin/zeroize
-- Set non-toolchain portion of runtime path of "/home/packager/aports/main/mbedtls/pkg/mbedtls/usr/bin/zeroize" to ""
-- Installing: /home/packager/aports/main/mbedtls/pkg/mbedtls/usr/bin/pem2der
-- Set non-toolchain portion of runtime path of "/home/packager/aports/main/mbedtls/pkg/mbedtls/usr/bin/pem2der" to ""
-- Installing: /home/packager/aports/main/mbedtls/pkg/mbedtls/usr/bin/strerror
-- Set non-toolchain portion of runtime path of "/home/packager/aports/main/mbedtls/pkg/mbedtls/usr/bin/strerror" to ""
-- Installing: /home/packager/aports/main/mbedtls/pkg/mbedtls/usr/bin/cert_app
-- Set non-toolchain portion of runtime path of "/home/packager/aports/main/mbedtls/pkg/mbedtls/usr/bin/cert_app" to ""
-- Installing: /home/packager/aports/main/mbedtls/pkg/mbedtls/usr/bin/cert_req
-- Set non-toolchain portion of runtime path of "/home/packager/aports/main/mbedtls/pkg/mbedtls/usr/bin/cert_req" to ""
-- Installing: /home/packager/aports/main/mbedtls/pkg/mbedtls/usr/bin/cert_write
-- Set non-toolchain portion of runtime path of "/home/packager/aports/main/mbedtls/pkg/mbedtls/usr/bin/cert_write" to ""
-- Installing: /home/packager/aports/main/mbedtls/pkg/mbedtls/usr/bin/crl_app
-- Set non-toolchain portion of runtime path of "/home/packager/aports/main/mbedtls/pkg/mbedtls/usr/bin/crl_app" to ""
-- Installing: /home/packager/aports/main/mbedtls/pkg/mbedtls/usr/bin/load_roots
-- Set non-toolchain portion of runtime path of "/home/packager/aports/main/mbedtls/pkg/mbedtls/usr/bin/load_roots" to ""
-- Installing: /home/packager/aports/main/mbedtls/pkg/mbedtls/usr/bin/req_app
-- Set non-toolchain portion of runtime path of "/home/packager/aports/main/mbedtls/pkg/mbedtls/usr/bin/req_app" to ""
>>> mbedtls-static*: Running split function static...
>>> mbedtls-static*: Preparing subpackage mbedtls-static...
>>> mbedtls-static*: Stripping binaries
>>> mbedtls-static*: Running postcheck for mbedtls-static
>>> mbedtls-dev*: Running split function dev...
'usr/include' -> '/home/packager/aports/main/mbedtls/pkg/mbedtls-dev/usr/include'
'usr/lib/pkgconfig' -> '/home/packager/aports/main/mbedtls/pkg/mbedtls-dev/usr/lib/pkgconfig'
'usr/lib/cmake' -> '/home/packager/aports/main/mbedtls/pkg/mbedtls-dev/usr/lib/cmake'
'usr/lib/libmbedcrypto.so' -> '/home/packager/aports/main/mbedtls/pkg/mbedtls-dev/usr/lib/libmbedcrypto.so'
'usr/lib/libmbedtls.so' -> '/home/packager/aports/main/mbedtls/pkg/mbedtls-dev/usr/lib/libmbedtls.so'
'usr/lib/libmbedx509.so' -> '/home/packager/aports/main/mbedtls/pkg/mbedtls-dev/usr/lib/libmbedx509.so'
>>> mbedtls-dev*: Preparing subpackage mbedtls-dev...
>>> mbedtls-dev*: Stripping binaries
>>> mbedtls-dev*: Running postcheck for mbedtls-dev
>>> mbedtls-utils*: Running split function utils...
>>> mbedtls-utils*: Preparing subpackage mbedtls-utils...
>>> mbedtls-utils*: Stripping binaries
>>> mbedtls-utils*: Running postcheck for mbedtls-utils
>>> mbedtls*: Running postcheck for mbedtls
>>> mbedtls*: Preparing package mbedtls...
>>> mbedtls*: Stripping binaries
>>> mbedtls-dev*: Scanning shared objects
>>> mbedtls-static*: Scanning shared objects
>>> mbedtls-utils*: Scanning shared objects
>>> mbedtls*: Scanning shared objects
>>> mbedtls-dev*: Tracing dependencies...
	mbedtls=3.6.3-r0
	pkgconfig
>>> mbedtls-dev*: Package size: 2.2 MB
>>> mbedtls-dev*: Compressing data...
>>> mbedtls-dev*: Create checksum...
pigz: not found
>>> mbedtls-dev*: Create mbedtls-dev-3.6.3-r0.apk
>>> mbedtls-static*: Tracing dependencies...
>>> mbedtls-static*: Package size: 1.5 MB
>>> mbedtls-static*: Compressing data...
>>> mbedtls-static*: Create checksum...
pigz: not found
>>> mbedtls-static*: Create mbedtls-static-3.6.3-r0.apk
>>> mbedtls-utils*: Tracing dependencies...
	so:libc.musl-x86_64.so.1
	so:libmbedcrypto.so.16
	so:libmbedtls.so.21
	so:libmbedx509.so.7
>>> mbedtls-utils*: Package size: 5.9 MB
>>> mbedtls-utils*: Compressing data...
>>> mbedtls-utils*: Create checksum...
pigz: not found
>>> mbedtls-utils*: Create mbedtls-utils-3.6.3-r0.apk
>>> mbedtls*: Tracing dependencies...
	so:libc.musl-x86_64.so.1
>>> mbedtls*: Package size: 849.7 KB
>>> mbedtls*: Compressing data...
>>> mbedtls*: Create checksum...
pigz: not found
>>> mbedtls*: Create mbedtls-3.6.3-r0.apk
>>> mbedtls: Build complete at Sun, 18 May 2025 09:03:14 +0000 elapsed time 0h 1m 47s
>>> mbedtls: Cleaning up srcdir
>>> mbedtls: Cleaning up pkgdir
>>> mbedtls: Uninstalling dependencies...
(1/21) Purging .makedepends-mbedtls (20250518.090128)
(2/21) Purging cmake (3.31.7-r0)
(3/21) Purging python3-pyc (3.12.10-r0)
(4/21) Purging python3-pycache-pyc0 (3.12.10-r0)
(5/21) Purging pyc (3.12.10-r0)
(6/21) Purging python3 (3.12.10-r0)
(7/21) Purging samurai (1.2-r6)
(8/21) Purging gdbm (1.24-r0)
(9/21) Purging git-perl (2.47.2-r0)
(10/21) Purging perl-git (2.47.2-r0)
(11/21) Purging perl-error (0.17030-r0)
(12/21) Purging perl (5.40.2-r0)
(13/21) Purging libarchive (3.7.9-r0)
(14/21) Purging libbz2 (1.0.8-r6)
(15/21) Purging libffi (3.4.7-r0)
(16/21) Purging libuv (1.49.2-r0)
(17/21) Purging lz4-libs (1.10.0-r0)
(18/21) Purging mpdecimal (4.0.0-r0)
(19/21) Purging rhash-libs (1.4.5-r0)
(20/21) Purging sqlite-libs (3.49.2-r0)
(21/21) Purging xz-libs (5.6.3-r1)
Executing busybox-1.37.0-r12.trigger
OK: 261 MiB in 81 packages
>>> mbedtls: Updating the main/x86_64 repository index...
>>> mbedtls: Signing the index...
pigz: not found
