>>> perl-datetime-format-mail: Validating /home/packager/oily-pine/main/perl-datetime-format-mail/APKBUILD...
>>> perl-datetime-format-mail: Cleaning up srcdir
>>> perl-datetime-format-mail: Cleaning up pkgdir
>>> perl-datetime-format-mail: Cleaning up tmpdir
>>> perl-datetime-format-mail: Fetching https://cpan.metacpan.org/authors/id/B/BO/BOOK/DateTime-Format-Mail-0.403.tar.gz
  % Total    % Received % Xferd  Average Speed   Time    Time     Time  Current
                                 Dload  Upload   Total   Spent    Left  Speed
  0     0    0     0    0     0      0      0 --:--:-- --:--:-- --:--:--     0100  174k  100  174k    0     0   395k      0 --:--:-- --:--:-- --:--:--  395k
>>> perl-datetime-format-mail: Fetching https://cpan.metacpan.org/authors/id/B/BO/BOOK/DateTime-Format-Mail-0.403.tar.gz
>>> perl-datetime-format-mail: Checking sha512sums...
DateTime-Format-Mail-0.403.tar.gz: OK
>>> perl-datetime-format-mail: Preparing build chroot...
fetch http://dl-cdn.alpinelinux.org/alpine/edge/main/x86_64/APKINDEX.tar.gz
(1/103) Installing musl (1.2.5-r10)
(2/103) Installing libcrypto3 (3.5.0-r0)
(3/103) Installing ca-certificates-bundle (20241121-r2)
(4/103) Installing libssl3 (3.5.0-r0)
(5/103) Installing zlib (1.3.1-r2)
(6/103) Installing libapk2 (2.14.9-r2)
(7/103) Installing apk-tools (2.14.9-r2)
(8/103) Installing libcap2 (2.76-r0)
(9/103) Installing libcap-getcap (2.76-r0)
(10/103) Installing fakeroot (1.37.1.1-r0)
(11/103) Installing scanelf (1.3.8-r1)
(12/103) Installing musl-utils (1.2.5-r10)
(13/103) Installing libgcc (14.3.0-r1)
(14/103) Installing libstdc++ (14.3.0-r1)
(15/103) Installing lzip (1.25-r0)
(16/103) Installing openssl (3.5.0-r0)
(17/103) Installing patch (2.8-r0)
(18/103) Installing pkgconf (2.4.3-r0)
(19/103) Installing acl-libs (2.3.2-r1)
(20/103) Installing tar (1.35-r3)
(21/103) Installing busybox (1.37.0-r18)
Executing busybox-1.37.0-r18.post-install
(22/103) Installing ssl_client (1.37.0-r18)
(23/103) Installing busybox-binsh (1.37.0-r18)
(24/103) Installing abuild (3.15.0-r0)
Executing abuild-3.15.0-r0.pre-install
(25/103) Installing abuild-sudo (3.15.0-r0)
(26/103) Installing alpine-baselayout-data (3.7.0-r0)
(27/103) Installing alpine-baselayout (3.7.0-r0)
Executing alpine-baselayout-3.7.0-r0.pre-install
Executing alpine-baselayout-3.7.0-r0.post-install
(28/103) Installing bridge (1.5-r5)
(29/103) Installing ifupdown-ng (0.12.1-r7)
(30/103) Installing openrc-user (0.62.2-r2)
(31/103) Installing openrc (0.62.2-r2)
Executing openrc-0.62.2-r2.post-install
(32/103) Installing mdev-conf (4.8-r0)
(33/103) Installing busybox-mdev-openrc (1.37.0-r18)
(34/103) Installing alpine-conf (3.20.0-r0)
(35/103) Installing alpine-keys (2.5-r0)
(36/103) Installing alpine-release (3.22.0-r0)
(37/103) Installing busybox-openrc (1.37.0-r18)
(38/103) Installing busybox-suid (1.37.0-r18)
(39/103) Installing alpine-base (3.22.0-r0)
(40/103) Installing jansson (2.14.1-r0)
(41/103) Installing zstd-libs (1.5.7-r0)
(42/103) Installing binutils (2.44-r0)
(43/103) Installing libmagic (5.46-r2)
(44/103) Installing file (5.46-r2)
(45/103) Installing libgomp (14.3.0-r1)
(46/103) Installing libatomic (14.3.0-r1)
(47/103) Installing gmp (6.3.0-r3)
(48/103) Installing isl26 (0.26-r1)
(49/103) Installing mpfr4 (4.2.1_p1-r0)
(50/103) Installing mpc1 (1.3.1-r1)
(51/103) Installing gcc (14.3.0-r1)
(52/103) Installing libstdc++-dev (14.3.0-r1)
(53/103) Installing musl-dev (1.2.5-r10)
(54/103) Installing g++ (14.3.0-r1)
(55/103) Installing make (4.4.1-r3)
(56/103) Installing fortify-headers (1.1-r5)
(57/103) Installing build-base (0.5-r3)
(58/103) Installing brotli-libs (1.1.0-r2)
(59/103) Installing c-ares (1.34.5-r0)
(60/103) Installing libunistring (1.3-r0)
(61/103) Installing libidn2 (2.3.7-r0)
(62/103) Installing nghttp2-libs (1.65.0-r0)
(63/103) Installing libpsl (0.21.5-r3)
(64/103) Installing libcurl (8.14.0-r2)
(65/103) Installing libexpat (2.7.1-r0)
(66/103) Installing pcre2 (10.43-r1)
(67/103) Installing git (2.49.0-r0)
(68/103) Installing git-init-template (2.49.0-r0)
(69/103) Installing libbz2 (1.0.8-r6)
(70/103) Installing perl (5.40.2-r0)
(71/103) Installing perl-error (0.17030-r0)
(72/103) Installing perl-git (2.49.0-r0)
(73/103) Installing git-perl (2.49.0-r0)
(74/103) Installing perl-sub-quote (2.006008-r1)
(75/103) Installing perl-devel-stacktrace (2.05-r0)
(76/103) Installing perl-role-tiny (2.002004-r2)
(77/103) Installing perl-mro-compat (0.15-r2)
(78/103) Installing perl-try-tiny (0.32-r0)
(79/103) Installing perl-test-fatal (0.017-r1)
(80/103) Installing perl-eval-closure (0.14-r4)
(81/103) Installing perl-module-runtime (0.016-r6)
(82/103) Installing perl-clone (0.47-r0)
(83/103) Installing perl-specio (0.50-r0)
(84/103) Installing perl-dist-checkconflicts (0.11-r4)
(85/103) Installing perl-class-inspector (1.36-r3)
(86/103) Installing perl-file-sharedir (1.118-r1)
(87/103) Installing perl-sub-exporter-progressive (0.001013-r4)
(88/103) Installing perl-module-implementation (0.09-r5)
(89/103) Installing perl-b-hooks-endofscope (0.28-r0)
(90/103) Installing perl-package-stash (0.40-r1)
(91/103) Installing perl-namespace-clean (0.27-r4)
(92/103) Installing perl-namespace-autoclean (0.31-r0)
(93/103) Installing perl-test-simple (1.302209-r0)
(94/103) Installing perl-test-without-module (0.23-r0)
(95/103) Installing perl-class-data-inheritable (0.10-r0)
(96/103) Installing perl-exception-class (1.45-r1)
(97/103) Installing perl-test2-plugin-nowarnings (0.10-r1)
(98/103) Installing perl-params-validationcompiler (0.31-r2)
(99/103) Installing perl-datetime-locale (1.45-r0)
(100/103) Installing perl-class-singleton (1.6-r2)
(101/103) Installing perl-datetime-timezone (2.65-r0)
(102/103) Installing perl-datetime (1.66-r0)
(103/103) Installing perl-params-validate (1.31-r3)
Executing busybox-1.37.0-r18.trigger
OK: 312 MiB in 103 packages
>>> perl-datetime-format-mail: Fetching https://cpan.metacpan.org/authors/id/B/BO/BOOK/DateTime-Format-Mail-0.403.tar.gz
>>> perl-datetime-format-mail: Checking sha512sums...
DateTime-Format-Mail-0.403.tar.gz: OK
>>> perl-datetime-format-mail: Unpacking /var/cache/distfiles/DateTime-Format-Mail-0.403.tar.gz...
Checking if your kit is complete...
Looks good
Generating a Unix-style Makefile
Writing Makefile for DateTime::Format::Mail
Writing MYMETA.yml and MYMETA.json
cp lib/DateTime/Format/Mail.pm blib/lib/DateTime/Format/Mail.pm
Manifying 1 pod document
PERL_DL_NONLAZY=1 "/usr/bin/perl" "-MExtUtils::Command::MM" "-MTest::Harness" "-e" "undef *Test::Harness::Switches; test_harness(0, 'blib/lib', 'blib/arch')" t/*.t
# 
# Versions for all modules listed in MYMETA.json (including optional ones):
# 
# === Configure Requires ===
# 
#     Module              Want Have
#     ------------------- ---- ----
#     ExtUtils::MakeMaker  any 7.70
# 
# === Build Requires ===
# 
#     Module              Want Have
#     ------------------- ---- ----
#     ExtUtils::MakeMaker  any 7.70
# 
# === Test Requires ===
# 
#     Module              Want     Have
#     ------------------- ---- --------
#     ExtUtils::MakeMaker  any     7.70
#     File::Spec           any     3.91
#     Test::More           any 1.302209
#     warnings             any     1.70
# 
# === Test Recommends ===
# 
#     Module         Want     Have
#     ---------- -------- --------
#     CPAN::Meta 2.120900 2.150010
# 
# === Runtime Requires ===
# 
#     Module           Want Have
#     ---------------- ---- ----
#     Carp              any 1.54
#     DateTime         1.04 1.66
#     Params::Validate  any 1.31
#     strict            any 1.13
#     vars              any 1.05
# 
t/00-report-prereqs.t .... ok
t/author-pod-coverage.t .. skipped: these tests are for testing by the author
t/author-pod-syntax.t .... skipped: these tests are for testing by the author
t/basic.t ................ ok
t/fixyears.t ............. ok
t/format.t ............... ok
t/invalid.t .............. ok
t/parse-strict.t ......... ok
t/parse.t ................ ok
t/release-distmeta.t ..... skipped: these tests are for release candidate testing
t/sample.t ............... ok
t/timezones.t ............ ok
All tests successful.
Files=12, Tests=29625,  4 wallclock secs ( 0.61 usr  0.06 sys +  3.30 cusr  0.25 csys =  4.22 CPU)
Result: PASS
>>> perl-datetime-format-mail: Entering fakeroot...
Manifying 1 pod document
Appending installation info to /tmp/pkg/perl-datetime-format-mail/usr/lib/perl5/core_perl/perllocal.pod
Installing /tmp/pkg/perl-datetime-format-mail/usr/share/perl5/vendor_perl/DateTime/Format/Mail.pm
Installing /tmp/pkg/perl-datetime-format-mail/usr/share/man/man3/DateTime::Format::Mail.3pm
>>> perl-datetime-format-mail-doc*: Running split function doc...
'usr/share/man' -> '/tmp/pkg/perl-datetime-format-mail-doc/usr/share/man'
>>> perl-datetime-format-mail-doc*: Preparing subpackage perl-datetime-format-mail-doc...
>>> perl-datetime-format-mail-doc*: Running postcheck for perl-datetime-format-mail-doc
>>> perl-datetime-format-mail*: Running postcheck for perl-datetime-format-mail
>>> perl-datetime-format-mail*: Preparing package perl-datetime-format-mail...
>>> perl-datetime-format-mail-doc*: Tracing dependencies...
>>> perl-datetime-format-mail-doc*: Package size: 3.8 KB
>>> perl-datetime-format-mail-doc*: Compressing data...
>>> perl-datetime-format-mail-doc*: Create checksum...
>>> perl-datetime-format-mail-doc*: Create perl-datetime-format-mail-doc-0.403-r4.apk
>>> perl-datetime-format-mail*: Tracing dependencies...
	perl
	perl-datetime
	perl-params-validate
>>> perl-datetime-format-mail*: Package size: 14.2 KB
>>> perl-datetime-format-mail*: Compressing data...
>>> perl-datetime-format-mail*: Create checksum...
>>> perl-datetime-format-mail*: Create perl-datetime-format-mail-0.403-r4.apk
>>> perl-datetime-format-mail: Updating the main/x86_64 repository index...
>>> perl-datetime-format-mail: Signing the index...
>>> perl-datetime-format-mail: Cleaning up srcdir
>>> perl-datetime-format-mail: Cleaning up build chroot
>>> perl-datetime-format-mail: Cleaning up pkgdir
