>>> perl-moo: Validating /home/packager/oily-pine/main/perl-moo/APKBUILD...
>>> perl-moo: Cleaning up srcdir
>>> perl-moo: Cleaning up pkgdir
>>> perl-moo: Cleaning up tmpdir
>>> perl-moo: Fetching https://cpan.metacpan.org/authors/id/H/HA/HAARG/Moo-2.005005.tar.gz
  % Total    % Received % Xferd  Average Speed   Time    Time     Time  Current
                                 Dload  Upload   Total   Spent    Left  Speed
  0     0    0     0    0     0      0      0 --:--:-- --:--:-- --:--:--     0100  106k  100  106k    0     0   571k      0 --:--:-- --:--:-- --:--:--  573k
>>> perl-moo: Fetching https://cpan.metacpan.org/authors/id/H/HA/HAARG/Moo-2.005005.tar.gz
>>> perl-moo: Checking sha512sums...
Moo-2.005005.tar.gz: OK
>>> perl-moo: Preparing build chroot...
fetch http://dl-cdn.alpinelinux.org/alpine/edge/main/x86_64/APKINDEX.tar.gz
(1/76) Installing musl (1.2.5-r10)
(2/76) Installing libcrypto3 (3.5.0-r0)
(3/76) Installing ca-certificates-bundle (20241121-r2)
(4/76) Installing libssl3 (3.5.0-r0)
(5/76) Installing zlib (1.3.1-r2)
(6/76) Installing libapk2 (2.14.9-r2)
(7/76) Installing apk-tools (2.14.9-r2)
(8/76) Installing libcap2 (2.76-r0)
(9/76) Installing libcap-getcap (2.76-r0)
(10/76) Installing fakeroot (1.37.1.1-r0)
(11/76) Installing scanelf (1.3.8-r1)
(12/76) Installing musl-utils (1.2.5-r10)
(13/76) Installing libgcc (14.3.0-r0)
(14/76) Installing libstdc++ (14.3.0-r0)
(15/76) Installing lzip (1.25-r0)
(16/76) Installing openssl (3.5.0-r0)
(17/76) Installing patch (2.8-r0)
(18/76) Installing pkgconf (2.4.3-r0)
(19/76) Installing acl-libs (2.3.2-r1)
(20/76) Installing tar (1.35-r3)
(21/76) Installing busybox (1.37.0-r18)
Executing busybox-1.37.0-r18.post-install
(22/76) Installing ssl_client (1.37.0-r18)
(23/76) Installing busybox-binsh (1.37.0-r18)
(24/76) Installing abuild (3.15.0-r0)
Executing abuild-3.15.0-r0.pre-install
(25/76) Installing abuild-sudo (3.15.0-r0)
(26/76) Installing alpine-baselayout-data (3.7.0-r0)
(27/76) Installing alpine-baselayout (3.7.0-r0)
Executing alpine-baselayout-3.7.0-r0.pre-install
Executing alpine-baselayout-3.7.0-r0.post-install
(28/76) Installing bridge (1.5-r5)
(29/76) Installing ifupdown-ng (0.12.1-r7)
(30/76) Installing openrc-user (0.62.2-r2)
(31/76) Installing openrc (0.62.2-r2)
Executing openrc-0.62.2-r2.post-install
(32/76) Installing mdev-conf (4.8-r0)
(33/76) Installing busybox-mdev-openrc (1.37.0-r18)
(34/76) Installing alpine-conf (3.20.0-r0)
(35/76) Installing alpine-keys (2.5-r0)
(36/76) Installing alpine-release (3.22.0-r0)
(37/76) Installing busybox-openrc (1.37.0-r18)
(38/76) Installing busybox-suid (1.37.0-r18)
(39/76) Installing alpine-base (3.22.0-r0)
(40/76) Installing jansson (2.14.1-r0)
(41/76) Installing zstd-libs (1.5.7-r0)
(42/76) Installing binutils (2.44-r0)
(43/76) Installing libmagic (5.46-r2)
(44/76) Installing file (5.46-r2)
(45/76) Installing libgomp (14.3.0-r0)
(46/76) Installing libatomic (14.3.0-r0)
(47/76) Installing gmp (6.3.0-r3)
(48/76) Installing isl26 (0.26-r1)
(49/76) Installing mpfr4 (4.2.1_p1-r0)
(50/76) Installing mpc1 (1.3.1-r1)
(51/76) Installing gcc (14.3.0-r0)
(52/76) Installing libstdc++-dev (14.3.0-r0)
(53/76) Installing musl-dev (1.2.5-r10)
(54/76) Installing g++ (14.3.0-r0)
(55/76) Installing make (4.4.1-r3)
(56/76) Installing fortify-headers (1.1-r5)
(57/76) Installing build-base (0.5-r3)
(58/76) Installing brotli-libs (1.1.0-r2)
(59/76) Installing c-ares (1.34.5-r0)
(60/76) Installing libunistring (1.3-r0)
(61/76) Installing libidn2 (2.3.7-r0)
(62/76) Installing nghttp2-libs (1.65.0-r0)
(63/76) Installing libpsl (0.21.5-r3)
(64/76) Installing libcurl (8.14.0-r2)
(65/76) Installing libexpat (2.7.1-r0)
(66/76) Installing pcre2 (10.43-r1)
(67/76) Installing git (2.49.0-r0)
(68/76) Installing git-init-template (2.49.0-r0)
(69/76) Installing libbz2 (1.0.8-r6)
(70/76) Installing perl (5.40.2-r0)
(71/76) Installing perl-error (0.17030-r0)
(72/76) Installing perl-git (2.49.0-r0)
(73/76) Installing git-perl (2.49.0-r0)
(74/76) Installing perl-class-method-modifiers (2.15-r1)
(75/76) Installing perl-role-tiny (2.002004-r2)
(76/76) Installing perl-sub-quote (2.006008-r1)
Executing busybox-1.37.0-r18.trigger
OK: 296 MiB in 76 packages
>>> perl-moo: Fetching https://cpan.metacpan.org/authors/id/H/HA/HAARG/Moo-2.005005.tar.gz
>>> perl-moo: Checking sha512sums...
Moo-2.005005.tar.gz: OK
>>> perl-moo: Unpacking /var/cache/distfiles/Moo-2.005005.tar.gz...
Checking if your kit is complete...
Looks good
Generating a Unix-style Makefile
Writing Makefile for Moo
Writing MYMETA.yml and MYMETA.json
cp lib/Moo/Role.pm blib/lib/Moo/Role.pm
cp lib/Moo/sification.pm blib/lib/Moo/sification.pm
cp lib/Moo/Object.pm blib/lib/Moo/Object.pm
cp lib/Moo/HandleMoose/_TypeMap.pm blib/lib/Moo/HandleMoose/_TypeMap.pm
cp lib/Moo.pm blib/lib/Moo.pm
cp lib/oo.pm blib/lib/oo.pm
cp lib/Moo/HandleMoose/FakeMetaClass.pm blib/lib/Moo/HandleMoose/FakeMetaClass.pm
cp lib/Method/Generate/Accessor.pm blib/lib/Method/Generate/Accessor.pm
cp lib/Moo/HandleMoose.pm blib/lib/Moo/HandleMoose.pm
cp lib/Moo/_Utils.pm blib/lib/Moo/_Utils.pm
cp lib/Method/Generate/DemolishAll.pm blib/lib/Method/Generate/DemolishAll.pm
cp lib/Method/Generate/BuildAll.pm blib/lib/Method/Generate/BuildAll.pm
cp lib/Method/Generate/Constructor.pm blib/lib/Method/Generate/Constructor.pm
Manifying 3 pod documents
PERL_DL_NONLAZY=1 "/usr/bin/perl" -It/lib "-MTestEnv=" "-MExtUtils::Command::MM" "-MTest::Harness" "-e" "undef *Test::Harness::Switches; test_harness(0, 'blib/lib', 'blib/arch')" t/*.t
t/accessor-coerce.t ................ ok
t/accessor-default.t ............... ok
t/accessor-generator-extension.t ... ok
t/accessor-handles.t ............... ok
t/accessor-isa.t ................... ok
t/accessor-mixed.t ................. ok
t/accessor-pred-clear.t ............ ok
t/accessor-reader-writer.t ......... ok
t/accessor-roles.t ................. ok
t/accessor-shortcuts.t ............. ok
t/accessor-trigger.t ............... ok
t/accessor-weaken-pre-5_8_3.t ...... ok
t/accessor-weaken.t ................ ok
t/buildall-subconstructor.t ........ ok
t/buildall.t ....................... ok
t/buildargs-error.t ................ ok
t/buildargs.t ...................... ok
t/coerce-1.t ....................... ok
t/compose-conflicts.t .............. ok
t/compose-non-role.t ............... ok
t/compose-roles.t .................. ok
t/constructor-modify.t ............. ok
t/croak-locations.t ................ ok
t/demolish-basics.t ................ ok
t/demolish-bugs-eats_exceptions.t .. ok
t/demolish-bugs-eats_mini.t ........ ok
t/demolish-global_destruction.t .... ok
t/demolish-throw.t ................. ok
t/does.t ........................... ok
t/extend-constructor.t ............. ok
t/extends-non-moo.t ................ ok
t/extends-role.t ................... ok
t/foreignbuildargs.t ............... ok
t/global_underscore.t .............. ok
t/has-array.t ...................... ok
t/has-before-extends.t ............. ok
t/has-plus.t ....................... ok
t/init-arg.t ....................... ok
t/isa-interfere.t .................. ok
t/lazy_isa.t ....................... ok
t/load_module.t .................... ok
t/load_module_error.t .............. ok
t/load_module_role_tiny.t .......... ok
t/long-package-name.t .............. ok
t/method-generate-accessor.t ....... ok
t/method-generate-constructor.t .... ok
t/modifiers.t ...................... ok
t/modify_lazy_handlers.t ........... ok
t/moo-accessors.t .................. ok
t/moo-c3.t ......................... ok
t/moo-object.t ..................... ok
t/moo-utils-_name_coderef.t ........ ok
t/moo-utils-_subname-Sub-Name.t .... ok
t/moo-utils-_subname.t ............. ok
t/moo-utils.t ...................... ok
t/moo.t ............................ ok
t/mutual-requires.t ................ ok
t/no-build.t ....................... ok
t/no-moo.t ......................... ok
t/non-moo-extends-c3.t ............. ok
t/non-moo-extends.t ................ ok
t/not-both.t ....................... ok
t/not-methods.t .................... ok
t/overloaded-coderefs.t ............ ok
t/overridden-core-funcs.t .......... ok
t/role-conflicts-moox.t ............ ok
t/sub-and-handles.t ................ ok
t/subconstructor.t ................. ok
t/undef-bug.t ...................... ok
t/use-after-no.t ................... ok
t/zzz-check-breaks.t ............... ok
All tests successful.
Files=71, Tests=841,  3 wallclock secs ( 0.07 usr  0.04 sys +  2.81 cusr  0.51 csys =  3.43 CPU)
Result: PASS
>>> perl-moo: Entering fakeroot...
Manifying 3 pod documents
Appending installation info to /tmp/pkg/perl-moo/usr/lib/perl5/core_perl/perllocal.pod
Installing /tmp/pkg/perl-moo/usr/share/perl5/vendor_perl/Moo.pm
Installing /tmp/pkg/perl-moo/usr/share/perl5/vendor_perl/oo.pm
Installing /tmp/pkg/perl-moo/usr/share/perl5/vendor_perl/Method/Generate/Accessor.pm
Installing /tmp/pkg/perl-moo/usr/share/perl5/vendor_perl/Method/Generate/Constructor.pm
Installing /tmp/pkg/perl-moo/usr/share/perl5/vendor_perl/Method/Generate/DemolishAll.pm
Installing /tmp/pkg/perl-moo/usr/share/perl5/vendor_perl/Method/Generate/BuildAll.pm
Installing /tmp/pkg/perl-moo/usr/share/perl5/vendor_perl/Moo/Object.pm
Installing /tmp/pkg/perl-moo/usr/share/perl5/vendor_perl/Moo/sification.pm
Installing /tmp/pkg/perl-moo/usr/share/perl5/vendor_perl/Moo/HandleMoose.pm
Installing /tmp/pkg/perl-moo/usr/share/perl5/vendor_perl/Moo/Role.pm
Installing /tmp/pkg/perl-moo/usr/share/perl5/vendor_perl/Moo/_Utils.pm
Installing /tmp/pkg/perl-moo/usr/share/perl5/vendor_perl/Moo/HandleMoose/_TypeMap.pm
Installing /tmp/pkg/perl-moo/usr/share/perl5/vendor_perl/Moo/HandleMoose/FakeMetaClass.pm
Installing /tmp/pkg/perl-moo/usr/share/man/man3/oo.3pm
Installing /tmp/pkg/perl-moo/usr/share/man/man3/Moo.3pm
Installing /tmp/pkg/perl-moo/usr/share/man/man3/Moo::Role.3pm
>>> perl-moo-doc*: Running split function doc...
'usr/share/man' -> '/tmp/pkg/perl-moo-doc/usr/share/man'
>>> perl-moo-doc*: Preparing subpackage perl-moo-doc...
>>> perl-moo-doc*: Running postcheck for perl-moo-doc
>>> perl-moo*: Running postcheck for perl-moo
>>> perl-moo*: Preparing package perl-moo...
>>> perl-moo-doc*: Tracing dependencies...
>>> perl-moo-doc*: Package size: 14.0 KB
>>> perl-moo-doc*: Compressing data...
>>> perl-moo-doc*: Create checksum...
>>> perl-moo-doc*: Create perl-moo-doc-2.005005-r1.apk
>>> perl-moo*: Tracing dependencies...
	perl
	perl-class-method-modifiers
	perl-sub-quote
	perl-role-tiny
>>> perl-moo*: Package size: 97.7 KB
>>> perl-moo*: Compressing data...
>>> perl-moo*: Create checksum...
>>> perl-moo*: Create perl-moo-2.005005-r1.apk
>>> perl-moo: Updating the main/x86_64 repository index...
>>> perl-moo: Signing the index...
>>> perl-moo: Cleaning up srcdir
>>> perl-moo: Cleaning up build chroot
>>> perl-moo: Cleaning up pkgdir
