>>> perl-cache-cache: Validating /home/packager/oily-pine/main/perl-cache-cache/APKBUILD...
>>> perl-cache-cache: Cleaning up srcdir
>>> perl-cache-cache: Cleaning up pkgdir
>>> perl-cache-cache: Cleaning up tmpdir
>>> perl-cache-cache: Fetching https://cpan.metacpan.org/authors/id/R/RJ/RJBS/Cache-Cache-1.08.tar.gz
  % Total    % Received % Xferd  Average Speed   Time    Time     Time  Current
                                 Dload  Upload   Total   Spent    Left  Speed
  0     0    0     0    0     0      0      0 --:--:-- --:--:-- --:--:--     0100 35124  100 35124    0     0  99342      0 --:--:-- --:--:-- --:--:-- 99501
>>> perl-cache-cache: Fetching https://cpan.metacpan.org/authors/id/R/RJ/RJBS/Cache-Cache-1.08.tar.gz
>>> perl-cache-cache: Checking sha512sums...
Cache-Cache-1.08.tar.gz: OK
>>> perl-cache-cache: Preparing build chroot...
fetch http://dl-cdn.alpinelinux.org/alpine/edge/main/x86_64/APKINDEX.tar.gz
(1/77) Installing musl (1.2.5-r10)
(2/77) Installing libcrypto3 (3.5.0-r0)
(3/77) Installing ca-certificates-bundle (20241121-r2)
(4/77) Installing libssl3 (3.5.0-r0)
(5/77) Installing zlib (1.3.1-r2)
(6/77) Installing libapk2 (2.14.9-r2)
(7/77) Installing apk-tools (2.14.9-r2)
(8/77) Installing libcap2 (2.76-r0)
(9/77) Installing libcap-getcap (2.76-r0)
(10/77) Installing fakeroot (1.37.1.1-r0)
(11/77) Installing scanelf (1.3.8-r1)
(12/77) Installing musl-utils (1.2.5-r10)
(13/77) Installing libgcc (14.3.0-r1)
(14/77) Installing libstdc++ (14.3.0-r1)
(15/77) Installing lzip (1.25-r0)
(16/77) Installing openssl (3.5.0-r0)
(17/77) Installing patch (2.8-r0)
(18/77) Installing pkgconf (2.4.3-r0)
(19/77) Installing acl-libs (2.3.2-r1)
(20/77) Installing tar (1.35-r3)
(21/77) Installing busybox (1.37.0-r18)
Executing busybox-1.37.0-r18.post-install
(22/77) Installing ssl_client (1.37.0-r18)
(23/77) Installing busybox-binsh (1.37.0-r18)
(24/77) Installing abuild (3.15.0-r0)
Executing abuild-3.15.0-r0.pre-install
(25/77) Installing abuild-sudo (3.15.0-r0)
(26/77) Installing alpine-baselayout-data (3.7.0-r0)
(27/77) Installing alpine-baselayout (3.7.0-r0)
Executing alpine-baselayout-3.7.0-r0.pre-install
Executing alpine-baselayout-3.7.0-r0.post-install
(28/77) Installing bridge (1.5-r5)
(29/77) Installing ifupdown-ng (0.12.1-r7)
(30/77) Installing openrc-user (0.62.2-r2)
(31/77) Installing openrc (0.62.2-r2)
Executing openrc-0.62.2-r2.post-install
(32/77) Installing mdev-conf (4.8-r0)
(33/77) Installing busybox-mdev-openrc (1.37.0-r18)
(34/77) Installing alpine-conf (3.20.0-r0)
(35/77) Installing alpine-keys (2.5-r0)
(36/77) Installing alpine-release (3.22.0-r0)
(37/77) Installing busybox-openrc (1.37.0-r18)
(38/77) Installing busybox-suid (1.37.0-r18)
(39/77) Installing alpine-base (3.22.0-r0)
(40/77) Installing jansson (2.14.1-r0)
(41/77) Installing zstd-libs (1.5.7-r0)
(42/77) Installing binutils (2.44-r0)
(43/77) Installing libmagic (5.46-r2)
(44/77) Installing file (5.46-r2)
(45/77) Installing libgomp (14.3.0-r1)
(46/77) Installing libatomic (14.3.0-r1)
(47/77) Installing gmp (6.3.0-r3)
(48/77) Installing isl26 (0.26-r1)
(49/77) Installing mpfr4 (4.2.1_p1-r0)
(50/77) Installing mpc1 (1.3.1-r1)
(51/77) Installing gcc (14.3.0-r1)
(52/77) Installing libstdc++-dev (14.3.0-r1)
(53/77) Installing musl-dev (1.2.5-r10)
(54/77) Installing g++ (14.3.0-r1)
(55/77) Installing make (4.4.1-r3)
(56/77) Installing fortify-headers (1.1-r5)
(57/77) Installing build-base (0.5-r3)
(58/77) Installing brotli-libs (1.1.0-r2)
(59/77) Installing c-ares (1.34.5-r0)
(60/77) Installing libunistring (1.3-r0)
(61/77) Installing libidn2 (2.3.7-r0)
(62/77) Installing nghttp2-libs (1.65.0-r0)
(63/77) Installing libpsl (0.21.5-r3)
(64/77) Installing libcurl (8.14.0-r2)
(65/77) Installing libexpat (2.7.1-r0)
(66/77) Installing pcre2 (10.43-r1)
(67/77) Installing git (2.49.0-r0)
(68/77) Installing git-init-template (2.49.0-r0)
(69/77) Installing libbz2 (1.0.8-r6)
(70/77) Installing perl (5.40.2-r0)
(71/77) Installing perl-error (0.17030-r0)
(72/77) Installing perl-git (2.49.0-r0)
(73/77) Installing git-perl (2.49.0-r0)
(74/77) Installing perl-utils (5.40.2-r0)
(75/77) Installing perl-dev (5.40.2-r0)
(76/77) Installing perl-digest-sha1 (2.13-r19)
(77/77) Installing perl-ipc-sharelite (0.17-r13)
Executing busybox-1.37.0-r18.trigger
OK: 305 MiB in 77 packages
>>> perl-cache-cache: Fetching https://cpan.metacpan.org/authors/id/R/RJ/RJBS/Cache-Cache-1.08.tar.gz
>>> perl-cache-cache: Checking sha512sums...
Cache-Cache-1.08.tar.gz: OK
>>> perl-cache-cache: Unpacking /var/cache/distfiles/Cache-Cache-1.08.tar.gz...
Checking for IPC::ShareLite... found
Checking if your kit is complete...
Looks good
Generating a Unix-style Makefile
Writing Makefile for Cache::Cache
Writing MYMETA.yml and MYMETA.json
------------------------------------------------------------------
Please be patient while running "make test" as the full test suite
takes roughly two minutes to complete.
------------------------------------------------------------------
cp lib/Cache/Object.pm blib/lib/Cache/Object.pm
cp lib/Cache/FileBackend.pm blib/lib/Cache/FileBackend.pm
cp lib/Cache/CacheMetaData.pm blib/lib/Cache/CacheMetaData.pm
cp lib/Cache/BaseCache.pm blib/lib/Cache/BaseCache.pm
cp lib/Cache/MemoryBackend.pm blib/lib/Cache/MemoryBackend.pm
cp lib/Cache/SharedMemoryBackend.pm blib/lib/Cache/SharedMemoryBackend.pm
cp lib/Cache/CacheTester.pm blib/lib/Cache/CacheTester.pm
cp lib/Cache/SharedMemoryCache.pm blib/lib/Cache/SharedMemoryCache.pm
cp lib/Cache/SizeAwareCache.pm blib/lib/Cache/SizeAwareCache.pm
cp lib/Cache/FileCache.pm blib/lib/Cache/FileCache.pm
cp lib/Cache/CacheUtils.pm blib/lib/Cache/CacheUtils.pm
cp lib/Cache/SizeAwareCacheTester.pm blib/lib/Cache/SizeAwareCacheTester.pm
cp lib/Cache/SizeAwareMemoryCache.pm blib/lib/Cache/SizeAwareMemoryCache.pm
cp lib/Cache/CacheSizer.pm blib/lib/Cache/CacheSizer.pm
cp lib/Cache/NullCache.pm blib/lib/Cache/NullCache.pm
cp lib/Cache/SizeAwareFileCache.pm blib/lib/Cache/SizeAwareFileCache.pm
cp lib/Cache/MemoryCache.pm blib/lib/Cache/MemoryCache.pm
cp lib/Cache/Cache.pm blib/lib/Cache/Cache.pm
cp lib/Cache/SizeAwareSharedMemoryCache.pm blib/lib/Cache/SizeAwareSharedMemoryCache.pm
cp lib/Cache/BaseCacheTester.pm blib/lib/Cache/BaseCacheTester.pm
Manifying 20 pod documents
PERL_DL_NONLAZY=1 "/usr/bin/perl" "-MExtUtils::Command::MM" "-MTest::Harness" "-e" "undef *Test::Harness::Switches; test_harness(0, 'blib/lib', 'blib/arch')" t/*.t
t/1_test_cache_interface.t ................. ok
t/2_test_memory_cache.t .................... ok
t/3_test_file_cache.t ...................... ok
t/4_test_shared_memory_cache.t ............. ok
t/5_test_size_aware_file_cache.t ........... ok
t/6_test_size_aware_memory_cache.t ......... ok
t/7_test_size_aware_shared_memory_cache.t .. ok
All tests successful.
Files=7, Tests=250, 123 wallclock secs ( 0.02 usr  0.02 sys +  0.17 cusr  0.05 csys =  0.26 CPU)
Result: PASS
>>> perl-cache-cache: Entering fakeroot...
Manifying 20 pod documents
Appending installation info to /tmp/pkg/perl-cache-cache/usr/lib/perl5/core_perl/perllocal.pod
Installing /tmp/pkg/perl-cache-cache/usr/share/perl5/vendor_perl/Cache/SizeAwareCache.pm
Installing /tmp/pkg/perl-cache-cache/usr/share/perl5/vendor_perl/Cache/SizeAwareCacheTester.pm
Installing /tmp/pkg/perl-cache-cache/usr/share/perl5/vendor_perl/Cache/MemoryBackend.pm
Installing /tmp/pkg/perl-cache-cache/usr/share/perl5/vendor_perl/Cache/CacheTester.pm
Installing /tmp/pkg/perl-cache-cache/usr/share/perl5/vendor_perl/Cache/Object.pm
Installing /tmp/pkg/perl-cache-cache/usr/share/perl5/vendor_perl/Cache/CacheUtils.pm
Installing /tmp/pkg/perl-cache-cache/usr/share/perl5/vendor_perl/Cache/SharedMemoryCache.pm
Installing /tmp/pkg/perl-cache-cache/usr/share/perl5/vendor_perl/Cache/BaseCacheTester.pm
Installing /tmp/pkg/perl-cache-cache/usr/share/perl5/vendor_perl/Cache/SizeAwareFileCache.pm
Installing /tmp/pkg/perl-cache-cache/usr/share/perl5/vendor_perl/Cache/SharedMemoryBackend.pm
Installing /tmp/pkg/perl-cache-cache/usr/share/perl5/vendor_perl/Cache/CacheSizer.pm
Installing /tmp/pkg/perl-cache-cache/usr/share/perl5/vendor_perl/Cache/BaseCache.pm
Installing /tmp/pkg/perl-cache-cache/usr/share/perl5/vendor_perl/Cache/MemoryCache.pm
Installing /tmp/pkg/perl-cache-cache/usr/share/perl5/vendor_perl/Cache/FileCache.pm
Installing /tmp/pkg/perl-cache-cache/usr/share/perl5/vendor_perl/Cache/NullCache.pm
Installing /tmp/pkg/perl-cache-cache/usr/share/perl5/vendor_perl/Cache/FileBackend.pm
Installing /tmp/pkg/perl-cache-cache/usr/share/perl5/vendor_perl/Cache/SizeAwareMemoryCache.pm
Installing /tmp/pkg/perl-cache-cache/usr/share/perl5/vendor_perl/Cache/CacheMetaData.pm
Installing /tmp/pkg/perl-cache-cache/usr/share/perl5/vendor_perl/Cache/SizeAwareSharedMemoryCache.pm
Installing /tmp/pkg/perl-cache-cache/usr/share/perl5/vendor_perl/Cache/Cache.pm
Installing /tmp/pkg/perl-cache-cache/usr/share/man/man3/Cache::MemoryBackend.3pm
Installing /tmp/pkg/perl-cache-cache/usr/share/man/man3/Cache::FileBackend.3pm
Installing /tmp/pkg/perl-cache-cache/usr/share/man/man3/Cache::CacheSizer.3pm
Installing /tmp/pkg/perl-cache-cache/usr/share/man/man3/Cache::SizeAwareFileCache.3pm
Installing /tmp/pkg/perl-cache-cache/usr/share/man/man3/Cache::SizeAwareMemoryCache.3pm
Installing /tmp/pkg/perl-cache-cache/usr/share/man/man3/Cache::CacheUtils.3pm
Installing /tmp/pkg/perl-cache-cache/usr/share/man/man3/Cache::SharedMemoryBackend.3pm
Installing /tmp/pkg/perl-cache-cache/usr/share/man/man3/Cache::NullCache.3pm
Installing /tmp/pkg/perl-cache-cache/usr/share/man/man3/Cache::BaseCacheTester.3pm
Installing /tmp/pkg/perl-cache-cache/usr/share/man/man3/Cache::MemoryCache.3pm
Installing /tmp/pkg/perl-cache-cache/usr/share/man/man3/Cache::BaseCache.3pm
Installing /tmp/pkg/perl-cache-cache/usr/share/man/man3/Cache::CacheTester.3pm
Installing /tmp/pkg/perl-cache-cache/usr/share/man/man3/Cache::SizeAwareCache.3pm
Installing /tmp/pkg/perl-cache-cache/usr/share/man/man3/Cache::Cache.3pm
Installing /tmp/pkg/perl-cache-cache/usr/share/man/man3/Cache::SizeAwareCacheTester.3pm
Installing /tmp/pkg/perl-cache-cache/usr/share/man/man3/Cache::CacheMetaData.3pm
Installing /tmp/pkg/perl-cache-cache/usr/share/man/man3/Cache::SharedMemoryCache.3pm
Installing /tmp/pkg/perl-cache-cache/usr/share/man/man3/Cache::SizeAwareSharedMemoryCache.3pm
Installing /tmp/pkg/perl-cache-cache/usr/share/man/man3/Cache::FileCache.3pm
Installing /tmp/pkg/perl-cache-cache/usr/share/man/man3/Cache::Object.3pm
>>> perl-cache-cache-doc*: Running split function doc...
'usr/share/man' -> '/tmp/pkg/perl-cache-cache-doc/usr/share/man'
>>> perl-cache-cache-doc*: Preparing subpackage perl-cache-cache-doc...
>>> perl-cache-cache-doc*: Running postcheck for perl-cache-cache-doc
>>> perl-cache-cache*: Running postcheck for perl-cache-cache
>>> perl-cache-cache*: Preparing package perl-cache-cache...
>>> perl-cache-cache-doc*: Tracing dependencies...
>>> perl-cache-cache-doc*: Package size: 30.1 KB
>>> perl-cache-cache-doc*: Compressing data...
>>> perl-cache-cache-doc*: Create checksum...
>>> perl-cache-cache-doc*: Create perl-cache-cache-doc-1.08-r5.apk
>>> perl-cache-cache*: Tracing dependencies...
	perl
	perl-error
	perl-digest-sha1
	perl-ipc-sharelite
>>> perl-cache-cache*: Package size: 109.8 KB
>>> perl-cache-cache*: Compressing data...
>>> perl-cache-cache*: Create checksum...
>>> perl-cache-cache*: Create perl-cache-cache-1.08-r5.apk
>>> perl-cache-cache: Updating the main/x86_64 repository index...
>>> perl-cache-cache: Signing the index...
>>> perl-cache-cache: Cleaning up srcdir
>>> perl-cache-cache: Cleaning up build chroot
>>> perl-cache-cache: Cleaning up pkgdir
