>>> perl-net-smtp-tls-butmaintained: Validating /home/packager/oily-pine/main/perl-net-smtp-tls-butmaintained/APKBUILD...
>>> perl-net-smtp-tls-butmaintained: Cleaning up srcdir
>>> perl-net-smtp-tls-butmaintained: Cleaning up pkgdir
>>> perl-net-smtp-tls-butmaintained: Cleaning up tmpdir
>>> perl-net-smtp-tls-butmaintained: Fetching https://cpan.metacpan.org/authors/id/F/FA/FAYLAND/Net-SMTP-TLS-ButMaintained-0.24.tar.gz
  % Total    % Received % Xferd  Average Speed   Time    Time     Time  Current
                                 Dload  Upload   Total   Spent    Left  Speed
  0     0    0     0    0     0      0      0 --:--:-- --:--:-- --:--:--     0100 16293  100 16293    0     0  38366      0 --:--:-- --:--:-- --:--:-- 38426
>>> perl-net-smtp-tls-butmaintained: Fetching https://cpan.metacpan.org/authors/id/F/FA/FAYLAND/Net-SMTP-TLS-ButMaintained-0.24.tar.gz
>>> perl-net-smtp-tls-butmaintained: Checking sha512sums...
Net-SMTP-TLS-ButMaintained-0.24.tar.gz: OK
>>> perl-net-smtp-tls-butmaintained: Preparing build chroot...
fetch http://dl-cdn.alpinelinux.org/alpine/edge/main/x86_64/APKINDEX.tar.gz
(1/80) Installing musl (1.2.5-r10)
(2/80) Installing libcrypto3 (3.5.0-r0)
(3/80) Installing ca-certificates-bundle (20241121-r2)
(4/80) Installing libssl3 (3.5.0-r0)
(5/80) Installing zlib (1.3.1-r2)
(6/80) Installing libapk2 (2.14.9-r2)
(7/80) Installing apk-tools (2.14.9-r2)
(8/80) Installing libcap2 (2.76-r0)
(9/80) Installing libcap-getcap (2.76-r0)
(10/80) Installing fakeroot (1.37.1.1-r0)
(11/80) Installing scanelf (1.3.8-r1)
(12/80) Installing musl-utils (1.2.5-r10)
(13/80) Installing libgcc (14.3.0-r1)
(14/80) Installing libstdc++ (14.3.0-r1)
(15/80) Installing lzip (1.25-r0)
(16/80) Installing openssl (3.5.0-r0)
(17/80) Installing patch (2.8-r0)
(18/80) Installing pkgconf (2.4.3-r0)
(19/80) Installing acl-libs (2.3.2-r1)
(20/80) Installing tar (1.35-r3)
(21/80) Installing busybox (1.37.0-r18)
Executing busybox-1.37.0-r18.post-install
(22/80) Installing ssl_client (1.37.0-r18)
(23/80) Installing busybox-binsh (1.37.0-r18)
(24/80) Installing abuild (3.15.0-r0)
Executing abuild-3.15.0-r0.pre-install
(25/80) Installing abuild-sudo (3.15.0-r0)
(26/80) Installing alpine-baselayout-data (3.7.0-r0)
(27/80) Installing alpine-baselayout (3.7.0-r0)
Executing alpine-baselayout-3.7.0-r0.pre-install
Executing alpine-baselayout-3.7.0-r0.post-install
(28/80) Installing bridge (1.5-r5)
(29/80) Installing ifupdown-ng (0.12.1-r7)
(30/80) Installing openrc-user (0.62.2-r2)
(31/80) Installing openrc (0.62.2-r2)
Executing openrc-0.62.2-r2.post-install
(32/80) Installing mdev-conf (4.8-r0)
(33/80) Installing busybox-mdev-openrc (1.37.0-r18)
(34/80) Installing alpine-conf (3.20.0-r0)
(35/80) Installing alpine-keys (2.5-r0)
(36/80) Installing alpine-release (3.22.0-r0)
(37/80) Installing busybox-openrc (1.37.0-r18)
(38/80) Installing busybox-suid (1.37.0-r18)
(39/80) Installing alpine-base (3.22.0-r0)
(40/80) Installing jansson (2.14.1-r0)
(41/80) Installing zstd-libs (1.5.7-r0)
(42/80) Installing binutils (2.44-r0)
(43/80) Installing libmagic (5.46-r2)
(44/80) Installing file (5.46-r2)
(45/80) Installing libgomp (14.3.0-r1)
(46/80) Installing libatomic (14.3.0-r1)
(47/80) Installing gmp (6.3.0-r3)
(48/80) Installing isl26 (0.26-r1)
(49/80) Installing mpfr4 (4.2.1_p1-r0)
(50/80) Installing mpc1 (1.3.1-r1)
(51/80) Installing gcc (14.3.0-r1)
(52/80) Installing libstdc++-dev (14.3.0-r1)
(53/80) Installing musl-dev (1.2.5-r10)
(54/80) Installing g++ (14.3.0-r1)
(55/80) Installing make (4.4.1-r3)
(56/80) Installing fortify-headers (1.1-r5)
(57/80) Installing build-base (0.5-r3)
(58/80) Installing brotli-libs (1.1.0-r2)
(59/80) Installing c-ares (1.34.5-r0)
(60/80) Installing libunistring (1.3-r0)
(61/80) Installing libidn2 (2.3.7-r0)
(62/80) Installing nghttp2-libs (1.65.0-r0)
(63/80) Installing libpsl (0.21.5-r3)
(64/80) Installing libcurl (8.14.0-r2)
(65/80) Installing libexpat (2.7.1-r0)
(66/80) Installing pcre2 (10.43-r1)
(67/80) Installing git (2.49.0-r0)
(68/80) Installing git-init-template (2.49.0-r0)
(69/80) Installing libbz2 (1.0.8-r6)
(70/80) Installing perl (5.40.2-r0)
(71/80) Installing perl-error (0.17030-r0)
(72/80) Installing perl-git (2.49.0-r0)
(73/80) Installing git-perl (2.49.0-r0)
(74/80) Installing perl-digest-sha1 (2.13-r19)
(75/80) Installing perl-digest-md5 (2.59-r2)
(76/80) Installing perl-digest-hmac (1.05-r0)
(77/80) Installing ca-certificates (20241121-r2)
(78/80) Installing perl-net-ssleay (1.94-r2)
(79/80) Installing perl-mozilla-ca (20250202-r0)
(80/80) Installing perl-io-socket-ssl (2.089-r0)
Executing busybox-1.37.0-r18.trigger
Executing ca-certificates-20241121-r2.trigger
OK: 298 MiB in 80 packages
>>> perl-net-smtp-tls-butmaintained: Fetching https://cpan.metacpan.org/authors/id/F/FA/FAYLAND/Net-SMTP-TLS-ButMaintained-0.24.tar.gz
>>> perl-net-smtp-tls-butmaintained: Checking sha512sums...
Net-SMTP-TLS-ButMaintained-0.24.tar.gz: OK
>>> perl-net-smtp-tls-butmaintained: Unpacking /var/cache/distfiles/Net-SMTP-TLS-ButMaintained-0.24.tar.gz...
Checking if your kit is complete...
Looks good
Generating a Unix-style Makefile
Writing Makefile for Net::SMTP::TLS::ButMaintained
Writing MYMETA.yml and MYMETA.json
cp lib/Net/SMTP/TLS/ButMaintained.pm blib/lib/Net/SMTP/TLS/ButMaintained.pm
Manifying 1 pod document
PERL_DL_NONLAZY=1 "/usr/bin/perl" "-MExtUtils::Command::MM" "-MTest::Harness" "-e" "undef *Test::Harness::Switches; test_harness(0, 'blib/lib', 'blib/arch')" t/*.t
t/00-compile.t ............ ok
t/live.t .................. skipped: set $ENV{TEST_TLS} to test
t/ok.t .................... ok
t/release-pod-coverage.t .. skipped: these tests are for release candidate testing
t/release-pod-syntax.t .... skipped: these tests are for release candidate testing
All tests successful.
Files=5, Tests=2,  0 wallclock secs ( 0.02 usr  0.00 sys +  0.20 cusr  0.03 csys =  0.25 CPU)
Result: PASS
>>> perl-net-smtp-tls-butmaintained: Entering fakeroot...
Manifying 1 pod document
Installing /tmp/pkg/perl-net-smtp-tls-butmaintained/usr/share/perl5/vendor_perl/Net/SMTP/TLS/ButMaintained.pm
Installing /tmp/pkg/perl-net-smtp-tls-butmaintained/usr/share/man/man3/Net::SMTP::TLS::ButMaintained.3pm
>>> perl-net-smtp-tls-butmaintained-doc*: Running split function doc...
'usr/share/man' -> '/tmp/pkg/perl-net-smtp-tls-butmaintained-doc/usr/share/man'
>>> perl-net-smtp-tls-butmaintained-doc*: Preparing subpackage perl-net-smtp-tls-butmaintained-doc...
>>> perl-net-smtp-tls-butmaintained-doc*: Running postcheck for perl-net-smtp-tls-butmaintained-doc
>>> perl-net-smtp-tls-butmaintained*: Running postcheck for perl-net-smtp-tls-butmaintained
>>> perl-net-smtp-tls-butmaintained*: Preparing package perl-net-smtp-tls-butmaintained...
>>> perl-net-smtp-tls-butmaintained-doc*: Tracing dependencies...
>>> perl-net-smtp-tls-butmaintained-doc*: Package size: 2.7 KB
>>> perl-net-smtp-tls-butmaintained-doc*: Compressing data...
>>> perl-net-smtp-tls-butmaintained-doc*: Create checksum...
>>> perl-net-smtp-tls-butmaintained-doc*: Create perl-net-smtp-tls-butmaintained-doc-0.24-r5.apk
>>> perl-net-smtp-tls-butmaintained*: Tracing dependencies...
	perl
	perl-digest-hmac
	perl-io-socket-ssl
	perl-net-ssleay
>>> perl-net-smtp-tls-butmaintained*: Package size: 12.9 KB
>>> perl-net-smtp-tls-butmaintained*: Compressing data...
>>> perl-net-smtp-tls-butmaintained*: Create checksum...
>>> perl-net-smtp-tls-butmaintained*: Create perl-net-smtp-tls-butmaintained-0.24-r5.apk
>>> perl-net-smtp-tls-butmaintained: Updating the main/x86_64 repository index...
>>> perl-net-smtp-tls-butmaintained: Signing the index...
>>> perl-net-smtp-tls-butmaintained: Cleaning up srcdir
>>> perl-net-smtp-tls-butmaintained: Cleaning up build chroot
>>> perl-net-smtp-tls-butmaintained: Cleaning up pkgdir
