pigz: not found
>>> perl-variable-magic: Building main/perl-variable-magic 0.64-r1 (using abuild 3.14.1-r4) started Sun, 18 May 2025 10:37:14 +0000
>>> perl-variable-magic: Validating /home/packager/aports/main/perl-variable-magic/APKBUILD...
>>> perl-variable-magic: Analyzing dependencies...
>>> perl-variable-magic: Installing for build: build-base perl perl-dev
(1/8) Installing libbz2 (1.0.8-r6)
(2/8) Installing perl (5.40.2-r0)
(3/8) Installing perl-utils (5.40.2-r0)
(4/8) Installing perl-dev (5.40.2-r0)
(5/8) Installing .makedepends-perl-variable-magic (20250518.103716)
(6/8) Installing perl-error (0.17030-r0)
(7/8) Installing perl-git (2.47.2-r0)
(8/8) Installing git-perl (2.47.2-r0)
Executing busybox-1.37.0-r12.trigger
OK: 307 MiB in 89 packages
>>> perl-variable-magic: Cleaning up srcdir
>>> perl-variable-magic: Cleaning up pkgdir
>>> perl-variable-magic: Cleaning up tmpdir
>>> perl-variable-magic: Fetching https://cpan.metacpan.org/authors/id/V/VP/VPIT/Variable-Magic-0.64.tar.gz
Connecting to cpan.metacpan.org (146.75.122.217:443)
saving to '/var/cache/distfiles/Variable-Magic-0.64.tar.gz.part'
Variable-Magic-0.64. 100% |********************************| 76158  0:00:00 ETA
'/var/cache/distfiles/Variable-Magic-0.64.tar.gz.part' saved
>>> perl-variable-magic: Fetching https://cpan.metacpan.org/authors/id/V/VP/VPIT/Variable-Magic-0.64.tar.gz
>>> perl-variable-magic: Checking sha512sums...
Variable-Magic-0.64.tar.gz: OK
>>> perl-variable-magic: Unpacking /var/cache/distfiles/Variable-Magic-0.64.tar.gz...
Checking if this is ActiveState Perl 5.8.8 build 822 or higher... no
Checking if this is gcc 3.4 on Windows trying to link against an import library... no
Checking if your kit is complete...
Looks good
Generating a Unix-style Makefile
Writing Makefile for Variable::Magic
Writing MYMETA.yml and MYMETA.json
"/usr/bin/perl" "/usr/share/perl5/core_perl/ExtUtils/xsubpp"  -typemap '/usr/share/perl5/core_perl/ExtUtils/typemap'  Magic.xs > Magic.xsc
Running Mkbootstrap for Magic ()
chmod 644 "Magic.bs"
"/usr/bin/perl" -MExtUtils::Command::MM -e 'cp_nonempty' -- Magic.bs blib/arch/auto/Variable/Magic/Magic.bs 644
cp lib/Variable/Magic.pm blib/lib/Variable/Magic.pm
mv Magic.xsc Magic.c
cc -c   -D_REENTRANT -D_GNU_SOURCE -D_GNU_SOURCE -fwrapv -fno-strict-aliasing -pipe -fstack-protector-strong -D_LARGEFILE_SOURCE -D_FILE_OFFSET_BITS=64 -Os -fstack-clash-protection -Wformat -Werror=format-security -fno-plt -O2   -DVERSION=\"0.64\" -DXS_VERSION=\"0.64\" -fPIC "-I/usr/lib/perl5/core_perl/CORE"   Magic.c
rm -f blib/arch/auto/Variable/Magic/Magic.so
cc  -shared -Os -fstack-clash-protection -Wformat -Werror=format-security -fno-plt -O2 -L/usr/local/lib -fstack-protector-strong  Magic.o  -o blib/arch/auto/Variable/Magic/Magic.so  \
      \
  
chmod 755 blib/arch/auto/Variable/Magic/Magic.so
Manifying 1 pod document
"/usr/bin/perl" -MExtUtils::Command::MM -e 'cp_nonempty' -- Magic.bs blib/arch/auto/Variable/Magic/Magic.bs 644
PERL_DL_NONLAZY=1 "/usr/bin/perl" "-MExtUtils::Command::MM" "-MTest::Harness" "-e" "undef *Test::Harness::Switches; test_harness(0, 'blib/lib', 'blib/arch')" t/*.t
# Testing Variable::Magic 0.64, Perl 5.040002 (no patchlevel), /usr/bin/perl
t/00-load.t .......... ok
t/01-import.t ........ ok
t/02-constants.t ..... ok
# Using threads 2.40
# Using threads::shared 1.69
t/09-load-threads.t .. ok
t/10-simple.t ........ ok
t/11-multiple.t ...... ok
t/13-data.t .......... ok
t/14-callbacks.t ..... ok
# According to Config::Perl::V version 0.36, this is NOT a debugging perl
# Not testing global destruction
t/15-self.t .......... ok
# Using Hash::Util::FieldHash 1.27
t/16-huf.t ........... ok
# Using IO::Handle 1.55
# Using IO::Select 1.55
# Using IPC::Open3 1.22
t/17-ctl.t ........... ok
t/18-opinfo.t ........ ok
t/20-get.t ........... ok
t/21-set.t ........... ok
t/22-len.t ........... ok
t/23-clear.t ......... ok
t/24-free.t .......... ok
# Using Tie::Array 1.07
# Using Tie::Hash 1.06
t/25-copy.t .......... ok
t/27-local.t ......... ok
# Using Tie::Hash 1.06
t/28-uvar.t .......... ok
# Using Tie::Array 1.07
t/30-scalar.t ........ ok
t/31-array.t ......... ok
t/32-hash.t .......... ok
t/33-code.t .......... ok
# Using Symbol 1.09
t/34-glob.t .......... ok
t/35-stash.t ......... ok
# Using threads 2.40
# Using threads::shared 1.69
t/40-threads.t ....... ok
# Using threads 2.40
# Using threads::shared 1.69
t/41-clone.t ......... ok
t/50-return.t ........ ok
t/80-leaks.t ......... ok
All tests successful.
Files=30, Tests=1598,  4 wallclock secs ( 0.17 usr  0.06 sys +  2.98 cusr  0.50 csys =  3.71 CPU)
Result: PASS
>>> perl-variable-magic: Entering fakeroot...
"/usr/bin/perl" -MExtUtils::Command::MM -e 'cp_nonempty' -- Magic.bs blib/arch/auto/Variable/Magic/Magic.bs 644
Manifying 1 pod document
Files found in blib/arch: installing files in blib/lib into architecture dependent library tree
Installing /home/packager/aports/main/perl-variable-magic/pkg/perl-variable-magic/usr/lib/perl5/vendor_perl/auto/Variable/Magic/Magic.so
Installing /home/packager/aports/main/perl-variable-magic/pkg/perl-variable-magic/usr/lib/perl5/vendor_perl/Variable/Magic.pm
Installing /home/packager/aports/main/perl-variable-magic/pkg/perl-variable-magic/usr/share/man/man3/Variable::Magic.3pm
>>> perl-variable-magic-doc*: Running split function doc...
'usr/share/man' -> '/home/packager/aports/main/perl-variable-magic/pkg/perl-variable-magic-doc/usr/share/man'
>>> perl-variable-magic-doc*: Preparing subpackage perl-variable-magic-doc...
>>> perl-variable-magic-doc*: Running postcheck for perl-variable-magic-doc
>>> perl-variable-magic*: Running postcheck for perl-variable-magic
>>> perl-variable-magic*: Preparing package perl-variable-magic...
>>> perl-variable-magic*: Stripping binaries
>>> perl-variable-magic-doc*: Scanning shared objects
>>> perl-variable-magic*: Scanning shared objects
>>> perl-variable-magic-doc*: Tracing dependencies...
>>> perl-variable-magic-doc*: Package size: 9.0 KB
>>> perl-variable-magic-doc*: Compressing data...
>>> perl-variable-magic-doc*: Create checksum...
pigz: not found
>>> perl-variable-magic-doc*: Create perl-variable-magic-doc-0.64-r1.apk
>>> perl-variable-magic*: Tracing dependencies...
	perl
	so:libc.musl-x86_64.so.1
>>> perl-variable-magic*: Package size: 61.2 KB
>>> perl-variable-magic*: Compressing data...
>>> perl-variable-magic*: Create checksum...
pigz: not found
>>> perl-variable-magic*: Create perl-variable-magic-0.64-r1.apk
>>> perl-variable-magic: Build complete at Sun, 18 May 2025 10:37:23 +0000 elapsed time 0h 0m 9s
>>> perl-variable-magic: Cleaning up srcdir
>>> perl-variable-magic: Cleaning up pkgdir
>>> perl-variable-magic: Uninstalling dependencies...
(1/8) Purging .makedepends-perl-variable-magic (20250518.103716)
(2/8) Purging perl-dev (5.40.2-r0)
(3/8) Purging perl-utils (5.40.2-r0)
(4/8) Purging git-perl (2.47.2-r0)
(5/8) Purging perl-git (2.47.2-r0)
(6/8) Purging perl-error (0.17030-r0)
(7/8) Purging perl (5.40.2-r0)
(8/8) Purging libbz2 (1.0.8-r6)
Executing busybox-1.37.0-r12.trigger
OK: 261 MiB in 81 packages
>>> perl-variable-magic: Updating the main/x86_64 repository index...
>>> perl-variable-magic: Signing the index...
pigz: not found
