>>> brotli: Validating /home/packager/oily-pine/main/brotli/APKBUILD...
>>> brotli: Cleaning up srcdir
>>> brotli: Cleaning up pkgdir
>>> brotli: Cleaning up tmpdir
>>> brotli: Fetching brotli-1.1.0.tar.gz::https://github.com/google/brotli/archive/refs/tags/v1.1.0.tar.gz
  % Total    % Received % Xferd  Average Speed   Time    Time     Time  Current
                                 Dload  Upload   Total   Spent    Left  Speed
  0     0    0     0    0     0      0      0 --:--:-- --:--:-- --:--:--     0  0     0    0     0    0     0      0      0 --:--:-- --:--:-- --:--:--     0  0     0    0     0    0     0      0      0 --:--:-- --:--:-- --:--:--     0
100  499k  100  499k    0     0   641k      0 --:--:-- --:--:-- --:--:--  641k
>>> brotli: Fetching brotli-1.1.0.tar.gz::https://github.com/google/brotli/archive/refs/tags/v1.1.0.tar.gz
>>> brotli: Checking sha512sums...
brotli-1.1.0.tar.gz: OK
optimize-mips-s390x.patch: OK
>>> brotli: Preparing build chroot...
fetch http://dl-cdn.alpinelinux.org/alpine/edge/main/x86_64/APKINDEX.tar.gz
(1/101) Installing musl (1.2.5-r10)
(2/101) Installing libcrypto3 (3.5.0-r0)
(3/101) Installing ca-certificates-bundle (20241121-r2)
(4/101) Installing libssl3 (3.5.0-r0)
(5/101) Installing zlib (1.3.1-r2)
(6/101) Installing libapk2 (2.14.9-r2)
(7/101) Installing apk-tools (2.14.9-r2)
(8/101) Installing libcap2 (2.76-r0)
(9/101) Installing libcap-getcap (2.76-r0)
(10/101) Installing fakeroot (1.37.1.1-r0)
(11/101) Installing scanelf (1.3.8-r1)
(12/101) Installing musl-utils (1.2.5-r10)
(13/101) Installing libgcc (14.3.0-r0)
(14/101) Installing libstdc++ (14.3.0-r0)
(15/101) Installing lzip (1.25-r0)
(16/101) Installing openssl (3.5.0-r0)
(17/101) Installing patch (2.8-r0)
(18/101) Installing pkgconf (2.4.3-r0)
(19/101) Installing acl-libs (2.3.2-r1)
(20/101) Installing tar (1.35-r3)
(21/101) Installing busybox (1.37.0-r18)
Executing busybox-1.37.0-r18.post-install
(22/101) Installing ssl_client (1.37.0-r18)
(23/101) Installing busybox-binsh (1.37.0-r18)
(24/101) Installing abuild (3.15.0-r0)
Executing abuild-3.15.0-r0.pre-install
(25/101) Installing abuild-sudo (3.15.0-r0)
(26/101) Installing alpine-baselayout-data (3.7.0-r0)
(27/101) Installing alpine-baselayout (3.7.0-r0)
Executing alpine-baselayout-3.7.0-r0.pre-install
Executing alpine-baselayout-3.7.0-r0.post-install
(28/101) Installing bridge (1.5-r5)
(29/101) Installing ifupdown-ng (0.12.1-r7)
(30/101) Installing openrc-user (0.62.2-r2)
(31/101) Installing openrc (0.62.2-r2)
Executing openrc-0.62.2-r2.post-install
(32/101) Installing mdev-conf (4.8-r0)
(33/101) Installing busybox-mdev-openrc (1.37.0-r18)
(34/101) Installing alpine-conf (3.20.0-r0)
(35/101) Installing alpine-keys (2.5-r0)
(36/101) Installing alpine-release (3.22.0-r0)
(37/101) Installing busybox-openrc (1.37.0-r18)
(38/101) Installing busybox-suid (1.37.0-r18)
(39/101) Installing alpine-base (3.22.0-r0)
(40/101) Installing jansson (2.14.1-r0)
(41/101) Installing zstd-libs (1.5.7-r0)
(42/101) Installing binutils (2.44-r0)
(43/101) Installing libmagic (5.46-r2)
(44/101) Installing file (5.46-r2)
(45/101) Installing libgomp (14.3.0-r0)
(46/101) Installing libatomic (14.3.0-r0)
(47/101) Installing gmp (6.3.0-r3)
(48/101) Installing isl26 (0.26-r1)
(49/101) Installing mpfr4 (4.2.1_p1-r0)
(50/101) Installing mpc1 (1.3.1-r1)
(51/101) Installing gcc (14.3.0-r0)
(52/101) Installing libstdc++-dev (14.3.0-r0)
(53/101) Installing musl-dev (1.2.5-r10)
(54/101) Installing g++ (14.3.0-r0)
(55/101) Installing make (4.4.1-r3)
(56/101) Installing fortify-headers (1.1-r5)
(57/101) Installing build-base (0.5-r3)
(58/101) Installing libbz2 (1.0.8-r6)
(59/101) Installing libexpat (2.7.1-r0)
(60/101) Installing lz4-libs (1.10.0-r0)
(61/101) Installing xz-libs (5.8.1-r0)
(62/101) Installing libarchive (3.8.0-r0)
(63/101) Installing rhash-libs (1.4.5-r0)
(64/101) Installing libuv (1.51.0-r0)
(65/101) Installing cmake (4.0.2-r0)
(66/101) Installing brotli-libs (1.1.0-r2)
(67/101) Installing c-ares (1.34.5-r0)
(68/101) Installing libunistring (1.3-r0)
(69/101) Installing libidn2 (2.3.7-r0)
(70/101) Installing nghttp2-libs (1.65.0-r0)
(71/101) Installing libpsl (0.21.5-r3)
(72/101) Installing libcurl (8.14.0-r2)
(73/101) Installing pcre2 (10.43-r1)
(74/101) Installing git (2.49.0-r0)
(75/101) Installing git-init-template (2.49.0-r0)
(76/101) Installing libffi (3.4.8-r0)
(77/101) Installing gdbm (1.24-r0)
(78/101) Installing mpdecimal (4.0.1-r0)
(79/101) Installing ncurses-terminfo-base (6.5_p20250503-r0)
(80/101) Installing libncursesw (6.5_p20250503-r0)
(81/101) Installing libpanelw (6.5_p20250503-r0)
(82/101) Installing readline (8.2.13-r1)
(83/101) Installing sqlite-libs (3.50.0-r0)
(84/101) Installing python3 (3.12.10-r1)
(85/101) Installing python3-pycache-pyc0 (3.12.10-r1)
(86/101) Installing pyc (3.12.10-r1)
(87/101) Installing py3-installer-pyc (0.7.0-r2)
(88/101) Installing py3-gpep517-pyc (19-r0)
(89/101) Installing python3-pyc (3.12.10-r1)
(90/101) Installing py3-installer (0.7.0-r2)
(91/101) Installing py3-gpep517 (19-r0)
(92/101) Installing py3-parsing (3.2.3-r0)
(93/101) Installing py3-parsing-pyc (3.2.3-r0)
(94/101) Installing py3-packaging (25.0-r0)
(95/101) Installing py3-packaging-pyc (25.0-r0)
(96/101) Installing py3-setuptools (80.9.0-r0)
(97/101) Installing py3-setuptools-pyc (80.9.0-r0)
(98/101) Installing py3-wheel (0.46.1-r0)
(99/101) Installing py3-wheel-pyc (0.46.1-r0)
(100/101) Installing python3-dev (3.12.10-r1)
(101/101) Installing samurai (1.2-r7)
Executing busybox-1.37.0-r18.trigger
OK: 403 MiB in 101 packages
>>> brotli: Fetching brotli-1.1.0.tar.gz::https://github.com/google/brotli/archive/refs/tags/v1.1.0.tar.gz
>>> brotli: Checking sha512sums...
brotli-1.1.0.tar.gz: OK
optimize-mips-s390x.patch: OK
>>> brotli: Unpacking /var/cache/distfiles/brotli-1.1.0.tar.gz...
>>> brotli: optimize-mips-s390x.patch
patching file c/common/platform.h
-- The C compiler identification is GNU 14.3.0
-- Detecting C compiler ABI info
-- Detecting C compiler ABI info - done
-- Check for working C compiler: /usr/bin/cc - skipped
-- Detecting C compile features
-- Detecting C compile features - done
-- Build type is 'None'
-- Performing Test BROTLI_EMSCRIPTEN
-- Performing Test BROTLI_EMSCRIPTEN - Failed
-- Compiler is not EMSCRIPTEN
-- Looking for log2
-- Looking for log2 - found
CMake Warning at CMakeLists.txt:264 (message):
  Test file tests/testdata/alice29.txt does not exist.


CMake Warning at CMakeLists.txt:264 (message):
  Test file tests/testdata/asyoulik.txt does not exist.


CMake Warning at CMakeLists.txt:264 (message):
  Test file tests/testdata/lcet10.txt does not exist.


CMake Warning at CMakeLists.txt:264 (message):
  Test file tests/testdata/plrabn12.txt does not exist.


-- Configuring done (0.2s)
-- Generating done (0.0s)
-- Build files have been written to: /tmp/src/brotli-1.1.0/build
[1/36] Building C object CMakeFiles/brotli.dir/c/tools/brotli.c.o
[2/36] Building C object CMakeFiles/brotlienc.dir/c/enc/utf8_util.c.o
[3/36] Building C object CMakeFiles/brotlienc.dir/c/enc/static_dict.c.o
[4/36] Building C object CMakeFiles/brotlienc.dir/c/enc/metablock.c.o
[5/36] Building C object CMakeFiles/brotlienc.dir/c/enc/memory.c.o
[6/36] Building C object CMakeFiles/brotlienc.dir/c/enc/literal_cost.c.o
[7/36] Building C object CMakeFiles/brotlienc.dir/c/enc/histogram.c.o
[8/36] Building C object CMakeFiles/brotlienc.dir/c/enc/fast_log.c.o
[9/36] Building C object CMakeFiles/brotlienc.dir/c/enc/entropy_encode.c.o
[10/36] Building C object CMakeFiles/brotlienc.dir/c/enc/encoder_dict.c.o
[11/36] Building C object CMakeFiles/brotlienc.dir/c/enc/encode.c.o
[12/36] Building C object CMakeFiles/brotlienc.dir/c/enc/dictionary_hash.c.o
[13/36] Building C object CMakeFiles/brotlienc.dir/c/enc/compress_fragment_two_pass.c.o
[14/36] Building C object CMakeFiles/brotlienc.dir/c/enc/compress_fragment.c.o
[15/36] Building C object CMakeFiles/brotlienc.dir/c/enc/compound_dictionary.c.o
[16/36] Building C object CMakeFiles/brotlienc.dir/c/enc/command.c.o
[17/36] Building C object CMakeFiles/brotlienc.dir/c/enc/cluster.c.o
[18/36] Building C object CMakeFiles/brotlienc.dir/c/enc/brotli_bit_stream.c.o
[19/36] Building C object CMakeFiles/brotlienc.dir/c/enc/block_splitter.c.o
[20/36] Building C object CMakeFiles/brotlienc.dir/c/enc/bit_cost.c.o
[21/36] Building C object CMakeFiles/brotlienc.dir/c/enc/backward_references_hq.c.o
[22/36] Building C object CMakeFiles/brotlienc.dir/c/enc/backward_references.c.o
[23/36] Building C object CMakeFiles/brotlidec.dir/c/dec/state.c.o
[24/36] Building C object CMakeFiles/brotlidec.dir/c/dec/huffman.c.o
[25/36] Building C object CMakeFiles/brotlidec.dir/c/dec/decode.c.o
[26/36] Building C object CMakeFiles/brotlidec.dir/c/dec/bit_reader.c.o
[27/36] Building C object CMakeFiles/brotlicommon.dir/c/common/transform.c.o
[28/36] Building C object CMakeFiles/brotlicommon.dir/c/common/shared_dictionary.c.o
[29/36] Building C object CMakeFiles/brotlicommon.dir/c/common/platform.c.o
[30/36] Building C object CMakeFiles/brotlicommon.dir/c/common/dictionary.c.o
[31/36] Building C object CMakeFiles/brotlicommon.dir/c/common/context.c.o
[32/36] Building C object CMakeFiles/brotlicommon.dir/c/common/constants.c.o
[33/36] Linking C static library libbrotlicommon.a
[34/36] Linking C static library libbrotlidec.a
[35/36] Linking C static library libbrotlienc.a
[36/36] Linking C executable brotli
-- Build type is 'None'
-- Compiler is not EMSCRIPTEN
CMake Warning at CMakeLists.txt:264 (message):
  Test file tests/testdata/alice29.txt does not exist.


CMake Warning at CMakeLists.txt:264 (message):
  Test file tests/testdata/asyoulik.txt does not exist.


CMake Warning at CMakeLists.txt:264 (message):
  Test file tests/testdata/lcet10.txt does not exist.


CMake Warning at CMakeLists.txt:264 (message):
  Test file tests/testdata/plrabn12.txt does not exist.


-- Configuring done (0.0s)
-- Generating done (0.0s)
-- Build files have been written to: /tmp/src/brotli-1.1.0/build
[1/39] Building C object CMakeFiles/brotli.dir/c/tools/brotli.c.o
[2/39] Building C object CMakeFiles/brotlienc.dir/c/enc/utf8_util.c.o
[3/39] Building C object CMakeFiles/brotlienc.dir/c/enc/static_dict.c.o
[4/39] Building C object CMakeFiles/brotlienc.dir/c/enc/metablock.c.o
[5/39] Building C object CMakeFiles/brotlienc.dir/c/enc/memory.c.o
[6/39] Building C object CMakeFiles/brotlienc.dir/c/enc/literal_cost.c.o
[7/39] Building C object CMakeFiles/brotlienc.dir/c/enc/histogram.c.o
[8/39] Building C object CMakeFiles/brotlienc.dir/c/enc/fast_log.c.o
[9/39] Building C object CMakeFiles/brotlienc.dir/c/enc/entropy_encode.c.o
[10/39] Building C object CMakeFiles/brotlienc.dir/c/enc/encoder_dict.c.o
[11/39] Building C object CMakeFiles/brotlienc.dir/c/enc/encode.c.o
[12/39] Building C object CMakeFiles/brotlienc.dir/c/enc/dictionary_hash.c.o
[13/39] Building C object CMakeFiles/brotlienc.dir/c/enc/compress_fragment_two_pass.c.o
[14/39] Building C object CMakeFiles/brotlienc.dir/c/enc/compress_fragment.c.o
[15/39] Building C object CMakeFiles/brotlienc.dir/c/enc/compound_dictionary.c.o
[16/39] Building C object CMakeFiles/brotlienc.dir/c/enc/command.c.o
[17/39] Building C object CMakeFiles/brotlienc.dir/c/enc/cluster.c.o
[18/39] Building C object CMakeFiles/brotlienc.dir/c/enc/brotli_bit_stream.c.o
[19/39] Building C object CMakeFiles/brotlienc.dir/c/enc/block_splitter.c.o
[20/39] Building C object CMakeFiles/brotlienc.dir/c/enc/bit_cost.c.o
[21/39] Building C object CMakeFiles/brotlienc.dir/c/enc/backward_references_hq.c.o
[22/39] Building C object CMakeFiles/brotlienc.dir/c/enc/backward_references.c.o
[23/39] Building C object CMakeFiles/brotlidec.dir/c/dec/state.c.o
[24/39] Building C object CMakeFiles/brotlidec.dir/c/dec/huffman.c.o
[25/39] Building C object CMakeFiles/brotlidec.dir/c/dec/decode.c.o
[26/39] Building C object CMakeFiles/brotlidec.dir/c/dec/bit_reader.c.o
[27/39] Building C object CMakeFiles/brotlicommon.dir/c/common/transform.c.o
[28/39] Building C object CMakeFiles/brotlicommon.dir/c/common/shared_dictionary.c.o
[29/39] Building C object CMakeFiles/brotlicommon.dir/c/common/platform.c.o
[30/39] Building C object CMakeFiles/brotlicommon.dir/c/common/dictionary.c.o
[31/39] Building C object CMakeFiles/brotlicommon.dir/c/common/context.c.o
[32/39] Building C object CMakeFiles/brotlicommon.dir/c/common/constants.c.o
[33/39] Linking C shared library libbrotlicommon.so.1.1.0
[34/39] Creating library symlink libbrotlicommon.so.1 libbrotlicommon.so
[35/39] Linking C shared library libbrotlidec.so.1.1.0
[36/39] Linking C shared library libbrotlienc.so.1.1.0
[37/39] Creating library symlink libbrotlidec.so.1 libbrotlidec.so
[38/39] Creating library symlink libbrotlienc.so.1 libbrotlienc.so
[39/39] Linking C executable brotli
2025-05-31 10:56:15,094 gpep517 INFO Building wheel via backend setuptools.build_meta:__legacy__
/usr/lib/python3.12/site-packages/setuptools/_distutils/dist.py:289: UserWarning: Unknown distribution option: 'test_suite'
  warnings.warn(msg)
/usr/lib/python3.12/site-packages/setuptools/dist.py:759: SetuptoolsDeprecationWarning: License classifiers are deprecated.
!!

        ********************************************************************************
        Please consider removing the following classifiers in favor of a SPDX license expression:

        License :: OSI Approved :: MIT License

        See https://packaging.python.org/en/latest/guides/writing-pyproject-toml/#license for details.
        ********************************************************************************

!!
  self._finalize_license_expression()
2025-05-31 10:56:15,110 root INFO running bdist_wheel
2025-05-31 10:56:15,116 root INFO running build
2025-05-31 10:56:15,116 root INFO running build_py
2025-05-31 10:56:15,117 root INFO creating bin/lib.linux-x86_64-cpython-312
2025-05-31 10:56:15,118 root INFO copying python/brotli.py -> bin/lib.linux-x86_64-cpython-312
2025-05-31 10:56:15,118 root INFO running build_ext
<string>:70: DeprecationWarning: dep_util is Deprecated. Use functions from setuptools instead.
2025-05-31 10:56:15,119 root INFO building '_brotli' extension
2025-05-31 10:56:15,120 root INFO creating bin/temp.linux-x86_64-cpython-312/python
2025-05-31 10:56:15,120 root INFO creating bin/temp.linux-x86_64-cpython-312/c/common
2025-05-31 10:56:15,120 root INFO creating bin/temp.linux-x86_64-cpython-312/c/dec
2025-05-31 10:56:15,120 root INFO creating bin/temp.linux-x86_64-cpython-312/c/enc
2025-05-31 10:56:15,120 root INFO cc -Os -fstack-clash-protection -Wformat -Werror=format-security -fno-plt -flto=auto -O2 -fPIC -Ic/include -I/usr/include/python3.12 -c python/_brotli.c -o bin/temp.linux-x86_64-cpython-312/python/_brotli.o
2025-05-31 10:56:15,209 root INFO cc -Os -fstack-clash-protection -Wformat -Werror=format-security -fno-plt -flto=auto -O2 -fPIC -Ic/include -I/usr/include/python3.12 -c c/common/constants.c -o bin/temp.linux-x86_64-cpython-312/c/common/constants.o
2025-05-31 10:56:15,221 root INFO cc -Os -fstack-clash-protection -Wformat -Werror=format-security -fno-plt -flto=auto -O2 -fPIC -Ic/include -I/usr/include/python3.12 -c c/common/context.c -o bin/temp.linux-x86_64-cpython-312/c/common/context.o
2025-05-31 10:56:15,234 root INFO cc -Os -fstack-clash-protection -Wformat -Werror=format-security -fno-plt -flto=auto -O2 -fPIC -Ic/include -I/usr/include/python3.12 -c c/common/dictionary.c -o bin/temp.linux-x86_64-cpython-312/c/common/dictionary.o
2025-05-31 10:56:15,323 root INFO cc -Os -fstack-clash-protection -Wformat -Werror=format-security -fno-plt -flto=auto -O2 -fPIC -Ic/include -I/usr/include/python3.12 -c c/common/platform.c -o bin/temp.linux-x86_64-cpython-312/c/common/platform.o
2025-05-31 10:56:15,336 root INFO cc -Os -fstack-clash-protection -Wformat -Werror=format-security -fno-plt -flto=auto -O2 -fPIC -Ic/include -I/usr/include/python3.12 -c c/common/shared_dictionary.c -o bin/temp.linux-x86_64-cpython-312/c/common/shared_dictionary.o
2025-05-31 10:56:15,354 root INFO cc -Os -fstack-clash-protection -Wformat -Werror=format-security -fno-plt -flto=auto -O2 -fPIC -Ic/include -I/usr/include/python3.12 -c c/common/transform.c -o bin/temp.linux-x86_64-cpython-312/c/common/transform.o
2025-05-31 10:56:15,372 root INFO cc -Os -fstack-clash-protection -Wformat -Werror=format-security -fno-plt -flto=auto -O2 -fPIC -Ic/include -I/usr/include/python3.12 -c c/dec/bit_reader.c -o bin/temp.linux-x86_64-cpython-312/c/dec/bit_reader.o
2025-05-31 10:56:15,392 root INFO cc -Os -fstack-clash-protection -Wformat -Werror=format-security -fno-plt -flto=auto -O2 -fPIC -Ic/include -I/usr/include/python3.12 -c c/dec/decode.c -o bin/temp.linux-x86_64-cpython-312/c/dec/decode.o
2025-05-31 10:56:15,661 root INFO cc -Os -fstack-clash-protection -Wformat -Werror=format-security -fno-plt -flto=auto -O2 -fPIC -Ic/include -I/usr/include/python3.12 -c c/dec/huffman.c -o bin/temp.linux-x86_64-cpython-312/c/dec/huffman.o
2025-05-31 10:56:15,688 root INFO cc -Os -fstack-clash-protection -Wformat -Werror=format-security -fno-plt -flto=auto -O2 -fPIC -Ic/include -I/usr/include/python3.12 -c c/dec/state.c -o bin/temp.linux-x86_64-cpython-312/c/dec/state.o
2025-05-31 10:56:15,709 root INFO cc -Os -fstack-clash-protection -Wformat -Werror=format-security -fno-plt -flto=auto -O2 -fPIC -Ic/include -I/usr/include/python3.12 -c c/enc/backward_references.c -o bin/temp.linux-x86_64-cpython-312/c/enc/backward_references.o
2025-05-31 10:56:16,594 root INFO cc -Os -fstack-clash-protection -Wformat -Werror=format-security -fno-plt -flto=auto -O2 -fPIC -Ic/include -I/usr/include/python3.12 -c c/enc/backward_references_hq.c -o bin/temp.linux-x86_64-cpython-312/c/enc/backward_references_hq.o
2025-05-31 10:56:16,825 root INFO cc -Os -fstack-clash-protection -Wformat -Werror=format-security -fno-plt -flto=auto -O2 -fPIC -Ic/include -I/usr/include/python3.12 -c c/enc/bit_cost.c -o bin/temp.linux-x86_64-cpython-312/c/enc/bit_cost.o
2025-05-31 10:56:16,929 root INFO cc -Os -fstack-clash-protection -Wformat -Werror=format-security -fno-plt -flto=auto -O2 -fPIC -Ic/include -I/usr/include/python3.12 -c c/enc/block_splitter.c -o bin/temp.linux-x86_64-cpython-312/c/enc/block_splitter.o
2025-05-31 10:56:17,119 root INFO cc -Os -fstack-clash-protection -Wformat -Werror=format-security -fno-plt -flto=auto -O2 -fPIC -Ic/include -I/usr/include/python3.12 -c c/enc/brotli_bit_stream.c -o bin/temp.linux-x86_64-cpython-312/c/enc/brotli_bit_stream.o
2025-05-31 10:56:17,319 root INFO cc -Os -fstack-clash-protection -Wformat -Werror=format-security -fno-plt -flto=auto -O2 -fPIC -Ic/include -I/usr/include/python3.12 -c c/enc/cluster.c -o bin/temp.linux-x86_64-cpython-312/c/enc/cluster.o
2025-05-31 10:56:17,469 root INFO cc -Os -fstack-clash-protection -Wformat -Werror=format-security -fno-plt -flto=auto -O2 -fPIC -Ic/include -I/usr/include/python3.12 -c c/enc/command.c -o bin/temp.linux-x86_64-cpython-312/c/enc/command.o
2025-05-31 10:56:17,554 root INFO cc -Os -fstack-clash-protection -Wformat -Werror=format-security -fno-plt -flto=auto -O2 -fPIC -Ic/include -I/usr/include/python3.12 -c c/enc/compound_dictionary.c -o bin/temp.linux-x86_64-cpython-312/c/enc/compound_dictionary.o
2025-05-31 10:56:17,648 root INFO cc -Os -fstack-clash-protection -Wformat -Werror=format-security -fno-plt -flto=auto -O2 -fPIC -Ic/include -I/usr/include/python3.12 -c c/enc/compress_fragment.c -o bin/temp.linux-x86_64-cpython-312/c/enc/compress_fragment.o
2025-05-31 10:56:17,947 root INFO cc -Os -fstack-clash-protection -Wformat -Werror=format-security -fno-plt -flto=auto -O2 -fPIC -Ic/include -I/usr/include/python3.12 -c c/enc/compress_fragment_two_pass.c -o bin/temp.linux-x86_64-cpython-312/c/enc/compress_fragment_two_pass.o
2025-05-31 10:56:18,255 root INFO cc -Os -fstack-clash-protection -Wformat -Werror=format-security -fno-plt -flto=auto -O2 -fPIC -Ic/include -I/usr/include/python3.12 -c c/enc/dictionary_hash.c -o bin/temp.linux-x86_64-cpython-312/c/enc/dictionary_hash.o
2025-05-31 10:56:18,338 root INFO cc -Os -fstack-clash-protection -Wformat -Werror=format-security -fno-plt -flto=auto -O2 -fPIC -Ic/include -I/usr/include/python3.12 -c c/enc/encode.c -o bin/temp.linux-x86_64-cpython-312/c/enc/encode.o
2025-05-31 10:56:18,658 root INFO cc -Os -fstack-clash-protection -Wformat -Werror=format-security -fno-plt -flto=auto -O2 -fPIC -Ic/include -I/usr/include/python3.12 -c c/enc/encoder_dict.c -o bin/temp.linux-x86_64-cpython-312/c/enc/encoder_dict.o
2025-05-31 10:56:18,878 root INFO cc -Os -fstack-clash-protection -Wformat -Werror=format-security -fno-plt -flto=auto -O2 -fPIC -Ic/include -I/usr/include/python3.12 -c c/enc/entropy_encode.c -o bin/temp.linux-x86_64-cpython-312/c/enc/entropy_encode.o
2025-05-31 10:56:18,915 root INFO cc -Os -fstack-clash-protection -Wformat -Werror=format-security -fno-plt -flto=auto -O2 -fPIC -Ic/include -I/usr/include/python3.12 -c c/enc/fast_log.c -o bin/temp.linux-x86_64-cpython-312/c/enc/fast_log.o
2025-05-31 10:56:18,930 root INFO cc -Os -fstack-clash-protection -Wformat -Werror=format-security -fno-plt -flto=auto -O2 -fPIC -Ic/include -I/usr/include/python3.12 -c c/enc/histogram.c -o bin/temp.linux-x86_64-cpython-312/c/enc/histogram.o
2025-05-31 10:56:19,023 root INFO cc -Os -fstack-clash-protection -Wformat -Werror=format-security -fno-plt -flto=auto -O2 -fPIC -Ic/include -I/usr/include/python3.12 -c c/enc/literal_cost.c -o bin/temp.linux-x86_64-cpython-312/c/enc/literal_cost.o
2025-05-31 10:56:19,045 root INFO cc -Os -fstack-clash-protection -Wformat -Werror=format-security -fno-plt -flto=auto -O2 -fPIC -Ic/include -I/usr/include/python3.12 -c c/enc/memory.c -o bin/temp.linux-x86_64-cpython-312/c/enc/memory.o
2025-05-31 10:56:19,062 root INFO cc -Os -fstack-clash-protection -Wformat -Werror=format-security -fno-plt -flto=auto -O2 -fPIC -Ic/include -I/usr/include/python3.12 -c c/enc/metablock.c -o bin/temp.linux-x86_64-cpython-312/c/enc/metablock.o
2025-05-31 10:56:19,229 root INFO cc -Os -fstack-clash-protection -Wformat -Werror=format-security -fno-plt -flto=auto -O2 -fPIC -Ic/include -I/usr/include/python3.12 -c c/enc/static_dict.c -o bin/temp.linux-x86_64-cpython-312/c/enc/static_dict.o
2025-05-31 10:56:19,368 root INFO cc -Os -fstack-clash-protection -Wformat -Werror=format-security -fno-plt -flto=auto -O2 -fPIC -Ic/include -I/usr/include/python3.12 -c c/enc/utf8_util.c -o bin/temp.linux-x86_64-cpython-312/c/enc/utf8_util.o
2025-05-31 10:56:19,383 root INFO cc -shared -Wl,--as-needed,-O1,--sort-common -Wl,-z,pack-relative-relocs -Os -fstack-clash-protection -Wformat -Werror=format-security -fno-plt -flto=auto -O2 bin/temp.linux-x86_64-cpython-312/python/_brotli.o bin/temp.linux-x86_64-cpython-312/c/common/constants.o bin/temp.linux-x86_64-cpython-312/c/common/context.o bin/temp.linux-x86_64-cpython-312/c/common/dictionary.o bin/temp.linux-x86_64-cpython-312/c/common/platform.o bin/temp.linux-x86_64-cpython-312/c/common/shared_dictionary.o bin/temp.linux-x86_64-cpython-312/c/common/transform.o bin/temp.linux-x86_64-cpython-312/c/dec/bit_reader.o bin/temp.linux-x86_64-cpython-312/c/dec/decode.o bin/temp.linux-x86_64-cpython-312/c/dec/huffman.o bin/temp.linux-x86_64-cpython-312/c/dec/state.o bin/temp.linux-x86_64-cpython-312/c/enc/backward_references.o bin/temp.linux-x86_64-cpython-312/c/enc/backward_references_hq.o bin/temp.linux-x86_64-cpython-312/c/enc/bit_cost.o bin/temp.linux-x86_64-cpython-312/c/enc/block_splitter.o bin/temp.linux-x86_64-cpython-312/c/enc/brotli_bit_stream.o bin/temp.linux-x86_64-cpython-312/c/enc/cluster.o bin/temp.linux-x86_64-cpython-312/c/enc/command.o bin/temp.linux-x86_64-cpython-312/c/enc/compound_dictionary.o bin/temp.linux-x86_64-cpython-312/c/enc/compress_fragment.o bin/temp.linux-x86_64-cpython-312/c/enc/compress_fragment_two_pass.o bin/temp.linux-x86_64-cpython-312/c/enc/dictionary_hash.o bin/temp.linux-x86_64-cpython-312/c/enc/encode.o bin/temp.linux-x86_64-cpython-312/c/enc/encoder_dict.o bin/temp.linux-x86_64-cpython-312/c/enc/entropy_encode.o bin/temp.linux-x86_64-cpython-312/c/enc/fast_log.o bin/temp.linux-x86_64-cpython-312/c/enc/histogram.o bin/temp.linux-x86_64-cpython-312/c/enc/literal_cost.o bin/temp.linux-x86_64-cpython-312/c/enc/memory.o bin/temp.linux-x86_64-cpython-312/c/enc/metablock.o bin/temp.linux-x86_64-cpython-312/c/enc/static_dict.o bin/temp.linux-x86_64-cpython-312/c/enc/utf8_util.o -L/usr/lib -o bin/lib.linux-x86_64-cpython-312/_brotli.cpython-312-x86_64-linux-musl.so
2025-05-31 10:56:21,825 root INFO installing to bin/bdist.linux-x86_64/wheel
2025-05-31 10:56:21,825 root INFO running install
2025-05-31 10:56:21,830 root INFO running install_lib
2025-05-31 10:56:21,832 root INFO creating bin/bdist.linux-x86_64/wheel
2025-05-31 10:56:21,832 root INFO copying bin/lib.linux-x86_64-cpython-312/_brotli.cpython-312-x86_64-linux-musl.so -> bin/bdist.linux-x86_64/wheel/.
2025-05-31 10:56:21,832 root INFO copying bin/lib.linux-x86_64-cpython-312/brotli.py -> bin/bdist.linux-x86_64/wheel/.
2025-05-31 10:56:21,833 root INFO running install_egg_info
2025-05-31 10:56:21,834 root INFO running egg_info
2025-05-31 10:56:21,835 root INFO creating python/Brotli.egg-info
2025-05-31 10:56:21,835 root INFO writing python/Brotli.egg-info/PKG-INFO
2025-05-31 10:56:21,836 root INFO writing dependency_links to python/Brotli.egg-info/dependency_links.txt
2025-05-31 10:56:21,836 root INFO writing top-level names to python/Brotli.egg-info/top_level.txt
2025-05-31 10:56:21,836 root INFO writing manifest file 'python/Brotli.egg-info/SOURCES.txt'
2025-05-31 10:56:21,837 root INFO reading manifest file 'python/Brotli.egg-info/SOURCES.txt'
2025-05-31 10:56:21,838 root INFO reading manifest template 'MANIFEST.in'
2025-05-31 10:56:21,839 root WARNING warning: no files found matching 'python/_brotli.cc'
2025-05-31 10:56:21,839 root INFO adding license file 'LICENSE'
2025-05-31 10:56:21,840 root INFO writing manifest file 'python/Brotli.egg-info/SOURCES.txt'
2025-05-31 10:56:21,840 root INFO Copying python/Brotli.egg-info to bin/bdist.linux-x86_64/wheel/./Brotli-1.1.0-py3.12.egg-info
2025-05-31 10:56:21,841 root INFO running install_scripts
2025-05-31 10:56:21,843 root INFO creating bin/bdist.linux-x86_64/wheel/brotli-1.1.0.dist-info/WHEEL
2025-05-31 10:56:21,844 wheel INFO creating '/tmp/src/brotli-1.1.0/.dist/.tmp-bkyr034m/brotli-1.1.0-cp312-cp312-linux_x86_64.whl' and adding 'bin/bdist.linux-x86_64/wheel' to it
2025-05-31 10:56:21,845 wheel INFO adding '_brotli.cpython-312-x86_64-linux-musl.so'
2025-05-31 10:56:21,847 wheel INFO adding 'brotli.py'
2025-05-31 10:56:21,847 wheel INFO adding 'brotli-1.1.0.dist-info/licenses/LICENSE'
2025-05-31 10:56:21,847 wheel INFO adding 'brotli-1.1.0.dist-info/METADATA'
2025-05-31 10:56:21,847 wheel INFO adding 'brotli-1.1.0.dist-info/WHEEL'
2025-05-31 10:56:21,847 wheel INFO adding 'brotli-1.1.0.dist-info/top_level.txt'
2025-05-31 10:56:21,847 wheel INFO adding 'brotli-1.1.0.dist-info/RECORD'
2025-05-31 10:56:21,847 root INFO removing bin/bdist.linux-x86_64/wheel
2025-05-31 10:56:21,848 gpep517 INFO The backend produced .dist/brotli-1.1.0-cp312-cp312-linux_x86_64.whl
brotli-1.1.0-cp312-cp312-linux_x86_64.whl
Test project /tmp/src/brotli-1.1.0/build
      Start  1: roundtrip/c/enc/encode.c/1
      Start  2: roundtrip/c/enc/encode.c/6
      Start  3: roundtrip/c/enc/encode.c/9
      Start  4: roundtrip/c/enc/encode.c/11
      Start  5: roundtrip/c/common/dictionary.h/1
      Start  6: roundtrip/c/common/dictionary.h/6
      Start  7: roundtrip/c/common/dictionary.h/9
      Start  8: roundtrip/c/common/dictionary.h/11
      Start  9: roundtrip/c/dec/decode.c/1
      Start 10: roundtrip/c/dec/decode.c/6
      Start 11: roundtrip/c/dec/decode.c/9
      Start 12: roundtrip/c/dec/decode.c/11
      Start 13: compatibility/tests/testdata/empty.compressed
      Start 14: compatibility/tests/testdata/ukkonooa.compressed
 1/14 Test  #5: roundtrip/c/common/dictionary.h/1 ..................   Passed    0.01 sec
 2/14 Test  #1: roundtrip/c/enc/encode.c/1 .........................   Passed    0.01 sec
 3/14 Test  #7: roundtrip/c/common/dictionary.h/9 ..................   Passed    0.01 sec
 4/14 Test  #6: roundtrip/c/common/dictionary.h/6 ..................   Passed    0.01 sec
 5/14 Test #13: compatibility/tests/testdata/empty.compressed ......   Passed    0.01 sec
 6/14 Test  #2: roundtrip/c/enc/encode.c/6 .........................   Passed    0.01 sec
 7/14 Test  #9: roundtrip/c/dec/decode.c/1 .........................   Passed    0.01 sec
 8/14 Test #14: compatibility/tests/testdata/ukkonooa.compressed ...   Passed    0.01 sec
 9/14 Test  #8: roundtrip/c/common/dictionary.h/11 .................   Passed    0.01 sec
10/14 Test #10: roundtrip/c/dec/decode.c/6 .........................   Passed    0.01 sec
11/14 Test  #3: roundtrip/c/enc/encode.c/9 .........................   Passed    0.02 sec
12/14 Test #11: roundtrip/c/dec/decode.c/9 .........................   Passed    0.02 sec
13/14 Test  #4: roundtrip/c/enc/encode.c/11 ........................   Passed    0.08 sec
14/14 Test #12: roundtrip/c/dec/decode.c/11 ........................   Passed    0.11 sec

100% tests passed, 0 tests failed out of 14

Total Test time (real) =   0.11 sec
test__test_compress_file_quality_11_lgwin_10_empty (tests.bro_test.TestBroCompress.test__test_compress_file_quality_11_lgwin_10_empty) ... ok
test__test_compress_file_quality_11_lgwin_10_ukkonooa (tests.bro_test.TestBroCompress.test__test_compress_file_quality_11_lgwin_10_ukkonooa) ... ok
test__test_compress_file_quality_11_lgwin_15_empty (tests.bro_test.TestBroCompress.test__test_compress_file_quality_11_lgwin_15_empty) ... ok
test__test_compress_file_quality_11_lgwin_15_ukkonooa (tests.bro_test.TestBroCompress.test__test_compress_file_quality_11_lgwin_15_ukkonooa) ... ok
test__test_compress_file_quality_11_lgwin_20_empty (tests.bro_test.TestBroCompress.test__test_compress_file_quality_11_lgwin_20_empty) ... ok
test__test_compress_file_quality_11_lgwin_20_ukkonooa (tests.bro_test.TestBroCompress.test__test_compress_file_quality_11_lgwin_20_ukkonooa) ... ok
test__test_compress_file_quality_11_lgwin_24_empty (tests.bro_test.TestBroCompress.test__test_compress_file_quality_11_lgwin_24_empty) ... ok
test__test_compress_file_quality_11_lgwin_24_ukkonooa (tests.bro_test.TestBroCompress.test__test_compress_file_quality_11_lgwin_24_ukkonooa) ... ok
test__test_compress_file_quality_1_lgwin_10_empty (tests.bro_test.TestBroCompress.test__test_compress_file_quality_1_lgwin_10_empty) ... ok
test__test_compress_file_quality_1_lgwin_10_ukkonooa (tests.bro_test.TestBroCompress.test__test_compress_file_quality_1_lgwin_10_ukkonooa) ... ok
test__test_compress_file_quality_1_lgwin_15_empty (tests.bro_test.TestBroCompress.test__test_compress_file_quality_1_lgwin_15_empty) ... ok
test__test_compress_file_quality_1_lgwin_15_ukkonooa (tests.bro_test.TestBroCompress.test__test_compress_file_quality_1_lgwin_15_ukkonooa) ... ok
test__test_compress_file_quality_1_lgwin_20_empty (tests.bro_test.TestBroCompress.test__test_compress_file_quality_1_lgwin_20_empty) ... ok
test__test_compress_file_quality_1_lgwin_20_ukkonooa (tests.bro_test.TestBroCompress.test__test_compress_file_quality_1_lgwin_20_ukkonooa) ... ok
test__test_compress_file_quality_1_lgwin_24_empty (tests.bro_test.TestBroCompress.test__test_compress_file_quality_1_lgwin_24_empty) ... ok
test__test_compress_file_quality_1_lgwin_24_ukkonooa (tests.bro_test.TestBroCompress.test__test_compress_file_quality_1_lgwin_24_ukkonooa) ... ok
test__test_compress_file_quality_6_lgwin_10_empty (tests.bro_test.TestBroCompress.test__test_compress_file_quality_6_lgwin_10_empty) ... ok
test__test_compress_file_quality_6_lgwin_10_ukkonooa (tests.bro_test.TestBroCompress.test__test_compress_file_quality_6_lgwin_10_ukkonooa) ... ok
test__test_compress_file_quality_6_lgwin_15_empty (tests.bro_test.TestBroCompress.test__test_compress_file_quality_6_lgwin_15_empty) ... ok
test__test_compress_file_quality_6_lgwin_15_ukkonooa (tests.bro_test.TestBroCompress.test__test_compress_file_quality_6_lgwin_15_ukkonooa) ... ok
test__test_compress_file_quality_6_lgwin_20_empty (tests.bro_test.TestBroCompress.test__test_compress_file_quality_6_lgwin_20_empty) ... ok
test__test_compress_file_quality_6_lgwin_20_ukkonooa (tests.bro_test.TestBroCompress.test__test_compress_file_quality_6_lgwin_20_ukkonooa) ... ok
test__test_compress_file_quality_6_lgwin_24_empty (tests.bro_test.TestBroCompress.test__test_compress_file_quality_6_lgwin_24_empty) ... ok
test__test_compress_file_quality_6_lgwin_24_ukkonooa (tests.bro_test.TestBroCompress.test__test_compress_file_quality_6_lgwin_24_ukkonooa) ... ok
test__test_compress_file_quality_9_lgwin_10_empty (tests.bro_test.TestBroCompress.test__test_compress_file_quality_9_lgwin_10_empty) ... ok
test__test_compress_file_quality_9_lgwin_10_ukkonooa (tests.bro_test.TestBroCompress.test__test_compress_file_quality_9_lgwin_10_ukkonooa) ... ok
test__test_compress_file_quality_9_lgwin_15_empty (tests.bro_test.TestBroCompress.test__test_compress_file_quality_9_lgwin_15_empty) ... ok
test__test_compress_file_quality_9_lgwin_15_ukkonooa (tests.bro_test.TestBroCompress.test__test_compress_file_quality_9_lgwin_15_ukkonooa) ... ok
test__test_compress_file_quality_9_lgwin_20_empty (tests.bro_test.TestBroCompress.test__test_compress_file_quality_9_lgwin_20_empty) ... ok
test__test_compress_file_quality_9_lgwin_20_ukkonooa (tests.bro_test.TestBroCompress.test__test_compress_file_quality_9_lgwin_20_ukkonooa) ... ok
test__test_compress_file_quality_9_lgwin_24_empty (tests.bro_test.TestBroCompress.test__test_compress_file_quality_9_lgwin_24_empty) ... ok
test__test_compress_file_quality_9_lgwin_24_ukkonooa (tests.bro_test.TestBroCompress.test__test_compress_file_quality_9_lgwin_24_ukkonooa) ... ok
test__test_compress_pipe_quality_11_lgwin_10_empty (tests.bro_test.TestBroCompress.test__test_compress_pipe_quality_11_lgwin_10_empty) ... ok
test__test_compress_pipe_quality_11_lgwin_10_ukkonooa (tests.bro_test.TestBroCompress.test__test_compress_pipe_quality_11_lgwin_10_ukkonooa) ... ok
test__test_compress_pipe_quality_11_lgwin_15_empty (tests.bro_test.TestBroCompress.test__test_compress_pipe_quality_11_lgwin_15_empty) ... ok
test__test_compress_pipe_quality_11_lgwin_15_ukkonooa (tests.bro_test.TestBroCompress.test__test_compress_pipe_quality_11_lgwin_15_ukkonooa) ... ok
test__test_compress_pipe_quality_11_lgwin_20_empty (tests.bro_test.TestBroCompress.test__test_compress_pipe_quality_11_lgwin_20_empty) ... ok
test__test_compress_pipe_quality_11_lgwin_20_ukkonooa (tests.bro_test.TestBroCompress.test__test_compress_pipe_quality_11_lgwin_20_ukkonooa) ... ok
test__test_compress_pipe_quality_11_lgwin_24_empty (tests.bro_test.TestBroCompress.test__test_compress_pipe_quality_11_lgwin_24_empty) ... ok
test__test_compress_pipe_quality_11_lgwin_24_ukkonooa (tests.bro_test.TestBroCompress.test__test_compress_pipe_quality_11_lgwin_24_ukkonooa) ... ok
test__test_compress_pipe_quality_1_lgwin_10_empty (tests.bro_test.TestBroCompress.test__test_compress_pipe_quality_1_lgwin_10_empty) ... ok
test__test_compress_pipe_quality_1_lgwin_10_ukkonooa (tests.bro_test.TestBroCompress.test__test_compress_pipe_quality_1_lgwin_10_ukkonooa) ... ok
test__test_compress_pipe_quality_1_lgwin_15_empty (tests.bro_test.TestBroCompress.test__test_compress_pipe_quality_1_lgwin_15_empty) ... ok
test__test_compress_pipe_quality_1_lgwin_15_ukkonooa (tests.bro_test.TestBroCompress.test__test_compress_pipe_quality_1_lgwin_15_ukkonooa) ... ok
test__test_compress_pipe_quality_1_lgwin_20_empty (tests.bro_test.TestBroCompress.test__test_compress_pipe_quality_1_lgwin_20_empty) ... ok
test__test_compress_pipe_quality_1_lgwin_20_ukkonooa (tests.bro_test.TestBroCompress.test__test_compress_pipe_quality_1_lgwin_20_ukkonooa) ... ok
test__test_compress_pipe_quality_1_lgwin_24_empty (tests.bro_test.TestBroCompress.test__test_compress_pipe_quality_1_lgwin_24_empty) ... ok
test__test_compress_pipe_quality_1_lgwin_24_ukkonooa (tests.bro_test.TestBroCompress.test__test_compress_pipe_quality_1_lgwin_24_ukkonooa) ... ok
test__test_compress_pipe_quality_6_lgwin_10_empty (tests.bro_test.TestBroCompress.test__test_compress_pipe_quality_6_lgwin_10_empty) ... ok
test__test_compress_pipe_quality_6_lgwin_10_ukkonooa (tests.bro_test.TestBroCompress.test__test_compress_pipe_quality_6_lgwin_10_ukkonooa) ... ok
test__test_compress_pipe_quality_6_lgwin_15_empty (tests.bro_test.TestBroCompress.test__test_compress_pipe_quality_6_lgwin_15_empty) ... ok
test__test_compress_pipe_quality_6_lgwin_15_ukkonooa (tests.bro_test.TestBroCompress.test__test_compress_pipe_quality_6_lgwin_15_ukkonooa) ... ok
test__test_compress_pipe_quality_6_lgwin_20_empty (tests.bro_test.TestBroCompress.test__test_compress_pipe_quality_6_lgwin_20_empty) ... ok
test__test_compress_pipe_quality_6_lgwin_20_ukkonooa (tests.bro_test.TestBroCompress.test__test_compress_pipe_quality_6_lgwin_20_ukkonooa) ... ok
test__test_compress_pipe_quality_6_lgwin_24_empty (tests.bro_test.TestBroCompress.test__test_compress_pipe_quality_6_lgwin_24_empty) ... ok
test__test_compress_pipe_quality_6_lgwin_24_ukkonooa (tests.bro_test.TestBroCompress.test__test_compress_pipe_quality_6_lgwin_24_ukkonooa) ... ok
test__test_compress_pipe_quality_9_lgwin_10_empty (tests.bro_test.TestBroCompress.test__test_compress_pipe_quality_9_lgwin_10_empty) ... ok
test__test_compress_pipe_quality_9_lgwin_10_ukkonooa (tests.bro_test.TestBroCompress.test__test_compress_pipe_quality_9_lgwin_10_ukkonooa) ... ok
test__test_compress_pipe_quality_9_lgwin_15_empty (tests.bro_test.TestBroCompress.test__test_compress_pipe_quality_9_lgwin_15_empty) ... ok
test__test_compress_pipe_quality_9_lgwin_15_ukkonooa (tests.bro_test.TestBroCompress.test__test_compress_pipe_quality_9_lgwin_15_ukkonooa) ... ok
test__test_compress_pipe_quality_9_lgwin_20_empty (tests.bro_test.TestBroCompress.test__test_compress_pipe_quality_9_lgwin_20_empty) ... ok
test__test_compress_pipe_quality_9_lgwin_20_ukkonooa (tests.bro_test.TestBroCompress.test__test_compress_pipe_quality_9_lgwin_20_ukkonooa) ... ok
test__test_compress_pipe_quality_9_lgwin_24_empty (tests.bro_test.TestBroCompress.test__test_compress_pipe_quality_9_lgwin_24_empty) ... ok
test__test_compress_pipe_quality_9_lgwin_24_ukkonooa (tests.bro_test.TestBroCompress.test__test_compress_pipe_quality_9_lgwin_24_ukkonooa) ... ok
test__test_decompress_file__empty (tests.bro_test.TestBroDecompress.test__test_decompress_file__empty) ... ok
test__test_decompress_file__ukkonooa (tests.bro_test.TestBroDecompress.test__test_decompress_file__ukkonooa) ... ok
test__test_decompress_pipe__empty (tests.bro_test.TestBroDecompress.test__test_decompress_pipe__empty) ... ok
test__test_decompress_pipe__ukkonooa (tests.bro_test.TestBroDecompress.test__test_decompress_pipe__ukkonooa) ... ok
test__test_compress_quality_11_lgwin_10_empty (tests.compress_test.TestCompress.test__test_compress_quality_11_lgwin_10_empty) ... ok
test__test_compress_quality_11_lgwin_10_ukkonooa (tests.compress_test.TestCompress.test__test_compress_quality_11_lgwin_10_ukkonooa) ... ok
test__test_compress_quality_11_lgwin_15_empty (tests.compress_test.TestCompress.test__test_compress_quality_11_lgwin_15_empty) ... ok
test__test_compress_quality_11_lgwin_15_ukkonooa (tests.compress_test.TestCompress.test__test_compress_quality_11_lgwin_15_ukkonooa) ... ok
test__test_compress_quality_11_lgwin_20_empty (tests.compress_test.TestCompress.test__test_compress_quality_11_lgwin_20_empty) ... ok
test__test_compress_quality_11_lgwin_20_ukkonooa (tests.compress_test.TestCompress.test__test_compress_quality_11_lgwin_20_ukkonooa) ... ok
test__test_compress_quality_11_lgwin_24_empty (tests.compress_test.TestCompress.test__test_compress_quality_11_lgwin_24_empty) ... ok
test__test_compress_quality_11_lgwin_24_ukkonooa (tests.compress_test.TestCompress.test__test_compress_quality_11_lgwin_24_ukkonooa) ... ok
test__test_compress_quality_1_lgwin_10_empty (tests.compress_test.TestCompress.test__test_compress_quality_1_lgwin_10_empty) ... ok
test__test_compress_quality_1_lgwin_10_ukkonooa (tests.compress_test.TestCompress.test__test_compress_quality_1_lgwin_10_ukkonooa) ... ok
test__test_compress_quality_1_lgwin_15_empty (tests.compress_test.TestCompress.test__test_compress_quality_1_lgwin_15_empty) ... ok
test__test_compress_quality_1_lgwin_15_ukkonooa (tests.compress_test.TestCompress.test__test_compress_quality_1_lgwin_15_ukkonooa) ... ok
test__test_compress_quality_1_lgwin_20_empty (tests.compress_test.TestCompress.test__test_compress_quality_1_lgwin_20_empty) ... ok
test__test_compress_quality_1_lgwin_20_ukkonooa (tests.compress_test.TestCompress.test__test_compress_quality_1_lgwin_20_ukkonooa) ... ok
test__test_compress_quality_1_lgwin_24_empty (tests.compress_test.TestCompress.test__test_compress_quality_1_lgwin_24_empty) ... ok
test__test_compress_quality_1_lgwin_24_ukkonooa (tests.compress_test.TestCompress.test__test_compress_quality_1_lgwin_24_ukkonooa) ... ok
test__test_compress_quality_6_lgwin_10_empty (tests.compress_test.TestCompress.test__test_compress_quality_6_lgwin_10_empty) ... ok
test__test_compress_quality_6_lgwin_10_ukkonooa (tests.compress_test.TestCompress.test__test_compress_quality_6_lgwin_10_ukkonooa) ... ok
test__test_compress_quality_6_lgwin_15_empty (tests.compress_test.TestCompress.test__test_compress_quality_6_lgwin_15_empty) ... ok
test__test_compress_quality_6_lgwin_15_ukkonooa (tests.compress_test.TestCompress.test__test_compress_quality_6_lgwin_15_ukkonooa) ... ok
test__test_compress_quality_6_lgwin_20_empty (tests.compress_test.TestCompress.test__test_compress_quality_6_lgwin_20_empty) ... ok
test__test_compress_quality_6_lgwin_20_ukkonooa (tests.compress_test.TestCompress.test__test_compress_quality_6_lgwin_20_ukkonooa) ... ok
test__test_compress_quality_6_lgwin_24_empty (tests.compress_test.TestCompress.test__test_compress_quality_6_lgwin_24_empty) ... ok
test__test_compress_quality_6_lgwin_24_ukkonooa (tests.compress_test.TestCompress.test__test_compress_quality_6_lgwin_24_ukkonooa) ... ok
test__test_compress_quality_9_lgwin_10_empty (tests.compress_test.TestCompress.test__test_compress_quality_9_lgwin_10_empty) ... ok
test__test_compress_quality_9_lgwin_10_ukkonooa (tests.compress_test.TestCompress.test__test_compress_quality_9_lgwin_10_ukkonooa) ... ok
test__test_compress_quality_9_lgwin_15_empty (tests.compress_test.TestCompress.test__test_compress_quality_9_lgwin_15_empty) ... ok
test__test_compress_quality_9_lgwin_15_ukkonooa (tests.compress_test.TestCompress.test__test_compress_quality_9_lgwin_15_ukkonooa) ... ok
test__test_compress_quality_9_lgwin_20_empty (tests.compress_test.TestCompress.test__test_compress_quality_9_lgwin_20_empty) ... ok
test__test_compress_quality_9_lgwin_20_ukkonooa (tests.compress_test.TestCompress.test__test_compress_quality_9_lgwin_20_ukkonooa) ... ok
test__test_compress_quality_9_lgwin_24_empty (tests.compress_test.TestCompress.test__test_compress_quality_9_lgwin_24_empty) ... ok
test__test_compress_quality_9_lgwin_24_ukkonooa (tests.compress_test.TestCompress.test__test_compress_quality_9_lgwin_24_ukkonooa) ... ok
test__test_multiple_process__empty (tests.compressor_test.TestCompressorQuality1.test__test_multiple_process__empty) ... ok
test__test_multiple_process__ukkonooa (tests.compressor_test.TestCompressorQuality1.test__test_multiple_process__ukkonooa) ... ok
test__test_multiple_process_and_flush__empty (tests.compressor_test.TestCompressorQuality1.test__test_multiple_process_and_flush__empty) ... ok
test__test_multiple_process_and_flush__ukkonooa (tests.compressor_test.TestCompressorQuality1.test__test_multiple_process_and_flush__ukkonooa) ... ok
test__test_single_process__empty (tests.compressor_test.TestCompressorQuality1.test__test_single_process__empty) ... ok
test__test_single_process__ukkonooa (tests.compressor_test.TestCompressorQuality1.test__test_single_process__ukkonooa) ... ok
test__test_multiple_process__empty (tests.compressor_test.TestCompressorQuality11.test__test_multiple_process__empty) ... ok
test__test_multiple_process__ukkonooa (tests.compressor_test.TestCompressorQuality11.test__test_multiple_process__ukkonooa) ... ok
test__test_multiple_process_and_flush__empty (tests.compressor_test.TestCompressorQuality11.test__test_multiple_process_and_flush__empty) ... ok
test__test_multiple_process_and_flush__ukkonooa (tests.compressor_test.TestCompressorQuality11.test__test_multiple_process_and_flush__ukkonooa) ... ok
test__test_single_process__empty (tests.compressor_test.TestCompressorQuality11.test__test_single_process__empty) ... ok
test__test_single_process__ukkonooa (tests.compressor_test.TestCompressorQuality11.test__test_single_process__ukkonooa) ... ok
test__test_multiple_process__empty (tests.compressor_test.TestCompressorQuality6.test__test_multiple_process__empty) ... ok
test__test_multiple_process__ukkonooa (tests.compressor_test.TestCompressorQuality6.test__test_multiple_process__ukkonooa) ... ok
test__test_multiple_process_and_flush__empty (tests.compressor_test.TestCompressorQuality6.test__test_multiple_process_and_flush__empty) ... ok
test__test_multiple_process_and_flush__ukkonooa (tests.compressor_test.TestCompressorQuality6.test__test_multiple_process_and_flush__ukkonooa) ... ok
test__test_single_process__empty (tests.compressor_test.TestCompressorQuality6.test__test_single_process__empty) ... ok
test__test_single_process__ukkonooa (tests.compressor_test.TestCompressorQuality6.test__test_single_process__ukkonooa) ... ok
test__test_multiple_process__empty (tests.compressor_test.TestCompressorQuality9.test__test_multiple_process__empty) ... ok
test__test_multiple_process__ukkonooa (tests.compressor_test.TestCompressorQuality9.test__test_multiple_process__ukkonooa) ... ok
test__test_multiple_process_and_flush__empty (tests.compressor_test.TestCompressorQuality9.test__test_multiple_process_and_flush__empty) ... ok
test__test_multiple_process_and_flush__ukkonooa (tests.compressor_test.TestCompressorQuality9.test__test_multiple_process_and_flush__ukkonooa) ... ok
test__test_single_process__empty (tests.compressor_test.TestCompressorQuality9.test__test_single_process__empty) ... ok
test__test_single_process__ukkonooa (tests.compressor_test.TestCompressorQuality9.test__test_single_process__ukkonooa) ... ok
test__test_decompress__empty (tests.decompress_test.TestDecompress.test__test_decompress__empty) ... ok
test__test_decompress__ukkonooa (tests.decompress_test.TestDecompress.test__test_decompress__ukkonooa) ... ok
test_garbage_appended (tests.decompress_test.TestDecompress.test_garbage_appended) ... ok
test__test_decompress__empty (tests.decompressor_test.TestDecompressor.test__test_decompress__empty) ... ok
test__test_decompress__ukkonooa (tests.decompressor_test.TestDecompressor.test__test_decompress__ukkonooa) ... ok
test_already_finished (tests.decompressor_test.TestDecompressor.test_already_finished) ... ok
test_garbage_appended (tests.decompressor_test.TestDecompressor.test_garbage_appended) ... ok

----------------------------------------------------------------------
Ran 131 tests in 3.215s

OK
>>> brotli: Entering fakeroot...
-- Install configuration: "None"
-- Installing: /tmp/pkg/brotli/usr/bin/brotli
-- Set non-toolchain portion of runtime path of "/tmp/pkg/brotli/usr/bin/brotli" to ""
-- Installing: /tmp/pkg/brotli/usr/lib/libbrotlienc.so.1.1.0
-- Installing: /tmp/pkg/brotli/usr/lib/libbrotlienc.so.1
-- Set non-toolchain portion of runtime path of "/tmp/pkg/brotli/usr/lib/libbrotlienc.so.1.1.0" to ""
-- Installing: /tmp/pkg/brotli/usr/lib/libbrotlienc.so
-- Installing: /tmp/pkg/brotli/usr/lib/libbrotlidec.so.1.1.0
-- Installing: /tmp/pkg/brotli/usr/lib/libbrotlidec.so.1
-- Set non-toolchain portion of runtime path of "/tmp/pkg/brotli/usr/lib/libbrotlidec.so.1.1.0" to ""
-- Installing: /tmp/pkg/brotli/usr/lib/libbrotlidec.so
-- Installing: /tmp/pkg/brotli/usr/lib/libbrotlicommon.so.1.1.0
-- Installing: /tmp/pkg/brotli/usr/lib/libbrotlicommon.so.1
-- Installing: /tmp/pkg/brotli/usr/lib/libbrotlicommon.so
-- Installing: /tmp/pkg/brotli/usr/include/brotli
-- Installing: /tmp/pkg/brotli/usr/include/brotli/decode.h
-- Installing: /tmp/pkg/brotli/usr/include/brotli/shared_dictionary.h
-- Installing: /tmp/pkg/brotli/usr/include/brotli/encode.h
-- Installing: /tmp/pkg/brotli/usr/include/brotli/port.h
-- Installing: /tmp/pkg/brotli/usr/include/brotli/types.h
-- Installing: /tmp/pkg/brotli/usr/lib/pkgconfig/libbrotlicommon.pc
-- Installing: /tmp/pkg/brotli/usr/lib/pkgconfig/libbrotlidec.pc
-- Installing: /tmp/pkg/brotli/usr/lib/pkgconfig/libbrotlienc.pc
>>> brotli-doc*: Running split function doc...
'usr/share/man' -> '/tmp/pkg/brotli-doc/usr/share/man'
>>> brotli-doc*: Preparing subpackage brotli-doc...
>>> brotli-doc*: Running postcheck for brotli-doc
>>> brotli-static*: Running split function static...
'usr/lib/libbrotlidec.a' -> '/tmp/pkg/brotli-static/usr/lib/libbrotlidec.a'
'usr/lib/libbrotlicommon.a' -> '/tmp/pkg/brotli-static/usr/lib/libbrotlicommon.a'
'usr/lib/libbrotlienc.a' -> '/tmp/pkg/brotli-static/usr/lib/libbrotlienc.a'
>>> brotli-static*: Preparing subpackage brotli-static...
>>> brotli-static*: Stripping binaries
>>> brotli-static*: Running postcheck for brotli-static
>>> brotli-dev*: Running split function dev...
'usr/include' -> '/tmp/pkg/brotli-dev/usr/include'
'usr/lib/pkgconfig' -> '/tmp/pkg/brotli-dev/usr/lib/pkgconfig'
'usr/lib/libbrotlicommon.so' -> '/tmp/pkg/brotli-dev/usr/lib/libbrotlicommon.so'
'usr/lib/libbrotlidec.so' -> '/tmp/pkg/brotli-dev/usr/lib/libbrotlidec.so'
'usr/lib/libbrotlienc.so' -> '/tmp/pkg/brotli-dev/usr/lib/libbrotlienc.so'
>>> brotli-dev*: Preparing subpackage brotli-dev...
>>> brotli-dev*: Stripping binaries
>>> brotli-dev*: Running postcheck for brotli-dev
>>> brotli-libs*: Running split function libs...
'usr/lib/libbrotlicommon.so.1' -> '/tmp/pkg/brotli-libs/usr/lib/libbrotlicommon.so.1'
'usr/lib/libbrotlicommon.so.1.1.0' -> '/tmp/pkg/brotli-libs/usr/lib/libbrotlicommon.so.1.1.0'
'usr/lib/libbrotlidec.so.1' -> '/tmp/pkg/brotli-libs/usr/lib/libbrotlidec.so.1'
'usr/lib/libbrotlidec.so.1.1.0' -> '/tmp/pkg/brotli-libs/usr/lib/libbrotlidec.so.1.1.0'
'usr/lib/libbrotlienc.so.1' -> '/tmp/pkg/brotli-libs/usr/lib/libbrotlienc.so.1'
'usr/lib/libbrotlienc.so.1.1.0' -> '/tmp/pkg/brotli-libs/usr/lib/libbrotlienc.so.1.1.0'
>>> brotli-libs*: Preparing subpackage brotli-libs...
>>> brotli-libs*: Stripping binaries
>>> brotli-libs*: Running postcheck for brotli-libs
>>> py3-brotli-pyc*: Running split function pyc...
'usr/lib/python3.12/site-packages/__pycache__' -> '/tmp/pkg/py3-brotli-pyc/usr/lib/python3.12/site-packages/__pycache__'
>>> py3-brotli-pyc*: Preparing subpackage py3-brotli-pyc...
>>> py3-brotli-pyc*: Running postcheck for py3-brotli-pyc
>>> py3-brotli*: Running split function py3...
'usr/lib/python3.12' -> '/tmp/pkg/py3-brotli/usr/lib/python3.12'
>>> py3-brotli*: Preparing subpackage py3-brotli...
>>> py3-brotli*: Stripping binaries
>>> py3-brotli*: Running postcheck for py3-brotli
>>> brotli*: Running postcheck for brotli
>>> brotli*: Preparing package brotli...
>>> brotli*: Stripping binaries
>>> brotli-dev*: Scanning shared objects
>>> brotli-doc*: Scanning shared objects
>>> brotli-libs*: Scanning shared objects
>>> brotli-static*: Scanning shared objects
>>> brotli*: Scanning shared objects
>>> py3-brotli-pyc*: Scanning shared objects
>>> py3-brotli*: Scanning shared objects
>>> brotli-dev*: Tracing dependencies...
	brotli=1.1.0-r2
	brotli-libs=1.1.0-r2
	pkgconfig
>>> brotli-dev*: Package size: 53.9 KB
>>> brotli-dev*: Compressing data...
>>> brotli-dev*: Create checksum...
>>> brotli-dev*: Create brotli-dev-1.1.0-r2.apk
>>> brotli-doc*: Tracing dependencies...
>>> brotli-doc*: Package size: 13.5 KB
>>> brotli-doc*: Compressing data...
>>> brotli-doc*: Create checksum...
>>> brotli-doc*: Create brotli-doc-1.1.0-r2.apk
>>> brotli-libs*: Tracing dependencies...
	so:libc.musl-x86_64.so.1
>>> brotli-libs*: Package size: 913.5 KB
>>> brotli-libs*: Compressing data...
>>> brotli-libs*: Create checksum...
>>> brotli-libs*: Create brotli-libs-1.1.0-r2.apk
>>> brotli-static*: Tracing dependencies...
>>> brotli-static*: Package size: 2.7 MB
>>> brotli-static*: Compressing data...
>>> brotli-static*: Create checksum...
>>> brotli-static*: Create brotli-static-1.1.0-r2.apk
>>> brotli*: Tracing dependencies...
	so:libbrotlidec.so.1
	so:libbrotlienc.so.1
	so:libc.musl-x86_64.so.1
>>> brotli*: Package size: 29.9 KB
>>> brotli*: Compressing data...
>>> brotli*: Create checksum...
>>> brotli*: Create brotli-1.1.0-r2.apk
>>> py3-brotli-pyc*: Tracing dependencies...
	python3~3.12
>>> py3-brotli-pyc*: Package size: 1.9 KB
>>> py3-brotli-pyc*: Compressing data...
>>> py3-brotli-pyc*: Create checksum...
>>> py3-brotli-pyc*: Create py3-brotli-pyc-1.1.0-r2.apk
>>> py3-brotli*: Tracing dependencies...
	python3~3.12
	so:libc.musl-x86_64.so.1
>>> py3-brotli*: Package size: 912.5 KB
>>> py3-brotli*: Compressing data...
>>> py3-brotli*: Create checksum...
>>> py3-brotli*: Create py3-brotli-1.1.0-r2.apk
>>> brotli: Updating the main/x86_64 repository index...
>>> brotli: Signing the index...
>>> brotli: Cleaning up srcdir
>>> brotli: Cleaning up build chroot
>>> brotli: Cleaning up pkgdir
