pigz: not found
>>> perl-struct-dumb: Building main/perl-struct-dumb 0.14-r2 (using abuild 3.14.1-r4) started Sun, 18 May 2025 10:38:52 +0000
>>> perl-struct-dumb: Validating /home/packager/aports/main/perl-struct-dumb/APKBUILD...
>>> perl-struct-dumb: Analyzing dependencies...
>>> perl-struct-dumb: Installing for build: build-base perl perl-dev perl-module-build perl-test-simple
(1/10) Installing libbz2 (1.0.8-r6)
(2/10) Installing perl (5.40.2-r0)
(3/10) Installing perl-utils (5.40.2-r0)
(4/10) Installing perl-dev (5.40.2-r0)
(5/10) Installing perl-module-build (0.4234-r1)
(6/10) Installing perl-test-simple (1.302209-r0)
(7/10) Installing .makedepends-perl-struct-dumb (20250518.103853)
(8/10) Installing perl-error (0.17030-r0)
(9/10) Installing perl-git (2.47.2-r0)
(10/10) Installing git-perl (2.47.2-r0)
Executing busybox-1.37.0-r12.trigger
OK: 308 MiB in 91 packages
>>> perl-struct-dumb: Cleaning up srcdir
>>> perl-struct-dumb: Cleaning up pkgdir
>>> perl-struct-dumb: Cleaning up tmpdir
>>> perl-struct-dumb: Fetching https://cpan.metacpan.org/authors/id/P/PE/PEVANS/Struct-Dumb-0.14.tar.gz
Connecting to cpan.metacpan.org (146.75.122.217:443)
saving to '/var/cache/distfiles/Struct-Dumb-0.14.tar.gz.part'
Struct-Dumb-0.14.tar 100% |********************************| 18352  0:00:00 ETA
'/var/cache/distfiles/Struct-Dumb-0.14.tar.gz.part' saved
>>> perl-struct-dumb: Fetching https://cpan.metacpan.org/authors/id/P/PE/PEVANS/Struct-Dumb-0.14.tar.gz
>>> perl-struct-dumb: Checking sha512sums...
Struct-Dumb-0.14.tar.gz: OK
>>> perl-struct-dumb: Unpacking /var/cache/distfiles/Struct-Dumb-0.14.tar.gz...
Created MYMETA.yml and MYMETA.json
Creating new 'Build' script for 'Struct-Dumb' version '0.14'
Building Struct-Dumb
t/00use.t ............. ok
t/01point.t ........... ok
t/02scope.t ........... ok
t/03readonly.t ........ ok
t/04named.t ........... ok
t/05predicate.t ....... ok
t/10data-dump.t ....... skipped: No Data::Dump
t/11data-dump-late.t .. skipped: No Data::Dump
t/99pod.t ............. skipped: Test::Pod 1.00 required for testing POD
All tests successful.
Files=9, Tests=27,  1 wallclock secs ( 0.03 usr  0.02 sys +  0.82 cusr  0.16 csys =  1.03 CPU)
Result: PASS
>>> perl-struct-dumb: Entering fakeroot...
Building Struct-Dumb
Installing /home/packager/aports/main/perl-struct-dumb/pkg/perl-struct-dumb/usr/share/perl5/vendor_perl/Struct/Dumb.pm
Installing /home/packager/aports/main/perl-struct-dumb/pkg/perl-struct-dumb/usr/share/man/man3/Struct::Dumb.3pm
>>> perl-struct-dumb-doc*: Running split function doc...
'usr/share/man' -> '/home/packager/aports/main/perl-struct-dumb/pkg/perl-struct-dumb-doc/usr/share/man'
>>> perl-struct-dumb-doc*: Preparing subpackage perl-struct-dumb-doc...
>>> perl-struct-dumb-doc*: Running postcheck for perl-struct-dumb-doc
>>> perl-struct-dumb*: Running postcheck for perl-struct-dumb
>>> perl-struct-dumb*: Preparing package perl-struct-dumb...
>>> perl-struct-dumb-doc*: Tracing dependencies...
>>> perl-struct-dumb-doc*: Package size: 3.6 KB
>>> perl-struct-dumb-doc*: Compressing data...
>>> perl-struct-dumb-doc*: Create checksum...
pigz: not found
>>> perl-struct-dumb-doc*: Create perl-struct-dumb-doc-0.14-r2.apk
>>> perl-struct-dumb*: Tracing dependencies...
	perl
>>> perl-struct-dumb*: Package size: 13.1 KB
>>> perl-struct-dumb*: Compressing data...
>>> perl-struct-dumb*: Create checksum...
pigz: not found
>>> perl-struct-dumb*: Create perl-struct-dumb-0.14-r2.apk
>>> perl-struct-dumb: Build complete at Sun, 18 May 2025 10:38:56 +0000 elapsed time 0h 0m 4s
>>> perl-struct-dumb: Cleaning up srcdir
>>> perl-struct-dumb: Cleaning up pkgdir
>>> perl-struct-dumb: Uninstalling dependencies...
(1/10) Purging .makedepends-perl-struct-dumb (20250518.103853)
(2/10) Purging perl-dev (5.40.2-r0)
(3/10) Purging perl-utils (5.40.2-r0)
(4/10) Purging perl-module-build (0.4234-r1)
(5/10) Purging perl-test-simple (1.302209-r0)
(6/10) Purging git-perl (2.47.2-r0)
(7/10) Purging perl-git (2.47.2-r0)
(8/10) Purging perl-error (0.17030-r0)
(9/10) Purging perl (5.40.2-r0)
(10/10) Purging libbz2 (1.0.8-r6)
Executing busybox-1.37.0-r12.trigger
OK: 261 MiB in 81 packages
>>> perl-struct-dumb: Updating the main/x86_64 repository index...
>>> perl-struct-dumb: Signing the index...
pigz: not found
