>>> perl-xml-xpath: Validating /home/packager/oily-pine/main/perl-xml-xpath/APKBUILD...
>>> perl-xml-xpath: Cleaning up srcdir
>>> perl-xml-xpath: Cleaning up pkgdir
>>> perl-xml-xpath: Cleaning up tmpdir
>>> perl-xml-xpath: Fetching https://cpan.metacpan.org/authors/id/M/MA/MANWAR/XML-XPath-1.48.tar.gz
  % Total    % Received % Xferd  Average Speed   Time    Time     Time  Current
                                 Dload  Upload   Total   Spent    Left  Speed
  0     0    0     0    0     0      0      0 --:--:-- --:--:-- --:--:--     0100 56854  100 56854    0     0   143k      0 --:--:-- --:--:-- --:--:--  143k
>>> perl-xml-xpath: Fetching https://cpan.metacpan.org/authors/id/M/MA/MANWAR/XML-XPath-1.48.tar.gz
>>> perl-xml-xpath: Checking sha512sums...
XML-XPath-1.48.tar.gz: OK
>>> perl-xml-xpath: Preparing build chroot...
fetch http://dl-cdn.alpinelinux.org/alpine/edge/main/x86_64/APKINDEX.tar.gz
(1/91) Installing musl (1.2.5-r10)
(2/91) Installing libcrypto3 (3.5.0-r0)
(3/91) Installing ca-certificates-bundle (20241121-r2)
(4/91) Installing libssl3 (3.5.0-r0)
(5/91) Installing zlib (1.3.1-r2)
(6/91) Installing libapk2 (2.14.9-r2)
(7/91) Installing apk-tools (2.14.9-r2)
(8/91) Installing libcap2 (2.76-r0)
(9/91) Installing libcap-getcap (2.76-r0)
(10/91) Installing fakeroot (1.37.1.1-r0)
(11/91) Installing scanelf (1.3.8-r1)
(12/91) Installing musl-utils (1.2.5-r10)
(13/91) Installing libgcc (14.3.0-r1)
(14/91) Installing libstdc++ (14.3.0-r1)
(15/91) Installing lzip (1.25-r0)
(16/91) Installing openssl (3.5.0-r0)
(17/91) Installing patch (2.8-r0)
(18/91) Installing pkgconf (2.4.3-r0)
(19/91) Installing acl-libs (2.3.2-r1)
(20/91) Installing tar (1.35-r3)
(21/91) Installing busybox (1.37.0-r18)
Executing busybox-1.37.0-r18.post-install
(22/91) Installing ssl_client (1.37.0-r18)
(23/91) Installing busybox-binsh (1.37.0-r18)
(24/91) Installing abuild (3.15.0-r0)
Executing abuild-3.15.0-r0.pre-install
(25/91) Installing abuild-sudo (3.15.0-r0)
(26/91) Installing alpine-baselayout-data (3.7.0-r0)
(27/91) Installing alpine-baselayout (3.7.0-r0)
Executing alpine-baselayout-3.7.0-r0.pre-install
Executing alpine-baselayout-3.7.0-r0.post-install
(28/91) Installing bridge (1.5-r5)
(29/91) Installing ifupdown-ng (0.12.1-r7)
(30/91) Installing openrc-user (0.62.2-r2)
(31/91) Installing openrc (0.62.2-r2)
Executing openrc-0.62.2-r2.post-install
(32/91) Installing mdev-conf (4.8-r0)
(33/91) Installing busybox-mdev-openrc (1.37.0-r18)
(34/91) Installing alpine-conf (3.20.0-r0)
(35/91) Installing alpine-keys (2.5-r0)
(36/91) Installing alpine-release (3.22.0-r0)
(37/91) Installing busybox-openrc (1.37.0-r18)
(38/91) Installing busybox-suid (1.37.0-r18)
(39/91) Installing alpine-base (3.22.0-r0)
(40/91) Installing jansson (2.14.1-r0)
(41/91) Installing zstd-libs (1.5.7-r0)
(42/91) Installing binutils (2.44-r0)
(43/91) Installing libmagic (5.46-r2)
(44/91) Installing file (5.46-r2)
(45/91) Installing libgomp (14.3.0-r1)
(46/91) Installing libatomic (14.3.0-r1)
(47/91) Installing gmp (6.3.0-r3)
(48/91) Installing isl26 (0.26-r1)
(49/91) Installing mpfr4 (4.2.1_p1-r0)
(50/91) Installing mpc1 (1.3.1-r1)
(51/91) Installing gcc (14.3.0-r1)
(52/91) Installing libstdc++-dev (14.3.0-r1)
(53/91) Installing musl-dev (1.2.5-r10)
(54/91) Installing g++ (14.3.0-r1)
(55/91) Installing make (4.4.1-r3)
(56/91) Installing fortify-headers (1.1-r5)
(57/91) Installing build-base (0.5-r3)
(58/91) Installing brotli-libs (1.1.0-r2)
(59/91) Installing c-ares (1.34.5-r0)
(60/91) Installing libunistring (1.3-r0)
(61/91) Installing libidn2 (2.3.7-r0)
(62/91) Installing nghttp2-libs (1.65.0-r0)
(63/91) Installing libpsl (0.21.5-r3)
(64/91) Installing libcurl (8.14.0-r2)
(65/91) Installing libexpat (2.7.1-r0)
(66/91) Installing pcre2 (10.43-r1)
(67/91) Installing git (2.49.0-r0)
(68/91) Installing git-init-template (2.49.0-r0)
(69/91) Installing libbz2 (1.0.8-r6)
(70/91) Installing perl (5.40.2-r0)
(71/91) Installing perl-error (0.17030-r0)
(72/91) Installing perl-git (2.49.0-r0)
(73/91) Installing git-perl (2.49.0-r0)
(74/91) Installing perl-path-tiny (0.146-r0)
(75/91) Installing perl-http-date (6.06-r0)
(76/91) Installing perl-clone (0.47-r0)
(77/91) Installing perl-uri (5.28-r0)
(78/91) Installing perl-io-html (1.004-r1)
(79/91) Installing perl-encode-locale (1.05-r5)
(80/91) Installing perl-lwp-mediatypes (6.04-r3)
(81/91) Installing perl-http-message (7.00-r0)
(82/91) Installing perl-http-cookies (6.11-r0)
(83/91) Installing perl-net-http (6.23-r1)
(84/91) Installing perl-html-tagset (3.24-r0)
(85/91) Installing perl-html-parser (3.83-r0)
(86/91) Installing perl-file-listing (6.16-r0)
(87/91) Installing perl-www-robotrules (6.02-r5)
(88/91) Installing perl-http-negotiate (6.01-r5)
(89/91) Installing perl-try-tiny (0.32-r0)
(90/91) Installing perl-libwww (6.77-r0)
(91/91) Installing perl-xml-parser (2.47-r1)
Executing busybox-1.37.0-r18.trigger
OK: 299 MiB in 91 packages
>>> perl-xml-xpath: Fetching https://cpan.metacpan.org/authors/id/M/MA/MANWAR/XML-XPath-1.48.tar.gz
>>> perl-xml-xpath: Checking sha512sums...
XML-XPath-1.48.tar.gz: OK
>>> perl-xml-xpath: Unpacking /var/cache/distfiles/XML-XPath-1.48.tar.gz...
Checking if your kit is complete...
Looks good
Generating a Unix-style Makefile
Writing Makefile for XML::XPath
Writing MYMETA.yml and MYMETA.json
cp lib/XML/XPath/Variable.pm blib/lib/XML/XPath/Variable.pm
cp lib/XML/XPath/Node/Namespace.pm blib/lib/XML/XPath/Node/Namespace.pm
cp lib/XML/XPath/NodeSet.pm blib/lib/XML/XPath/NodeSet.pm
cp lib/XML/XPath/Node/Attribute.pm blib/lib/XML/XPath/Node/Attribute.pm
cp lib/XML/XPath/Node/Comment.pm blib/lib/XML/XPath/Node/Comment.pm
cp lib/XML/XPath.pm blib/lib/XML/XPath.pm
cp lib/XML/XPath/Number.pm blib/lib/XML/XPath/Number.pm
cp lib/XML/XPath/Parser.pm blib/lib/XML/XPath/Parser.pm
cp lib/XML/XPath/Literal.pm blib/lib/XML/XPath/Literal.pm
cp lib/XML/XPath/Node.pm blib/lib/XML/XPath/Node.pm
cp lib/XML/XPath/XMLParser.pm blib/lib/XML/XPath/XMLParser.pm
cp lib/XML/XPath/Boolean.pm blib/lib/XML/XPath/Boolean.pm
cp lib/XML/XPath/Node/Text.pm blib/lib/XML/XPath/Node/Text.pm
cp lib/XML/XPath/Builder.pm blib/lib/XML/XPath/Builder.pm
cp lib/XML/XPath/Step.pm blib/lib/XML/XPath/Step.pm
cp lib/XML/XPath/Function.pm blib/lib/XML/XPath/Function.pm
cp lib/XML/XPath/Node/PI.pm blib/lib/XML/XPath/Node/PI.pm
cp lib/XML/XPath/Node/Element.pm blib/lib/XML/XPath/Node/Element.pm
cp lib/XML/XPath/Root.pm blib/lib/XML/XPath/Root.pm
cp lib/XML/XPath/PerlSAX.pm blib/lib/XML/XPath/PerlSAX.pm
cp lib/XML/XPath/Expr.pm blib/lib/XML/XPath/Expr.pm
cp lib/XML/XPath/LocationPath.pm blib/lib/XML/XPath/LocationPath.pm
cp examples/xpath blib/script/xpath
"/usr/bin/perl" -MExtUtils::MY -e 'MY->fixin(shift)' -- blib/script/xpath
Manifying 1 pod document
Manifying 16 pod documents
PERL_DL_NONLAZY=1 "/usr/bin/perl" "-MExtUtils::Command::MM" "-MTest::Harness" "-e" "undef *Test::Harness::Switches; test_harness(0, 'blib/lib', 'blib/arch')" t/*.t
# Testing XML::XPath 1.48, Perl 5.040002, /usr/bin/perl
t/00load.t .................... ok
t/01basic.t ................... ok
t/02descendant.t .............. ok
t/03star.t .................... ok
t/04pos.t ..................... ok
t/05attrib.t .................. ok
t/06attrib_val.t .............. ok
t/07count.t ................... ok
t/08name.t .................... ok
t/09a_string_length.t ......... ok
t/09string_length.t ........... ok
t/10pipe.t .................... ok
t/11axischild.t ............... ok
t/12axisdescendant.t .......... ok
t/13axisparent.t .............. ok
t/14axisancestor.t ............ ok
t/15axisfol_sib.t ............. ok
t/16axisprec_sib.t ............ ok
t/17axisfollowing.t ........... ok
t/18axispreceding.t ........... ok
t/19axisd_or_s.t .............. ok
t/20axisa_or_s.t .............. ok
t/21allnodes.t ................ ok
t/22name_select.t ............. ok
t/23func.t .................... ok
t/24namespaces.t .............. ok
t/25scope.t ................... ok
t/26predicate.t ............... ok
t/27asxml.t ................... ok
t/28ancestor2.t ............... ok
t/29desc_with_predicate.t ..... ok
t/30lang.t .................... ok
t/31dots.t .................... ok
t/32duplicate_nodes.t ......... ok
t/33getnodetext.t ............. ok
t/34non_abbreviated_attrib.t .. ok
t/35namespace_uri.t ........... ok
t/36substring.t ............... ok
t/37concat.t .................. ok
t/38starts_with.t ............. ok
t/39contains.t ................ ok
t/40substring_before.t ........ ok
t/41substring_after.t ......... ok
t/42create_node.t ............. ok
t/43op_div.t .................. ok
t/44test_compare.t ............ ok
t/45cmp_nodeset.t ............. ok
t/46context.t ................. ok
t/47position.t ................ ok
t/48translate.t ............... ok
t/49literal.t ................. ok
t/50xmlxpathparsercache.t ..... ok
t/51elementname.t ............. ok
t/52matches.t ................. ok
t/cleanup.t ................... skipped: require Test::LeakTrace
t/insert.t .................... ok
t/manifest.t .................. skipped: Test::CheckManifest 0.9 required
t/meta-json.t ................. skipped: Test::CPAN::Meta::JSON required for testing MYMETA.json
t/meta-yml.t .................. skipped: Test::CPAN::Meta required for testing MYMETA.yml
t/rdf.t ....................... ok
t/remove.t .................... ok
t/stress.t .................... ok
All tests successful.
Files=62, Tests=327,  3 wallclock secs ( 0.07 usr  0.02 sys +  2.25 cusr  0.39 csys =  2.73 CPU)
Result: PASS
>>> perl-xml-xpath: Entering fakeroot...
Manifying 1 pod document
Manifying 16 pod documents
Appending installation info to /tmp/pkg/perl-xml-xpath/usr/lib/perl5/core_perl/perllocal.pod
Installing /tmp/pkg/perl-xml-xpath/usr/share/perl5/vendor_perl/XML/XPath.pm
Installing /tmp/pkg/perl-xml-xpath/usr/share/perl5/vendor_perl/XML/XPath/Variable.pm
Installing /tmp/pkg/perl-xml-xpath/usr/share/perl5/vendor_perl/XML/XPath/PerlSAX.pm
Installing /tmp/pkg/perl-xml-xpath/usr/share/perl5/vendor_perl/XML/XPath/Root.pm
Installing /tmp/pkg/perl-xml-xpath/usr/share/perl5/vendor_perl/XML/XPath/Literal.pm
Installing /tmp/pkg/perl-xml-xpath/usr/share/perl5/vendor_perl/XML/XPath/Function.pm
Installing /tmp/pkg/perl-xml-xpath/usr/share/perl5/vendor_perl/XML/XPath/NodeSet.pm
Installing /tmp/pkg/perl-xml-xpath/usr/share/perl5/vendor_perl/XML/XPath/XMLParser.pm
Installing /tmp/pkg/perl-xml-xpath/usr/share/perl5/vendor_perl/XML/XPath/Step.pm
Installing /tmp/pkg/perl-xml-xpath/usr/share/perl5/vendor_perl/XML/XPath/Builder.pm
Installing /tmp/pkg/perl-xml-xpath/usr/share/perl5/vendor_perl/XML/XPath/Number.pm
Installing /tmp/pkg/perl-xml-xpath/usr/share/perl5/vendor_perl/XML/XPath/Node.pm
Installing /tmp/pkg/perl-xml-xpath/usr/share/perl5/vendor_perl/XML/XPath/Boolean.pm
Installing /tmp/pkg/perl-xml-xpath/usr/share/perl5/vendor_perl/XML/XPath/Parser.pm
Installing /tmp/pkg/perl-xml-xpath/usr/share/perl5/vendor_perl/XML/XPath/LocationPath.pm
Installing /tmp/pkg/perl-xml-xpath/usr/share/perl5/vendor_perl/XML/XPath/Expr.pm
Installing /tmp/pkg/perl-xml-xpath/usr/share/perl5/vendor_perl/XML/XPath/Node/Text.pm
Installing /tmp/pkg/perl-xml-xpath/usr/share/perl5/vendor_perl/XML/XPath/Node/Attribute.pm
Installing /tmp/pkg/perl-xml-xpath/usr/share/perl5/vendor_perl/XML/XPath/Node/Comment.pm
Installing /tmp/pkg/perl-xml-xpath/usr/share/perl5/vendor_perl/XML/XPath/Node/Element.pm
Installing /tmp/pkg/perl-xml-xpath/usr/share/perl5/vendor_perl/XML/XPath/Node/PI.pm
Installing /tmp/pkg/perl-xml-xpath/usr/share/perl5/vendor_perl/XML/XPath/Node/Namespace.pm
Installing /tmp/pkg/perl-xml-xpath/usr/share/man/man1/xpath.1
Installing /tmp/pkg/perl-xml-xpath/usr/share/man/man3/XML::XPath::Node::Attribute.3pm
Installing /tmp/pkg/perl-xml-xpath/usr/share/man/man3/XML::XPath::Node::PI.3pm
Installing /tmp/pkg/perl-xml-xpath/usr/share/man/man3/XML::XPath::Function.3pm
Installing /tmp/pkg/perl-xml-xpath/usr/share/man/man3/XML::XPath::PerlSAX.3pm
Installing /tmp/pkg/perl-xml-xpath/usr/share/man/man3/XML::XPath::XMLParser.3pm
Installing /tmp/pkg/perl-xml-xpath/usr/share/man/man3/XML::XPath::Node.3pm
Installing /tmp/pkg/perl-xml-xpath/usr/share/man/man3/XML::XPath::Node::Namespace.3pm
Installing /tmp/pkg/perl-xml-xpath/usr/share/man/man3/XML::XPath.3pm
Installing /tmp/pkg/perl-xml-xpath/usr/share/man/man3/XML::XPath::NodeSet.3pm
Installing /tmp/pkg/perl-xml-xpath/usr/share/man/man3/XML::XPath::Node::Text.3pm
Installing /tmp/pkg/perl-xml-xpath/usr/share/man/man3/XML::XPath::Builder.3pm
Installing /tmp/pkg/perl-xml-xpath/usr/share/man/man3/XML::XPath::Node::Element.3pm
Installing /tmp/pkg/perl-xml-xpath/usr/share/man/man3/XML::XPath::Number.3pm
Installing /tmp/pkg/perl-xml-xpath/usr/share/man/man3/XML::XPath::Node::Comment.3pm
Installing /tmp/pkg/perl-xml-xpath/usr/share/man/man3/XML::XPath::Boolean.3pm
Installing /tmp/pkg/perl-xml-xpath/usr/share/man/man3/XML::XPath::Literal.3pm
Installing /tmp/pkg/perl-xml-xpath/usr/bin/xpath
>>> perl-xml-xpath-doc*: Running split function doc...
'usr/share/man' -> '/tmp/pkg/perl-xml-xpath-doc/usr/share/man'
>>> perl-xml-xpath-doc*: Preparing subpackage perl-xml-xpath-doc...
>>> perl-xml-xpath-doc*: Running postcheck for perl-xml-xpath-doc
>>> perl-xml-xpath*: Running postcheck for perl-xml-xpath
>>> perl-xml-xpath*: Preparing package perl-xml-xpath...
>>> perl-xml-xpath-doc*: Tracing dependencies...
>>> perl-xml-xpath-doc*: Package size: 25.6 KB
>>> perl-xml-xpath-doc*: Compressing data...
>>> perl-xml-xpath-doc*: Create checksum...
>>> perl-xml-xpath-doc*: Create perl-xml-xpath-doc-1.48-r1.apk
>>> perl-xml-xpath*: Tracing dependencies...
	perl
	perl-xml-parser
>>> perl-xml-xpath*: Package size: 153.9 KB
>>> perl-xml-xpath*: Compressing data...
>>> perl-xml-xpath*: Create checksum...
>>> perl-xml-xpath*: Create perl-xml-xpath-1.48-r1.apk
>>> perl-xml-xpath: Updating the main/x86_64 repository index...
>>> perl-xml-xpath: Signing the index...
>>> perl-xml-xpath: Cleaning up srcdir
>>> perl-xml-xpath: Cleaning up build chroot
>>> perl-xml-xpath: Cleaning up pkgdir
