pigz: not found
>>> perl-mailtools: Building main/perl-mailtools 2.22-r0 (using abuild 3.14.1-r4) started Sun, 18 May 2025 07:03:04 +0000
>>> perl-mailtools: Validating /home/packager/aports/main/perl-mailtools/APKBUILD...
>>> perl-mailtools: Analyzing dependencies...
>>> perl-mailtools: Installing for build: build-base perl perl-timedate
(1/7) Installing libbz2 (1.0.8-r6)
(2/7) Installing perl (5.40.2-r0)
(3/7) Installing perl-timedate (2.33-r4)
(4/7) Installing .makedepends-perl-mailtools (20250518.070305)
(5/7) Installing perl-error (0.17029-r2)
(6/7) Installing perl-git (2.47.2-r0)
(7/7) Installing git-perl (2.47.2-r0)
Executing busybox-1.37.0-r12.trigger
OK: 297 MiB in 88 packages
>>> perl-mailtools: Cleaning up srcdir
>>> perl-mailtools: Cleaning up pkgdir
>>> perl-mailtools: Cleaning up tmpdir
>>> perl-mailtools: Fetching https://cpan.metacpan.org/authors/id/M/MA/MARKOV/MailTools-2.22.tar.gz
Connecting to cpan.metacpan.org (146.75.122.217:443)
saving to '/var/cache/distfiles/MailTools-2.22.tar.gz.part'
MailTools-2.22.tar.g 100% |********************************| 58647  0:00:00 ETA
'/var/cache/distfiles/MailTools-2.22.tar.gz.part' saved
>>> perl-mailtools: Fetching https://cpan.metacpan.org/authors/id/M/MA/MARKOV/MailTools-2.22.tar.gz
>>> perl-mailtools: Checking sha512sums...
MailTools-2.22.tar.gz: OK
>>> perl-mailtools: Unpacking /var/cache/distfiles/MailTools-2.22.tar.gz...
Checking if your kit is complete...
Looks good
Generating a Unix-style Makefile
Writing Makefile for MailTools
Writing MYMETA.yml and MYMETA.json
cp lib/Mail/Address.pod blib/lib/Mail/Address.pod
cp lib/Mail/Send.pod blib/lib/Mail/Send.pod
cp lib/Mail/Filter.pod blib/lib/Mail/Filter.pod
cp lib/Mail/Mailer/qmail.pm blib/lib/Mail/Mailer/qmail.pm
cp lib/Mail/Cap.pm blib/lib/Mail/Cap.pm
cp lib/Mail/Address.pm blib/lib/Mail/Address.pm
cp lib/Mail/Internet.pod blib/lib/Mail/Internet.pod
cp lib/Mail/Mailer/sendmail.pm blib/lib/Mail/Mailer/sendmail.pm
cp lib/Mail/Cap.pod blib/lib/Mail/Cap.pod
cp lib/Mail/Field.pod blib/lib/Mail/Field.pod
cp lib/Mail/Util.pod blib/lib/Mail/Util.pod
cp lib/MailTools.pm blib/lib/MailTools.pm
cp lib/Mail/Header.pod blib/lib/Mail/Header.pod
cp lib/Mail/Mailer.pm blib/lib/Mail/Mailer.pm
cp lib/Mail/Field/AddrList.pod blib/lib/Mail/Field/AddrList.pod
cp lib/Mail/Field/Generic.pod blib/lib/Mail/Field/Generic.pod
cp lib/Mail/Filter.pm blib/lib/Mail/Filter.pm
cp lib/Mail/Field/AddrList.pm blib/lib/Mail/Field/AddrList.pm
cp lib/MailTools.pod blib/lib/MailTools.pod
cp lib/Mail/Field/Date.pod blib/lib/Mail/Field/Date.pod
cp lib/Mail/Util.pm blib/lib/Mail/Util.pm
cp lib/Mail/Mailer/smtps.pm blib/lib/Mail/Mailer/smtps.pm
cp lib/Mail/Field/Generic.pm blib/lib/Mail/Field/Generic.pm
cp lib/Mail/Field.pm blib/lib/Mail/Field.pm
cp lib/Mail/Field/Date.pm blib/lib/Mail/Field/Date.pm
cp lib/Mail/Mailer/testfile.pm blib/lib/Mail/Mailer/testfile.pm
cp lib/Mail/Mailer/smtp.pm blib/lib/Mail/Mailer/smtp.pm
cp lib/Mail/Send.pm blib/lib/Mail/Send.pm
cp lib/Mail/Internet.pm blib/lib/Mail/Internet.pm
cp lib/Mail/Mailer.pod blib/lib/Mail/Mailer.pod
cp lib/Mail/Mailer/rfc822.pm blib/lib/Mail/Mailer/rfc822.pm
cp lib/Mail/Header.pm blib/lib/Mail/Header.pm
Manifying 13 pod documents
PERL_DL_NONLAZY=1 "/usr/bin/perl" "-MExtUtils::Command::MM" "-MTest::Harness" "-e" "undef *Test::Harness::Switches; test_harness(0, 'blib/lib', 'blib/arch')" t/*.t
t/extract.t ... ok
t/header.t .... ok
t/internet.t .. ok
t/mailcap.t ... ok
t/mailer.t .... ok
t/require.t ... ok
t/send.t ...... ok
All tests successful.
Files=7, Tests=109,  0 wallclock secs ( 0.04 usr  0.01 sys +  0.19 cusr  0.07 csys =  0.31 CPU)
Result: PASS
>>> perl-mailtools: Entering fakeroot...
Manifying 13 pod documents
Installing /home/packager/aports/main/perl-mailtools/pkg/perl-mailtools/usr/share/perl5/vendor_perl/MailTools.pm
Installing /home/packager/aports/main/perl-mailtools/pkg/perl-mailtools/usr/share/perl5/vendor_perl/MailTools.pod
Installing /home/packager/aports/main/perl-mailtools/pkg/perl-mailtools/usr/share/perl5/vendor_perl/Mail/Filter.pm
Installing /home/packager/aports/main/perl-mailtools/pkg/perl-mailtools/usr/share/perl5/vendor_perl/Mail/Header.pm
Installing /home/packager/aports/main/perl-mailtools/pkg/perl-mailtools/usr/share/perl5/vendor_perl/Mail/Util.pod
Installing /home/packager/aports/main/perl-mailtools/pkg/perl-mailtools/usr/share/perl5/vendor_perl/Mail/Send.pod
Installing /home/packager/aports/main/perl-mailtools/pkg/perl-mailtools/usr/share/perl5/vendor_perl/Mail/Mailer.pod
Installing /home/packager/aports/main/perl-mailtools/pkg/perl-mailtools/usr/share/perl5/vendor_perl/Mail/Send.pm
Installing /home/packager/aports/main/perl-mailtools/pkg/perl-mailtools/usr/share/perl5/vendor_perl/Mail/Util.pm
Installing /home/packager/aports/main/perl-mailtools/pkg/perl-mailtools/usr/share/perl5/vendor_perl/Mail/Cap.pod
Installing /home/packager/aports/main/perl-mailtools/pkg/perl-mailtools/usr/share/perl5/vendor_perl/Mail/Header.pod
Installing /home/packager/aports/main/perl-mailtools/pkg/perl-mailtools/usr/share/perl5/vendor_perl/Mail/Mailer.pm
Installing /home/packager/aports/main/perl-mailtools/pkg/perl-mailtools/usr/share/perl5/vendor_perl/Mail/Field.pod
Installing /home/packager/aports/main/perl-mailtools/pkg/perl-mailtools/usr/share/perl5/vendor_perl/Mail/Filter.pod
Installing /home/packager/aports/main/perl-mailtools/pkg/perl-mailtools/usr/share/perl5/vendor_perl/Mail/Internet.pm
Installing /home/packager/aports/main/perl-mailtools/pkg/perl-mailtools/usr/share/perl5/vendor_perl/Mail/Cap.pm
Installing /home/packager/aports/main/perl-mailtools/pkg/perl-mailtools/usr/share/perl5/vendor_perl/Mail/Address.pm
Installing /home/packager/aports/main/perl-mailtools/pkg/perl-mailtools/usr/share/perl5/vendor_perl/Mail/Address.pod
Installing /home/packager/aports/main/perl-mailtools/pkg/perl-mailtools/usr/share/perl5/vendor_perl/Mail/Field.pm
Installing /home/packager/aports/main/perl-mailtools/pkg/perl-mailtools/usr/share/perl5/vendor_perl/Mail/Internet.pod
Installing /home/packager/aports/main/perl-mailtools/pkg/perl-mailtools/usr/share/perl5/vendor_perl/Mail/Field/Generic.pod
Installing /home/packager/aports/main/perl-mailtools/pkg/perl-mailtools/usr/share/perl5/vendor_perl/Mail/Field/AddrList.pod
Installing /home/packager/aports/main/perl-mailtools/pkg/perl-mailtools/usr/share/perl5/vendor_perl/Mail/Field/AddrList.pm
Installing /home/packager/aports/main/perl-mailtools/pkg/perl-mailtools/usr/share/perl5/vendor_perl/Mail/Field/Generic.pm
Installing /home/packager/aports/main/perl-mailtools/pkg/perl-mailtools/usr/share/perl5/vendor_perl/Mail/Field/Date.pod
Installing /home/packager/aports/main/perl-mailtools/pkg/perl-mailtools/usr/share/perl5/vendor_perl/Mail/Field/Date.pm
Installing /home/packager/aports/main/perl-mailtools/pkg/perl-mailtools/usr/share/perl5/vendor_perl/Mail/Mailer/rfc822.pm
Installing /home/packager/aports/main/perl-mailtools/pkg/perl-mailtools/usr/share/perl5/vendor_perl/Mail/Mailer/testfile.pm
Installing /home/packager/aports/main/perl-mailtools/pkg/perl-mailtools/usr/share/perl5/vendor_perl/Mail/Mailer/smtps.pm
Installing /home/packager/aports/main/perl-mailtools/pkg/perl-mailtools/usr/share/perl5/vendor_perl/Mail/Mailer/smtp.pm
Installing /home/packager/aports/main/perl-mailtools/pkg/perl-mailtools/usr/share/perl5/vendor_perl/Mail/Mailer/sendmail.pm
Installing /home/packager/aports/main/perl-mailtools/pkg/perl-mailtools/usr/share/perl5/vendor_perl/Mail/Mailer/qmail.pm
Installing /home/packager/aports/main/perl-mailtools/pkg/perl-mailtools/usr/share/man/man3/Mail::Filter.3pm
Installing /home/packager/aports/main/perl-mailtools/pkg/perl-mailtools/usr/share/man/man3/Mail::Internet.3pm
Installing /home/packager/aports/main/perl-mailtools/pkg/perl-mailtools/usr/share/man/man3/Mail::Mailer.3pm
Installing /home/packager/aports/main/perl-mailtools/pkg/perl-mailtools/usr/share/man/man3/Mail::Field.3pm
Installing /home/packager/aports/main/perl-mailtools/pkg/perl-mailtools/usr/share/man/man3/Mail::Field::Date.3pm
Installing /home/packager/aports/main/perl-mailtools/pkg/perl-mailtools/usr/share/man/man3/Mail::Header.3pm
Installing /home/packager/aports/main/perl-mailtools/pkg/perl-mailtools/usr/share/man/man3/Mail::Util.3pm
Installing /home/packager/aports/main/perl-mailtools/pkg/perl-mailtools/usr/share/man/man3/MailTools.3pm
Installing /home/packager/aports/main/perl-mailtools/pkg/perl-mailtools/usr/share/man/man3/Mail::Field::AddrList.3pm
Installing /home/packager/aports/main/perl-mailtools/pkg/perl-mailtools/usr/share/man/man3/Mail::Address.3pm
Installing /home/packager/aports/main/perl-mailtools/pkg/perl-mailtools/usr/share/man/man3/Mail::Field::Generic.3pm
Installing /home/packager/aports/main/perl-mailtools/pkg/perl-mailtools/usr/share/man/man3/Mail::Send.3pm
Installing /home/packager/aports/main/perl-mailtools/pkg/perl-mailtools/usr/share/man/man3/Mail::Cap.3pm
>>> perl-mailtools-doc*: Running split function doc...
'usr/share/perl5/vendor_perl/Mail/Util.pod' -> '/home/packager/aports/main/perl-mailtools/pkg/perl-mailtools-doc/usr/share/perl5/vendor_perl/Mail/Util.pod'
'usr/share/perl5/vendor_perl/Mail/Send.pod' -> '/home/packager/aports/main/perl-mailtools/pkg/perl-mailtools-doc/usr/share/perl5/vendor_perl/Mail/Send.pod'
'usr/share/perl5/vendor_perl/Mail/Mailer.pod' -> '/home/packager/aports/main/perl-mailtools/pkg/perl-mailtools-doc/usr/share/perl5/vendor_perl/Mail/Mailer.pod'
'usr/share/perl5/vendor_perl/Mail/Field/Generic.pod' -> '/home/packager/aports/main/perl-mailtools/pkg/perl-mailtools-doc/usr/share/perl5/vendor_perl/Mail/Field/Generic.pod'
'usr/share/perl5/vendor_perl/Mail/Field/AddrList.pod' -> '/home/packager/aports/main/perl-mailtools/pkg/perl-mailtools-doc/usr/share/perl5/vendor_perl/Mail/Field/AddrList.pod'
'usr/share/perl5/vendor_perl/Mail/Field/Date.pod' -> '/home/packager/aports/main/perl-mailtools/pkg/perl-mailtools-doc/usr/share/perl5/vendor_perl/Mail/Field/Date.pod'
'usr/share/perl5/vendor_perl/Mail/Cap.pod' -> '/home/packager/aports/main/perl-mailtools/pkg/perl-mailtools-doc/usr/share/perl5/vendor_perl/Mail/Cap.pod'
'usr/share/perl5/vendor_perl/Mail/Header.pod' -> '/home/packager/aports/main/perl-mailtools/pkg/perl-mailtools-doc/usr/share/perl5/vendor_perl/Mail/Header.pod'
'usr/share/perl5/vendor_perl/Mail/Field.pod' -> '/home/packager/aports/main/perl-mailtools/pkg/perl-mailtools-doc/usr/share/perl5/vendor_perl/Mail/Field.pod'
'usr/share/perl5/vendor_perl/Mail/Filter.pod' -> '/home/packager/aports/main/perl-mailtools/pkg/perl-mailtools-doc/usr/share/perl5/vendor_perl/Mail/Filter.pod'
'usr/share/perl5/vendor_perl/Mail/Address.pod' -> '/home/packager/aports/main/perl-mailtools/pkg/perl-mailtools-doc/usr/share/perl5/vendor_perl/Mail/Address.pod'
'usr/share/perl5/vendor_perl/Mail/Internet.pod' -> '/home/packager/aports/main/perl-mailtools/pkg/perl-mailtools-doc/usr/share/perl5/vendor_perl/Mail/Internet.pod'
'usr/share/perl5/vendor_perl/MailTools.pod' -> '/home/packager/aports/main/perl-mailtools/pkg/perl-mailtools-doc/usr/share/perl5/vendor_perl/MailTools.pod'
'usr/share/man' -> '/home/packager/aports/main/perl-mailtools/pkg/perl-mailtools-doc/usr/share/man'
>>> perl-mailtools-doc*: Preparing subpackage perl-mailtools-doc...
>>> perl-mailtools-doc*: Running postcheck for perl-mailtools-doc
>>> perl-mailtools*: Running postcheck for perl-mailtools
>>> perl-mailtools*: Preparing package perl-mailtools...
>>> perl-mailtools-doc*: Tracing dependencies...
>>> perl-mailtools-doc*: Package size: 92.7 KB
>>> perl-mailtools-doc*: Compressing data...
>>> perl-mailtools-doc*: Create checksum...
pigz: not found
>>> perl-mailtools-doc*: Create perl-mailtools-doc-2.22-r0.apk
>>> perl-mailtools*: Tracing dependencies...
	perl
	perl-timedate
>>> perl-mailtools*: Package size: 67.3 KB
>>> perl-mailtools*: Compressing data...
>>> perl-mailtools*: Create checksum...
pigz: not found
>>> perl-mailtools*: Create perl-mailtools-2.22-r0.apk
>>> perl-mailtools: Build complete at Sun, 18 May 2025 07:03:08 +0000 elapsed time 0h 0m 4s
>>> perl-mailtools: Cleaning up srcdir
>>> perl-mailtools: Cleaning up pkgdir
>>> perl-mailtools: Uninstalling dependencies...
(1/7) Purging .makedepends-perl-mailtools (20250518.070305)
(2/7) Purging perl-timedate (2.33-r4)
(3/7) Purging git-perl (2.47.2-r0)
(4/7) Purging perl-git (2.47.2-r0)
(5/7) Purging perl-error (0.17029-r2)
(6/7) Purging perl (5.40.2-r0)
(7/7) Purging libbz2 (1.0.8-r6)
Executing busybox-1.37.0-r12.trigger
OK: 260 MiB in 81 packages
>>> perl-mailtools: Updating the main/x86_64 repository index...
>>> perl-mailtools: Signing the index...
pigz: not found
