>>> perl-crypt-openssl-rsa: Validating /home/packager/oily-pine/main/perl-crypt-openssl-rsa/APKBUILD...
>>> perl-crypt-openssl-rsa: Cleaning up srcdir
>>> perl-crypt-openssl-rsa: Cleaning up pkgdir
>>> perl-crypt-openssl-rsa: Cleaning up tmpdir
>>> perl-crypt-openssl-rsa: Fetching https://cpan.metacpan.org/authors/id/T/TO/TODDR/Crypt-OpenSSL-RSA-0.33.tar.gz
  % Total    % Received % Xferd  Average Speed   Time    Time     Time  Current
                                 Dload  Upload   Total   Spent    Left  Speed
  0     0    0     0    0     0      0      0 --:--:-- --:--:-- --:--:--     0  0     0    0     0    0     0      0      0 --:--:-- --:--:-- --:--:--     0100 29010  100 29010    0     0   115k      0 --:--:-- --:--:-- --:--:--  115k
>>> perl-crypt-openssl-rsa: Fetching https://cpan.metacpan.org/authors/id/T/TO/TODDR/Crypt-OpenSSL-RSA-0.33.tar.gz
>>> perl-crypt-openssl-rsa: Checking sha512sums...
Crypt-OpenSSL-RSA-0.33.tar.gz: OK
>>> perl-crypt-openssl-rsa: Preparing build chroot...
fetch http://dl-cdn.alpinelinux.org/alpine/edge/main/x86_64/APKINDEX.tar.gz
(1/78) Installing musl (1.2.5-r10)
(2/78) Installing libcrypto3 (3.5.0-r0)
(3/78) Installing ca-certificates-bundle (20241121-r2)
(4/78) Installing libssl3 (3.5.0-r0)
(5/78) Installing zlib (1.3.1-r2)
(6/78) Installing libapk2 (2.14.9-r2)
(7/78) Installing apk-tools (2.14.9-r2)
(8/78) Installing libcap2 (2.76-r0)
(9/78) Installing libcap-getcap (2.76-r0)
(10/78) Installing fakeroot (1.37.1.1-r0)
(11/78) Installing scanelf (1.3.8-r1)
(12/78) Installing musl-utils (1.2.5-r10)
(13/78) Installing libgcc (14.3.0-r1)
(14/78) Installing libstdc++ (14.3.0-r1)
(15/78) Installing lzip (1.25-r0)
(16/78) Installing openssl (3.5.0-r0)
(17/78) Installing patch (2.8-r0)
(18/78) Installing pkgconf (2.4.3-r0)
(19/78) Installing acl-libs (2.3.2-r1)
(20/78) Installing tar (1.35-r3)
(21/78) Installing busybox (1.37.0-r18)
Executing busybox-1.37.0-r18.post-install
(22/78) Installing ssl_client (1.37.0-r18)
(23/78) Installing busybox-binsh (1.37.0-r18)
(24/78) Installing abuild (3.15.0-r0)
Executing abuild-3.15.0-r0.pre-install
(25/78) Installing abuild-sudo (3.15.0-r0)
(26/78) Installing alpine-baselayout-data (3.7.0-r0)
(27/78) Installing alpine-baselayout (3.7.0-r0)
Executing alpine-baselayout-3.7.0-r0.pre-install
Executing alpine-baselayout-3.7.0-r0.post-install
(28/78) Installing bridge (1.5-r5)
(29/78) Installing ifupdown-ng (0.12.1-r7)
(30/78) Installing openrc-user (0.62.2-r2)
(31/78) Installing openrc (0.62.2-r2)
Executing openrc-0.62.2-r2.post-install
(32/78) Installing mdev-conf (4.8-r0)
(33/78) Installing busybox-mdev-openrc (1.37.0-r18)
(34/78) Installing alpine-conf (3.20.0-r0)
(35/78) Installing alpine-keys (2.5-r0)
(36/78) Installing alpine-release (3.22.0-r0)
(37/78) Installing busybox-openrc (1.37.0-r18)
(38/78) Installing busybox-suid (1.37.0-r18)
(39/78) Installing alpine-base (3.22.0-r0)
(40/78) Installing jansson (2.14.1-r0)
(41/78) Installing zstd-libs (1.5.7-r0)
(42/78) Installing binutils (2.44-r0)
(43/78) Installing libmagic (5.46-r2)
(44/78) Installing file (5.46-r2)
(45/78) Installing libgomp (14.3.0-r1)
(46/78) Installing libatomic (14.3.0-r1)
(47/78) Installing gmp (6.3.0-r3)
(48/78) Installing isl26 (0.26-r1)
(49/78) Installing mpfr4 (4.2.1_p1-r0)
(50/78) Installing mpc1 (1.3.1-r1)
(51/78) Installing gcc (14.3.0-r1)
(52/78) Installing libstdc++-dev (14.3.0-r1)
(53/78) Installing musl-dev (1.2.5-r10)
(54/78) Installing g++ (14.3.0-r1)
(55/78) Installing make (4.4.1-r3)
(56/78) Installing fortify-headers (1.1-r5)
(57/78) Installing build-base (0.5-r3)
(58/78) Installing brotli-libs (1.1.0-r2)
(59/78) Installing c-ares (1.34.5-r0)
(60/78) Installing libunistring (1.3-r0)
(61/78) Installing libidn2 (2.3.7-r0)
(62/78) Installing nghttp2-libs (1.65.0-r0)
(63/78) Installing libpsl (0.21.5-r3)
(64/78) Installing libcurl (8.14.0-r2)
(65/78) Installing libexpat (2.7.1-r0)
(66/78) Installing pcre2 (10.43-r1)
(67/78) Installing git (2.49.0-r0)
(68/78) Installing git-init-template (2.49.0-r0)
(69/78) Installing openssl-dev (3.5.0-r0)
(70/78) Installing libbz2 (1.0.8-r6)
(71/78) Installing perl (5.40.2-r0)
(72/78) Installing perl-error (0.17030-r0)
(73/78) Installing perl-git (2.49.0-r0)
(74/78) Installing git-perl (2.49.0-r0)
(75/78) Installing perl-crypt-openssl-guess (0.15-r1)
(76/78) Installing perl-crypt-openssl-random (0.17-r0)
(77/78) Installing perl-utils (5.40.2-r0)
(78/78) Installing perl-dev (5.40.2-r0)
Executing busybox-1.37.0-r18.trigger
OK: 307 MiB in 78 packages
>>> perl-crypt-openssl-rsa: Fetching https://cpan.metacpan.org/authors/id/T/TO/TODDR/Crypt-OpenSSL-RSA-0.33.tar.gz
>>> perl-crypt-openssl-rsa: Checking sha512sums...
Crypt-OpenSSL-RSA-0.33.tar.gz: OK
>>> perl-crypt-openssl-rsa: Unpacking /var/cache/distfiles/Crypt-OpenSSL-RSA-0.33.tar.gz...
Checking if your kit is complete...
Looks good
Generating a Unix-style Makefile
Writing Makefile for Crypt::OpenSSL::RSA
Writing MYMETA.yml and MYMETA.json
Running Mkbootstrap for RSA ()
"/usr/bin/perl" "/usr/share/perl5/core_perl/ExtUtils/xsubpp"  -typemap '/usr/share/perl5/core_perl/ExtUtils/typemap' -typemap '/tmp/src/Crypt-OpenSSL-RSA-0.33/typemap'  RSA.xs > RSA.xsc
chmod 644 "RSA.bs"
"/usr/bin/perl" -MExtUtils::Command::MM -e 'cp_nonempty' -- RSA.bs blib/arch/auto/Crypt/OpenSSL/RSA/RSA.bs 644
cp RSA.pm blib/lib/Crypt/OpenSSL/RSA.pm
AutoSplitting blib/lib/Crypt/OpenSSL/RSA.pm (blib/lib/auto/Crypt/OpenSSL/RSA)
mv RSA.xsc RSA.c
cc -c  -I/usr/include -D_REENTRANT -D_GNU_SOURCE -D_GNU_SOURCE -fwrapv -fno-strict-aliasing -pipe -fstack-protector-strong -D_LARGEFILE_SOURCE -D_FILE_OFFSET_BITS=64 -Os -fstack-clash-protection -Wformat -Werror=format-security -fno-plt -O2   -DVERSION=\"0.33\" -DXS_VERSION=\"0.33\" -fPIC "-I/usr/lib/perl5/core_perl/CORE"  -DPERL5 -DOPENSSL_NO_KRB5 RSA.c
RSA.xs: In function '_is_private':
RSA.xs:59:5: warning: 'RSA_get0_key' is deprecated: Since OpenSSL 3.0 [-Wdeprecated-declarations]
   59 |     RSA_get0_key(p_rsa->rsa, NULL, NULL, &d);
      |     ^~~~~~~~~~~~
In file included from /usr/include/openssl/x509.h:36,
                 from /usr/include/openssl/pem.h:23,
                 from RSA.xs:10:
/usr/include/openssl/rsa.h:228:28: note: declared here
  228 | OSSL_DEPRECATEDIN_3_0 void RSA_get0_key(const RSA *r,
      |                            ^~~~~~~~~~~~
RSA.xs: In function 'get_message_digest':
RSA.xs:125:13: warning: 'MD5' is deprecated: Since OpenSSL 3.0 [-Wdeprecated-declarations]
  125 |             return MD5(text, text_length, NULL);
      |             ^~~~~~
In file included from RSA.xs:8:
/usr/include/openssl/md5.h:52:38: note: declared here
   52 | OSSL_DEPRECATEDIN_3_0 unsigned char *MD5(const unsigned char *d, size_t n,
      |                                      ^~~
RSA.xs:145:13: warning: 'RIPEMD160' is deprecated: Since OpenSSL 3.0 [-Wdeprecated-declarations]
  145 |             return RIPEMD160(text, text_length, NULL);
      |             ^~~~~~
In file included from RSA.xs:12:
/usr/include/openssl/ripemd.h:49:38: note: declared here
   49 | OSSL_DEPRECATEDIN_3_0 unsigned char *RIPEMD160(const unsigned char *d, size_t n,
      |                                      ^~~~~~~~~
RSA.xs: In function 'rsa_crypt':
RSA.xs:218:5: warning: 'RSA_size' is deprecated: Since OpenSSL 3.0 [-Wdeprecated-declarations]
  218 |     size = RSA_size(p_rsa->rsa);
      |     ^~~~
/usr/include/openssl/rsa.h:215:27: note: declared here
  215 | OSSL_DEPRECATEDIN_3_0 int RSA_size(const RSA *rsa);
      |                           ^~~~~~~~
RSA.xs: In function 'XS_Crypt__OpenSSL__RSA_new_private_key':
RSA.xs:255:9: warning: 'PEM_read_bio_RSAPrivateKey' is deprecated: Since OpenSSL 3.0 [-Wdeprecated-declarations]
  255 |         proto, _load_rsa_key(key_string_SV, PEM_read_bio_RSAPrivateKey, passphase_SV));
      |         ^~~~~
/usr/include/openssl/pem.h:456:1: note: declared here
  456 | DECLARE_PEM_rw_cb_attr(OSSL_DEPRECATEDIN_3_0, RSAPrivateKey, RSA)
      | ^~~~~~~~~~~~~~~~~~~~~~
RSA.xs: In function 'XS_Crypt__OpenSSL__RSA__new_public_key_pkcs1':
RSA.xs:265:9: warning: 'PEM_read_bio_RSAPublicKey' is deprecated: Since OpenSSL 3.0 [-Wdeprecated-declarations]
  265 |         proto, _load_rsa_key(key_string_SV, PEM_read_bio_RSAPublicKey, &PL_sv_undef));
      |         ^~~~~
/usr/include/openssl/pem.h:457:1: note: declared here
  457 | DECLARE_PEM_rw_attr(OSSL_DEPRECATEDIN_3_0, RSAPublicKey, RSA)
      | ^~~~~~~~~~~~~~~~~~~
RSA.xs: In function 'XS_Crypt__OpenSSL__RSA__new_public_key_x509':
RSA.xs:275:9: warning: 'PEM_read_bio_RSA_PUBKEY' is deprecated: Since OpenSSL 3.0 [-Wdeprecated-declarations]
  275 |         proto, _load_rsa_key(key_string_SV, PEM_read_bio_RSA_PUBKEY, &PL_sv_undef));
      |         ^~~~~
/usr/include/openssl/pem.h:458:1: note: declared here
  458 | DECLARE_PEM_rw_attr(OSSL_DEPRECATEDIN_3_0, RSA_PUBKEY, RSA)
      | ^~~~~~~~~~~~~~~~~~~
RSA.xs: In function 'XS_Crypt__OpenSSL__RSA_DESTROY':
RSA.xs:283:5: warning: 'RSA_free' is deprecated: Since OpenSSL 3.0 [-Wdeprecated-declarations]
  283 |     RSA_free(p_rsa->rsa);
      |     ^~~~~~~~
/usr/include/openssl/rsa.h:304:28: note: declared here
  304 | OSSL_DEPRECATEDIN_3_0 void RSA_free(RSA *r);
      |                            ^~~~~~~~
RSA.xs: In function 'XS_Crypt__OpenSSL__RSA_get_private_key_string':
RSA.xs:316:5: warning: 'PEM_write_bio_RSAPrivateKey' is deprecated: Since OpenSSL 3.0 [-Wdeprecated-declarations]
  316 |     PEM_write_bio_RSAPrivateKey(
      |     ^~~~~~~~~~~~~~~~~~~~~~~~~~~
/usr/include/openssl/pem.h:456:1: note: declared here
  456 | DECLARE_PEM_rw_cb_attr(OSSL_DEPRECATEDIN_3_0, RSAPrivateKey, RSA)
      | ^~~~~~~~~~~~~~~~~~~~~~
RSA.xs: In function 'XS_Crypt__OpenSSL__RSA_get_public_key_string':
RSA.xs:330:5: warning: 'PEM_write_bio_RSAPublicKey' is deprecated: Since OpenSSL 3.0 [-Wdeprecated-declarations]
  330 |     PEM_write_bio_RSAPublicKey(stringBIO, p_rsa->rsa);
      |     ^~~~~~~~~~~~~~~~~~~~~~~~~~
/usr/include/openssl/pem.h:457:1: note: declared here
  457 | DECLARE_PEM_rw_attr(OSSL_DEPRECATEDIN_3_0, RSAPublicKey, RSA)
      | ^~~~~~~~~~~~~~~~~~~
RSA.xs: In function 'XS_Crypt__OpenSSL__RSA_get_public_key_x509_string':
RSA.xs:343:5: warning: 'PEM_write_bio_RSA_PUBKEY' is deprecated: Since OpenSSL 3.0 [-Wdeprecated-declarations]
  343 |     PEM_write_bio_RSA_PUBKEY(stringBIO, p_rsa->rsa);
      |     ^~~~~~~~~~~~~~~~~~~~~~~~
/usr/include/openssl/pem.h:458:1: note: declared here
  458 | DECLARE_PEM_rw_attr(OSSL_DEPRECATEDIN_3_0, RSA_PUBKEY, RSA)
      | ^~~~~~~~~~~~~~~~~~~
RSA.xs: In function 'XS_Crypt__OpenSSL__RSA_generate_key':
RSA.xs:362:5: warning: 'RSA_new' is deprecated: Since OpenSSL 3.0 [-Wdeprecated-declarations]
  362 |     rsa = RSA_new();
      |     ^~~
/usr/include/openssl/rsa.h:212:28: note: declared here
  212 | OSSL_DEPRECATEDIN_3_0 RSA *RSA_new(void);
      |                            ^~~~~~~
RSA.xs:363:5: warning: 'RSA_generate_key_ex' is deprecated: Since OpenSSL 3.0 [-Wdeprecated-declarations]
  363 |     rc = RSA_generate_key_ex(rsa, SvIV(bitsSV), e, NULL);
      |     ^~
/usr/include/openssl/rsa.h:271:27: note: declared here
  271 | OSSL_DEPRECATEDIN_3_0 int RSA_generate_key_ex(RSA *rsa, int bits, BIGNUM *e,
      |                           ^~~~~~~~~~~~~~~~~~~
RSA.xs: In function 'XS_Crypt__OpenSSL__RSA__new_key_from_parameters':
RSA.xs:399:5: warning: 'RSA_new' is deprecated: Since OpenSSL 3.0 [-Wdeprecated-declarations]
  399 |     CHECK_OPEN_SSL(rsa = RSA_new());
      |     ^~~~~~~~~~~~~~
/usr/include/openssl/rsa.h:212:28: note: declared here
  212 | OSSL_DEPRECATEDIN_3_0 RSA *RSA_new(void);
      |                            ^~~~~~~
RSA.xs:422:9: warning: 'RSA_set0_factors' is deprecated: Since OpenSSL 3.0 [-Wdeprecated-declarations]
  422 |         THROW(RSA_set0_factors(rsa, p, q));
      |         ^~~~~
/usr/include/openssl/rsa.h:219:27: note: declared here
  219 | OSSL_DEPRECATEDIN_3_0 int RSA_set0_factors(RSA *r, BIGNUM *p, BIGNUM *q);
      |                           ^~~~~~~~~~~~~~~~
RSA.xs:437:9: warning: 'RSA_set0_key' is deprecated: Since OpenSSL 3.0 [-Wdeprecated-declarations]
  437 |         THROW(RSA_set0_key(rsa, n, e, d));
      |         ^~~~~
/usr/include/openssl/rsa.h:218:27: note: declared here
  218 | OSSL_DEPRECATEDIN_3_0 int RSA_set0_key(RSA *r, BIGNUM *n, BIGNUM *e, BIGNUM *d);
      |                           ^~~~~~~~~~~~
RSA.xs:450:9: warning: 'RSA_set0_crt_params' is deprecated: Since OpenSSL 3.0 [-Wdeprecated-declarations]
  450 |         THROW(RSA_set0_crt_params(rsa, dmp1, dmq1, iqmp));
      |         ^~~~~
/usr/include/openssl/rsa.h:220:27: note: declared here
  220 | OSSL_DEPRECATEDIN_3_0 int RSA_set0_crt_params(RSA *r,
      |                           ^~~~~~~~~~~~~~~~~~~
RSA.xs:453:9: warning: 'RSA_check_key' is deprecated: Since OpenSSL 3.0 [-Wdeprecated-declarations]
  453 |         THROW(RSA_check_key(rsa) == 1);
      |         ^~~~~
/usr/include/openssl/rsa.h:289:27: note: declared here
  289 | OSSL_DEPRECATEDIN_3_0 int RSA_check_key(const RSA *);
      |                           ^~~~~~~~~~~~~
RSA.xs:463:13: warning: 'RSA_free' is deprecated: Since OpenSSL 3.0 [-Wdeprecated-declarations]
  463 |             RSA_free(rsa);
      |             ^~~~~~~~
/usr/include/openssl/rsa.h:304:28: note: declared here
  304 | OSSL_DEPRECATEDIN_3_0 void RSA_free(RSA *r);
      |                            ^~~~~~~~
RSA.xs:472:9: warning: 'RSA_set0_key' is deprecated: Since OpenSSL 3.0 [-Wdeprecated-declarations]
  472 |         CHECK_OPEN_SSL(RSA_set0_key(rsa, n, e, d));
      |         ^~~~~~~~~~~~~~
/usr/include/openssl/rsa.h:218:27: note: declared here
  218 | OSSL_DEPRECATEDIN_3_0 int RSA_set0_key(RSA *r, BIGNUM *n, BIGNUM *e, BIGNUM *d);
      |                           ^~~~~~~~~~~~
RSA.xs: In function 'XS_Crypt__OpenSSL__RSA__get_key_parameters':
RSA.xs:506:5: warning: 'RSA_get0_key' is deprecated: Since OpenSSL 3.0 [-Wdeprecated-declarations]
  506 |     RSA_get0_key(rsa, &n, &e, &d);
      |     ^~~~~~~~~~~~
/usr/include/openssl/rsa.h:228:28: note: declared here
  228 | OSSL_DEPRECATEDIN_3_0 void RSA_get0_key(const RSA *r,
      |                            ^~~~~~~~~~~~
RSA.xs:507:5: warning: 'RSA_get0_factors' is deprecated: Since OpenSSL 3.0 [-Wdeprecated-declarations]
  507 |     RSA_get0_factors(rsa, &p, &q);
      |     ^~~~~~~~~~~~~~~~
/usr/include/openssl/rsa.h:231:28: note: declared here
  231 | OSSL_DEPRECATEDIN_3_0 void RSA_get0_factors(const RSA *r,
      |                            ^~~~~~~~~~~~~~~~
RSA.xs:508:5: warning: 'RSA_get0_crt_params' is deprecated: Since OpenSSL 3.0 [-Wdeprecated-declarations]
  508 |     RSA_get0_crt_params(rsa, &dmp1, &dmq1, &iqmp);
      |     ^~~~~~~~~~~~~~~~~~~
/usr/include/openssl/rsa.h:236:28: note: declared here
  236 | OSSL_DEPRECATEDIN_3_0 void RSA_get0_crt_params(const RSA *r,
      |                            ^~~~~~~~~~~~~~~~~~~
RSA.xs: In function 'XS_Crypt__OpenSSL__RSA_encrypt':
RSA.xs:525:5: warning: 'RSA_public_encrypt' is deprecated: Since OpenSSL 3.0 [-Wdeprecated-declarations]
  525 |     RETVAL = rsa_crypt(p_rsa, p_plaintext, RSA_public_encrypt);
      |     ^~~~~~
/usr/include/openssl/rsa.h:293:5: note: declared here
  293 | int RSA_public_encrypt(int flen, const unsigned char *from, unsigned char *to,
      |     ^~~~~~~~~~~~~~~~~~
RSA.xs: In function 'XS_Crypt__OpenSSL__RSA_decrypt':
RSA.xs:538:5: warning: 'RSA_private_decrypt' is deprecated: Since OpenSSL 3.0 [-Wdeprecated-declarations]
  538 |     RETVAL = rsa_crypt(p_rsa, p_ciphertext, RSA_private_decrypt);
      |     ^~~~~~
/usr/include/openssl/rsa.h:302:5: note: declared here
  302 | int RSA_private_decrypt(int flen, const unsigned char *from, unsigned char *to,
      |     ^~~~~~~~~~~~~~~~~~~
RSA.xs: In function 'XS_Crypt__OpenSSL__RSA_private_encrypt':
RSA.xs:551:5: warning: 'RSA_private_encrypt' is deprecated: Since OpenSSL 3.0 [-Wdeprecated-declarations]
  551 |     RETVAL = rsa_crypt(p_rsa, p_plaintext, RSA_private_encrypt);
      |     ^~~~~~
/usr/include/openssl/rsa.h:296:5: note: declared here
  296 | int RSA_private_encrypt(int flen, const unsigned char *from, unsigned char *to,
      |     ^~~~~~~~~~~~~~~~~~~
RSA.xs: In function 'XS_Crypt__OpenSSL__RSA_public_decrypt':
RSA.xs:560:5: warning: 'RSA_public_decrypt' is deprecated: Since OpenSSL 3.0 [-Wdeprecated-declarations]
  560 |     RETVAL = rsa_crypt(p_rsa, p_ciphertext, RSA_public_decrypt);
      |     ^~~~~~
/usr/include/openssl/rsa.h:299:5: note: declared here
  299 | int RSA_public_decrypt(int flen, const unsigned char *from, unsigned char *to,
      |     ^~~~~~~~~~~~~~~~~~
RSA.xs: In function 'XS_Crypt__OpenSSL__RSA_size':
RSA.xs:568:5: warning: 'RSA_size' is deprecated: Since OpenSSL 3.0 [-Wdeprecated-declarations]
  568 |     RETVAL = RSA_size(p_rsa->rsa);
      |     ^~~~~~
/usr/include/openssl/rsa.h:215:27: note: declared here
  215 | OSSL_DEPRECATEDIN_3_0 int RSA_size(const RSA *rsa);
      |                           ^~~~~~~~
RSA.xs: In function 'XS_Crypt__OpenSSL__RSA_check_key':
RSA.xs:580:5: warning: 'RSA_check_key' is deprecated: Since OpenSSL 3.0 [-Wdeprecated-declarations]
  580 |     RETVAL = RSA_check_key(p_rsa->rsa);
      |     ^~~~~~
/usr/include/openssl/rsa.h:289:27: note: declared here
  289 | OSSL_DEPRECATEDIN_3_0 int RSA_check_key(const RSA *);
      |                           ^~~~~~~~~~~~~
RSA.xs: In function 'XS_Crypt__OpenSSL__RSA_sign':
RSA.xs:710:5: warning: 'RSA_size' is deprecated: Since OpenSSL 3.0 [-Wdeprecated-declarations]
  710 |     CHECK_NEW(signature, RSA_size(p_rsa->rsa), char);
      |     ^~~~~~~~~
/usr/include/openssl/rsa.h:215:27: note: declared here
  215 | OSSL_DEPRECATEDIN_3_0 int RSA_size(const RSA *rsa);
      |                           ^~~~~~~~
RSA.xs:710:5: warning: 'RSA_size' is deprecated: Since OpenSSL 3.0 [-Wdeprecated-declarations]
  710 |     CHECK_NEW(signature, RSA_size(p_rsa->rsa), char);
      |     ^~~~~~~~~
/usr/include/openssl/rsa.h:215:27: note: declared here
  215 | OSSL_DEPRECATEDIN_3_0 int RSA_size(const RSA *rsa);
      |                           ^~~~~~~~
RSA.xs:710:5: warning: 'RSA_size' is deprecated: Since OpenSSL 3.0 [-Wdeprecated-declarations]
  710 |     CHECK_NEW(signature, RSA_size(p_rsa->rsa), char);
      |     ^~~~~~~~~
/usr/include/openssl/rsa.h:215:27: note: declared here
  215 | OSSL_DEPRECATEDIN_3_0 int RSA_size(const RSA *rsa);
      |                           ^~~~~~~~
RSA.xs:710:5: warning: 'RSA_size' is deprecated: Since OpenSSL 3.0 [-Wdeprecated-declarations]
  710 |     CHECK_NEW(signature, RSA_size(p_rsa->rsa), char);
      |     ^~~~~~~~~
/usr/include/openssl/rsa.h:215:27: note: declared here
  215 | OSSL_DEPRECATEDIN_3_0 int RSA_size(const RSA *rsa);
      |                           ^~~~~~~~
RSA.xs:713:5: warning: 'RSA_sign' is deprecated: Since OpenSSL 3.0 [-Wdeprecated-declarations]
  713 |     CHECK_OPEN_SSL(RSA_sign(p_rsa->hashMode,
      |     ^~~~~~~~~~~~~~
/usr/include/openssl/rsa.h:359:27: note: declared here
  359 | OSSL_DEPRECATEDIN_3_0 int RSA_sign(int type, const unsigned char *m,
      |                           ^~~~~~~~
RSA.xs: In function 'XS_Crypt__OpenSSL__RSA_verify':
RSA.xs:739:5: warning: 'RSA_size' is deprecated: Since OpenSSL 3.0 [-Wdeprecated-declarations]
  739 |     if (RSA_size(p_rsa->rsa) < sig_length)
      |     ^~
/usr/include/openssl/rsa.h:215:27: note: declared here
  215 | OSSL_DEPRECATEDIN_3_0 int RSA_size(const RSA *rsa);
      |                           ^~~~~~~~
RSA.xs:745:5: warning: 'RSA_verify' is deprecated: Since OpenSSL 3.0 [-Wdeprecated-declarations]
  745 |     switch(RSA_verify(p_rsa->hashMode,
      |     ^~~~~~
/usr/include/openssl/rsa.h:362:27: note: declared here
  362 | OSSL_DEPRECATEDIN_3_0 int RSA_verify(int type, const unsigned char *m,
      |                           ^~~~~~~~~~
rm -f blib/arch/auto/Crypt/OpenSSL/RSA/RSA.so
LD_RUN_PATH="/usr/lib" cc  -shared -Os -fstack-clash-protection -Wformat -Werror=format-security -fno-plt -O2 -L/usr/local/lib -fstack-protector-strong  RSA.o  -o blib/arch/auto/Crypt/OpenSSL/RSA/RSA.so  \
   -L/usr -L/usr/lib -lssl -lcrypto   \
  
chmod 755 blib/arch/auto/Crypt/OpenSSL/RSA/RSA.so
Manifying 1 pod document
"/usr/bin/perl" -MExtUtils::Command::MM -e 'cp_nonempty' -- RSA.bs blib/arch/auto/Crypt/OpenSSL/RSA/RSA.bs 644
PERL_DL_NONLAZY=1 "/usr/bin/perl" "-MExtUtils::Command::MM" "-MTest::Harness" "-e" "undef *Test::Harness::Switches; test_harness(0, 'blib/lib', 'blib/arch')" t/*.t
t/bignum.t .................. skipped: Crypt::OpenSSL::Bignum required for bignum tests
t/format.t .................. ok
t/rsa.t ..................... ok
t/sig_die.t ................. ok
t/z_kwalitee.t .............. skipped: This test is only run for the module author
t/z_meta.t .................. skipped: This test is only run for the module author
t/z_perl_minimum_version.t .. skipped: Author tests not required for installation
t/z_pod-coverage.t .......... skipped: This test is only run for the module author
t/z_pod.t ................... skipped: This test is only run for the module author
All tests successful.
Files=9, Tests=83,  0 wallclock secs ( 0.02 usr  0.00 sys +  0.28 cusr  0.02 csys =  0.32 CPU)
Result: PASS
>>> perl-crypt-openssl-rsa: Entering fakeroot...
"/usr/bin/perl" -MExtUtils::Command::MM -e 'cp_nonempty' -- RSA.bs blib/arch/auto/Crypt/OpenSSL/RSA/RSA.bs 644
Manifying 1 pod document
Appending installation info to /tmp/pkg/perl-crypt-openssl-rsa/usr/lib/perl5/core_perl/perllocal.pod
Files found in blib/arch: installing files in blib/lib into architecture dependent library tree
Installing /tmp/pkg/perl-crypt-openssl-rsa/usr/lib/perl5/vendor_perl/auto/Crypt/OpenSSL/RSA/RSA.so
Installing /tmp/pkg/perl-crypt-openssl-rsa/usr/lib/perl5/vendor_perl/auto/Crypt/OpenSSL/RSA/import_random_seed.al
Installing /tmp/pkg/perl-crypt-openssl-rsa/usr/lib/perl5/vendor_perl/auto/Crypt/OpenSSL/RSA/new_key_from_parameters.al
Installing /tmp/pkg/perl-crypt-openssl-rsa/usr/lib/perl5/vendor_perl/auto/Crypt/OpenSSL/RSA/get_key_parameters.al
Installing /tmp/pkg/perl-crypt-openssl-rsa/usr/lib/perl5/vendor_perl/auto/Crypt/OpenSSL/RSA/autosplit.ix
Installing /tmp/pkg/perl-crypt-openssl-rsa/usr/lib/perl5/vendor_perl/auto/Crypt/OpenSSL/RSA/new_public_key.al
Installing /tmp/pkg/perl-crypt-openssl-rsa/usr/lib/perl5/vendor_perl/Crypt/OpenSSL/RSA.pm
Installing /tmp/pkg/perl-crypt-openssl-rsa/usr/share/man/man3/Crypt::OpenSSL::RSA.3pm
>>> perl-crypt-openssl-rsa-doc*: Running split function doc...
'usr/share/man' -> '/tmp/pkg/perl-crypt-openssl-rsa-doc/usr/share/man'
>>> perl-crypt-openssl-rsa-doc*: Preparing subpackage perl-crypt-openssl-rsa-doc...
>>> perl-crypt-openssl-rsa-doc*: Running postcheck for perl-crypt-openssl-rsa-doc
>>> perl-crypt-openssl-rsa*: Running postcheck for perl-crypt-openssl-rsa
>>> perl-crypt-openssl-rsa*: Preparing package perl-crypt-openssl-rsa...
>>> perl-crypt-openssl-rsa*: Stripping binaries
>>> WARNING: perl-crypt-openssl-rsa*: Redundant /usr/lib in rpath found
>>> perl-crypt-openssl-rsa-doc*: Scanning shared objects
>>> perl-crypt-openssl-rsa*: Scanning shared objects
>>> perl-crypt-openssl-rsa-doc*: Tracing dependencies...
>>> perl-crypt-openssl-rsa-doc*: Package size: 4.1 KB
>>> perl-crypt-openssl-rsa-doc*: Compressing data...
>>> perl-crypt-openssl-rsa-doc*: Create checksum...
>>> perl-crypt-openssl-rsa-doc*: Create perl-crypt-openssl-rsa-doc-0.33-r4.apk
>>> perl-crypt-openssl-rsa*: Tracing dependencies...
	perl
	perl-crypt-openssl-random
	so:libc.musl-x86_64.so.1
	so:libcrypto.so.3
>>> perl-crypt-openssl-rsa*: Package size: 45.7 KB
>>> perl-crypt-openssl-rsa*: Compressing data...
>>> perl-crypt-openssl-rsa*: Create checksum...
>>> perl-crypt-openssl-rsa*: Create perl-crypt-openssl-rsa-0.33-r4.apk
>>> perl-crypt-openssl-rsa: Updating the main/x86_64 repository index...
>>> perl-crypt-openssl-rsa: Signing the index...
>>> perl-crypt-openssl-rsa: Cleaning up srcdir
>>> perl-crypt-openssl-rsa: Cleaning up build chroot
>>> perl-crypt-openssl-rsa: Cleaning up pkgdir
