pigz: not found
>>> perl-test-eol: Building main/perl-test-eol 2.02-r2 (using abuild 3.14.1-r4) started Sun, 18 May 2025 09:39:18 +0000
>>> perl-test-eol: Validating /home/packager/aports/main/perl-test-eol/APKBUILD...
>>> perl-test-eol: Analyzing dependencies...
>>> perl-test-eol: Installing for build: build-base perl
(1/6) Installing libbz2 (1.0.8-r6)
(2/6) Installing perl (5.40.2-r0)
(3/6) Installing .makedepends-perl-test-eol (20250518.093920)
(4/6) Installing perl-error (0.17030-r0)
(5/6) Installing perl-git (2.47.2-r0)
(6/6) Installing git-perl (2.47.2-r0)
Executing busybox-1.37.0-r12.trigger
OK: 297 MiB in 87 packages
>>> perl-test-eol: Cleaning up srcdir
>>> perl-test-eol: Cleaning up pkgdir
>>> perl-test-eol: Cleaning up tmpdir
>>> perl-test-eol: Fetching https://cpan.metacpan.org/authors/id/E/ET/ETHER/Test-EOL-2.02.tar.gz
Connecting to cpan.metacpan.org (146.75.122.217:443)
saving to '/var/cache/distfiles/Test-EOL-2.02.tar.gz.part'
Test-EOL-2.02.tar.gz 100% |********************************| 32739  0:00:00 ETA
'/var/cache/distfiles/Test-EOL-2.02.tar.gz.part' saved
>>> perl-test-eol: Fetching https://cpan.metacpan.org/authors/id/E/ET/ETHER/Test-EOL-2.02.tar.gz
>>> perl-test-eol: Checking sha512sums...
Test-EOL-2.02.tar.gz: OK
>>> perl-test-eol: Unpacking /var/cache/distfiles/Test-EOL-2.02.tar.gz...
Checking if your kit is complete...
Looks good
Generating a Unix-style Makefile
Writing Makefile for Test::EOL
Writing MYMETA.yml and MYMETA.json
cp lib/Test/EOL.pm blib/lib/Test/EOL.pm
Manifying 1 pod document
PERL_DL_NONLAZY=1 "/usr/bin/perl" "-MExtUtils::Command::MM" "-MTest::Harness" "-e" "undef *Test::Harness::Switches; test_harness(0, 'blib/lib', 'blib/arch')" t/*.t
# 
# Versions for all modules listed in MYMETA.json (including optional ones):
# 
# === Configure Requires ===
# 
#     Module              Want Have
#     ------------------- ---- ----
#     ExtUtils::MakeMaker  any 7.70
# 
# === Configure Suggests ===
# 
#     Module      Want Have
#     -------- ------- ----
#     JSON::PP 2.27300 4.16
# 
# === Build Requires ===
# 
#     Module              Want Have
#     ------------------- ---- ----
#     ExtUtils::MakeMaker  any 7.70
# 
# === Test Requires ===
# 
#     Module              Want     Have
#     ------------------- ---- --------
#     ExtUtils::MakeMaker  any     7.70
#     File::Spec           any     3.91
#     File::Temp           any   0.2311
#     Test::More          0.88 1.302199
# 
# === Test Recommends ===
# 
#     Module         Want     Have
#     ---------- -------- --------
#     CPAN::Meta 2.120900 2.150010
# 
# === Runtime Requires ===
# 
#     Module        Want     Have
#     ------------- ---- --------
#     Cwd            any     3.91
#     File::Find     any     1.44
#     File::Spec     any     3.91
#     Test::Builder  any 1.302199
#     strict         any     1.13
#     warnings       any     1.70
# 
# === Other Modules ===
# 
#     Module             Have
#     --------------- -------
#     Encode             3.21
#     File::Temp       0.2311
#     JSON::PP           4.16
#     Module::Runtime missing
#     Pod::Coverage   missing
#     Sub::Name       missing
#     YAML            missing
#     autodie            2.37
# 
t/00-report-prereqs.t .. ok
t/10-use-self.t ........ ok
t/11-all.t ............. ok
t/12-fail.t ............ ok
t/13-latin1.t .......... ok
t/20-all_files.t ....... ok
All tests successful.
Files=6, Tests=24,  1 wallclock secs ( 0.03 usr  0.01 sys +  0.98 cusr  0.19 csys =  1.21 CPU)
Result: PASS
>>> perl-test-eol: Entering fakeroot...
Manifying 1 pod document
Installing /home/packager/aports/main/perl-test-eol/pkg/perl-test-eol/usr/share/perl5/vendor_perl/Test/EOL.pm
Installing /home/packager/aports/main/perl-test-eol/pkg/perl-test-eol/usr/share/man/man3/Test::EOL.3pm
>>> perl-test-eol-doc*: Running split function doc...
'usr/share/man' -> '/home/packager/aports/main/perl-test-eol/pkg/perl-test-eol-doc/usr/share/man'
>>> perl-test-eol-doc*: Preparing subpackage perl-test-eol-doc...
>>> perl-test-eol-doc*: Running postcheck for perl-test-eol-doc
>>> perl-test-eol*: Running postcheck for perl-test-eol
>>> perl-test-eol*: Preparing package perl-test-eol...
>>> perl-test-eol-doc*: Tracing dependencies...
>>> perl-test-eol-doc*: Package size: 2.7 KB
>>> perl-test-eol-doc*: Compressing data...
>>> perl-test-eol-doc*: Create checksum...
pigz: not found
>>> perl-test-eol-doc*: Create perl-test-eol-doc-2.02-r2.apk
>>> perl-test-eol*: Tracing dependencies...
	perl
>>> perl-test-eol*: Package size: 9.6 KB
>>> perl-test-eol*: Compressing data...
>>> perl-test-eol*: Create checksum...
pigz: not found
>>> perl-test-eol*: Create perl-test-eol-2.02-r2.apk
>>> perl-test-eol: Build complete at Sun, 18 May 2025 09:39:23 +0000 elapsed time 0h 0m 5s
>>> perl-test-eol: Cleaning up srcdir
>>> perl-test-eol: Cleaning up pkgdir
>>> perl-test-eol: Uninstalling dependencies...
(1/6) Purging .makedepends-perl-test-eol (20250518.093920)
(2/6) Purging git-perl (2.47.2-r0)
(3/6) Purging perl-git (2.47.2-r0)
(4/6) Purging perl-error (0.17030-r0)
(5/6) Purging perl (5.40.2-r0)
(6/6) Purging libbz2 (1.0.8-r6)
Executing busybox-1.37.0-r12.trigger
OK: 261 MiB in 81 packages
>>> perl-test-eol: Updating the main/x86_64 repository index...
>>> perl-test-eol: Signing the index...
pigz: not found
