>>> perl-package-deprecationmanager: Validating /home/packager/oily-pine/main/perl-package-deprecationmanager/APKBUILD...
>>> perl-package-deprecationmanager: Cleaning up srcdir
>>> perl-package-deprecationmanager: Cleaning up pkgdir
>>> perl-package-deprecationmanager: Cleaning up tmpdir
>>> perl-package-deprecationmanager: Fetching https://cpan.metacpan.org/authors/id/D/DR/DROLSKY/Package-DeprecationManager-0.18.tar.gz
  % Total    % Received % Xferd  Average Speed   Time    Time     Time  Current
                                 Dload  Upload   Total   Spent    Left  Speed
  0     0    0     0    0     0      0      0 --:--:-- --:--:-- --:--:--     0100 31812  100 31812    0     0   186k      0 --:--:-- --:--:-- --:--:--  187k
>>> perl-package-deprecationmanager: Fetching https://cpan.metacpan.org/authors/id/D/DR/DROLSKY/Package-DeprecationManager-0.18.tar.gz
>>> perl-package-deprecationmanager: Checking sha512sums...
Package-DeprecationManager-0.18.tar.gz: OK
>>> perl-package-deprecationmanager: Preparing build chroot...
fetch http://dl-cdn.alpinelinux.org/alpine/edge/main/x86_64/APKINDEX.tar.gz
(1/84) Installing musl (1.2.5-r10)
(2/84) Installing libcrypto3 (3.5.0-r0)
(3/84) Installing ca-certificates-bundle (20241121-r2)
(4/84) Installing libssl3 (3.5.0-r0)
(5/84) Installing zlib (1.3.1-r2)
(6/84) Installing libapk2 (2.14.9-r2)
(7/84) Installing apk-tools (2.14.9-r2)
(8/84) Installing libcap2 (2.76-r0)
(9/84) Installing libcap-getcap (2.76-r0)
(10/84) Installing fakeroot (1.37.1.1-r0)
(11/84) Installing scanelf (1.3.8-r1)
(12/84) Installing musl-utils (1.2.5-r10)
(13/84) Installing libgcc (14.3.0-r1)
(14/84) Installing libstdc++ (14.3.0-r1)
(15/84) Installing lzip (1.25-r0)
(16/84) Installing openssl (3.5.0-r0)
(17/84) Installing patch (2.8-r0)
(18/84) Installing pkgconf (2.4.3-r0)
(19/84) Installing acl-libs (2.3.2-r1)
(20/84) Installing tar (1.35-r3)
(21/84) Installing busybox (1.37.0-r18)
Executing busybox-1.37.0-r18.post-install
(22/84) Installing ssl_client (1.37.0-r18)
(23/84) Installing busybox-binsh (1.37.0-r18)
(24/84) Installing abuild (3.15.0-r0)
Executing abuild-3.15.0-r0.pre-install
(25/84) Installing abuild-sudo (3.15.0-r0)
(26/84) Installing alpine-baselayout-data (3.7.0-r0)
(27/84) Installing alpine-baselayout (3.7.0-r0)
Executing alpine-baselayout-3.7.0-r0.pre-install
Executing alpine-baselayout-3.7.0-r0.post-install
(28/84) Installing bridge (1.5-r5)
(29/84) Installing ifupdown-ng (0.12.1-r7)
(30/84) Installing openrc-user (0.62.2-r2)
(31/84) Installing openrc (0.62.2-r2)
Executing openrc-0.62.2-r2.post-install
(32/84) Installing mdev-conf (4.8-r0)
(33/84) Installing busybox-mdev-openrc (1.37.0-r18)
(34/84) Installing alpine-conf (3.20.0-r0)
(35/84) Installing alpine-keys (2.5-r0)
(36/84) Installing alpine-release (3.22.0-r0)
(37/84) Installing busybox-openrc (1.37.0-r18)
(38/84) Installing busybox-suid (1.37.0-r18)
(39/84) Installing alpine-base (3.22.0-r0)
(40/84) Installing jansson (2.14.1-r0)
(41/84) Installing zstd-libs (1.5.7-r0)
(42/84) Installing binutils (2.44-r0)
(43/84) Installing libmagic (5.46-r2)
(44/84) Installing file (5.46-r2)
(45/84) Installing libgomp (14.3.0-r1)
(46/84) Installing libatomic (14.3.0-r1)
(47/84) Installing gmp (6.3.0-r3)
(48/84) Installing isl26 (0.26-r1)
(49/84) Installing mpfr4 (4.2.1_p1-r0)
(50/84) Installing mpc1 (1.3.1-r1)
(51/84) Installing gcc (14.3.0-r1)
(52/84) Installing libstdc++-dev (14.3.0-r1)
(53/84) Installing musl-dev (1.2.5-r10)
(54/84) Installing g++ (14.3.0-r1)
(55/84) Installing make (4.4.1-r3)
(56/84) Installing fortify-headers (1.1-r5)
(57/84) Installing build-base (0.5-r3)
(58/84) Installing brotli-libs (1.1.0-r2)
(59/84) Installing c-ares (1.34.5-r0)
(60/84) Installing libunistring (1.3-r0)
(61/84) Installing libidn2 (2.3.7-r0)
(62/84) Installing nghttp2-libs (1.65.0-r0)
(63/84) Installing libpsl (0.21.5-r3)
(64/84) Installing libcurl (8.14.0-r2)
(65/84) Installing libexpat (2.7.1-r0)
(66/84) Installing pcre2 (10.43-r1)
(67/84) Installing git (2.49.0-r0)
(68/84) Installing git-init-template (2.49.0-r0)
(69/84) Installing libbz2 (1.0.8-r6)
(70/84) Installing perl (5.40.2-r0)
(71/84) Installing perl-error (0.17030-r0)
(72/84) Installing perl-git (2.49.0-r0)
(73/84) Installing git-perl (2.49.0-r0)
(74/84) Installing perl-utils (5.40.2-r0)
(75/84) Installing perl-dev (5.40.2-r0)
(76/84) Installing perl-module-runtime (0.016-r6)
(77/84) Installing perl-dist-checkconflicts (0.11-r4)
(78/84) Installing perl-try-tiny (0.32-r0)
(79/84) Installing perl-module-implementation (0.09-r5)
(80/84) Installing perl-package-stash (0.40-r1)
(81/84) Installing perl-params-util (1.102-r5)
(82/84) Installing perl-sub-install (0.929-r2)
(83/84) Installing perl-test-fatal (0.017-r1)
(84/84) Installing perl-test-warnings (0.038-r0)
Executing busybox-1.37.0-r18.trigger
OK: 306 MiB in 84 packages
>>> perl-package-deprecationmanager: Fetching https://cpan.metacpan.org/authors/id/D/DR/DROLSKY/Package-DeprecationManager-0.18.tar.gz
>>> perl-package-deprecationmanager: Checking sha512sums...
Package-DeprecationManager-0.18.tar.gz: OK
>>> perl-package-deprecationmanager: Unpacking /var/cache/distfiles/Package-DeprecationManager-0.18.tar.gz...
Checking if your kit is complete...
Looks good
Generating a Unix-style Makefile
Writing Makefile for Package::DeprecationManager
Writing MYMETA.yml and MYMETA.json
cp lib/Package/DeprecationManager.pm blib/lib/Package/DeprecationManager.pm
Manifying 1 pod document
PERL_DL_NONLAZY=1 "/usr/bin/perl" "-MExtUtils::Command::MM" "-MTest::Harness" "-e" "undef *Test::Harness::Switches; test_harness(0, 'blib/lib', 'blib/arch')" t/*.t
# 
# Versions for all modules listed in MYMETA.json (including optional ones):
# 
# === Configure Requires ===
# 
#     Module              Want Have
#     ------------------- ---- ----
#     ExtUtils::MakeMaker  any 7.70
# 
# === Build Requires ===
# 
#     Module              Want Have
#     ------------------- ---- ----
#     ExtUtils::MakeMaker  any 7.70
# 
# === Test Requires ===
# 
#     Module              Want     Have
#     ------------------- ---- --------
#     Exporter             any     5.78
#     ExtUtils::MakeMaker  any     7.70
#     File::Spec           any     3.91
#     Test::Fatal          any    0.017
#     Test::More          0.96 1.302199
#     Test::Warnings       any    0.038
# 
# === Test Recommends ===
# 
#     Module         Want     Have
#     ---------- -------- --------
#     CPAN::Meta 2.120900 2.150010
# 
# === Runtime Requires ===
# 
#     Module         Want  Have
#     -------------- ---- -----
#     Carp            any  1.54
#     List::Util     1.33  1.63
#     Package::Stash  any  0.40
#     Params::Util    any 1.102
#     Sub::Install    any 0.929
#     Sub::Util       any  1.63
#     strict          any  1.13
#     warnings        any  1.70
# 
t/00-report-prereqs.t .. ok
t/basic.t .............. ok
t/export.t ............. ok
All tests successful.
Files=3, Tests=30,  0 wallclock secs ( 0.02 usr  0.00 sys +  0.18 cusr  0.02 csys =  0.22 CPU)
Result: PASS
>>> perl-package-deprecationmanager: Entering fakeroot...
Manifying 1 pod document
Appending installation info to /tmp/pkg/perl-package-deprecationmanager/usr/lib/perl5/core_perl/perllocal.pod
Installing /tmp/pkg/perl-package-deprecationmanager/usr/share/perl5/vendor_perl/Package/DeprecationManager.pm
Installing /tmp/pkg/perl-package-deprecationmanager/usr/share/man/man3/Package::DeprecationManager.3pm
>>> perl-package-deprecationmanager-doc*: Running split function doc...
'usr/share/man' -> '/tmp/pkg/perl-package-deprecationmanager-doc/usr/share/man'
>>> perl-package-deprecationmanager-doc*: Preparing subpackage perl-package-deprecationmanager-doc...
>>> perl-package-deprecationmanager-doc*: Running postcheck for perl-package-deprecationmanager-doc
>>> perl-package-deprecationmanager*: Running postcheck for perl-package-deprecationmanager
>>> perl-package-deprecationmanager*: Preparing package perl-package-deprecationmanager...
>>> perl-package-deprecationmanager-doc*: Tracing dependencies...
>>> perl-package-deprecationmanager-doc*: Package size: 3.3 KB
>>> perl-package-deprecationmanager-doc*: Compressing data...
>>> perl-package-deprecationmanager-doc*: Create checksum...
>>> perl-package-deprecationmanager-doc*: Create perl-package-deprecationmanager-doc-0.18-r1.apk
>>> perl-package-deprecationmanager*: Tracing dependencies...
	perl
	perl-sub-install
	perl-params-util
	perl-package-stash
>>> perl-package-deprecationmanager*: Package size: 10.1 KB
>>> perl-package-deprecationmanager*: Compressing data...
>>> perl-package-deprecationmanager*: Create checksum...
>>> perl-package-deprecationmanager*: Create perl-package-deprecationmanager-0.18-r1.apk
>>> perl-package-deprecationmanager: Updating the main/x86_64 repository index...
>>> perl-package-deprecationmanager: Signing the index...
>>> perl-package-deprecationmanager: Cleaning up srcdir
>>> perl-package-deprecationmanager: Cleaning up build chroot
>>> perl-package-deprecationmanager: Cleaning up pkgdir
