pigz: not found
>>> perl-module-metadata: Building main/perl-module-metadata 1.000038-r2 (using abuild 3.14.1-r4) started Sun, 18 May 2025 09:31:26 +0000
>>> perl-module-metadata: Validating /home/packager/aports/main/perl-module-metadata/APKBUILD...
>>> perl-module-metadata: Analyzing dependencies...
>>> perl-module-metadata: Installing for build: build-base perl
(1/6) Installing libbz2 (1.0.8-r6)
(2/6) Installing perl (5.40.2-r0)
(3/6) Installing .makedepends-perl-module-metadata (20250518.093127)
(4/6) Installing perl-error (0.17030-r0)
(5/6) Installing perl-git (2.47.2-r0)
(6/6) Installing git-perl (2.47.2-r0)
Executing busybox-1.37.0-r12.trigger
OK: 297 MiB in 87 packages
>>> perl-module-metadata: Cleaning up srcdir
>>> perl-module-metadata: Cleaning up pkgdir
>>> perl-module-metadata: Cleaning up tmpdir
>>> perl-module-metadata: Fetching https://cpan.metacpan.org/authors/id/E/ET/ETHER/Module-Metadata-1.000038.tar.gz
Connecting to cpan.metacpan.org (146.75.122.217:443)
saving to '/var/cache/distfiles/Module-Metadata-1.000038.tar.gz.part'
Module-Metadata-1.00  37% |***********                     | 19306  0:00:01 ETA
Module-Metadata-1.00 100% |********************************| 51497  0:00:00 ETA
'/var/cache/distfiles/Module-Metadata-1.000038.tar.gz.part' saved
>>> perl-module-metadata: Fetching https://cpan.metacpan.org/authors/id/E/ET/ETHER/Module-Metadata-1.000038.tar.gz
>>> perl-module-metadata: Checking sha512sums...
Module-Metadata-1.000038.tar.gz: OK
>>> perl-module-metadata: Unpacking /var/cache/distfiles/Module-Metadata-1.000038.tar.gz...
Checking if your kit is complete...
Looks good
Generating a Unix-style Makefile
Writing Makefile for Module::Metadata
Writing MYMETA.yml and MYMETA.json
cp lib/Module/Metadata.pm blib/lib/Module/Metadata.pm
Manifying 1 pod document
PERL_DL_NONLAZY=1 "/usr/bin/perl" "-MExtUtils::Command::MM" "-MTest::Harness" "-e" "undef *Test::Harness::Switches; test_harness(0, 'blib/lib', 'blib/arch')" t/*.t
# 
# Versions for all modules listed in MYMETA.json (including optional ones):
# 
# === Configure Requires ===
# 
#     Module               Want     Have
#     ------------------- ----- --------
#     ExtUtils::MakeMaker   any     7.70
#     perl                5.006 5.040002
# 
# === Build Requires ===
# 
#     Module              Want Have
#     ------------------- ---- ----
#     ExtUtils::MakeMaker  any 7.70
# 
# === Test Requires ===
# 
#     Module               Want     Have
#     ------------------- ----- --------
#     Cwd                   any     3.91
#     ExtUtils::MakeMaker   any     7.70
#     File::Basename        any     2.86
#     File::Path            any     2.18
#     File::Spec            any     3.91
#     File::Temp            any   0.2311
#     IO::File              any     1.55
#     Test::More           0.88 1.302199
#     lib                   any     0.65
#     perl                5.006 5.040002
# 
# === Test Recommends ===
# 
#     Module         Want     Have
#     ---------- -------- --------
#     CPAN::Meta 2.120900 2.150010
# 
# === Runtime Requires ===
# 
#     Module      Want     Have
#     ---------- ----- --------
#     Carp         any     1.54
#     Encode       any     3.21
#     Fcntl        any     1.18
#     File::Find   any     1.44
#     File::Spec   any     3.91
#     perl       5.006 5.040002
#     strict       any     1.13
#     version     0.87   0.9930
#     warnings     any     1.70
# 
# === Other Modules ===
# 
#     Module             Have
#     --------------- -------
#     Encode             3.21
#     File::Temp       0.2311
#     JSON::PP           4.16
#     Module::Runtime missing
#     Pod::Coverage   missing
#     Sub::Name       missing
#     YAML            missing
#     autodie            2.37
# 
t/00-report-prereqs.t .. ok
t/contains_pod.t ....... ok
t/encoding.t ........... ok
t/endpod.t ............. ok
t/extract-package.t .... ok
t/extract-version.t .... ok
t/metadata.t ........... ok
t/taint.t .............. ok
t/version.t ............ ok
All tests successful.
Files=9, Tests=385,  2 wallclock secs ( 0.09 usr  0.02 sys +  1.00 cusr  0.20 csys =  1.31 CPU)
Result: PASS
>>> perl-module-metadata: Entering fakeroot...
Manifying 1 pod document
Appending installation info to /home/packager/aports/main/perl-module-metadata/pkg/perl-module-metadata/usr/lib/perl5/core_perl/perllocal.pod
Installing /home/packager/aports/main/perl-module-metadata/pkg/perl-module-metadata/usr/share/perl5/vendor_perl/Module/Metadata.pm
Installing /home/packager/aports/main/perl-module-metadata/pkg/perl-module-metadata/usr/share/man/man3/Module::Metadata.3pm
>>> perl-module-metadata*: Running postcheck for perl-module-metadata
>>> perl-module-metadata*: Preparing package perl-module-metadata...
>>> perl-module-metadata*: Tracing dependencies...
	perl
>>> perl-module-metadata*: Package size: 33.8 KB
>>> perl-module-metadata*: Compressing data...
>>> perl-module-metadata*: Create checksum...
pigz: not found
>>> perl-module-metadata*: Create perl-module-metadata-1.000038-r2.apk
>>> perl-module-metadata: Build complete at Sun, 18 May 2025 09:31:31 +0000 elapsed time 0h 0m 5s
>>> perl-module-metadata: Cleaning up srcdir
>>> perl-module-metadata: Cleaning up pkgdir
>>> perl-module-metadata: Uninstalling dependencies...
(1/6) Purging .makedepends-perl-module-metadata (20250518.093127)
(2/6) Purging git-perl (2.47.2-r0)
(3/6) Purging perl-git (2.47.2-r0)
(4/6) Purging perl-error (0.17030-r0)
(5/6) Purging perl (5.40.2-r0)
(6/6) Purging libbz2 (1.0.8-r6)
Executing busybox-1.37.0-r12.trigger
OK: 261 MiB in 81 packages
>>> perl-module-metadata: Updating the main/x86_64 repository index...
>>> perl-module-metadata: Signing the index...
pigz: not found
