pigz: not found
>>> perl-set-intspan: Building main/perl-set-intspan 1.19-r5 (using abuild 3.14.1-r4) started Sun, 18 May 2025 10:02:34 +0000
>>> perl-set-intspan: Validating /home/packager/aports/main/perl-set-intspan/APKBUILD...
>>> perl-set-intspan: Analyzing dependencies...
>>> perl-set-intspan: Installing for build: build-base perl perl-dev
(1/8) Installing libbz2 (1.0.8-r6)
(2/8) Installing perl (5.40.2-r0)
(3/8) Installing perl-utils (5.40.2-r0)
(4/8) Installing perl-dev (5.40.2-r0)
(5/8) Installing .makedepends-perl-set-intspan (20250518.100237)
(6/8) Installing perl-error (0.17030-r0)
(7/8) Installing perl-git (2.47.2-r0)
(8/8) Installing git-perl (2.47.2-r0)
Executing busybox-1.37.0-r12.trigger
OK: 307 MiB in 89 packages
>>> perl-set-intspan: Cleaning up srcdir
>>> perl-set-intspan: Cleaning up pkgdir
>>> perl-set-intspan: Cleaning up tmpdir
>>> perl-set-intspan: Fetching https://cpan.metacpan.org/authors/id/S/SW/SWMCD/Set-IntSpan-1.19.tar.gz
Connecting to cpan.metacpan.org (146.75.122.217:443)
saving to '/var/cache/distfiles/Set-IntSpan-1.19.tar.gz.part'
Set-IntSpan-1.19.tar 100% |********************************| 26640  0:00:00 ETA
'/var/cache/distfiles/Set-IntSpan-1.19.tar.gz.part' saved
>>> perl-set-intspan: Fetching https://cpan.metacpan.org/authors/id/S/SW/SWMCD/Set-IntSpan-1.19.tar.gz
>>> perl-set-intspan: Checking sha512sums...
Set-IntSpan-1.19.tar.gz: OK
>>> perl-set-intspan: Unpacking /var/cache/distfiles/Set-IntSpan-1.19.tar.gz...
Checking if your kit is complete...
Looks good
Generating a Unix-style Makefile
Writing Makefile for Set::IntSpan
Writing MYMETA.yml and MYMETA.json
cp IntSpan.pm blib/lib/Set/IntSpan.pm
Manifying 1 pod document
PERL_DL_NONLAZY=1 "/usr/bin/perl" "-MExtUtils::Command::MM" "-MTest::Harness" "-e" "undef *Test::Harness::Switches; test_harness(0, 'blib/lib', 'blib/arch')" t/*.t
t/binary.t .... ok
t/bsearch.t ... ok
t/cardinal.t .. ok
t/creation.t .. ok
t/error.t ..... ok
t/index.t ..... ok
t/island.t .... ok
t/iterator.t .. ok
t/member.t .... ok
t/no-int.t .... ok
t/ord.t ....... ok
t/overload.t .. ok
t/real_set.t .. ok
t/relation.t .. ok
t/set_spec.t .. ok
t/span_ord.t .. ok
t/spans.t ..... ok
t/subclass.t .. ok
t/unary.t ..... ok
t/use-int.t ... ok
All tests successful.
Files=20, Tests=1947,  1 wallclock secs ( 0.20 usr  0.03 sys +  0.47 cusr  0.08 csys =  0.78 CPU)
Result: PASS
>>> perl-set-intspan: Entering fakeroot...
Manifying 1 pod document
Appending installation info to /home/packager/aports/main/perl-set-intspan/pkg/perl-set-intspan/usr/lib/perl5/core_perl/perllocal.pod
Installing /home/packager/aports/main/perl-set-intspan/pkg/perl-set-intspan/usr/share/perl5/vendor_perl/Set/IntSpan.pm
Installing /home/packager/aports/main/perl-set-intspan/pkg/perl-set-intspan/usr/share/man/man3/Set::IntSpan.3pm
>>> perl-set-intspan-doc*: Running split function doc...
'usr/share/man' -> '/home/packager/aports/main/perl-set-intspan/pkg/perl-set-intspan-doc/usr/share/man'
>>> perl-set-intspan-doc*: Preparing subpackage perl-set-intspan-doc...
>>> perl-set-intspan-doc*: Running postcheck for perl-set-intspan-doc
>>> perl-set-intspan*: Running postcheck for perl-set-intspan
>>> perl-set-intspan*: Preparing package perl-set-intspan...
>>> perl-set-intspan-doc*: Tracing dependencies...
>>> perl-set-intspan-doc*: Package size: 9.5 KB
>>> perl-set-intspan-doc*: Compressing data...
>>> perl-set-intspan-doc*: Create checksum...
pigz: not found
>>> perl-set-intspan-doc*: Create perl-set-intspan-doc-1.19-r5.apk
>>> perl-set-intspan*: Tracing dependencies...
	perl
>>> perl-set-intspan*: Package size: 50.7 KB
>>> perl-set-intspan*: Compressing data...
>>> perl-set-intspan*: Create checksum...
pigz: not found
>>> perl-set-intspan*: Create perl-set-intspan-1.19-r5.apk
>>> perl-set-intspan: Build complete at Sun, 18 May 2025 10:02:40 +0000 elapsed time 0h 0m 6s
>>> perl-set-intspan: Cleaning up srcdir
>>> perl-set-intspan: Cleaning up pkgdir
>>> perl-set-intspan: Uninstalling dependencies...
(1/8) Purging .makedepends-perl-set-intspan (20250518.100237)
(2/8) Purging perl-dev (5.40.2-r0)
(3/8) Purging perl-utils (5.40.2-r0)
(4/8) Purging git-perl (2.47.2-r0)
(5/8) Purging perl-git (2.47.2-r0)
(6/8) Purging perl-error (0.17030-r0)
(7/8) Purging perl (5.40.2-r0)
(8/8) Purging libbz2 (1.0.8-r6)
Executing busybox-1.37.0-r12.trigger
OK: 261 MiB in 81 packages
>>> perl-set-intspan: Updating the main/x86_64 repository index...
>>> perl-set-intspan: Signing the index...
pigz: not found
