pigz: not found
>>> perl-test-requiresinternet: Building main/perl-test-requiresinternet 0.05-r4 (using abuild 3.14.1-r4) started Sun, 18 May 2025 07:10:20 +0000
>>> perl-test-requiresinternet: Validating /home/packager/aports/main/perl-test-requiresinternet/APKBUILD...
>>> perl-test-requiresinternet: Analyzing dependencies...
>>> perl-test-requiresinternet: Installing for build: build-base perl
(1/6) Installing libbz2 (1.0.8-r6)
(2/6) Installing perl (5.40.2-r0)
(3/6) Installing .makedepends-perl-test-requiresinternet (20250518.071022)
(4/6) Installing perl-error (0.17029-r2)
(5/6) Installing perl-git (2.47.2-r0)
(6/6) Installing git-perl (2.47.2-r0)
Executing busybox-1.37.0-r12.trigger
OK: 297 MiB in 87 packages
>>> perl-test-requiresinternet: Cleaning up srcdir
>>> perl-test-requiresinternet: Cleaning up pkgdir
>>> perl-test-requiresinternet: Cleaning up tmpdir
>>> perl-test-requiresinternet: Fetching https://cpan.metacpan.org/authors/id/M/MA/MALLEN/Test-RequiresInternet-0.05.tar.gz
Connecting to cpan.metacpan.org (146.75.122.217:443)
saving to '/var/cache/distfiles/Test-RequiresInternet-0.05.tar.gz.part'
Test-RequiresInterne 100% |********************************| 11029  0:00:00 ETA
'/var/cache/distfiles/Test-RequiresInternet-0.05.tar.gz.part' saved
>>> perl-test-requiresinternet: Fetching https://cpan.metacpan.org/authors/id/M/MA/MALLEN/Test-RequiresInternet-0.05.tar.gz
>>> perl-test-requiresinternet: Checking sha512sums...
Test-RequiresInternet-0.05.tar.gz: OK
>>> perl-test-requiresinternet: Unpacking /var/cache/distfiles/Test-RequiresInternet-0.05.tar.gz...
Checking if your kit is complete...
Looks good
Generating a Unix-style Makefile
Writing Makefile for Test::RequiresInternet
Writing MYMETA.yml and MYMETA.json
cp lib/Test/RequiresInternet.pm blib/lib/Test/RequiresInternet.pm
Manifying 1 pod document
PERL_DL_NONLAZY=1 "/usr/bin/perl" "-MExtUtils::Command::MM" "-MTest::Harness" "-e" "undef *Test::Harness::Switches; test_harness(0, 'blib/lib', 'blib/arch')" t/*.t
# Testing Test::RequiresInternet 0.05, Perl 5.040002, /usr/bin/perl
t/00_load.t ............ ok
t/01_getserv.t ......... ok
t/02_multiple_hosts.t .. ok
t/03_badhost.t ......... skipped: no host: foobar
t/04_env.t ............. skipped: NO_NETWORK_TESTING
t/05_badarg.t .......... ok
t/06_badport.t ......... skipped: Could not find a port number for foobar
All tests successful.
Files=7, Tests=4,  0 wallclock secs ( 0.03 usr  0.00 sys +  0.44 cusr  0.09 csys =  0.56 CPU)
Result: PASS
>>> perl-test-requiresinternet: Entering fakeroot...
Manifying 1 pod document
Appending installation info to /home/packager/aports/main/perl-test-requiresinternet/pkg/perl-test-requiresinternet/usr/lib/perl5/core_perl/perllocal.pod
Installing /home/packager/aports/main/perl-test-requiresinternet/pkg/perl-test-requiresinternet/usr/share/perl5/vendor_perl/Test/RequiresInternet.pm
Installing /home/packager/aports/main/perl-test-requiresinternet/pkg/perl-test-requiresinternet/usr/share/man/man3/Test::RequiresInternet.3pm
>>> perl-test-requiresinternet-doc*: Running split function doc...
'usr/share/man' -> '/home/packager/aports/main/perl-test-requiresinternet/pkg/perl-test-requiresinternet-doc/usr/share/man'
>>> perl-test-requiresinternet-doc*: Preparing subpackage perl-test-requiresinternet-doc...
>>> perl-test-requiresinternet-doc*: Running postcheck for perl-test-requiresinternet-doc
>>> perl-test-requiresinternet*: Running postcheck for perl-test-requiresinternet
>>> perl-test-requiresinternet*: Preparing package perl-test-requiresinternet...
>>> perl-test-requiresinternet-doc*: Tracing dependencies...
>>> perl-test-requiresinternet-doc*: Package size: 1.6 KB
>>> perl-test-requiresinternet-doc*: Compressing data...
>>> perl-test-requiresinternet-doc*: Create checksum...
pigz: not found
>>> perl-test-requiresinternet-doc*: Create perl-test-requiresinternet-doc-0.05-r4.apk
>>> perl-test-requiresinternet*: Tracing dependencies...
	perl
>>> perl-test-requiresinternet*: Package size: 2.9 KB
>>> perl-test-requiresinternet*: Compressing data...
>>> perl-test-requiresinternet*: Create checksum...
pigz: not found
>>> perl-test-requiresinternet*: Create perl-test-requiresinternet-0.05-r4.apk
>>> perl-test-requiresinternet: Build complete at Sun, 18 May 2025 07:10:25 +0000 elapsed time 0h 0m 5s
>>> perl-test-requiresinternet: Cleaning up srcdir
>>> perl-test-requiresinternet: Cleaning up pkgdir
>>> perl-test-requiresinternet: Uninstalling dependencies...
(1/6) Purging .makedepends-perl-test-requiresinternet (20250518.071022)
(2/6) Purging git-perl (2.47.2-r0)
(3/6) Purging perl-git (2.47.2-r0)
(4/6) Purging perl-error (0.17029-r2)
(5/6) Purging perl (5.40.2-r0)
(6/6) Purging libbz2 (1.0.8-r6)
Executing busybox-1.37.0-r12.trigger
OK: 260 MiB in 81 packages
>>> perl-test-requiresinternet: Updating the main/x86_64 repository index...
>>> perl-test-requiresinternet: Signing the index...
pigz: not found
