>>> perl-file-sharedir: Validating /home/packager/oily-pine/main/perl-file-sharedir/APKBUILD...
>>> perl-file-sharedir: Cleaning up srcdir
>>> perl-file-sharedir: Cleaning up pkgdir
>>> perl-file-sharedir: Cleaning up tmpdir
>>> perl-file-sharedir: Fetching https://cpan.metacpan.org/authors/id/R/RE/REHSACK/File-ShareDir-1.118.tar.gz
  % Total    % Received % Xferd  Average Speed   Time    Time     Time  Current
                                 Dload  Upload   Total   Spent    Left  Speed
  0     0    0     0    0     0      0      0 --:--:-- --:--:-- --:--:--     0100 29631  100 29631    0     0   188k      0 --:--:-- --:--:-- --:--:--  189k
>>> perl-file-sharedir: Fetching https://cpan.metacpan.org/authors/id/R/RE/REHSACK/File-ShareDir-1.118.tar.gz
>>> perl-file-sharedir: Checking sha512sums...
File-ShareDir-1.118.tar.gz: OK
>>> perl-file-sharedir: Preparing build chroot...
fetch http://dl-cdn.alpinelinux.org/alpine/edge/main/x86_64/APKINDEX.tar.gz
(1/76) Installing musl (1.2.5-r10)
(2/76) Installing libcrypto3 (3.5.0-r0)
(3/76) Installing ca-certificates-bundle (20241121-r2)
(4/76) Installing libssl3 (3.5.0-r0)
(5/76) Installing zlib (1.3.1-r2)
(6/76) Installing libapk2 (2.14.9-r2)
(7/76) Installing apk-tools (2.14.9-r2)
(8/76) Installing libcap2 (2.76-r0)
(9/76) Installing libcap-getcap (2.76-r0)
(10/76) Installing fakeroot (1.37.1.1-r0)
(11/76) Installing scanelf (1.3.8-r1)
(12/76) Installing musl-utils (1.2.5-r10)
(13/76) Installing libgcc (14.3.0-r0)
(14/76) Installing libstdc++ (14.3.0-r0)
(15/76) Installing lzip (1.25-r0)
(16/76) Installing openssl (3.5.0-r0)
(17/76) Installing patch (2.8-r0)
(18/76) Installing pkgconf (2.4.3-r0)
(19/76) Installing acl-libs (2.3.2-r1)
(20/76) Installing tar (1.35-r3)
(21/76) Installing busybox (1.37.0-r18)
Executing busybox-1.37.0-r18.post-install
(22/76) Installing ssl_client (1.37.0-r18)
(23/76) Installing busybox-binsh (1.37.0-r18)
(24/76) Installing abuild (3.15.0-r0)
Executing abuild-3.15.0-r0.pre-install
(25/76) Installing abuild-sudo (3.15.0-r0)
(26/76) Installing alpine-baselayout-data (3.7.0-r0)
(27/76) Installing alpine-baselayout (3.7.0-r0)
Executing alpine-baselayout-3.7.0-r0.pre-install
Executing alpine-baselayout-3.7.0-r0.post-install
(28/76) Installing bridge (1.5-r5)
(29/76) Installing ifupdown-ng (0.12.1-r7)
(30/76) Installing openrc-user (0.62.2-r2)
(31/76) Installing openrc (0.62.2-r2)
Executing openrc-0.62.2-r2.post-install
(32/76) Installing mdev-conf (4.8-r0)
(33/76) Installing busybox-mdev-openrc (1.37.0-r18)
(34/76) Installing alpine-conf (3.20.0-r0)
(35/76) Installing alpine-keys (2.5-r0)
(36/76) Installing alpine-release (3.22.0-r0)
(37/76) Installing busybox-openrc (1.37.0-r18)
(38/76) Installing busybox-suid (1.37.0-r18)
(39/76) Installing alpine-base (3.22.0-r0)
(40/76) Installing jansson (2.14.1-r0)
(41/76) Installing zstd-libs (1.5.7-r0)
(42/76) Installing binutils (2.44-r0)
(43/76) Installing libmagic (5.46-r2)
(44/76) Installing file (5.46-r2)
(45/76) Installing libgomp (14.3.0-r0)
(46/76) Installing libatomic (14.3.0-r0)
(47/76) Installing gmp (6.3.0-r3)
(48/76) Installing isl26 (0.26-r1)
(49/76) Installing mpfr4 (4.2.1_p1-r0)
(50/76) Installing mpc1 (1.3.1-r1)
(51/76) Installing gcc (14.3.0-r0)
(52/76) Installing libstdc++-dev (14.3.0-r0)
(53/76) Installing musl-dev (1.2.5-r10)
(54/76) Installing g++ (14.3.0-r0)
(55/76) Installing make (4.4.1-r3)
(56/76) Installing fortify-headers (1.1-r5)
(57/76) Installing build-base (0.5-r3)
(58/76) Installing brotli-libs (1.1.0-r2)
(59/76) Installing c-ares (1.34.5-r0)
(60/76) Installing libunistring (1.3-r0)
(61/76) Installing libidn2 (2.3.7-r0)
(62/76) Installing nghttp2-libs (1.65.0-r0)
(63/76) Installing libpsl (0.21.5-r3)
(64/76) Installing libcurl (8.14.0-r2)
(65/76) Installing libexpat (2.7.1-r0)
(66/76) Installing pcre2 (10.43-r1)
(67/76) Installing git (2.49.0-r0)
(68/76) Installing git-init-template (2.49.0-r0)
(69/76) Installing libbz2 (1.0.8-r6)
(70/76) Installing perl (5.40.2-r0)
(71/76) Installing perl-error (0.17030-r0)
(72/76) Installing perl-git (2.49.0-r0)
(73/76) Installing git-perl (2.49.0-r0)
(74/76) Installing perl-class-inspector (1.36-r3)
(75/76) Installing perl-file-sharedir-install (0.14-r2)
(76/76) Installing perl-inc-latest (0.500-r3)
Executing busybox-1.37.0-r18.trigger
OK: 296 MiB in 76 packages
>>> perl-file-sharedir: Fetching https://cpan.metacpan.org/authors/id/R/RE/REHSACK/File-ShareDir-1.118.tar.gz
>>> perl-file-sharedir: Checking sha512sums...
File-ShareDir-1.118.tar.gz: OK
>>> perl-file-sharedir: Unpacking /var/cache/distfiles/File-ShareDir-1.118.tar.gz...
Checking if your kit is complete...
Looks good
Generating a Unix-style Makefile
Writing Makefile for File::ShareDir
Writing MYMETA.yml and MYMETA.json
cp lib/File/ShareDir.pm blib/lib/File/ShareDir.pm
cp share/sample.txt blib/lib/auto/share/dist/File-ShareDir/sample.txt
cp share/subdir/sample.txt blib/lib/auto/share/dist/File-ShareDir/subdir/sample.txt
cp foo/test_file.txt blib/lib/auto/share/module/File-ShareDir/test_file.txt
Manifying 1 pod document
Skip blib/lib/auto/share/dist/File-ShareDir/subdir/sample.txt (unchanged)
Skip blib/lib/auto/share/dist/File-ShareDir/sample.txt (unchanged)
Skip blib/lib/auto/share/module/File-ShareDir/test_file.txt (unchanged)
PERL_DL_NONLAZY=1 "/usr/bin/perl" "-MExtUtils::Command::MM" "-MTest::Harness" "-e" "undef *Test::Harness::Switches; test_harness(0, 'blib/lib', 'blib/arch')" t/*.t xt/*.t
t/04_fail.t ........ ok
t/06_old.t ......... ok
# Requirements for File-ShareDir version 1.118
#                    module |  version |  wanted | status
# - configure / requires ---+----------+---------+---------
#       ExtUtils::MakeMaker |     7.70 |       0 | ok
#   File::ShareDir::Install |     0.14 |    0.13 | ok
# - configure / recommends -+----------+---------+---------
#               inc::latest |    0.500 |   0.500 | ok
# - runtime / requires -----+----------+---------+---------
#                      Carp |     1.54 |       0 | ok
#          Class::Inspector |     1.36 |    1.12 | ok
#                File::Spec |     3.91 |    0.80 | ok
#                  warnings |     1.70 |       0 | ok
# - runtime / recommends ---+----------+---------+---------
#           List::MoreUtils |      n/a |   0.428 | not ok
#              Params::Util |      n/a |    1.07 | not ok
# - test / requires --------+----------+---------+---------
#                File::Path |     2.18 |    2.08 | ok
#                Test::More | 1.302199 |    0.90 | ok
# - test / recommends ------+----------+---------+---------
#                CPAN::Meta | 2.150010 | 2.11044 | ok
# --------------------------+----------+---------+---------
t/00_prereqs.t ..... ok
# Testing File::ShareDir 1.118, Perl 5.040002, /usr/bin/perl, UID: 1000
t/01_compile.t ..... ok
t/02_main.t ........ ok
t/03_extensions.t .. ok
t/05_class.t ....... ok
All tests successful.

Test Summary Report
-------------------
t/00_prereqs.t   (Wstat: 0 Tests: 22 Failed: 0)
  TODO passed:   5-6, 21-22
Files=7, Tests=93,  1 wallclock secs ( 0.01 usr  0.01 sys +  0.32 cusr  0.04 csys =  0.38 CPU)
Result: PASS
>>> perl-file-sharedir: Entering fakeroot...
Skip blib/lib/auto/share/dist/File-ShareDir/subdir/sample.txt (unchanged)
Skip blib/lib/auto/share/dist/File-ShareDir/sample.txt (unchanged)
Skip blib/lib/auto/share/module/File-ShareDir/test_file.txt (unchanged)
Manifying 1 pod document
Appending installation info to /tmp/pkg/perl-file-sharedir/usr/lib/perl5/core_perl/perllocal.pod
Installing /tmp/pkg/perl-file-sharedir/usr/share/perl5/vendor_perl/auto/share/module/File-ShareDir/test_file.txt
Installing /tmp/pkg/perl-file-sharedir/usr/share/perl5/vendor_perl/auto/share/dist/File-ShareDir/sample.txt
Installing /tmp/pkg/perl-file-sharedir/usr/share/perl5/vendor_perl/auto/share/dist/File-ShareDir/subdir/sample.txt
Installing /tmp/pkg/perl-file-sharedir/usr/share/perl5/vendor_perl/File/ShareDir.pm
Installing /tmp/pkg/perl-file-sharedir/usr/share/man/man3/File::ShareDir.3pm
>>> perl-file-sharedir-doc*: Running split function doc...
'usr/share/man' -> '/tmp/pkg/perl-file-sharedir-doc/usr/share/man'
>>> perl-file-sharedir-doc*: Preparing subpackage perl-file-sharedir-doc...
>>> perl-file-sharedir-doc*: Running postcheck for perl-file-sharedir-doc
>>> perl-file-sharedir*: Running postcheck for perl-file-sharedir
>>> perl-file-sharedir*: Preparing package perl-file-sharedir...
>>> perl-file-sharedir-doc*: Tracing dependencies...
>>> perl-file-sharedir-doc*: Package size: 4.5 KB
>>> perl-file-sharedir-doc*: Compressing data...
>>> perl-file-sharedir-doc*: Create checksum...
>>> perl-file-sharedir-doc*: Create perl-file-sharedir-doc-1.118-r1.apk
>>> perl-file-sharedir*: Tracing dependencies...
	perl
	perl-class-inspector
>>> perl-file-sharedir*: Package size: 18.1 KB
>>> perl-file-sharedir*: Compressing data...
>>> perl-file-sharedir*: Create checksum...
>>> perl-file-sharedir*: Create perl-file-sharedir-1.118-r1.apk
>>> perl-file-sharedir: Updating the main/x86_64 repository index...
>>> perl-file-sharedir: Signing the index...
>>> perl-file-sharedir: Cleaning up srcdir
>>> perl-file-sharedir: Cleaning up build chroot
>>> perl-file-sharedir: Cleaning up pkgdir
