pigz: not found
>>> perl-locale-maketext-lexicon: Building main/perl-locale-maketext-lexicon 1.00-r6 (using abuild 3.14.1-r4) started Sun, 18 May 2025 10:38:57 +0000
>>> perl-locale-maketext-lexicon: Validating /home/packager/aports/main/perl-locale-maketext-lexicon/APKBUILD...
>>> perl-locale-maketext-lexicon: Analyzing dependencies...
>>> perl-locale-maketext-lexicon: Installing for build: build-base perl
(1/6) Installing libbz2 (1.0.8-r6)
(2/6) Installing perl (5.40.2-r0)
(3/6) Installing .makedepends-perl-locale-maketext-lexicon (20250518.103858)
(4/6) Installing perl-error (0.17030-r0)
(5/6) Installing perl-git (2.47.2-r0)
(6/6) Installing git-perl (2.47.2-r0)
Executing busybox-1.37.0-r12.trigger
OK: 297 MiB in 87 packages
>>> perl-locale-maketext-lexicon: Cleaning up srcdir
>>> perl-locale-maketext-lexicon: Cleaning up pkgdir
>>> perl-locale-maketext-lexicon: Cleaning up tmpdir
>>> perl-locale-maketext-lexicon: Fetching https://cpan.metacpan.org/authors/id/D/DR/DRTECH/Locale-Maketext-Lexicon-1.00.tar.gz
Connecting to cpan.metacpan.org (146.75.122.217:443)
saving to '/var/cache/distfiles/Locale-Maketext-Lexicon-1.00.tar.gz.part'
Locale-Maketext-Lexi 100% |********************************| 92130  0:00:00 ETA
'/var/cache/distfiles/Locale-Maketext-Lexicon-1.00.tar.gz.part' saved
>>> perl-locale-maketext-lexicon: Fetching https://cpan.metacpan.org/authors/id/D/DR/DRTECH/Locale-Maketext-Lexicon-1.00.tar.gz
>>> perl-locale-maketext-lexicon: Checking sha512sums...
Locale-Maketext-Lexicon-1.00.tar.gz: OK
>>> perl-locale-maketext-lexicon: Unpacking /var/cache/distfiles/Locale-Maketext-Lexicon-1.00.tar.gz...
Checking if your kit is complete...
Looks good
Generating a Unix-style Makefile
Writing Makefile for Locale::Maketext::Lexicon
Writing MYMETA.yml and MYMETA.json
cp lib/Locale/Maketext/Extract/Plugin/YAML.pm blib/lib/Locale/Maketext/Extract/Plugin/YAML.pm
cp lib/Locale/Maketext/Lexicon.pm blib/lib/Locale/Maketext/Lexicon.pm
cp lib/Locale/Maketext/Extract.pm blib/lib/Locale/Maketext/Extract.pm
cp lib/Locale/Maketext/Extract/Plugin/TT2.pm blib/lib/Locale/Maketext/Extract/Plugin/TT2.pm
cp lib/Locale/Maketext/Extract/Plugin/FormFu.pm blib/lib/Locale/Maketext/Extract/Plugin/FormFu.pm
cp lib/Locale/Maketext/Lexicon/Msgcat.pm blib/lib/Locale/Maketext/Lexicon/Msgcat.pm
cp lib/Locale/Maketext/Extract/Plugin/PPI.pm blib/lib/Locale/Maketext/Extract/Plugin/PPI.pm
cp lib/Locale/Maketext/Extract/Plugin/Base.pm blib/lib/Locale/Maketext/Extract/Plugin/Base.pm
cp lib/Locale/Maketext/Extract/Plugin/TextTemplate.pm blib/lib/Locale/Maketext/Extract/Plugin/TextTemplate.pm
cp lib/Locale/Maketext/Extract/Plugin/Mason.pm blib/lib/Locale/Maketext/Extract/Plugin/Mason.pm
cp lib/Locale/Maketext/Lexicon/Gettext.pm blib/lib/Locale/Maketext/Lexicon/Gettext.pm
cp lib/Locale/Maketext/Extract/Plugin/Generic.pm blib/lib/Locale/Maketext/Extract/Plugin/Generic.pm
cp lib/Locale/Maketext/Extract/Plugin/Perl.pm blib/lib/Locale/Maketext/Extract/Plugin/Perl.pm
cp lib/Locale/Maketext/Extract/Run.pm blib/lib/Locale/Maketext/Extract/Run.pm
cp lib/Locale/Maketext/Lexicon/Auto.pm blib/lib/Locale/Maketext/Lexicon/Auto.pm
cp lib/Locale/Maketext/Lexicon/Tie.pm blib/lib/Locale/Maketext/Lexicon/Tie.pm
cp lib/Locale/Maketext/Extract/Plugin/Haml.pm blib/lib/Locale/Maketext/Extract/Plugin/Haml.pm
cp script/xgettext.pl blib/script/xgettext.pl
"/usr/bin/perl" -MExtUtils::MY -e 'MY->fixin(shift)' -- blib/script/xgettext.pl
Manifying 1 pod document
Manifying 17 pod documents
PERL_DL_NONLAZY=1 "/usr/bin/perl" "-MExtUtils::Command::MM" "-MTest::Harness" "-e" "undef *Test::Harness::Switches; test_harness(0, 'blib/lib', 'blib/arch')" t/*.t
t/1-basic.t ...................... ok
t/2-lmg.t ........................ ok
t/3-big-endian.t ................. ok
t/4-encodings.t .................. ok
t/5-extract.t .................... ok
t/51-perlextract.t ............... ok
t/52-extractpluginselection.t .... ok
t/55-runextract.t ................ ok
t/6-gettext.t .................... ok
t/61-badcharset.t ................ ok
t/7-roundtrip.t .................. ok
t/8-plugin-args.t ................ ok
t/9-bug-import-for-subclasses.t .. ok
t/91-pod_test.t .................. skipped: Test::Pod 1.00 required for testing POD
t/preload.t ...................... ok
t/release-eol.t .................. skipped: these tests are for release candidate testing
t/release-pod-syntax.t ........... skipped: these tests are for release candidate testing
All tests successful.
Files=17, Tests=323,  2 wallclock secs ( 0.07 usr  0.03 sys +  1.30 cusr  0.16 csys =  1.56 CPU)
Result: PASS
>>> perl-locale-maketext-lexicon: Entering fakeroot...
Manifying 1 pod document
Manifying 17 pod documents
Appending installation info to /home/packager/aports/main/perl-locale-maketext-lexicon/pkg/perl-locale-maketext-lexicon/usr/lib/perl5/core_perl/perllocal.pod
Installing /home/packager/aports/main/perl-locale-maketext-lexicon/pkg/perl-locale-maketext-lexicon/usr/share/perl5/vendor_perl/Locale/Maketext/Extract.pm
Installing /home/packager/aports/main/perl-locale-maketext-lexicon/pkg/perl-locale-maketext-lexicon/usr/share/perl5/vendor_perl/Locale/Maketext/Lexicon.pm
Installing /home/packager/aports/main/perl-locale-maketext-lexicon/pkg/perl-locale-maketext-lexicon/usr/share/perl5/vendor_perl/Locale/Maketext/Lexicon/Tie.pm
Installing /home/packager/aports/main/perl-locale-maketext-lexicon/pkg/perl-locale-maketext-lexicon/usr/share/perl5/vendor_perl/Locale/Maketext/Lexicon/Auto.pm
Installing /home/packager/aports/main/perl-locale-maketext-lexicon/pkg/perl-locale-maketext-lexicon/usr/share/perl5/vendor_perl/Locale/Maketext/Lexicon/Msgcat.pm
Installing /home/packager/aports/main/perl-locale-maketext-lexicon/pkg/perl-locale-maketext-lexicon/usr/share/perl5/vendor_perl/Locale/Maketext/Lexicon/Gettext.pm
Installing /home/packager/aports/main/perl-locale-maketext-lexicon/pkg/perl-locale-maketext-lexicon/usr/share/perl5/vendor_perl/Locale/Maketext/Extract/Run.pm
Installing /home/packager/aports/main/perl-locale-maketext-lexicon/pkg/perl-locale-maketext-lexicon/usr/share/perl5/vendor_perl/Locale/Maketext/Extract/Plugin/Mason.pm
Installing /home/packager/aports/main/perl-locale-maketext-lexicon/pkg/perl-locale-maketext-lexicon/usr/share/perl5/vendor_perl/Locale/Maketext/Extract/Plugin/TT2.pm
Installing /home/packager/aports/main/perl-locale-maketext-lexicon/pkg/perl-locale-maketext-lexicon/usr/share/perl5/vendor_perl/Locale/Maketext/Extract/Plugin/FormFu.pm
Installing /home/packager/aports/main/perl-locale-maketext-lexicon/pkg/perl-locale-maketext-lexicon/usr/share/perl5/vendor_perl/Locale/Maketext/Extract/Plugin/Perl.pm
Installing /home/packager/aports/main/perl-locale-maketext-lexicon/pkg/perl-locale-maketext-lexicon/usr/share/perl5/vendor_perl/Locale/Maketext/Extract/Plugin/YAML.pm
Installing /home/packager/aports/main/perl-locale-maketext-lexicon/pkg/perl-locale-maketext-lexicon/usr/share/perl5/vendor_perl/Locale/Maketext/Extract/Plugin/Haml.pm
Installing /home/packager/aports/main/perl-locale-maketext-lexicon/pkg/perl-locale-maketext-lexicon/usr/share/perl5/vendor_perl/Locale/Maketext/Extract/Plugin/Generic.pm
Installing /home/packager/aports/main/perl-locale-maketext-lexicon/pkg/perl-locale-maketext-lexicon/usr/share/perl5/vendor_perl/Locale/Maketext/Extract/Plugin/Base.pm
Installing /home/packager/aports/main/perl-locale-maketext-lexicon/pkg/perl-locale-maketext-lexicon/usr/share/perl5/vendor_perl/Locale/Maketext/Extract/Plugin/PPI.pm
Installing /home/packager/aports/main/perl-locale-maketext-lexicon/pkg/perl-locale-maketext-lexicon/usr/share/perl5/vendor_perl/Locale/Maketext/Extract/Plugin/TextTemplate.pm
Installing /home/packager/aports/main/perl-locale-maketext-lexicon/pkg/perl-locale-maketext-lexicon/usr/share/man/man1/xgettext.pl.1
Installing /home/packager/aports/main/perl-locale-maketext-lexicon/pkg/perl-locale-maketext-lexicon/usr/share/man/man3/Locale::Maketext::Extract::Plugin::TextTemplate.3pm
Installing /home/packager/aports/main/perl-locale-maketext-lexicon/pkg/perl-locale-maketext-lexicon/usr/share/man/man3/Locale::Maketext::Extract::Plugin::FormFu.3pm
Installing /home/packager/aports/main/perl-locale-maketext-lexicon/pkg/perl-locale-maketext-lexicon/usr/share/man/man3/Locale::Maketext::Extract::Plugin::YAML.3pm
Installing /home/packager/aports/main/perl-locale-maketext-lexicon/pkg/perl-locale-maketext-lexicon/usr/share/man/man3/Locale::Maketext::Extract::Plugin::Haml.3pm
Installing /home/packager/aports/main/perl-locale-maketext-lexicon/pkg/perl-locale-maketext-lexicon/usr/share/man/man3/Locale::Maketext::Lexicon::Auto.3pm
Installing /home/packager/aports/main/perl-locale-maketext-lexicon/pkg/perl-locale-maketext-lexicon/usr/share/man/man3/Locale::Maketext::Extract::Plugin::Mason.3pm
Installing /home/packager/aports/main/perl-locale-maketext-lexicon/pkg/perl-locale-maketext-lexicon/usr/share/man/man3/Locale::Maketext::Extract::Plugin::PPI.3pm
Installing /home/packager/aports/main/perl-locale-maketext-lexicon/pkg/perl-locale-maketext-lexicon/usr/share/man/man3/Locale::Maketext::Extract.3pm
Installing /home/packager/aports/main/perl-locale-maketext-lexicon/pkg/perl-locale-maketext-lexicon/usr/share/man/man3/Locale::Maketext::Extract::Plugin::Generic.3pm
Installing /home/packager/aports/main/perl-locale-maketext-lexicon/pkg/perl-locale-maketext-lexicon/usr/share/man/man3/Locale::Maketext::Extract::Plugin::Perl.3pm
Installing /home/packager/aports/main/perl-locale-maketext-lexicon/pkg/perl-locale-maketext-lexicon/usr/share/man/man3/Locale::Maketext::Extract::Run.3pm
Installing /home/packager/aports/main/perl-locale-maketext-lexicon/pkg/perl-locale-maketext-lexicon/usr/share/man/man3/Locale::Maketext::Lexicon::Msgcat.3pm
Installing /home/packager/aports/main/perl-locale-maketext-lexicon/pkg/perl-locale-maketext-lexicon/usr/share/man/man3/Locale::Maketext::Extract::Plugin::TT2.3pm
Installing /home/packager/aports/main/perl-locale-maketext-lexicon/pkg/perl-locale-maketext-lexicon/usr/share/man/man3/Locale::Maketext::Extract::Plugin::Base.3pm
Installing /home/packager/aports/main/perl-locale-maketext-lexicon/pkg/perl-locale-maketext-lexicon/usr/share/man/man3/Locale::Maketext::Lexicon::Tie.3pm
Installing /home/packager/aports/main/perl-locale-maketext-lexicon/pkg/perl-locale-maketext-lexicon/usr/share/man/man3/Locale::Maketext::Lexicon.3pm
Installing /home/packager/aports/main/perl-locale-maketext-lexicon/pkg/perl-locale-maketext-lexicon/usr/share/man/man3/Locale::Maketext::Lexicon::Gettext.3pm
Installing /home/packager/aports/main/perl-locale-maketext-lexicon/pkg/perl-locale-maketext-lexicon/usr/bin/xgettext.pl
>>> perl-locale-maketext-lexicon-doc*: Running split function doc...
'usr/share/man' -> '/home/packager/aports/main/perl-locale-maketext-lexicon/pkg/perl-locale-maketext-lexicon-doc/usr/share/man'
>>> perl-locale-maketext-lexicon-doc*: Preparing subpackage perl-locale-maketext-lexicon-doc...
>>> perl-locale-maketext-lexicon-doc*: Running postcheck for perl-locale-maketext-lexicon-doc
>>> perl-locale-maketext-lexicon*: Running postcheck for perl-locale-maketext-lexicon
>>> perl-locale-maketext-lexicon*: Preparing package perl-locale-maketext-lexicon...
>>> perl-locale-maketext-lexicon-doc*: Tracing dependencies...
>>> perl-locale-maketext-lexicon-doc*: Package size: 47.6 KB
>>> perl-locale-maketext-lexicon-doc*: Compressing data...
>>> perl-locale-maketext-lexicon-doc*: Create checksum...
pigz: not found
>>> perl-locale-maketext-lexicon-doc*: Create perl-locale-maketext-lexicon-doc-1.00-r6.apk
>>> perl-locale-maketext-lexicon*: Tracing dependencies...
	perl
>>> perl-locale-maketext-lexicon*: Package size: 133.9 KB
>>> perl-locale-maketext-lexicon*: Compressing data...
>>> perl-locale-maketext-lexicon*: Create checksum...
pigz: not found
>>> perl-locale-maketext-lexicon*: Create perl-locale-maketext-lexicon-1.00-r6.apk
>>> perl-locale-maketext-lexicon: Build complete at Sun, 18 May 2025 10:39:02 +0000 elapsed time 0h 0m 5s
>>> perl-locale-maketext-lexicon: Cleaning up srcdir
>>> perl-locale-maketext-lexicon: Cleaning up pkgdir
>>> perl-locale-maketext-lexicon: Uninstalling dependencies...
(1/6) Purging .makedepends-perl-locale-maketext-lexicon (20250518.103858)
(2/6) Purging git-perl (2.47.2-r0)
(3/6) Purging perl-git (2.47.2-r0)
(4/6) Purging perl-error (0.17030-r0)
(5/6) Purging perl (5.40.2-r0)
(6/6) Purging libbz2 (1.0.8-r6)
Executing busybox-1.37.0-r12.trigger
OK: 261 MiB in 81 packages
>>> perl-locale-maketext-lexicon: Updating the main/x86_64 repository index...
>>> perl-locale-maketext-lexicon: Signing the index...
pigz: not found
