pigz: not found
>>> perl-test-script: Building main/perl-test-script 1.29-r3 (using abuild 3.14.1-r4) started Sun, 18 May 2025 09:22:28 +0000
>>> perl-test-script: Validating /home/packager/aports/main/perl-test-script/APKBUILD...
>>> perl-test-script: Analyzing dependencies...
>>> perl-test-script: Installing for build: build-base perl perl-probe-perl perl-capture-tiny perl-dev perl-test-simple
(1/11) Installing libbz2 (1.0.8-r6)
(2/11) Installing perl (5.40.2-r0)
(3/11) Installing perl-probe-perl (0.03-r4)
(4/11) Installing perl-capture-tiny (0.50-r0)
(5/11) Installing perl-utils (5.40.2-r0)
(6/11) Installing perl-dev (5.40.2-r0)
(7/11) Installing perl-test-simple (1.302209-r0)
(8/11) Installing .makedepends-perl-test-script (20250518.092230)
(9/11) Installing perl-error (0.17030-r0)
(10/11) Installing perl-git (2.47.2-r0)
(11/11) Installing git-perl (2.47.2-r0)
Executing busybox-1.37.0-r12.trigger
OK: 308 MiB in 92 packages
>>> perl-test-script: Cleaning up srcdir
>>> perl-test-script: Cleaning up pkgdir
>>> perl-test-script: Cleaning up tmpdir
>>> perl-test-script: Fetching https://cpan.metacpan.org/authors/id/P/PL/PLICEASE/Test-Script-1.29.tar.gz
Connecting to cpan.metacpan.org (146.75.122.217:443)
saving to '/var/cache/distfiles/Test-Script-1.29.tar.gz.part'
Test-Script-1.29.tar 100% |********************************| 26506  0:00:00 ETA
'/var/cache/distfiles/Test-Script-1.29.tar.gz.part' saved
>>> perl-test-script: Fetching https://cpan.metacpan.org/authors/id/P/PL/PLICEASE/Test-Script-1.29.tar.gz
>>> perl-test-script: Checking sha512sums...
Test-Script-1.29.tar.gz: OK
>>> perl-test-script: Unpacking /var/cache/distfiles/Test-Script-1.29.tar.gz...
Checking if your kit is complete...
Looks good
Generating a Unix-style Makefile
Writing Makefile for Test::Script
Writing MYMETA.yml and MYMETA.json
cp lib/Test/Script.pm blib/lib/Test/Script.pm
Manifying 1 pod document
PERL_DL_NONLAZY=1 "/usr/bin/perl" "-MExtUtils::Command::MM" "-MTest::Harness" "-e" "undef *Test::Harness::Switches; test_harness(0, 'blib/lib', 'blib/arch')" t/*.t
# 
# 
# 
# HARNESS_ACTIVE=1
# HARNESS_VERSION=3.48
# PERL5LIB=/home/packager/aports/main/perl-test-script/src/Test-Script-1.29/blib/lib:/home/packager/aports/main/perl-test-script/src/Test-Script-1.29/blib/arch
# PERL_DL_NONLAZY=1
# PERL_MM_USE_DEFAULT=1
# PERL_USE_UNSAFE_INC=1
# 
# 
# 
# PERL5LIB path
# /home/packager/aports/main/perl-test-script/src/Test-Script-1.29/blib/lib
# /home/packager/aports/main/perl-test-script/src/Test-Script-1.29/blib/arch
# 
# 
# 
# perl                5.040002 linux x86_64-linux-thread-multi
# Capture::Tiny       0.50
# ExtUtils::MakeMaker 7.70
# File::Spec          3.91
# IO::Handle          1.55
# Probe::Perl         0.03
# Test2::API          1.302209
# Test2::V0           1.302209
# Text::ParseWords    3.31
# 
# 
# 
t/00_diag.t ....................... ok
t/01_use.t ........................ ok
t/bug_gh9.t ....................... ok
t/test_script__exports.t .......... ok
t/test_script__fails.t ............ ok
t/test_script__import.t ........... ok
t/test_script__program_runs.t ..... ok
t/test_script__program_stderr.t ... ok
t/test_script__program_stdout.t ... ok
t/test_script__script_compiles.t .. ok
t/test_script__script_runs.t ...... ok
t/test_script__script_stderr.t .... ok
t/test_script__script_stdout.t .... ok
All tests successful.
Files=13, Tests=91,  2 wallclock secs ( 0.07 usr  0.01 sys +  1.95 cusr  0.48 csys =  2.51 CPU)
Result: PASS
>>> perl-test-script: Entering fakeroot...
Manifying 1 pod document
Appending installation info to /home/packager/aports/main/perl-test-script/pkg/perl-test-script/usr/lib/perl5/core_perl/perllocal.pod
Installing /home/packager/aports/main/perl-test-script/pkg/perl-test-script/usr/share/perl5/vendor_perl/Test/Script.pm
Installing /home/packager/aports/main/perl-test-script/pkg/perl-test-script/usr/share/man/man3/Test::Script.3pm
>>> perl-test-script-doc*: Running split function doc...
'usr/share/man' -> '/home/packager/aports/main/perl-test-script/pkg/perl-test-script-doc/usr/share/man'
>>> perl-test-script-doc*: Preparing subpackage perl-test-script-doc...
>>> perl-test-script-doc*: Running postcheck for perl-test-script-doc
>>> perl-test-script*: Running postcheck for perl-test-script
>>> perl-test-script*: Preparing package perl-test-script...
>>> perl-test-script-doc*: Tracing dependencies...
>>> perl-test-script-doc*: Package size: 3.7 KB
>>> perl-test-script-doc*: Compressing data...
>>> perl-test-script-doc*: Create checksum...
pigz: not found
>>> perl-test-script-doc*: Create perl-test-script-doc-1.29-r3.apk
>>> perl-test-script*: Tracing dependencies...
	perl
	perl-probe-perl
	perl-capture-tiny
>>> perl-test-script*: Package size: 20.6 KB
>>> perl-test-script*: Compressing data...
>>> perl-test-script*: Create checksum...
pigz: not found
>>> perl-test-script*: Create perl-test-script-1.29-r3.apk
>>> perl-test-script: Build complete at Sun, 18 May 2025 09:22:35 +0000 elapsed time 0h 0m 7s
>>> perl-test-script: Cleaning up srcdir
>>> perl-test-script: Cleaning up pkgdir
>>> perl-test-script: Uninstalling dependencies...
(1/11) Purging .makedepends-perl-test-script (20250518.092230)
(2/11) Purging perl-probe-perl (0.03-r4)
(3/11) Purging perl-capture-tiny (0.50-r0)
(4/11) Purging perl-dev (5.40.2-r0)
(5/11) Purging perl-utils (5.40.2-r0)
(6/11) Purging perl-test-simple (1.302209-r0)
(7/11) Purging git-perl (2.47.2-r0)
(8/11) Purging perl-git (2.47.2-r0)
(9/11) Purging perl-error (0.17030-r0)
(10/11) Purging perl (5.40.2-r0)
(11/11) Purging libbz2 (1.0.8-r6)
Executing busybox-1.37.0-r12.trigger
OK: 261 MiB in 81 packages
>>> perl-test-script: Updating the main/x86_64 repository index...
>>> perl-test-script: Signing the index...
pigz: not found
