pigz: not found
>>> perl-scope-guard: Building main/perl-scope-guard 0.21-r5 (using abuild 3.14.1-r4) started Sun, 18 May 2025 07:46:49 +0000
>>> perl-scope-guard: Validating /home/packager/aports/main/perl-scope-guard/APKBUILD...
>>> perl-scope-guard: Analyzing dependencies...
>>> perl-scope-guard: Installing for build: build-base perl
(1/6) Installing libbz2 (1.0.8-r6)
(2/6) Installing perl (5.40.2-r0)
(3/6) Installing .makedepends-perl-scope-guard (20250518.074650)
(4/6) Installing perl-error (0.17029-r2)
(5/6) Installing perl-git (2.47.2-r0)
(6/6) Installing git-perl (2.47.2-r0)
Executing busybox-1.37.0-r12.trigger
OK: 297 MiB in 87 packages
>>> perl-scope-guard: Cleaning up srcdir
>>> perl-scope-guard: Cleaning up pkgdir
>>> perl-scope-guard: Cleaning up tmpdir
>>> perl-scope-guard: Fetching https://cpan.metacpan.org/authors/id/C/CH/CHOCOLATE/Scope-Guard-0.21.tar.gz
Connecting to cpan.metacpan.org (146.75.122.217:443)
saving to '/var/cache/distfiles/Scope-Guard-0.21.tar.gz.part'
Scope-Guard-0.21.tar 100% |********************************|  4377  0:00:00 ETA
'/var/cache/distfiles/Scope-Guard-0.21.tar.gz.part' saved
>>> perl-scope-guard: Fetching https://cpan.metacpan.org/authors/id/C/CH/CHOCOLATE/Scope-Guard-0.21.tar.gz
>>> perl-scope-guard: Checking sha512sums...
Scope-Guard-0.21.tar.gz: OK
>>> perl-scope-guard: Unpacking /var/cache/distfiles/Scope-Guard-0.21.tar.gz...
Checking if your kit is complete...
Looks good
Generating a Unix-style Makefile
Writing Makefile for Scope::Guard
Writing MYMETA.yml and MYMETA.json
cp lib/Scope/Guard.pm blib/lib/Scope/Guard.pm
Manifying 1 pod document
PERL_DL_NONLAZY=1 "/usr/bin/perl" "-MExtUtils::Command::MM" "-MTest::Harness" "-e" "undef *Test::Harness::Switches; test_harness(0, 'blib/lib', 'blib/arch')" t/*.t
t/guard.t ........ ok
t/new.t .......... ok
t/scope_guard.t .. ok
All tests successful.
Files=3, Tests=54,  1 wallclock secs ( 0.02 usr  0.01 sys +  0.18 cusr  0.03 csys =  0.24 CPU)
Result: PASS
>>> perl-scope-guard: Entering fakeroot...
Manifying 1 pod document
Appending installation info to /home/packager/aports/main/perl-scope-guard/pkg/perl-scope-guard/usr/lib/perl5/core_perl/perllocal.pod
Installing /home/packager/aports/main/perl-scope-guard/pkg/perl-scope-guard/usr/share/perl5/vendor_perl/Scope/Guard.pm
Installing /home/packager/aports/main/perl-scope-guard/pkg/perl-scope-guard/usr/share/man/man3/Scope::Guard.3pm
>>> perl-scope-guard-doc*: Running split function doc...
'usr/share/man' -> '/home/packager/aports/main/perl-scope-guard/pkg/perl-scope-guard-doc/usr/share/man'
>>> perl-scope-guard-doc*: Preparing subpackage perl-scope-guard-doc...
>>> perl-scope-guard-doc*: Running postcheck for perl-scope-guard-doc
>>> perl-scope-guard*: Running postcheck for perl-scope-guard
>>> perl-scope-guard*: Preparing package perl-scope-guard...
>>> perl-scope-guard-doc*: Tracing dependencies...
>>> perl-scope-guard-doc*: Package size: 2.0 KB
>>> perl-scope-guard-doc*: Compressing data...
>>> perl-scope-guard-doc*: Create checksum...
pigz: not found
>>> perl-scope-guard-doc*: Create perl-scope-guard-doc-0.21-r5.apk
>>> perl-scope-guard*: Tracing dependencies...
	perl
>>> perl-scope-guard*: Package size: 3.7 KB
>>> perl-scope-guard*: Compressing data...
>>> perl-scope-guard*: Create checksum...
pigz: not found
>>> perl-scope-guard*: Create perl-scope-guard-0.21-r5.apk
>>> perl-scope-guard: Build complete at Sun, 18 May 2025 07:46:53 +0000 elapsed time 0h 0m 4s
>>> perl-scope-guard: Cleaning up srcdir
>>> perl-scope-guard: Cleaning up pkgdir
>>> perl-scope-guard: Uninstalling dependencies...
(1/6) Purging .makedepends-perl-scope-guard (20250518.074650)
(2/6) Purging git-perl (2.47.2-r0)
(3/6) Purging perl-git (2.47.2-r0)
(4/6) Purging perl-error (0.17029-r2)
(5/6) Purging perl (5.40.2-r0)
(6/6) Purging libbz2 (1.0.8-r6)
Executing busybox-1.37.0-r12.trigger
OK: 261 MiB in 81 packages
>>> perl-scope-guard: Updating the main/x86_64 repository index...
>>> perl-scope-guard: Signing the index...
pigz: not found
