pigz: not found
>>> perl-net-cidr-lite: Building main/perl-net-cidr-lite 0.22-r2 (using abuild 3.14.1-r4) started Sun, 18 May 2025 10:48:47 +0000
>>> perl-net-cidr-lite: Validating /home/packager/aports/main/perl-net-cidr-lite/APKBUILD...
>>> perl-net-cidr-lite: Analyzing dependencies...
>>> perl-net-cidr-lite: Installing for build: build-base perl
(1/6) Installing libbz2 (1.0.8-r6)
(2/6) Installing perl (5.40.2-r0)
(3/6) Installing .makedepends-perl-net-cidr-lite (20250518.104849)
(4/6) Installing perl-error (0.17030-r0)
(5/6) Installing perl-git (2.47.2-r0)
(6/6) Installing git-perl (2.47.2-r0)
Executing busybox-1.37.0-r12.trigger
OK: 297 MiB in 87 packages
>>> perl-net-cidr-lite: Cleaning up srcdir
>>> perl-net-cidr-lite: Cleaning up pkgdir
>>> perl-net-cidr-lite: Cleaning up tmpdir
>>> perl-net-cidr-lite: Fetching https://cpan.metacpan.org/authors/id/S/ST/STIGTSP/Net-CIDR-Lite-0.22.tar.gz
Connecting to cpan.metacpan.org (146.75.122.217:443)
saving to '/var/cache/distfiles/Net-CIDR-Lite-0.22.tar.gz.part'
Net-CIDR-Lite-0.22.t 100% |********************************| 10823  0:00:00 ETA
'/var/cache/distfiles/Net-CIDR-Lite-0.22.tar.gz.part' saved
>>> perl-net-cidr-lite: Fetching https://cpan.metacpan.org/authors/id/S/ST/STIGTSP/Net-CIDR-Lite-0.22.tar.gz
>>> perl-net-cidr-lite: Checking sha512sums...
Net-CIDR-Lite-0.22.tar.gz: OK
>>> perl-net-cidr-lite: Unpacking /var/cache/distfiles/Net-CIDR-Lite-0.22.tar.gz...
Checking if your kit is complete...
Looks good
Generating a Unix-style Makefile
Writing Makefile for Net::CIDR::Lite
Writing MYMETA.yml and MYMETA.json
cp Lite.pm blib/lib/Net/CIDR/Lite.pm
Manifying 1 pod document
PERL_DL_NONLAZY=1 "/usr/bin/perl" "-MExtUtils::Command::MM" "-MTest::Harness" "-e" "undef *Test::Harness::Switches; test_harness(0, 'blib/lib', 'blib/arch')" t/*.t
t/base.t .... ok
t/more.t .... ok
t/pod.t ..... skipped: Test::Pod 1.00 required for testing POD
t/podcov.t .. skipped: Test::Pod::Coverage required for testing pod coverage
All tests successful.
Files=4, Tests=44,  0 wallclock secs ( 0.03 usr  0.00 sys +  0.15 cusr  0.03 csys =  0.21 CPU)
Result: PASS
>>> perl-net-cidr-lite: Entering fakeroot...
Manifying 1 pod document
Installing /home/packager/aports/main/perl-net-cidr-lite/pkg/perl-net-cidr-lite/usr/share/perl5/vendor_perl/Net/CIDR/Lite.pm
Installing /home/packager/aports/main/perl-net-cidr-lite/pkg/perl-net-cidr-lite/usr/share/man/man3/Net::CIDR::Lite.3pm
>>> perl-net-cidr-lite-doc*: Running split function doc...
'usr/share/man' -> '/home/packager/aports/main/perl-net-cidr-lite/pkg/perl-net-cidr-lite-doc/usr/share/man'
>>> perl-net-cidr-lite-doc*: Preparing subpackage perl-net-cidr-lite-doc...
>>> perl-net-cidr-lite-doc*: Running postcheck for perl-net-cidr-lite-doc
>>> perl-net-cidr-lite*: Running postcheck for perl-net-cidr-lite
>>> perl-net-cidr-lite*: Preparing package perl-net-cidr-lite...
>>> perl-net-cidr-lite-doc*: Tracing dependencies...
>>> perl-net-cidr-lite-doc*: Package size: 3.0 KB
>>> perl-net-cidr-lite-doc*: Compressing data...
>>> perl-net-cidr-lite-doc*: Create checksum...
pigz: not found
>>> perl-net-cidr-lite-doc*: Create perl-net-cidr-lite-doc-0.22-r2.apk
>>> perl-net-cidr-lite*: Tracing dependencies...
	perl
>>> perl-net-cidr-lite*: Package size: 18.2 KB
>>> perl-net-cidr-lite*: Compressing data...
>>> perl-net-cidr-lite*: Create checksum...
pigz: not found
>>> perl-net-cidr-lite*: Create perl-net-cidr-lite-0.22-r2.apk
>>> perl-net-cidr-lite: Build complete at Sun, 18 May 2025 10:48:51 +0000 elapsed time 0h 0m 4s
>>> perl-net-cidr-lite: Cleaning up srcdir
>>> perl-net-cidr-lite: Cleaning up pkgdir
>>> perl-net-cidr-lite: Uninstalling dependencies...
(1/6) Purging .makedepends-perl-net-cidr-lite (20250518.104849)
(2/6) Purging git-perl (2.47.2-r0)
(3/6) Purging perl-git (2.47.2-r0)
(4/6) Purging perl-error (0.17030-r0)
(5/6) Purging perl (5.40.2-r0)
(6/6) Purging libbz2 (1.0.8-r6)
Executing busybox-1.37.0-r12.trigger
OK: 261 MiB in 81 packages
>>> perl-net-cidr-lite: Updating the main/x86_64 repository index...
>>> perl-net-cidr-lite: Signing the index...
pigz: not found
