>>> perl-data-guid: Validating /home/packager/oily-pine/main/perl-data-guid/APKBUILD...
>>> perl-data-guid: Cleaning up srcdir
>>> perl-data-guid: Cleaning up pkgdir
>>> perl-data-guid: Cleaning up tmpdir
>>> perl-data-guid: Fetching https://cpan.metacpan.org/authors/id/R/RJ/RJBS/Data-GUID-0.051.tar.gz
  % Total    % Received % Xferd  Average Speed   Time    Time     Time  Current
                                 Dload  Upload   Total   Spent    Left  Speed
  0     0    0     0    0     0      0      0 --:--:-- --:--:-- --:--:--     0100 20305  100 20305    0     0   132k      0 --:--:-- --:--:-- --:--:--  133k
>>> perl-data-guid: Fetching https://cpan.metacpan.org/authors/id/R/RJ/RJBS/Data-GUID-0.051.tar.gz
>>> perl-data-guid: Checking sha512sums...
Data-GUID-0.051.tar.gz: OK
>>> perl-data-guid: Preparing build chroot...
fetch http://dl-cdn.alpinelinux.org/alpine/edge/main/x86_64/APKINDEX.tar.gz
(1/78) Installing musl (1.2.5-r10)
(2/78) Installing libcrypto3 (3.5.0-r0)
(3/78) Installing ca-certificates-bundle (20241121-r2)
(4/78) Installing libssl3 (3.5.0-r0)
(5/78) Installing zlib (1.3.1-r2)
(6/78) Installing libapk2 (2.14.9-r2)
(7/78) Installing apk-tools (2.14.9-r2)
(8/78) Installing libcap2 (2.76-r0)
(9/78) Installing libcap-getcap (2.76-r0)
(10/78) Installing fakeroot (1.37.1.1-r0)
(11/78) Installing scanelf (1.3.8-r1)
(12/78) Installing musl-utils (1.2.5-r10)
(13/78) Installing libgcc (14.3.0-r1)
(14/78) Installing libstdc++ (14.3.0-r1)
(15/78) Installing lzip (1.25-r0)
(16/78) Installing openssl (3.5.0-r0)
(17/78) Installing patch (2.8-r0)
(18/78) Installing pkgconf (2.4.3-r0)
(19/78) Installing acl-libs (2.3.2-r1)
(20/78) Installing tar (1.35-r3)
(21/78) Installing busybox (1.37.0-r18)
Executing busybox-1.37.0-r18.post-install
(22/78) Installing ssl_client (1.37.0-r18)
(23/78) Installing busybox-binsh (1.37.0-r18)
(24/78) Installing abuild (3.15.0-r0)
Executing abuild-3.15.0-r0.pre-install
(25/78) Installing abuild-sudo (3.15.0-r0)
(26/78) Installing alpine-baselayout-data (3.7.0-r0)
(27/78) Installing alpine-baselayout (3.7.0-r0)
Executing alpine-baselayout-3.7.0-r0.pre-install
Executing alpine-baselayout-3.7.0-r0.post-install
(28/78) Installing bridge (1.5-r5)
(29/78) Installing ifupdown-ng (0.12.1-r7)
(30/78) Installing openrc-user (0.62.2-r2)
(31/78) Installing openrc (0.62.2-r2)
Executing openrc-0.62.2-r2.post-install
(32/78) Installing mdev-conf (4.8-r0)
(33/78) Installing busybox-mdev-openrc (1.37.0-r18)
(34/78) Installing alpine-conf (3.20.0-r0)
(35/78) Installing alpine-keys (2.5-r0)
(36/78) Installing alpine-release (3.22.0-r0)
(37/78) Installing busybox-openrc (1.37.0-r18)
(38/78) Installing busybox-suid (1.37.0-r18)
(39/78) Installing alpine-base (3.22.0-r0)
(40/78) Installing jansson (2.14.1-r0)
(41/78) Installing zstd-libs (1.5.7-r0)
(42/78) Installing binutils (2.44-r0)
(43/78) Installing libmagic (5.46-r2)
(44/78) Installing file (5.46-r2)
(45/78) Installing libgomp (14.3.0-r1)
(46/78) Installing libatomic (14.3.0-r1)
(47/78) Installing gmp (6.3.0-r3)
(48/78) Installing isl26 (0.26-r1)
(49/78) Installing mpfr4 (4.2.1_p1-r0)
(50/78) Installing mpc1 (1.3.1-r1)
(51/78) Installing gcc (14.3.0-r1)
(52/78) Installing libstdc++-dev (14.3.0-r1)
(53/78) Installing musl-dev (1.2.5-r10)
(54/78) Installing g++ (14.3.0-r1)
(55/78) Installing make (4.4.1-r3)
(56/78) Installing fortify-headers (1.1-r5)
(57/78) Installing build-base (0.5-r3)
(58/78) Installing brotli-libs (1.1.0-r2)
(59/78) Installing c-ares (1.34.5-r0)
(60/78) Installing libunistring (1.3-r0)
(61/78) Installing libidn2 (2.3.7-r0)
(62/78) Installing nghttp2-libs (1.65.0-r0)
(63/78) Installing libpsl (0.21.5-r3)
(64/78) Installing libcurl (8.14.0-r2)
(65/78) Installing libexpat (2.7.1-r0)
(66/78) Installing pcre2 (10.43-r1)
(67/78) Installing git (2.49.0-r0)
(68/78) Installing git-init-template (2.49.0-r0)
(69/78) Installing libbz2 (1.0.8-r6)
(70/78) Installing perl (5.40.2-r0)
(71/78) Installing perl-error (0.17030-r0)
(72/78) Installing perl-git (2.49.0-r0)
(73/78) Installing git-perl (2.49.0-r0)
(74/78) Installing perl-data-uuid (1.227-r1)
(75/78) Installing perl-params-util (1.102-r5)
(76/78) Installing perl-sub-install (0.929-r2)
(77/78) Installing perl-data-optlist (0.114-r1)
(78/78) Installing perl-sub-exporter (0.991-r0)
Executing busybox-1.37.0-r18.trigger
OK: 297 MiB in 78 packages
>>> perl-data-guid: Fetching https://cpan.metacpan.org/authors/id/R/RJ/RJBS/Data-GUID-0.051.tar.gz
>>> perl-data-guid: Checking sha512sums...
Data-GUID-0.051.tar.gz: OK
>>> perl-data-guid: Unpacking /var/cache/distfiles/Data-GUID-0.051.tar.gz...
Checking if your kit is complete...
Looks good
Generating a Unix-style Makefile
Writing Makefile for Data::GUID
Writing MYMETA.yml and MYMETA.json
cp lib/Data/GUID.pm blib/lib/Data/GUID.pm
Manifying 1 pod document
PERL_DL_NONLAZY=1 "/usr/bin/perl" "-MExtUtils::Command::MM" "-MTest::Harness" "-e" "undef *Test::Harness::Switches; test_harness(0, 'blib/lib', 'blib/arch')" t/*.t
# Testing Data::GUID 0.051
t/00-load.t ............ ok
# 
# Versions for all modules listed in MYMETA.json (including optional ones):
# 
# === Configure Requires ===
# 
#     Module              Want Have
#     ------------------- ---- ----
#     ExtUtils::MakeMaker 6.78 7.70
# 
# === Build Requires ===
# 
#     Module              Want Have
#     ------------------- ---- ----
#     ExtUtils::MakeMaker  any 7.70
# 
# === Test Requires ===
# 
#     Module              Want     Have
#     ------------------- ---- --------
#     ExtUtils::MakeMaker  any     7.70
#     File::Spec           any     3.91
#     Test::More          0.96 1.302199
# 
# === Test Recommends ===
# 
#     Module         Want     Have
#     ---------- -------- --------
#     CPAN::Meta 2.120900 2.150010
# 
# === Runtime Requires ===
# 
#     Module         Want  Have
#     ------------- ----- -----
#     Carp            any  1.54
#     Data::UUID    1.148 1.227
#     Sub::Exporter  0.90 0.991
#     Sub::Install   0.03 0.929
#     bytes           any  1.09
#     overload        any  1.37
#     strict          any  1.13
#     warnings        any  1.70
# 
t/00-report-prereqs.t .. ok
t/basic.t .............. ok
t/import.t ............. ok
t/multipass_from.t ..... ok
All tests successful.
Files=5, Tests=96,  0 wallclock secs ( 0.02 usr  0.00 sys +  0.23 cusr  0.04 csys =  0.29 CPU)
Result: PASS
>>> perl-data-guid: Entering fakeroot...
Manifying 1 pod document
Appending installation info to /tmp/pkg/perl-data-guid/usr/lib/perl5/core_perl/perllocal.pod
Installing /tmp/pkg/perl-data-guid/usr/share/perl5/vendor_perl/Data/GUID.pm
Installing /tmp/pkg/perl-data-guid/usr/share/man/man3/Data::GUID.3pm
>>> perl-data-guid-doc*: Running split function doc...
'usr/share/man' -> '/tmp/pkg/perl-data-guid-doc/usr/share/man'
>>> perl-data-guid-doc*: Preparing subpackage perl-data-guid-doc...
>>> perl-data-guid-doc*: Running postcheck for perl-data-guid-doc
>>> perl-data-guid*: Running postcheck for perl-data-guid
>>> perl-data-guid*: Preparing package perl-data-guid...
>>> perl-data-guid-doc*: Tracing dependencies...
>>> perl-data-guid-doc*: Package size: 2.8 KB
>>> perl-data-guid-doc*: Compressing data...
>>> perl-data-guid-doc*: Create checksum...
>>> perl-data-guid-doc*: Create perl-data-guid-doc-0.051-r1.apk
>>> perl-data-guid*: Tracing dependencies...
	perl
	perl-sub-install
	perl-sub-exporter
	perl-data-uuid
>>> perl-data-guid*: Package size: 14.1 KB
>>> perl-data-guid*: Compressing data...
>>> perl-data-guid*: Create checksum...
>>> perl-data-guid*: Create perl-data-guid-0.051-r1.apk
>>> perl-data-guid: Updating the main/x86_64 repository index...
>>> perl-data-guid: Signing the index...
>>> perl-data-guid: Cleaning up srcdir
>>> perl-data-guid: Cleaning up build chroot
>>> perl-data-guid: Cleaning up pkgdir
