>>> perl-uri: Validating /home/packager/oily-pine/main/perl-uri/APKBUILD...
>>> perl-uri: Cleaning up srcdir
>>> perl-uri: Cleaning up pkgdir
>>> perl-uri: Cleaning up tmpdir
>>> perl-uri: Fetching https://cpan.metacpan.org/authors/id/O/OA/OALDERS/URI-5.28.tar.gz
  % Total    % Received % Xferd  Average Speed   Time    Time     Time  Current
                                 Dload  Upload   Total   Spent    Left  Speed
  0     0    0     0    0     0      0      0 --:--:-- --:--:-- --:--:--     0100  121k  100  121k    0     0   405k      0 --:--:-- --:--:-- --:--:--  406k
>>> perl-uri: Fetching https://cpan.metacpan.org/authors/id/O/OA/OALDERS/URI-5.28.tar.gz
>>> perl-uri: Checking sha512sums...
URI-5.28.tar.gz: OK
>>> perl-uri: Preparing build chroot...
fetch http://dl-cdn.alpinelinux.org/alpine/edge/main/x86_64/APKINDEX.tar.gz
(1/77) Installing musl (1.2.5-r10)
(2/77) Installing libcrypto3 (3.5.0-r0)
(3/77) Installing ca-certificates-bundle (20241121-r2)
(4/77) Installing libssl3 (3.5.0-r0)
(5/77) Installing zlib (1.3.1-r2)
(6/77) Installing libapk2 (2.14.9-r2)
(7/77) Installing apk-tools (2.14.9-r2)
(8/77) Installing libcap2 (2.76-r0)
(9/77) Installing libcap-getcap (2.76-r0)
(10/77) Installing fakeroot (1.37.1.1-r0)
(11/77) Installing scanelf (1.3.8-r1)
(12/77) Installing musl-utils (1.2.5-r10)
(13/77) Installing libgcc (14.3.0-r0)
(14/77) Installing libstdc++ (14.3.0-r0)
(15/77) Installing lzip (1.25-r0)
(16/77) Installing openssl (3.5.0-r0)
(17/77) Installing patch (2.8-r0)
(18/77) Installing pkgconf (2.4.3-r0)
(19/77) Installing acl-libs (2.3.2-r1)
(20/77) Installing tar (1.35-r3)
(21/77) Installing busybox (1.37.0-r18)
Executing busybox-1.37.0-r18.post-install
(22/77) Installing ssl_client (1.37.0-r18)
(23/77) Installing busybox-binsh (1.37.0-r18)
(24/77) Installing abuild (3.15.0-r0)
Executing abuild-3.15.0-r0.pre-install
(25/77) Installing abuild-sudo (3.15.0-r0)
(26/77) Installing alpine-baselayout-data (3.7.0-r0)
(27/77) Installing alpine-baselayout (3.7.0-r0)
Executing alpine-baselayout-3.7.0-r0.pre-install
Executing alpine-baselayout-3.7.0-r0.post-install
(28/77) Installing bridge (1.5-r5)
(29/77) Installing ifupdown-ng (0.12.1-r7)
(30/77) Installing openrc-user (0.62.2-r2)
(31/77) Installing openrc (0.62.2-r2)
Executing openrc-0.62.2-r2.post-install
(32/77) Installing mdev-conf (4.8-r0)
(33/77) Installing busybox-mdev-openrc (1.37.0-r18)
(34/77) Installing alpine-conf (3.20.0-r0)
(35/77) Installing alpine-keys (2.5-r0)
(36/77) Installing alpine-release (3.22.0-r0)
(37/77) Installing busybox-openrc (1.37.0-r18)
(38/77) Installing busybox-suid (1.37.0-r18)
(39/77) Installing alpine-base (3.22.0-r0)
(40/77) Installing jansson (2.14.1-r0)
(41/77) Installing zstd-libs (1.5.7-r0)
(42/77) Installing binutils (2.44-r0)
(43/77) Installing libmagic (5.46-r2)
(44/77) Installing file (5.46-r2)
(45/77) Installing libgomp (14.3.0-r0)
(46/77) Installing libatomic (14.3.0-r0)
(47/77) Installing gmp (6.3.0-r3)
(48/77) Installing isl26 (0.26-r1)
(49/77) Installing mpfr4 (4.2.1_p1-r0)
(50/77) Installing mpc1 (1.3.1-r1)
(51/77) Installing gcc (14.3.0-r0)
(52/77) Installing libstdc++-dev (14.3.0-r0)
(53/77) Installing musl-dev (1.2.5-r10)
(54/77) Installing g++ (14.3.0-r0)
(55/77) Installing make (4.4.1-r3)
(56/77) Installing fortify-headers (1.1-r5)
(57/77) Installing build-base (0.5-r3)
(58/77) Installing brotli-libs (1.1.0-r2)
(59/77) Installing c-ares (1.34.5-r0)
(60/77) Installing libunistring (1.3-r0)
(61/77) Installing libidn2 (2.3.7-r0)
(62/77) Installing nghttp2-libs (1.65.0-r0)
(63/77) Installing libpsl (0.21.5-r3)
(64/77) Installing libcurl (8.14.0-r2)
(65/77) Installing libexpat (2.7.1-r0)
(66/77) Installing pcre2 (10.43-r1)
(67/77) Installing git (2.49.0-r0)
(68/77) Installing git-init-template (2.49.0-r0)
(69/77) Installing libbz2 (1.0.8-r6)
(70/77) Installing perl (5.40.2-r0)
(71/77) Installing perl-error (0.17030-r0)
(72/77) Installing perl-git (2.49.0-r0)
(73/77) Installing git-perl (2.49.0-r0)
(74/77) Installing perl-try-tiny (0.32-r0)
(75/77) Installing perl-test-fatal (0.017-r1)
(76/77) Installing perl-test-needs (0.002010-r1)
(77/77) Installing perl-test-warnings (0.038-r0)
Executing busybox-1.37.0-r18.trigger
OK: 296 MiB in 77 packages
>>> perl-uri: Fetching https://cpan.metacpan.org/authors/id/O/OA/OALDERS/URI-5.28.tar.gz
>>> perl-uri: Checking sha512sums...
URI-5.28.tar.gz: OK
>>> perl-uri: Unpacking /var/cache/distfiles/URI-5.28.tar.gz...
Checking if your kit is complete...
Looks good
Generating a Unix-style Makefile
Writing Makefile for URI
Writing MYMETA.yml and MYMETA.json
cp lib/URI/icaps.pm blib/lib/URI/icaps.pm
cp lib/URI/mms.pm blib/lib/URI/mms.pm
cp lib/URI/ldaps.pm blib/lib/URI/ldaps.pm
cp lib/URI/news.pm blib/lib/URI/news.pm
cp lib/URI/nntps.pm blib/lib/URI/nntps.pm
cp lib/URI/ftp.pm blib/lib/URI/ftp.pm
cp lib/URI.pm blib/lib/URI.pm
cp lib/URI/sips.pm blib/lib/URI/sips.pm
cp lib/URI/ssh.pm blib/lib/URI/ssh.pm
cp lib/URI/_idna.pm blib/lib/URI/_idna.pm
cp lib/URI/file/QNX.pm blib/lib/URI/file/QNX.pm
cp lib/URI/snews.pm blib/lib/URI/snews.pm
cp lib/URI/ldapi.pm blib/lib/URI/ldapi.pm
cp lib/URI/file/OS2.pm blib/lib/URI/file/OS2.pm
cp lib/URI/http.pm blib/lib/URI/http.pm
cp lib/URI/urn.pm blib/lib/URI/urn.pm
cp lib/URI/_foreign.pm blib/lib/URI/_foreign.pm
cp lib/URI/rtspu.pm blib/lib/URI/rtspu.pm
cp lib/URI/_login.pm blib/lib/URI/_login.pm
cp lib/URI/rsync.pm blib/lib/URI/rsync.pm
cp lib/URI/_punycode.pm blib/lib/URI/_punycode.pm
cp lib/URI/mailto.pm blib/lib/URI/mailto.pm
cp lib/URI/data.pm blib/lib/URI/data.pm
cp lib/URI/pop.pm blib/lib/URI/pop.pm
cp lib/URI/gopher.pm blib/lib/URI/gopher.pm
cp lib/URI/_query.pm blib/lib/URI/_query.pm
cp lib/URI/file/Win32.pm blib/lib/URI/file/Win32.pm
cp lib/URI/Escape.pm blib/lib/URI/Escape.pm
cp lib/URI/file/Base.pm blib/lib/URI/file/Base.pm
cp lib/URI/urn/oid.pm blib/lib/URI/urn/oid.pm
cp lib/URI/URL.pm blib/lib/URI/URL.pm
cp lib/URI/file/FAT.pm blib/lib/URI/file/FAT.pm
cp lib/URI/file/Unix.pm blib/lib/URI/file/Unix.pm
cp lib/URI/sftp.pm blib/lib/URI/sftp.pm
cp lib/URI/file/Mac.pm blib/lib/URI/file/Mac.pm
cp lib/URI/rlogin.pm blib/lib/URI/rlogin.pm
cp lib/URI/geo.pm blib/lib/URI/geo.pm
cp lib/URI/_segment.pm blib/lib/URI/_segment.pm
cp lib/URI/WithBase.pm blib/lib/URI/WithBase.pm
cp lib/URI/_userpass.pm blib/lib/URI/_userpass.pm
cp lib/URI/Heuristic.pm blib/lib/URI/Heuristic.pm
cp lib/URI/urn/isbn.pm blib/lib/URI/urn/isbn.pm
cp lib/URI/IRI.pm blib/lib/URI/IRI.pm
cp lib/URI/telnet.pm blib/lib/URI/telnet.pm
cp lib/URI/Split.pm blib/lib/URI/Split.pm
cp lib/URI/https.pm blib/lib/URI/https.pm
cp lib/URI/file.pm blib/lib/URI/file.pm
cp lib/URI/_server.pm blib/lib/URI/_server.pm
cp lib/URI/tn3270.pm blib/lib/URI/tn3270.pm
cp lib/URI/_generic.pm blib/lib/URI/_generic.pm
cp lib/URI/rtsp.pm blib/lib/URI/rtsp.pm
cp lib/URI/QueryParam.pm blib/lib/URI/QueryParam.pm
cp lib/URI/nntp.pm blib/lib/URI/nntp.pm
cp lib/URI/_ldap.pm blib/lib/URI/_ldap.pm
cp lib/URI/sip.pm blib/lib/URI/sip.pm
cp lib/URI/ldap.pm blib/lib/URI/ldap.pm
cp lib/URI/icap.pm blib/lib/URI/icap.pm
Manifying 14 pod documents
PERL_DL_NONLAZY=1 "/usr/bin/perl" "-MExtUtils::Command::MM" "-MTest::Harness" "-e" "undef *Test::Harness::Switches; test_harness(0, 'blib/lib', 'blib/arch')" t/*.t
# 
# Versions for all modules listed in MYMETA.json (including optional ones):
# 
# === Configure Requires ===
# 
#     Module              Want Have
#     ------------------- ---- ----
#     ExtUtils::MakeMaker  any 7.70
# 
# === Configure Suggests ===
# 
#     Module      Want Have
#     -------- ------- ----
#     JSON::PP 2.27300 4.16
# 
# === Build Requires ===
# 
#     Module              Want Have
#     ------------------- ---- ----
#     ExtUtils::MakeMaker  any 7.70
# 
# === Test Requires ===
# 
#     Module                Want     Have
#     --------------------- ---- --------
#     ExtUtils::MakeMaker    any     7.70
#     File::Spec             any     3.91
#     File::Spec::Functions  any     3.91
#     File::Temp             any   0.2311
#     Test::Fatal            any    0.017
#     Test::More            0.96 1.302199
#     Test::Needs            any 0.002010
#     Test::Warnings         any    0.038
#     utf8                   any     1.25
# 
# === Test Recommends ===
# 
#     Module         Want     Have
#     ---------- -------- --------
#     CPAN::Meta 2.120900 2.150010
# 
# === Runtime Requires ===
# 
#     Module           Want     Have
#     ------------ -------- --------
#     Carp              any     1.54
#     Cwd               any     3.91
#     Data::Dumper      any    2.189
#     Encode            any     3.21
#     Exporter         5.57     5.78
#     MIME::Base64        2  3.16_01
#     Net::Domain       any     3.15
#     Scalar::Util      any     1.63
#     constant          any     1.33
#     integer           any     1.01
#     overload          any     1.37
#     parent            any    0.241
#     perl         5.008001 5.040002
#     strict            any     1.13
#     utf8              any     1.25
#     warnings          any     1.70
# 
# === Runtime Suggests ===
# 
#     Module          Want    Have
#     -------------- ----- -------
#     Business::ISBN 3.005 missing
#     Regexp::IPv6    0.03 missing
# 
t/00-report-prereqs.t ...... ok
t/abs.t .................... ok
t/clone.t .................. ok
t/cwd.t .................... ok
t/data.t ................... ok
t/escape-char.t ............ ok
t/escape.t ................. ok
t/file.t ................... ok
t/ftp.t .................... ok
t/generic.t ................ ok
t/geo_basic.t .............. ok
t/geo_construct.t .......... ok
t/geo_point.t .............. skipped: Needs Geo::Point
t/gopher.t ................. ok
t/heuristic.t .............. ok
t/http.t ................... ok
t/icap.t ................... ok
t/idna.t ................... ok
t/ipv6.t ................... ok
t/iri.t .................... ok
t/ldap.t ................... ok
t/mailto.t ................. ok
t/mix.t .................... ok
t/mms.t .................... ok
t/news.t ................... ok
t/num_eq.t ................. ok
t/old-absconf.t ............ ok
t/old-base.t ............... ok
t/old-file.t ............... ok
t/old-relbase.t ............ ok
t/path-segments.t .......... ok
t/pop.t .................... ok
t/punycode.t ............... ok
t/query-param.t ............ ok
t/query.t .................. ok
t/rel.t .................... ok
t/rfc2732.t ................ ok
t/roy-test.t ............... ok
t/rsync.t .................. ok
t/rtsp.t ................... ok
# 1
# 1
t/scheme-exceptions.t ...... ok
t/sip.t .................... ok
t/sort-hash-query-form.t ... ok
t/split.t .................. ok
t/sq-brackets-legacy.t ..... ok
t/sq-brackets.t ............ ok
t/storable.t ............... ok
t/urn-isbn.t ............... skipped: Need Business::ISBN 3.005
t/urn-oid.t ................ ok
t/urn-scheme-exceptions.t .. ok
t/userpass.t ............... ok
t/utf8.t ................... ok
All tests successful.

Test Summary Report
-------------------
t/mailto.t               (Wstat: 0 Tests: 20 Failed: 0)
  TODO passed:   16
Files=52, Tests=829, 203 wallclock secs ( 0.07 usr  0.03 sys +  1.92 cusr  0.37 csys =  2.39 CPU)
Result: PASS
>>> perl-uri: Entering fakeroot...
Manifying 14 pod documents
Installing /tmp/pkg/perl-uri/usr/share/perl5/vendor_perl/URI.pm
Installing /tmp/pkg/perl-uri/usr/share/perl5/vendor_perl/URI/file.pm
Installing /tmp/pkg/perl-uri/usr/share/perl5/vendor_perl/URI/urn.pm
Installing /tmp/pkg/perl-uri/usr/share/perl5/vendor_perl/URI/rtspu.pm
Installing /tmp/pkg/perl-uri/usr/share/perl5/vendor_perl/URI/nntps.pm
Installing /tmp/pkg/perl-uri/usr/share/perl5/vendor_perl/URI/news.pm
Installing /tmp/pkg/perl-uri/usr/share/perl5/vendor_perl/URI/http.pm
Installing /tmp/pkg/perl-uri/usr/share/perl5/vendor_perl/URI/_generic.pm
Installing /tmp/pkg/perl-uri/usr/share/perl5/vendor_perl/URI/ldaps.pm
Installing /tmp/pkg/perl-uri/usr/share/perl5/vendor_perl/URI/pop.pm
Installing /tmp/pkg/perl-uri/usr/share/perl5/vendor_perl/URI/gopher.pm
Installing /tmp/pkg/perl-uri/usr/share/perl5/vendor_perl/URI/Heuristic.pm
Installing /tmp/pkg/perl-uri/usr/share/perl5/vendor_perl/URI/rsync.pm
Installing /tmp/pkg/perl-uri/usr/share/perl5/vendor_perl/URI/geo.pm
Installing /tmp/pkg/perl-uri/usr/share/perl5/vendor_perl/URI/URL.pm
Installing /tmp/pkg/perl-uri/usr/share/perl5/vendor_perl/URI/data.pm
Installing /tmp/pkg/perl-uri/usr/share/perl5/vendor_perl/URI/rlogin.pm
Installing /tmp/pkg/perl-uri/usr/share/perl5/vendor_perl/URI/tn3270.pm
Installing /tmp/pkg/perl-uri/usr/share/perl5/vendor_perl/URI/mailto.pm
Installing /tmp/pkg/perl-uri/usr/share/perl5/vendor_perl/URI/mms.pm
Installing /tmp/pkg/perl-uri/usr/share/perl5/vendor_perl/URI/IRI.pm
Installing /tmp/pkg/perl-uri/usr/share/perl5/vendor_perl/URI/ftp.pm
Installing /tmp/pkg/perl-uri/usr/share/perl5/vendor_perl/URI/_ldap.pm
Installing /tmp/pkg/perl-uri/usr/share/perl5/vendor_perl/URI/sips.pm
Installing /tmp/pkg/perl-uri/usr/share/perl5/vendor_perl/URI/_foreign.pm
Installing /tmp/pkg/perl-uri/usr/share/perl5/vendor_perl/URI/Escape.pm
Installing /tmp/pkg/perl-uri/usr/share/perl5/vendor_perl/URI/rtsp.pm
Installing /tmp/pkg/perl-uri/usr/share/perl5/vendor_perl/URI/Split.pm
Installing /tmp/pkg/perl-uri/usr/share/perl5/vendor_perl/URI/nntp.pm
Installing /tmp/pkg/perl-uri/usr/share/perl5/vendor_perl/URI/telnet.pm
Installing /tmp/pkg/perl-uri/usr/share/perl5/vendor_perl/URI/_server.pm
Installing /tmp/pkg/perl-uri/usr/share/perl5/vendor_perl/URI/_segment.pm
Installing /tmp/pkg/perl-uri/usr/share/perl5/vendor_perl/URI/https.pm
Installing /tmp/pkg/perl-uri/usr/share/perl5/vendor_perl/URI/sftp.pm
Installing /tmp/pkg/perl-uri/usr/share/perl5/vendor_perl/URI/_punycode.pm
Installing /tmp/pkg/perl-uri/usr/share/perl5/vendor_perl/URI/_query.pm
Installing /tmp/pkg/perl-uri/usr/share/perl5/vendor_perl/URI/WithBase.pm
Installing /tmp/pkg/perl-uri/usr/share/perl5/vendor_perl/URI/_login.pm
Installing /tmp/pkg/perl-uri/usr/share/perl5/vendor_perl/URI/icap.pm
Installing /tmp/pkg/perl-uri/usr/share/perl5/vendor_perl/URI/_userpass.pm
Installing /tmp/pkg/perl-uri/usr/share/perl5/vendor_perl/URI/ssh.pm
Installing /tmp/pkg/perl-uri/usr/share/perl5/vendor_perl/URI/ldap.pm
Installing /tmp/pkg/perl-uri/usr/share/perl5/vendor_perl/URI/_idna.pm
Installing /tmp/pkg/perl-uri/usr/share/perl5/vendor_perl/URI/ldapi.pm
Installing /tmp/pkg/perl-uri/usr/share/perl5/vendor_perl/URI/sip.pm
Installing /tmp/pkg/perl-uri/usr/share/perl5/vendor_perl/URI/snews.pm
Installing /tmp/pkg/perl-uri/usr/share/perl5/vendor_perl/URI/icaps.pm
Installing /tmp/pkg/perl-uri/usr/share/perl5/vendor_perl/URI/QueryParam.pm
Installing /tmp/pkg/perl-uri/usr/share/perl5/vendor_perl/URI/urn/isbn.pm
Installing /tmp/pkg/perl-uri/usr/share/perl5/vendor_perl/URI/urn/oid.pm
Installing /tmp/pkg/perl-uri/usr/share/perl5/vendor_perl/URI/file/Mac.pm
Installing /tmp/pkg/perl-uri/usr/share/perl5/vendor_perl/URI/file/Base.pm
Installing /tmp/pkg/perl-uri/usr/share/perl5/vendor_perl/URI/file/Win32.pm
Installing /tmp/pkg/perl-uri/usr/share/perl5/vendor_perl/URI/file/OS2.pm
Installing /tmp/pkg/perl-uri/usr/share/perl5/vendor_perl/URI/file/Unix.pm
Installing /tmp/pkg/perl-uri/usr/share/perl5/vendor_perl/URI/file/QNX.pm
Installing /tmp/pkg/perl-uri/usr/share/perl5/vendor_perl/URI/file/FAT.pm
Installing /tmp/pkg/perl-uri/usr/share/man/man3/URI::QueryParam.3pm
Installing /tmp/pkg/perl-uri/usr/share/man/man3/URI::WithBase.3pm
Installing /tmp/pkg/perl-uri/usr/share/man/man3/URI::data.3pm
Installing /tmp/pkg/perl-uri/usr/share/man/man3/URI::geo.3pm
Installing /tmp/pkg/perl-uri/usr/share/man/man3/URI::Escape.3pm
Installing /tmp/pkg/perl-uri/usr/share/man/man3/URI::icaps.3pm
Installing /tmp/pkg/perl-uri/usr/share/man/man3/URI::URL.3pm
Installing /tmp/pkg/perl-uri/usr/share/man/man3/URI::file.3pm
Installing /tmp/pkg/perl-uri/usr/share/man/man3/URI::ldap.3pm
Installing /tmp/pkg/perl-uri/usr/share/man/man3/URI::Heuristic.3pm
Installing /tmp/pkg/perl-uri/usr/share/man/man3/URI::icap.3pm
Installing /tmp/pkg/perl-uri/usr/share/man/man3/URI::_punycode.3pm
Installing /tmp/pkg/perl-uri/usr/share/man/man3/URI::Split.3pm
Installing /tmp/pkg/perl-uri/usr/share/man/man3/URI.3pm
>>> perl-uri-doc*: Running split function doc...
'usr/share/man' -> '/tmp/pkg/perl-uri-doc/usr/share/man'
>>> perl-uri-doc*: Preparing subpackage perl-uri-doc...
>>> perl-uri-doc*: Running postcheck for perl-uri-doc
>>> perl-uri*: Running postcheck for perl-uri
>>> perl-uri*: Preparing package perl-uri...
>>> perl-uri-doc*: Tracing dependencies...
>>> perl-uri-doc*: Package size: 37.6 KB
>>> perl-uri-doc*: Compressing data...
>>> perl-uri-doc*: Create checksum...
>>> perl-uri-doc*: Create perl-uri-doc-5.28-r0.apk
>>> perl-uri*: Tracing dependencies...
	perl
>>> perl-uri*: Package size: 149.1 KB
>>> perl-uri*: Compressing data...
>>> perl-uri*: Create checksum...
>>> perl-uri*: Create perl-uri-5.28-r0.apk
>>> perl-uri: Updating the main/x86_64 repository index...
>>> perl-uri: Signing the index...
>>> perl-uri: Cleaning up srcdir
>>> perl-uri: Cleaning up build chroot
>>> perl-uri: Cleaning up pkgdir
