>>> perl-async-mergepoint: Validating /home/packager/oily-pine/main/perl-async-mergepoint/APKBUILD...
>>> perl-async-mergepoint: Cleaning up srcdir
>>> perl-async-mergepoint: Cleaning up pkgdir
>>> perl-async-mergepoint: Cleaning up tmpdir
>>> perl-async-mergepoint: Fetching https://cpan.metacpan.org/authors/id/P/PE/PEVANS/Async-MergePoint-0.04.tar.gz
  % Total    % Received % Xferd  Average Speed   Time    Time     Time  Current
                                 Dload  Upload   Total   Spent    Left  Speed
  0     0    0     0    0     0      0      0 --:--:-- --:--:-- --:--:--     0  0     0    0     0    0     0      0      0 --:--:-- --:--:-- --:--:--     0100 15046  100 15046    0     0  42855      0 --:--:-- --:--:-- --:--:-- 42866
>>> perl-async-mergepoint: Fetching https://cpan.metacpan.org/authors/id/P/PE/PEVANS/Async-MergePoint-0.04.tar.gz
>>> perl-async-mergepoint: Checking sha512sums...
Async-MergePoint-0.04.tar.gz: OK
>>> perl-async-mergepoint: Preparing build chroot...
fetch http://dl-cdn.alpinelinux.org/alpine/edge/main/x86_64/APKINDEX.tar.gz
(1/78) Installing musl (1.2.5-r10)
(2/78) Installing libcrypto3 (3.5.0-r0)
(3/78) Installing ca-certificates-bundle (20241121-r2)
(4/78) Installing libssl3 (3.5.0-r0)
(5/78) Installing zlib (1.3.1-r2)
(6/78) Installing libapk2 (2.14.9-r2)
(7/78) Installing apk-tools (2.14.9-r2)
(8/78) Installing libcap2 (2.76-r0)
(9/78) Installing libcap-getcap (2.76-r0)
(10/78) Installing fakeroot (1.37.1.1-r0)
(11/78) Installing scanelf (1.3.8-r1)
(12/78) Installing musl-utils (1.2.5-r10)
(13/78) Installing libgcc (14.3.0-r1)
(14/78) Installing libstdc++ (14.3.0-r1)
(15/78) Installing lzip (1.25-r0)
(16/78) Installing openssl (3.5.0-r0)
(17/78) Installing patch (2.8-r0)
(18/78) Installing pkgconf (2.4.3-r0)
(19/78) Installing acl-libs (2.3.2-r1)
(20/78) Installing tar (1.35-r3)
(21/78) Installing busybox (1.37.0-r18)
Executing busybox-1.37.0-r18.post-install
(22/78) Installing ssl_client (1.37.0-r18)
(23/78) Installing busybox-binsh (1.37.0-r18)
(24/78) Installing abuild (3.15.0-r0)
Executing abuild-3.15.0-r0.pre-install
(25/78) Installing abuild-sudo (3.15.0-r0)
(26/78) Installing alpine-baselayout-data (3.7.0-r0)
(27/78) Installing alpine-baselayout (3.7.0-r0)
Executing alpine-baselayout-3.7.0-r0.pre-install
Executing alpine-baselayout-3.7.0-r0.post-install
(28/78) Installing bridge (1.5-r5)
(29/78) Installing ifupdown-ng (0.12.1-r7)
(30/78) Installing openrc-user (0.62.2-r2)
(31/78) Installing openrc (0.62.2-r2)
Executing openrc-0.62.2-r2.post-install
(32/78) Installing mdev-conf (4.8-r0)
(33/78) Installing busybox-mdev-openrc (1.37.0-r18)
(34/78) Installing alpine-conf (3.20.0-r0)
(35/78) Installing alpine-keys (2.5-r0)
(36/78) Installing alpine-release (3.22.0-r0)
(37/78) Installing busybox-openrc (1.37.0-r18)
(38/78) Installing busybox-suid (1.37.0-r18)
(39/78) Installing alpine-base (3.22.0-r0)
(40/78) Installing jansson (2.14.1-r0)
(41/78) Installing zstd-libs (1.5.7-r0)
(42/78) Installing binutils (2.44-r0)
(43/78) Installing libmagic (5.46-r2)
(44/78) Installing file (5.46-r2)
(45/78) Installing libgomp (14.3.0-r1)
(46/78) Installing libatomic (14.3.0-r1)
(47/78) Installing gmp (6.3.0-r3)
(48/78) Installing isl26 (0.26-r1)
(49/78) Installing mpfr4 (4.2.1_p1-r0)
(50/78) Installing mpc1 (1.3.1-r1)
(51/78) Installing gcc (14.3.0-r1)
(52/78) Installing libstdc++-dev (14.3.0-r1)
(53/78) Installing musl-dev (1.2.5-r10)
(54/78) Installing g++ (14.3.0-r1)
(55/78) Installing make (4.4.1-r3)
(56/78) Installing fortify-headers (1.1-r5)
(57/78) Installing build-base (0.5-r3)
(58/78) Installing brotli-libs (1.1.0-r2)
(59/78) Installing c-ares (1.34.5-r0)
(60/78) Installing libunistring (1.3-r0)
(61/78) Installing libidn2 (2.3.7-r0)
(62/78) Installing nghttp2-libs (1.65.0-r0)
(63/78) Installing libpsl (0.21.5-r3)
(64/78) Installing libcurl (8.14.0-r2)
(65/78) Installing libexpat (2.7.1-r0)
(66/78) Installing pcre2 (10.43-r1)
(67/78) Installing git (2.49.0-r0)
(68/78) Installing git-init-template (2.49.0-r0)
(69/78) Installing libbz2 (1.0.8-r6)
(70/78) Installing perl (5.40.2-r0)
(71/78) Installing perl-error (0.17030-r0)
(72/78) Installing perl-git (2.49.0-r0)
(73/78) Installing git-perl (2.49.0-r0)
(74/78) Installing perl-utils (5.40.2-r0)
(75/78) Installing perl-dev (5.40.2-r0)
(76/78) Installing perl-module-build (0.4234-r1)
(77/78) Installing perl-try-tiny (0.32-r0)
(78/78) Installing perl-test-fatal (0.017-r1)
Executing busybox-1.37.0-r18.trigger
OK: 306 MiB in 78 packages
>>> perl-async-mergepoint: Fetching https://cpan.metacpan.org/authors/id/P/PE/PEVANS/Async-MergePoint-0.04.tar.gz
>>> perl-async-mergepoint: Checking sha512sums...
Async-MergePoint-0.04.tar.gz: OK
>>> perl-async-mergepoint: Unpacking /var/cache/distfiles/Async-MergePoint-0.04.tar.gz...
Created MYMETA.yml and MYMETA.json
Creating new 'Build' script for 'Async-MergePoint' version '0.04'
Building Async-MergePoint
t/01mergepoint.t .. ok
t/02lateclose.t ... ok
t/03lateneeds.t ... ok
t/99pod.t ......... skipped: Test::Pod 1.00 required for testing POD
All tests successful.
Files=4, Tests=19,  0 wallclock secs ( 0.01 usr  0.00 sys +  0.11 cusr  0.03 csys =  0.15 CPU)
Result: PASS
>>> perl-async-mergepoint: Entering fakeroot...
Building Async-MergePoint
Installing /tmp/pkg/perl-async-mergepoint/usr/share/perl5/vendor_perl/Async/MergePoint.pm
Installing /tmp/pkg/perl-async-mergepoint/usr/share/man/man3/Async::MergePoint.3pm
>>> perl-async-mergepoint-doc*: Running split function doc...
'usr/share/man' -> '/tmp/pkg/perl-async-mergepoint-doc/usr/share/man'
>>> perl-async-mergepoint-doc*: Preparing subpackage perl-async-mergepoint-doc...
>>> perl-async-mergepoint-doc*: Running postcheck for perl-async-mergepoint-doc
>>> perl-async-mergepoint*: Running postcheck for perl-async-mergepoint
>>> perl-async-mergepoint*: Preparing package perl-async-mergepoint...
>>> perl-async-mergepoint-doc*: Tracing dependencies...
>>> perl-async-mergepoint-doc*: Package size: 3.1 KB
>>> perl-async-mergepoint-doc*: Compressing data...
>>> perl-async-mergepoint-doc*: Create checksum...
>>> perl-async-mergepoint-doc*: Create perl-async-mergepoint-doc-0.04-r5.apk
>>> perl-async-mergepoint*: Tracing dependencies...
	perl
>>> perl-async-mergepoint*: Package size: 7.0 KB
>>> perl-async-mergepoint*: Compressing data...
>>> perl-async-mergepoint*: Create checksum...
>>> perl-async-mergepoint*: Create perl-async-mergepoint-0.04-r5.apk
>>> perl-async-mergepoint: Updating the main/x86_64 repository index...
>>> perl-async-mergepoint: Signing the index...
>>> perl-async-mergepoint: Cleaning up srcdir
>>> perl-async-mergepoint: Cleaning up build chroot
>>> perl-async-mergepoint: Cleaning up pkgdir
