pigz: not found
>>> perl-file-sharedir: Building main/perl-file-sharedir 1.118-r1 (using abuild 3.14.1-r4) started Sun, 18 May 2025 07:51:27 +0000
>>> perl-file-sharedir: Validating /home/packager/aports/main/perl-file-sharedir/APKBUILD...
>>> perl-file-sharedir: Analyzing dependencies...
>>> perl-file-sharedir: Installing for build: build-base perl perl-class-inspector perl-file-sharedir-install perl-inc-latest
(1/9) Installing libbz2 (1.0.8-r6)
(2/9) Installing perl (5.40.2-r0)
(3/9) Installing perl-class-inspector (1.36-r3)
(4/9) Installing perl-file-sharedir-install (0.14-r2)
(5/9) Installing perl-inc-latest (0.500-r3)
(6/9) Installing .makedepends-perl-file-sharedir (20250518.075128)
(7/9) Installing perl-error (0.17029-r2)
(8/9) Installing perl-git (2.47.2-r0)
(9/9) Installing git-perl (2.47.2-r0)
Executing busybox-1.37.0-r12.trigger
OK: 297 MiB in 90 packages
>>> perl-file-sharedir: Cleaning up srcdir
>>> perl-file-sharedir: Cleaning up pkgdir
>>> perl-file-sharedir: Cleaning up tmpdir
>>> perl-file-sharedir: Fetching https://cpan.metacpan.org/authors/id/R/RE/REHSACK/File-ShareDir-1.118.tar.gz
Connecting to cpan.metacpan.org (146.75.122.217:443)
saving to '/var/cache/distfiles/File-ShareDir-1.118.tar.gz.part'
File-ShareDir-1.118. 100% |********************************| 29631  0:00:00 ETA
'/var/cache/distfiles/File-ShareDir-1.118.tar.gz.part' saved
>>> perl-file-sharedir: Fetching https://cpan.metacpan.org/authors/id/R/RE/REHSACK/File-ShareDir-1.118.tar.gz
>>> perl-file-sharedir: Checking sha512sums...
File-ShareDir-1.118.tar.gz: OK
>>> perl-file-sharedir: Unpacking /var/cache/distfiles/File-ShareDir-1.118.tar.gz...
Checking if your kit is complete...
Looks good
Generating a Unix-style Makefile
Writing Makefile for File::ShareDir
Writing MYMETA.yml and MYMETA.json
cp lib/File/ShareDir.pm blib/lib/File/ShareDir.pm
cp share/subdir/sample.txt blib/lib/auto/share/dist/File-ShareDir/subdir/sample.txt
cp share/sample.txt blib/lib/auto/share/dist/File-ShareDir/sample.txt
cp foo/test_file.txt blib/lib/auto/share/module/File-ShareDir/test_file.txt
Manifying 1 pod document
Skip blib/lib/auto/share/dist/File-ShareDir/sample.txt (unchanged)
Skip blib/lib/auto/share/dist/File-ShareDir/subdir/sample.txt (unchanged)
Skip blib/lib/auto/share/module/File-ShareDir/test_file.txt (unchanged)
PERL_DL_NONLAZY=1 "/usr/bin/perl" "-MExtUtils::Command::MM" "-MTest::Harness" "-e" "undef *Test::Harness::Switches; test_harness(0, 'blib/lib', 'blib/arch')" t/*.t xt/*.t
t/04_fail.t ........ ok
t/06_old.t ......... ok
# Requirements for File-ShareDir version 1.118
#                    module |  version |  wanted | status
# - configure / requires ---+----------+---------+---------
#       ExtUtils::MakeMaker |     7.70 |       0 | ok
#   File::ShareDir::Install |     0.14 |    0.13 | ok
# - configure / recommends -+----------+---------+---------
#               inc::latest |    0.500 |   0.500 | ok
# - runtime / requires -----+----------+---------+---------
#                      Carp |     1.54 |       0 | ok
#          Class::Inspector |     1.36 |    1.12 | ok
#                File::Spec |     3.91 |    0.80 | ok
#                  warnings |     1.70 |       0 | ok
# - runtime / recommends ---+----------+---------+---------
#           List::MoreUtils |      n/a |   0.428 | not ok
#              Params::Util |      n/a |    1.07 | not ok
# - test / requires --------+----------+---------+---------
#                File::Path |     2.18 |    2.08 | ok
#                Test::More | 1.302199 |    0.90 | ok
# - test / recommends ------+----------+---------+---------
#                CPAN::Meta | 2.150010 | 2.11044 | ok
# --------------------------+----------+---------+---------
t/00_prereqs.t ..... ok
# Testing File::ShareDir 1.118, Perl 5.040002, /usr/bin/perl, UID: 1000
t/01_compile.t ..... ok
t/02_main.t ........ ok
t/03_extensions.t .. ok
t/05_class.t ....... ok
All tests successful.

Test Summary Report
-------------------
t/00_prereqs.t   (Wstat: 0 Tests: 22 Failed: 0)
  TODO passed:   5-6, 21-22
Files=7, Tests=93,  1 wallclock secs ( 0.04 usr  0.01 sys +  0.60 cusr  0.14 csys =  0.79 CPU)
Result: PASS
>>> perl-file-sharedir: Entering fakeroot...
Skip blib/lib/auto/share/dist/File-ShareDir/subdir/sample.txt (unchanged)
Skip blib/lib/auto/share/dist/File-ShareDir/sample.txt (unchanged)
Skip blib/lib/auto/share/module/File-ShareDir/test_file.txt (unchanged)
Manifying 1 pod document
Appending installation info to /home/packager/aports/main/perl-file-sharedir/pkg/perl-file-sharedir/usr/lib/perl5/core_perl/perllocal.pod
Installing /home/packager/aports/main/perl-file-sharedir/pkg/perl-file-sharedir/usr/share/perl5/vendor_perl/auto/share/dist/File-ShareDir/sample.txt
Installing /home/packager/aports/main/perl-file-sharedir/pkg/perl-file-sharedir/usr/share/perl5/vendor_perl/auto/share/dist/File-ShareDir/subdir/sample.txt
Installing /home/packager/aports/main/perl-file-sharedir/pkg/perl-file-sharedir/usr/share/perl5/vendor_perl/auto/share/module/File-ShareDir/test_file.txt
Installing /home/packager/aports/main/perl-file-sharedir/pkg/perl-file-sharedir/usr/share/perl5/vendor_perl/File/ShareDir.pm
Installing /home/packager/aports/main/perl-file-sharedir/pkg/perl-file-sharedir/usr/share/man/man3/File::ShareDir.3pm
>>> perl-file-sharedir-doc*: Running split function doc...
'usr/share/man' -> '/home/packager/aports/main/perl-file-sharedir/pkg/perl-file-sharedir-doc/usr/share/man'
>>> perl-file-sharedir-doc*: Preparing subpackage perl-file-sharedir-doc...
>>> perl-file-sharedir-doc*: Running postcheck for perl-file-sharedir-doc
>>> perl-file-sharedir*: Running postcheck for perl-file-sharedir
>>> perl-file-sharedir*: Preparing package perl-file-sharedir...
>>> perl-file-sharedir-doc*: Tracing dependencies...
>>> perl-file-sharedir-doc*: Package size: 4.5 KB
>>> perl-file-sharedir-doc*: Compressing data...
>>> perl-file-sharedir-doc*: Create checksum...
pigz: not found
>>> perl-file-sharedir-doc*: Create perl-file-sharedir-doc-1.118-r1.apk
>>> perl-file-sharedir*: Tracing dependencies...
	perl
	perl-class-inspector
>>> perl-file-sharedir*: Package size: 18.1 KB
>>> perl-file-sharedir*: Compressing data...
>>> perl-file-sharedir*: Create checksum...
pigz: not found
>>> perl-file-sharedir*: Create perl-file-sharedir-1.118-r1.apk
>>> perl-file-sharedir: Build complete at Sun, 18 May 2025 07:51:31 +0000 elapsed time 0h 0m 4s
>>> perl-file-sharedir: Cleaning up srcdir
>>> perl-file-sharedir: Cleaning up pkgdir
>>> perl-file-sharedir: Uninstalling dependencies...
(1/9) Purging .makedepends-perl-file-sharedir (20250518.075128)
(2/9) Purging perl-class-inspector (1.36-r3)
(3/9) Purging perl-file-sharedir-install (0.14-r2)
(4/9) Purging perl-inc-latest (0.500-r3)
(5/9) Purging git-perl (2.47.2-r0)
(6/9) Purging perl-git (2.47.2-r0)
(7/9) Purging perl-error (0.17029-r2)
(8/9) Purging perl (5.40.2-r0)
(9/9) Purging libbz2 (1.0.8-r6)
Executing busybox-1.37.0-r12.trigger
OK: 261 MiB in 81 packages
>>> perl-file-sharedir: Updating the main/x86_64 repository index...
>>> perl-file-sharedir: Signing the index...
pigz: not found
