>>> perl-dbix-dbschema: Validating /home/packager/oily-pine/main/perl-dbix-dbschema/APKBUILD...
>>> perl-dbix-dbschema: Cleaning up srcdir
>>> perl-dbix-dbschema: Cleaning up pkgdir
>>> perl-dbix-dbschema: Cleaning up tmpdir
>>> perl-dbix-dbschema: Fetching https://cpan.metacpan.org/authors/id/I/IV/IVAN/DBIx-DBSchema-0.47.tar.gz
  % Total    % Received % Xferd  Average Speed   Time    Time     Time  Current
                                 Dload  Upload   Total   Spent    Left  Speed
  0     0    0     0    0     0      0      0 --:--:-- --:--:-- --:--:--     0100 29763  100 29763    0     0   119k      0 --:--:-- --:--:-- --:--:--  120k
>>> perl-dbix-dbschema: Fetching https://cpan.metacpan.org/authors/id/I/IV/IVAN/DBIx-DBSchema-0.47.tar.gz
>>> perl-dbix-dbschema: Checking sha512sums...
DBIx-DBSchema-0.47.tar.gz: OK
>>> perl-dbix-dbschema: Preparing build chroot...
fetch http://dl-cdn.alpinelinux.org/alpine/edge/main/x86_64/APKINDEX.tar.gz
(1/74) Installing musl (1.2.5-r10)
(2/74) Installing libcrypto3 (3.5.0-r0)
(3/74) Installing ca-certificates-bundle (20241121-r2)
(4/74) Installing libssl3 (3.5.0-r0)
(5/74) Installing zlib (1.3.1-r2)
(6/74) Installing libapk2 (2.14.9-r2)
(7/74) Installing apk-tools (2.14.9-r2)
(8/74) Installing libcap2 (2.76-r0)
(9/74) Installing libcap-getcap (2.76-r0)
(10/74) Installing fakeroot (1.37.1.1-r0)
(11/74) Installing scanelf (1.3.8-r1)
(12/74) Installing musl-utils (1.2.5-r10)
(13/74) Installing libgcc (14.3.0-r1)
(14/74) Installing libstdc++ (14.3.0-r1)
(15/74) Installing lzip (1.25-r0)
(16/74) Installing openssl (3.5.0-r0)
(17/74) Installing patch (2.8-r0)
(18/74) Installing pkgconf (2.4.3-r0)
(19/74) Installing acl-libs (2.3.2-r1)
(20/74) Installing tar (1.35-r3)
(21/74) Installing busybox (1.37.0-r18)
Executing busybox-1.37.0-r18.post-install
(22/74) Installing ssl_client (1.37.0-r18)
(23/74) Installing busybox-binsh (1.37.0-r18)
(24/74) Installing abuild (3.15.0-r0)
Executing abuild-3.15.0-r0.pre-install
(25/74) Installing abuild-sudo (3.15.0-r0)
(26/74) Installing alpine-baselayout-data (3.7.0-r0)
(27/74) Installing alpine-baselayout (3.7.0-r0)
Executing alpine-baselayout-3.7.0-r0.pre-install
Executing alpine-baselayout-3.7.0-r0.post-install
(28/74) Installing bridge (1.5-r5)
(29/74) Installing ifupdown-ng (0.12.1-r7)
(30/74) Installing openrc-user (0.62.2-r2)
(31/74) Installing openrc (0.62.2-r2)
Executing openrc-0.62.2-r2.post-install
(32/74) Installing mdev-conf (4.8-r0)
(33/74) Installing busybox-mdev-openrc (1.37.0-r18)
(34/74) Installing alpine-conf (3.20.0-r0)
(35/74) Installing alpine-keys (2.5-r0)
(36/74) Installing alpine-release (3.22.0-r0)
(37/74) Installing busybox-openrc (1.37.0-r18)
(38/74) Installing busybox-suid (1.37.0-r18)
(39/74) Installing alpine-base (3.22.0-r0)
(40/74) Installing jansson (2.14.1-r0)
(41/74) Installing zstd-libs (1.5.7-r0)
(42/74) Installing binutils (2.44-r0)
(43/74) Installing libmagic (5.46-r2)
(44/74) Installing file (5.46-r2)
(45/74) Installing libgomp (14.3.0-r1)
(46/74) Installing libatomic (14.3.0-r1)
(47/74) Installing gmp (6.3.0-r3)
(48/74) Installing isl26 (0.26-r1)
(49/74) Installing mpfr4 (4.2.1_p1-r0)
(50/74) Installing mpc1 (1.3.1-r1)
(51/74) Installing gcc (14.3.0-r1)
(52/74) Installing libstdc++-dev (14.3.0-r1)
(53/74) Installing musl-dev (1.2.5-r10)
(54/74) Installing g++ (14.3.0-r1)
(55/74) Installing make (4.4.1-r3)
(56/74) Installing fortify-headers (1.1-r5)
(57/74) Installing build-base (0.5-r3)
(58/74) Installing brotli-libs (1.1.0-r2)
(59/74) Installing c-ares (1.34.5-r0)
(60/74) Installing libunistring (1.3-r0)
(61/74) Installing libidn2 (2.3.7-r0)
(62/74) Installing nghttp2-libs (1.65.0-r0)
(63/74) Installing libpsl (0.21.5-r3)
(64/74) Installing libcurl (8.14.0-r2)
(65/74) Installing libexpat (2.7.1-r0)
(66/74) Installing pcre2 (10.43-r1)
(67/74) Installing git (2.49.0-r0)
(68/74) Installing git-init-template (2.49.0-r0)
(69/74) Installing libbz2 (1.0.8-r6)
(70/74) Installing perl (5.40.2-r0)
(71/74) Installing perl-error (0.17030-r0)
(72/74) Installing perl-git (2.49.0-r0)
(73/74) Installing git-perl (2.49.0-r0)
(74/74) Installing perl-dbi (1.647-r0)
Executing busybox-1.37.0-r18.trigger
OK: 298 MiB in 74 packages
>>> perl-dbix-dbschema: Fetching https://cpan.metacpan.org/authors/id/I/IV/IVAN/DBIx-DBSchema-0.47.tar.gz
>>> perl-dbix-dbschema: Checking sha512sums...
DBIx-DBSchema-0.47.tar.gz: OK
>>> perl-dbix-dbschema: Unpacking /var/cache/distfiles/DBIx-DBSchema-0.47.tar.gz...
Checking if your kit is complete...
Looks good
Generating a Unix-style Makefile
Writing Makefile for DBIx::DBSchema
Writing MYMETA.yml and MYMETA.json
cp DBSchema/DBD/SQLite.pm blib/lib/DBIx/DBSchema/DBD/SQLite.pm
cp DBSchema/DBD/Sybase.pm blib/lib/DBIx/DBSchema/DBD/Sybase.pm
cp DBSchema/_util.pm blib/lib/DBIx/DBSchema/_util.pm
cp DBSchema/DBD.pm blib/lib/DBIx/DBSchema/DBD.pm
cp DBSchema/Index.pm blib/lib/DBIx/DBSchema/Index.pm
cp DBSchema/Column.pm blib/lib/DBIx/DBSchema/Column.pm
cp DBSchema.pm blib/lib/DBIx/DBSchema.pm
cp DBSchema/DBD/mysql.pm blib/lib/DBIx/DBSchema/DBD/mysql.pm
cp DBSchema/Table.pm blib/lib/DBIx/DBSchema/Table.pm
cp DBSchema/ForeignKey.pm blib/lib/DBIx/DBSchema/ForeignKey.pm
cp DBSchema/DBD/Oracle.pm blib/lib/DBIx/DBSchema/DBD/Oracle.pm
cp DBSchema/DBD/Pg.pm blib/lib/DBIx/DBSchema/DBD/Pg.pm
Manifying 11 pod documents
PERL_DL_NONLAZY=1 "/usr/bin/perl" "-MExtUtils::Command::MM" "-MTest::Harness" "-e" "undef *Test::Harness::Switches; test_harness(0, 'blib/lib', 'blib/arch')" t/*.t
t/load-mysql.t .......... ok
t/load-oracle.t ......... ok
t/load-pg.t ............. ok
t/load-sqlite.t ......... ok
t/load-sybase.t ......... ok
t/load.t ................ ok
# Generated: bar LONGTEXT NOT NULL  
t/mysql-text-default.t .. ok
All tests successful.
Files=7, Tests=8,  0 wallclock secs ( 0.01 usr  0.01 sys +  0.06 cusr  0.01 csys =  0.09 CPU)
Result: PASS
>>> perl-dbix-dbschema: Entering fakeroot...
Manifying 11 pod documents
Appending installation info to /tmp/pkg/perl-dbix-dbschema/usr/lib/perl5/core_perl/perllocal.pod
Installing /tmp/pkg/perl-dbix-dbschema/usr/share/perl5/vendor_perl/DBIx/DBSchema.pm
Installing /tmp/pkg/perl-dbix-dbschema/usr/share/perl5/vendor_perl/DBIx/DBSchema/_util.pm
Installing /tmp/pkg/perl-dbix-dbschema/usr/share/perl5/vendor_perl/DBIx/DBSchema/Column.pm
Installing /tmp/pkg/perl-dbix-dbschema/usr/share/perl5/vendor_perl/DBIx/DBSchema/ForeignKey.pm
Installing /tmp/pkg/perl-dbix-dbschema/usr/share/perl5/vendor_perl/DBIx/DBSchema/DBD.pm
Installing /tmp/pkg/perl-dbix-dbschema/usr/share/perl5/vendor_perl/DBIx/DBSchema/Table.pm
Installing /tmp/pkg/perl-dbix-dbschema/usr/share/perl5/vendor_perl/DBIx/DBSchema/Index.pm
Installing /tmp/pkg/perl-dbix-dbschema/usr/share/perl5/vendor_perl/DBIx/DBSchema/DBD/Oracle.pm
Installing /tmp/pkg/perl-dbix-dbschema/usr/share/perl5/vendor_perl/DBIx/DBSchema/DBD/mysql.pm
Installing /tmp/pkg/perl-dbix-dbschema/usr/share/perl5/vendor_perl/DBIx/DBSchema/DBD/Sybase.pm
Installing /tmp/pkg/perl-dbix-dbschema/usr/share/perl5/vendor_perl/DBIx/DBSchema/DBD/SQLite.pm
Installing /tmp/pkg/perl-dbix-dbschema/usr/share/perl5/vendor_perl/DBIx/DBSchema/DBD/Pg.pm
Installing /tmp/pkg/perl-dbix-dbschema/usr/share/man/man3/DBIx::DBSchema::Table.3pm
Installing /tmp/pkg/perl-dbix-dbschema/usr/share/man/man3/DBIx::DBSchema::ForeignKey.3pm
Installing /tmp/pkg/perl-dbix-dbschema/usr/share/man/man3/DBIx::DBSchema::Column.3pm
Installing /tmp/pkg/perl-dbix-dbschema/usr/share/man/man3/DBIx::DBSchema::DBD::Pg.3pm
Installing /tmp/pkg/perl-dbix-dbschema/usr/share/man/man3/DBIx::DBSchema::Index.3pm
Installing /tmp/pkg/perl-dbix-dbschema/usr/share/man/man3/DBIx::DBSchema.3pm
Installing /tmp/pkg/perl-dbix-dbschema/usr/share/man/man3/DBIx::DBSchema::DBD::SQLite.3pm
Installing /tmp/pkg/perl-dbix-dbschema/usr/share/man/man3/DBIx::DBSchema::DBD.3pm
Installing /tmp/pkg/perl-dbix-dbschema/usr/share/man/man3/DBIx::DBSchema::DBD::Sybase.3pm
Installing /tmp/pkg/perl-dbix-dbschema/usr/share/man/man3/DBIx::DBSchema::DBD::mysql.3pm
Installing /tmp/pkg/perl-dbix-dbschema/usr/share/man/man3/DBIx::DBSchema::DBD::Oracle.3pm
>>> perl-dbix-dbschema-doc*: Running split function doc...
'usr/share/man' -> '/tmp/pkg/perl-dbix-dbschema-doc/usr/share/man'
>>> perl-dbix-dbschema-doc*: Preparing subpackage perl-dbix-dbschema-doc...
libfakeroot internal error: payload not recognized!
>>> perl-dbix-dbschema-doc*: Running postcheck for perl-dbix-dbschema-doc
>>> perl-dbix-dbschema*: Running postcheck for perl-dbix-dbschema
>>> perl-dbix-dbschema*: Preparing package perl-dbix-dbschema...
>>> perl-dbix-dbschema-doc*: Tracing dependencies...
>>> perl-dbix-dbschema-doc*: Package size: 23.7 KB
>>> perl-dbix-dbschema-doc*: Compressing data...
>>> perl-dbix-dbschema-doc*: Create checksum...
>>> perl-dbix-dbschema-doc*: Create perl-dbix-dbschema-doc-0.47-r2.apk
>>> perl-dbix-dbschema*: Tracing dependencies...
	perl
	perl-dbi
>>> perl-dbix-dbschema*: Package size: 96.0 KB
>>> perl-dbix-dbschema*: Compressing data...
>>> perl-dbix-dbschema*: Create checksum...
>>> perl-dbix-dbschema*: Create perl-dbix-dbschema-0.47-r2.apk
>>> perl-dbix-dbschema: Updating the main/x86_64 repository index...
>>> perl-dbix-dbschema: Signing the index...
>>> perl-dbix-dbschema: Cleaning up srcdir
>>> perl-dbix-dbschema: Cleaning up build chroot
>>> perl-dbix-dbschema: Cleaning up pkgdir
