>>> perl-lwp-protocol-https: Validating /home/packager/oily-pine/main/perl-lwp-protocol-https/APKBUILD...
>>> perl-lwp-protocol-https: Cleaning up srcdir
>>> perl-lwp-protocol-https: Cleaning up pkgdir
>>> perl-lwp-protocol-https: Cleaning up tmpdir
>>> perl-lwp-protocol-https: Fetching https://cpan.metacpan.org/authors/id/O/OA/OALDERS/LWP-Protocol-https-6.14.tar.gz
  % Total    % Received % Xferd  Average Speed   Time    Time     Time  Current
                                 Dload  Upload   Total   Spent    Left  Speed
  0     0    0     0    0     0      0      0 --:--:-- --:--:-- --:--:--     0100 33714  100 33714    0     0   216k      0 --:--:-- --:--:-- --:--:--  216k
>>> perl-lwp-protocol-https: Fetching https://cpan.metacpan.org/authors/id/O/OA/OALDERS/LWP-Protocol-https-6.14.tar.gz
>>> perl-lwp-protocol-https: Checking sha512sums...
LWP-Protocol-https-6.14.tar.gz: OK
>>> perl-lwp-protocol-https: Preparing build chroot...
fetch http://dl-cdn.alpinelinux.org/alpine/edge/main/x86_64/APKINDEX.tar.gz
(1/95) Installing musl (1.2.5-r10)
(2/95) Installing libcrypto3 (3.5.0-r0)
(3/95) Installing ca-certificates-bundle (20241121-r2)
(4/95) Installing libssl3 (3.5.0-r0)
(5/95) Installing zlib (1.3.1-r2)
(6/95) Installing libapk2 (2.14.9-r2)
(7/95) Installing apk-tools (2.14.9-r2)
(8/95) Installing libcap2 (2.76-r0)
(9/95) Installing libcap-getcap (2.76-r0)
(10/95) Installing fakeroot (1.37.1.1-r0)
(11/95) Installing scanelf (1.3.8-r1)
(12/95) Installing musl-utils (1.2.5-r10)
(13/95) Installing libgcc (14.3.0-r1)
(14/95) Installing libstdc++ (14.3.0-r1)
(15/95) Installing lzip (1.25-r0)
(16/95) Installing openssl (3.5.0-r0)
(17/95) Installing patch (2.8-r0)
(18/95) Installing pkgconf (2.4.3-r0)
(19/95) Installing acl-libs (2.3.2-r1)
(20/95) Installing tar (1.35-r3)
(21/95) Installing busybox (1.37.0-r18)
Executing busybox-1.37.0-r18.post-install
(22/95) Installing ssl_client (1.37.0-r18)
(23/95) Installing busybox-binsh (1.37.0-r18)
(24/95) Installing abuild (3.15.0-r0)
Executing abuild-3.15.0-r0.pre-install
(25/95) Installing abuild-sudo (3.15.0-r0)
(26/95) Installing alpine-baselayout-data (3.7.0-r0)
(27/95) Installing alpine-baselayout (3.7.0-r0)
Executing alpine-baselayout-3.7.0-r0.pre-install
Executing alpine-baselayout-3.7.0-r0.post-install
(28/95) Installing bridge (1.5-r5)
(29/95) Installing ifupdown-ng (0.12.1-r7)
(30/95) Installing openrc-user (0.62.2-r2)
(31/95) Installing openrc (0.62.2-r2)
Executing openrc-0.62.2-r2.post-install
(32/95) Installing mdev-conf (4.8-r0)
(33/95) Installing busybox-mdev-openrc (1.37.0-r18)
(34/95) Installing alpine-conf (3.20.0-r0)
(35/95) Installing alpine-keys (2.5-r0)
(36/95) Installing alpine-release (3.22.0-r0)
(37/95) Installing busybox-openrc (1.37.0-r18)
(38/95) Installing busybox-suid (1.37.0-r18)
(39/95) Installing alpine-base (3.22.0-r0)
(40/95) Installing jansson (2.14.1-r0)
(41/95) Installing zstd-libs (1.5.7-r0)
(42/95) Installing binutils (2.44-r0)
(43/95) Installing libmagic (5.46-r2)
(44/95) Installing file (5.46-r2)
(45/95) Installing libgomp (14.3.0-r1)
(46/95) Installing libatomic (14.3.0-r1)
(47/95) Installing gmp (6.3.0-r3)
(48/95) Installing isl26 (0.26-r1)
(49/95) Installing mpfr4 (4.2.1_p1-r0)
(50/95) Installing mpc1 (1.3.1-r1)
(51/95) Installing gcc (14.3.0-r1)
(52/95) Installing libstdc++-dev (14.3.0-r1)
(53/95) Installing musl-dev (1.2.5-r10)
(54/95) Installing g++ (14.3.0-r1)
(55/95) Installing make (4.4.1-r3)
(56/95) Installing fortify-headers (1.1-r5)
(57/95) Installing build-base (0.5-r3)
(58/95) Installing brotli-libs (1.1.0-r2)
(59/95) Installing c-ares (1.34.5-r0)
(60/95) Installing libunistring (1.3-r0)
(61/95) Installing libidn2 (2.3.7-r0)
(62/95) Installing nghttp2-libs (1.65.0-r0)
(63/95) Installing libpsl (0.21.5-r3)
(64/95) Installing libcurl (8.14.0-r2)
(65/95) Installing libexpat (2.7.1-r0)
(66/95) Installing pcre2 (10.43-r1)
(67/95) Installing git (2.49.0-r0)
(68/95) Installing git-init-template (2.49.0-r0)
(69/95) Installing libbz2 (1.0.8-r6)
(70/95) Installing perl (5.40.2-r0)
(71/95) Installing perl-error (0.17030-r0)
(72/95) Installing perl-git (2.49.0-r0)
(73/95) Installing git-perl (2.49.0-r0)
(74/95) Installing ca-certificates (20241121-r2)
(75/95) Installing perl-net-ssleay (1.94-r2)
(76/95) Installing perl-mozilla-ca (20250202-r0)
(77/95) Installing perl-io-socket-ssl (2.089-r0)
(78/95) Installing perl-http-date (6.06-r0)
(79/95) Installing perl-clone (0.47-r0)
(80/95) Installing perl-uri (5.28-r0)
(81/95) Installing perl-io-html (1.004-r1)
(82/95) Installing perl-encode-locale (1.05-r5)
(83/95) Installing perl-lwp-mediatypes (6.04-r3)
(84/95) Installing perl-http-message (7.00-r0)
(85/95) Installing perl-http-cookies (6.11-r0)
(86/95) Installing perl-net-http (6.23-r1)
(87/95) Installing perl-html-tagset (3.24-r0)
(88/95) Installing perl-html-parser (3.83-r0)
(89/95) Installing perl-file-listing (6.16-r0)
(90/95) Installing perl-www-robotrules (6.02-r5)
(91/95) Installing perl-http-negotiate (6.01-r5)
(92/95) Installing perl-try-tiny (0.32-r0)
(93/95) Installing perl-libwww (6.77-r0)
(94/95) Installing perl-test-needs (0.002010-r1)
(95/95) Installing perl-test-requiresinternet (0.05-r4)
Executing busybox-1.37.0-r18.trigger
Executing ca-certificates-20241121-r2.trigger
OK: 300 MiB in 95 packages
>>> perl-lwp-protocol-https: Fetching https://cpan.metacpan.org/authors/id/O/OA/OALDERS/LWP-Protocol-https-6.14.tar.gz
>>> perl-lwp-protocol-https: Checking sha512sums...
LWP-Protocol-https-6.14.tar.gz: OK
>>> perl-lwp-protocol-https: Unpacking /var/cache/distfiles/LWP-Protocol-https-6.14.tar.gz...
Checking if your kit is complete...
Looks good
Generating a Unix-style Makefile
Writing Makefile for LWP::Protocol::https
Writing MYMETA.yml and MYMETA.json
cp lib/LWP/Protocol/https.pm blib/lib/LWP/Protocol/https.pm
Manifying 1 pod document
PERL_DL_NONLAZY=1 "/usr/bin/perl" "-MExtUtils::Command::MM" "-MTest::Harness" "-e" "undef *Test::Harness::Switches; test_harness(0, 'blib/lib', 'blib/arch')" t/*.t
# 
# Versions for all modules listed in MYMETA.json (including optional ones):
# 
# === Configure Requires ===
# 
#     Module                  Want     Have
#     ------------------- -------- --------
#     ExtUtils::MakeMaker      any     7.70
#     perl                5.008001 5.040002
# 
# === Configure Suggests ===
# 
#     Module      Want Have
#     -------- ------- ----
#     JSON::PP 2.27300 4.16
# 
# === Build Requires ===
# 
#     Module              Want Have
#     ------------------- ---- ----
#     ExtUtils::MakeMaker  any 7.70
# 
# === Test Requires ===
# 
#     Module                     Want     Have
#     ---------------------- -------- --------
#     ExtUtils::MakeMaker         any     7.70
#     File::Spec                  any     3.91
#     File::Temp                  any   0.2311
#     IO::Select                  any     1.55
#     IO::Socket::INET            any     1.55
#     IO::Socket::SSL           1.970    2.089
#     IO::Socket::SSL::Utils      any    2.015
#     LWP::UserAgent             6.06     6.77
#     Socket                      any    2.038
#     Test::More                 0.96 1.302199
#     Test::Needs            0.002010 0.002010
#     Test::RequiresInternet      any     0.05
#     perl                   5.008001 5.040002
#     warnings                    any     1.70
# 
# === Test Recommends ===
# 
#     Module         Want     Have
#     ---------- -------- --------
#     CPAN::Meta 2.120900 2.150010
# 
# === Runtime Requires ===
# 
#     Module                  Want     Have
#     ------------------- -------- --------
#     IO::Socket::SSL        1.970    2.089
#     LWP::Protocol::http      any     6.77
#     LWP::UserAgent          6.06     6.77
#     Net::HTTPS                 6     6.23
#     base                     any     2.27
#     perl                5.008001 5.040002
#     strict                   any     1.13
# 
# === Other Modules ===
# 
#     Module      Have
#     ----------- ----
#     Net::SSLeay 1.94
# 
t/00-report-prereqs.t .. ok
    # Net::SSLeay::OPENSSL_VERSION_NUMBER() 0x30500000
    # IO::Select 1.55
    # IO::Socket::INET 1.55
    # IO::Socket::SSL 2.089
    # IO::Socket::SSL::Utils 2.015
    # Socket 2.038
t/diag.t ............... ok
t/example.t ............ skipped: no host: www.example.com
t/https_proxy.t ........ ok
All tests successful.
Files=4, Tests=60,  6 wallclock secs ( 0.01 usr  0.01 sys +  0.31 cusr  0.06 csys =  0.39 CPU)
Result: PASS
>>> perl-lwp-protocol-https: Entering fakeroot...
Manifying 1 pod document
Installing /tmp/pkg/perl-lwp-protocol-https/usr/share/perl5/vendor_perl/LWP/Protocol/https.pm
Installing /tmp/pkg/perl-lwp-protocol-https/usr/share/man/man3/LWP::Protocol::https.3pm
>>> perl-lwp-protocol-https-doc*: Running split function doc...
'usr/share/man' -> '/tmp/pkg/perl-lwp-protocol-https-doc/usr/share/man'
>>> perl-lwp-protocol-https-doc*: Preparing subpackage perl-lwp-protocol-https-doc...
>>> perl-lwp-protocol-https-doc*: Running postcheck for perl-lwp-protocol-https-doc
>>> perl-lwp-protocol-https*: Running postcheck for perl-lwp-protocol-https
>>> perl-lwp-protocol-https*: Preparing package perl-lwp-protocol-https...
>>> perl-lwp-protocol-https-doc*: Tracing dependencies...
>>> perl-lwp-protocol-https-doc*: Package size: 1.6 KB
>>> perl-lwp-protocol-https-doc*: Compressing data...
>>> perl-lwp-protocol-https-doc*: Create checksum...
>>> perl-lwp-protocol-https-doc*: Create perl-lwp-protocol-https-doc-6.14-r0.apk
>>> perl-lwp-protocol-https*: Tracing dependencies...
	perl
	perl-io-socket-ssl
	perl-libwww
	perl-net-http
>>> perl-lwp-protocol-https*: Package size: 5.4 KB
>>> perl-lwp-protocol-https*: Compressing data...
>>> perl-lwp-protocol-https*: Create checksum...
>>> perl-lwp-protocol-https*: Create perl-lwp-protocol-https-6.14-r0.apk
>>> perl-lwp-protocol-https: Updating the main/x86_64 repository index...
>>> perl-lwp-protocol-https: Signing the index...
>>> perl-lwp-protocol-https: Cleaning up srcdir
>>> perl-lwp-protocol-https: Cleaning up build chroot
>>> perl-lwp-protocol-https: Cleaning up pkgdir
