>>> perl-params-classify: Validating /home/packager/oily-pine/main/perl-params-classify/APKBUILD...
>>> perl-params-classify: Cleaning up srcdir
>>> perl-params-classify: Cleaning up pkgdir
>>> perl-params-classify: Cleaning up tmpdir
>>> perl-params-classify: Fetching https://cpan.metacpan.org/authors/id/Z/ZE/ZEFRAM/Params-Classify-0.015.tar.gz
  % Total    % Received % Xferd  Average Speed   Time    Time     Time  Current
                                 Dload  Upload   Total   Spent    Left  Speed
  0     0    0     0    0     0      0      0 --:--:-- --:--:-- --:--:--     0100 22061  100 22061    0     0   131k      0 --:--:-- --:--:-- --:--:--  132k
>>> perl-params-classify: Fetching https://cpan.metacpan.org/authors/id/Z/ZE/ZEFRAM/Params-Classify-0.015.tar.gz
>>> perl-params-classify: Checking sha512sums...
Params-Classify-0.015.tar.gz: OK
>>> perl-params-classify: Preparing build chroot...
fetch http://dl-cdn.alpinelinux.org/alpine/edge/main/x86_64/APKINDEX.tar.gz
(1/76) Installing musl (1.2.5-r10)
(2/76) Installing libcrypto3 (3.5.0-r0)
(3/76) Installing ca-certificates-bundle (20241121-r2)
(4/76) Installing libssl3 (3.5.0-r0)
(5/76) Installing zlib (1.3.1-r2)
(6/76) Installing libapk2 (2.14.9-r2)
(7/76) Installing apk-tools (2.14.9-r2)
(8/76) Installing libcap2 (2.76-r0)
(9/76) Installing libcap-getcap (2.76-r0)
(10/76) Installing fakeroot (1.37.1.1-r0)
(11/76) Installing scanelf (1.3.8-r1)
(12/76) Installing musl-utils (1.2.5-r10)
(13/76) Installing libgcc (14.3.0-r1)
(14/76) Installing libstdc++ (14.3.0-r1)
(15/76) Installing lzip (1.25-r0)
(16/76) Installing openssl (3.5.0-r0)
(17/76) Installing patch (2.8-r0)
(18/76) Installing pkgconf (2.4.3-r0)
(19/76) Installing acl-libs (2.3.2-r1)
(20/76) Installing tar (1.35-r3)
(21/76) Installing busybox (1.37.0-r18)
Executing busybox-1.37.0-r18.post-install
(22/76) Installing ssl_client (1.37.0-r18)
(23/76) Installing busybox-binsh (1.37.0-r18)
(24/76) Installing abuild (3.15.0-r0)
Executing abuild-3.15.0-r0.pre-install
(25/76) Installing abuild-sudo (3.15.0-r0)
(26/76) Installing alpine-baselayout-data (3.7.0-r0)
(27/76) Installing alpine-baselayout (3.7.0-r0)
Executing alpine-baselayout-3.7.0-r0.pre-install
Executing alpine-baselayout-3.7.0-r0.post-install
(28/76) Installing bridge (1.5-r5)
(29/76) Installing ifupdown-ng (0.12.1-r7)
(30/76) Installing openrc-user (0.62.2-r2)
(31/76) Installing openrc (0.62.2-r2)
Executing openrc-0.62.2-r2.post-install
(32/76) Installing mdev-conf (4.8-r0)
(33/76) Installing busybox-mdev-openrc (1.37.0-r18)
(34/76) Installing alpine-conf (3.20.0-r0)
(35/76) Installing alpine-keys (2.5-r0)
(36/76) Installing alpine-release (3.22.0-r0)
(37/76) Installing busybox-openrc (1.37.0-r18)
(38/76) Installing busybox-suid (1.37.0-r18)
(39/76) Installing alpine-base (3.22.0-r0)
(40/76) Installing jansson (2.14.1-r0)
(41/76) Installing zstd-libs (1.5.7-r0)
(42/76) Installing binutils (2.44-r0)
(43/76) Installing libmagic (5.46-r2)
(44/76) Installing file (5.46-r2)
(45/76) Installing libgomp (14.3.0-r1)
(46/76) Installing libatomic (14.3.0-r1)
(47/76) Installing gmp (6.3.0-r3)
(48/76) Installing isl26 (0.26-r1)
(49/76) Installing mpfr4 (4.2.1_p1-r0)
(50/76) Installing mpc1 (1.3.1-r1)
(51/76) Installing gcc (14.3.0-r1)
(52/76) Installing libstdc++-dev (14.3.0-r1)
(53/76) Installing musl-dev (1.2.5-r10)
(54/76) Installing g++ (14.3.0-r1)
(55/76) Installing make (4.4.1-r3)
(56/76) Installing fortify-headers (1.1-r5)
(57/76) Installing build-base (0.5-r3)
(58/76) Installing brotli-libs (1.1.0-r2)
(59/76) Installing c-ares (1.34.5-r0)
(60/76) Installing libunistring (1.3-r0)
(61/76) Installing libidn2 (2.3.7-r0)
(62/76) Installing nghttp2-libs (1.65.0-r0)
(63/76) Installing libpsl (0.21.5-r3)
(64/76) Installing libcurl (8.14.0-r2)
(65/76) Installing libexpat (2.7.1-r0)
(66/76) Installing pcre2 (10.43-r1)
(67/76) Installing git (2.49.0-r0)
(68/76) Installing git-init-template (2.49.0-r0)
(69/76) Installing libbz2 (1.0.8-r6)
(70/76) Installing perl (5.40.2-r0)
(71/76) Installing perl-error (0.17030-r0)
(72/76) Installing perl-git (2.49.0-r0)
(73/76) Installing git-perl (2.49.0-r0)
(74/76) Installing perl-utils (5.40.2-r0)
(75/76) Installing perl-dev (5.40.2-r0)
(76/76) Installing perl-module-build (0.4234-r1)
Executing busybox-1.37.0-r18.trigger
OK: 306 MiB in 76 packages
>>> perl-params-classify: Fetching https://cpan.metacpan.org/authors/id/Z/ZE/ZEFRAM/Params-Classify-0.015.tar.gz
>>> perl-params-classify: Checking sha512sums...
Params-Classify-0.015.tar.gz: OK
>>> perl-params-classify: Unpacking /var/cache/distfiles/Params-Classify-0.015.tar.gz...
Checking prerequisites...
  recommends:
    *  Devel::CallChecker is not installed

ERRORS/WARNINGS FOUND IN PREREQUISITES.  You may wish to install the versions
of the modules indicated above before proceeding with this installation

Run 'Build installdeps' to install missing prerequisites.

Created MYMETA.yml and MYMETA.json
Creating new 'Build' script for 'Params-Classify' version '0.015'
Building Params-Classify
cc -I/usr/lib/perl5/core_perl/CORE '-DVERSION="0.015"' '-DXS_VERSION="0.015"' -fPIC -c -D_REENTRANT -D_GNU_SOURCE -D_GNU_SOURCE -fwrapv -fno-strict-aliasing -pipe -fstack-protector-strong -D_LARGEFILE_SOURCE '-D_FILE_OFFSET_BITS=64' -D_REENTRANT -D_GNU_SOURCE -D_GNU_SOURCE -fwrapv -fno-strict-aliasing -pipe -fstack-protector-strong -D_LARGEFILE_SOURCE '-D_FILE_OFFSET_BITS=64' -Os -fstack-clash-protection -Wformat '-Werror=format-security' -fno-plt -O2 -o lib/Params/Classify.o lib/Params/Classify.c
lib/Params/Classify.xs:10:9: warning: "PERL_VERSION_GE" redefined
   10 | #define PERL_VERSION_GE(r,v,s) \
      |         ^~~~~~~~~~~~~~~
In file included from /usr/lib/perl5/core_perl/CORE/perl.h:3329,
                 from lib/Params/Classify.xs:3:
/usr/lib/perl5/core_perl/CORE/handy.h:578:10: note: this is the location of the previous definition
  578 | # define PERL_VERSION_GE(j,n,p)  (! PERL_VERSION_LT(j,n,p))
      |          ^~~~~~~~~~~~~~~
ExtUtils::Mkbootstrap::Mkbootstrap('blib/arch/auto/Params/Classify/Classify.bs')
cc -shared -Os -fstack-clash-protection -Wformat '-Werror=format-security' -fno-plt -O2 -L/usr/local/lib -fstack-protector-strong -o blib/arch/auto/Params/Classify/Classify.so lib/Params/Classify.o
t/blessed.t ...... ok
t/blessed_pp.t ... ok
t/check.t ........ ok
t/check_pp.t ..... ok
t/classify.t ..... ok
t/classify_pp.t .. ok
t/error.t ........ ok
t/error_pp.t ..... ok
t/pod_cvg.t ...... skipped: Test::Pod::Coverage not available
t/pod_cvg_pp.t ... skipped: Test::Pod::Coverage not available
t/pod_syn.t ...... skipped: Test::Pod not available
t/ref.t .......... ok
t/ref_pp.t ....... ok
All tests successful.
Files=13, Tests=4746,  1 wallclock secs ( 0.11 usr  0.01 sys +  0.67 cusr  0.10 csys =  0.89 CPU)
Result: PASS
>>> perl-params-classify: Entering fakeroot...
Building Params-Classify
Files found in blib/arch: installing files in blib/lib into architecture dependent library tree
Installing /tmp/pkg/perl-params-classify/usr/lib/perl5/vendor_perl/auto/Params/Classify/Classify.bs
Installing /tmp/pkg/perl-params-classify/usr/lib/perl5/vendor_perl/auto/Params/Classify/Classify.so
Installing /tmp/pkg/perl-params-classify/usr/lib/perl5/vendor_perl/Params/Classify.pm
Installing /tmp/pkg/perl-params-classify/usr/share/man/man3/Params::Classify.3pm
>>> perl-params-classify-doc*: Running split function doc...
'usr/share/man' -> '/tmp/pkg/perl-params-classify-doc/usr/share/man'
>>> perl-params-classify-doc*: Preparing subpackage perl-params-classify-doc...
>>> perl-params-classify-doc*: Running postcheck for perl-params-classify-doc
>>> perl-params-classify*: Running postcheck for perl-params-classify
>>> perl-params-classify*: Preparing package perl-params-classify...
>>> perl-params-classify*: Stripping binaries
>>> perl-params-classify-doc*: Scanning shared objects
>>> perl-params-classify*: Scanning shared objects
>>> perl-params-classify-doc*: Tracing dependencies...
>>> perl-params-classify-doc*: Package size: 4.7 KB
>>> perl-params-classify-doc*: Compressing data...
>>> perl-params-classify-doc*: Create checksum...
>>> perl-params-classify-doc*: Create perl-params-classify-doc-0.015-r10.apk
>>> perl-params-classify*: Tracing dependencies...
	perl
	so:libc.musl-x86_64.so.1
>>> perl-params-classify*: Package size: 37.1 KB
>>> perl-params-classify*: Compressing data...
>>> perl-params-classify*: Create checksum...
>>> perl-params-classify*: Create perl-params-classify-0.015-r10.apk
>>> perl-params-classify: Updating the main/x86_64 repository index...
>>> perl-params-classify: Signing the index...
>>> perl-params-classify: Cleaning up srcdir
>>> perl-params-classify: Cleaning up build chroot
>>> perl-params-classify: Cleaning up pkgdir
