>>> perl-datetime: Validating /home/packager/oily-pine/main/perl-datetime/APKBUILD...
>>> perl-datetime: Cleaning up srcdir
>>> perl-datetime: Cleaning up pkgdir
>>> perl-datetime: Cleaning up tmpdir
>>> perl-datetime: Fetching https://cpan.metacpan.org/authors/id/D/DR/DROLSKY/DateTime-1.66.tar.gz
  % Total    % Received % Xferd  Average Speed   Time    Time     Time  Current
                                 Dload  Upload   Total   Spent    Left  Speed
  0     0    0     0    0     0      0      0 --:--:-- --:--:-- --:--:--     0 12  316k   12 41188    0     0   238k      0  0:00:01 --:--:--  0:00:01  238k100  316k  100  316k    0     0  1397k      0 --:--:-- --:--:-- --:--:-- 1396k
>>> perl-datetime: Fetching https://cpan.metacpan.org/authors/id/D/DR/DROLSKY/DateTime-1.66.tar.gz
>>> perl-datetime: Checking sha512sums...
DateTime-1.66.tar.gz: OK
>>> perl-datetime: Preparing build chroot...
fetch http://dl-cdn.alpinelinux.org/alpine/edge/main/x86_64/APKINDEX.tar.gz
(1/105) Installing musl (1.2.5-r10)
(2/105) Installing libcrypto3 (3.5.0-r0)
(3/105) Installing ca-certificates-bundle (20241121-r2)
(4/105) Installing libssl3 (3.5.0-r0)
(5/105) Installing zlib (1.3.1-r2)
(6/105) Installing libapk2 (2.14.9-r2)
(7/105) Installing apk-tools (2.14.9-r2)
(8/105) Installing libcap2 (2.76-r0)
(9/105) Installing libcap-getcap (2.76-r0)
(10/105) Installing fakeroot (1.37.1.1-r0)
(11/105) Installing scanelf (1.3.8-r1)
(12/105) Installing musl-utils (1.2.5-r10)
(13/105) Installing libgcc (14.3.0-r1)
(14/105) Installing libstdc++ (14.3.0-r1)
(15/105) Installing lzip (1.25-r0)
(16/105) Installing openssl (3.5.0-r0)
(17/105) Installing patch (2.8-r0)
(18/105) Installing pkgconf (2.4.3-r0)
(19/105) Installing acl-libs (2.3.2-r1)
(20/105) Installing tar (1.35-r3)
(21/105) Installing busybox (1.37.0-r18)
Executing busybox-1.37.0-r18.post-install
(22/105) Installing ssl_client (1.37.0-r18)
(23/105) Installing busybox-binsh (1.37.0-r18)
(24/105) Installing abuild (3.15.0-r0)
Executing abuild-3.15.0-r0.pre-install
(25/105) Installing abuild-sudo (3.15.0-r0)
(26/105) Installing alpine-baselayout-data (3.7.0-r0)
(27/105) Installing alpine-baselayout (3.7.0-r0)
Executing alpine-baselayout-3.7.0-r0.pre-install
Executing alpine-baselayout-3.7.0-r0.post-install
(28/105) Installing bridge (1.5-r5)
(29/105) Installing ifupdown-ng (0.12.1-r7)
(30/105) Installing openrc-user (0.62.2-r2)
(31/105) Installing openrc (0.62.2-r2)
Executing openrc-0.62.2-r2.post-install
(32/105) Installing mdev-conf (4.8-r0)
(33/105) Installing busybox-mdev-openrc (1.37.0-r18)
(34/105) Installing alpine-conf (3.20.0-r0)
(35/105) Installing alpine-keys (2.5-r0)
(36/105) Installing alpine-release (3.22.0-r0)
(37/105) Installing busybox-openrc (1.37.0-r18)
(38/105) Installing busybox-suid (1.37.0-r18)
(39/105) Installing alpine-base (3.22.0-r0)
(40/105) Installing jansson (2.14.1-r0)
(41/105) Installing zstd-libs (1.5.7-r0)
(42/105) Installing binutils (2.44-r0)
(43/105) Installing libmagic (5.46-r2)
(44/105) Installing file (5.46-r2)
(45/105) Installing libgomp (14.3.0-r1)
(46/105) Installing libatomic (14.3.0-r1)
(47/105) Installing gmp (6.3.0-r3)
(48/105) Installing isl26 (0.26-r1)
(49/105) Installing mpfr4 (4.2.1_p1-r0)
(50/105) Installing mpc1 (1.3.1-r1)
(51/105) Installing gcc (14.3.0-r1)
(52/105) Installing libstdc++-dev (14.3.0-r1)
(53/105) Installing musl-dev (1.2.5-r10)
(54/105) Installing g++ (14.3.0-r1)
(55/105) Installing make (4.4.1-r3)
(56/105) Installing fortify-headers (1.1-r5)
(57/105) Installing build-base (0.5-r3)
(58/105) Installing brotli-libs (1.1.0-r2)
(59/105) Installing c-ares (1.34.5-r0)
(60/105) Installing libunistring (1.3-r0)
(61/105) Installing libidn2 (2.3.7-r0)
(62/105) Installing nghttp2-libs (1.65.0-r0)
(63/105) Installing libpsl (0.21.5-r3)
(64/105) Installing libcurl (8.14.0-r2)
(65/105) Installing libexpat (2.7.1-r0)
(66/105) Installing pcre2 (10.43-r1)
(67/105) Installing git (2.49.0-r0)
(68/105) Installing git-init-template (2.49.0-r0)
(69/105) Installing libbz2 (1.0.8-r6)
(70/105) Installing perl (5.40.2-r0)
(71/105) Installing perl-error (0.17030-r0)
(72/105) Installing perl-git (2.49.0-r0)
(73/105) Installing git-perl (2.49.0-r0)
(74/105) Installing perl-cpan-meta-check (0.018-r0)
(75/105) Installing perl-module-runtime (0.016-r6)
(76/105) Installing perl-dist-checkconflicts (0.11-r4)
(77/105) Installing perl-class-inspector (1.36-r3)
(78/105) Installing perl-file-sharedir (1.118-r1)
(79/105) Installing perl-sub-exporter-progressive (0.001013-r4)
(80/105) Installing perl-try-tiny (0.32-r0)
(81/105) Installing perl-module-implementation (0.09-r5)
(82/105) Installing perl-b-hooks-endofscope (0.28-r0)
(83/105) Installing perl-package-stash (0.40-r1)
(84/105) Installing perl-namespace-clean (0.27-r4)
(85/105) Installing perl-namespace-autoclean (0.31-r0)
(86/105) Installing perl-sub-quote (2.006008-r1)
(87/105) Installing perl-devel-stacktrace (2.05-r0)
(88/105) Installing perl-role-tiny (2.002004-r2)
(89/105) Installing perl-mro-compat (0.15-r2)
(90/105) Installing perl-test-fatal (0.017-r1)
(91/105) Installing perl-eval-closure (0.14-r4)
(92/105) Installing perl-clone (0.47-r0)
(93/105) Installing perl-specio (0.50-r0)
(94/105) Installing perl-test-simple (1.302209-r0)
(95/105) Installing perl-test-without-module (0.23-r0)
(96/105) Installing perl-class-data-inheritable (0.10-r0)
(97/105) Installing perl-exception-class (1.45-r1)
(98/105) Installing perl-test2-plugin-nowarnings (0.10-r1)
(99/105) Installing perl-params-validationcompiler (0.31-r2)
(100/105) Installing perl-datetime-locale (1.45-r0)
(101/105) Installing perl-class-singleton (1.6-r2)
(102/105) Installing perl-datetime-timezone (2.65-r0)
(103/105) Installing perl-utils (5.40.2-r0)
(104/105) Installing perl-dev (5.40.2-r0)
(105/105) Installing perl-test-warnings (0.038-r0)
Executing busybox-1.37.0-r18.trigger
OK: 321 MiB in 105 packages
>>> perl-datetime: Fetching https://cpan.metacpan.org/authors/id/D/DR/DROLSKY/DateTime-1.66.tar.gz
>>> perl-datetime: Checking sha512sums...
DateTime-1.66.tar.gz: OK
>>> perl-datetime: Unpacking /var/cache/distfiles/DateTime-1.66.tar.gz...
Checking if your kit is complete...
Looks good
Generating a Unix-style Makefile
Writing Makefile for DateTime
Writing MYMETA.yml and MYMETA.json
Running Mkbootstrap for DateTime ()
"/usr/bin/perl" "/usr/share/perl5/core_perl/ExtUtils/xsubpp"  -typemap '/usr/share/perl5/core_perl/ExtUtils/typemap'  DateTime.xs > DateTime.xsc
chmod 644 "DateTime.bs"
"/usr/bin/perl" -MExtUtils::Command::MM -e 'cp_nonempty' -- DateTime.bs blib/arch/auto/DateTime/DateTime.bs 644
cp lib/DateTime/PP.pm blib/lib/DateTime/PP.pm
cp lib/DateTime.pm blib/lib/DateTime.pm
cp lib/DateTime/Helpers.pm blib/lib/DateTime/Helpers.pm
cp lib/DateTime/Duration.pm blib/lib/DateTime/Duration.pm
cp lib/DateTime/Infinite.pm blib/lib/DateTime/Infinite.pm
cp lib/DateTime/PPExtra.pm blib/lib/DateTime/PPExtra.pm
cp lib/DateTime/Types.pm blib/lib/DateTime/Types.pm
cp lib/DateTime/LeapSecond.pm blib/lib/DateTime/LeapSecond.pm
cp lib/DateTime/Conflicts.pm blib/lib/DateTime/Conflicts.pm
mv DateTime.xsc DateTime.c
cc -c   -D_REENTRANT -D_GNU_SOURCE -D_GNU_SOURCE -fwrapv -fno-strict-aliasing -pipe -fstack-protector-strong -D_LARGEFILE_SOURCE -D_FILE_OFFSET_BITS=64 -Os -fstack-clash-protection -Wformat -Werror=format-security -fno-plt -O2   -DVERSION=\"1.66\" -DXS_VERSION=\"1.66\" -fPIC "-I/usr/lib/perl5/core_perl/CORE"   DateTime.c
rm -f blib/arch/auto/DateTime/DateTime.so
cc  -shared -Os -fstack-clash-protection -Wformat -Werror=format-security -fno-plt -O2 -L/usr/local/lib -fstack-protector-strong  DateTime.o  -o blib/arch/auto/DateTime/DateTime.so  \
      \
  
chmod 755 blib/arch/auto/DateTime/DateTime.so
Manifying 6 pod documents
"/usr/bin/perl" -MExtUtils::Command::MM -e 'cp_nonempty' -- DateTime.bs blib/arch/auto/DateTime/DateTime.bs 644
PERL_DL_NONLAZY=1 "/usr/bin/perl" "-MExtUtils::Command::MM" "-MTest::Harness" "-e" "undef *Test::Harness::Switches; test_harness(0, 'blib/lib', 'blib/arch')" t/*.t
# 
# Versions for all modules listed in MYMETA.json (including optional ones):
# 
# === Configure Requires ===
# 
#     Module               Want Have
#     -------------------- ---- ----
#     Dist::CheckConflicts 0.02 0.11
#     ExtUtils::MakeMaker   any 7.70
# 
# === Configure Suggests ===
# 
#     Module      Want Have
#     -------- ------- ----
#     JSON::PP 2.27300 4.16
# 
# === Build Requires ===
# 
#     Module              Want Have
#     ------------------- ---- ----
#     ExtUtils::MakeMaker  any 7.70
# 
# === Test Requires ===
# 
#     Module                    Want     Have
#     ------------------------ ----- --------
#     CPAN::Meta::Check        0.011    0.018
#     CPAN::Meta::Requirements   any    2.143
#     ExtUtils::MakeMaker        any     7.70
#     File::Spec                 any     3.91
#     Storable                   any     3.32
#     Term::ANSIColor            any     5.01
#     Test::Fatal                any    0.017
#     Test::More                0.96 1.302209
#     Test::Warnings           0.005    0.038
#     Test::Without::Module      any     0.23
#     utf8                       any     1.25
# 
# === Test Recommends ===
# 
#     Module         Want     Have
#     ---------- -------- --------
#     CPAN::Meta 2.120900 2.150010
# 
# === Runtime Requires ===
# 
#     Module                         Want     Have
#     -------------------------- -------- --------
#     Carp                            any     1.54
#     DateTime::Locale               1.06     1.45
#     DateTime::TimeZone             2.44     2.65
#     Dist::CheckConflicts           0.02     0.11
#     POSIX                           any     2.20
#     Params::ValidationCompiler     0.26     0.31
#     Scalar::Util                    any     1.63
#     Specio                         0.50     0.50
#     Specio::Declare                 any     0.50
#     Specio::Exporter                any     0.50
#     Specio::Library::Builtins       any     0.50
#     Specio::Library::Numeric        any     0.50
#     Specio::Library::String         any     0.50
#     Specio::Subs                    any     0.50
#     Try::Tiny                       any     0.32
#     XSLoader                        any     0.32
#     integer                         any     1.01
#     namespace::autoclean           0.19     0.31
#     overload                        any     1.37
#     parent                          any    0.241
#     perl                       5.008004 5.040002
#     strict                          any     1.13
#     warnings                        any     1.70
#     warnings::register              any     1.06
# 
t/00-report-prereqs.t .... ok
t/00load.t ............... ok
t/01sanity.t ............. ok
t/02last-day.t ........... ok
t/03components.t ......... ok
t/04epoch.t .............. ok
t/05set.t ................ ok
t/06add.t ................ ok
t/07compare.t ............ ok
t/09greg.t ............... ok
t/10subtract.t ........... ok
t/11duration.t ........... ok
t/12week.t ............... ok
t/13strftime.t ........... ok
t/14locale.t ............. ok
t/15jd.t ................. ok
t/16truncate.t ........... ok
t/17set-return.t ......... ok
t/18today.t .............. ok
t/19leap-second.t ........ ok
t/20infinite.t ........... ok
t/21bad-params.t ......... ok
t/22from-doy.t ........... ok
t/23storable.t ........... ok
t/24from-object.t ........ ok
t/25add-subtract.t ....... ok
t/26dt-leapsecond-pm.t ... ok
t/27delta.t .............. ok
t/28dow.t ................ ok
t/29overload.t ........... ok
t/30future-tz.t .......... ok
t/31formatter.t .......... ok
t/32leap-second2.t ....... ok
t/33seconds-offset.t ..... ok
t/34set-tz.t ............. ok
t/35rd-values.t .......... ok
t/36invalid-local.t ...... ok
t/37local-add.t .......... ok
t/38local-subtract.t ..... ok
t/39no-so.t .............. ok
t/40leap-years.t ......... ok
t/41cldr-format.t ........ ok
t/42duration-class.t ..... ok
t/43new-params.t ......... ok
t/44set-formatter.t ...... ok
t/45core-time.t .......... ok
t/46warnings.t ........... ok
t/47default-time-zone.t .. ok
t/48rt-115983.t .......... ok
t/49-without-sub-util.t .. ok
t/zzz-check-breaks.t ..... ok
All tests successful.
Files=51, Tests=3589,  9 wallclock secs ( 0.16 usr  0.02 sys +  7.95 cusr  0.88 csys =  9.01 CPU)
Result: PASS
>>> perl-datetime: Entering fakeroot...
"/usr/bin/perl" -MExtUtils::Command::MM -e 'cp_nonempty' -- DateTime.bs blib/arch/auto/DateTime/DateTime.bs 644
Manifying 6 pod documents
Files found in blib/arch: installing files in blib/lib into architecture dependent library tree
Installing /tmp/pkg/perl-datetime/usr/lib/perl5/vendor_perl/auto/DateTime/DateTime.so
Installing /tmp/pkg/perl-datetime/usr/lib/perl5/vendor_perl/DateTime.pm
Installing /tmp/pkg/perl-datetime/usr/lib/perl5/vendor_perl/DateTime/Types.pm
Installing /tmp/pkg/perl-datetime/usr/lib/perl5/vendor_perl/DateTime/PP.pm
Installing /tmp/pkg/perl-datetime/usr/lib/perl5/vendor_perl/DateTime/Helpers.pm
Installing /tmp/pkg/perl-datetime/usr/lib/perl5/vendor_perl/DateTime/Infinite.pm
Installing /tmp/pkg/perl-datetime/usr/lib/perl5/vendor_perl/DateTime/LeapSecond.pm
Installing /tmp/pkg/perl-datetime/usr/lib/perl5/vendor_perl/DateTime/Duration.pm
Installing /tmp/pkg/perl-datetime/usr/lib/perl5/vendor_perl/DateTime/PPExtra.pm
Installing /tmp/pkg/perl-datetime/usr/lib/perl5/vendor_perl/DateTime/Conflicts.pm
Installing /tmp/pkg/perl-datetime/usr/share/man/man3/DateTime.3pm
Installing /tmp/pkg/perl-datetime/usr/share/man/man3/DateTime::Duration.3pm
Installing /tmp/pkg/perl-datetime/usr/share/man/man3/DateTime::Infinite.3pm
Installing /tmp/pkg/perl-datetime/usr/share/man/man3/DateTime::Types.3pm
Installing /tmp/pkg/perl-datetime/usr/share/man/man3/DateTime::LeapSecond.3pm
Installing /tmp/pkg/perl-datetime/usr/share/man/man3/DateTime::Conflicts.3pm
>>> perl-datetime-doc*: Running split function doc...
'usr/share/man' -> '/tmp/pkg/perl-datetime-doc/usr/share/man'
>>> perl-datetime-doc*: Preparing subpackage perl-datetime-doc...
>>> perl-datetime-doc*: Running postcheck for perl-datetime-doc
>>> perl-datetime*: Running postcheck for perl-datetime
>>> perl-datetime*: Preparing package perl-datetime...
>>> perl-datetime*: Stripping binaries
>>> perl-datetime-doc*: Scanning shared objects
>>> perl-datetime*: Scanning shared objects
>>> perl-datetime-doc*: Tracing dependencies...
>>> perl-datetime-doc*: Package size: 34.3 KB
>>> perl-datetime-doc*: Compressing data...
>>> perl-datetime-doc*: Create checksum...
>>> perl-datetime-doc*: Create perl-datetime-doc-1.66-r0.apk
>>> perl-datetime*: Tracing dependencies...
	perl
	perl-specio
	perl-dist-checkconflicts
	perl-datetime-locale
	perl-namespace-autoclean
	perl-try-tiny
	perl-datetime-timezone
	perl-params-validationcompiler
	so:libc.musl-x86_64.so.1
>>> perl-datetime*: Package size: 197.7 KB
>>> perl-datetime*: Compressing data...
>>> perl-datetime*: Create checksum...
>>> perl-datetime*: Create perl-datetime-1.66-r0.apk
>>> perl-datetime: Updating the main/x86_64 repository index...
>>> perl-datetime: Signing the index...
>>> perl-datetime: Cleaning up srcdir
>>> perl-datetime: Cleaning up build chroot
>>> perl-datetime: Cleaning up pkgdir
