pigz: not found
>>> perl-server-starter: Building main/perl-server-starter 0.35-r4 (using abuild 3.14.1-r4) started Sun, 18 May 2025 09:27:33 +0000
>>> perl-server-starter: Validating /home/packager/aports/main/perl-server-starter/APKBUILD...
>>> perl-server-starter: Analyzing dependencies...
>>> perl-server-starter: Installing for build: build-base perl perl-dev perl-module-build perl-test-tcp perl-test-requires perl-test-sharedfork
(1/12) Installing libbz2 (1.0.8-r6)
(2/12) Installing perl (5.40.2-r0)
(3/12) Installing perl-utils (5.40.2-r0)
(4/12) Installing perl-dev (5.40.2-r0)
(5/12) Installing perl-module-build (0.4234-r1)
(6/12) Installing perl-test-requires (0.11-r3)
(7/12) Installing perl-test-sharedfork (0.35-r3)
(8/12) Installing perl-test-tcp (2.22-r3)
(9/12) Installing .makedepends-perl-server-starter (20250518.092735)
(10/12) Installing perl-error (0.17030-r0)
(11/12) Installing perl-git (2.47.2-r0)
(12/12) Installing git-perl (2.47.2-r0)
Executing busybox-1.37.0-r12.trigger
OK: 307 MiB in 93 packages
>>> perl-server-starter: Cleaning up srcdir
>>> perl-server-starter: Cleaning up pkgdir
>>> perl-server-starter: Cleaning up tmpdir
>>> perl-server-starter: Fetching https://cpan.metacpan.org/authors/id/K/KA/KAZUHO/Server-Starter-0.35.tar.gz
Connecting to cpan.metacpan.org (146.75.122.217:443)
saving to '/var/cache/distfiles/Server-Starter-0.35.tar.gz.part'
Server-Starter-0.35. 100% |********************************| 24306  0:00:00 ETA
'/var/cache/distfiles/Server-Starter-0.35.tar.gz.part' saved
>>> perl-server-starter: Fetching https://cpan.metacpan.org/authors/id/K/KA/KAZUHO/Server-Starter-0.35.tar.gz
>>> perl-server-starter: Checking sha512sums...
Server-Starter-0.35.tar.gz: OK
>>> perl-server-starter: Unpacking /var/cache/distfiles/Server-Starter-0.35.tar.gz...
Created MYMETA.yml and MYMETA.json
Creating new 'Build' script for 'Server-Starter' version '0.35'
Building Server-Starter
t/00-base.t ............ ok
start_server (pid:29439) starting now...
starting new worker 29440
received HUP, spawning a new worker
starting new worker 29441
new worker is now running, sending TERM to old workers:29440
killing old workers
old worker 29440 died, status:0
received TERM, sending TERM to all workers:29441
worker 29441 died, status:0
exiting
[Test::TCP] Child process does not block(PID: 29439, PPID: 29438) at /usr/share/perl5/vendor_perl/Test/TCP.pm line 103.
start_server (pid:29442) starting now...
starting new worker 29443
received HUP, spawning a new worker
starting new worker 29444
new worker is now running, sending USR1 to old workers:29443
killing old workers
old worker 29443 died, status:0
received TERM, sending TERM to all workers:29444
worker 29444 died, status:0
exiting
[Test::TCP] Child process does not block(PID: 29442, PPID: 29438) at /usr/share/perl5/vendor_perl/Test/TCP.pm line 103.
t/01-starter.t ......... ok
start_server (pid:29446) starting now...
starting new worker 29447
new worker 29447 seems to have failed to start, exit status:256
starting new worker 29448
received HUP, spawning a new worker
starting new worker 29449
new worker 29449 seems to have failed to start, exit status:256
starting new worker 29450
new worker 29450 seems to have failed to start, exit status:256
starting new worker 29451
new worker is now running, sending TERM to old workers:29448
killing old workers
old worker 29448 died, status:0
received TERM, sending TERM to all workers:29451
worker 29451 died, status:0
exiting
[Test::TCP] Child process does not block(PID: 29446, PPID: 29445) at /usr/share/perl5/vendor_perl/Test/TCP.pm line 103.
t/02-startfail.t ....... ok
start_server (pid:29453) starting now...
starting new worker 29454
received TERM, sending TERM to all workers:29454
worker 29454 died, status:15
exiting
t/03-starter-unix.t .... ok
start_server (pid:29456) starting now...
starting new worker 29457
worker 29457 died unexpectedly with status:0, restarting
starting new worker 29458
received TERM, sending TERM to all workers:29458
worker 29458 died, status:15
exiting
t/04-starter-dir.t ..... ok
start_server (pid:29460) starting now...
starting new worker 29461
received HUP, spawning a new worker
starting new worker 29462
new worker is now running, sending TERM to old workers:29461
sleeping 3 secs before killing old workers
killing old workers
old worker 29461 died, status:0
received TERM, sending TERM to all workers:29462
worker 29462 died, status:0
exiting
[Test::TCP] Child process does not block(PID: 29460, PPID: 29459) at /usr/share/perl5/vendor_perl/Test/TCP.pm line 103.
start_server (pid:29463) starting now...
starting new worker 29464
received HUP, spawning a new worker
starting new worker 29465
new worker is now running, sending USR1 to old workers:29464
sleeping 3 secs before killing old workers
killing old workers
old worker 29464 died, status:0
received TERM, sending TERM to all workers:29465
worker 29465 died, status:0
exiting
[Test::TCP] Child process does not block(PID: 29463, PPID: 29459) at /usr/share/perl5/vendor_perl/Test/TCP.pm line 103.
t/05-killolddelay.t .... ok
start_server (pid:29467) starting now...
starting new worker 29468
autorestart triggered (interval=6)
starting new worker 29469
new worker is now running, sending TERM to old workers:29468
sleeping 2 secs before killing old workers
killing old workers
old worker 29468 died, status:0
received TERM, sending TERM to all workers:29469
worker 29469 died, status:0
exiting
[Test::TCP] Child process does not block(PID: 29467, PPID: 29466) at /usr/share/perl5/vendor_perl/Test/TCP.pm line 103.
start_server (pid:29470) starting now...
starting new worker 29471
autorestart triggered (interval=6)
starting new worker 29472
new worker is now running, sending USR1 to old workers:29471
sleeping 2 secs before killing old workers
killing old workers
old worker 29471 died, status:0
received TERM, sending TERM to all workers:29472
worker 29472 died, status:0
exiting
[Test::TCP] Child process does not block(PID: 29470, PPID: 29466) at /usr/share/perl5/vendor_perl/Test/TCP.pm line 103.
t/06-autorestart.t ..... ok
start_server (pid:29474) starting now...
starting new worker 29475
received HUP, spawning a new worker
starting new worker 29476
new worker is now running, sending TERM to old workers:29475
killing old workers
old worker 29475 died, status:0
received HUP, spawning a new worker
starting new worker 29477
new worker is now running, sending TERM to old workers:29476
killing old workers
old worker 29476 died, status:0
received TERM, sending TERM to all workers:29477
worker 29477 died, status:0
exiting
[Test::TCP] Child process does not block(PID: 29474, PPID: 29473) at /usr/share/perl5/vendor_perl/Test/TCP.pm line 103.
t/07-envdir.t .......... ok
got SIGUSR1 at t/08-wait3.t line 8.
got SIGUSR1 at t/08-wait3.t line 8.
t/08-wait3.t ........... ok
t/09-guard.t ........... ok
start_server (pid:29482) starting now...
starting new worker 29483
received TERM, sending TERM to all workers:29483
worker 29483 died, status:0
exiting
start_server (pid:29484) starting now...
starting new worker 29485
received TERM, sending TERM to all workers:29485
worker 29485 died, status:0
exiting
t/10-bindaddr.t ........ ok
start_server (pid:29487) starting now...
socket is duplicated to file descriptor 0
starting new worker 29488
received TERM, sending TERM to all workers:29488
worker 29488 died, status:15
exiting
t/11-specified-fd.t .... ok
start_server (pid:29490) starting now...
starting new worker 29493
stop_server (pid:29489) stopping now (pid:29492)...
received TERM, sending TERM to all workers:29493
worker 29493 died, status:15
exiting
t/12-stop.t ............ ok
start_server (pid:29495) starting now...
starting new worker 29498
stop_server (pid:29494) stopping now (pid:29497)...
received TERM, sending TERM to all workers:29498
worker 29498 died, status:15
exiting
t/13-unix-daemonize.t .. ok
start_server (pid:29500) starting now...
starting new worker 29501
received TERM, sending TERM to all workers:29501
worker 29501 died, status:0
exiting
t/14-without-port.t .... ok
start_server (pid:29503) starting now...
starting new worker 29504
received TERM, sending TERM to all workers:29504
worker 29504 died, status:15
exiting
start_server (pid:29505) starting now...
starting new worker 29506
received TERM, sending TERM to all workers:29506
worker 29506 died, status:15
exiting
t/15-udp.t ............. ok
All tests successful.
Files=16, Tests=126, 92 wallclock secs ( 0.11 usr  0.03 sys +  2.60 cusr  0.57 csys =  3.31 CPU)
Result: PASS
>>> perl-server-starter: Entering fakeroot...
Building Server-Starter
Installing /home/packager/aports/main/perl-server-starter/pkg/perl-server-starter/usr/share/man/man1/start_server.1
Installing /home/packager/aports/main/perl-server-starter/pkg/perl-server-starter/usr/share/perl5/vendor_perl/Server/Starter.pm
Installing /home/packager/aports/main/perl-server-starter/pkg/perl-server-starter/usr/share/perl5/vendor_perl/Server/Starter/Guard.pm
Installing /home/packager/aports/main/perl-server-starter/pkg/perl-server-starter/usr/share/man/man3/Server::Starter.3pm
Installing /home/packager/aports/main/perl-server-starter/pkg/perl-server-starter/usr/bin/start_server
>>> perl-server-starter-doc*: Running split function doc...
'usr/share/man' -> '/home/packager/aports/main/perl-server-starter/pkg/perl-server-starter-doc/usr/share/man'
>>> perl-server-starter-doc*: Preparing subpackage perl-server-starter-doc...
>>> perl-server-starter-doc*: Running postcheck for perl-server-starter-doc
>>> perl-server-starter*: Running postcheck for perl-server-starter
>>> perl-server-starter*: Preparing package perl-server-starter...
>>> perl-server-starter-doc*: Tracing dependencies...
>>> perl-server-starter-doc*: Package size: 4.3 KB
>>> perl-server-starter-doc*: Compressing data...
>>> perl-server-starter-doc*: Create checksum...
pigz: not found
>>> perl-server-starter-doc*: Create perl-server-starter-doc-0.35-r4.apk
>>> perl-server-starter*: Tracing dependencies...
	perl
>>> perl-server-starter*: Package size: 24.4 KB
>>> perl-server-starter*: Compressing data...
>>> perl-server-starter*: Create checksum...
pigz: not found
>>> perl-server-starter*: Create perl-server-starter-0.35-r4.apk
>>> perl-server-starter: Build complete at Sun, 18 May 2025 09:29:10 +0000 elapsed time 0h 1m 37s
>>> perl-server-starter: Cleaning up srcdir
>>> perl-server-starter: Cleaning up pkgdir
>>> perl-server-starter: Uninstalling dependencies...
(1/12) Purging .makedepends-perl-server-starter (20250518.092735)
(2/12) Purging perl-dev (5.40.2-r0)
(3/12) Purging perl-utils (5.40.2-r0)
(4/12) Purging perl-module-build (0.4234-r1)
(5/12) Purging perl-test-tcp (2.22-r3)
(6/12) Purging perl-test-sharedfork (0.35-r3)
(7/12) Purging perl-test-requires (0.11-r3)
(8/12) Purging git-perl (2.47.2-r0)
(9/12) Purging perl-git (2.47.2-r0)
(10/12) Purging perl-error (0.17030-r0)
(11/12) Purging perl (5.40.2-r0)
(12/12) Purging libbz2 (1.0.8-r6)
Executing busybox-1.37.0-r12.trigger
OK: 261 MiB in 81 packages
>>> perl-server-starter: Updating the main/x86_64 repository index...
>>> perl-server-starter: Signing the index...
pigz: not found
