pigz: not found
>>> perl-dbix-searchbuilder: Building main/perl-dbix-searchbuilder 1.82-r0 (using abuild 3.14.1-r4) started Sun, 18 May 2025 09:15:07 +0000
>>> perl-dbix-searchbuilder: Validating /home/packager/aports/main/perl-dbix-searchbuilder/APKBUILD...
>>> perl-dbix-searchbuilder: Analyzing dependencies...
>>> perl-dbix-searchbuilder: Installing for build: build-base perl perl-cache-simple-timedexpiry perl-class-accessor perl-class-returnvalue perl-clone perl-dbi perl-dbix-dbschema perl-want perl-dbd-sqlite
(1/16) Installing libbz2 (1.0.8-r6)
(2/16) Installing perl (5.40.2-r0)
(3/16) Installing perl-cache-simple-timedexpiry (0.27-r5)
(4/16) Installing perl-class-accessor (0.51-r4)
(5/16) Installing perl-devel-stacktrace (2.05-r0)
(6/16) Installing perl-class-returnvalue (0.55-r5)
(7/16) Installing perl-clone (0.47-r0)
(8/16) Installing perl-dbi (1.647-r0)
(9/16) Installing perl-dbix-dbschema (0.47-r2)
(10/16) Installing perl-want (0.29-r11)
(11/16) Installing sqlite-libs (3.49.2-r0)
(12/16) Installing perl-dbd-sqlite (1.76-r0)
(13/16) Installing .makedepends-perl-dbix-searchbuilder (20250518.091509)
(14/16) Installing perl-error (0.17030-r0)
(15/16) Installing perl-git (2.47.2-r0)
(16/16) Installing git-perl (2.47.2-r0)
Executing busybox-1.37.0-r12.trigger
OK: 301 MiB in 97 packages
>>> perl-dbix-searchbuilder: Cleaning up srcdir
>>> perl-dbix-searchbuilder: Cleaning up pkgdir
>>> perl-dbix-searchbuilder: Cleaning up tmpdir
>>> perl-dbix-searchbuilder: Fetching https://cpan.metacpan.org/authors/id/B/BP/BPS/DBIx-SearchBuilder-1.82.tar.gz
Connecting to cpan.metacpan.org (146.75.122.217:443)
saving to '/var/cache/distfiles/DBIx-SearchBuilder-1.82.tar.gz.part'
DBIx-SearchBuilder-1 100% |********************************|  128k  0:00:00 ETA
'/var/cache/distfiles/DBIx-SearchBuilder-1.82.tar.gz.part' saved
>>> perl-dbix-searchbuilder: Fetching https://cpan.metacpan.org/authors/id/B/BP/BPS/DBIx-SearchBuilder-1.82.tar.gz
>>> perl-dbix-searchbuilder: Checking sha512sums...
DBIx-SearchBuilder-1.82.tar.gz: OK
>>> perl-dbix-searchbuilder: Unpacking /var/cache/distfiles/DBIx-SearchBuilder-1.82.tar.gz...
Cannot determine perl version info from lib/DBIx/SearchBuilder.pm
*** Module::AutoInstall version 1.21
*** Checking for Perl dependencies...
[Core Features]
- Test::More                 ...loaded. (1.302199 >= 0.52)
- DBD::SQLite                ...loaded. (1.76 >= 1.6)
- File::Temp                 ...loaded. (0.2311)
- DBI                        ...loaded. (1.647)
- Want                       ...loaded. (0.29)
- Encode                     ...loaded. (3.21 >= 1.99)
- Class::ReturnValue         ...loaded. (0.55 >= 0.4)
- Cache::Simple::TimedExpiry ...loaded. (0.27 >= 0.21)
- Clone                      ...loaded. (0.47)
- Scalar::Util               ...loaded. (1.63)
[Lower case API]
- capitalization             ...missing. (would need 0.03)
==> Auto-install the 1 optional module(s) from CPAN? [y/N] n
[Schema generation]
- DBIx::DBSchema             ...loaded. (0.47)
- Class::Accessor            ...loaded. (0.51)
*** Module::AutoInstall configuration finished.
Checking if your kit is complete...
Looks good
Generating a Unix-style Makefile
Writing Makefile for DBIx::SearchBuilder
Writing MYMETA.yml and MYMETA.json
cp lib/DBIx/SearchBuilder/Handle/Oracle.pm blib/lib/DBIx/SearchBuilder/Handle/Oracle.pm
cp lib/DBIx/SearchBuilder.pm blib/lib/DBIx/SearchBuilder.pm
cp lib/DBIx/SearchBuilder/Handle/MariaDB.pm blib/lib/DBIx/SearchBuilder/Handle/MariaDB.pm
cp lib/DBIx/SearchBuilder/Util.pm blib/lib/DBIx/SearchBuilder/Util.pm
cp lib/DBIx/SearchBuilder/Handle/Sybase.pm blib/lib/DBIx/SearchBuilder/Handle/Sybase.pm
cp lib/DBIx/SearchBuilder/Union.pm blib/lib/DBIx/SearchBuilder/Union.pm
cp lib/DBIx/SearchBuilder/SchemaGenerator.pm blib/lib/DBIx/SearchBuilder/SchemaGenerator.pm
cp lib/DBIx/SearchBuilder/Handle/mysql.pm blib/lib/DBIx/SearchBuilder/Handle/mysql.pm
cp lib/DBIx/SearchBuilder/Handle/SQLite.pm blib/lib/DBIx/SearchBuilder/Handle/SQLite.pm
cp lib/DBIx/SearchBuilder/Handle/Informix.pm blib/lib/DBIx/SearchBuilder/Handle/Informix.pm
cp lib/DBIx/SearchBuilder/Handle/ODBC.pm blib/lib/DBIx/SearchBuilder/Handle/ODBC.pm
cp lib/DBIx/SearchBuilder/Record/Cachable.pm blib/lib/DBIx/SearchBuilder/Record/Cachable.pm
cp lib/DBIx/SearchBuilder/Record.pm blib/lib/DBIx/SearchBuilder/Record.pm
cp lib/DBIx/SearchBuilder/Handle/Pg.pm blib/lib/DBIx/SearchBuilder/Handle/Pg.pm
cp lib/DBIx/SearchBuilder/Unique.pm blib/lib/DBIx/SearchBuilder/Unique.pm
cp lib/DBIx/SearchBuilder/Handle/mysqlPP.pm blib/lib/DBIx/SearchBuilder/Handle/mysqlPP.pm
cp lib/DBIx/SearchBuilder/Handle.pm blib/lib/DBIx/SearchBuilder/Handle.pm
Manifying 17 pod documents
PERL_DL_NONLAZY=1 "/usr/bin/perl" "-MExtUtils::Command::MM" "-MTest::Harness" "-e" "undef *Test::Harness::Switches; test_harness(0, 'inc', 'blib/lib', 'blib/arch')" t/00.load.t t/01basics.t t/01nocap_api.t t/01records.t t/01searches.t t/02distinct_values.t t/02null_order.t t/02order.t t/02records_cachable.t t/02records_datetime.t t/02records_dt_interval.t t/02records_integers.t t/02records_object.t t/02searches_function.t t/02searches_joins.t t/03compatibility.t t/03cud_from_select.t t/03rebless.t t/03searches_bind.t t/03searches_combine.t t/03transactions.t t/03versions.t t/04mysql_identifier_quoting.t t/10schema.t t/11schema_records.t t/20set_edge_cases.t t/pod.t
t/00.load.t ..................... ok
t/01basics.t .................... ok
t/01nocap_api.t ................. skipped: Devel::Symdump is not installed
# Running tests for SQLite
t/01records.t ................... ok
t/01searches.t .................. ok
t/02distinct_values.t ........... ok
t/02null_order.t ................ ok
t/02order.t ..................... ok
t/02records_cachable.t .......... ok
t/02records_datetime.t .......... ok
t/02records_dt_interval.t ....... ok
t/02records_integers.t .......... ok
t/02records_object.t ............ ok
t/02searches_function.t ......... ok
t/02searches_joins.t ............ ok
t/03compatibility.t ............. ok
t/03cud_from_select.t ........... ok
t/03rebless.t ................... ok
t/03searches_bind.t ............. ok
t/03searches_combine.t .......... ok
t/03transactions.t .............. ok
t/03versions.t .................. ok
t/04mysql_identifier_quoting.t .. ok
t/10schema.t .................... ok
t/11schema_records.t ............ ok
t/20set_edge_cases.t ............ ok
t/pod.t ......................... skipped: Test::Pod 1.00 required for testing POD
All tests successful.
Files=27, Tests=1076, 24 wallclock secs ( 0.23 usr  0.06 sys +  3.60 cusr  0.75 csys =  4.64 CPU)
Result: PASS
>>> perl-dbix-searchbuilder: Entering fakeroot...
Manifying 17 pod documents
Installing /home/packager/aports/main/perl-dbix-searchbuilder/pkg/perl-dbix-searchbuilder/usr/share/perl5/vendor_perl/DBIx/SearchBuilder.pm
Installing /home/packager/aports/main/perl-dbix-searchbuilder/pkg/perl-dbix-searchbuilder/usr/share/perl5/vendor_perl/DBIx/SearchBuilder/SchemaGenerator.pm
Installing /home/packager/aports/main/perl-dbix-searchbuilder/pkg/perl-dbix-searchbuilder/usr/share/perl5/vendor_perl/DBIx/SearchBuilder/Handle.pm
Installing /home/packager/aports/main/perl-dbix-searchbuilder/pkg/perl-dbix-searchbuilder/usr/share/perl5/vendor_perl/DBIx/SearchBuilder/Unique.pm
Installing /home/packager/aports/main/perl-dbix-searchbuilder/pkg/perl-dbix-searchbuilder/usr/share/perl5/vendor_perl/DBIx/SearchBuilder/Union.pm
Installing /home/packager/aports/main/perl-dbix-searchbuilder/pkg/perl-dbix-searchbuilder/usr/share/perl5/vendor_perl/DBIx/SearchBuilder/Util.pm
Installing /home/packager/aports/main/perl-dbix-searchbuilder/pkg/perl-dbix-searchbuilder/usr/share/perl5/vendor_perl/DBIx/SearchBuilder/Record.pm
Installing /home/packager/aports/main/perl-dbix-searchbuilder/pkg/perl-dbix-searchbuilder/usr/share/perl5/vendor_perl/DBIx/SearchBuilder/Handle/ODBC.pm
Installing /home/packager/aports/main/perl-dbix-searchbuilder/pkg/perl-dbix-searchbuilder/usr/share/perl5/vendor_perl/DBIx/SearchBuilder/Handle/mysql.pm
Installing /home/packager/aports/main/perl-dbix-searchbuilder/pkg/perl-dbix-searchbuilder/usr/share/perl5/vendor_perl/DBIx/SearchBuilder/Handle/Informix.pm
Installing /home/packager/aports/main/perl-dbix-searchbuilder/pkg/perl-dbix-searchbuilder/usr/share/perl5/vendor_perl/DBIx/SearchBuilder/Handle/SQLite.pm
Installing /home/packager/aports/main/perl-dbix-searchbuilder/pkg/perl-dbix-searchbuilder/usr/share/perl5/vendor_perl/DBIx/SearchBuilder/Handle/MariaDB.pm
Installing /home/packager/aports/main/perl-dbix-searchbuilder/pkg/perl-dbix-searchbuilder/usr/share/perl5/vendor_perl/DBIx/SearchBuilder/Handle/mysqlPP.pm
Installing /home/packager/aports/main/perl-dbix-searchbuilder/pkg/perl-dbix-searchbuilder/usr/share/perl5/vendor_perl/DBIx/SearchBuilder/Handle/Oracle.pm
Installing /home/packager/aports/main/perl-dbix-searchbuilder/pkg/perl-dbix-searchbuilder/usr/share/perl5/vendor_perl/DBIx/SearchBuilder/Handle/Sybase.pm
Installing /home/packager/aports/main/perl-dbix-searchbuilder/pkg/perl-dbix-searchbuilder/usr/share/perl5/vendor_perl/DBIx/SearchBuilder/Handle/Pg.pm
Installing /home/packager/aports/main/perl-dbix-searchbuilder/pkg/perl-dbix-searchbuilder/usr/share/perl5/vendor_perl/DBIx/SearchBuilder/Record/Cachable.pm
Installing /home/packager/aports/main/perl-dbix-searchbuilder/pkg/perl-dbix-searchbuilder/usr/share/man/man3/DBIx::SearchBuilder::Handle::MariaDB.3pm
Installing /home/packager/aports/main/perl-dbix-searchbuilder/pkg/perl-dbix-searchbuilder/usr/share/man/man3/DBIx::SearchBuilder.3pm
Installing /home/packager/aports/main/perl-dbix-searchbuilder/pkg/perl-dbix-searchbuilder/usr/share/man/man3/DBIx::SearchBuilder::Record.3pm
Installing /home/packager/aports/main/perl-dbix-searchbuilder/pkg/perl-dbix-searchbuilder/usr/share/man/man3/DBIx::SearchBuilder::Union.3pm
Installing /home/packager/aports/main/perl-dbix-searchbuilder/pkg/perl-dbix-searchbuilder/usr/share/man/man3/DBIx::SearchBuilder::SchemaGenerator.3pm
Installing /home/packager/aports/main/perl-dbix-searchbuilder/pkg/perl-dbix-searchbuilder/usr/share/man/man3/DBIx::SearchBuilder::Util.3pm
Installing /home/packager/aports/main/perl-dbix-searchbuilder/pkg/perl-dbix-searchbuilder/usr/share/man/man3/DBIx::SearchBuilder::Handle::Informix.3pm
Installing /home/packager/aports/main/perl-dbix-searchbuilder/pkg/perl-dbix-searchbuilder/usr/share/man/man3/DBIx::SearchBuilder::Unique.3pm
Installing /home/packager/aports/main/perl-dbix-searchbuilder/pkg/perl-dbix-searchbuilder/usr/share/man/man3/DBIx::SearchBuilder::Handle::Oracle.3pm
Installing /home/packager/aports/main/perl-dbix-searchbuilder/pkg/perl-dbix-searchbuilder/usr/share/man/man3/DBIx::SearchBuilder::Handle::Sybase.3pm
Installing /home/packager/aports/main/perl-dbix-searchbuilder/pkg/perl-dbix-searchbuilder/usr/share/man/man3/DBIx::SearchBuilder::Handle::Pg.3pm
Installing /home/packager/aports/main/perl-dbix-searchbuilder/pkg/perl-dbix-searchbuilder/usr/share/man/man3/DBIx::SearchBuilder::Handle::mysql.3pm
Installing /home/packager/aports/main/perl-dbix-searchbuilder/pkg/perl-dbix-searchbuilder/usr/share/man/man3/DBIx::SearchBuilder::Handle::ODBC.3pm
Installing /home/packager/aports/main/perl-dbix-searchbuilder/pkg/perl-dbix-searchbuilder/usr/share/man/man3/DBIx::SearchBuilder::Handle.3pm
Installing /home/packager/aports/main/perl-dbix-searchbuilder/pkg/perl-dbix-searchbuilder/usr/share/man/man3/DBIx::SearchBuilder::Handle::SQLite.3pm
Installing /home/packager/aports/main/perl-dbix-searchbuilder/pkg/perl-dbix-searchbuilder/usr/share/man/man3/DBIx::SearchBuilder::Handle::mysqlPP.3pm
Installing /home/packager/aports/main/perl-dbix-searchbuilder/pkg/perl-dbix-searchbuilder/usr/share/man/man3/DBIx::SearchBuilder::Record::Cachable.3pm
>>> perl-dbix-searchbuilder-doc*: Running split function doc...
'usr/share/man' -> '/home/packager/aports/main/perl-dbix-searchbuilder/pkg/perl-dbix-searchbuilder-doc/usr/share/man'
>>> perl-dbix-searchbuilder-doc*: Preparing subpackage perl-dbix-searchbuilder-doc...
>>> perl-dbix-searchbuilder-doc*: Running postcheck for perl-dbix-searchbuilder-doc
>>> perl-dbix-searchbuilder*: Running postcheck for perl-dbix-searchbuilder
>>> perl-dbix-searchbuilder*: Preparing package perl-dbix-searchbuilder...
>>> perl-dbix-searchbuilder-doc*: Tracing dependencies...
>>> perl-dbix-searchbuilder-doc*: Package size: 42.1 KB
>>> perl-dbix-searchbuilder-doc*: Compressing data...
>>> perl-dbix-searchbuilder-doc*: Create checksum...
pigz: not found
>>> perl-dbix-searchbuilder-doc*: Create perl-dbix-searchbuilder-doc-1.82-r0.apk
>>> perl-dbix-searchbuilder*: Tracing dependencies...
	perl
	perl-cache-simple-timedexpiry
	perl-class-accessor
	perl-class-returnvalue
	perl-clone
	perl-dbi
	perl-dbix-dbschema
	perl-want
>>> perl-dbix-searchbuilder*: Package size: 210.4 KB
>>> perl-dbix-searchbuilder*: Compressing data...
>>> perl-dbix-searchbuilder*: Create checksum...
pigz: not found
>>> perl-dbix-searchbuilder*: Create perl-dbix-searchbuilder-1.82-r0.apk
>>> perl-dbix-searchbuilder: Build complete at Sun, 18 May 2025 09:15:35 +0000 elapsed time 0h 0m 28s
>>> perl-dbix-searchbuilder: Cleaning up srcdir
>>> perl-dbix-searchbuilder: Cleaning up pkgdir
>>> perl-dbix-searchbuilder: Uninstalling dependencies...
(1/16) Purging .makedepends-perl-dbix-searchbuilder (20250518.091509)
(2/16) Purging perl-cache-simple-timedexpiry (0.27-r5)
(3/16) Purging perl-class-accessor (0.51-r4)
(4/16) Purging perl-class-returnvalue (0.55-r5)
(5/16) Purging perl-devel-stacktrace (2.05-r0)
(6/16) Purging perl-clone (0.47-r0)
(7/16) Purging perl-dbix-dbschema (0.47-r2)
(8/16) Purging perl-want (0.29-r11)
(9/16) Purging perl-dbd-sqlite (1.76-r0)
(10/16) Purging perl-dbi (1.647-r0)
(11/16) Purging git-perl (2.47.2-r0)
(12/16) Purging perl-git (2.47.2-r0)
(13/16) Purging perl-error (0.17030-r0)
(14/16) Purging perl (5.40.2-r0)
(15/16) Purging libbz2 (1.0.8-r6)
(16/16) Purging sqlite-libs (3.49.2-r0)
Executing busybox-1.37.0-r12.trigger
OK: 261 MiB in 81 packages
>>> perl-dbix-searchbuilder: Updating the main/x86_64 repository index...
>>> perl-dbix-searchbuilder: Signing the index...
pigz: not found
