pigz: not found
>>> perl-convert-asn1: Building main/perl-convert-asn1 0.34-r0 (using abuild 3.14.1-r4) started Fri, 16 May 2025 20:24:59 +0000
>>> perl-convert-asn1: Validating /home/packager/aports/main/perl-convert-asn1/APKBUILD...
>>> perl-convert-asn1: Analyzing dependencies...
>>> perl-convert-asn1: Installing for build: build-base perl
(1/6) Installing libbz2 (1.0.8-r6)
(2/6) Installing perl (5.40.2-r0)
(3/6) Installing .makedepends-perl-convert-asn1 (20250516.202502)
(4/6) Installing perl-error (0.17029-r2)
(5/6) Installing perl-git (2.47.2-r0)
(6/6) Installing git-perl (2.47.2-r0)
Executing busybox-1.37.0-r12.trigger
OK: 296 MiB in 80 packages
>>> perl-convert-asn1: Cleaning up srcdir
>>> perl-convert-asn1: Cleaning up pkgdir
>>> perl-convert-asn1: Cleaning up tmpdir
>>> perl-convert-asn1: Fetching https://cpan.metacpan.org/authors/id/T/TI/TIMLEGGE/Convert-ASN1-0.34.tar.gz
Connecting to cpan.metacpan.org (146.75.122.217:443)
saving to '/var/cache/distfiles/Convert-ASN1-0.34.tar.gz.part'
Convert-ASN1-0.34.ta 100% |********************************| 79762  0:00:00 ETA
'/var/cache/distfiles/Convert-ASN1-0.34.tar.gz.part' saved
>>> perl-convert-asn1: Fetching https://cpan.metacpan.org/authors/id/T/TI/TIMLEGGE/Convert-ASN1-0.34.tar.gz
>>> perl-convert-asn1: Checking sha512sums...
Convert-ASN1-0.34.tar.gz: OK
>>> perl-convert-asn1: Unpacking /var/cache/distfiles/Convert-ASN1-0.34.tar.gz...
Checking if your kit is complete...
Looks good
Generating a Unix-style Makefile
Writing Makefile for Convert::ASN1
Writing MYMETA.yml and MYMETA.json
cp lib/Convert/ASN1/parser.pm blib/lib/Convert/ASN1/parser.pm
cp lib/Convert/ASN1/_decode.pm blib/lib/Convert/ASN1/_decode.pm
cp lib/Convert/ASN1/_encode.pm blib/lib/Convert/ASN1/_encode.pm
cp lib/Convert/ASN1.pod blib/lib/Convert/ASN1.pod
cp lib/Convert/ASN1.pm blib/lib/Convert/ASN1.pm
cp lib/Convert/ASN1/Debug.pm blib/lib/Convert/ASN1/Debug.pm
cp lib/Convert/ASN1/IO.pm blib/lib/Convert/ASN1/IO.pm
Manifying 1 pod document
PERL_DL_NONLAZY=1 "/usr/bin/perl" "-MExtUtils::Command::MM" "-MTest::Harness" "-e" "undef *Test::Harness::Switches; test_harness(0, 'blib/lib', 'blib/arch')" t/*.t
t/00prim.t ........ ok
t/01tag.t ......... ok
t/02seq.t ......... ok
t/03seqof.t ....... ok
t/04opt.t ......... ok
t/05time.t ........ ok
t/06bigint.t ...... ok
t/07io.t .......... ok
t/08set.t ......... ok
t/09contr.t ....... ok
t/10choice.t ...... ok
t/11explicit.t .... ok
t/11indef.t ....... ok
t/12der.t ......... ok
t/13utf8.t ........ ok
t/14any.t ......... ok
t/15extseq.t ...... ok
t/16extset.t ...... ok
t/17extchoice.t ... ok
t/18tagdefault.t .. ok
t/19issue14.t ..... ok
t/99misc.t ........ ok
t/x509.t .......... ok
All tests successful.
Files=23, Tests=595,  1 wallclock secs ( 0.11 usr  0.02 sys +  1.15 cusr  0.13 csys =  1.41 CPU)
Result: PASS
>>> perl-convert-asn1: Entering fakeroot...
Manifying 1 pod document
Appending installation info to /home/packager/aports/main/perl-convert-asn1/pkg/perl-convert-asn1/usr/lib/perl5/core_perl/perllocal.pod
Installing /home/packager/aports/main/perl-convert-asn1/pkg/perl-convert-asn1/usr/share/perl5/vendor_perl/Convert/ASN1.pm
Installing /home/packager/aports/main/perl-convert-asn1/pkg/perl-convert-asn1/usr/share/perl5/vendor_perl/Convert/ASN1.pod
Installing /home/packager/aports/main/perl-convert-asn1/pkg/perl-convert-asn1/usr/share/perl5/vendor_perl/Convert/ASN1/_encode.pm
Installing /home/packager/aports/main/perl-convert-asn1/pkg/perl-convert-asn1/usr/share/perl5/vendor_perl/Convert/ASN1/parser.pm
Installing /home/packager/aports/main/perl-convert-asn1/pkg/perl-convert-asn1/usr/share/perl5/vendor_perl/Convert/ASN1/IO.pm
Installing /home/packager/aports/main/perl-convert-asn1/pkg/perl-convert-asn1/usr/share/perl5/vendor_perl/Convert/ASN1/_decode.pm
Installing /home/packager/aports/main/perl-convert-asn1/pkg/perl-convert-asn1/usr/share/perl5/vendor_perl/Convert/ASN1/Debug.pm
Installing /home/packager/aports/main/perl-convert-asn1/pkg/perl-convert-asn1/usr/share/man/man3/Convert::ASN1.3pm
>>> perl-convert-asn1-doc*: Running split function doc...
'usr/share/man' -> '/home/packager/aports/main/perl-convert-asn1/pkg/perl-convert-asn1-doc/usr/share/man'
>>> perl-convert-asn1-doc*: Preparing subpackage perl-convert-asn1-doc...
>>> perl-convert-asn1-doc*: Running postcheck for perl-convert-asn1-doc
>>> perl-convert-asn1*: Running postcheck for perl-convert-asn1
>>> perl-convert-asn1*: Preparing package perl-convert-asn1...
>>> perl-convert-asn1-doc*: Tracing dependencies...
>>> perl-convert-asn1-doc*: Package size: 5.4 KB
>>> perl-convert-asn1-doc*: Compressing data...
>>> perl-convert-asn1-doc*: Create checksum...
pigz: not found
>>> perl-convert-asn1-doc*: Create perl-convert-asn1-doc-0.34-r0.apk
>>> perl-convert-asn1*: Tracing dependencies...
	perl
>>> perl-convert-asn1*: Package size: 81.6 KB
>>> perl-convert-asn1*: Compressing data...
>>> perl-convert-asn1*: Create checksum...
pigz: not found
>>> perl-convert-asn1*: Create perl-convert-asn1-0.34-r0.apk
>>> perl-convert-asn1: Build complete at Fri, 16 May 2025 20:25:05 +0000 elapsed time 0h 0m 6s
>>> perl-convert-asn1: Cleaning up srcdir
>>> perl-convert-asn1: Cleaning up pkgdir
>>> perl-convert-asn1: Uninstalling dependencies...
(1/6) Purging .makedepends-perl-convert-asn1 (20250516.202502)
(2/6) Purging git-perl (2.47.2-r0)
(3/6) Purging perl-git (2.47.2-r0)
(4/6) Purging perl-error (0.17029-r2)
(5/6) Purging perl (5.40.2-r0)
(6/6) Purging libbz2 (1.0.8-r6)
Executing busybox-1.37.0-r12.trigger
OK: 259 MiB in 74 packages
>>> perl-convert-asn1: Updating the main/x86_64 repository index...
>>> perl-convert-asn1: Signing the index...
pigz: not found
