>>> simdutf: Validating /home/packager/oily-pine/main/simdutf/APKBUILD...
>>> simdutf: Cleaning up srcdir
>>> simdutf: Cleaning up pkgdir
>>> simdutf: Cleaning up tmpdir
>>> simdutf: Fetching https://github.com/simdutf/simdutf/archive/v7.0.0/simdutf-7.0.0.tar.gz
  % Total    % Received % Xferd  Average Speed   Time    Time     Time  Current
                                 Dload  Upload   Total   Spent    Left  Speed
  0     0    0     0    0     0      0      0 --:--:-- --:--:-- --:--:--     0  0     0    0     0    0     0      0      0 --:--:-- --:--:-- --:--:--     0
100 1502k    0 1502k    0     0  1663k      0 --:--:-- --:--:-- --:--:-- 1663k100 2115k    0 2115k    0     0  2220k      0 --:--:-- --:--:-- --:--:-- 12.2M
>>> simdutf: Fetching https://github.com/simdutf/simdutf/archive/v7.0.0/simdutf-7.0.0.tar.gz
>>> simdutf: Checking sha512sums...
simdutf-7.0.0.tar.gz: OK
0001-Fix-atomic_base64-test-on-big-endian.patch: OK
>>> simdutf: Preparing build chroot...
fetch http://dl-cdn.alpinelinux.org/alpine/edge/main/x86_64/APKINDEX.tar.gz
(1/76) Installing musl (1.2.5-r10)
(2/76) Installing libcrypto3 (3.5.0-r0)
(3/76) Installing ca-certificates-bundle (20241121-r2)
(4/76) Installing libssl3 (3.5.0-r0)
(5/76) Installing zlib (1.3.1-r2)
(6/76) Installing libapk2 (2.14.9-r2)
(7/76) Installing apk-tools (2.14.9-r2)
(8/76) Installing libcap2 (2.76-r0)
(9/76) Installing libcap-getcap (2.76-r0)
(10/76) Installing fakeroot (1.37.1.1-r0)
(11/76) Installing scanelf (1.3.8-r1)
(12/76) Installing musl-utils (1.2.5-r10)
(13/76) Installing libgcc (14.3.0-r1)
(14/76) Installing libstdc++ (14.3.0-r1)
(15/76) Installing lzip (1.25-r0)
(16/76) Installing openssl (3.5.0-r0)
(17/76) Installing patch (2.8-r0)
(18/76) Installing pkgconf (2.4.3-r0)
(19/76) Installing acl-libs (2.3.2-r1)
(20/76) Installing tar (1.35-r3)
(21/76) Installing busybox (1.37.0-r18)
Executing busybox-1.37.0-r18.post-install
(22/76) Installing ssl_client (1.37.0-r18)
(23/76) Installing busybox-binsh (1.37.0-r18)
(24/76) Installing abuild (3.15.0-r0)
Executing abuild-3.15.0-r0.pre-install
(25/76) Installing abuild-sudo (3.15.0-r0)
(26/76) Installing alpine-baselayout-data (3.7.0-r0)
(27/76) Installing alpine-baselayout (3.7.0-r0)
Executing alpine-baselayout-3.7.0-r0.pre-install
Executing alpine-baselayout-3.7.0-r0.post-install
(28/76) Installing bridge (1.5-r5)
(29/76) Installing ifupdown-ng (0.12.1-r7)
(30/76) Installing openrc-user (0.62.2-r2)
(31/76) Installing openrc (0.62.2-r2)
Executing openrc-0.62.2-r2.post-install
(32/76) Installing mdev-conf (4.8-r0)
(33/76) Installing busybox-mdev-openrc (1.37.0-r18)
(34/76) Installing alpine-conf (3.20.0-r0)
(35/76) Installing alpine-keys (2.5-r0)
(36/76) Installing alpine-release (3.22.0-r0)
(37/76) Installing busybox-openrc (1.37.0-r18)
(38/76) Installing busybox-suid (1.37.0-r18)
(39/76) Installing alpine-base (3.22.0-r0)
(40/76) Installing jansson (2.14.1-r0)
(41/76) Installing zstd-libs (1.5.7-r0)
(42/76) Installing binutils (2.44-r0)
(43/76) Installing libmagic (5.46-r2)
(44/76) Installing file (5.46-r2)
(45/76) Installing libgomp (14.3.0-r1)
(46/76) Installing libatomic (14.3.0-r1)
(47/76) Installing gmp (6.3.0-r3)
(48/76) Installing isl26 (0.26-r1)
(49/76) Installing mpfr4 (4.2.1_p1-r0)
(50/76) Installing mpc1 (1.3.1-r1)
(51/76) Installing gcc (14.3.0-r1)
(52/76) Installing libstdc++-dev (14.3.0-r1)
(53/76) Installing musl-dev (1.2.5-r10)
(54/76) Installing g++ (14.3.0-r1)
(55/76) Installing make (4.4.1-r3)
(56/76) Installing fortify-headers (1.1-r5)
(57/76) Installing build-base (0.5-r3)
(58/76) Installing libbz2 (1.0.8-r6)
(59/76) Installing libexpat (2.7.1-r0)
(60/76) Installing lz4-libs (1.10.0-r0)
(61/76) Installing xz-libs (5.8.1-r0)
(62/76) Installing libarchive (3.8.0-r0)
(63/76) Installing rhash-libs (1.4.5-r0)
(64/76) Installing libuv (1.51.0-r0)
(65/76) Installing cmake (4.0.2-r0)
(66/76) Installing brotli-libs (1.1.0-r2)
(67/76) Installing c-ares (1.34.5-r0)
(68/76) Installing libunistring (1.3-r0)
(69/76) Installing libidn2 (2.3.7-r0)
(70/76) Installing nghttp2-libs (1.65.0-r0)
(71/76) Installing libpsl (0.21.5-r3)
(72/76) Installing libcurl (8.14.0-r2)
(73/76) Installing pcre2 (10.43-r1)
(74/76) Installing git (2.49.0-r0)
(75/76) Installing git-init-template (2.49.0-r0)
(76/76) Installing samurai (1.2-r7)
Executing busybox-1.37.0-r18.trigger
OK: 313 MiB in 76 packages
>>> simdutf: Fetching https://github.com/simdutf/simdutf/archive/v7.0.0/simdutf-7.0.0.tar.gz
>>> simdutf: Checking sha512sums...
simdutf-7.0.0.tar.gz: OK
0001-Fix-atomic_base64-test-on-big-endian.patch: OK
>>> simdutf: Unpacking /var/cache/distfiles/simdutf-7.0.0.tar.gz...
>>> simdutf: 0001-Fix-atomic_base64-test-on-big-endian.patch
patching file tests/atomic_base64_tests.cpp
Hunk #1 succeeded at 266 (offset -1775 lines).
-- The CXX compiler identification is GNU 14.3.0
-- Detecting CXX compiler ABI info
-- Detecting CXX compiler ABI info - done
-- Check for working CXX compiler: /usr/bin/c++ - skipped
-- Detecting CXX compile features
-- Detecting CXX compile features - done
-- Could NOT find Python3 (missing: Python3_EXECUTABLE Interpreter) 
-- Python not found, we are unable to test amalgamate.py.
-- The tests are enabled.
-- Could NOT find Python3 (missing: Python3_EXECUTABLE Interpreter) 
-- Performing Test Iconv_IS_BUILT_IN
-- Performing Test Iconv_IS_BUILT_IN - Success
-- Found Iconv: built in to C library
-- Iconv was found!
-- Iconv is part of the C library.
-- looking for static C++ library in /usr/lib/gcc/x86_64-alpine-linux-musl/14.3.0
-- libstdc++.a found
-- The tools require C++17. If your system does not support C++17, please set SIMDUTF_TOOLS to OFF.
-- The benchmarks can be enabled by setting SIMDUTF_BENCHMARKS, e.g., -D SIMDUTF_BENCHMARKS=ON.
-- Compiling using the C++ standard:20
-- Configuring done (0.2s)
-- Generating done (0.1s)
-- Build files have been written to: /tmp/src/simdutf-7.0.0/build
[1/175] Building CXX object tools/CMakeFiles/fastbase64.dir/fastbase64.cpp.o
[2/175] Building CXX object tools/CMakeFiles/sutf.dir/sutf.cpp.o
[3/175] Building CXX object tests/CMakeFiles/to_well_formed_utf16_tests.dir/to_well_formed_utf16_tests.cpp.o
[4/175] Building CXX object tests/CMakeFiles/utf8_length_from_utf16_tests.dir/utf8_length_from_utf16_tests.cpp.o
[5/175] Building CXX object tests/CMakeFiles/internal_tests.dir/internal_tests.cpp.o
[6/175] Building CXX object tests/CMakeFiles/atomic_base64_tests.dir/atomic_base64_tests.cpp.o
[7/175] Building CXX object tests/CMakeFiles/span_tests.dir/span_tests.cpp.o
[8/175] Building CXX object tests/CMakeFiles/base64_tests.dir/base64_tests.cpp.o
[9/175] Building CXX object tests/CMakeFiles/basic_fuzzer.dir/basic_fuzzer.cpp.o
[10/175] Building CXX object tests/CMakeFiles/detect_encodings_tests.dir/detect_encodings_tests.cpp.o
[11/175] Building CXX object tests/CMakeFiles/count_utf16be.dir/count_utf16be.cpp.o
[12/175] Building CXX object tests/CMakeFiles/count_utf16le.dir/count_utf16le.cpp.o
[13/175] Building CXX object tests/CMakeFiles/count_utf8.dir/count_utf8.cpp.o
[14/175] Building CXX object tests/CMakeFiles/convert_valid_utf16be_to_utf32_tests.dir/convert_valid_utf16be_to_utf32_tests.cpp.o
[15/175] Building CXX object tests/CMakeFiles/convert_valid_utf16le_to_utf32_tests.dir/convert_valid_utf16le_to_utf32_tests.cpp.o
[16/175] Building CXX object tests/CMakeFiles/convert_utf16be_to_utf32_with_errors_tests.dir/convert_utf16be_to_utf32_with_errors_tests.cpp.o
[17/175] Building CXX object tests/CMakeFiles/convert_utf16le_to_utf32_with_errors_tests.dir/convert_utf16le_to_utf32_with_errors_tests.cpp.o
[18/175] Building CXX object tests/CMakeFiles/convert_utf16be_to_utf32_tests.dir/convert_utf16be_to_utf32_tests.cpp.o
[19/175] Building CXX object tests/CMakeFiles/convert_utf16le_to_utf32_tests.dir/convert_utf16le_to_utf32_tests.cpp.o
[20/175] Building CXX object tests/CMakeFiles/convert_valid_utf32_to_utf16be_tests.dir/convert_valid_utf32_to_utf16be_tests.cpp.o
[21/175] Building CXX object tests/CMakeFiles/convert_valid_utf32_to_utf16le_tests.dir/convert_valid_utf32_to_utf16le_tests.cpp.o
[22/175] Building CXX object tests/CMakeFiles/convert_valid_utf32_to_utf8_tests.dir/convert_valid_utf32_to_utf8_tests.cpp.o
[23/175] Building CXX object tests/CMakeFiles/convert_valid_utf16be_to_utf8_tests.dir/convert_valid_utf16be_to_utf8_tests.cpp.o
[24/175] Building CXX object tests/CMakeFiles/convert_valid_utf16le_to_utf8_tests.dir/convert_valid_utf16le_to_utf8_tests.cpp.o
[25/175] Building CXX object tests/CMakeFiles/convert_utf32_to_utf16be_with_errors_tests.dir/convert_utf32_to_utf16be_with_errors_tests.cpp.o
[26/175] Building CXX object tests/CMakeFiles/convert_utf32_to_utf16le_with_errors_tests.dir/convert_utf32_to_utf16le_with_errors_tests.cpp.o
[27/175] Building CXX object tests/CMakeFiles/convert_utf32_to_utf16be_tests.dir/convert_utf32_to_utf16be_tests.cpp.o
[28/175] Building CXX object tests/CMakeFiles/convert_utf32_to_utf16le_tests.dir/convert_utf32_to_utf16le_tests.cpp.o
[29/175] Building CXX object tests/CMakeFiles/convert_utf32_to_utf8_with_errors_tests.dir/convert_utf32_to_utf8_with_errors_tests.cpp.o
[30/175] Building CXX object tests/CMakeFiles/convert_utf32_to_utf8_tests.dir/convert_utf32_to_utf8_tests.cpp.o
[31/175] Building CXX object tests/CMakeFiles/convert_utf32_to_latin1_with_errors_tests.dir/convert_utf32_to_latin1_with_errors_tests.cpp.o
[32/175] Building CXX object tests/CMakeFiles/convert_valid_utf32_to_latin1_tests.dir/convert_valid_utf32_to_latin1_tests.cpp.o
[33/175] Building CXX object tests/CMakeFiles/convert_utf32_to_latin1_tests.dir/convert_utf32_to_latin1_tests.cpp.o
[34/175] Building CXX object tests/CMakeFiles/convert_utf16be_to_utf8_with_errors_tests.dir/convert_utf16be_to_utf8_with_errors_tests.cpp.o
[35/175] Building CXX object tests/CMakeFiles/convert_utf16le_to_utf8_with_errors_tests.dir/convert_utf16le_to_utf8_with_errors_tests.cpp.o
[36/175] Building CXX object tests/CMakeFiles/convert_utf16be_to_utf8_tests.dir/convert_utf16be_to_utf8_tests.cpp.o
[37/175] Building CXX object tests/CMakeFiles/convert_utf16le_to_utf8_tests.dir/convert_utf16le_to_utf8_tests.cpp.o
[38/175] Building CXX object tests/CMakeFiles/convert_valid_utf16be_to_latin1_tests.dir/convert_valid_utf16be_to_latin1_tests.cpp.o
[39/175] Building CXX object tests/CMakeFiles/convert_valid_utf16le_to_latin1_tests.dir/convert_valid_utf16le_to_latin1_tests.cpp.o
[40/175] Building CXX object tests/CMakeFiles/convert_utf16be_to_latin1_tests_with_errors.dir/convert_utf16be_to_latin1_tests_with_errors.cpp.o
[41/175] Building CXX object tests/CMakeFiles/convert_utf16le_to_latin1_tests_with_errors.dir/convert_utf16le_to_latin1_tests_with_errors.cpp.o
[42/175] Building CXX object tests/CMakeFiles/convert_utf16be_to_latin1_tests.dir/convert_utf16be_to_latin1_tests.cpp.o
[43/175] Building CXX object tests/CMakeFiles/convert_utf16le_to_latin1_tests.dir/convert_utf16le_to_latin1_tests.cpp.o
[44/175] Building CXX object tests/CMakeFiles/convert_utf8_to_utf32_with_errors_tests.dir/convert_utf8_to_utf32_with_errors_tests.cpp.o
[45/175] Building CXX object tests/CMakeFiles/convert_utf8_to_utf32_tests.dir/convert_utf8_to_utf32_tests.cpp.o
[46/175] Building CXX object tests/CMakeFiles/convert_utf8_to_utf16be_with_errors_tests.dir/convert_utf8_to_utf16be_with_errors_tests.cpp.o
[47/175] Building CXX object tests/CMakeFiles/convert_utf8_to_utf16le_with_errors_tests.dir/convert_utf8_to_utf16le_with_errors_tests.cpp.o
[48/175] Building CXX object tests/CMakeFiles/convert_utf8_to_utf16be_tests.dir/convert_utf8_to_utf16be_tests.cpp.o
[49/175] Building CXX object tests/CMakeFiles/convert_utf8_to_utf16le_tests.dir/convert_utf8_to_utf16le_tests.cpp.o
[50/175] Building CXX object tests/CMakeFiles/convert_valid_utf8_to_utf32_tests.dir/convert_valid_utf8_to_utf32_tests.cpp.o
[51/175] Building CXX object tests/CMakeFiles/convert_valid_utf8_to_utf16be_tests.dir/convert_valid_utf8_to_utf16be_tests.cpp.o
[52/175] Building CXX object tests/CMakeFiles/convert_valid_utf8_to_utf16le_tests.dir/convert_valid_utf8_to_utf16le_tests.cpp.o
[53/175] Building CXX object tests/CMakeFiles/convert_valid_utf8_to_latin1_tests.dir/convert_valid_utf8_to_latin1_tests.cpp.o
[54/175] Building CXX object tests/CMakeFiles/convert_utf8_to_latin1_with_errors_tests.dir/convert_utf8_to_latin1_with_errors_tests.cpp.o
[55/175] Building CXX object tests/CMakeFiles/convert_utf8_to_latin1_tests.dir/convert_utf8_to_latin1_tests.cpp.o
[56/175] Building CXX object tests/CMakeFiles/convert_latin1_to_utf32_tests.dir/convert_latin1_to_utf32_tests.cpp.o
[57/175] Building CXX object tests/CMakeFiles/convert_latin1_to_utf16be_tests.dir/convert_latin1_to_utf16be_tests.cpp.o
[58/175] Building CXX object tests/CMakeFiles/convert_latin1_to_utf16le_tests.dir/convert_latin1_to_utf16le_tests.cpp.o
[59/175] Building CXX object tests/CMakeFiles/convert_latin1_to_utf8_tests.dir/convert_latin1_to_utf8_tests.cpp.o
[60/175] Building CXX object tests/CMakeFiles/validate_utf32_with_errors_tests.dir/validate_utf32_with_errors_tests.cpp.o
[61/175] Building CXX object tests/CMakeFiles/validate_utf32_basic_tests.dir/validate_utf32_basic_tests.cpp.o
[62/175] Building CXX object tests/CMakeFiles/validate_utf16be_with_errors_tests.dir/validate_utf16be_with_errors_tests.cpp.o
[63/175] Building CXX object tests/CMakeFiles/validate_utf16le_with_errors_tests.dir/validate_utf16le_with_errors_tests.cpp.o
[64/175] Building CXX object tests/CMakeFiles/validate_utf16be_basic_tests.dir/validate_utf16be_basic_tests.cpp.o
[65/175] Building CXX object tests/CMakeFiles/validate_utf16le_basic_tests.dir/validate_utf16le_basic_tests.cpp.o
[66/175] Building CXX object tests/CMakeFiles/validate_utf8_with_errors_tests.dir/validate_utf8_with_errors_tests.cpp.o
[67/175] Building CXX object tests/CMakeFiles/validate_utf8_puzzler_tests.dir/validate_utf8_puzzler_tests.cpp.o
[68/175] Building CXX object tests/CMakeFiles/validate_utf8_brute_force_tests.dir/validate_utf8_brute_force_tests.cpp.o
[69/175] Building CXX object tests/CMakeFiles/select_implementation.dir/select_implementation.cpp.o
[70/175] Building CXX object tests/CMakeFiles/validate_utf8_basic_tests.dir/validate_utf8_basic_tests.cpp.o
[71/175] Building CXX object tests/CMakeFiles/bele_tests.dir/bele_tests.cpp.o
[72/175] Building CXX object tests/CMakeFiles/validate_ascii_with_errors_tests.dir/validate_ascii_with_errors_tests.cpp.o
[73/175] Building CXX object tests/CMakeFiles/validate_ascii_basic_tests.dir/validate_ascii_basic_tests.cpp.o
[74/175] Building CXX object tests/CMakeFiles/special_tests.dir/special_tests.cpp.o
[75/175] Building CXX object tests/CMakeFiles/random_fuzzer.dir/random_fuzzer.cpp.o
[76/175] Building CXX object tests/CMakeFiles/readme_tests.dir/readme_tests.cpp.o
[77/175] Building CXX object tests/reference/CMakeFiles/simdutf_tests_reference.dir/validate_utf32.cpp.o
[78/175] Building CXX object tests/reference/CMakeFiles/simdutf_tests_reference.dir/validate_utf16.cpp.o
[79/175] Building CXX object tests/reference/CMakeFiles/simdutf_tests_reference.dir/validate_utf8.cpp.o
[80/175] Building CXX object tests/reference/CMakeFiles/simdutf_tests_reference.dir/validate_utf32_to_latin1.cpp.o
[81/175] Building CXX object tests/reference/CMakeFiles/simdutf_tests_reference.dir/validate_utf16_to_latin1.cpp.o
[82/175] Building CXX object tests/reference/CMakeFiles/simdutf_tests_reference.dir/validate_utf8_to_latin1.cpp.o
[83/175] Building CXX object tests/reference/CMakeFiles/simdutf_tests_reference.dir/encode_latin1.cpp.o
[84/175] Building CXX object tests/reference/CMakeFiles/simdutf_tests_reference.dir/encode_utf32.cpp.o
[85/175] Building CXX object tests/reference/CMakeFiles/simdutf_tests_reference.dir/encode_utf16.cpp.o
[86/175] Building CXX object tests/reference/CMakeFiles/simdutf_tests_reference.dir/encode_utf8.cpp.o
[87/175] Building CXX object tests/helpers/CMakeFiles/simdutf_tests_helpers.dir/random_utf32.cpp.o
[88/175] Building CXX object tests/helpers/CMakeFiles/simdutf_tests_helpers.dir/random_utf16.cpp.o
[89/175] Building CXX object tests/helpers/CMakeFiles/simdutf_tests_helpers.dir/random_utf8.cpp.o
[90/175] Building CXX object tests/helpers/CMakeFiles/simdutf_tests_helpers.dir/transcode_test_base.cpp.o
[91/175] Building CXX object tests/helpers/CMakeFiles/simdutf_tests_helpers.dir/random_int.cpp.o
[92/175] Building CXX object tests/helpers/CMakeFiles/simdutf_tests_helpers.dir/test.cpp.o
[93/175] Building CXX object tests/CMakeFiles/null_safety_tests.dir/null_safety_tests.cpp.o
[94/175] Building CXX object src/CMakeFiles/simdutf.dir/simdutf.cpp.o
[95/175] Linking CXX shared library src/libsimdutf.so.21.0.0
[96/175] Creating library symlink src/libsimdutf.so.21 src/libsimdutf.so
[97/175] Linking CXX executable tools/fastbase64
[98/175] Linking CXX executable tools/sutf
[99/175] Linking CXX static library tests/reference/libsimdutf_tests_reference.a
[100/175] Linking CXX static library tests/helpers/libsimdutf_tests_helpers.a
[101/175] Linking CXX executable tests/to_well_formed_utf16_tests
[102/175] Linking CXX executable tests/utf8_length_from_utf16_tests
[103/175] Linking CXX executable tests/internal_tests
[104/175] Linking CXX executable tests/atomic_base64_tests
[105/175] Linking CXX executable tests/span_tests
[106/175] Linking CXX executable tests/base64_tests
[107/175] Linking CXX executable tests/basic_fuzzer
[108/175] Linking CXX executable tests/detect_encodings_tests
[109/175] Linking CXX executable tests/count_utf16be
[110/175] Linking CXX executable tests/count_utf16le
[111/175] Linking CXX executable tests/count_utf8
[112/175] Linking CXX executable tests/convert_valid_utf16be_to_utf32_tests
[113/175] Linking CXX executable tests/convert_valid_utf16le_to_utf32_tests
[114/175] Linking CXX executable tests/convert_utf16be_to_utf32_with_errors_tests
[115/175] Linking CXX executable tests/convert_utf16le_to_utf32_with_errors_tests
[116/175] Linking CXX executable tests/convert_utf16be_to_utf32_tests
[117/175] Linking CXX executable tests/convert_utf16le_to_utf32_tests
[118/175] Linking CXX executable tests/convert_valid_utf32_to_utf16be_tests
[119/175] Linking CXX executable tests/convert_valid_utf32_to_utf16le_tests
[120/175] Linking CXX executable tests/convert_valid_utf32_to_utf8_tests
[121/175] Linking CXX executable tests/convert_valid_utf16be_to_utf8_tests
[122/175] Linking CXX executable tests/convert_valid_utf16le_to_utf8_tests
[123/175] Linking CXX executable tests/convert_utf32_to_utf16be_with_errors_tests
[124/175] Linking CXX executable tests/convert_utf32_to_utf16le_with_errors_tests
[125/175] Linking CXX executable tests/convert_utf32_to_utf16be_tests
[126/175] Linking CXX executable tests/convert_utf32_to_utf16le_tests
[127/175] Linking CXX executable tests/convert_utf32_to_utf8_with_errors_tests
[128/175] Linking CXX executable tests/convert_utf32_to_utf8_tests
[129/175] Linking CXX executable tests/convert_utf32_to_latin1_with_errors_tests
[130/175] Linking CXX executable tests/convert_valid_utf32_to_latin1_tests
[131/175] Linking CXX executable tests/convert_utf32_to_latin1_tests
[132/175] Linking CXX executable tests/convert_utf16be_to_utf8_with_errors_tests
[133/175] Linking CXX executable tests/convert_utf16le_to_utf8_with_errors_tests
[134/175] Linking CXX executable tests/convert_utf16be_to_utf8_tests
[135/175] Linking CXX executable tests/convert_utf16le_to_utf8_tests
[136/175] Linking CXX executable tests/convert_valid_utf16be_to_latin1_tests
[137/175] Linking CXX executable tests/convert_valid_utf16le_to_latin1_tests
[138/175] Linking CXX executable tests/convert_utf16be_to_latin1_tests_with_errors
[139/175] Linking CXX executable tests/convert_utf16le_to_latin1_tests_with_errors
[140/175] Linking CXX executable tests/convert_utf16be_to_latin1_tests
[141/175] Linking CXX executable tests/convert_utf16le_to_latin1_tests
[142/175] Linking CXX executable tests/convert_utf8_to_utf32_with_errors_tests
[143/175] Linking CXX executable tests/convert_utf8_to_utf32_tests
[144/175] Linking CXX executable tests/convert_utf8_to_utf16be_with_errors_tests
[145/175] Linking CXX executable tests/convert_utf8_to_utf16le_with_errors_tests
[146/175] Linking CXX executable tests/convert_utf8_to_utf16be_tests
[147/175] Linking CXX executable tests/convert_utf8_to_utf16le_tests
[148/175] Linking CXX executable tests/convert_valid_utf8_to_utf32_tests
[149/175] Linking CXX executable tests/convert_valid_utf8_to_utf16be_tests
[150/175] Linking CXX executable tests/convert_valid_utf8_to_utf16le_tests
[151/175] Linking CXX executable tests/convert_valid_utf8_to_latin1_tests
[152/175] Linking CXX executable tests/convert_utf8_to_latin1_with_errors_tests
[153/175] Linking CXX executable tests/convert_utf8_to_latin1_tests
[154/175] Linking CXX executable tests/convert_latin1_to_utf32_tests
[155/175] Linking CXX executable tests/convert_latin1_to_utf16be_tests
[156/175] Linking CXX executable tests/convert_latin1_to_utf16le_tests
[157/175] Linking CXX executable tests/convert_latin1_to_utf8_tests
[158/175] Linking CXX executable tests/validate_utf32_with_errors_tests
[159/175] Linking CXX executable tests/validate_utf32_basic_tests
[160/175] Linking CXX executable tests/validate_utf16be_with_errors_tests
[161/175] Linking CXX executable tests/validate_utf16le_with_errors_tests
[162/175] Linking CXX executable tests/validate_utf16be_basic_tests
[163/175] Linking CXX executable tests/validate_utf16le_basic_tests
[164/175] Linking CXX executable tests/validate_utf8_with_errors_tests
[165/175] Linking CXX executable tests/validate_utf8_puzzler_tests
[166/175] Linking CXX executable tests/validate_utf8_brute_force_tests
[167/175] Linking CXX executable tests/select_implementation
[168/175] Linking CXX executable tests/validate_utf8_basic_tests
[169/175] Linking CXX executable tests/bele_tests
[170/175] Linking CXX executable tests/validate_ascii_with_errors_tests
[171/175] Linking CXX executable tests/validate_ascii_basic_tests
[172/175] Linking CXX executable tests/special_tests
[173/175] Linking CXX executable tests/random_fuzzer
[174/175] Linking CXX executable tests/readme_tests
[175/175] Linking CXX executable tests/null_safety_tests
Test project /tmp/src/simdutf-7.0.0/build
      Start  1: avoid_abort
      Start  2: avoid_cout
      Start  3: avoid_cerr
      Start  4: avoid_printf
      Start  5: avoid_stdout
      Start  6: avoid_stderr
      Start  7: null_safety_tests
      Start  8: readme_tests
      Start  9: random_fuzzer
      Start 10: special_tests
      Start 11: validate_ascii_basic_tests
      Start 12: validate_ascii_with_errors_tests
      Start 13: bele_tests
      Start 14: validate_utf8_basic_tests
      Start 15: select_implementation
      Start 16: validate_utf8_brute_force_tests
 1/81 Test  #1: avoid_abort ...................................   Passed    0.01 sec
 2/81 Test  #2: avoid_cout ....................................   Passed    0.01 sec
 3/81 Test  #3: avoid_cerr ....................................   Passed    0.01 sec
 4/81 Test  #4: avoid_printf ..................................   Passed    0.01 sec
 5/81 Test  #5: avoid_stdout ..................................   Passed    0.01 sec
 6/81 Test  #6: avoid_stderr ..................................   Passed    0.01 sec
 7/81 Test  #7: null_safety_tests .............................   Passed    0.01 sec
 8/81 Test  #8: readme_tests ..................................   Passed    0.01 sec
 9/81 Test #10: special_tests .................................   Passed    0.01 sec
10/81 Test #11: validate_ascii_basic_tests ....................   Passed    0.01 sec
11/81 Test #14: validate_utf8_basic_tests .....................   Passed    0.00 sec
      Start 17: validate_utf8_puzzler_tests
      Start 18: validate_utf8_with_errors_tests
      Start 19: validate_utf16le_basic_tests
      Start 20: validate_utf16be_basic_tests
      Start 21: validate_utf16le_with_errors_tests
      Start 22: validate_utf16be_with_errors_tests
      Start 23: validate_utf32_basic_tests
      Start 24: validate_utf32_with_errors_tests
      Start 25: convert_latin1_to_utf8_tests
      Start 26: convert_latin1_to_utf16le_tests
      Start 27: convert_latin1_to_utf16be_tests
12/81 Test #13: bele_tests ....................................   Passed    0.01 sec
13/81 Test #15: select_implementation .........................   Passed    0.01 sec
14/81 Test #17: validate_utf8_puzzler_tests ...................   Passed    0.01 sec
      Start 28: convert_latin1_to_utf32_tests
      Start 29: convert_utf8_to_latin1_tests
      Start 30: convert_utf8_to_latin1_with_errors_tests
15/81 Test #12: validate_ascii_with_errors_tests ..............   Passed    0.04 sec
      Start 31: convert_valid_utf8_to_latin1_tests
16/81 Test #26: convert_latin1_to_utf16le_tests ...............   Passed    0.05 sec
      Start 32: convert_valid_utf8_to_utf16le_tests
17/81 Test #27: convert_latin1_to_utf16be_tests ...............   Passed    0.05 sec
      Start 33: convert_valid_utf8_to_utf16be_tests
18/81 Test #25: convert_latin1_to_utf8_tests ..................   Passed    0.09 sec
      Start 34: convert_valid_utf8_to_utf32_tests
19/81 Test #16: validate_utf8_brute_force_tests ...............   Passed    0.15 sec
      Start 35: convert_utf8_to_utf16le_tests
20/81 Test #19: validate_utf16le_basic_tests ..................   Passed    0.16 sec
      Start 36: convert_utf8_to_utf16be_tests
21/81 Test #20: validate_utf16be_basic_tests ..................   Passed    0.18 sec
      Start 37: convert_utf8_to_utf16le_with_errors_tests
22/81 Test #24: validate_utf32_with_errors_tests ..............   Passed    0.22 sec
      Start 38: convert_utf8_to_utf16be_with_errors_tests
23/81 Test #22: validate_utf16be_with_errors_tests ............   Passed    0.25 sec
      Start 39: convert_utf8_to_utf32_tests
24/81 Test #21: validate_utf16le_with_errors_tests ............   Passed    0.26 sec
      Start 40: convert_utf8_to_utf32_with_errors_tests
25/81 Test #31: convert_valid_utf8_to_latin1_tests ............   Passed    0.72 sec
      Start 41: convert_utf16le_to_latin1_tests
26/81 Test #29: convert_utf8_to_latin1_tests ..................   Passed    0.81 sec
      Start 42: convert_utf16be_to_latin1_tests
27/81 Test #18: validate_utf8_with_errors_tests ...............   Passed    0.88 sec
      Start 43: convert_utf16le_to_latin1_tests_with_errors
28/81 Test #41: convert_utf16le_to_latin1_tests ...............   Passed    0.13 sec
      Start 44: convert_utf16be_to_latin1_tests_with_errors
29/81 Test #42: convert_utf16be_to_latin1_tests ...............   Passed    0.09 sec
      Start 45: convert_valid_utf16le_to_latin1_tests
30/81 Test  #9: random_fuzzer .................................   Passed    0.92 sec
      Start 46: convert_valid_utf16be_to_latin1_tests
31/81 Test #44: convert_utf16be_to_latin1_tests_with_errors ...   Passed    0.06 sec
      Start 47: convert_utf16le_to_utf8_tests
32/81 Test #45: convert_valid_utf16le_to_latin1_tests .........   Passed    0.05 sec
      Start 48: convert_utf16be_to_utf8_tests
33/81 Test #43: convert_utf16le_to_latin1_tests_with_errors ...   Passed    0.09 sec
34/81 Test #46: convert_valid_utf16be_to_latin1_tests .........   Passed    0.05 sec
      Start 49: convert_utf16le_to_utf8_with_errors_tests
      Start 50: convert_utf16be_to_utf8_with_errors_tests
35/81 Test #23: validate_utf32_basic_tests ....................   Passed    1.06 sec
      Start 51: convert_utf32_to_latin1_tests
36/81 Test #49: convert_utf16le_to_utf8_with_errors_tests .....   Passed    0.28 sec
      Start 52: convert_valid_utf32_to_latin1_tests
37/81 Test #52: convert_valid_utf32_to_latin1_tests ...........   Passed    0.00 sec
      Start 53: convert_utf32_to_latin1_with_errors_tests
38/81 Test #50: convert_utf16be_to_utf8_with_errors_tests .....   Passed    0.28 sec
      Start 54: convert_utf32_to_utf8_tests
39/81 Test #28: convert_latin1_to_utf32_tests .................   Passed    1.36 sec
      Start 55: convert_utf32_to_utf8_with_errors_tests
40/81 Test #40: convert_utf8_to_utf32_with_errors_tests .......   Passed    1.17 sec
      Start 56: convert_utf32_to_utf16le_tests
41/81 Test #48: convert_utf16be_to_utf8_tests .................   Passed    0.48 sec
      Start 57: convert_utf32_to_utf16be_tests
42/81 Test #54: convert_utf32_to_utf8_tests ...................   Passed    0.21 sec
      Start 58: convert_utf32_to_utf16le_with_errors_tests
43/81 Test #47: convert_utf16le_to_utf8_tests .................   Passed    0.55 sec
      Start 59: convert_utf32_to_utf16be_with_errors_tests
44/81 Test #33: convert_valid_utf8_to_utf16be_tests ...........   Passed    1.48 sec
      Start 60: convert_valid_utf16le_to_utf8_tests
45/81 Test #55: convert_utf32_to_utf8_with_errors_tests .......   Passed    0.23 sec
      Start 61: convert_valid_utf16be_to_utf8_tests
46/81 Test #59: convert_utf32_to_utf16be_with_errors_tests ....   Passed    0.14 sec
      Start 62: convert_valid_utf32_to_utf8_tests
47/81 Test #56: convert_utf32_to_utf16le_tests ................   Passed    0.22 sec
      Start 63: convert_valid_utf32_to_utf16le_tests
48/81 Test #37: convert_utf8_to_utf16le_with_errors_tests .....   Passed    1.48 sec
      Start 64: convert_valid_utf32_to_utf16be_tests
49/81 Test #57: convert_utf32_to_utf16be_tests ................   Passed    0.21 sec
      Start 65: convert_utf16le_to_utf32_tests
50/81 Test #58: convert_utf32_to_utf16le_with_errors_tests ....   Passed    0.21 sec
      Start 66: convert_utf16be_to_utf32_tests
51/81 Test #62: convert_valid_utf32_to_utf8_tests .............   Passed    0.12 sec
      Start 67: convert_utf16le_to_utf32_with_errors_tests
52/81 Test #64: convert_valid_utf32_to_utf16be_tests ..........   Passed    0.17 sec
      Start 68: convert_utf16be_to_utf32_with_errors_tests
53/81 Test #63: convert_valid_utf32_to_utf16le_tests ..........   Passed    0.18 sec
      Start 69: convert_valid_utf16le_to_utf32_tests
54/81 Test #67: convert_utf16le_to_utf32_with_errors_tests ....   Passed    0.15 sec
      Start 70: convert_valid_utf16be_to_utf32_tests
55/81 Test #69: convert_valid_utf16le_to_utf32_tests ..........   Passed    0.12 sec
      Start 71: count_utf8
56/81 Test #36: convert_utf8_to_utf16be_tests .................   Passed    1.80 sec
      Start 72: count_utf16le
57/81 Test #61: convert_valid_utf16be_to_utf8_tests ...........   Passed    0.43 sec
      Start 73: count_utf16be
58/81 Test #68: convert_utf16be_to_utf32_with_errors_tests ....   Passed    0.21 sec
      Start 74: detect_encodings_tests
59/81 Test #65: convert_utf16le_to_utf32_tests ................   Passed    0.38 sec
      Start 75: basic_fuzzer
60/81 Test #60: convert_valid_utf16le_to_utf8_tests ...........   Passed    0.51 sec
      Start 76: base64_tests
61/81 Test #70: convert_valid_utf16be_to_utf32_tests ..........   Passed    0.21 sec
      Start 77: span_tests
62/81 Test #77: span_tests ....................................   Passed    0.00 sec
      Start 78: atomic_base64_tests
63/81 Test #66: convert_utf16be_to_utf32_tests ................   Passed    0.45 sec
      Start 79: internal_tests
64/81 Test #79: internal_tests ................................   Passed    0.00 sec
      Start 80: utf8_length_from_utf16_tests
65/81 Test #80: utf8_length_from_utf16_tests ..................   Passed    0.00 sec
      Start 81: to_well_formed_utf16_tests
66/81 Test #39: convert_utf8_to_utf32_tests ...................   Passed    1.94 sec
67/81 Test #78: atomic_base64_tests ...........................   Passed    0.12 sec
68/81 Test #73: count_utf16be .................................   Passed    0.82 sec
69/81 Test #74: detect_encodings_tests ........................   Passed    1.17 sec
70/81 Test #34: convert_valid_utf8_to_utf32_tests .............   Passed    3.46 sec
71/81 Test #81: to_well_formed_utf16_tests ....................   Passed    1.45 sec
72/81 Test #72: count_utf16le .................................   Passed    1.84 sec
73/81 Test #32: convert_valid_utf8_to_utf16le_tests ...........   Passed    4.47 sec
74/81 Test #35: convert_utf8_to_utf16le_tests .................   Passed    4.43 sec
75/81 Test #71: count_utf8 ....................................   Passed    4.31 sec
76/81 Test #51: convert_utf32_to_latin1_tests .................   Passed    5.22 sec
77/81 Test #53: convert_utf32_to_latin1_with_errors_tests .....   Passed    6.40 sec
78/81 Test #76: base64_tests ..................................   Passed    9.69 sec
79/81 Test #30: convert_utf8_to_latin1_with_errors_tests ......   Passed   12.29 sec
80/81 Test #75: basic_fuzzer ..................................   Passed   12.23 sec
81/81 Test #38: convert_utf8_to_utf16be_with_errors_tests .....   Passed   15.00 sec

100% tests passed, 0 tests failed out of 81

Total Test time (real) =  15.24 sec
>>> simdutf: Entering fakeroot...
-- Install configuration: "Release"
-- Installing: /tmp/pkg/simdutf/usr/bin/sutf
-- Set non-toolchain portion of runtime path of "/tmp/pkg/simdutf/usr/bin/sutf" to ""
-- Installing: /tmp/pkg/simdutf/usr/bin/fastbase64
-- Set non-toolchain portion of runtime path of "/tmp/pkg/simdutf/usr/bin/fastbase64" to ""
-- Installing: /tmp/pkg/simdutf/usr/include/simdutf.h
-- Installing: /tmp/pkg/simdutf/usr/include/simdutf
-- Installing: /tmp/pkg/simdutf/usr/include/simdutf/implementation.h
-- Installing: /tmp/pkg/simdutf/usr/include/simdutf/avx512.h
-- Installing: /tmp/pkg/simdutf/usr/include/simdutf/encoding_types.h
-- Installing: /tmp/pkg/simdutf/usr/include/simdutf/common_defs.h
-- Installing: /tmp/pkg/simdutf/usr/include/simdutf/error.h
-- Installing: /tmp/pkg/simdutf/usr/include/simdutf/portability.h
-- Installing: /tmp/pkg/simdutf/usr/include/simdutf/simdutf_version.h
-- Installing: /tmp/pkg/simdutf/usr/include/simdutf/internal
-- Installing: /tmp/pkg/simdutf/usr/include/simdutf/internal/isadetection.h
-- Installing: /tmp/pkg/simdutf/usr/include/simdutf/compiler_check.h
-- Installing: /tmp/pkg/simdutf/usr/lib/libsimdutf.so.21.0.0
-- Installing: /tmp/pkg/simdutf/usr/lib/libsimdutf.so.21
-- Installing: /tmp/pkg/simdutf/usr/lib/libsimdutf.so
-- Installing: /tmp/pkg/simdutf/usr/lib/cmake/simdutf/simdutf-config.cmake
-- Installing: /tmp/pkg/simdutf/usr/lib/cmake/simdutf/simdutf-config-version.cmake
-- Installing: /tmp/pkg/simdutf/usr/lib/cmake/simdutf/simdutfTargets.cmake
-- Installing: /tmp/pkg/simdutf/usr/lib/cmake/simdutf/simdutfTargets-release.cmake
-- Installing: /tmp/pkg/simdutf/usr/lib/pkgconfig/simdutf.pc
>>> simdutf-dev*: Running split function dev...
'usr/include' -> '/tmp/pkg/simdutf-dev/usr/include'
'usr/lib/pkgconfig' -> '/tmp/pkg/simdutf-dev/usr/lib/pkgconfig'
'usr/lib/cmake' -> '/tmp/pkg/simdutf-dev/usr/lib/cmake'
'usr/lib/libsimdutf.so' -> '/tmp/pkg/simdutf-dev/usr/lib/libsimdutf.so'
>>> simdutf-dev*: Preparing subpackage simdutf-dev...
>>> simdutf-dev*: Stripping binaries
>>> simdutf-dev*: Running postcheck for simdutf-dev
>>> simdutf-doc*: Running split function doc...
'usr/share/licenses' -> '/tmp/pkg/simdutf-doc/usr/share/licenses'
>>> simdutf-doc*: Preparing subpackage simdutf-doc...
>>> simdutf-doc*: Running postcheck for simdutf-doc
>>> fastbase64*: Running split function fastbase64...
'usr/bin/fastbase64' -> '/tmp/pkg/fastbase64/usr/bin/fastbase64'
>>> fastbase64*: Preparing subpackage fastbase64...
>>> fastbase64*: Stripping binaries
>>> fastbase64*: Running postcheck for fastbase64
>>> sutf*: Running split function sutf...
'usr/bin/sutf' -> '/tmp/pkg/sutf/usr/bin/sutf'
>>> sutf*: Preparing subpackage sutf...
>>> sutf*: Stripping binaries
>>> sutf*: Running postcheck for sutf
>>> simdutf*: Running postcheck for simdutf
>>> simdutf*: Preparing package simdutf...
>>> simdutf*: Stripping binaries
>>> fastbase64*: Scanning shared objects
>>> simdutf-dev*: Scanning shared objects
>>> simdutf-doc*: Scanning shared objects
>>> simdutf*: Scanning shared objects
>>> sutf*: Scanning shared objects
>>> fastbase64*: Tracing dependencies...
	so:libc.musl-x86_64.so.1
	so:libgcc_s.so.1
	so:libsimdutf.so.21
>>> fastbase64*: Package size: 1.1 MB
>>> fastbase64*: Compressing data...
>>> fastbase64*: Create checksum...
>>> fastbase64*: Create fastbase64-7.0.0-r1.apk
>>> simdutf-dev*: Tracing dependencies...
	pkgconfig
	simdutf=7.0.0-r1
>>> simdutf-dev*: Package size: 252.6 KB
>>> simdutf-dev*: Compressing data...
>>> simdutf-dev*: Create checksum...
>>> simdutf-dev*: Create simdutf-dev-7.0.0-r1.apk
>>> simdutf-doc*: Tracing dependencies...
>>> simdutf-doc*: Package size: 1.0 KB
>>> simdutf-doc*: Compressing data...
>>> simdutf-doc*: Create checksum...
>>> simdutf-doc*: Create simdutf-doc-7.0.0-r1.apk
>>> simdutf*: Tracing dependencies...
	so:libc.musl-x86_64.so.1
	so:libgcc_s.so.1
	so:libstdc++.so.6
>>> simdutf*: Package size: 598.0 KB
>>> simdutf*: Compressing data...
>>> simdutf*: Create checksum...
>>> simdutf*: Create simdutf-7.0.0-r1.apk
>>> sutf*: Tracing dependencies...
	so:libc.musl-x86_64.so.1
	so:libgcc_s.so.1
	so:libsimdutf.so.21
>>> sutf*: Package size: 1.5 MB
>>> sutf*: Compressing data...
>>> sutf*: Create checksum...
>>> sutf*: Create sutf-7.0.0-r1.apk
>>> simdutf: Updating the main/x86_64 repository index...
>>> simdutf: Signing the index...
>>> simdutf: Cleaning up srcdir
>>> simdutf: Cleaning up build chroot
>>> simdutf: Cleaning up pkgdir
