>>> perl-namespace-clean: Validating /home/packager/oily-pine/main/perl-namespace-clean/APKBUILD...
>>> perl-namespace-clean: Cleaning up srcdir
>>> perl-namespace-clean: Cleaning up pkgdir
>>> perl-namespace-clean: Cleaning up tmpdir
>>> perl-namespace-clean: Fetching https://cpan.metacpan.org/authors/id/R/RI/RIBASUSHI/namespace-clean-0.27.tar.gz
  % Total    % Received % Xferd  Average Speed   Time    Time     Time  Current
                                 Dload  Upload   Total   Spent    Left  Speed
  0     0    0     0    0     0      0      0 --:--:-- --:--:-- --:--:--     0100 17801  100 17801    0     0   118k      0 --:--:-- --:--:-- --:--:--  119k
>>> perl-namespace-clean: Fetching https://cpan.metacpan.org/authors/id/R/RI/RIBASUSHI/namespace-clean-0.27.tar.gz
>>> perl-namespace-clean: Checking sha512sums...
namespace-clean-0.27.tar.gz: OK
>>> perl-namespace-clean: Preparing build chroot...
fetch http://dl-cdn.alpinelinux.org/alpine/edge/main/x86_64/APKINDEX.tar.gz
(1/82) Installing musl (1.2.5-r10)
(2/82) Installing libcrypto3 (3.5.0-r0)
(3/82) Installing ca-certificates-bundle (20241121-r2)
(4/82) Installing libssl3 (3.5.0-r0)
(5/82) Installing zlib (1.3.1-r2)
(6/82) Installing libapk2 (2.14.9-r2)
(7/82) Installing apk-tools (2.14.9-r2)
(8/82) Installing libcap2 (2.76-r0)
(9/82) Installing libcap-getcap (2.76-r0)
(10/82) Installing fakeroot (1.37.1.1-r0)
(11/82) Installing scanelf (1.3.8-r1)
(12/82) Installing musl-utils (1.2.5-r10)
(13/82) Installing libgcc (14.3.0-r1)
(14/82) Installing libstdc++ (14.3.0-r1)
(15/82) Installing lzip (1.25-r0)
(16/82) Installing openssl (3.5.0-r0)
(17/82) Installing patch (2.8-r0)
(18/82) Installing pkgconf (2.4.3-r0)
(19/82) Installing acl-libs (2.3.2-r1)
(20/82) Installing tar (1.35-r3)
(21/82) Installing busybox (1.37.0-r18)
Executing busybox-1.37.0-r18.post-install
(22/82) Installing ssl_client (1.37.0-r18)
(23/82) Installing busybox-binsh (1.37.0-r18)
(24/82) Installing abuild (3.15.0-r0)
Executing abuild-3.15.0-r0.pre-install
(25/82) Installing abuild-sudo (3.15.0-r0)
(26/82) Installing alpine-baselayout-data (3.7.0-r0)
(27/82) Installing alpine-baselayout (3.7.0-r0)
Executing alpine-baselayout-3.7.0-r0.pre-install
Executing alpine-baselayout-3.7.0-r0.post-install
(28/82) Installing bridge (1.5-r5)
(29/82) Installing ifupdown-ng (0.12.1-r7)
(30/82) Installing openrc-user (0.62.2-r2)
(31/82) Installing openrc (0.62.2-r2)
Executing openrc-0.62.2-r2.post-install
(32/82) Installing mdev-conf (4.8-r0)
(33/82) Installing busybox-mdev-openrc (1.37.0-r18)
(34/82) Installing alpine-conf (3.20.0-r0)
(35/82) Installing alpine-keys (2.5-r0)
(36/82) Installing alpine-release (3.22.0-r0)
(37/82) Installing busybox-openrc (1.37.0-r18)
(38/82) Installing busybox-suid (1.37.0-r18)
(39/82) Installing alpine-base (3.22.0-r0)
(40/82) Installing jansson (2.14.1-r0)
(41/82) Installing zstd-libs (1.5.7-r0)
(42/82) Installing binutils (2.44-r0)
(43/82) Installing libmagic (5.46-r2)
(44/82) Installing file (5.46-r2)
(45/82) Installing libgomp (14.3.0-r1)
(46/82) Installing libatomic (14.3.0-r1)
(47/82) Installing gmp (6.3.0-r3)
(48/82) Installing isl26 (0.26-r1)
(49/82) Installing mpfr4 (4.2.1_p1-r0)
(50/82) Installing mpc1 (1.3.1-r1)
(51/82) Installing gcc (14.3.0-r1)
(52/82) Installing libstdc++-dev (14.3.0-r1)
(53/82) Installing musl-dev (1.2.5-r10)
(54/82) Installing g++ (14.3.0-r1)
(55/82) Installing make (4.4.1-r3)
(56/82) Installing fortify-headers (1.1-r5)
(57/82) Installing build-base (0.5-r3)
(58/82) Installing brotli-libs (1.1.0-r2)
(59/82) Installing c-ares (1.34.5-r0)
(60/82) Installing libunistring (1.3-r0)
(61/82) Installing libidn2 (2.3.7-r0)
(62/82) Installing nghttp2-libs (1.65.0-r0)
(63/82) Installing libpsl (0.21.5-r3)
(64/82) Installing libcurl (8.14.0-r2)
(65/82) Installing libexpat (2.7.1-r0)
(66/82) Installing pcre2 (10.43-r1)
(67/82) Installing git (2.49.0-r0)
(68/82) Installing git-init-template (2.49.0-r0)
(69/82) Installing libbz2 (1.0.8-r6)
(70/82) Installing perl (5.40.2-r0)
(71/82) Installing perl-error (0.17030-r0)
(72/82) Installing perl-git (2.49.0-r0)
(73/82) Installing git-perl (2.49.0-r0)
(74/82) Installing perl-sub-exporter-progressive (0.001013-r4)
(75/82) Installing perl-module-runtime (0.016-r6)
(76/82) Installing perl-try-tiny (0.32-r0)
(77/82) Installing perl-module-implementation (0.09-r5)
(78/82) Installing perl-b-hooks-endofscope (0.28-r0)
(79/82) Installing perl-utils (5.40.2-r0)
(80/82) Installing perl-dev (5.40.2-r0)
(81/82) Installing perl-dist-checkconflicts (0.11-r4)
(82/82) Installing perl-package-stash (0.40-r1)
Executing busybox-1.37.0-r18.trigger
OK: 306 MiB in 82 packages
>>> perl-namespace-clean: Fetching https://cpan.metacpan.org/authors/id/R/RI/RIBASUSHI/namespace-clean-0.27.tar.gz
>>> perl-namespace-clean: Checking sha512sums...
namespace-clean-0.27.tar.gz: OK
>>> perl-namespace-clean: Unpacking /var/cache/distfiles/namespace-clean-0.27.tar.gz...
Checking if your kit is complete...
Looks good
Generating a Unix-style Makefile
Writing Makefile for namespace::clean
Writing MYMETA.yml and MYMETA.json
cp lib/namespace/clean.pm blib/lib/namespace/clean.pm
cp lib/namespace/clean/_Util.pm blib/lib/namespace/clean/_Util.pm
Manifying 1 pod document
PERL_DL_NONLAZY=1 "/usr/bin/perl" "-MExtUtils::Command::MM" "-MTest::Harness" "-e" "undef *Test::Harness::Switches; test_harness(0, 'blib/lib', 'blib/arch')" t/*.t
t/00-basic.t ................ ok
t/01-function-wipeout.t ..... ok
t/02-inheritance.t .......... ok
t/03-unimport.t ............. ok
t/04-except.t ............... ok
t/05-explicit-cleanee.t ..... ok
t/05-syntax-error.t ......... ok
t/06-other-types.t .......... ok
t/07-debugger.t ............. ok
t/07-pseudo-debugger.t ...... ok
t/08-const-sub.t ............ ok
t/09-fiddle-hinthash.t ...... ok
t/10-pure-perl.t ............ skipped: PP tests already executed
t/11-multiclean-in-scope.t .. ok
All tests successful.
Files=14, Tests=2099,  1 wallclock secs ( 0.07 usr  0.01 sys +  0.66 cusr  0.09 csys =  0.83 CPU)
Result: PASS
>>> perl-namespace-clean: Entering fakeroot...
Manifying 1 pod document
Appending installation info to /tmp/pkg/perl-namespace-clean/usr/lib/perl5/core_perl/perllocal.pod
Installing /tmp/pkg/perl-namespace-clean/usr/share/perl5/vendor_perl/namespace/clean.pm
Installing /tmp/pkg/perl-namespace-clean/usr/share/perl5/vendor_perl/namespace/clean/_Util.pm
Installing /tmp/pkg/perl-namespace-clean/usr/share/man/man3/namespace::clean.3pm
>>> perl-namespace-clean-doc*: Running split function doc...
'usr/share/man' -> '/tmp/pkg/perl-namespace-clean-doc/usr/share/man'
>>> perl-namespace-clean-doc*: Preparing subpackage perl-namespace-clean-doc...
>>> perl-namespace-clean-doc*: Running postcheck for perl-namespace-clean-doc
>>> perl-namespace-clean*: Running postcheck for perl-namespace-clean
>>> perl-namespace-clean*: Preparing package perl-namespace-clean...
>>> perl-namespace-clean-doc*: Tracing dependencies...
>>> perl-namespace-clean-doc*: Package size: 3.6 KB
>>> perl-namespace-clean-doc*: Compressing data...
>>> perl-namespace-clean-doc*: Create checksum...
>>> perl-namespace-clean-doc*: Create perl-namespace-clean-doc-0.27-r4.apk
>>> perl-namespace-clean*: Tracing dependencies...
	perl
	perl-package-stash
	perl-b-hooks-endofscope
>>> perl-namespace-clean*: Package size: 15.7 KB
>>> perl-namespace-clean*: Compressing data...
>>> perl-namespace-clean*: Create checksum...
>>> perl-namespace-clean*: Create perl-namespace-clean-0.27-r4.apk
>>> perl-namespace-clean: Updating the main/x86_64 repository index...
>>> perl-namespace-clean: Signing the index...
>>> perl-namespace-clean: Cleaning up srcdir
>>> perl-namespace-clean: Cleaning up build chroot
>>> perl-namespace-clean: Cleaning up pkgdir
