>>> perl-cpanel-json-xs: Validating /home/packager/oily-pine/main/perl-cpanel-json-xs/APKBUILD...
>>> perl-cpanel-json-xs: Cleaning up srcdir
>>> perl-cpanel-json-xs: Cleaning up pkgdir
>>> perl-cpanel-json-xs: Cleaning up tmpdir
>>> perl-cpanel-json-xs: Fetching https://cpan.metacpan.org/authors/id/R/RU/RURBAN/Cpanel-JSON-XS-4.39.tar.gz
  % Total    % Received % Xferd  Average Speed   Time    Time     Time  Current
                                 Dload  Upload   Total   Spent    Left  Speed
  0     0    0     0    0     0      0      0 --:--:-- --:--:-- --:--:--     0100  254k  100  254k    0     0   713k      0 --:--:-- --:--:-- --:--:--  713k
>>> perl-cpanel-json-xs: Fetching https://cpan.metacpan.org/authors/id/R/RU/RURBAN/Cpanel-JSON-XS-4.39.tar.gz
>>> perl-cpanel-json-xs: Checking sha512sums...
Cpanel-JSON-XS-4.39.tar.gz: OK
>>> perl-cpanel-json-xs: Preparing build chroot...
fetch http://dl-cdn.alpinelinux.org/alpine/edge/main/x86_64/APKINDEX.tar.gz
(1/75) Installing musl (1.2.5-r10)
(2/75) Installing libcrypto3 (3.5.0-r0)
(3/75) Installing ca-certificates-bundle (20241121-r2)
(4/75) Installing libssl3 (3.5.0-r0)
(5/75) Installing zlib (1.3.1-r2)
(6/75) Installing libapk2 (2.14.9-r2)
(7/75) Installing apk-tools (2.14.9-r2)
(8/75) Installing libcap2 (2.76-r0)
(9/75) Installing libcap-getcap (2.76-r0)
(10/75) Installing fakeroot (1.37.1.1-r0)
(11/75) Installing scanelf (1.3.8-r1)
(12/75) Installing musl-utils (1.2.5-r10)
(13/75) Installing libgcc (14.3.0-r0)
(14/75) Installing libstdc++ (14.3.0-r0)
(15/75) Installing lzip (1.25-r0)
(16/75) Installing openssl (3.5.0-r0)
(17/75) Installing patch (2.8-r0)
(18/75) Installing pkgconf (2.4.3-r0)
(19/75) Installing acl-libs (2.3.2-r1)
(20/75) Installing tar (1.35-r3)
(21/75) Installing busybox (1.37.0-r18)
Executing busybox-1.37.0-r18.post-install
(22/75) Installing ssl_client (1.37.0-r18)
(23/75) Installing busybox-binsh (1.37.0-r18)
(24/75) Installing abuild (3.15.0-r0)
Executing abuild-3.15.0-r0.pre-install
(25/75) Installing abuild-sudo (3.15.0-r0)
(26/75) Installing alpine-baselayout-data (3.7.0-r0)
(27/75) Installing alpine-baselayout (3.7.0-r0)
Executing alpine-baselayout-3.7.0-r0.pre-install
Executing alpine-baselayout-3.7.0-r0.post-install
(28/75) Installing bridge (1.5-r5)
(29/75) Installing ifupdown-ng (0.12.1-r7)
(30/75) Installing openrc-user (0.62.2-r2)
(31/75) Installing openrc (0.62.2-r2)
Executing openrc-0.62.2-r2.post-install
(32/75) Installing mdev-conf (4.8-r0)
(33/75) Installing busybox-mdev-openrc (1.37.0-r18)
(34/75) Installing alpine-conf (3.20.0-r0)
(35/75) Installing alpine-keys (2.5-r0)
(36/75) Installing alpine-release (3.22.0-r0)
(37/75) Installing busybox-openrc (1.37.0-r18)
(38/75) Installing busybox-suid (1.37.0-r18)
(39/75) Installing alpine-base (3.22.0-r0)
(40/75) Installing jansson (2.14.1-r0)
(41/75) Installing zstd-libs (1.5.7-r0)
(42/75) Installing binutils (2.44-r0)
(43/75) Installing libmagic (5.46-r2)
(44/75) Installing file (5.46-r2)
(45/75) Installing libgomp (14.3.0-r0)
(46/75) Installing libatomic (14.3.0-r0)
(47/75) Installing gmp (6.3.0-r3)
(48/75) Installing isl26 (0.26-r1)
(49/75) Installing mpfr4 (4.2.1_p1-r0)
(50/75) Installing mpc1 (1.3.1-r1)
(51/75) Installing gcc (14.3.0-r0)
(52/75) Installing libstdc++-dev (14.3.0-r0)
(53/75) Installing musl-dev (1.2.5-r10)
(54/75) Installing g++ (14.3.0-r0)
(55/75) Installing make (4.4.1-r3)
(56/75) Installing fortify-headers (1.1-r5)
(57/75) Installing build-base (0.5-r3)
(58/75) Installing brotli-libs (1.1.0-r2)
(59/75) Installing c-ares (1.34.5-r0)
(60/75) Installing libunistring (1.3-r0)
(61/75) Installing libidn2 (2.3.7-r0)
(62/75) Installing nghttp2-libs (1.65.0-r0)
(63/75) Installing libpsl (0.21.5-r3)
(64/75) Installing libcurl (8.14.0-r2)
(65/75) Installing libexpat (2.7.1-r0)
(66/75) Installing pcre2 (10.43-r1)
(67/75) Installing git (2.49.0-r0)
(68/75) Installing git-init-template (2.49.0-r0)
(69/75) Installing libbz2 (1.0.8-r6)
(70/75) Installing perl (5.40.2-r0)
(71/75) Installing perl-error (0.17030-r0)
(72/75) Installing perl-git (2.49.0-r0)
(73/75) Installing git-perl (2.49.0-r0)
(74/75) Installing perl-utils (5.40.2-r0)
(75/75) Installing perl-dev (5.40.2-r0)
Executing busybox-1.37.0-r18.trigger
OK: 305 MiB in 75 packages
>>> perl-cpanel-json-xs: Fetching https://cpan.metacpan.org/authors/id/R/RU/RURBAN/Cpanel-JSON-XS-4.39.tar.gz
>>> perl-cpanel-json-xs: Checking sha512sums...
Cpanel-JSON-XS-4.39.tar.gz: OK
>>> perl-cpanel-json-xs: Unpacking /var/cache/distfiles/Cpanel-JSON-XS-4.39.tar.gz...
Checking if your kit is complete...
Looks good
Generating a Unix-style Makefile
Writing Makefile for Cpanel::JSON::XS
Writing MYMETA.yml and MYMETA.json
Running Mkbootstrap for XS ()
"/usr/bin/perl" "/usr/share/perl5/core_perl/ExtUtils/xsubpp"  -typemap '/usr/share/perl5/core_perl/ExtUtils/typemap' -typemap '/tmp/src/Cpanel-JSON-XS-4.39/typemap'  XS.xs > XS.xsc
chmod 644 "XS.bs"
"/usr/bin/perl" -MExtUtils::Command::MM -e 'cp_nonempty' -- XS.bs blib/arch/auto/Cpanel/JSON/XS/XS.bs 644
cp XS/Boolean.pm blib/lib/Cpanel/JSON/XS/Boolean.pm
cp XS/Type.pm blib/lib/Cpanel/JSON/XS/Type.pm
cp XS.pm blib/lib/Cpanel/JSON/XS.pm
mv XS.xsc XS.c
cc -c   -D_REENTRANT -D_GNU_SOURCE -D_GNU_SOURCE -fwrapv -fno-strict-aliasing -pipe -fstack-protector-strong -D_LARGEFILE_SOURCE -D_FILE_OFFSET_BITS=64 -Os -fstack-clash-protection -Wformat -Werror=format-security -fno-plt -O2   -DVERSION=\"4.39\" -DXS_VERSION=\"4.39\" -fPIC "-I/usr/lib/perl5/core_perl/CORE"  -Wall -Wextra -W XS.c
rm -f blib/arch/auto/Cpanel/JSON/XS/XS.so
cc  -shared -Os -fstack-clash-protection -Wformat -Werror=format-security -fno-plt -O2 -L/usr/local/lib -fstack-protector-strong  XS.o  -o blib/arch/auto/Cpanel/JSON/XS/XS.so  \
      \
  
chmod 755 blib/arch/auto/Cpanel/JSON/XS/XS.so
cp bin/cpanel_json_xs blib/script/cpanel_json_xs
"/usr/bin/perl" -MExtUtils::MY -e 'MY->fixin(shift)' -- blib/script/cpanel_json_xs
Manifying 1 pod document
Manifying 3 pod documents
"/usr/bin/perl" -MExtUtils::Command::MM -e 'cp_nonempty' -- XS.bs blib/arch/auto/Cpanel/JSON/XS/XS.bs 644
PERL_DL_NONLAZY=1 "/usr/bin/perl" "-MExtUtils::Command::MM" "-MTest::Harness" "-e" "undef *Test::Harness::Switches; test_harness(0, 'blib/lib', 'blib/arch')" t/*.t
t/00_load.t ................ ok
t/01_utf8.t ................ ok
t/02_error.t ............... ok
t/03_types.t ............... ok
t/04_dwiw_encode.t ......... ok
t/05_dwiw_decode.t ......... ok
t/06_pc_pretty.t ........... ok
t/07_pc_esc.t .............. ok
t/08_pc_base.t ............. ok
t/08_pc_base_nv.t .......... ok
t/09_pc_extra_number.t ..... ok
t/104_sortby.t ............. ok
t/105_esc_slash.t .......... ok
t/106_allow_barekey.t ...... ok
t/107_allow_singlequote.t .. ok
t/108_decode.t ............. ok
t/109_encode.t ............. ok
t/10_pc_keysort.t .......... ok
t/110_bignum.t ............. ok
t/112_upgrade.t ............ ok
t/113_overloaded_eq.t ...... ok
t/114_decode_prefix.t ...... ok
t/115_tie_ixhash.t ......... ok
t/116_incr_parse_fixed.t ... ok
t/117_numbers.t ............ ok
t/118_type.t ............... ok
t/119_type_decode.t ........ ok
t/11_pc_expo.t ............. ok
t/120_type_all_string.t .... ok
t/121_memleak.t ............ ok
t/125_shared_boolean.t ..... ok
t/12_blessed.t ............. ok
t/13_limit.t ............... ok
t/14_latin1.t .............. ok
t/15_prefix.t .............. ok
t/16_tied.t ................ ok
t/17_relaxed.t ............. ok
t/18_json_checker.t ........ ok
t/19_incr.t ................ ok
t/20_faihu.t ............... ok
t/20_unknown.t ............. ok
t/21_evans.t ............... ok
t/22_comment_at_eof.t ...... ok
t/23_array_ctx.t ........... ok
t/24_freeze_recursion.t .... ok
t/25_boolean.t ............. ok
t/26_duplicate.t ........... ok
t/30_jsonspec.t ............ ok
t/31_bom.t ................. ok
t/52_object.t .............. ok
t/53_readonly.t ............ ok
t/54_stringify.t ........... skipped: JSON 2.09 required for cross testing
t/55_modifiable.t .......... ok
t/96_interop.t ............. skipped: JSON required for testing interop
t/96_interop_pp.t .......... ok
t/96_mojo.t ................ skipped: Mojo::JSON required for testing interop
t/97_unshare_hek.t ......... ok
t/98_56only.t .............. ok
t/99_binary.t .............. ok
t/zero-mojibake.t .......... ok
All tests successful.
Files=60, Tests=2851,  2 wallclock secs ( 0.11 usr  0.03 sys +  1.84 cusr  0.38 csys =  2.36 CPU)
Result: PASS
>>> perl-cpanel-json-xs: Entering fakeroot...
"/usr/bin/perl" -MExtUtils::Command::MM -e 'cp_nonempty' -- XS.bs blib/arch/auto/Cpanel/JSON/XS/XS.bs 644
Manifying 1 pod document
Manifying 3 pod documents
Files found in blib/arch: installing files in blib/lib into architecture dependent library tree
Installing /tmp/pkg/perl-cpanel-json-xs/usr/lib/perl5/vendor_perl/auto/Cpanel/JSON/XS/XS.so
Installing /tmp/pkg/perl-cpanel-json-xs/usr/lib/perl5/vendor_perl/Cpanel/JSON/XS.pm
Installing /tmp/pkg/perl-cpanel-json-xs/usr/lib/perl5/vendor_perl/Cpanel/JSON/XS/Type.pm
Installing /tmp/pkg/perl-cpanel-json-xs/usr/lib/perl5/vendor_perl/Cpanel/JSON/XS/Boolean.pm
Installing /tmp/pkg/perl-cpanel-json-xs/usr/share/man/man1/cpanel_json_xs.1
Installing /tmp/pkg/perl-cpanel-json-xs/usr/share/man/man3/Cpanel::JSON::XS::Boolean.3pm
Installing /tmp/pkg/perl-cpanel-json-xs/usr/share/man/man3/Cpanel::JSON::XS::Type.3pm
Installing /tmp/pkg/perl-cpanel-json-xs/usr/share/man/man3/Cpanel::JSON::XS.3pm
Installing /tmp/pkg/perl-cpanel-json-xs/usr/bin/cpanel_json_xs
>>> perl-cpanel-json-xs-doc*: Running split function doc...
'usr/share/man' -> '/tmp/pkg/perl-cpanel-json-xs-doc/usr/share/man'
>>> perl-cpanel-json-xs-doc*: Preparing subpackage perl-cpanel-json-xs-doc...
>>> perl-cpanel-json-xs-doc*: Running postcheck for perl-cpanel-json-xs-doc
>>> perl-cpanel-json-xs*: Running postcheck for perl-cpanel-json-xs
>>> perl-cpanel-json-xs*: Preparing package perl-cpanel-json-xs...
>>> perl-cpanel-json-xs*: Stripping binaries
>>> perl-cpanel-json-xs-doc*: Scanning shared objects
>>> perl-cpanel-json-xs*: Scanning shared objects
>>> perl-cpanel-json-xs-doc*: Tracing dependencies...
>>> perl-cpanel-json-xs-doc*: Package size: 40.5 KB
>>> perl-cpanel-json-xs-doc*: Compressing data...
>>> perl-cpanel-json-xs-doc*: Create checksum...
>>> perl-cpanel-json-xs-doc*: Create perl-cpanel-json-xs-doc-4.39-r0.apk
>>> perl-cpanel-json-xs*: Tracing dependencies...
	perl
	so:libc.musl-x86_64.so.1
>>> perl-cpanel-json-xs*: Package size: 200.8 KB
>>> perl-cpanel-json-xs*: Compressing data...
>>> perl-cpanel-json-xs*: Create checksum...
>>> perl-cpanel-json-xs*: Create perl-cpanel-json-xs-4.39-r0.apk
>>> perl-cpanel-json-xs: Updating the main/x86_64 repository index...
>>> perl-cpanel-json-xs: Signing the index...
>>> perl-cpanel-json-xs: Cleaning up srcdir
>>> perl-cpanel-json-xs: Cleaning up build chroot
>>> perl-cpanel-json-xs: Cleaning up pkgdir
