>>> perl-dbix-searchbuilder: Validating /home/packager/oily-pine/main/perl-dbix-searchbuilder/APKBUILD...
>>> perl-dbix-searchbuilder: Cleaning up srcdir
>>> perl-dbix-searchbuilder: Cleaning up pkgdir
>>> perl-dbix-searchbuilder: Cleaning up tmpdir
>>> perl-dbix-searchbuilder: Fetching https://cpan.metacpan.org/authors/id/B/BP/BPS/DBIx-SearchBuilder-1.82.tar.gz
  % Total    % Received % Xferd  Average Speed   Time    Time     Time  Current
                                 Dload  Upload   Total   Spent    Left  Speed
  0     0    0     0    0     0      0      0 --:--:-- --:--:-- --:--:--     0  0     0    0     0    0     0      0      0 --:--:-- --:--:-- --:--:--     0100  128k  100  128k    0     0   312k      0 --:--:-- --:--:-- --:--:--  312k
>>> perl-dbix-searchbuilder: Fetching https://cpan.metacpan.org/authors/id/B/BP/BPS/DBIx-SearchBuilder-1.82.tar.gz
>>> perl-dbix-searchbuilder: Checking sha512sums...
DBIx-SearchBuilder-1.82.tar.gz: OK
>>> perl-dbix-searchbuilder: Preparing build chroot...
fetch http://dl-cdn.alpinelinux.org/alpine/edge/main/x86_64/APKINDEX.tar.gz
(1/83) Installing musl (1.2.5-r10)
(2/83) Installing libcrypto3 (3.5.0-r0)
(3/83) Installing ca-certificates-bundle (20241121-r2)
(4/83) Installing libssl3 (3.5.0-r0)
(5/83) Installing zlib (1.3.1-r2)
(6/83) Installing libapk2 (2.14.9-r2)
(7/83) Installing apk-tools (2.14.9-r2)
(8/83) Installing libcap2 (2.76-r0)
(9/83) Installing libcap-getcap (2.76-r0)
(10/83) Installing fakeroot (1.37.1.1-r0)
(11/83) Installing scanelf (1.3.8-r1)
(12/83) Installing musl-utils (1.2.5-r10)
(13/83) Installing libgcc (14.3.0-r1)
(14/83) Installing libstdc++ (14.3.0-r1)
(15/83) Installing lzip (1.25-r0)
(16/83) Installing openssl (3.5.0-r0)
(17/83) Installing patch (2.8-r0)
(18/83) Installing pkgconf (2.4.3-r0)
(19/83) Installing acl-libs (2.3.2-r1)
(20/83) Installing tar (1.35-r3)
(21/83) Installing busybox (1.37.0-r18)
Executing busybox-1.37.0-r18.post-install
(22/83) Installing ssl_client (1.37.0-r18)
(23/83) Installing busybox-binsh (1.37.0-r18)
(24/83) Installing abuild (3.15.0-r0)
Executing abuild-3.15.0-r0.pre-install
(25/83) Installing abuild-sudo (3.15.0-r0)
(26/83) Installing alpine-baselayout-data (3.7.0-r0)
(27/83) Installing alpine-baselayout (3.7.0-r0)
Executing alpine-baselayout-3.7.0-r0.pre-install
Executing alpine-baselayout-3.7.0-r0.post-install
(28/83) Installing bridge (1.5-r5)
(29/83) Installing ifupdown-ng (0.12.1-r7)
(30/83) Installing openrc-user (0.62.2-r2)
(31/83) Installing openrc (0.62.2-r2)
Executing openrc-0.62.2-r2.post-install
(32/83) Installing mdev-conf (4.8-r0)
(33/83) Installing busybox-mdev-openrc (1.37.0-r18)
(34/83) Installing alpine-conf (3.20.0-r0)
(35/83) Installing alpine-keys (2.5-r0)
(36/83) Installing alpine-release (3.22.0-r0)
(37/83) Installing busybox-openrc (1.37.0-r18)
(38/83) Installing busybox-suid (1.37.0-r18)
(39/83) Installing alpine-base (3.22.0-r0)
(40/83) Installing jansson (2.14.1-r0)
(41/83) Installing zstd-libs (1.5.7-r0)
(42/83) Installing binutils (2.44-r0)
(43/83) Installing libmagic (5.46-r2)
(44/83) Installing file (5.46-r2)
(45/83) Installing libgomp (14.3.0-r1)
(46/83) Installing libatomic (14.3.0-r1)
(47/83) Installing gmp (6.3.0-r3)
(48/83) Installing isl26 (0.26-r1)
(49/83) Installing mpfr4 (4.2.1_p1-r0)
(50/83) Installing mpc1 (1.3.1-r1)
(51/83) Installing gcc (14.3.0-r1)
(52/83) Installing libstdc++-dev (14.3.0-r1)
(53/83) Installing musl-dev (1.2.5-r10)
(54/83) Installing g++ (14.3.0-r1)
(55/83) Installing make (4.4.1-r3)
(56/83) Installing fortify-headers (1.1-r5)
(57/83) Installing build-base (0.5-r3)
(58/83) Installing brotli-libs (1.1.0-r2)
(59/83) Installing c-ares (1.34.5-r0)
(60/83) Installing libunistring (1.3-r0)
(61/83) Installing libidn2 (2.3.7-r0)
(62/83) Installing nghttp2-libs (1.65.0-r0)
(63/83) Installing libpsl (0.21.5-r3)
(64/83) Installing libcurl (8.14.0-r2)
(65/83) Installing libexpat (2.7.1-r0)
(66/83) Installing pcre2 (10.43-r1)
(67/83) Installing git (2.49.0-r0)
(68/83) Installing git-init-template (2.49.0-r0)
(69/83) Installing libbz2 (1.0.8-r6)
(70/83) Installing perl (5.40.2-r0)
(71/83) Installing perl-error (0.17030-r0)
(72/83) Installing perl-git (2.49.0-r0)
(73/83) Installing git-perl (2.49.0-r0)
(74/83) Installing perl-cache-simple-timedexpiry (0.27-r5)
(75/83) Installing perl-class-accessor (0.51-r4)
(76/83) Installing perl-devel-stacktrace (2.05-r0)
(77/83) Installing perl-class-returnvalue (0.55-r5)
(78/83) Installing perl-clone (0.47-r0)
(79/83) Installing perl-dbi (1.647-r0)
(80/83) Installing sqlite-libs (3.50.0-r0)
(81/83) Installing perl-dbd-sqlite (1.76-r0)
(82/83) Installing perl-dbix-dbschema (0.47-r2)
(83/83) Installing perl-want (0.29-r11)
Executing busybox-1.37.0-r18.trigger
OK: 300 MiB in 83 packages
>>> perl-dbix-searchbuilder: Fetching https://cpan.metacpan.org/authors/id/B/BP/BPS/DBIx-SearchBuilder-1.82.tar.gz
>>> perl-dbix-searchbuilder: Checking sha512sums...
DBIx-SearchBuilder-1.82.tar.gz: OK
>>> perl-dbix-searchbuilder: Unpacking /var/cache/distfiles/DBIx-SearchBuilder-1.82.tar.gz...
Cannot determine perl version info from lib/DBIx/SearchBuilder.pm
*** Module::AutoInstall version 1.21
*** Checking for Perl dependencies...
[Core Features]
- Test::More                 ...loaded. (1.302199 >= 0.52)
- DBD::SQLite                ...loaded. (1.76 >= 1.6)
- File::Temp                 ...loaded. (0.2311)
- DBI                        ...loaded. (1.647)
- Want                       ...loaded. (0.29)
- Encode                     ...loaded. (3.21 >= 1.99)
- Class::ReturnValue         ...loaded. (0.55 >= 0.4)
- Cache::Simple::TimedExpiry ...loaded. (0.27 >= 0.21)
- Clone                      ...loaded. (0.47)
- Scalar::Util               ...loaded. (1.63)
[Lower case API]
- capitalization             ...missing. (would need 0.03)
==> Auto-install the 1 optional module(s) from CPAN? [n] n
[Schema generation]
- DBIx::DBSchema             ...loaded. (0.47)
- Class::Accessor            ...loaded. (0.51)
*** Module::AutoInstall configuration finished.
Checking if your kit is complete...
Looks good
Generating a Unix-style Makefile
Writing Makefile for DBIx::SearchBuilder
Writing MYMETA.yml and MYMETA.json
cp lib/DBIx/SearchBuilder/Record.pm blib/lib/DBIx/SearchBuilder/Record.pm
cp lib/DBIx/SearchBuilder/Handle/SQLite.pm blib/lib/DBIx/SearchBuilder/Handle/SQLite.pm
cp lib/DBIx/SearchBuilder/SchemaGenerator.pm blib/lib/DBIx/SearchBuilder/SchemaGenerator.pm
cp lib/DBIx/SearchBuilder/Handle/Oracle.pm blib/lib/DBIx/SearchBuilder/Handle/Oracle.pm
cp lib/DBIx/SearchBuilder/Handle.pm blib/lib/DBIx/SearchBuilder/Handle.pm
cp lib/DBIx/SearchBuilder/Handle/Sybase.pm blib/lib/DBIx/SearchBuilder/Handle/Sybase.pm
cp lib/DBIx/SearchBuilder/Util.pm blib/lib/DBIx/SearchBuilder/Util.pm
cp lib/DBIx/SearchBuilder.pm blib/lib/DBIx/SearchBuilder.pm
cp lib/DBIx/SearchBuilder/Handle/mysql.pm blib/lib/DBIx/SearchBuilder/Handle/mysql.pm
cp lib/DBIx/SearchBuilder/Handle/Informix.pm blib/lib/DBIx/SearchBuilder/Handle/Informix.pm
cp lib/DBIx/SearchBuilder/Handle/MariaDB.pm blib/lib/DBIx/SearchBuilder/Handle/MariaDB.pm
cp lib/DBIx/SearchBuilder/Union.pm blib/lib/DBIx/SearchBuilder/Union.pm
cp lib/DBIx/SearchBuilder/Unique.pm blib/lib/DBIx/SearchBuilder/Unique.pm
cp lib/DBIx/SearchBuilder/Handle/mysqlPP.pm blib/lib/DBIx/SearchBuilder/Handle/mysqlPP.pm
cp lib/DBIx/SearchBuilder/Handle/Pg.pm blib/lib/DBIx/SearchBuilder/Handle/Pg.pm
cp lib/DBIx/SearchBuilder/Handle/ODBC.pm blib/lib/DBIx/SearchBuilder/Handle/ODBC.pm
cp lib/DBIx/SearchBuilder/Record/Cachable.pm blib/lib/DBIx/SearchBuilder/Record/Cachable.pm
Manifying 17 pod documents
PERL_DL_NONLAZY=1 "/usr/bin/perl" "-MExtUtils::Command::MM" "-MTest::Harness" "-e" "undef *Test::Harness::Switches; test_harness(0, 'inc', 'blib/lib', 'blib/arch')" t/00.load.t t/01basics.t t/01nocap_api.t t/01records.t t/01searches.t t/02distinct_values.t t/02null_order.t t/02order.t t/02records_cachable.t t/02records_datetime.t t/02records_dt_interval.t t/02records_integers.t t/02records_object.t t/02searches_function.t t/02searches_joins.t t/03compatibility.t t/03cud_from_select.t t/03rebless.t t/03searches_bind.t t/03searches_combine.t t/03transactions.t t/03versions.t t/04mysql_identifier_quoting.t t/10schema.t t/11schema_records.t t/20set_edge_cases.t t/pod.t
t/00.load.t ..................... ok
t/01basics.t .................... ok
t/01nocap_api.t ................. skipped: Devel::Symdump is not installed
# Running tests for SQLite
t/01records.t ................... ok
t/01searches.t .................. ok
t/02distinct_values.t ........... ok
t/02null_order.t ................ ok
t/02order.t ..................... ok
t/02records_cachable.t .......... ok
t/02records_datetime.t .......... ok
t/02records_dt_interval.t ....... ok
t/02records_integers.t .......... ok
t/02records_object.t ............ ok
t/02searches_function.t ......... ok
t/02searches_joins.t ............ ok
t/03compatibility.t ............. ok
t/03cud_from_select.t ........... ok
t/03rebless.t ................... ok
t/03searches_bind.t ............. ok
t/03searches_combine.t .......... ok
t/03transactions.t .............. ok
t/03versions.t .................. ok
t/04mysql_identifier_quoting.t .. ok
t/10schema.t .................... ok
t/11schema_records.t ............ ok
t/20set_edge_cases.t ............ ok
t/pod.t ......................... skipped: Test::Pod 1.00 required for testing POD
All tests successful.
Files=27, Tests=1076,  2 wallclock secs ( 0.04 usr  0.02 sys +  1.69 cusr  0.34 csys =  2.09 CPU)
Result: PASS
>>> perl-dbix-searchbuilder: Entering fakeroot...
Manifying 17 pod documents
Installing /tmp/pkg/perl-dbix-searchbuilder/usr/share/perl5/vendor_perl/DBIx/SearchBuilder.pm
Installing /tmp/pkg/perl-dbix-searchbuilder/usr/share/perl5/vendor_perl/DBIx/SearchBuilder/Unique.pm
Installing /tmp/pkg/perl-dbix-searchbuilder/usr/share/perl5/vendor_perl/DBIx/SearchBuilder/SchemaGenerator.pm
Installing /tmp/pkg/perl-dbix-searchbuilder/usr/share/perl5/vendor_perl/DBIx/SearchBuilder/Union.pm
Installing /tmp/pkg/perl-dbix-searchbuilder/usr/share/perl5/vendor_perl/DBIx/SearchBuilder/Record.pm
Installing /tmp/pkg/perl-dbix-searchbuilder/usr/share/perl5/vendor_perl/DBIx/SearchBuilder/Util.pm
Installing /tmp/pkg/perl-dbix-searchbuilder/usr/share/perl5/vendor_perl/DBIx/SearchBuilder/Handle.pm
Installing /tmp/pkg/perl-dbix-searchbuilder/usr/share/perl5/vendor_perl/DBIx/SearchBuilder/Handle/Oracle.pm
Installing /tmp/pkg/perl-dbix-searchbuilder/usr/share/perl5/vendor_perl/DBIx/SearchBuilder/Handle/mysqlPP.pm
Installing /tmp/pkg/perl-dbix-searchbuilder/usr/share/perl5/vendor_perl/DBIx/SearchBuilder/Handle/mysql.pm
Installing /tmp/pkg/perl-dbix-searchbuilder/usr/share/perl5/vendor_perl/DBIx/SearchBuilder/Handle/Sybase.pm
Installing /tmp/pkg/perl-dbix-searchbuilder/usr/share/perl5/vendor_perl/DBIx/SearchBuilder/Handle/SQLite.pm
Installing /tmp/pkg/perl-dbix-searchbuilder/usr/share/perl5/vendor_perl/DBIx/SearchBuilder/Handle/Informix.pm
Installing /tmp/pkg/perl-dbix-searchbuilder/usr/share/perl5/vendor_perl/DBIx/SearchBuilder/Handle/ODBC.pm
Installing /tmp/pkg/perl-dbix-searchbuilder/usr/share/perl5/vendor_perl/DBIx/SearchBuilder/Handle/Pg.pm
Installing /tmp/pkg/perl-dbix-searchbuilder/usr/share/perl5/vendor_perl/DBIx/SearchBuilder/Handle/MariaDB.pm
Installing /tmp/pkg/perl-dbix-searchbuilder/usr/share/perl5/vendor_perl/DBIx/SearchBuilder/Record/Cachable.pm
Installing /tmp/pkg/perl-dbix-searchbuilder/usr/share/man/man3/DBIx::SearchBuilder::Handle::ODBC.3pm
Installing /tmp/pkg/perl-dbix-searchbuilder/usr/share/man/man3/DBIx::SearchBuilder::SchemaGenerator.3pm
Installing /tmp/pkg/perl-dbix-searchbuilder/usr/share/man/man3/DBIx::SearchBuilder::Handle::Informix.3pm
Installing /tmp/pkg/perl-dbix-searchbuilder/usr/share/man/man3/DBIx::SearchBuilder::Union.3pm
Installing /tmp/pkg/perl-dbix-searchbuilder/usr/share/man/man3/DBIx::SearchBuilder::Record.3pm
Installing /tmp/pkg/perl-dbix-searchbuilder/usr/share/man/man3/DBIx::SearchBuilder::Util.3pm
Installing /tmp/pkg/perl-dbix-searchbuilder/usr/share/man/man3/DBIx::SearchBuilder::Record::Cachable.3pm
Installing /tmp/pkg/perl-dbix-searchbuilder/usr/share/man/man3/DBIx::SearchBuilder::Handle::Oracle.3pm
Installing /tmp/pkg/perl-dbix-searchbuilder/usr/share/man/man3/DBIx::SearchBuilder::Handle::mysqlPP.3pm
Installing /tmp/pkg/perl-dbix-searchbuilder/usr/share/man/man3/DBIx::SearchBuilder::Unique.3pm
Installing /tmp/pkg/perl-dbix-searchbuilder/usr/share/man/man3/DBIx::SearchBuilder::Handle.3pm
Installing /tmp/pkg/perl-dbix-searchbuilder/usr/share/man/man3/DBIx::SearchBuilder::Handle::Pg.3pm
Installing /tmp/pkg/perl-dbix-searchbuilder/usr/share/man/man3/DBIx::SearchBuilder::Handle::SQLite.3pm
Installing /tmp/pkg/perl-dbix-searchbuilder/usr/share/man/man3/DBIx::SearchBuilder::Handle::mysql.3pm
Installing /tmp/pkg/perl-dbix-searchbuilder/usr/share/man/man3/DBIx::SearchBuilder.3pm
Installing /tmp/pkg/perl-dbix-searchbuilder/usr/share/man/man3/DBIx::SearchBuilder::Handle::MariaDB.3pm
Installing /tmp/pkg/perl-dbix-searchbuilder/usr/share/man/man3/DBIx::SearchBuilder::Handle::Sybase.3pm
>>> perl-dbix-searchbuilder-doc*: Running split function doc...
'usr/share/man' -> '/tmp/pkg/perl-dbix-searchbuilder-doc/usr/share/man'
>>> perl-dbix-searchbuilder-doc*: Preparing subpackage perl-dbix-searchbuilder-doc...
>>> perl-dbix-searchbuilder-doc*: Running postcheck for perl-dbix-searchbuilder-doc
>>> perl-dbix-searchbuilder*: Running postcheck for perl-dbix-searchbuilder
>>> perl-dbix-searchbuilder*: Preparing package perl-dbix-searchbuilder...
>>> perl-dbix-searchbuilder-doc*: Tracing dependencies...
>>> perl-dbix-searchbuilder-doc*: Package size: 42.1 KB
>>> perl-dbix-searchbuilder-doc*: Compressing data...
>>> perl-dbix-searchbuilder-doc*: Create checksum...
>>> perl-dbix-searchbuilder-doc*: Create perl-dbix-searchbuilder-doc-1.82-r0.apk
>>> perl-dbix-searchbuilder*: Tracing dependencies...
	perl
	perl-cache-simple-timedexpiry
	perl-class-accessor
	perl-class-returnvalue
	perl-clone
	perl-dbi
	perl-dbix-dbschema
	perl-want
>>> perl-dbix-searchbuilder*: Package size: 210.4 KB
>>> perl-dbix-searchbuilder*: Compressing data...
>>> perl-dbix-searchbuilder*: Create checksum...
>>> perl-dbix-searchbuilder*: Create perl-dbix-searchbuilder-1.82-r0.apk
>>> perl-dbix-searchbuilder: Updating the main/x86_64 repository index...
>>> perl-dbix-searchbuilder: Signing the index...
>>> perl-dbix-searchbuilder: Cleaning up srcdir
>>> perl-dbix-searchbuilder: Cleaning up build chroot
>>> perl-dbix-searchbuilder: Cleaning up pkgdir
