>>> perl-extutils-pkgconfig: Validating /home/packager/oily-pine/main/perl-extutils-pkgconfig/APKBUILD...
>>> perl-extutils-pkgconfig: Cleaning up srcdir
>>> perl-extutils-pkgconfig: Cleaning up pkgdir
>>> perl-extutils-pkgconfig: Cleaning up tmpdir
>>> perl-extutils-pkgconfig: Fetching https://cpan.metacpan.org/authors/id/X/XA/XAOC/ExtUtils-PkgConfig-1.16.tar.gz
  % Total    % Received % Xferd  Average Speed   Time    Time     Time  Current
                                 Dload  Upload   Total   Spent    Left  Speed
  0     0    0     0    0     0      0      0 --:--:-- --:--:-- --:--:--     0100 10144  100 10144    0     0  42420      0 --:--:-- --:--:-- --:--:-- 42443
>>> perl-extutils-pkgconfig: Fetching https://cpan.metacpan.org/authors/id/X/XA/XAOC/ExtUtils-PkgConfig-1.16.tar.gz
>>> perl-extutils-pkgconfig: Checking sha512sums...
ExtUtils-PkgConfig-1.16.tar.gz: OK
>>> perl-extutils-pkgconfig: Preparing build chroot...
fetch http://dl-cdn.alpinelinux.org/alpine/edge/main/x86_64/APKINDEX.tar.gz
(1/75) Installing musl (1.2.5-r10)
(2/75) Installing libcrypto3 (3.5.0-r0)
(3/75) Installing ca-certificates-bundle (20241121-r2)
(4/75) Installing libssl3 (3.5.0-r0)
(5/75) Installing zlib (1.3.1-r2)
(6/75) Installing libapk2 (2.14.9-r2)
(7/75) Installing apk-tools (2.14.9-r2)
(8/75) Installing libcap2 (2.76-r0)
(9/75) Installing libcap-getcap (2.76-r0)
(10/75) Installing fakeroot (1.37.1.1-r0)
(11/75) Installing scanelf (1.3.8-r1)
(12/75) Installing musl-utils (1.2.5-r10)
(13/75) Installing libgcc (14.3.0-r1)
(14/75) Installing libstdc++ (14.3.0-r1)
(15/75) Installing lzip (1.25-r0)
(16/75) Installing openssl (3.5.0-r0)
(17/75) Installing patch (2.8-r0)
(18/75) Installing pkgconf (2.4.3-r0)
(19/75) Installing acl-libs (2.3.2-r1)
(20/75) Installing tar (1.35-r3)
(21/75) Installing busybox (1.37.0-r18)
Executing busybox-1.37.0-r18.post-install
(22/75) Installing ssl_client (1.37.0-r18)
(23/75) Installing busybox-binsh (1.37.0-r18)
(24/75) Installing abuild (3.15.0-r0)
Executing abuild-3.15.0-r0.pre-install
(25/75) Installing abuild-sudo (3.15.0-r0)
(26/75) Installing alpine-baselayout-data (3.7.0-r0)
(27/75) Installing alpine-baselayout (3.7.0-r0)
Executing alpine-baselayout-3.7.0-r0.pre-install
Executing alpine-baselayout-3.7.0-r0.post-install
(28/75) Installing bridge (1.5-r5)
(29/75) Installing ifupdown-ng (0.12.1-r7)
(30/75) Installing openrc-user (0.62.2-r2)
(31/75) Installing openrc (0.62.2-r2)
Executing openrc-0.62.2-r2.post-install
(32/75) Installing mdev-conf (4.8-r0)
(33/75) Installing busybox-mdev-openrc (1.37.0-r18)
(34/75) Installing alpine-conf (3.20.0-r0)
(35/75) Installing alpine-keys (2.5-r0)
(36/75) Installing alpine-release (3.22.0-r0)
(37/75) Installing busybox-openrc (1.37.0-r18)
(38/75) Installing busybox-suid (1.37.0-r18)
(39/75) Installing alpine-base (3.22.0-r0)
(40/75) Installing jansson (2.14.1-r0)
(41/75) Installing zstd-libs (1.5.7-r0)
(42/75) Installing binutils (2.44-r0)
(43/75) Installing libmagic (5.46-r2)
(44/75) Installing file (5.46-r2)
(45/75) Installing libgomp (14.3.0-r1)
(46/75) Installing libatomic (14.3.0-r1)
(47/75) Installing gmp (6.3.0-r3)
(48/75) Installing isl26 (0.26-r1)
(49/75) Installing mpfr4 (4.2.1_p1-r0)
(50/75) Installing mpc1 (1.3.1-r1)
(51/75) Installing gcc (14.3.0-r1)
(52/75) Installing libstdc++-dev (14.3.0-r1)
(53/75) Installing musl-dev (1.2.5-r10)
(54/75) Installing g++ (14.3.0-r1)
(55/75) Installing make (4.4.1-r3)
(56/75) Installing fortify-headers (1.1-r5)
(57/75) Installing build-base (0.5-r3)
(58/75) Installing brotli-libs (1.1.0-r2)
(59/75) Installing c-ares (1.34.5-r0)
(60/75) Installing libunistring (1.3-r0)
(61/75) Installing libidn2 (2.3.7-r0)
(62/75) Installing nghttp2-libs (1.65.0-r0)
(63/75) Installing libpsl (0.21.5-r3)
(64/75) Installing libcurl (8.14.0-r2)
(65/75) Installing libexpat (2.7.1-r0)
(66/75) Installing pcre2 (10.43-r1)
(67/75) Installing git (2.49.0-r0)
(68/75) Installing git-init-template (2.49.0-r0)
(69/75) Installing libbz2 (1.0.8-r6)
(70/75) Installing perl (5.40.2-r0)
(71/75) Installing perl-error (0.17030-r0)
(72/75) Installing perl-git (2.49.0-r0)
(73/75) Installing git-perl (2.49.0-r0)
(74/75) Installing perl-utils (5.40.2-r0)
(75/75) Installing perl-dev (5.40.2-r0)
Executing busybox-1.37.0-r18.trigger
OK: 305 MiB in 75 packages
>>> perl-extutils-pkgconfig: Fetching https://cpan.metacpan.org/authors/id/X/XA/XAOC/ExtUtils-PkgConfig-1.16.tar.gz
>>> perl-extutils-pkgconfig: Checking sha512sums...
ExtUtils-PkgConfig-1.16.tar.gz: OK
>>> perl-extutils-pkgconfig: Unpacking /var/cache/distfiles/ExtUtils-PkgConfig-1.16.tar.gz...
Checking if your kit is complete...
Looks good
Generating a Unix-style Makefile
Writing Makefile for ExtUtils::PkgConfig
Writing MYMETA.yml and MYMETA.json
cp lib/ExtUtils/PkgConfig.pm blib/lib/ExtUtils/PkgConfig.pm
Manifying 1 pod document
PERL_DL_NONLAZY=1 "/usr/bin/perl" "-MExtUtils::Command::MM" "-MTest::Harness" "-e" "undef *Test::Harness::Switches; test_harness(0, 'blib/lib', 'blib/arch')" t/*.t
# Testing against pkg-config 2.4
t/1.t .. ok
t/2.t .. ok
t/3.t .. ok
t/4.t .. ok
All tests successful.
Files=4, Tests=51,  0 wallclock secs ( 0.02 usr  0.00 sys +  0.17 cusr  0.05 csys =  0.24 CPU)
Result: PASS
>>> perl-extutils-pkgconfig: Entering fakeroot...
Manifying 1 pod document
Appending installation info to /tmp/pkg/perl-extutils-pkgconfig/usr/lib/perl5/core_perl/perllocal.pod
Installing /tmp/pkg/perl-extutils-pkgconfig/usr/share/perl5/vendor_perl/ExtUtils/PkgConfig.pm
Installing /tmp/pkg/perl-extutils-pkgconfig/usr/share/man/man3/ExtUtils::PkgConfig.3pm
>>> perl-extutils-pkgconfig-doc*: Running split function doc...
'usr/share/man' -> '/tmp/pkg/perl-extutils-pkgconfig-doc/usr/share/man'
>>> perl-extutils-pkgconfig-doc*: Preparing subpackage perl-extutils-pkgconfig-doc...
>>> perl-extutils-pkgconfig-doc*: Running postcheck for perl-extutils-pkgconfig-doc
>>> perl-extutils-pkgconfig*: Running postcheck for perl-extutils-pkgconfig
>>> perl-extutils-pkgconfig*: Preparing package perl-extutils-pkgconfig...
>>> perl-extutils-pkgconfig-doc*: Tracing dependencies...
>>> perl-extutils-pkgconfig-doc*: Package size: 2.3 KB
>>> perl-extutils-pkgconfig-doc*: Compressing data...
>>> perl-extutils-pkgconfig-doc*: Create checksum...
>>> perl-extutils-pkgconfig-doc*: Create perl-extutils-pkgconfig-doc-1.16-r5.apk
>>> perl-extutils-pkgconfig*: Tracing dependencies...
	perl
>>> perl-extutils-pkgconfig*: Package size: 8.8 KB
>>> perl-extutils-pkgconfig*: Compressing data...
>>> perl-extutils-pkgconfig*: Create checksum...
>>> perl-extutils-pkgconfig*: Create perl-extutils-pkgconfig-1.16-r5.apk
>>> perl-extutils-pkgconfig: Updating the main/x86_64 repository index...
>>> perl-extutils-pkgconfig: Signing the index...
>>> perl-extutils-pkgconfig: Cleaning up srcdir
>>> perl-extutils-pkgconfig: Cleaning up build chroot
>>> perl-extutils-pkgconfig: Cleaning up pkgdir
