pigz: not found
>>> perl-exception-class: Building main/perl-exception-class 1.45-r1 (using abuild 3.14.1-r4) started Sun, 18 May 2025 07:52:33 +0000
>>> perl-exception-class: Validating /home/packager/aports/main/perl-exception-class/APKBUILD...
>>> perl-exception-class: Analyzing dependencies...
>>> perl-exception-class: Installing for build: build-base perl perl-devel-stacktrace perl-class-data-inheritable
(1/8) Installing libbz2 (1.0.8-r6)
(2/8) Installing perl (5.40.2-r0)
(3/8) Installing perl-devel-stacktrace (2.05-r0)
(4/8) Installing perl-class-data-inheritable (0.10-r0)
(5/8) Installing .makedepends-perl-exception-class (20250518.075236)
(6/8) Installing perl-error (0.17029-r2)
(7/8) Installing perl-git (2.47.2-r0)
(8/8) Installing git-perl (2.47.2-r0)
Executing busybox-1.37.0-r12.trigger
OK: 297 MiB in 89 packages
>>> perl-exception-class: Cleaning up srcdir
>>> perl-exception-class: Cleaning up pkgdir
>>> perl-exception-class: Cleaning up tmpdir
>>> perl-exception-class: Fetching https://cpan.metacpan.org/authors/id/D/DR/DROLSKY/Exception-Class-1.45.tar.gz
Connecting to cpan.metacpan.org (146.75.122.217:443)
saving to '/var/cache/distfiles/Exception-Class-1.45.tar.gz.part'
Exception-Class-1.45 100% |********************************| 50933  0:00:00 ETA
'/var/cache/distfiles/Exception-Class-1.45.tar.gz.part' saved
>>> perl-exception-class: Fetching https://cpan.metacpan.org/authors/id/D/DR/DROLSKY/Exception-Class-1.45.tar.gz
>>> perl-exception-class: Checking sha512sums...
Exception-Class-1.45.tar.gz: OK
>>> perl-exception-class: Unpacking /var/cache/distfiles/Exception-Class-1.45.tar.gz...
Checking if your kit is complete...
Looks good
Generating a Unix-style Makefile
Writing Makefile for Exception::Class
Writing MYMETA.yml and MYMETA.json
cp lib/Exception/Class/Base.pm blib/lib/Exception/Class/Base.pm
cp lib/Exception/Class.pm blib/lib/Exception/Class.pm
Manifying 2 pod documents
PERL_DL_NONLAZY=1 "/usr/bin/perl" "-MExtUtils::Command::MM" "-MTest::Harness" "-e" "undef *Test::Harness::Switches; test_harness(0, 'blib/lib', 'blib/arch')" t/*.t
# 
# Versions for all modules listed in MYMETA.json (including optional ones):
# 
# === Configure Requires ===
# 
#     Module              Want Have
#     ------------------- ---- ----
#     ExtUtils::MakeMaker  any 7.70
# 
# === Build Requires ===
# 
#     Module              Want Have
#     ------------------- ---- ----
#     ExtUtils::MakeMaker  any 7.70
# 
# === Test Requires ===
# 
#     Module              Want     Have
#     ------------------- ---- --------
#     ExtUtils::MakeMaker  any     7.70
#     File::Spec           any     3.91
#     Test::More          0.96 1.302199
# 
# === Test Recommends ===
# 
#     Module         Want     Have
#     ---------- -------- --------
#     CPAN::Meta 2.120900 2.150010
# 
# === Runtime Requires ===
# 
#     Module                   Want Have
#     ------------------------ ---- ----
#     Carp                      any 1.54
#     Class::Data::Inheritable 0.02 0.10
#     Devel::StackTrace        2.00 2.05
#     Scalar::Util              any 1.63
#     base                      any 2.27
#     overload                  any 1.37
#     strict                    any 1.13
#     warnings                  any 1.70
# 
t/00-report-prereqs.t .. ok
t/basic.t .............. ok
t/caught.t ............. ok
t/context.t ............ ok
t/ecb-standalone.t ..... ok
t/field-names.t ........ ok
t/ignore.t ............. ok
All tests successful.
Files=7, Tests=86,  1 wallclock secs ( 0.04 usr  0.01 sys +  0.68 cusr  0.08 csys =  0.81 CPU)
Result: PASS
>>> perl-exception-class: Entering fakeroot...
Manifying 2 pod documents
Appending installation info to /home/packager/aports/main/perl-exception-class/pkg/perl-exception-class/usr/lib/perl5/core_perl/perllocal.pod
Installing /home/packager/aports/main/perl-exception-class/pkg/perl-exception-class/usr/share/perl5/vendor_perl/Exception/Class.pm
Installing /home/packager/aports/main/perl-exception-class/pkg/perl-exception-class/usr/share/perl5/vendor_perl/Exception/Class/Base.pm
Installing /home/packager/aports/main/perl-exception-class/pkg/perl-exception-class/usr/share/man/man3/Exception::Class::Base.3pm
Installing /home/packager/aports/main/perl-exception-class/pkg/perl-exception-class/usr/share/man/man3/Exception::Class.3pm
>>> perl-exception-class-doc*: Running split function doc...
'usr/share/man' -> '/home/packager/aports/main/perl-exception-class/pkg/perl-exception-class-doc/usr/share/man'
>>> perl-exception-class-doc*: Preparing subpackage perl-exception-class-doc...
>>> perl-exception-class-doc*: Running postcheck for perl-exception-class-doc
>>> perl-exception-class*: Running postcheck for perl-exception-class
>>> perl-exception-class*: Preparing package perl-exception-class...
>>> perl-exception-class-doc*: Tracing dependencies...
>>> perl-exception-class-doc*: Package size: 9.9 KB
>>> perl-exception-class-doc*: Compressing data...
>>> perl-exception-class-doc*: Create checksum...
pigz: not found
>>> perl-exception-class-doc*: Create perl-exception-class-doc-1.45-r1.apk
>>> perl-exception-class*: Tracing dependencies...
	perl
	perl-devel-stacktrace
	perl-class-data-inheritable
>>> perl-exception-class*: Package size: 33.1 KB
>>> perl-exception-class*: Compressing data...
>>> perl-exception-class*: Create checksum...
pigz: not found
>>> perl-exception-class*: Create perl-exception-class-1.45-r1.apk
>>> perl-exception-class: Build complete at Sun, 18 May 2025 07:52:39 +0000 elapsed time 0h 0m 6s
>>> perl-exception-class: Cleaning up srcdir
>>> perl-exception-class: Cleaning up pkgdir
>>> perl-exception-class: Uninstalling dependencies...
(1/8) Purging .makedepends-perl-exception-class (20250518.075236)
(2/8) Purging perl-devel-stacktrace (2.05-r0)
(3/8) Purging perl-class-data-inheritable (0.10-r0)
(4/8) Purging git-perl (2.47.2-r0)
(5/8) Purging perl-git (2.47.2-r0)
(6/8) Purging perl-error (0.17029-r2)
(7/8) Purging perl (5.40.2-r0)
(8/8) Purging libbz2 (1.0.8-r6)
Executing busybox-1.37.0-r12.trigger
OK: 261 MiB in 81 packages
>>> perl-exception-class: Updating the main/x86_64 repository index...
>>> perl-exception-class: Signing the index...
pigz: not found
