pigz: not found
>>> perl-yaml-libyaml: Building main/perl-yaml-libyaml 0.903.0-r0 (using abuild 3.14.1-r4) started Sun, 18 May 2025 07:10:26 +0000
>>> perl-yaml-libyaml: Validating /home/packager/aports/main/perl-yaml-libyaml/APKBUILD...
>>> perl-yaml-libyaml: Analyzing dependencies...
>>> perl-yaml-libyaml: Installing for build: build-base perl perl-dev
(1/8) Installing libbz2 (1.0.8-r6)
(2/8) Installing perl (5.40.2-r0)
(3/8) Installing perl-utils (5.40.2-r0)
(4/8) Installing perl-dev (5.40.2-r0)
(5/8) Installing .makedepends-perl-yaml-libyaml (20250518.071027)
(6/8) Installing perl-error (0.17029-r2)
(7/8) Installing perl-git (2.47.2-r0)
(8/8) Installing git-perl (2.47.2-r0)
Executing busybox-1.37.0-r12.trigger
OK: 306 MiB in 89 packages
>>> perl-yaml-libyaml: Cleaning up srcdir
>>> perl-yaml-libyaml: Cleaning up pkgdir
>>> perl-yaml-libyaml: Cleaning up tmpdir
>>> perl-yaml-libyaml: Fetching https://cpan.metacpan.org/authors/id/T/TI/TINITA/YAML-LibYAML-v0.903.0.tar.gz
Connecting to cpan.metacpan.org (146.75.122.217:443)
saving to '/var/cache/distfiles/YAML-LibYAML-v0.903.0.tar.gz.part'
YAML-LibYAML-v0.903. 100% |********************************|  151k  0:00:00 ETA
'/var/cache/distfiles/YAML-LibYAML-v0.903.0.tar.gz.part' saved
>>> perl-yaml-libyaml: Fetching https://cpan.metacpan.org/authors/id/T/TI/TINITA/YAML-LibYAML-v0.903.0.tar.gz
>>> perl-yaml-libyaml: Checking sha512sums...
YAML-LibYAML-v0.903.0.tar.gz: OK
>>> perl-yaml-libyaml: Unpacking /var/cache/distfiles/YAML-LibYAML-v0.903.0.tar.gz...
Checking if your kit is complete...
Looks good
Writing MYMETA.yml and MYMETA.json
Generating a Unix-style Makefile
Writing Makefile for YAML::LibYAML
Writing MYMETA.yml and MYMETA.json
make[1]: Entering directory '/home/packager/aports/main/perl-yaml-libyaml/src/YAML-LibYAML-v0.903.0/LibYAML'
cc -c  -I. -D_REENTRANT -D_GNU_SOURCE -D_GNU_SOURCE -fwrapv -fno-strict-aliasing -pipe -fstack-protector-strong -D_LARGEFILE_SOURCE -D_FILE_OFFSET_BITS=64 -Os -fstack-clash-protection -Wformat -Werror=format-security -fno-plt -O2   -DVERSION=\"\" -DXS_VERSION=\"\" -fPIC "-I/usr/lib/perl5/core_perl/CORE"  -DHAVE_CONFIG_H api.c
Running Mkbootstrap for LibYAML ()
cc -c  -I. -D_REENTRANT -D_GNU_SOURCE -D_GNU_SOURCE -fwrapv -fno-strict-aliasing -pipe -fstack-protector-strong -D_LARGEFILE_SOURCE -D_FILE_OFFSET_BITS=64 -Os -fstack-clash-protection -Wformat -Werror=format-security -fno-plt -O2   -DVERSION=\"\" -DXS_VERSION=\"\" -fPIC "-I/usr/lib/perl5/core_perl/CORE"  -DHAVE_CONFIG_H dumper.c
cc -c  -I. -D_REENTRANT -D_GNU_SOURCE -D_GNU_SOURCE -fwrapv -fno-strict-aliasing -pipe -fstack-protector-strong -D_LARGEFILE_SOURCE -D_FILE_OFFSET_BITS=64 -Os -fstack-clash-protection -Wformat -Werror=format-security -fno-plt -O2   -DVERSION=\"\" -DXS_VERSION=\"\" -fPIC "-I/usr/lib/perl5/core_perl/CORE"  -DHAVE_CONFIG_H emitter.c
cc -c  -I. -D_REENTRANT -D_GNU_SOURCE -D_GNU_SOURCE -fwrapv -fno-strict-aliasing -pipe -fstack-protector-strong -D_LARGEFILE_SOURCE -D_FILE_OFFSET_BITS=64 -Os -fstack-clash-protection -Wformat -Werror=format-security -fno-plt -O2   -DVERSION=\"\" -DXS_VERSION=\"\" -fPIC "-I/usr/lib/perl5/core_perl/CORE"  -DHAVE_CONFIG_H loader.c
cc -c  -I. -D_REENTRANT -D_GNU_SOURCE -D_GNU_SOURCE -fwrapv -fno-strict-aliasing -pipe -fstack-protector-strong -D_LARGEFILE_SOURCE -D_FILE_OFFSET_BITS=64 -Os -fstack-clash-protection -Wformat -Werror=format-security -fno-plt -O2   -DVERSION=\"\" -DXS_VERSION=\"\" -fPIC "-I/usr/lib/perl5/core_perl/CORE"  -DHAVE_CONFIG_H parser.c
chmod 644 "LibYAML.bs"
cc -c  -I. -D_REENTRANT -D_GNU_SOURCE -D_GNU_SOURCE -fwrapv -fno-strict-aliasing -pipe -fstack-protector-strong -D_LARGEFILE_SOURCE -D_FILE_OFFSET_BITS=64 -Os -fstack-clash-protection -Wformat -Werror=format-security -fno-plt -O2   -DVERSION=\"\" -DXS_VERSION=\"\" -fPIC "-I/usr/lib/perl5/core_perl/CORE"  -DHAVE_CONFIG_H perl_libyaml.c
cp lib/YAML/LibYAML.pm blib/lib/YAML/LibYAML.pm
cp lib/YAML/LibYAML.pod blib/lib/YAML/LibYAML.pod
cp lib/YAML/XS.pod blib/lib/YAML/XS.pod
cp lib/YAML/XS.pm blib/lib/YAML/XS.pm
cc -c  -I. -D_REENTRANT -D_GNU_SOURCE -D_GNU_SOURCE -fwrapv -fno-strict-aliasing -pipe -fstack-protector-strong -D_LARGEFILE_SOURCE -D_FILE_OFFSET_BITS=64 -Os -fstack-clash-protection -Wformat -Werror=format-security -fno-plt -O2   -DVERSION=\"\" -DXS_VERSION=\"\" -fPIC "-I/usr/lib/perl5/core_perl/CORE"  -DHAVE_CONFIG_H reader.c
cp lib/YAML/XS/LibYAML.pm ../blib/lib/YAML/XS/LibYAML.pm
cc -c  -I. -D_REENTRANT -D_GNU_SOURCE -D_GNU_SOURCE -fwrapv -fno-strict-aliasing -pipe -fstack-protector-strong -D_LARGEFILE_SOURCE -D_FILE_OFFSET_BITS=64 -Os -fstack-clash-protection -Wformat -Werror=format-security -fno-plt -O2   -DVERSION=\"\" -DXS_VERSION=\"\" -fPIC "-I/usr/lib/perl5/core_perl/CORE"  -DHAVE_CONFIG_H scanner.c
cc -c  -I. -D_REENTRANT -D_GNU_SOURCE -D_GNU_SOURCE -fwrapv -fno-strict-aliasing -pipe -fstack-protector-strong -D_LARGEFILE_SOURCE -D_FILE_OFFSET_BITS=64 -Os -fstack-clash-protection -Wformat -Werror=format-security -fno-plt -O2   -DVERSION=\"\" -DXS_VERSION=\"\" -fPIC "-I/usr/lib/perl5/core_perl/CORE"  -DHAVE_CONFIG_H writer.c
"/usr/bin/perl" "/usr/share/perl5/core_perl/ExtUtils/xsubpp"  -typemap '/usr/share/perl5/core_perl/ExtUtils/typemap'  LibYAML.xs > LibYAML.xsc
"/usr/bin/perl" -MExtUtils::Command::MM -e 'cp_nonempty' -- LibYAML.bs ../blib/arch/auto/YAML/XS/LibYAML/LibYAML.bs 644
mv LibYAML.xsc LibYAML.c
cc -c  -I. -D_REENTRANT -D_GNU_SOURCE -D_GNU_SOURCE -fwrapv -fno-strict-aliasing -pipe -fstack-protector-strong -D_LARGEFILE_SOURCE -D_FILE_OFFSET_BITS=64 -Os -fstack-clash-protection -Wformat -Werror=format-security -fno-plt -O2   -DVERSION=\"\" -DXS_VERSION=\"\" -fPIC "-I/usr/lib/perl5/core_perl/CORE"  -DHAVE_CONFIG_H LibYAML.c
LibYAML.xs: In function 'xxx_local_patches_xs':
LibYAML.xs:4:38: warning: '%s' directive argument is null [-Wformat-overflow=]
    4 | void xxx_local_patches_xs() { printf("%s", local_patches[0]); }
      |                                      ^~~~
perl_libyaml.c: In function 'xxx_local_patches':
perl_libyaml.c:1325:13: warning: '%s' directive argument is null [-Wformat-overflow=]
 1325 |     printf("%s", local_patches[0]);
      |             ^~
rm -f ../blib/arch/auto/YAML/XS/LibYAML/LibYAML.so
cc  -shared -Os -fstack-clash-protection -Wformat -Werror=format-security -fno-plt -O2 -L/usr/local/lib -fstack-protector-strong  api.o dumper.o emitter.o loader.o parser.o perl_libyaml.o reader.o scanner.o writer.o LibYAML.o  -o ../blib/arch/auto/YAML/XS/LibYAML/LibYAML.so  \
      \
  
chmod 755 ../blib/arch/auto/YAML/XS/LibYAML/LibYAML.so
Manifying 1 pod document
make[1]: Leaving directory '/home/packager/aports/main/perl-yaml-libyaml/src/YAML-LibYAML-v0.903.0/LibYAML'
Manifying 2 pod documents
make[1]: Entering directory '/home/packager/aports/main/perl-yaml-libyaml/src/YAML-LibYAML-v0.903.0/LibYAML'
"/usr/bin/perl" -MExtUtils::Command::MM -e 'cp_nonempty' -- LibYAML.bs ../blib/arch/auto/YAML/XS/LibYAML/LibYAML.bs 644
Manifying 1 pod document
make[1]: Leaving directory '/home/packager/aports/main/perl-yaml-libyaml/src/YAML-LibYAML-v0.903.0/LibYAML'
make[1]: Entering directory '/home/packager/aports/main/perl-yaml-libyaml/src/YAML-LibYAML-v0.903.0/LibYAML'
"/usr/bin/perl" -MExtUtils::Command::MM -e 'cp_nonempty' -- LibYAML.bs ../blib/arch/auto/YAML/XS/LibYAML/LibYAML.bs 644
PERL_DL_NONLAZY=1 "/usr/bin/perl" "-I../blib/lib" "-I../blib/arch" test.pl
1..1
ok 1 - Tests for libyaml extension are all defined at the top level
make[1]: Leaving directory '/home/packager/aports/main/perl-yaml-libyaml/src/YAML-LibYAML-v0.903.0/LibYAML'
PERL_DL_NONLAZY=1 "/usr/bin/perl" "-MExtUtils::Command::MM" "-MTest::Harness" "-e" "undef *Test::Harness::Switches; test_harness(0, 'blib/lib', 'blib/arch')" t/*.t
t/000-require-modules.t .. ok
t/alias.t ................ ok
t/api.t .................. ok
t/ascii.t ................ ok
t/author-pod-syntax.t .... skipped: these tests are for testing by the author
t/binary.t ............... ok
t/blessed.t .............. ok
t/boolean-boolean.t ...... skipped: boolean not installed
t/boolean-invalid.t ...... ok
t/boolean-jsonpp.t ....... ok
t/boolean.t .............. ok
t/bug-pvf.t .............. ok
t/bug-stack.t ............ ok
t/code.t ................. ok
t/dump-heuristics.t ...... ok
t/dump-int.t ............. ok
t/dump.t ................. ok
t/duplicate-keys.t ....... ok
t/empty.t ................ ok
t/error.t ................ ok
t/file.t ................. ok
t/glob.t ................. ok
t/indent.t ............... ok
t/io-handle.t ............ ok
t/leak.t ................. ok
# libyaml version = 0.2.4
t/libyaml-version.t ...... ok
t/load-blessed.t ......... ok
t/load.t ................. ok
t/load_standard_tags.t ... ok
t/loadfile-empty.t ....... ok
t/long_plain_wrap.t ...... skipped: Failing test. Not yet implemented
t/magic.t ................ ok
t/native.t ............... ok
t/null.t ................. ok
t/numbers.t .............. ok
t/path-class.t ........... ok
t/pl_sv_undef.t .......... ok
t/private.t .............. ok
t/quote.t ................ ok
t/ref-scalar.t ........... ok
t/regexp.t ............... ok
t/string_nulls.t ......... ok
t/tags.t ................. ok
t/tied.t ................. ok
t/utf8.t ................. ok
All tests successful.
Files=45, Tests=365,  5 wallclock secs ( 0.13 usr  0.06 sys +  3.85 cusr  0.73 csys =  4.77 CPU)
Result: PASS
>>> perl-yaml-libyaml: Entering fakeroot...
make[1]: Entering directory '/home/packager/aports/main/perl-yaml-libyaml/src/YAML-LibYAML-v0.903.0/LibYAML'
"/usr/bin/perl" -MExtUtils::Command::MM -e 'cp_nonempty' -- LibYAML.bs ../blib/arch/auto/YAML/XS/LibYAML/LibYAML.bs 644
Manifying 1 pod document
make[1]: Leaving directory '/home/packager/aports/main/perl-yaml-libyaml/src/YAML-LibYAML-v0.903.0/LibYAML'
Manifying 2 pod documents
Files found in blib/arch: installing files in blib/lib into architecture dependent library tree
Installing /home/packager/aports/main/perl-yaml-libyaml/pkg/perl-yaml-libyaml/usr/lib/perl5/vendor_perl/auto/YAML/XS/LibYAML/LibYAML.so
Installing /home/packager/aports/main/perl-yaml-libyaml/pkg/perl-yaml-libyaml/usr/lib/perl5/vendor_perl/YAML/LibYAML.pm
Installing /home/packager/aports/main/perl-yaml-libyaml/pkg/perl-yaml-libyaml/usr/lib/perl5/vendor_perl/YAML/LibYAML.pod
Installing /home/packager/aports/main/perl-yaml-libyaml/pkg/perl-yaml-libyaml/usr/lib/perl5/vendor_perl/YAML/XS.pm
Installing /home/packager/aports/main/perl-yaml-libyaml/pkg/perl-yaml-libyaml/usr/lib/perl5/vendor_perl/YAML/XS.pod
Installing /home/packager/aports/main/perl-yaml-libyaml/pkg/perl-yaml-libyaml/usr/lib/perl5/vendor_perl/YAML/XS/LibYAML.pm
Installing /home/packager/aports/main/perl-yaml-libyaml/pkg/perl-yaml-libyaml/usr/share/man/man3/YAML::XS::LibYAML.3pm
Installing /home/packager/aports/main/perl-yaml-libyaml/pkg/perl-yaml-libyaml/usr/share/man/man3/YAML::XS.3pm
Installing /home/packager/aports/main/perl-yaml-libyaml/pkg/perl-yaml-libyaml/usr/share/man/man3/YAML::LibYAML.3pm
>>> perl-yaml-libyaml-doc*: Running split function doc...
'usr/lib/perl5/vendor_perl/YAML/LibYAML.pod' -> '/home/packager/aports/main/perl-yaml-libyaml/pkg/perl-yaml-libyaml-doc/usr/lib/perl5/vendor_perl/YAML/LibYAML.pod'
'usr/lib/perl5/vendor_perl/YAML/XS.pod' -> '/home/packager/aports/main/perl-yaml-libyaml/pkg/perl-yaml-libyaml-doc/usr/lib/perl5/vendor_perl/YAML/XS.pod'
'usr/share/man' -> '/home/packager/aports/main/perl-yaml-libyaml/pkg/perl-yaml-libyaml-doc/usr/share/man'
>>> perl-yaml-libyaml-doc*: Preparing subpackage perl-yaml-libyaml-doc...
>>> perl-yaml-libyaml-doc*: Running postcheck for perl-yaml-libyaml-doc
>>> perl-yaml-libyaml*: Running postcheck for perl-yaml-libyaml
>>> perl-yaml-libyaml*: Preparing package perl-yaml-libyaml...
>>> perl-yaml-libyaml*: Stripping binaries
>>> perl-yaml-libyaml-doc*: Scanning shared objects
>>> perl-yaml-libyaml*: Scanning shared objects
>>> perl-yaml-libyaml-doc*: Tracing dependencies...
>>> perl-yaml-libyaml-doc*: Package size: 11.2 KB
>>> perl-yaml-libyaml-doc*: Compressing data...
>>> perl-yaml-libyaml-doc*: Create checksum...
pigz: not found
>>> perl-yaml-libyaml-doc*: Create perl-yaml-libyaml-doc-0.903.0-r0.apk
>>> perl-yaml-libyaml*: Tracing dependencies...
	perl
	so:libc.musl-x86_64.so.1
>>> perl-yaml-libyaml*: Package size: 169.6 KB
>>> perl-yaml-libyaml*: Compressing data...
>>> perl-yaml-libyaml*: Create checksum...
pigz: not found
>>> perl-yaml-libyaml*: Create perl-yaml-libyaml-0.903.0-r0.apk
>>> perl-yaml-libyaml: Build complete at Sun, 18 May 2025 07:10:38 +0000 elapsed time 0h 0m 12s
>>> perl-yaml-libyaml: Cleaning up srcdir
>>> perl-yaml-libyaml: Cleaning up pkgdir
>>> perl-yaml-libyaml: Uninstalling dependencies...
(1/8) Purging .makedepends-perl-yaml-libyaml (20250518.071027)
(2/8) Purging perl-dev (5.40.2-r0)
(3/8) Purging perl-utils (5.40.2-r0)
(4/8) Purging git-perl (2.47.2-r0)
(5/8) Purging perl-git (2.47.2-r0)
(6/8) Purging perl-error (0.17029-r2)
(7/8) Purging perl (5.40.2-r0)
(8/8) Purging libbz2 (1.0.8-r6)
Executing busybox-1.37.0-r12.trigger
OK: 260 MiB in 81 packages
>>> perl-yaml-libyaml: Updating the main/x86_64 repository index...
>>> perl-yaml-libyaml: Signing the index...
pigz: not found
