>>> perl-socket-getaddrinfo: Validating /home/packager/oily-pine/main/perl-socket-getaddrinfo/APKBUILD...
>>> perl-socket-getaddrinfo: Cleaning up srcdir
>>> perl-socket-getaddrinfo: Cleaning up pkgdir
>>> perl-socket-getaddrinfo: Cleaning up tmpdir
>>> perl-socket-getaddrinfo: Fetching https://cpan.metacpan.org/authors/id/P/PE/PEVANS/Socket-GetAddrInfo-0.22.tar.gz
  % Total    % Received % Xferd  Average Speed   Time    Time     Time  Current
                                 Dload  Upload   Total   Spent    Left  Speed
  0     0    0     0    0     0      0      0 --:--:-- --:--:-- --:--:--     0100 90579  100 90579    0     0   317k      0 --:--:-- --:--:-- --:--:--  318k
>>> perl-socket-getaddrinfo: Fetching https://cpan.metacpan.org/authors/id/P/PE/PEVANS/Socket-GetAddrInfo-0.22.tar.gz
>>> perl-socket-getaddrinfo: Checking sha512sums...
Socket-GetAddrInfo-0.22.tar.gz: OK
>>> perl-socket-getaddrinfo: Preparing build chroot...
fetch http://dl-cdn.alpinelinux.org/alpine/edge/main/x86_64/APKINDEX.tar.gz
(1/75) Installing musl (1.2.5-r10)
(2/75) Installing libcrypto3 (3.5.0-r0)
(3/75) Installing ca-certificates-bundle (20241121-r2)
(4/75) Installing libssl3 (3.5.0-r0)
(5/75) Installing zlib (1.3.1-r2)
(6/75) Installing libapk2 (2.14.9-r2)
(7/75) Installing apk-tools (2.14.9-r2)
(8/75) Installing libcap2 (2.76-r0)
(9/75) Installing libcap-getcap (2.76-r0)
(10/75) Installing fakeroot (1.37.1.1-r0)
(11/75) Installing scanelf (1.3.8-r1)
(12/75) Installing musl-utils (1.2.5-r10)
(13/75) Installing libgcc (14.3.0-r1)
(14/75) Installing libstdc++ (14.3.0-r1)
(15/75) Installing lzip (1.25-r0)
(16/75) Installing openssl (3.5.0-r0)
(17/75) Installing patch (2.8-r0)
(18/75) Installing pkgconf (2.4.3-r0)
(19/75) Installing acl-libs (2.3.2-r1)
(20/75) Installing tar (1.35-r3)
(21/75) Installing busybox (1.37.0-r18)
Executing busybox-1.37.0-r18.post-install
(22/75) Installing ssl_client (1.37.0-r18)
(23/75) Installing busybox-binsh (1.37.0-r18)
(24/75) Installing abuild (3.15.0-r0)
Executing abuild-3.15.0-r0.pre-install
(25/75) Installing abuild-sudo (3.15.0-r0)
(26/75) Installing alpine-baselayout-data (3.7.0-r0)
(27/75) Installing alpine-baselayout (3.7.0-r0)
Executing alpine-baselayout-3.7.0-r0.pre-install
Executing alpine-baselayout-3.7.0-r0.post-install
(28/75) Installing bridge (1.5-r5)
(29/75) Installing ifupdown-ng (0.12.1-r7)
(30/75) Installing openrc-user (0.62.2-r2)
(31/75) Installing openrc (0.62.2-r2)
Executing openrc-0.62.2-r2.post-install
(32/75) Installing mdev-conf (4.8-r0)
(33/75) Installing busybox-mdev-openrc (1.37.0-r18)
(34/75) Installing alpine-conf (3.20.0-r0)
(35/75) Installing alpine-keys (2.5-r0)
(36/75) Installing alpine-release (3.22.0-r0)
(37/75) Installing busybox-openrc (1.37.0-r18)
(38/75) Installing busybox-suid (1.37.0-r18)
(39/75) Installing alpine-base (3.22.0-r0)
(40/75) Installing jansson (2.14.1-r0)
(41/75) Installing zstd-libs (1.5.7-r0)
(42/75) Installing binutils (2.44-r0)
(43/75) Installing libmagic (5.46-r2)
(44/75) Installing file (5.46-r2)
(45/75) Installing libgomp (14.3.0-r1)
(46/75) Installing libatomic (14.3.0-r1)
(47/75) Installing gmp (6.3.0-r3)
(48/75) Installing isl26 (0.26-r1)
(49/75) Installing mpfr4 (4.2.1_p1-r0)
(50/75) Installing mpc1 (1.3.1-r1)
(51/75) Installing gcc (14.3.0-r1)
(52/75) Installing libstdc++-dev (14.3.0-r1)
(53/75) Installing musl-dev (1.2.5-r10)
(54/75) Installing g++ (14.3.0-r1)
(55/75) Installing make (4.4.1-r3)
(56/75) Installing fortify-headers (1.1-r5)
(57/75) Installing build-base (0.5-r3)
(58/75) Installing brotli-libs (1.1.0-r2)
(59/75) Installing c-ares (1.34.5-r0)
(60/75) Installing libunistring (1.3-r0)
(61/75) Installing libidn2 (2.3.7-r0)
(62/75) Installing nghttp2-libs (1.65.0-r0)
(63/75) Installing libpsl (0.21.5-r3)
(64/75) Installing libcurl (8.14.0-r2)
(65/75) Installing libexpat (2.7.1-r0)
(66/75) Installing pcre2 (10.43-r1)
(67/75) Installing git (2.49.0-r0)
(68/75) Installing git-init-template (2.49.0-r0)
(69/75) Installing libbz2 (1.0.8-r6)
(70/75) Installing perl (5.40.2-r0)
(71/75) Installing perl-error (0.17030-r0)
(72/75) Installing perl-git (2.49.0-r0)
(73/75) Installing git-perl (2.49.0-r0)
(74/75) Installing perl-extutils-cchecker (0.12-r1)
(75/75) Installing perl-module-build (0.4234-r1)
Executing busybox-1.37.0-r18.trigger
OK: 297 MiB in 75 packages
>>> perl-socket-getaddrinfo: Fetching https://cpan.metacpan.org/authors/id/P/PE/PEVANS/Socket-GetAddrInfo-0.22.tar.gz
>>> perl-socket-getaddrinfo: Checking sha512sums...
Socket-GetAddrInfo-0.22.tar.gz: OK
>>> perl-socket-getaddrinfo: Unpacking /var/cache/distfiles/Socket-GetAddrInfo-0.22.tar.gz...
# running Build.PL --installdirs vendor
&Socket::getaddrinfo exists so no need to build XS implementation
Created MYMETA.yml and MYMETA.json
Creating new 'Build' script for 'Socket-GetAddrInfo' version '0.22'
/usr/bin/perl Build --makefile_env_macros 1
Building Socket-GetAddrInfo
/usr/bin/perl Build --makefile_env_macros 1 test
# Using native getaddrinfo(3) from core
t/00use.t .......... ok
t/01getaddrinfo.t .. ok
t/02getnameinfo.t .. ok
t/03Socket6api.t ... ok
t/04Strict.t ....... ok
t/05emulation.t .... ok
t/99pod.t .......... skipped: Test::Pod 1.00 required for testing POD
All tests successful.
Files=7, Tests=98, 45 wallclock secs ( 0.02 usr  0.01 sys +  0.22 cusr  0.04 csys =  0.29 CPU)
Result: PASS
>>> perl-socket-getaddrinfo: Entering fakeroot...
/usr/bin/perl Build --makefile_env_macros 1 install
Building Socket-GetAddrInfo
Installing /tmp/pkg/perl-socket-getaddrinfo/usr/share/man/man1/getaddrinfo.1
Installing /tmp/pkg/perl-socket-getaddrinfo/usr/share/man/man1/getnameinfo.1
Installing /tmp/pkg/perl-socket-getaddrinfo/usr/share/perl5/vendor_perl/Socket/GetAddrInfo.pm
Installing /tmp/pkg/perl-socket-getaddrinfo/usr/share/perl5/vendor_perl/Socket/GetAddrInfo/Emul.pm
Installing /tmp/pkg/perl-socket-getaddrinfo/usr/share/perl5/vendor_perl/Socket/GetAddrInfo/XS.pm
Installing /tmp/pkg/perl-socket-getaddrinfo/usr/share/perl5/vendor_perl/Socket/GetAddrInfo/Core.pm
Installing /tmp/pkg/perl-socket-getaddrinfo/usr/share/perl5/vendor_perl/Socket/GetAddrInfo/Socket6api.pm
Installing /tmp/pkg/perl-socket-getaddrinfo/usr/share/perl5/vendor_perl/Socket/GetAddrInfo/Strict.pm
Installing /tmp/pkg/perl-socket-getaddrinfo/usr/share/man/man3/Socket::GetAddrInfo::Emul.3pm
Installing /tmp/pkg/perl-socket-getaddrinfo/usr/share/man/man3/Socket::GetAddrInfo::Socket6api.3pm
Installing /tmp/pkg/perl-socket-getaddrinfo/usr/share/man/man3/Socket::GetAddrInfo::Strict.3pm
Installing /tmp/pkg/perl-socket-getaddrinfo/usr/share/man/man3/Socket::GetAddrInfo.3pm
Installing /tmp/pkg/perl-socket-getaddrinfo/usr/bin/getnameinfo
Installing /tmp/pkg/perl-socket-getaddrinfo/usr/bin/getaddrinfo
>>> perl-socket-getaddrinfo-doc*: Running split function doc...
'usr/share/man' -> '/tmp/pkg/perl-socket-getaddrinfo-doc/usr/share/man'
>>> perl-socket-getaddrinfo-doc*: Preparing subpackage perl-socket-getaddrinfo-doc...
>>> perl-socket-getaddrinfo-doc*: Running postcheck for perl-socket-getaddrinfo-doc
>>> perl-socket-getaddrinfo*: Running postcheck for perl-socket-getaddrinfo
>>> perl-socket-getaddrinfo*: Preparing package perl-socket-getaddrinfo...
>>> perl-socket-getaddrinfo-doc*: Tracing dependencies...
>>> perl-socket-getaddrinfo-doc*: Package size: 13.6 KB
>>> perl-socket-getaddrinfo-doc*: Compressing data...
>>> perl-socket-getaddrinfo-doc*: Create checksum...
>>> perl-socket-getaddrinfo-doc*: Create perl-socket-getaddrinfo-doc-0.22-r5.apk
>>> perl-socket-getaddrinfo*: Tracing dependencies...
	perl
	perl-extutils-cchecker
>>> perl-socket-getaddrinfo*: Package size: 40.9 KB
>>> perl-socket-getaddrinfo*: Compressing data...
>>> perl-socket-getaddrinfo*: Create checksum...
>>> perl-socket-getaddrinfo*: Create perl-socket-getaddrinfo-0.22-r5.apk
>>> perl-socket-getaddrinfo: Updating the main/x86_64 repository index...
>>> perl-socket-getaddrinfo: Signing the index...
>>> perl-socket-getaddrinfo: Cleaning up srcdir
>>> perl-socket-getaddrinfo: Cleaning up build chroot
>>> perl-socket-getaddrinfo: Cleaning up pkgdir
