>>> perl-module-install: Validating /home/packager/oily-pine/main/perl-module-install/APKBUILD...
>>> perl-module-install: Cleaning up srcdir
>>> perl-module-install: Cleaning up pkgdir
>>> perl-module-install: Cleaning up tmpdir
>>> perl-module-install: Fetching https://cpan.metacpan.org/authors/id/E/ET/ETHER/Module-Install-1.21.tar.gz
  % Total    % Received % Xferd  Average Speed   Time    Time     Time  Current
                                 Dload  Upload   Total   Spent    Left  Speed
  0     0    0     0    0     0      0      0 --:--:-- --:--:-- --:--:--     0  0     0    0     0    0     0      0      0 --:--:-- --:--:-- --:--:--     0100  109k  100  109k    0     0   594k      0 --:--:-- --:--:-- --:--:--  592k
>>> perl-module-install: Fetching https://cpan.metacpan.org/authors/id/E/ET/ETHER/Module-Install-1.21.tar.gz
>>> perl-module-install: Checking sha512sums...
Module-Install-1.21.tar.gz: OK
>>> perl-module-install: Preparing build chroot...
fetch http://dl-cdn.alpinelinux.org/alpine/edge/main/x86_64/APKINDEX.tar.gz
(1/79) Installing musl (1.2.5-r10)
(2/79) Installing libcrypto3 (3.5.0-r0)
(3/79) Installing ca-certificates-bundle (20241121-r2)
(4/79) Installing libssl3 (3.5.0-r0)
(5/79) Installing zlib (1.3.1-r2)
(6/79) Installing libapk2 (2.14.9-r2)
(7/79) Installing apk-tools (2.14.9-r2)
(8/79) Installing libcap2 (2.76-r0)
(9/79) Installing libcap-getcap (2.76-r0)
(10/79) Installing fakeroot (1.37.1.1-r0)
(11/79) Installing scanelf (1.3.8-r1)
(12/79) Installing musl-utils (1.2.5-r10)
(13/79) Installing libgcc (14.3.0-r0)
(14/79) Installing libstdc++ (14.3.0-r0)
(15/79) Installing lzip (1.25-r0)
(16/79) Installing openssl (3.5.0-r0)
(17/79) Installing patch (2.8-r0)
(18/79) Installing pkgconf (2.4.3-r0)
(19/79) Installing acl-libs (2.3.2-r1)
(20/79) Installing tar (1.35-r3)
(21/79) Installing busybox (1.37.0-r18)
Executing busybox-1.37.0-r18.post-install
(22/79) Installing ssl_client (1.37.0-r18)
(23/79) Installing busybox-binsh (1.37.0-r18)
(24/79) Installing abuild (3.15.0-r0)
Executing abuild-3.15.0-r0.pre-install
(25/79) Installing abuild-sudo (3.15.0-r0)
(26/79) Installing alpine-baselayout-data (3.7.0-r0)
(27/79) Installing alpine-baselayout (3.7.0-r0)
Executing alpine-baselayout-3.7.0-r0.pre-install
Executing alpine-baselayout-3.7.0-r0.post-install
(28/79) Installing bridge (1.5-r5)
(29/79) Installing ifupdown-ng (0.12.1-r7)
(30/79) Installing openrc-user (0.62.2-r2)
(31/79) Installing openrc (0.62.2-r2)
Executing openrc-0.62.2-r2.post-install
(32/79) Installing mdev-conf (4.8-r0)
(33/79) Installing busybox-mdev-openrc (1.37.0-r18)
(34/79) Installing alpine-conf (3.20.0-r0)
(35/79) Installing alpine-keys (2.5-r0)
(36/79) Installing alpine-release (3.22.0-r0)
(37/79) Installing busybox-openrc (1.37.0-r18)
(38/79) Installing busybox-suid (1.37.0-r18)
(39/79) Installing alpine-base (3.22.0-r0)
(40/79) Installing jansson (2.14.1-r0)
(41/79) Installing zstd-libs (1.5.7-r0)
(42/79) Installing binutils (2.44-r0)
(43/79) Installing libmagic (5.46-r2)
(44/79) Installing file (5.46-r2)
(45/79) Installing libgomp (14.3.0-r0)
(46/79) Installing libatomic (14.3.0-r0)
(47/79) Installing gmp (6.3.0-r3)
(48/79) Installing isl26 (0.26-r1)
(49/79) Installing mpfr4 (4.2.1_p1-r0)
(50/79) Installing mpc1 (1.3.1-r1)
(51/79) Installing gcc (14.3.0-r0)
(52/79) Installing libstdc++-dev (14.3.0-r0)
(53/79) Installing musl-dev (1.2.5-r10)
(54/79) Installing g++ (14.3.0-r0)
(55/79) Installing make (4.4.1-r3)
(56/79) Installing fortify-headers (1.1-r5)
(57/79) Installing build-base (0.5-r3)
(58/79) Installing brotli-libs (1.1.0-r2)
(59/79) Installing c-ares (1.34.5-r0)
(60/79) Installing libunistring (1.3-r0)
(61/79) Installing libidn2 (2.3.7-r0)
(62/79) Installing nghttp2-libs (1.65.0-r0)
(63/79) Installing libpsl (0.21.5-r3)
(64/79) Installing libcurl (8.14.0-r2)
(65/79) Installing libexpat (2.7.1-r0)
(66/79) Installing pcre2 (10.43-r1)
(67/79) Installing git (2.49.0-r0)
(68/79) Installing git-init-template (2.49.0-r0)
(69/79) Installing libbz2 (1.0.8-r6)
(70/79) Installing perl (5.40.2-r0)
(71/79) Installing perl-error (0.17030-r0)
(72/79) Installing perl-git (2.49.0-r0)
(73/79) Installing git-perl (2.49.0-r0)
(74/79) Installing perl-utils (5.40.2-r0)
(75/79) Installing perl-dev (5.40.2-r0)
(76/79) Installing perl-file-remove (1.61-r1)
(77/79) Installing perl-module-build (0.4234-r1)
(78/79) Installing perl-module-scandeps (1.37-r0)
(79/79) Installing perl-yaml-tiny (1.76-r0)
Executing busybox-1.37.0-r18.trigger
OK: 306 MiB in 79 packages
>>> perl-module-install: Fetching https://cpan.metacpan.org/authors/id/E/ET/ETHER/Module-Install-1.21.tar.gz
>>> perl-module-install: Checking sha512sums...
Module-Install-1.21.tar.gz: OK
>>> perl-module-install: Unpacking /var/cache/distfiles/Module-Install-1.21.tar.gz...
include /tmp/src/Module-Install-1.21/inc/Module/Install.pm
include inc/Module/Install/Metadata.pm
include inc/Module/Install/Base.pm
include inc/Module/Install/Makefile.pm
include inc/Module/Install/With.pm
include inc/Module/Install/WriteAll.pm
include inc/Module/Install/Win32.pm
include inc/Module/Install/Can.pm
include inc/Module/Install/Fetch.pm
Checking if your kit is complete...
Looks good
Generating a Unix-style Makefile
Writing Makefile for Module::Install
Writing MYMETA.yml and MYMETA.json
Writing META.yml
cp lib/Module/Install/Admin/Metadata.pm blib/lib/Module/Install/Admin/Metadata.pm
cp lib/Module/Install/Admin/WriteAll.pm blib/lib/Module/Install/Admin/WriteAll.pm
cp lib/Module/Install/Admin.pm blib/lib/Module/Install/Admin.pm
cp lib/Module/Install/AutoInstall.pm blib/lib/Module/Install/AutoInstall.pm
cp lib/Module/Install/Admin/Compiler.pm blib/lib/Module/Install/Admin/Compiler.pm
cp lib/Module/Install/Philosophy.pod blib/lib/Module/Install/Philosophy.pod
cp lib/inc/Module/Install.pm blib/lib/inc/Module/Install.pm
cp lib/Module/AutoInstall.pm blib/lib/Module/AutoInstall.pm
cp lib/Module/Install/Base.pm blib/lib/Module/Install/Base.pm
cp lib/Module/Install/Admin/Include.pm blib/lib/Module/Install/Admin/Include.pm
cp lib/Module/Install/With.pm blib/lib/Module/Install/With.pm
cp lib/Module/Install/Share.pm blib/lib/Module/Install/Share.pm
cp lib/Module/Install/Bundle.pm blib/lib/Module/Install/Bundle.pm
cp lib/Module/Install/FAQ.pod blib/lib/Module/Install/FAQ.pod
cp lib/Module/Install/Admin/Find.pm blib/lib/Module/Install/Admin/Find.pm
cp lib/Module/Install/Admin/ScanDeps.pm blib/lib/Module/Install/Admin/ScanDeps.pm
cp lib/Module/Install/Run.pm blib/lib/Module/Install/Run.pm
cp lib/Module/Install/Makefile.pm blib/lib/Module/Install/Makefile.pm
cp lib/Module/Install/Admin/Makefile.pm blib/lib/Module/Install/Admin/Makefile.pm
cp lib/Module/Install/Admin/Bundle.pm blib/lib/Module/Install/Admin/Bundle.pm
cp lib/Module/Install/Win32.pm blib/lib/Module/Install/Win32.pm
cp lib/Module/Install/Scripts.pm blib/lib/Module/Install/Scripts.pm
cp lib/Module/Install/PAR.pm blib/lib/Module/Install/PAR.pm
cp lib/Module/Install/Admin/Manifest.pm blib/lib/Module/Install/Admin/Manifest.pm
cp lib/Module/Install/WriteAll.pm blib/lib/Module/Install/WriteAll.pm
cp lib/Module/Install/Fetch.pm blib/lib/Module/Install/Fetch.pm
cp lib/Module/Install/Inline.pm blib/lib/Module/Install/Inline.pm
cp lib/Module/Install/Deprecated.pm blib/lib/Module/Install/Deprecated.pm
cp lib/Module/Install/API.pod blib/lib/Module/Install/API.pod
cp lib/Module/Install/Include.pm blib/lib/Module/Install/Include.pm
cp lib/Module/Install/Metadata.pm blib/lib/Module/Install/Metadata.pm
cp lib/Module/Install.pm blib/lib/Module/Install.pm
cp lib/Module/Install/Compiler.pm blib/lib/Module/Install/Compiler.pm
cp lib/Module/Install.pod blib/lib/Module/Install.pod
cp lib/Module/Install/MakeMaker.pm blib/lib/Module/Install/MakeMaker.pm
cp lib/Module/Install/External.pm blib/lib/Module/Install/External.pm
cp lib/Module/Install/Can.pm blib/lib/Module/Install/Can.pm
Manifying 19 pod documents
PERL_DL_NONLAZY=1 "/usr/bin/perl" "-MExtUtils::Command::MM" "-MTest::Harness" "-e" "undef *Test::Harness::Switches; test_harness(0, 'inc', 'blib/lib', 'blib/arch')" t/*.t t/recursive/*.t
t/01_compile.t .......................... ok
t/02_mymeta.t ........................... skipped: New EU::MM has own MYMETA support
t/03_autoinstall.t ...................... skipped: Skipping dangerous test
t/04_version.t .......................... ok
t/05_share.t ............................ ok
t/06_ppport.t ........................... ok
t/07_perl_version.t ..................... ok
t/09_read.t ............................. ok
t/10_test.t ............................. ok
t/11_extraction.t ....................... ok
t/12_eumm_params.t ...................... ok
t/13_author_tests.t ..................... ok
t/13_author_tests_ext.t ................. skipped: requires Module::Install::AuthorTests
t/13_author_tests_ext2.t ................ skipped: requires Module::Install::ExtraTests 0.007
t/14_auto_include_deps_with_version.t ... skipped: your perl is new enough to have File::Spec 3.30 in core
t/15_wrong_usage.t ...................... ok
t/16_require.t .......................... ok
t/17_sign.t ............................. ok
t/18_all_from.t ......................... ok
t/19_authors.t .......................... ok
t/20_authors_with_special_characters.t .. ok
t/21_makemaker_args.t ................... ok
Use of uninitialized value $cmd in substitution (s///) at /usr/share/perl5/core_perl/ExtUtils/MM_Any.pm line 347.
Use of uninitialized value $mandir in pattern match (m//) at /usr/share/perl5/core_perl/ExtUtils/MM_Unix.pm line 1530.
Use of uninitialized value $mandir in pattern match (m//) at /usr/share/perl5/core_perl/ExtUtils/MM_Unix.pm line 1530.
Use of uninitialized value $mandir in pattern match (m//) at /usr/share/perl5/core_perl/ExtUtils/MM_Unix.pm line 1530.
Use of uninitialized value $mandir in pattern match (m//) at /usr/share/perl5/core_perl/ExtUtils/MM_Unix.pm line 1530.
Use of uninitialized value $mandir in pattern match (m//) at /usr/share/perl5/core_perl/ExtUtils/MM_Unix.pm line 1530.
Use of uninitialized value $mandir in pattern match (m//) at /usr/share/perl5/core_perl/ExtUtils/MM_Unix.pm line 1530.
Use of uninitialized value $mandir in pattern match (m//) at /usr/share/perl5/core_perl/ExtUtils/MM_Unix.pm line 1530.
Use of uninitialized value $mandir in pattern match (m//) at /usr/share/perl5/core_perl/ExtUtils/MM_Unix.pm line 1530.
Use of uninitialized value $mandir in pattern match (m//) at /usr/share/perl5/core_perl/ExtUtils/MM_Unix.pm line 1530.
Use of uninitialized value $cmd in substitution (s///) at /usr/share/perl5/core_perl/ExtUtils/MM_Any.pm line 347.
Use of uninitialized value $mandir in pattern match (m//) at /usr/share/perl5/core_perl/ExtUtils/MM_Unix.pm line 1530.
Use of uninitialized value $mandir in pattern match (m//) at /usr/share/perl5/core_perl/ExtUtils/MM_Unix.pm line 1530.
Use of uninitialized value $mandir in pattern match (m//) at /usr/share/perl5/core_perl/ExtUtils/MM_Unix.pm line 1530.
Use of uninitialized value $mandir in pattern match (m//) at /usr/share/perl5/core_perl/ExtUtils/MM_Unix.pm line 1530.
Use of uninitialized value $mandir in pattern match (m//) at /usr/share/perl5/core_perl/ExtUtils/MM_Unix.pm line 1530.
Use of uninitialized value $mandir in pattern match (m//) at /usr/share/perl5/core_perl/ExtUtils/MM_Unix.pm line 1530.
Use of uninitialized value $mandir in pattern match (m//) at /usr/share/perl5/core_perl/ExtUtils/MM_Unix.pm line 1530.
Use of uninitialized value $mandir in pattern match (m//) at /usr/share/perl5/core_perl/ExtUtils/MM_Unix.pm line 1530.
Use of uninitialized value $mandir in pattern match (m//) at /usr/share/perl5/core_perl/ExtUtils/MM_Unix.pm line 1530.
Use of uninitialized value $cmd in substitution (s///) at /usr/share/perl5/core_perl/ExtUtils/MM_Any.pm line 347.
Use of uninitialized value $mandir in pattern match (m//) at /usr/share/perl5/core_perl/ExtUtils/MM_Unix.pm line 1530.
Use of uninitialized value $mandir in pattern match (m//) at /usr/share/perl5/core_perl/ExtUtils/MM_Unix.pm line 1530.
Use of uninitialized value $mandir in pattern match (m//) at /usr/share/perl5/core_perl/ExtUtils/MM_Unix.pm line 1530.
Use of uninitialized value $mandir in pattern match (m//) at /usr/share/perl5/core_perl/ExtUtils/MM_Unix.pm line 1530.
Use of uninitialized value $mandir in pattern match (m//) at /usr/share/perl5/core_perl/ExtUtils/MM_Unix.pm line 1530.
Use of uninitialized value $mandir in pattern match (m//) at /usr/share/perl5/core_perl/ExtUtils/MM_Unix.pm line 1530.
Use of uninitialized value $mandir in pattern match (m//) at /usr/share/perl5/core_perl/ExtUtils/MM_Unix.pm line 1530.
Use of uninitialized value $mandir in pattern match (m//) at /usr/share/perl5/core_perl/ExtUtils/MM_Unix.pm line 1530.
Use of uninitialized value $mandir in pattern match (m//) at /usr/share/perl5/core_perl/ExtUtils/MM_Unix.pm line 1530.
Use of uninitialized value $cmd in substitution (s///) at /usr/share/perl5/core_perl/ExtUtils/MM_Any.pm line 347.
Use of uninitialized value $mandir in pattern match (m//) at /usr/share/perl5/core_perl/ExtUtils/MM_Unix.pm line 1530.
Use of uninitialized value $mandir in pattern match (m//) at /usr/share/perl5/core_perl/ExtUtils/MM_Unix.pm line 1530.
Use of uninitialized value $mandir in pattern match (m//) at /usr/share/perl5/core_perl/ExtUtils/MM_Unix.pm line 1530.
Use of uninitialized value $mandir in pattern match (m//) at /usr/share/perl5/core_perl/ExtUtils/MM_Unix.pm line 1530.
Use of uninitialized value $mandir in pattern match (m//) at /usr/share/perl5/core_perl/ExtUtils/MM_Unix.pm line 1530.
Use of uninitialized value $mandir in pattern match (m//) at /usr/share/perl5/core_perl/ExtUtils/MM_Unix.pm line 1530.
Use of uninitialized value $mandir in pattern match (m//) at /usr/share/perl5/core_perl/ExtUtils/MM_Unix.pm line 1530.
Use of uninitialized value $mandir in pattern match (m//) at /usr/share/perl5/core_perl/ExtUtils/MM_Unix.pm line 1530.
Use of uninitialized value $mandir in pattern match (m//) at /usr/share/perl5/core_perl/ExtUtils/MM_Unix.pm line 1530.
old INSTALLDIRS (probably set by makemaker_args) is overriden by installdirs
Use of uninitialized value $cmd in substitution (s///) at /usr/share/perl5/core_perl/ExtUtils/MM_Any.pm line 347.
Use of uninitialized value $mandir in pattern match (m//) at /usr/share/perl5/core_perl/ExtUtils/MM_Unix.pm line 1530.
Use of uninitialized value $mandir in pattern match (m//) at /usr/share/perl5/core_perl/ExtUtils/MM_Unix.pm line 1530.
Use of uninitialized value $mandir in pattern match (m//) at /usr/share/perl5/core_perl/ExtUtils/MM_Unix.pm line 1530.
Use of uninitialized value $mandir in pattern match (m//) at /usr/share/perl5/core_perl/ExtUtils/MM_Unix.pm line 1530.
Use of uninitialized value $mandir in pattern match (m//) at /usr/share/perl5/core_perl/ExtUtils/MM_Unix.pm line 1530.
Use of uninitialized value $mandir in pattern match (m//) at /usr/share/perl5/core_perl/ExtUtils/MM_Unix.pm line 1530.
Use of uninitialized value $mandir in pattern match (m//) at /usr/share/perl5/core_perl/ExtUtils/MM_Unix.pm line 1530.
Use of uninitialized value $mandir in pattern match (m//) at /usr/share/perl5/core_perl/ExtUtils/MM_Unix.pm line 1530.
Use of uninitialized value $mandir in pattern match (m//) at /usr/share/perl5/core_perl/ExtUtils/MM_Unix.pm line 1530.
Use of uninitialized value $cmd in substitution (s///) at /usr/share/perl5/core_perl/ExtUtils/MM_Any.pm line 347.
Use of uninitialized value $mandir in pattern match (m//) at /usr/share/perl5/core_perl/ExtUtils/MM_Unix.pm line 1530.
Use of uninitialized value $mandir in pattern match (m//) at /usr/share/perl5/core_perl/ExtUtils/MM_Unix.pm line 1530.
Use of uninitialized value $mandir in pattern match (m//) at /usr/share/perl5/core_perl/ExtUtils/MM_Unix.pm line 1530.
Use of uninitialized value $mandir in pattern match (m//) at /usr/share/perl5/core_perl/ExtUtils/MM_Unix.pm line 1530.
Use of uninitialized value $mandir in pattern match (m//) at /usr/share/perl5/core_perl/ExtUtils/MM_Unix.pm line 1530.
Use of uninitialized value $mandir in pattern match (m//) at /usr/share/perl5/core_perl/ExtUtils/MM_Unix.pm line 1530.
Use of uninitialized value $mandir in pattern match (m//) at /usr/share/perl5/core_perl/ExtUtils/MM_Unix.pm line 1530.
Use of uninitialized value $mandir in pattern match (m//) at /usr/share/perl5/core_perl/ExtUtils/MM_Unix.pm line 1530.
Use of uninitialized value $mandir in pattern match (m//) at /usr/share/perl5/core_perl/ExtUtils/MM_Unix.pm line 1530.
t/22_installdirs.t ...................... ok
t/23_pl_files.t ......................... ok
t/24_multiple_license_blocks.t .......... ok
t/25_perl_version_from.t ................ ok
t/26_unknown_func.t ..................... ok
Warning: prerequisite Test::More 9999 not found. We have 1.302199.
t/27_build_requires_and_include.t ....... ok
t/28_makemaker_args.t ................... ok
t/29_requires_from.t .................... ok
t/30_build_subdirs.t .................... ok
t/31_add_metadata.t ..................... ok
t/32_module_name.t ...................... ok
t/33_copy.t ............................. ok
t/34_readwrite.t ........................ ok
t/recursive/test.t ...................... ok
All tests successful.
Files=36, Tests=547, 11 wallclock secs ( 0.07 usr  0.02 sys +  9.91 cusr  1.66 csys = 11.66 CPU)
Result: PASS
>>> perl-module-install: Entering fakeroot...
Manifying 19 pod documents
Appending installation info to /tmp/pkg/perl-module-install/usr/lib/perl5/core_perl/perllocal.pod
Installing /tmp/pkg/perl-module-install/usr/share/perl5/vendor_perl/Module/AutoInstall.pm
Installing /tmp/pkg/perl-module-install/usr/share/perl5/vendor_perl/Module/Install.pm
Installing /tmp/pkg/perl-module-install/usr/share/perl5/vendor_perl/Module/Install.pod
Installing /tmp/pkg/perl-module-install/usr/share/perl5/vendor_perl/Module/Install/Can.pm
Installing /tmp/pkg/perl-module-install/usr/share/perl5/vendor_perl/Module/Install/Base.pm
Installing /tmp/pkg/perl-module-install/usr/share/perl5/vendor_perl/Module/Install/External.pm
Installing /tmp/pkg/perl-module-install/usr/share/perl5/vendor_perl/Module/Install/Win32.pm
Installing /tmp/pkg/perl-module-install/usr/share/perl5/vendor_perl/Module/Install/Inline.pm
Installing /tmp/pkg/perl-module-install/usr/share/perl5/vendor_perl/Module/Install/Makefile.pm
Installing /tmp/pkg/perl-module-install/usr/share/perl5/vendor_perl/Module/Install/Fetch.pm
Installing /tmp/pkg/perl-module-install/usr/share/perl5/vendor_perl/Module/Install/Philosophy.pod
Installing /tmp/pkg/perl-module-install/usr/share/perl5/vendor_perl/Module/Install/Share.pm
Installing /tmp/pkg/perl-module-install/usr/share/perl5/vendor_perl/Module/Install/Metadata.pm
Installing /tmp/pkg/perl-module-install/usr/share/perl5/vendor_perl/Module/Install/Compiler.pm
Installing /tmp/pkg/perl-module-install/usr/share/perl5/vendor_perl/Module/Install/With.pm
Installing /tmp/pkg/perl-module-install/usr/share/perl5/vendor_perl/Module/Install/FAQ.pod
Installing /tmp/pkg/perl-module-install/usr/share/perl5/vendor_perl/Module/Install/Scripts.pm
Installing /tmp/pkg/perl-module-install/usr/share/perl5/vendor_perl/Module/Install/Include.pm
Installing /tmp/pkg/perl-module-install/usr/share/perl5/vendor_perl/Module/Install/AutoInstall.pm
Installing /tmp/pkg/perl-module-install/usr/share/perl5/vendor_perl/Module/Install/Admin.pm
Installing /tmp/pkg/perl-module-install/usr/share/perl5/vendor_perl/Module/Install/PAR.pm
Installing /tmp/pkg/perl-module-install/usr/share/perl5/vendor_perl/Module/Install/Run.pm
Installing /tmp/pkg/perl-module-install/usr/share/perl5/vendor_perl/Module/Install/API.pod
Installing /tmp/pkg/perl-module-install/usr/share/perl5/vendor_perl/Module/Install/Bundle.pm
Installing /tmp/pkg/perl-module-install/usr/share/perl5/vendor_perl/Module/Install/MakeMaker.pm
Installing /tmp/pkg/perl-module-install/usr/share/perl5/vendor_perl/Module/Install/Deprecated.pm
Installing /tmp/pkg/perl-module-install/usr/share/perl5/vendor_perl/Module/Install/WriteAll.pm
Installing /tmp/pkg/perl-module-install/usr/share/perl5/vendor_perl/Module/Install/Admin/Makefile.pm
Installing /tmp/pkg/perl-module-install/usr/share/perl5/vendor_perl/Module/Install/Admin/ScanDeps.pm
Installing /tmp/pkg/perl-module-install/usr/share/perl5/vendor_perl/Module/Install/Admin/Metadata.pm
Installing /tmp/pkg/perl-module-install/usr/share/perl5/vendor_perl/Module/Install/Admin/Compiler.pm
Installing /tmp/pkg/perl-module-install/usr/share/perl5/vendor_perl/Module/Install/Admin/Find.pm
Installing /tmp/pkg/perl-module-install/usr/share/perl5/vendor_perl/Module/Install/Admin/Include.pm
Installing /tmp/pkg/perl-module-install/usr/share/perl5/vendor_perl/Module/Install/Admin/Manifest.pm
Installing /tmp/pkg/perl-module-install/usr/share/perl5/vendor_perl/Module/Install/Admin/Bundle.pm
Installing /tmp/pkg/perl-module-install/usr/share/perl5/vendor_perl/Module/Install/Admin/WriteAll.pm
Installing /tmp/pkg/perl-module-install/usr/share/perl5/vendor_perl/inc/Module/Install.pm
Installing /tmp/pkg/perl-module-install/usr/share/man/man3/Module::Install::Can.3pm
Installing /tmp/pkg/perl-module-install/usr/share/man/man3/Module::Install::With.3pm
Installing /tmp/pkg/perl-module-install/usr/share/man/man3/Module::AutoInstall.3pm
Installing /tmp/pkg/perl-module-install/usr/share/man/man3/inc::Module::Install.3pm
Installing /tmp/pkg/perl-module-install/usr/share/man/man3/Module::Install::Share.3pm
Installing /tmp/pkg/perl-module-install/usr/share/man/man3/Module::Install::API.3pm
Installing /tmp/pkg/perl-module-install/usr/share/man/man3/Module::Install::Admin.3pm
Installing /tmp/pkg/perl-module-install/usr/share/man/man3/Module::Install::Admin::Manifest.3pm
Installing /tmp/pkg/perl-module-install/usr/share/man/man3/Module::Install::Philosophy.3pm
Installing /tmp/pkg/perl-module-install/usr/share/man/man3/Module::Install::Deprecated.3pm
Installing /tmp/pkg/perl-module-install/usr/share/man/man3/Module::Install::Makefile.3pm
Installing /tmp/pkg/perl-module-install/usr/share/man/man3/Module::Install::External.3pm
Installing /tmp/pkg/perl-module-install/usr/share/man/man3/Module::Install::PAR.3pm
Installing /tmp/pkg/perl-module-install/usr/share/man/man3/Module::Install.3pm
Installing /tmp/pkg/perl-module-install/usr/share/man/man3/Module::Install::Admin::Include.3pm
Installing /tmp/pkg/perl-module-install/usr/share/man/man3/Module::Install::Base.3pm
Installing /tmp/pkg/perl-module-install/usr/share/man/man3/Module::Install::FAQ.3pm
Installing /tmp/pkg/perl-module-install/usr/share/man/man3/Module::Install::Compiler.3pm
Installing /tmp/pkg/perl-module-install/usr/share/man/man3/Module::Install::Bundle.3pm
>>> perl-module-install-doc*: Running split function doc...
'usr/share/man' -> '/tmp/pkg/perl-module-install-doc/usr/share/man'
>>> perl-module-install-doc*: Preparing subpackage perl-module-install-doc...
>>> perl-module-install-doc*: Running postcheck for perl-module-install-doc
>>> perl-module-install*: Running postcheck for perl-module-install
>>> perl-module-install*: Preparing package perl-module-install...
>>> perl-module-install-doc*: Tracing dependencies...
>>> perl-module-install-doc*: Package size: 55.8 KB
>>> perl-module-install-doc*: Compressing data...
>>> perl-module-install-doc*: Create checksum...
>>> perl-module-install-doc*: Create perl-module-install-doc-1.21-r1.apk
>>> perl-module-install*: Tracing dependencies...
	perl
	perl-yaml-tiny
	perl-module-build
	perl-module-scandeps
	perl-file-remove
>>> perl-module-install*: Package size: 224.3 KB
>>> perl-module-install*: Compressing data...
>>> perl-module-install*: Create checksum...
>>> perl-module-install*: Create perl-module-install-1.21-r1.apk
>>> perl-module-install: Updating the main/x86_64 repository index...
>>> perl-module-install: Signing the index...
>>> perl-module-install: Cleaning up srcdir
>>> perl-module-install: Cleaning up build chroot
>>> perl-module-install: Cleaning up pkgdir
