pigz: not found
>>> perl-convert-color: Building main/perl-convert-color 0.18-r0 (using abuild 3.14.1-r4) started Sun, 18 May 2025 09:10:09 +0000
>>> perl-convert-color: Validating /home/packager/aports/main/perl-convert-color/APKBUILD...
>>> perl-convert-color: Analyzing dependencies...
>>> perl-convert-color: Installing for build: build-base perl perl-list-utilsby perl-meta perl-module-pluggable perl-module-build rgb
(1/11) Installing libbz2 (1.0.8-r6)
(2/11) Installing perl (5.40.2-r0)
(3/11) Installing perl-list-utilsby (0.12-r2)
(4/11) Installing perl-meta (0.013-r0)
(5/11) Installing perl-module-pluggable (6.3-r0)
(6/11) Installing perl-module-build (0.4234-r1)
(7/11) Installing rgb (1.1.0-r5)
(8/11) Installing .makedepends-perl-convert-color (20250518.091010)
(9/11) Installing perl-error (0.17030-r0)
(10/11) Installing perl-git (2.47.2-r0)
(11/11) Installing git-perl (2.47.2-r0)
Executing busybox-1.37.0-r12.trigger
OK: 298 MiB in 92 packages
>>> perl-convert-color: Cleaning up srcdir
>>> perl-convert-color: Cleaning up pkgdir
>>> perl-convert-color: Cleaning up tmpdir
>>> perl-convert-color: Fetching https://cpan.metacpan.org/authors/id/P/PE/PEVANS/Convert-Color-0.18.tar.gz
Connecting to cpan.metacpan.org (146.75.122.217:443)
saving to '/var/cache/distfiles/Convert-Color-0.18.tar.gz.part'
Convert-Color-0.18.t 100% |********************************| 36546  0:00:00 ETA
'/var/cache/distfiles/Convert-Color-0.18.tar.gz.part' saved
>>> perl-convert-color: Fetching https://cpan.metacpan.org/authors/id/P/PE/PEVANS/Convert-Color-0.18.tar.gz
>>> perl-convert-color: Checking sha512sums...
Convert-Color-0.18.tar.gz: OK
>>> perl-convert-color: Unpacking /var/cache/distfiles/Convert-Color-0.18.tar.gz...
Created MYMETA.yml and MYMETA.json
Creating new 'Build' script for 'Convert-Color' version '0.18'
Building Convert-Color
t/00use.t ........... ok
t/01rgb.t ........... ok
t/02hsv.t ........... ok
t/03hsl.t ........... ok
t/04cmy.t ........... ok
t/05cmyk.t .......... ok
t/11convert-rgb.t ... ok
t/12convert-hsv.t ... ok
t/13convert-hsl.t ... ok
t/14convert-cmy.t ... ok
t/15convert-cmyk.t .. ok
t/20magic-const.t ... ok
t/21rgb-blend.t ..... ok
t/22rgb-dst.t ....... ok
t/23hsv-dst.t ....... ok
t/24hsl-dst.t ....... ok
t/30vga.t ........... ok
t/31x11.t ........... ok
t/99pod.t ........... skipped: Test::Pod 1.00 required for testing POD
All tests successful.
Files=19, Tests=427,  3 wallclock secs ( 0.07 usr  0.04 sys +  2.23 cusr  0.39 csys =  2.73 CPU)
Result: PASS
>>> perl-convert-color: Entering fakeroot...
Building Convert-Color
Installing /home/packager/aports/main/perl-convert-color/pkg/perl-convert-color/usr/share/perl5/vendor_perl/Convert/Color.pm
Installing /home/packager/aports/main/perl-convert-color/pkg/perl-convert-color/usr/share/perl5/vendor_perl/Convert/Color/HSV.pm
Installing /home/packager/aports/main/perl-convert-color/pkg/perl-convert-color/usr/share/perl5/vendor_perl/Convert/Color/HSL.pm
Installing /home/packager/aports/main/perl-convert-color/pkg/perl-convert-color/usr/share/perl5/vendor_perl/Convert/Color/VGA.pm
Installing /home/packager/aports/main/perl-convert-color/pkg/perl-convert-color/usr/share/perl5/vendor_perl/Convert/Color/X11.pm
Installing /home/packager/aports/main/perl-convert-color/pkg/perl-convert-color/usr/share/perl5/vendor_perl/Convert/Color/RGB8.pm
Installing /home/packager/aports/main/perl-convert-color/pkg/perl-convert-color/usr/share/perl5/vendor_perl/Convert/Color/RGB16.pm
Installing /home/packager/aports/main/perl-convert-color/pkg/perl-convert-color/usr/share/perl5/vendor_perl/Convert/Color/HueChromaBased.pm
Installing /home/packager/aports/main/perl-convert-color/pkg/perl-convert-color/usr/share/perl5/vendor_perl/Convert/Color/CMY.pm
Installing /home/packager/aports/main/perl-convert-color/pkg/perl-convert-color/usr/share/perl5/vendor_perl/Convert/Color/CMYK.pm
Installing /home/packager/aports/main/perl-convert-color/pkg/perl-convert-color/usr/share/perl5/vendor_perl/Convert/Color/RGB.pm
Installing /home/packager/aports/main/perl-convert-color/pkg/perl-convert-color/usr/share/man/man3/Convert::Color::VGA.3pm
Installing /home/packager/aports/main/perl-convert-color/pkg/perl-convert-color/usr/share/man/man3/Convert::Color::CMY.3pm
Installing /home/packager/aports/main/perl-convert-color/pkg/perl-convert-color/usr/share/man/man3/Convert::Color::HSL.3pm
Installing /home/packager/aports/main/perl-convert-color/pkg/perl-convert-color/usr/share/man/man3/Convert::Color::RGB16.3pm
Installing /home/packager/aports/main/perl-convert-color/pkg/perl-convert-color/usr/share/man/man3/Convert::Color.3pm
Installing /home/packager/aports/main/perl-convert-color/pkg/perl-convert-color/usr/share/man/man3/Convert::Color::HSV.3pm
Installing /home/packager/aports/main/perl-convert-color/pkg/perl-convert-color/usr/share/man/man3/Convert::Color::X11.3pm
Installing /home/packager/aports/main/perl-convert-color/pkg/perl-convert-color/usr/share/man/man3/Convert::Color::RGB.3pm
Installing /home/packager/aports/main/perl-convert-color/pkg/perl-convert-color/usr/share/man/man3/Convert::Color::RGB8.3pm
Installing /home/packager/aports/main/perl-convert-color/pkg/perl-convert-color/usr/share/man/man3/Convert::Color::CMYK.3pm
>>> perl-convert-color-doc*: Running split function doc...
'usr/share/man' -> '/home/packager/aports/main/perl-convert-color/pkg/perl-convert-color-doc/usr/share/man'
>>> perl-convert-color-doc*: Preparing subpackage perl-convert-color-doc...
>>> perl-convert-color-doc*: Running postcheck for perl-convert-color-doc
>>> perl-convert-color*: Running postcheck for perl-convert-color
>>> perl-convert-color*: Preparing package perl-convert-color...
>>> perl-convert-color-doc*: Tracing dependencies...
>>> perl-convert-color-doc*: Package size: 20.4 KB
>>> perl-convert-color-doc*: Compressing data...
>>> perl-convert-color-doc*: Create checksum...
pigz: not found
>>> perl-convert-color-doc*: Create perl-convert-color-doc-0.18-r0.apk
>>> perl-convert-color*: Tracing dependencies...
	perl
	perl-list-utilsby
	perl-meta
	perl-module-pluggable
>>> perl-convert-color*: Package size: 56.1 KB
>>> perl-convert-color*: Compressing data...
>>> perl-convert-color*: Create checksum...
pigz: not found
>>> perl-convert-color*: Create perl-convert-color-0.18-r0.apk
>>> perl-convert-color: Build complete at Sun, 18 May 2025 09:10:15 +0000 elapsed time 0h 0m 6s
>>> perl-convert-color: Cleaning up srcdir
>>> perl-convert-color: Cleaning up pkgdir
>>> perl-convert-color: Uninstalling dependencies...
(1/11) Purging .makedepends-perl-convert-color (20250518.091010)
(2/11) Purging perl-list-utilsby (0.12-r2)
(3/11) Purging perl-meta (0.013-r0)
(4/11) Purging perl-module-pluggable (6.3-r0)
(5/11) Purging perl-module-build (0.4234-r1)
(6/11) Purging rgb (1.1.0-r5)
(7/11) Purging git-perl (2.47.2-r0)
(8/11) Purging perl-git (2.47.2-r0)
(9/11) Purging perl-error (0.17030-r0)
(10/11) Purging perl (5.40.2-r0)
(11/11) Purging libbz2 (1.0.8-r6)
Executing busybox-1.37.0-r12.trigger
OK: 261 MiB in 81 packages
>>> perl-convert-color: Updating the main/x86_64 repository index...
>>> perl-convert-color: Signing the index...
pigz: not found
