pigz: not found
>>> perl-class-singleton: Building main/perl-class-singleton 1.6-r2 (using abuild 3.14.1-r4) started Sun, 18 May 2025 07:56:07 +0000
>>> perl-class-singleton: Validating /home/packager/aports/main/perl-class-singleton/APKBUILD...
>>> perl-class-singleton: Analyzing dependencies...
>>> perl-class-singleton: Installing for build: build-base perl
(1/6) Installing libbz2 (1.0.8-r6)
(2/6) Installing perl (5.40.2-r0)
(3/6) Installing .makedepends-perl-class-singleton (20250518.075610)
(4/6) Installing perl-error (0.17029-r2)
(5/6) Installing perl-git (2.47.2-r0)
(6/6) Installing git-perl (2.47.2-r0)
Executing busybox-1.37.0-r12.trigger
OK: 297 MiB in 87 packages
>>> perl-class-singleton: Cleaning up srcdir
>>> perl-class-singleton: Cleaning up pkgdir
>>> perl-class-singleton: Cleaning up tmpdir
>>> perl-class-singleton: Fetching https://cpan.metacpan.org/authors/id/S/SH/SHAY/Class-Singleton-1.6.tar.gz
Connecting to cpan.metacpan.org (146.75.122.217:443)
saving to '/var/cache/distfiles/Class-Singleton-1.6.tar.gz.part'
Class-Singleton-1.6. 100% |********************************| 16164  0:00:00 ETA
'/var/cache/distfiles/Class-Singleton-1.6.tar.gz.part' saved
>>> perl-class-singleton: Fetching https://cpan.metacpan.org/authors/id/S/SH/SHAY/Class-Singleton-1.6.tar.gz
>>> perl-class-singleton: Checking sha512sums...
Class-Singleton-1.6.tar.gz: OK
>>> perl-class-singleton: Unpacking /var/cache/distfiles/Class-Singleton-1.6.tar.gz...
Checking if your kit is complete...
Looks good
Generating a Unix-style Makefile
Writing Makefile for Class::Singleton
Writing MYMETA.yml and MYMETA.json
cp lib/Class/Singleton.pm blib/lib/Class/Singleton.pm
Manifying 1 pod document
PERL_DL_NONLAZY=1 "/usr/bin/perl" "-MExtUtils::Command::MM" "-MTest::Harness" "-e" "undef *Test::Harness::Switches; test_harness(0, 'blib/lib', 'blib/arch')" t/*.t
t/changes.t ....... skipped: Author testing only
t/critic.t ........ skipped: Author testing only
t/pod.t ........... skipped: Author testing only
t/pod_coverage.t .. skipped: Author testing only
t/singleton.t ..... ok
All tests successful.
Files=5, Tests=29,  0 wallclock secs ( 0.03 usr  0.01 sys +  0.30 cusr  0.05 csys =  0.39 CPU)
Result: PASS
>>> perl-class-singleton: Entering fakeroot...
Manifying 1 pod document
Appending installation info to /home/packager/aports/main/perl-class-singleton/pkg/perl-class-singleton/usr/lib/perl5/core_perl/perllocal.pod
Installing /home/packager/aports/main/perl-class-singleton/pkg/perl-class-singleton/usr/share/perl5/vendor_perl/Class/Singleton.pm
Installing /home/packager/aports/main/perl-class-singleton/pkg/perl-class-singleton/usr/share/man/man3/Class::Singleton.3pm
>>> perl-class-singleton-doc*: Running split function doc...
'usr/share/man' -> '/home/packager/aports/main/perl-class-singleton/pkg/perl-class-singleton-doc/usr/share/man'
>>> perl-class-singleton-doc*: Preparing subpackage perl-class-singleton-doc...
>>> perl-class-singleton-doc*: Running postcheck for perl-class-singleton-doc
>>> perl-class-singleton*: Running postcheck for perl-class-singleton
>>> perl-class-singleton*: Preparing package perl-class-singleton...
>>> perl-class-singleton-doc*: Tracing dependencies...
>>> perl-class-singleton-doc*: Package size: 4.1 KB
>>> perl-class-singleton-doc*: Compressing data...
>>> perl-class-singleton-doc*: Create checksum...
pigz: not found
>>> perl-class-singleton-doc*: Create perl-class-singleton-doc-1.6-r2.apk
>>> perl-class-singleton*: Tracing dependencies...
	perl
>>> perl-class-singleton*: Package size: 12.4 KB
>>> perl-class-singleton*: Compressing data...
>>> perl-class-singleton*: Create checksum...
pigz: not found
>>> perl-class-singleton*: Create perl-class-singleton-1.6-r2.apk
>>> perl-class-singleton: Build complete at Sun, 18 May 2025 07:56:12 +0000 elapsed time 0h 0m 5s
>>> perl-class-singleton: Cleaning up srcdir
>>> perl-class-singleton: Cleaning up pkgdir
>>> perl-class-singleton: Uninstalling dependencies...
(1/6) Purging .makedepends-perl-class-singleton (20250518.075610)
(2/6) Purging git-perl (2.47.2-r0)
(3/6) Purging perl-git (2.47.2-r0)
(4/6) Purging perl-error (0.17029-r2)
(5/6) Purging perl (5.40.2-r0)
(6/6) Purging libbz2 (1.0.8-r6)
Executing busybox-1.37.0-r12.trigger
OK: 261 MiB in 81 packages
>>> perl-class-singleton: Updating the main/x86_64 repository index...
>>> perl-class-singleton: Signing the index...
pigz: not found
