>>> perl-mail-dkim: Validating /home/packager/oily-pine/main/perl-mail-dkim/APKBUILD...
>>> perl-mail-dkim: Cleaning up srcdir
>>> perl-mail-dkim: Cleaning up pkgdir
>>> perl-mail-dkim: Cleaning up tmpdir
>>> perl-mail-dkim: Fetching https://cpan.metacpan.org/authors/id/M/MB/MBRADSHAW/Mail-DKIM-1.20240923.tar.gz
  % Total    % Received % Xferd  Average Speed   Time    Time     Time  Current
                                 Dload  Upload   Total   Spent    Left  Speed
  0     0    0     0    0     0      0      0 --:--:-- --:--:-- --:--:--     0  0     0    0     0    0     0      0      0 --:--:-- --:--:-- --:--:--     0100  180k  100  180k    0     0   868k      0 --:--:-- --:--:-- --:--:--  865k
>>> perl-mail-dkim: Fetching https://cpan.metacpan.org/authors/id/M/MB/MBRADSHAW/Mail-DKIM-1.20240923.tar.gz
>>> perl-mail-dkim: Checking sha512sums...
Mail-DKIM-1.20240923.tar.gz: OK
>>> perl-mail-dkim: Preparing build chroot...
fetch http://dl-cdn.alpinelinux.org/alpine/edge/main/x86_64/APKINDEX.tar.gz
(1/88) Installing musl (1.2.5-r10)
(2/88) Installing libcrypto3 (3.5.0-r0)
(3/88) Installing ca-certificates-bundle (20241121-r2)
(4/88) Installing libssl3 (3.5.0-r0)
(5/88) Installing zlib (1.3.1-r2)
(6/88) Installing libapk2 (2.14.9-r2)
(7/88) Installing apk-tools (2.14.9-r2)
(8/88) Installing libcap2 (2.76-r0)
(9/88) Installing libcap-getcap (2.76-r0)
(10/88) Installing fakeroot (1.37.1.1-r0)
(11/88) Installing scanelf (1.3.8-r1)
(12/88) Installing musl-utils (1.2.5-r10)
(13/88) Installing libgcc (14.3.0-r1)
(14/88) Installing libstdc++ (14.3.0-r1)
(15/88) Installing lzip (1.25-r0)
(16/88) Installing openssl (3.5.0-r0)
(17/88) Installing patch (2.8-r0)
(18/88) Installing pkgconf (2.4.3-r0)
(19/88) Installing acl-libs (2.3.2-r1)
(20/88) Installing tar (1.35-r3)
(21/88) Installing busybox (1.37.0-r18)
Executing busybox-1.37.0-r18.post-install
(22/88) Installing ssl_client (1.37.0-r18)
(23/88) Installing busybox-binsh (1.37.0-r18)
(24/88) Installing abuild (3.15.0-r0)
Executing abuild-3.15.0-r0.pre-install
(25/88) Installing abuild-sudo (3.15.0-r0)
(26/88) Installing alpine-baselayout-data (3.7.0-r0)
(27/88) Installing alpine-baselayout (3.7.0-r0)
Executing alpine-baselayout-3.7.0-r0.pre-install
Executing alpine-baselayout-3.7.0-r0.post-install
(28/88) Installing bridge (1.5-r5)
(29/88) Installing ifupdown-ng (0.12.1-r7)
(30/88) Installing openrc-user (0.62.2-r2)
(31/88) Installing openrc (0.62.2-r2)
Executing openrc-0.62.2-r2.post-install
(32/88) Installing mdev-conf (4.8-r0)
(33/88) Installing busybox-mdev-openrc (1.37.0-r18)
(34/88) Installing alpine-conf (3.20.0-r0)
(35/88) Installing alpine-keys (2.5-r0)
(36/88) Installing alpine-release (3.22.0-r0)
(37/88) Installing busybox-openrc (1.37.0-r18)
(38/88) Installing busybox-suid (1.37.0-r18)
(39/88) Installing alpine-base (3.22.0-r0)
(40/88) Installing jansson (2.14.1-r0)
(41/88) Installing zstd-libs (1.5.7-r0)
(42/88) Installing binutils (2.44-r0)
(43/88) Installing libmagic (5.46-r2)
(44/88) Installing file (5.46-r2)
(45/88) Installing libgomp (14.3.0-r1)
(46/88) Installing libatomic (14.3.0-r1)
(47/88) Installing gmp (6.3.0-r3)
(48/88) Installing isl26 (0.26-r1)
(49/88) Installing mpfr4 (4.2.1_p1-r0)
(50/88) Installing mpc1 (1.3.1-r1)
(51/88) Installing gcc (14.3.0-r1)
(52/88) Installing libstdc++-dev (14.3.0-r1)
(53/88) Installing musl-dev (1.2.5-r10)
(54/88) Installing g++ (14.3.0-r1)
(55/88) Installing make (4.4.1-r3)
(56/88) Installing fortify-headers (1.1-r5)
(57/88) Installing build-base (0.5-r3)
(58/88) Installing brotli-libs (1.1.0-r2)
(59/88) Installing c-ares (1.34.5-r0)
(60/88) Installing libunistring (1.3-r0)
(61/88) Installing libidn2 (2.3.7-r0)
(62/88) Installing nghttp2-libs (1.65.0-r0)
(63/88) Installing libpsl (0.21.5-r3)
(64/88) Installing libcurl (8.14.0-r2)
(65/88) Installing libexpat (2.7.1-r0)
(66/88) Installing pcre2 (10.43-r1)
(67/88) Installing git (2.49.0-r0)
(68/88) Installing git-init-template (2.49.0-r0)
(69/88) Installing libbz2 (1.0.8-r6)
(70/88) Installing perl (5.40.2-r0)
(71/88) Installing perl-error (0.17030-r0)
(72/88) Installing perl-git (2.49.0-r0)
(73/88) Installing git-perl (2.49.0-r0)
(74/88) Installing perl-crypt-openssl-random (0.17-r0)
(75/88) Installing perl-crypt-openssl-rsa (0.33-r4)
(76/88) Installing perl-cryptx (0.084-r0)
(77/88) Installing perl-json (4.10-r1)
(78/88) Installing perl-clone (0.47-r0)
(79/88) Installing perl-mail-authenticationresults (2.20231031-r0)
(80/88) Installing perl-timedate (2.33-r4)
(81/88) Installing perl-mailtools (2.22-r0)
(82/88) Installing perl-digest-sha1 (2.13-r19)
(83/88) Installing perl-digest-md5 (2.59-r2)
(84/88) Installing perl-digest-hmac (1.05-r0)
(85/88) Installing perl-net-dns (1.49-r0)
(86/88) Installing perl-net-dns-resolver-mock (1.20230216-r1)
(87/88) Installing perl-test-requiresinternet (0.05-r4)
(88/88) Installing perl-yaml-libyaml (0.904.0-r0)
Executing busybox-1.37.0-r18.trigger
OK: 300 MiB in 88 packages
>>> perl-mail-dkim: Fetching https://cpan.metacpan.org/authors/id/M/MB/MBRADSHAW/Mail-DKIM-1.20240923.tar.gz
>>> perl-mail-dkim: Checking sha512sums...
Mail-DKIM-1.20240923.tar.gz: OK
>>> perl-mail-dkim: Unpacking /var/cache/distfiles/Mail-DKIM-1.20240923.tar.gz...
Warning: prerequisite YAML 0 not found.
Checking if your kit is complete...
Looks good
Generating a Unix-style Makefile
Writing Makefile for Mail::DKIM
Writing MYMETA.yml and MYMETA.json
cp lib/Mail/DKIM/Canonicalization/nowsp.pm blib/lib/Mail/DKIM/Canonicalization/nowsp.pm
cp lib/Mail/DKIM/Key.pm blib/lib/Mail/DKIM/Key.pm
cp lib/Mail/DKIM/KeyValueList.pm blib/lib/Mail/DKIM/KeyValueList.pm
cp lib/Mail/DKIM/Canonicalization/dk_nofws.pm blib/lib/Mail/DKIM/Canonicalization/dk_nofws.pm
cp lib/Mail/DKIM/ARC/Seal.pm blib/lib/Mail/DKIM/ARC/Seal.pm
cp lib/Mail/DKIM/Signer.pm blib/lib/Mail/DKIM/Signer.pm
cp lib/Mail/DKIM.pm blib/lib/Mail/DKIM.pm
cp lib/Mail/DKIM/Common.pm blib/lib/Mail/DKIM/Common.pm
cp lib/Mail/DKIM/Policy.pm blib/lib/Mail/DKIM/Policy.pm
cp lib/Mail/DKIM/DkPolicy.pm blib/lib/Mail/DKIM/DkPolicy.pm
cp lib/Mail/DKIM/Signature.pm blib/lib/Mail/DKIM/Signature.pm
cp lib/Mail/DKIM/DkimPolicy.pm blib/lib/Mail/DKIM/DkimPolicy.pm
cp lib/Mail/DKIM/Canonicalization/simple.pm blib/lib/Mail/DKIM/Canonicalization/simple.pm
cp lib/Mail/DKIM/DkSignature.pm blib/lib/Mail/DKIM/DkSignature.pm
cp lib/Mail/DKIM/Canonicalization/seal.pm blib/lib/Mail/DKIM/Canonicalization/seal.pm
cp lib/Mail/DKIM/PrivateKey.pm blib/lib/Mail/DKIM/PrivateKey.pm
cp lib/Mail/DKIM/MessageParser.pm blib/lib/Mail/DKIM/MessageParser.pm
cp lib/Mail/DKIM/Algorithm/rsa_sha256.pm blib/lib/Mail/DKIM/Algorithm/rsa_sha256.pm
cp lib/Mail/DKIM/TextWrap.pm blib/lib/Mail/DKIM/TextWrap.pm
cp lib/Mail/DKIM/Canonicalization/DkCommon.pm blib/lib/Mail/DKIM/Canonicalization/DkCommon.pm
cp lib/Mail/DKIM/Canonicalization/relaxed.pm blib/lib/Mail/DKIM/Canonicalization/relaxed.pm
cp lib/Mail/DKIM/Algorithm/dk_rsa_sha1.pm blib/lib/Mail/DKIM/Algorithm/dk_rsa_sha1.pm
cp lib/Mail/DKIM/Algorithm/Base.pm blib/lib/Mail/DKIM/Algorithm/Base.pm
cp lib/Mail/DKIM/ARC/Signer.pm blib/lib/Mail/DKIM/ARC/Signer.pm
cp lib/Mail/DKIM/Algorithm/ed25519_sha256.pm blib/lib/Mail/DKIM/Algorithm/ed25519_sha256.pm
cp lib/Mail/DKIM/Canonicalization/Base.pm blib/lib/Mail/DKIM/Canonicalization/Base.pm
cp lib/Mail/DKIM/PublicKey.pm blib/lib/Mail/DKIM/PublicKey.pm
cp lib/Mail/DKIM/ARC/Verifier.pm blib/lib/Mail/DKIM/ARC/Verifier.pm
cp lib/Mail/DKIM/ARC/MessageSignature.pm blib/lib/Mail/DKIM/ARC/MessageSignature.pm
cp lib/Mail/DKIM/AuthorDomainPolicy.pm blib/lib/Mail/DKIM/AuthorDomainPolicy.pm
cp lib/Mail/DKIM/SignerPolicy.pm blib/lib/Mail/DKIM/SignerPolicy.pm
cp lib/Mail/DKIM/Algorithm/rsa_sha1.pm blib/lib/Mail/DKIM/Algorithm/rsa_sha1.pm
cp lib/Mail/DKIM/Canonicalization/DkimCommon.pm blib/lib/Mail/DKIM/Canonicalization/DkimCommon.pm
cp lib/Mail/DKIM/Verifier.pm blib/lib/Mail/DKIM/Verifier.pm
cp lib/Mail/DKIM/DNS.pm blib/lib/Mail/DKIM/DNS.pm
cp lib/Mail/DKIM/Canonicalization/dk_simple.pm blib/lib/Mail/DKIM/Canonicalization/dk_simple.pm
Manifying 36 pod documents
PERL_DL_NONLAZY=1 "/usr/bin/perl" "-MExtUtils::Command::MM" "-MTest::Harness" "-e" "undef *Test::Harness::Switches; test_harness(0, 'blib/lib', 'blib/arch')" t/*.t
t/adsp.t ........................ ok
Authentication-Results Header parse error: not expecting a string at /tmp/src/Mail-DKIM-1.20240923/blib/lib/Mail/DKIM/ARC/Signer.pm line 116.

Authentication-Results: Garbage Authentication-Results Header - SHOULD NOT PARSE at /tmp/src/Mail-DKIM-1.20240923/blib/lib/Mail/DKIM/ARC/Signer.pm line 121.
t/arc-draft-sign-tests.t ........ ok
t/arc-draft-validation-tests.t .. ok
t/arc-signer.t .................. ok
t/author-pod-syntax.t ........... skipped: these tests are for testing by the author
t/dev-manifest.t ................ skipped: Author tests not required for installation
t/external_signer.t ............. ok
t/Mail-DKIM.t ................... ok
t/policy.t ...................... skipped: no host: www.google.com
t/public_key.t .................. skipped: no host: www.google.com
t/signature.t ................... ok
t/signer.t ...................... ok
t/signer_dk.t ................... ok
t/signer_expiration.t ........... ok
t/signer_expiration_set_time.t .. ok
t/signer_policy.t ............... ok
t/simple_canonicalization.t ..... ok
t/textwrap.t .................... ok
did not cache that DNS entry: 2023-05-ed25519-does-not-exist._domainkey.wander.science
>>>
t/verifier.t .................... ok
t/verifier_strict.t ............. ok
All tests successful.
Files=20, Tests=471, 22 wallclock secs ( 0.05 usr  0.01 sys +  1.55 cusr  0.93 csys =  2.54 CPU)
Result: PASS
>>> perl-mail-dkim: Entering fakeroot...
Manifying 36 pod documents
Installing /tmp/pkg/perl-mail-dkim/usr/share/perl5/vendor_perl/Mail/DKIM.pm
Installing /tmp/pkg/perl-mail-dkim/usr/share/perl5/vendor_perl/Mail/DKIM/PublicKey.pm
Installing /tmp/pkg/perl-mail-dkim/usr/share/perl5/vendor_perl/Mail/DKIM/DkSignature.pm
Installing /tmp/pkg/perl-mail-dkim/usr/share/perl5/vendor_perl/Mail/DKIM/DkimPolicy.pm
Installing /tmp/pkg/perl-mail-dkim/usr/share/perl5/vendor_perl/Mail/DKIM/PrivateKey.pm
Installing /tmp/pkg/perl-mail-dkim/usr/share/perl5/vendor_perl/Mail/DKIM/Signature.pm
Installing /tmp/pkg/perl-mail-dkim/usr/share/perl5/vendor_perl/Mail/DKIM/Common.pm
Installing /tmp/pkg/perl-mail-dkim/usr/share/perl5/vendor_perl/Mail/DKIM/Verifier.pm
Installing /tmp/pkg/perl-mail-dkim/usr/share/perl5/vendor_perl/Mail/DKIM/Signer.pm
Installing /tmp/pkg/perl-mail-dkim/usr/share/perl5/vendor_perl/Mail/DKIM/DkPolicy.pm
Installing /tmp/pkg/perl-mail-dkim/usr/share/perl5/vendor_perl/Mail/DKIM/DNS.pm
Installing /tmp/pkg/perl-mail-dkim/usr/share/perl5/vendor_perl/Mail/DKIM/KeyValueList.pm
Installing /tmp/pkg/perl-mail-dkim/usr/share/perl5/vendor_perl/Mail/DKIM/AuthorDomainPolicy.pm
Installing /tmp/pkg/perl-mail-dkim/usr/share/perl5/vendor_perl/Mail/DKIM/TextWrap.pm
Installing /tmp/pkg/perl-mail-dkim/usr/share/perl5/vendor_perl/Mail/DKIM/SignerPolicy.pm
Installing /tmp/pkg/perl-mail-dkim/usr/share/perl5/vendor_perl/Mail/DKIM/Key.pm
Installing /tmp/pkg/perl-mail-dkim/usr/share/perl5/vendor_perl/Mail/DKIM/MessageParser.pm
Installing /tmp/pkg/perl-mail-dkim/usr/share/perl5/vendor_perl/Mail/DKIM/Policy.pm
Installing /tmp/pkg/perl-mail-dkim/usr/share/perl5/vendor_perl/Mail/DKIM/Canonicalization/relaxed.pm
Installing /tmp/pkg/perl-mail-dkim/usr/share/perl5/vendor_perl/Mail/DKIM/Canonicalization/Base.pm
Installing /tmp/pkg/perl-mail-dkim/usr/share/perl5/vendor_perl/Mail/DKIM/Canonicalization/DkimCommon.pm
Installing /tmp/pkg/perl-mail-dkim/usr/share/perl5/vendor_perl/Mail/DKIM/Canonicalization/DkCommon.pm
Installing /tmp/pkg/perl-mail-dkim/usr/share/perl5/vendor_perl/Mail/DKIM/Canonicalization/simple.pm
Installing /tmp/pkg/perl-mail-dkim/usr/share/perl5/vendor_perl/Mail/DKIM/Canonicalization/dk_nofws.pm
Installing /tmp/pkg/perl-mail-dkim/usr/share/perl5/vendor_perl/Mail/DKIM/Canonicalization/dk_simple.pm
Installing /tmp/pkg/perl-mail-dkim/usr/share/perl5/vendor_perl/Mail/DKIM/Canonicalization/seal.pm
Installing /tmp/pkg/perl-mail-dkim/usr/share/perl5/vendor_perl/Mail/DKIM/Canonicalization/nowsp.pm
Installing /tmp/pkg/perl-mail-dkim/usr/share/perl5/vendor_perl/Mail/DKIM/ARC/Verifier.pm
Installing /tmp/pkg/perl-mail-dkim/usr/share/perl5/vendor_perl/Mail/DKIM/ARC/MessageSignature.pm
Installing /tmp/pkg/perl-mail-dkim/usr/share/perl5/vendor_perl/Mail/DKIM/ARC/Signer.pm
Installing /tmp/pkg/perl-mail-dkim/usr/share/perl5/vendor_perl/Mail/DKIM/ARC/Seal.pm
Installing /tmp/pkg/perl-mail-dkim/usr/share/perl5/vendor_perl/Mail/DKIM/Algorithm/Base.pm
Installing /tmp/pkg/perl-mail-dkim/usr/share/perl5/vendor_perl/Mail/DKIM/Algorithm/ed25519_sha256.pm
Installing /tmp/pkg/perl-mail-dkim/usr/share/perl5/vendor_perl/Mail/DKIM/Algorithm/dk_rsa_sha1.pm
Installing /tmp/pkg/perl-mail-dkim/usr/share/perl5/vendor_perl/Mail/DKIM/Algorithm/rsa_sha1.pm
Installing /tmp/pkg/perl-mail-dkim/usr/share/perl5/vendor_perl/Mail/DKIM/Algorithm/rsa_sha256.pm
Installing /tmp/pkg/perl-mail-dkim/usr/share/man/man3/Mail::DKIM::Algorithm::rsa_sha256.3pm
Installing /tmp/pkg/perl-mail-dkim/usr/share/man/man3/Mail::DKIM::KeyValueList.3pm
Installing /tmp/pkg/perl-mail-dkim/usr/share/man/man3/Mail::DKIM::PublicKey.3pm
Installing /tmp/pkg/perl-mail-dkim/usr/share/man/man3/Mail::DKIM.3pm
Installing /tmp/pkg/perl-mail-dkim/usr/share/man/man3/Mail::DKIM::Verifier.3pm
Installing /tmp/pkg/perl-mail-dkim/usr/share/man/man3/Mail::DKIM::SignerPolicy.3pm
Installing /tmp/pkg/perl-mail-dkim/usr/share/man/man3/Mail::DKIM::DkimPolicy.3pm
Installing /tmp/pkg/perl-mail-dkim/usr/share/man/man3/Mail::DKIM::AuthorDomainPolicy.3pm
Installing /tmp/pkg/perl-mail-dkim/usr/share/man/man3/Mail::DKIM::Canonicalization::dk_nofws.3pm
Installing /tmp/pkg/perl-mail-dkim/usr/share/man/man3/Mail::DKIM::Canonicalization::DkCommon.3pm
Installing /tmp/pkg/perl-mail-dkim/usr/share/man/man3/Mail::DKIM::ARC::Signer.3pm
Installing /tmp/pkg/perl-mail-dkim/usr/share/man/man3/Mail::DKIM::Algorithm::Base.3pm
Installing /tmp/pkg/perl-mail-dkim/usr/share/man/man3/Mail::DKIM::Canonicalization::Base.3pm
Installing /tmp/pkg/perl-mail-dkim/usr/share/man/man3/Mail::DKIM::DkSignature.3pm
Installing /tmp/pkg/perl-mail-dkim/usr/share/man/man3/Mail::DKIM::Algorithm::ed25519_sha256.3pm
Installing /tmp/pkg/perl-mail-dkim/usr/share/man/man3/Mail::DKIM::Algorithm::dk_rsa_sha1.3pm
Installing /tmp/pkg/perl-mail-dkim/usr/share/man/man3/Mail::DKIM::Canonicalization::seal.3pm
Installing /tmp/pkg/perl-mail-dkim/usr/share/man/man3/Mail::DKIM::Canonicalization::simple.3pm
Installing /tmp/pkg/perl-mail-dkim/usr/share/man/man3/Mail::DKIM::Signature.3pm
Installing /tmp/pkg/perl-mail-dkim/usr/share/man/man3/Mail::DKIM::Canonicalization::nowsp.3pm
Installing /tmp/pkg/perl-mail-dkim/usr/share/man/man3/Mail::DKIM::Key.3pm
Installing /tmp/pkg/perl-mail-dkim/usr/share/man/man3/Mail::DKIM::Canonicalization::DkimCommon.3pm
Installing /tmp/pkg/perl-mail-dkim/usr/share/man/man3/Mail::DKIM::TextWrap.3pm
Installing /tmp/pkg/perl-mail-dkim/usr/share/man/man3/Mail::DKIM::Canonicalization::relaxed.3pm
Installing /tmp/pkg/perl-mail-dkim/usr/share/man/man3/Mail::DKIM::Policy.3pm
Installing /tmp/pkg/perl-mail-dkim/usr/share/man/man3/Mail::DKIM::Algorithm::rsa_sha1.3pm
Installing /tmp/pkg/perl-mail-dkim/usr/share/man/man3/Mail::DKIM::Signer.3pm
Installing /tmp/pkg/perl-mail-dkim/usr/share/man/man3/Mail::DKIM::ARC::Verifier.3pm
Installing /tmp/pkg/perl-mail-dkim/usr/share/man/man3/Mail::DKIM::Canonicalization::dk_simple.3pm
Installing /tmp/pkg/perl-mail-dkim/usr/share/man/man3/Mail::DKIM::ARC::MessageSignature.3pm
Installing /tmp/pkg/perl-mail-dkim/usr/share/man/man3/Mail::DKIM::DkPolicy.3pm
Installing /tmp/pkg/perl-mail-dkim/usr/share/man/man3/Mail::DKIM::MessageParser.3pm
Installing /tmp/pkg/perl-mail-dkim/usr/share/man/man3/Mail::DKIM::DNS.3pm
Installing /tmp/pkg/perl-mail-dkim/usr/share/man/man3/Mail::DKIM::Common.3pm
Installing /tmp/pkg/perl-mail-dkim/usr/share/man/man3/Mail::DKIM::ARC::Seal.3pm
Installing /tmp/pkg/perl-mail-dkim/usr/share/man/man3/Mail::DKIM::PrivateKey.3pm
>>> perl-mail-dkim-doc*: Running split function doc...
'usr/share/man' -> '/tmp/pkg/perl-mail-dkim-doc/usr/share/man'
>>> perl-mail-dkim-doc*: Preparing subpackage perl-mail-dkim-doc...
>>> perl-mail-dkim-doc*: Running postcheck for perl-mail-dkim-doc
>>> perl-mail-dkim*: Running postcheck for perl-mail-dkim
>>> perl-mail-dkim*: Preparing package perl-mail-dkim...
>>> perl-mail-dkim-doc*: Tracing dependencies...
>>> perl-mail-dkim-doc*: Package size: 79.4 KB
>>> perl-mail-dkim-doc*: Compressing data...
>>> perl-mail-dkim-doc*: Create checksum...
>>> perl-mail-dkim-doc*: Create perl-mail-dkim-doc-1.20240923-r0.apk
>>> perl-mail-dkim*: Tracing dependencies...
	perl
	perl-net-dns
	perl-mailtools
	perl-crypt-openssl-rsa
	perl-mail-authenticationresults
	perl-cryptx
>>> perl-mail-dkim*: Package size: 286.9 KB
>>> perl-mail-dkim*: Compressing data...
>>> perl-mail-dkim*: Create checksum...
>>> perl-mail-dkim*: Create perl-mail-dkim-1.20240923-r0.apk
>>> perl-mail-dkim: Updating the main/x86_64 repository index...
>>> perl-mail-dkim: Signing the index...
>>> perl-mail-dkim: Cleaning up srcdir
>>> perl-mail-dkim: Cleaning up build chroot
>>> perl-mail-dkim: Cleaning up pkgdir
