pigz: not found
>>> perl-dbix-dbschema: Building main/perl-dbix-dbschema 0.47-r2 (using abuild 3.14.1-r4) started Sun, 18 May 2025 09:05:54 +0000
>>> perl-dbix-dbschema: Validating /home/packager/aports/main/perl-dbix-dbschema/APKBUILD...
>>> perl-dbix-dbschema: Analyzing dependencies...
>>> perl-dbix-dbschema: Installing for build: build-base perl perl-dbi
(1/7) Installing libbz2 (1.0.8-r6)
(2/7) Installing perl (5.40.2-r0)
(3/7) Installing perl-dbi (1.647-r0)
(4/7) Installing .makedepends-perl-dbix-dbschema (20250518.090555)
(5/7) Installing perl-error (0.17030-r0)
(6/7) Installing perl-git (2.47.2-r0)
(7/7) Installing git-perl (2.47.2-r0)
Executing busybox-1.37.0-r12.trigger
OK: 299 MiB in 88 packages
>>> perl-dbix-dbschema: Cleaning up srcdir
>>> perl-dbix-dbschema: Cleaning up pkgdir
>>> perl-dbix-dbschema: Cleaning up tmpdir
>>> perl-dbix-dbschema: Fetching https://cpan.metacpan.org/authors/id/I/IV/IVAN/DBIx-DBSchema-0.47.tar.gz
Connecting to cpan.metacpan.org (146.75.122.217:443)
saving to '/var/cache/distfiles/DBIx-DBSchema-0.47.tar.gz.part'
DBIx-DBSchema-0.47.t 100% |********************************| 29763  0:00:00 ETA
'/var/cache/distfiles/DBIx-DBSchema-0.47.tar.gz.part' saved
>>> perl-dbix-dbschema: Fetching https://cpan.metacpan.org/authors/id/I/IV/IVAN/DBIx-DBSchema-0.47.tar.gz
>>> perl-dbix-dbschema: Checking sha512sums...
DBIx-DBSchema-0.47.tar.gz: OK
>>> perl-dbix-dbschema: Unpacking /var/cache/distfiles/DBIx-DBSchema-0.47.tar.gz...
Checking if your kit is complete...
Looks good
Generating a Unix-style Makefile
Writing Makefile for DBIx::DBSchema
Writing MYMETA.yml and MYMETA.json
cp DBSchema/ForeignKey.pm blib/lib/DBIx/DBSchema/ForeignKey.pm
cp DBSchema/DBD/Oracle.pm blib/lib/DBIx/DBSchema/DBD/Oracle.pm
cp DBSchema/DBD/Pg.pm blib/lib/DBIx/DBSchema/DBD/Pg.pm
cp DBSchema/Table.pm blib/lib/DBIx/DBSchema/Table.pm
cp DBSchema/Column.pm blib/lib/DBIx/DBSchema/Column.pm
cp DBSchema/DBD.pm blib/lib/DBIx/DBSchema/DBD.pm
cp DBSchema.pm blib/lib/DBIx/DBSchema.pm
cp DBSchema/DBD/mysql.pm blib/lib/DBIx/DBSchema/DBD/mysql.pm
cp DBSchema/_util.pm blib/lib/DBIx/DBSchema/_util.pm
cp DBSchema/DBD/SQLite.pm blib/lib/DBIx/DBSchema/DBD/SQLite.pm
cp DBSchema/DBD/Sybase.pm blib/lib/DBIx/DBSchema/DBD/Sybase.pm
cp DBSchema/Index.pm blib/lib/DBIx/DBSchema/Index.pm
Manifying 11 pod documents
PERL_DL_NONLAZY=1 "/usr/bin/perl" "-MExtUtils::Command::MM" "-MTest::Harness" "-e" "undef *Test::Harness::Switches; test_harness(0, 'blib/lib', 'blib/arch')" t/*.t
t/load-mysql.t .......... ok
t/load-oracle.t ......... ok
t/load-pg.t ............. ok
t/load-sqlite.t ......... ok
t/load-sybase.t ......... ok
t/load.t ................ ok
# Generated: bar LONGTEXT NOT NULL  
t/mysql-text-default.t .. ok
All tests successful.
Files=7, Tests=8,  0 wallclock secs ( 0.03 usr  0.01 sys +  0.18 cusr  0.01 csys =  0.23 CPU)
Result: PASS
>>> perl-dbix-dbschema: Entering fakeroot...
Manifying 11 pod documents
Appending installation info to /home/packager/aports/main/perl-dbix-dbschema/pkg/perl-dbix-dbschema/usr/lib/perl5/core_perl/perllocal.pod
Installing /home/packager/aports/main/perl-dbix-dbschema/pkg/perl-dbix-dbschema/usr/share/perl5/vendor_perl/DBIx/DBSchema.pm
Installing /home/packager/aports/main/perl-dbix-dbschema/pkg/perl-dbix-dbschema/usr/share/perl5/vendor_perl/DBIx/DBSchema/DBD.pm
Installing /home/packager/aports/main/perl-dbix-dbschema/pkg/perl-dbix-dbschema/usr/share/perl5/vendor_perl/DBIx/DBSchema/Table.pm
Installing /home/packager/aports/main/perl-dbix-dbschema/pkg/perl-dbix-dbschema/usr/share/perl5/vendor_perl/DBIx/DBSchema/ForeignKey.pm
Installing /home/packager/aports/main/perl-dbix-dbschema/pkg/perl-dbix-dbschema/usr/share/perl5/vendor_perl/DBIx/DBSchema/_util.pm
Installing /home/packager/aports/main/perl-dbix-dbschema/pkg/perl-dbix-dbschema/usr/share/perl5/vendor_perl/DBIx/DBSchema/Index.pm
Installing /home/packager/aports/main/perl-dbix-dbschema/pkg/perl-dbix-dbschema/usr/share/perl5/vendor_perl/DBIx/DBSchema/Column.pm
Installing /home/packager/aports/main/perl-dbix-dbschema/pkg/perl-dbix-dbschema/usr/share/perl5/vendor_perl/DBIx/DBSchema/DBD/mysql.pm
Installing /home/packager/aports/main/perl-dbix-dbschema/pkg/perl-dbix-dbschema/usr/share/perl5/vendor_perl/DBIx/DBSchema/DBD/SQLite.pm
Installing /home/packager/aports/main/perl-dbix-dbschema/pkg/perl-dbix-dbschema/usr/share/perl5/vendor_perl/DBIx/DBSchema/DBD/Oracle.pm
Installing /home/packager/aports/main/perl-dbix-dbschema/pkg/perl-dbix-dbschema/usr/share/perl5/vendor_perl/DBIx/DBSchema/DBD/Sybase.pm
Installing /home/packager/aports/main/perl-dbix-dbschema/pkg/perl-dbix-dbschema/usr/share/perl5/vendor_perl/DBIx/DBSchema/DBD/Pg.pm
Installing /home/packager/aports/main/perl-dbix-dbschema/pkg/perl-dbix-dbschema/usr/share/man/man3/DBIx::DBSchema::Index.3pm
Installing /home/packager/aports/main/perl-dbix-dbschema/pkg/perl-dbix-dbschema/usr/share/man/man3/DBIx::DBSchema.3pm
Installing /home/packager/aports/main/perl-dbix-dbschema/pkg/perl-dbix-dbschema/usr/share/man/man3/DBIx::DBSchema::DBD::Pg.3pm
Installing /home/packager/aports/main/perl-dbix-dbschema/pkg/perl-dbix-dbschema/usr/share/man/man3/DBIx::DBSchema::ForeignKey.3pm
Installing /home/packager/aports/main/perl-dbix-dbschema/pkg/perl-dbix-dbschema/usr/share/man/man3/DBIx::DBSchema::DBD::Sybase.3pm
Installing /home/packager/aports/main/perl-dbix-dbschema/pkg/perl-dbix-dbschema/usr/share/man/man3/DBIx::DBSchema::DBD::Oracle.3pm
Installing /home/packager/aports/main/perl-dbix-dbschema/pkg/perl-dbix-dbschema/usr/share/man/man3/DBIx::DBSchema::DBD.3pm
Installing /home/packager/aports/main/perl-dbix-dbschema/pkg/perl-dbix-dbschema/usr/share/man/man3/DBIx::DBSchema::DBD::mysql.3pm
Installing /home/packager/aports/main/perl-dbix-dbschema/pkg/perl-dbix-dbschema/usr/share/man/man3/DBIx::DBSchema::Table.3pm
Installing /home/packager/aports/main/perl-dbix-dbschema/pkg/perl-dbix-dbschema/usr/share/man/man3/DBIx::DBSchema::Column.3pm
Installing /home/packager/aports/main/perl-dbix-dbschema/pkg/perl-dbix-dbschema/usr/share/man/man3/DBIx::DBSchema::DBD::SQLite.3pm
>>> perl-dbix-dbschema-doc*: Running split function doc...
'usr/share/man' -> '/home/packager/aports/main/perl-dbix-dbschema/pkg/perl-dbix-dbschema-doc/usr/share/man'
>>> perl-dbix-dbschema-doc*: Preparing subpackage perl-dbix-dbschema-doc...
>>> perl-dbix-dbschema-doc*: Running postcheck for perl-dbix-dbschema-doc
>>> perl-dbix-dbschema*: Running postcheck for perl-dbix-dbschema
>>> perl-dbix-dbschema*: Preparing package perl-dbix-dbschema...
>>> perl-dbix-dbschema-doc*: Tracing dependencies...
>>> perl-dbix-dbschema-doc*: Package size: 23.7 KB
>>> perl-dbix-dbschema-doc*: Compressing data...
>>> perl-dbix-dbschema-doc*: Create checksum...
pigz: not found
>>> perl-dbix-dbschema-doc*: Create perl-dbix-dbschema-doc-0.47-r2.apk
>>> perl-dbix-dbschema*: Tracing dependencies...
	perl
	perl-dbi
>>> perl-dbix-dbschema*: Package size: 96.0 KB
>>> perl-dbix-dbschema*: Compressing data...
>>> perl-dbix-dbschema*: Create checksum...
pigz: not found
>>> perl-dbix-dbschema*: Create perl-dbix-dbschema-0.47-r2.apk
>>> perl-dbix-dbschema: Build complete at Sun, 18 May 2025 09:05:58 +0000 elapsed time 0h 0m 4s
>>> perl-dbix-dbschema: Cleaning up srcdir
>>> perl-dbix-dbschema: Cleaning up pkgdir
>>> perl-dbix-dbschema: Uninstalling dependencies...
(1/7) Purging .makedepends-perl-dbix-dbschema (20250518.090555)
(2/7) Purging perl-dbi (1.647-r0)
(3/7) Purging git-perl (2.47.2-r0)
(4/7) Purging perl-git (2.47.2-r0)
(5/7) Purging perl-error (0.17030-r0)
(6/7) Purging perl (5.40.2-r0)
(7/7) Purging libbz2 (1.0.8-r6)
Executing busybox-1.37.0-r12.trigger
OK: 261 MiB in 81 packages
>>> perl-dbix-dbschema: Updating the main/x86_64 repository index...
>>> perl-dbix-dbschema: Signing the index...
pigz: not found
