>>> perl-encode: Validating /home/packager/oily-pine/main/perl-encode/APKBUILD...
>>> perl-encode: Cleaning up srcdir
>>> perl-encode: Cleaning up pkgdir
>>> perl-encode: Cleaning up tmpdir
>>> perl-encode: Fetching https://cpan.metacpan.org/authors/id/D/DA/DANKOGAI/Encode-3.21.tar.gz
  % Total    % Received % Xferd  Average Speed   Time    Time     Time  Current
                                 Dload  Upload   Total   Spent    Left  Speed
  0     0    0     0    0     0      0      0 --:--:-- --:--:-- --:--:--     0  0     0    0     0    0     0      0      0 --:--:-- --:--:-- --:--:--     0100 2037k  100 2037k    0     0  4383k      0 --:--:-- --:--:-- --:--:-- 4382k
>>> perl-encode: Fetching https://cpan.metacpan.org/authors/id/D/DA/DANKOGAI/Encode-3.21.tar.gz
>>> perl-encode: Checking sha512sums...
Encode-3.21.tar.gz: OK
>>> perl-encode: Preparing build chroot...
fetch http://dl-cdn.alpinelinux.org/alpine/edge/main/x86_64/APKINDEX.tar.gz
(1/75) Installing musl (1.2.5-r10)
(2/75) Installing libcrypto3 (3.5.0-r0)
(3/75) Installing ca-certificates-bundle (20241121-r2)
(4/75) Installing libssl3 (3.5.0-r0)
(5/75) Installing zlib (1.3.1-r2)
(6/75) Installing libapk2 (2.14.9-r2)
(7/75) Installing apk-tools (2.14.9-r2)
(8/75) Installing libcap2 (2.76-r0)
(9/75) Installing libcap-getcap (2.76-r0)
(10/75) Installing fakeroot (1.37.1.1-r0)
(11/75) Installing scanelf (1.3.8-r1)
(12/75) Installing musl-utils (1.2.5-r10)
(13/75) Installing libgcc (14.3.0-r1)
(14/75) Installing libstdc++ (14.3.0-r1)
(15/75) Installing lzip (1.25-r0)
(16/75) Installing openssl (3.5.0-r0)
(17/75) Installing patch (2.8-r0)
(18/75) Installing pkgconf (2.4.3-r0)
(19/75) Installing acl-libs (2.3.2-r1)
(20/75) Installing tar (1.35-r3)
(21/75) Installing busybox (1.37.0-r18)
Executing busybox-1.37.0-r18.post-install
(22/75) Installing ssl_client (1.37.0-r18)
(23/75) Installing busybox-binsh (1.37.0-r18)
(24/75) Installing abuild (3.15.0-r0)
Executing abuild-3.15.0-r0.pre-install
(25/75) Installing abuild-sudo (3.15.0-r0)
(26/75) Installing alpine-baselayout-data (3.7.0-r0)
(27/75) Installing alpine-baselayout (3.7.0-r0)
Executing alpine-baselayout-3.7.0-r0.pre-install
Executing alpine-baselayout-3.7.0-r0.post-install
(28/75) Installing bridge (1.5-r5)
(29/75) Installing ifupdown-ng (0.12.1-r7)
(30/75) Installing openrc-user (0.62.2-r2)
(31/75) Installing openrc (0.62.2-r2)
Executing openrc-0.62.2-r2.post-install
(32/75) Installing mdev-conf (4.8-r0)
(33/75) Installing busybox-mdev-openrc (1.37.0-r18)
(34/75) Installing alpine-conf (3.20.0-r0)
(35/75) Installing alpine-keys (2.5-r0)
(36/75) Installing alpine-release (3.22.0-r0)
(37/75) Installing busybox-openrc (1.37.0-r18)
(38/75) Installing busybox-suid (1.37.0-r18)
(39/75) Installing alpine-base (3.22.0-r0)
(40/75) Installing jansson (2.14.1-r0)
(41/75) Installing zstd-libs (1.5.7-r0)
(42/75) Installing binutils (2.44-r0)
(43/75) Installing libmagic (5.46-r2)
(44/75) Installing file (5.46-r2)
(45/75) Installing libgomp (14.3.0-r1)
(46/75) Installing libatomic (14.3.0-r1)
(47/75) Installing gmp (6.3.0-r3)
(48/75) Installing isl26 (0.26-r1)
(49/75) Installing mpfr4 (4.2.1_p1-r0)
(50/75) Installing mpc1 (1.3.1-r1)
(51/75) Installing gcc (14.3.0-r1)
(52/75) Installing libstdc++-dev (14.3.0-r1)
(53/75) Installing musl-dev (1.2.5-r10)
(54/75) Installing g++ (14.3.0-r1)
(55/75) Installing make (4.4.1-r3)
(56/75) Installing fortify-headers (1.1-r5)
(57/75) Installing build-base (0.5-r3)
(58/75) Installing brotli-libs (1.1.0-r2)
(59/75) Installing c-ares (1.34.5-r0)
(60/75) Installing libunistring (1.3-r0)
(61/75) Installing libidn2 (2.3.7-r0)
(62/75) Installing nghttp2-libs (1.65.0-r0)
(63/75) Installing libpsl (0.21.5-r3)
(64/75) Installing libcurl (8.14.0-r2)
(65/75) Installing libexpat (2.7.1-r0)
(66/75) Installing pcre2 (10.43-r1)
(67/75) Installing git (2.49.0-r0)
(68/75) Installing git-init-template (2.49.0-r0)
(69/75) Installing libbz2 (1.0.8-r6)
(70/75) Installing perl (5.40.2-r0)
(71/75) Installing perl-error (0.17030-r0)
(72/75) Installing perl-git (2.49.0-r0)
(73/75) Installing git-perl (2.49.0-r0)
(74/75) Installing perl-utils (5.40.2-r0)
(75/75) Installing perl-dev (5.40.2-r0)
Executing busybox-1.37.0-r18.trigger
OK: 305 MiB in 75 packages
>>> perl-encode: Fetching https://cpan.metacpan.org/authors/id/D/DA/DANKOGAI/Encode-3.21.tar.gz
>>> perl-encode: Checking sha512sums...
Encode-3.21.tar.gz: OK
>>> perl-encode: Unpacking /var/cache/distfiles/Encode-3.21.tar.gz...
Checking if your kit is complete...
Looks good
Writing MYMETA.yml and MYMETA.json
Writing MYMETA.yml and MYMETA.json
Writing MYMETA.yml and MYMETA.json
Writing MYMETA.yml and MYMETA.json
Writing MYMETA.yml and MYMETA.json
Writing MYMETA.yml and MYMETA.json
Writing MYMETA.yml and MYMETA.json
Writing MYMETA.yml and MYMETA.json
Generating a Unix-style Makefile
Writing Makefile for Encode
Writing MYMETA.yml and MYMETA.json
Running Mkbootstrap for Encode ()
"/usr/bin/perl" "/usr/share/perl5/core_perl/ExtUtils/xsubpp"  -typemap '/usr/share/perl5/core_perl/ExtUtils/typemap'  Encode.xs > Encode.xsc
"/usr/bin/perl"  bin/enc2xs -"Q" -"O" -o def_t.c -f def_t.fnm
cc -c  -I./Encode -D_REENTRANT -D_GNU_SOURCE -D_GNU_SOURCE -fwrapv -fno-strict-aliasing -pipe -fstack-protector-strong -D_LARGEFILE_SOURCE -D_FILE_OFFSET_BITS=64 -Wpointer-sign -Os -fstack-clash-protection -Wformat -Werror=format-security -fno-plt -O2   -DVERSION=\"3.21\" -DXS_VERSION=\"3.21\" -fPIC "-I/usr/lib/perl5/core_perl/CORE"   encengine.c
make[1]: Entering directory '/tmp/src/Encode-3.21/Byte'
Running Mkbootstrap for Byte ()
chmod 644 "Encode.bs"
"/usr/bin/perl" -MExtUtils::Command::MM -e 'cp_nonempty' -- Encode.bs blib/arch/auto/Encode/Encode.bs 644
"/usr/bin/perl"  ../bin/enc2xs -"Q" -"O" -o byte_t.c -f byte_t.fnm
cp Byte.pm ../blib/lib/Encode/Byte.pm
Reading iso-8859-1 (iso-8859-1)
Reading ascii (ascii)
Reading cp1252 (cp1252)
Reading ascii-ctrl (ascii-ctrl)
Reading null (null)
cc -c  -I./Encode -D_REENTRANT -D_GNU_SOURCE -D_GNU_SOURCE -fwrapv -fno-strict-aliasing -pipe -fstack-protector-strong -D_LARGEFILE_SOURCE -D_FILE_OFFSET_BITS=64 -Wpointer-sign -Os -fstack-clash-protection -Wformat -Werror=format-security -fno-plt -O2   -DVERSION=\"3.21\" -DXS_VERSION=\"3.21\" -fPIC "-I/usr/lib/perl5/core_perl/CORE"   def_t.c
chmod 644 "Byte.bs"
"/usr/bin/perl" -MExtUtils::Command::MM -e 'cp_nonempty' -- Byte.bs ../blib/arch/auto/Encode/Byte/Byte.bs 644
mv Encode.xsc Encode.c
cc -c  -I./Encode -D_REENTRANT -D_GNU_SOURCE -D_GNU_SOURCE -fwrapv -fno-strict-aliasing -pipe -fstack-protector-strong -D_LARGEFILE_SOURCE -D_FILE_OFFSET_BITS=64 -Wpointer-sign -Os -fstack-clash-protection -Wformat -Werror=format-security -fno-plt -O2   -DVERSION=\"3.21\" -DXS_VERSION=\"3.21\" -fPIC "-I/usr/lib/perl5/core_perl/CORE"   Encode.c
cp Encode.pm blib/lib/Encode.pm
cp lib/Encode/JP/JIS7.pm blib/lib/Encode/JP/JIS7.pm
cp lib/Encode/MIME/Header.pm blib/lib/Encode/MIME/Header.pm
cp lib/Encode/JP/H2Z.pm blib/lib/Encode/JP/H2Z.pm
cp lib/Encode/Config.pm blib/lib/Encode/Config.pm
cp lib/Encode/CN/HZ.pm blib/lib/Encode/CN/HZ.pm
cp Encode/_PM.e2x blib/lib/Encode/_PM.e2x
cp Encode/_T.e2x blib/lib/Encode/_T.e2x
cp Encode/encode.h blib/lib/Encode/encode.h
cp lib/Encode/MIME/Header/ISO_2022_JP.pm blib/lib/Encode/MIME/Header/ISO_2022_JP.pm
cp lib/Encode/Unicode/UTF7.pm blib/lib/Encode/Unicode/UTF7.pm
cp lib/Encode/CJKConstants.pm blib/lib/Encode/CJKConstants.pm
cp lib/Encode/Guess.pm blib/lib/Encode/Guess.pm
cp lib/Encode/Encoding.pm blib/lib/Encode/Encoding.pm
cp lib/Encode/Supported.pod blib/lib/Encode/Supported.pod
cp lib/Encode/Encoder.pm blib/lib/Encode/Encoder.pm
cp lib/Encode/GSM0338.pm blib/lib/Encode/GSM0338.pm
cp lib/Encode/MIME/Name.pm blib/lib/Encode/MIME/Name.pm
cp Encode/ConfigLocal_PM.e2x blib/lib/Encode/ConfigLocal_PM.e2x
cp lib/Encode/KR/2022_KR.pm blib/lib/Encode/KR/2022_KR.pm
cp lib/Encode/Alias.pm blib/lib/Encode/Alias.pm
cp encoding.pm blib/lib/encoding.pm
cp Encode/Makefile_PL.e2x blib/lib/Encode/Makefile_PL.e2x
cp Encode/README.e2x blib/lib/Encode/README.e2x
cp Encode/Changes.e2x blib/lib/Encode/Changes.e2x
cp lib/Encode/PerlIO.pod blib/lib/Encode/PerlIO.pod
Reading iso-8859-2 (iso-8859-2)
Reading iso-8859-3 (iso-8859-3)
Reading iso-8859-4 (iso-8859-4)
Reading iso-8859-5 (iso-8859-5)
Reading iso-8859-6 (iso-8859-6)
Reading iso-8859-7 (iso-8859-7)
Reading iso-8859-8 (iso-8859-8)
Reading iso-8859-9 (iso-8859-9)
Reading iso-8859-10 (iso-8859-10)
Reading iso-8859-11 (iso-8859-11)
Reading iso-8859-13 (iso-8859-13)
Reading iso-8859-14 (iso-8859-14)
Reading iso-8859-15 (iso-8859-15)
Reading iso-8859-16 (iso-8859-16)
Reading AdobeStandardEncoding (AdobeStandardEncoding)
Reading cp1006 (cp1006)
Reading cp1250 (cp1250)
Reading cp1251 (cp1251)
Reading cp1253 (cp1253)
Reading cp1254 (cp1254)
Reading cp1255 (cp1255)
Reading cp1256 (cp1256)
Reading cp1257 (cp1257)
Reading cp1258 (cp1258)
Reading cp424 (cp424)
Reading cp437 (cp437)
Reading cp737 (cp737)
Reading cp775 (cp775)
Reading cp850 (cp850)
Reading cp852 (cp852)
Reading cp855 (cp855)
Reading cp856 (cp856)
Reading cp857 (cp857)
Reading cp858 (cp858)
Reading cp860 (cp860)
Reading cp861 (cp861)
Reading cp862 (cp862)
Reading cp863 (cp863)
Reading cp864 (cp864)
Reading cp865 (cp865)
Reading cp866 (cp866)
Reading cp869 (cp869)
Reading cp874 (cp874)
Reading hp-roman8 (hp-roman8)
Reading koi8-f (koi8-f)
Reading koi8-r (koi8-r)
Reading koi8-u (koi8-u)
Reading MacArabic (MacArabic)
Reading MacCentralEurRoman (MacCentralEurRoman)
Reading MacCroatian (MacCroatian)
Reading MacCyrillic (MacCyrillic)
Reading MacFarsi (MacFarsi)
Reading MacGreek (MacGreek)
Reading MacHebrew (MacHebrew)
Reading MacIcelandic (MacIcelandic)
Reading MacRomanian (MacRomanian)
Reading MacRumanian (MacRumanian)
Reading MacRoman (MacRoman)
Reading MacSami (MacSami)
Reading MacThai (MacThai)
Reading MacTurkish (MacTurkish)
Reading MacUkrainian (MacUkrainian)
Reading nextstep (nextstep)
Reading viscii (viscii)
"/usr/bin/perl" "/usr/share/perl5/core_perl/ExtUtils/xsubpp"  -nolinenumbers -typemap '/usr/share/perl5/core_perl/ExtUtils/typemap'  Byte.xs > Byte.xsc
cc -c -I./Encode  -I../Encode -D_REENTRANT -D_GNU_SOURCE -D_GNU_SOURCE -fwrapv -fno-strict-aliasing -pipe -fstack-protector-strong -D_LARGEFILE_SOURCE -D_FILE_OFFSET_BITS=64 -Wpointer-sign -Os -fstack-clash-protection -Wformat -Werror=format-security -fno-plt -O2   -DVERSION=\"2.04\" -DXS_VERSION=\"2.04\" -fPIC "-I/usr/lib/perl5/core_perl/CORE"   byte_t.c
mv Byte.xsc Byte.c
cc -c -I./Encode  -I../Encode -D_REENTRANT -D_GNU_SOURCE -D_GNU_SOURCE -fwrapv -fno-strict-aliasing -pipe -fstack-protector-strong -D_LARGEFILE_SOURCE -D_FILE_OFFSET_BITS=64 -Wpointer-sign -Os -fstack-clash-protection -Wformat -Werror=format-security -fno-plt -O2   -DVERSION=\"2.04\" -DXS_VERSION=\"2.04\" -fPIC "-I/usr/lib/perl5/core_perl/CORE"   Byte.c
rm -f ../blib/arch/auto/Encode/Byte/Byte.so
cc  -shared -Os -fstack-clash-protection -Wformat -Werror=format-security -fno-plt -O2 -L/usr/local/lib -fstack-protector-strong  Byte.o byte_t.o  -o ../blib/arch/auto/Encode/Byte/Byte.so  \
      \
  
chmod 755 ../blib/arch/auto/Encode/Byte/Byte.so
make[1]: Leaving directory '/tmp/src/Encode-3.21/Byte'
make[1]: Entering directory '/tmp/src/Encode-3.21/CN'
Running Mkbootstrap for CN ()
"/usr/bin/perl"  ../bin/enc2xs -"Q" -o cp_00_t.c -f cp_00_t.fnm
"/usr/bin/perl"  ../bin/enc2xs -"Q" -o eu_01_t.c -f eu_01_t.fnm
"/usr/bin/perl"  ../bin/enc2xs -"Q" -o gb_02_t.c -f gb_02_t.fnm
"/usr/bin/perl"  ../bin/enc2xs -"Q" -o gb_03_t.c -f gb_03_t.fnm
"/usr/bin/perl"  ../bin/enc2xs -"Q" -o ir_04_t.c -f ir_04_t.fnm
"/usr/bin/perl"  ../bin/enc2xs -"Q" -o ma_05_t.c -f ma_05_t.fnm
chmod 644 "CN.bs"
"/usr/bin/perl" -MExtUtils::Command::MM -e 'cp_nonempty' -- CN.bs ../blib/arch/auto/Encode/CN/CN.bs 644
cp CN.pm ../blib/lib/Encode/CN.pm
Reading euc-cn (euc-cn)
Reading gb2312-raw (gb2312-raw)
cc -c -I./Encode  -I../Encode -D_REENTRANT -D_GNU_SOURCE -D_GNU_SOURCE -fwrapv -fno-strict-aliasing -pipe -fstack-protector-strong -D_LARGEFILE_SOURCE -D_FILE_OFFSET_BITS=64 -Wpointer-sign -Os -fstack-clash-protection -Wformat -Werror=format-security -fno-plt -O2   -DVERSION=\"2.03\" -DXS_VERSION=\"2.03\" -fPIC "-I/usr/lib/perl5/core_perl/CORE"   eu_01_t.c
cc -c -I./Encode  -I../Encode -D_REENTRANT -D_GNU_SOURCE -D_GNU_SOURCE -fwrapv -fno-strict-aliasing -pipe -fstack-protector-strong -D_LARGEFILE_SOURCE -D_FILE_OFFSET_BITS=64 -Wpointer-sign -Os -fstack-clash-protection -Wformat -Werror=format-security -fno-plt -O2   -DVERSION=\"2.03\" -DXS_VERSION=\"2.03\" -fPIC "-I/usr/lib/perl5/core_perl/CORE"   gb_03_t.c
Reading gb12345-raw (gb12345-raw)
Reading MacChineseSimp (MacChineseSimp)
cc -c -I./Encode  -I../Encode -D_REENTRANT -D_GNU_SOURCE -D_GNU_SOURCE -fwrapv -fno-strict-aliasing -pipe -fstack-protector-strong -D_LARGEFILE_SOURCE -D_FILE_OFFSET_BITS=64 -Wpointer-sign -Os -fstack-clash-protection -Wformat -Werror=format-security -fno-plt -O2   -DVERSION=\"2.03\" -DXS_VERSION=\"2.03\" -fPIC "-I/usr/lib/perl5/core_perl/CORE"   gb_02_t.c
cc -c -I./Encode  -I../Encode -D_REENTRANT -D_GNU_SOURCE -D_GNU_SOURCE -fwrapv -fno-strict-aliasing -pipe -fstack-protector-strong -D_LARGEFILE_SOURCE -D_FILE_OFFSET_BITS=64 -Wpointer-sign -Os -fstack-clash-protection -Wformat -Werror=format-security -fno-plt -O2   -DVERSION=\"2.03\" -DXS_VERSION=\"2.03\" -fPIC "-I/usr/lib/perl5/core_perl/CORE"   ma_05_t.c
Reading iso-ir-165 (iso-ir-165)
cc -c -I./Encode  -I../Encode -D_REENTRANT -D_GNU_SOURCE -D_GNU_SOURCE -fwrapv -fno-strict-aliasing -pipe -fstack-protector-strong -D_LARGEFILE_SOURCE -D_FILE_OFFSET_BITS=64 -Wpointer-sign -Os -fstack-clash-protection -Wformat -Werror=format-security -fno-plt -O2   -DVERSION=\"2.03\" -DXS_VERSION=\"2.03\" -fPIC "-I/usr/lib/perl5/core_perl/CORE"   ir_04_t.c
rm -f blib/arch/auto/Encode/Encode.so
cc  -shared -Os -fstack-clash-protection -Wformat -Werror=format-security -fno-plt -O2 -L/usr/local/lib -fstack-protector-strong  Encode.o def_t.o encengine.o  -o blib/arch/auto/Encode/Encode.so  \
      \
  
chmod 755 blib/arch/auto/Encode/Encode.so
Reading cp936 (cp936)
"/usr/bin/perl" "/usr/share/perl5/core_perl/ExtUtils/xsubpp" -noprototypes -nolinenumbers -typemap '/usr/share/perl5/core_perl/ExtUtils/typemap'  CN.xs > CN.xsc
cc -c -I./Encode  -I../Encode -D_REENTRANT -D_GNU_SOURCE -D_GNU_SOURCE -fwrapv -fno-strict-aliasing -pipe -fstack-protector-strong -D_LARGEFILE_SOURCE -D_FILE_OFFSET_BITS=64 -Wpointer-sign -Os -fstack-clash-protection -Wformat -Werror=format-security -fno-plt -O2   -DVERSION=\"2.03\" -DXS_VERSION=\"2.03\" -fPIC "-I/usr/lib/perl5/core_perl/CORE"   cp_00_t.c
mv CN.xsc CN.c
cc -c -I./Encode  -I../Encode -D_REENTRANT -D_GNU_SOURCE -D_GNU_SOURCE -fwrapv -fno-strict-aliasing -pipe -fstack-protector-strong -D_LARGEFILE_SOURCE -D_FILE_OFFSET_BITS=64 -Wpointer-sign -Os -fstack-clash-protection -Wformat -Werror=format-security -fno-plt -O2   -DVERSION=\"2.03\" -DXS_VERSION=\"2.03\" -fPIC "-I/usr/lib/perl5/core_perl/CORE"   CN.c
rm -f ../blib/arch/auto/Encode/CN/CN.so
cc  -shared -Os -fstack-clash-protection -Wformat -Werror=format-security -fno-plt -O2 -L/usr/local/lib -fstack-protector-strong  CN.o cp_00_t.o eu_01_t.o gb_02_t.o gb_03_t.o ir_04_t.o ma_05_t.o  -o ../blib/arch/auto/Encode/CN/CN.so  \
      \
  
chmod 755 ../blib/arch/auto/Encode/CN/CN.so
make[1]: Leaving directory '/tmp/src/Encode-3.21/CN'
make[1]: Entering directory '/tmp/src/Encode-3.21/EBCDIC'
Running Mkbootstrap for EBCDIC ()
"/usr/bin/perl"  ../bin/enc2xs -"Q" -"O" -o ebcdic_t.c -f ebcdic_t.fnm
chmod 644 "EBCDIC.bs"
"/usr/bin/perl" -MExtUtils::Command::MM -e 'cp_nonempty' -- EBCDIC.bs ../blib/arch/auto/Encode/EBCDIC/EBCDIC.bs 644
cp EBCDIC.pm ../blib/lib/Encode/EBCDIC.pm
Reading cp37 (cp37)
Reading cp1026 (cp1026)
Reading cp1047 (cp1047)
Reading cp500 (cp500)
Reading cp875 (cp875)
Reading posix-bc (posix-bc)
"/usr/bin/perl" "/usr/share/perl5/core_perl/ExtUtils/xsubpp"  -nolinenumbers -typemap '/usr/share/perl5/core_perl/ExtUtils/typemap'  EBCDIC.xs > EBCDIC.xsc
cc -c -I./Encode  -I../Encode -D_REENTRANT -D_GNU_SOURCE -D_GNU_SOURCE -fwrapv -fno-strict-aliasing -pipe -fstack-protector-strong -D_LARGEFILE_SOURCE -D_FILE_OFFSET_BITS=64 -Wpointer-sign -Os -fstack-clash-protection -Wformat -Werror=format-security -fno-plt -O2   -DVERSION=\"2.02\" -DXS_VERSION=\"2.02\" -fPIC "-I/usr/lib/perl5/core_perl/CORE"   ebcdic_t.c
mv EBCDIC.xsc EBCDIC.c
cc -c -I./Encode  -I../Encode -D_REENTRANT -D_GNU_SOURCE -D_GNU_SOURCE -fwrapv -fno-strict-aliasing -pipe -fstack-protector-strong -D_LARGEFILE_SOURCE -D_FILE_OFFSET_BITS=64 -Wpointer-sign -Os -fstack-clash-protection -Wformat -Werror=format-security -fno-plt -O2   -DVERSION=\"2.02\" -DXS_VERSION=\"2.02\" -fPIC "-I/usr/lib/perl5/core_perl/CORE"   EBCDIC.c
rm -f ../blib/arch/auto/Encode/EBCDIC/EBCDIC.so
cc  -shared -Os -fstack-clash-protection -Wformat -Werror=format-security -fno-plt -O2 -L/usr/local/lib -fstack-protector-strong  EBCDIC.o ebcdic_t.o  -o ../blib/arch/auto/Encode/EBCDIC/EBCDIC.so  \
      \
  
chmod 755 ../blib/arch/auto/Encode/EBCDIC/EBCDIC.so
make[1]: Leaving directory '/tmp/src/Encode-3.21/EBCDIC'
make[1]: Entering directory '/tmp/src/Encode-3.21/JP'
Running Mkbootstrap for JP ()
"/usr/bin/perl"  ../bin/enc2xs -"Q" -o cp_00_t.c -f cp_00_t.fnm
"/usr/bin/perl"  ../bin/enc2xs -"Q" -o eu_01_t.c -f eu_01_t.fnm
"/usr/bin/perl"  ../bin/enc2xs -"Q" -o ji_02_t.c -f ji_02_t.fnm
"/usr/bin/perl"  ../bin/enc2xs -"Q" -o ji_03_t.c -f ji_03_t.fnm
"/usr/bin/perl"  ../bin/enc2xs -"Q" -o ji_04_t.c -f ji_04_t.fnm
"/usr/bin/perl"  ../bin/enc2xs -"Q" -o ma_05_t.c -f ma_05_t.fnm
"/usr/bin/perl"  ../bin/enc2xs -"Q" -o sh_06_t.c -f sh_06_t.fnm
chmod 644 "JP.bs"
"/usr/bin/perl" -MExtUtils::Command::MM -e 'cp_nonempty' -- JP.bs ../blib/arch/auto/Encode/JP/JP.bs 644
cp JP.pm ../blib/lib/Encode/JP.pm
Reading jis0201-raw (jis0201-raw)
cc -c -I./Encode  -I../Encode -D_REENTRANT -D_GNU_SOURCE -D_GNU_SOURCE -fwrapv -fno-strict-aliasing -pipe -fstack-protector-strong -D_LARGEFILE_SOURCE -D_FILE_OFFSET_BITS=64 -Wpointer-sign -Os -fstack-clash-protection -Wformat -Werror=format-security -fno-plt -O2   -DVERSION=\"2.05\" -DXS_VERSION=\"2.05\" -fPIC "-I/usr/lib/perl5/core_perl/CORE"   ji_02_t.c
Reading jis0212-raw (jis0212-raw)
cc -c -I./Encode  -I../Encode -D_REENTRANT -D_GNU_SOURCE -D_GNU_SOURCE -fwrapv -fno-strict-aliasing -pipe -fstack-protector-strong -D_LARGEFILE_SOURCE -D_FILE_OFFSET_BITS=64 -Wpointer-sign -Os -fstack-clash-protection -Wformat -Werror=format-security -fno-plt -O2   -DVERSION=\"2.05\" -DXS_VERSION=\"2.05\" -fPIC "-I/usr/lib/perl5/core_perl/CORE"   ji_04_t.c
Reading shiftjis (shiftjis)
cc -c -I./Encode  -I../Encode -D_REENTRANT -D_GNU_SOURCE -D_GNU_SOURCE -fwrapv -fno-strict-aliasing -pipe -fstack-protector-strong -D_LARGEFILE_SOURCE -D_FILE_OFFSET_BITS=64 -Wpointer-sign -Os -fstack-clash-protection -Wformat -Werror=format-security -fno-plt -O2   -DVERSION=\"2.05\" -DXS_VERSION=\"2.05\" -fPIC "-I/usr/lib/perl5/core_perl/CORE"   sh_06_t.c
Reading jis0208-raw (jis0208-raw)
cc -c -I./Encode  -I../Encode -D_REENTRANT -D_GNU_SOURCE -D_GNU_SOURCE -fwrapv -fno-strict-aliasing -pipe -fstack-protector-strong -D_LARGEFILE_SOURCE -D_FILE_OFFSET_BITS=64 -Wpointer-sign -Os -fstack-clash-protection -Wformat -Werror=format-security -fno-plt -O2   -DVERSION=\"2.05\" -DXS_VERSION=\"2.05\" -fPIC "-I/usr/lib/perl5/core_perl/CORE"   ji_03_t.c
Reading MacJapanese (MacJapanese)
cc -c -I./Encode  -I../Encode -D_REENTRANT -D_GNU_SOURCE -D_GNU_SOURCE -fwrapv -fno-strict-aliasing -pipe -fstack-protector-strong -D_LARGEFILE_SOURCE -D_FILE_OFFSET_BITS=64 -Wpointer-sign -Os -fstack-clash-protection -Wformat -Werror=format-security -fno-plt -O2   -DVERSION=\"2.05\" -DXS_VERSION=\"2.05\" -fPIC "-I/usr/lib/perl5/core_perl/CORE"   ma_05_t.c
Reading cp932 (cp932)
cc -c -I./Encode  -I../Encode -D_REENTRANT -D_GNU_SOURCE -D_GNU_SOURCE -fwrapv -fno-strict-aliasing -pipe -fstack-protector-strong -D_LARGEFILE_SOURCE -D_FILE_OFFSET_BITS=64 -Wpointer-sign -Os -fstack-clash-protection -Wformat -Werror=format-security -fno-plt -O2   -DVERSION=\"2.05\" -DXS_VERSION=\"2.05\" -fPIC "-I/usr/lib/perl5/core_perl/CORE"   cp_00_t.c
Reading euc-jp (euc-jp)
"/usr/bin/perl" "/usr/share/perl5/core_perl/ExtUtils/xsubpp"  -nolinenumbers -typemap '/usr/share/perl5/core_perl/ExtUtils/typemap'  JP.xs > JP.xsc
cc -c -I./Encode  -I../Encode -D_REENTRANT -D_GNU_SOURCE -D_GNU_SOURCE -fwrapv -fno-strict-aliasing -pipe -fstack-protector-strong -D_LARGEFILE_SOURCE -D_FILE_OFFSET_BITS=64 -Wpointer-sign -Os -fstack-clash-protection -Wformat -Werror=format-security -fno-plt -O2   -DVERSION=\"2.05\" -DXS_VERSION=\"2.05\" -fPIC "-I/usr/lib/perl5/core_perl/CORE"   eu_01_t.c
mv JP.xsc JP.c
cc -c -I./Encode  -I../Encode -D_REENTRANT -D_GNU_SOURCE -D_GNU_SOURCE -fwrapv -fno-strict-aliasing -pipe -fstack-protector-strong -D_LARGEFILE_SOURCE -D_FILE_OFFSET_BITS=64 -Wpointer-sign -Os -fstack-clash-protection -Wformat -Werror=format-security -fno-plt -O2   -DVERSION=\"2.05\" -DXS_VERSION=\"2.05\" -fPIC "-I/usr/lib/perl5/core_perl/CORE"   JP.c
rm -f ../blib/arch/auto/Encode/JP/JP.so
cc  -shared -Os -fstack-clash-protection -Wformat -Werror=format-security -fno-plt -O2 -L/usr/local/lib -fstack-protector-strong  JP.o cp_00_t.o eu_01_t.o ji_02_t.o ji_03_t.o ji_04_t.o ma_05_t.o sh_06_t.o  -o ../blib/arch/auto/Encode/JP/JP.so  \
      \
  
chmod 755 ../blib/arch/auto/Encode/JP/JP.so
make[1]: Leaving directory '/tmp/src/Encode-3.21/JP'
make[1]: Entering directory '/tmp/src/Encode-3.21/KR'
Running Mkbootstrap for KR ()
"/usr/bin/perl"  ../bin/enc2xs -"Q" -o cp_00_t.c -f cp_00_t.fnm
"/usr/bin/perl"  ../bin/enc2xs -"Q" -o eu_01_t.c -f eu_01_t.fnm
"/usr/bin/perl"  ../bin/enc2xs -"Q" -o jo_02_t.c -f jo_02_t.fnm
"/usr/bin/perl"  ../bin/enc2xs -"Q" -o ks_03_t.c -f ks_03_t.fnm
"/usr/bin/perl"  ../bin/enc2xs -"Q" -o ma_04_t.c -f ma_04_t.fnm
chmod 644 "KR.bs"
"/usr/bin/perl" -MExtUtils::Command::MM -e 'cp_nonempty' -- KR.bs ../blib/arch/auto/Encode/KR/KR.bs 644
cp KR.pm ../blib/lib/Encode/KR.pm
Reading ksc5601-raw (ksc5601-raw)
cc -c -I./Encode  -I../Encode -D_REENTRANT -D_GNU_SOURCE -D_GNU_SOURCE -fwrapv -fno-strict-aliasing -pipe -fstack-protector-strong -D_LARGEFILE_SOURCE -D_FILE_OFFSET_BITS=64 -Wpointer-sign -Os -fstack-clash-protection -Wformat -Werror=format-security -fno-plt -O2   -DVERSION=\"2.03\" -DXS_VERSION=\"2.03\" -fPIC "-I/usr/lib/perl5/core_perl/CORE"   ks_03_t.c
Reading euc-kr (euc-kr)
cc -c -I./Encode  -I../Encode -D_REENTRANT -D_GNU_SOURCE -D_GNU_SOURCE -fwrapv -fno-strict-aliasing -pipe -fstack-protector-strong -D_LARGEFILE_SOURCE -D_FILE_OFFSET_BITS=64 -Wpointer-sign -Os -fstack-clash-protection -Wformat -Werror=format-security -fno-plt -O2   -DVERSION=\"2.03\" -DXS_VERSION=\"2.03\" -fPIC "-I/usr/lib/perl5/core_perl/CORE"   eu_01_t.c
Reading MacKorean (MacKorean)
cc -c -I./Encode  -I../Encode -D_REENTRANT -D_GNU_SOURCE -D_GNU_SOURCE -fwrapv -fno-strict-aliasing -pipe -fstack-protector-strong -D_LARGEFILE_SOURCE -D_FILE_OFFSET_BITS=64 -Wpointer-sign -Os -fstack-clash-protection -Wformat -Werror=format-security -fno-plt -O2   -DVERSION=\"2.03\" -DXS_VERSION=\"2.03\" -fPIC "-I/usr/lib/perl5/core_perl/CORE"   ma_04_t.c
Reading johab (johab)
Reading cp949 (cp949)
cc -c -I./Encode  -I../Encode -D_REENTRANT -D_GNU_SOURCE -D_GNU_SOURCE -fwrapv -fno-strict-aliasing -pipe -fstack-protector-strong -D_LARGEFILE_SOURCE -D_FILE_OFFSET_BITS=64 -Wpointer-sign -Os -fstack-clash-protection -Wformat -Werror=format-security -fno-plt -O2   -DVERSION=\"2.03\" -DXS_VERSION=\"2.03\" -fPIC "-I/usr/lib/perl5/core_perl/CORE"   jo_02_t.c
"/usr/bin/perl" "/usr/share/perl5/core_perl/ExtUtils/xsubpp"  -nolinenumbers -typemap '/usr/share/perl5/core_perl/ExtUtils/typemap'  KR.xs > KR.xsc
cc -c -I./Encode  -I../Encode -D_REENTRANT -D_GNU_SOURCE -D_GNU_SOURCE -fwrapv -fno-strict-aliasing -pipe -fstack-protector-strong -D_LARGEFILE_SOURCE -D_FILE_OFFSET_BITS=64 -Wpointer-sign -Os -fstack-clash-protection -Wformat -Werror=format-security -fno-plt -O2   -DVERSION=\"2.03\" -DXS_VERSION=\"2.03\" -fPIC "-I/usr/lib/perl5/core_perl/CORE"   cp_00_t.c
mv KR.xsc KR.c
cc -c -I./Encode  -I../Encode -D_REENTRANT -D_GNU_SOURCE -D_GNU_SOURCE -fwrapv -fno-strict-aliasing -pipe -fstack-protector-strong -D_LARGEFILE_SOURCE -D_FILE_OFFSET_BITS=64 -Wpointer-sign -Os -fstack-clash-protection -Wformat -Werror=format-security -fno-plt -O2   -DVERSION=\"2.03\" -DXS_VERSION=\"2.03\" -fPIC "-I/usr/lib/perl5/core_perl/CORE"   KR.c
rm -f ../blib/arch/auto/Encode/KR/KR.so
cc  -shared -Os -fstack-clash-protection -Wformat -Werror=format-security -fno-plt -O2 -L/usr/local/lib -fstack-protector-strong  KR.o cp_00_t.o eu_01_t.o jo_02_t.o ks_03_t.o ma_04_t.o  -o ../blib/arch/auto/Encode/KR/KR.so  \
      \
  
chmod 755 ../blib/arch/auto/Encode/KR/KR.so
make[1]: Leaving directory '/tmp/src/Encode-3.21/KR'
make[1]: Entering directory '/tmp/src/Encode-3.21/Symbol'
Running Mkbootstrap for Symbol ()
"/usr/bin/perl"  ../bin/enc2xs -"Q" -"O" -o symbol_t.c -f symbol_t.fnm
chmod 644 "Symbol.bs"
"/usr/bin/perl" -MExtUtils::Command::MM -e 'cp_nonempty' -- Symbol.bs ../blib/arch/auto/Encode/Symbol/Symbol.bs 644
cp Symbol.pm ../blib/lib/Encode/Symbol.pm
Reading AdobeSymbol (AdobeSymbol)
Reading AdobeZdingbat (AdobeZdingbat)
Reading dingbats (dingbats)
Reading MacDingbats (MacDingbats)
Reading MacSymbol (MacSymbol)
Reading symbol (symbol)
"/usr/bin/perl" "/usr/share/perl5/core_perl/ExtUtils/xsubpp"  -nolinenumbers -typemap '/usr/share/perl5/core_perl/ExtUtils/typemap'  Symbol.xs > Symbol.xsc
cc -c -I./Encode  -I../Encode -D_REENTRANT -D_GNU_SOURCE -D_GNU_SOURCE -fwrapv -fno-strict-aliasing -pipe -fstack-protector-strong -D_LARGEFILE_SOURCE -D_FILE_OFFSET_BITS=64 -Wpointer-sign -Os -fstack-clash-protection -Wformat -Werror=format-security -fno-plt -O2   -DVERSION=\"2.02\" -DXS_VERSION=\"2.02\" -fPIC "-I/usr/lib/perl5/core_perl/CORE"   symbol_t.c
mv Symbol.xsc Symbol.c
cc -c -I./Encode  -I../Encode -D_REENTRANT -D_GNU_SOURCE -D_GNU_SOURCE -fwrapv -fno-strict-aliasing -pipe -fstack-protector-strong -D_LARGEFILE_SOURCE -D_FILE_OFFSET_BITS=64 -Wpointer-sign -Os -fstack-clash-protection -Wformat -Werror=format-security -fno-plt -O2   -DVERSION=\"2.02\" -DXS_VERSION=\"2.02\" -fPIC "-I/usr/lib/perl5/core_perl/CORE"   Symbol.c
rm -f ../blib/arch/auto/Encode/Symbol/Symbol.so
cc  -shared -Os -fstack-clash-protection -Wformat -Werror=format-security -fno-plt -O2 -L/usr/local/lib -fstack-protector-strong  Symbol.o symbol_t.o  -o ../blib/arch/auto/Encode/Symbol/Symbol.so  \
      \
  
chmod 755 ../blib/arch/auto/Encode/Symbol/Symbol.so
make[1]: Leaving directory '/tmp/src/Encode-3.21/Symbol'
make[1]: Entering directory '/tmp/src/Encode-3.21/TW'
Running Mkbootstrap for TW ()
"/usr/bin/perl"  ../bin/enc2xs -"Q" -o bi_00_t.c -f bi_00_t.fnm
"/usr/bin/perl"  ../bin/enc2xs -"Q" -o bi_01_t.c -f bi_01_t.fnm
"/usr/bin/perl"  ../bin/enc2xs -"Q" -o cp_02_t.c -f cp_02_t.fnm
"/usr/bin/perl"  ../bin/enc2xs -"Q" -o ma_03_t.c -f ma_03_t.fnm
chmod 644 "TW.bs"
"/usr/bin/perl" -MExtUtils::Command::MM -e 'cp_nonempty' -- TW.bs ../blib/arch/auto/Encode/TW/TW.bs 644
cp TW.pm ../blib/lib/Encode/TW.pm
Reading big5-eten (big5-eten)
cc -c -I./Encode  -I../Encode -D_REENTRANT -D_GNU_SOURCE -D_GNU_SOURCE -fwrapv -fno-strict-aliasing -pipe -fstack-protector-strong -D_LARGEFILE_SOURCE -D_FILE_OFFSET_BITS=64 -Wpointer-sign -Os -fstack-clash-protection -Wformat -Werror=format-security -fno-plt -O2   -DVERSION=\"2.03\" -DXS_VERSION=\"2.03\" -fPIC "-I/usr/lib/perl5/core_perl/CORE"   bi_00_t.c
Reading MacChineseTrad (MacChineseTrad)
cc -c -I./Encode  -I../Encode -D_REENTRANT -D_GNU_SOURCE -D_GNU_SOURCE -fwrapv -fno-strict-aliasing -pipe -fstack-protector-strong -D_LARGEFILE_SOURCE -D_FILE_OFFSET_BITS=64 -Wpointer-sign -Os -fstack-clash-protection -Wformat -Werror=format-security -fno-plt -O2   -DVERSION=\"2.03\" -DXS_VERSION=\"2.03\" -fPIC "-I/usr/lib/perl5/core_perl/CORE"   ma_03_t.c
Reading cp950 (cp950)
Reading big5-hkscs (big5-hkscs)
cc -c -I./Encode  -I../Encode -D_REENTRANT -D_GNU_SOURCE -D_GNU_SOURCE -fwrapv -fno-strict-aliasing -pipe -fstack-protector-strong -D_LARGEFILE_SOURCE -D_FILE_OFFSET_BITS=64 -Wpointer-sign -Os -fstack-clash-protection -Wformat -Werror=format-security -fno-plt -O2   -DVERSION=\"2.03\" -DXS_VERSION=\"2.03\" -fPIC "-I/usr/lib/perl5/core_perl/CORE"   cp_02_t.c
"/usr/bin/perl" "/usr/share/perl5/core_perl/ExtUtils/xsubpp"  -nolinenumbers -typemap '/usr/share/perl5/core_perl/ExtUtils/typemap'  TW.xs > TW.xsc
cc -c -I./Encode  -I../Encode -D_REENTRANT -D_GNU_SOURCE -D_GNU_SOURCE -fwrapv -fno-strict-aliasing -pipe -fstack-protector-strong -D_LARGEFILE_SOURCE -D_FILE_OFFSET_BITS=64 -Wpointer-sign -Os -fstack-clash-protection -Wformat -Werror=format-security -fno-plt -O2   -DVERSION=\"2.03\" -DXS_VERSION=\"2.03\" -fPIC "-I/usr/lib/perl5/core_perl/CORE"   bi_01_t.c
mv TW.xsc TW.c
cc -c -I./Encode  -I../Encode -D_REENTRANT -D_GNU_SOURCE -D_GNU_SOURCE -fwrapv -fno-strict-aliasing -pipe -fstack-protector-strong -D_LARGEFILE_SOURCE -D_FILE_OFFSET_BITS=64 -Wpointer-sign -Os -fstack-clash-protection -Wformat -Werror=format-security -fno-plt -O2   -DVERSION=\"2.03\" -DXS_VERSION=\"2.03\" -fPIC "-I/usr/lib/perl5/core_perl/CORE"   TW.c
rm -f ../blib/arch/auto/Encode/TW/TW.so
cc  -shared -Os -fstack-clash-protection -Wformat -Werror=format-security -fno-plt -O2 -L/usr/local/lib -fstack-protector-strong  TW.o bi_00_t.o bi_01_t.o cp_02_t.o ma_03_t.o  -o ../blib/arch/auto/Encode/TW/TW.so  \
      \
  
chmod 755 ../blib/arch/auto/Encode/TW/TW.so
make[1]: Leaving directory '/tmp/src/Encode-3.21/TW'
make[1]: Entering directory '/tmp/src/Encode-3.21/Unicode'
Running Mkbootstrap for Unicode ()
"/usr/bin/perl" "/usr/share/perl5/core_perl/ExtUtils/xsubpp"  -typemap '/usr/share/perl5/core_perl/ExtUtils/typemap'  Unicode.xs > Unicode.xsc
chmod 644 "Unicode.bs"
"/usr/bin/perl" -MExtUtils::Command::MM -e 'cp_nonempty' -- Unicode.bs ../blib/arch/auto/Encode/Unicode/Unicode.bs 644
cp Unicode.pm ../blib/lib/Encode/Unicode.pm
mv Unicode.xsc Unicode.c
cc -c -I./Encode  -I../Encode -D_REENTRANT -D_GNU_SOURCE -D_GNU_SOURCE -fwrapv -fno-strict-aliasing -pipe -fstack-protector-strong -D_LARGEFILE_SOURCE -D_FILE_OFFSET_BITS=64 -Wpointer-sign -Os -fstack-clash-protection -Wformat -Werror=format-security -fno-plt -O2   -DVERSION=\"2.20\" -DXS_VERSION=\"2.20\" -fPIC "-I/usr/lib/perl5/core_perl/CORE"   Unicode.c
rm -f ../blib/arch/auto/Encode/Unicode/Unicode.so
cc  -shared -Os -fstack-clash-protection -Wformat -Werror=format-security -fno-plt -O2 -L/usr/local/lib -fstack-protector-strong  Unicode.o  -o ../blib/arch/auto/Encode/Unicode/Unicode.so  \
      \
  
chmod 755 ../blib/arch/auto/Encode/Unicode/Unicode.so
make[1]: Leaving directory '/tmp/src/Encode-3.21/Unicode'
cp bin/enc2xs blib/script/enc2xs
cp bin/encguess blib/script/encguess
"/usr/bin/perl" -MExtUtils::MY -e 'MY->fixin(shift)' -- blib/script/enc2xs
cp bin/piconv blib/script/piconv
"/usr/bin/perl" -MExtUtils::MY -e 'MY->fixin(shift)' -- blib/script/encguess
"/usr/bin/perl" -MExtUtils::MY -e 'MY->fixin(shift)' -- blib/script/piconv
Manifying 3 pod documents
Manifying 18 pod documents
"/usr/bin/perl" -MExtUtils::Command::MM -e 'cp_nonempty' -- Encode.bs blib/arch/auto/Encode/Encode.bs 644
make[1]: Entering directory '/tmp/src/Encode-3.21/Byte'
"/usr/bin/perl" -MExtUtils::Command::MM -e 'cp_nonempty' -- Byte.bs ../blib/arch/auto/Encode/Byte/Byte.bs 644
make[1]: Leaving directory '/tmp/src/Encode-3.21/Byte'
make[1]: Entering directory '/tmp/src/Encode-3.21/CN'
"/usr/bin/perl" -MExtUtils::Command::MM -e 'cp_nonempty' -- CN.bs ../blib/arch/auto/Encode/CN/CN.bs 644
make[1]: Leaving directory '/tmp/src/Encode-3.21/CN'
make[1]: Entering directory '/tmp/src/Encode-3.21/EBCDIC'
"/usr/bin/perl" -MExtUtils::Command::MM -e 'cp_nonempty' -- EBCDIC.bs ../blib/arch/auto/Encode/EBCDIC/EBCDIC.bs 644
make[1]: Leaving directory '/tmp/src/Encode-3.21/EBCDIC'
make[1]: Entering directory '/tmp/src/Encode-3.21/JP'
"/usr/bin/perl" -MExtUtils::Command::MM -e 'cp_nonempty' -- JP.bs ../blib/arch/auto/Encode/JP/JP.bs 644
make[1]: Leaving directory '/tmp/src/Encode-3.21/JP'
make[1]: Entering directory '/tmp/src/Encode-3.21/KR'
"/usr/bin/perl" -MExtUtils::Command::MM -e 'cp_nonempty' -- KR.bs ../blib/arch/auto/Encode/KR/KR.bs 644
make[1]: Leaving directory '/tmp/src/Encode-3.21/KR'
make[1]: Entering directory '/tmp/src/Encode-3.21/Symbol'
"/usr/bin/perl" -MExtUtils::Command::MM -e 'cp_nonempty' -- Symbol.bs ../blib/arch/auto/Encode/Symbol/Symbol.bs 644
make[1]: Leaving directory '/tmp/src/Encode-3.21/Symbol'
make[1]: Entering directory '/tmp/src/Encode-3.21/TW'
"/usr/bin/perl" -MExtUtils::Command::MM -e 'cp_nonempty' -- TW.bs ../blib/arch/auto/Encode/TW/TW.bs 644
make[1]: Leaving directory '/tmp/src/Encode-3.21/TW'
make[1]: Entering directory '/tmp/src/Encode-3.21/Unicode'
"/usr/bin/perl" -MExtUtils::Command::MM -e 'cp_nonempty' -- Unicode.bs ../blib/arch/auto/Encode/Unicode/Unicode.bs 644
make[1]: Leaving directory '/tmp/src/Encode-3.21/Unicode'
make[1]: Entering directory '/tmp/src/Encode-3.21/Byte'
"/usr/bin/perl" -MExtUtils::Command::MM -e 'cp_nonempty' -- Byte.bs ../blib/arch/auto/Encode/Byte/Byte.bs 644
No tests defined for Encode::Byte extension.
make[1]: Leaving directory '/tmp/src/Encode-3.21/Byte'
make[1]: Entering directory '/tmp/src/Encode-3.21/CN'
"/usr/bin/perl" -MExtUtils::Command::MM -e 'cp_nonempty' -- CN.bs ../blib/arch/auto/Encode/CN/CN.bs 644
No tests defined for Encode::CN extension.
make[1]: Leaving directory '/tmp/src/Encode-3.21/CN'
make[1]: Entering directory '/tmp/src/Encode-3.21/EBCDIC'
"/usr/bin/perl" -MExtUtils::Command::MM -e 'cp_nonempty' -- EBCDIC.bs ../blib/arch/auto/Encode/EBCDIC/EBCDIC.bs 644
No tests defined for Encode::EBCDIC extension.
make[1]: Leaving directory '/tmp/src/Encode-3.21/EBCDIC'
make[1]: Entering directory '/tmp/src/Encode-3.21/JP'
"/usr/bin/perl" -MExtUtils::Command::MM -e 'cp_nonempty' -- JP.bs ../blib/arch/auto/Encode/JP/JP.bs 644
No tests defined for Encode::JP extension.
make[1]: Leaving directory '/tmp/src/Encode-3.21/JP'
make[1]: Entering directory '/tmp/src/Encode-3.21/KR'
"/usr/bin/perl" -MExtUtils::Command::MM -e 'cp_nonempty' -- KR.bs ../blib/arch/auto/Encode/KR/KR.bs 644
No tests defined for Encode::KR extension.
make[1]: Leaving directory '/tmp/src/Encode-3.21/KR'
make[1]: Entering directory '/tmp/src/Encode-3.21/Symbol'
"/usr/bin/perl" -MExtUtils::Command::MM -e 'cp_nonempty' -- Symbol.bs ../blib/arch/auto/Encode/Symbol/Symbol.bs 644
No tests defined for Encode::Symbol extension.
make[1]: Leaving directory '/tmp/src/Encode-3.21/Symbol'
make[1]: Entering directory '/tmp/src/Encode-3.21/TW'
"/usr/bin/perl" -MExtUtils::Command::MM -e 'cp_nonempty' -- TW.bs ../blib/arch/auto/Encode/TW/TW.bs 644
No tests defined for Encode::TW extension.
make[1]: Leaving directory '/tmp/src/Encode-3.21/TW'
make[1]: Entering directory '/tmp/src/Encode-3.21/Unicode'
"/usr/bin/perl" -MExtUtils::Command::MM -e 'cp_nonempty' -- Unicode.bs ../blib/arch/auto/Encode/Unicode/Unicode.bs 644
No tests defined for Encode::Unicode extension.
make[1]: Leaving directory '/tmp/src/Encode-3.21/Unicode'
PERL_DL_NONLAZY=1 "/usr/bin/perl" "-MExtUtils::Command::MM" "-MTest::Harness" "-e" "undef *Test::Harness::Switches; test_harness(0, 'blib/lib', 'blib/arch')" t/*.t
t/Aliases.t ................ ok
t/at-cn.t .................. ok
t/at-tw.t .................. ok
t/CJKT.t ................... ok
t/cow.t .................... ok
t/decode.t ................. ok
t/enc_data.t ............... skipped: encoding pragma not supported in Perl 5.25 or later
t/enc_eucjp.t .............. skipped: Perl <=5.25.2 or cperl required
t/enc_module.t ............. skipped: encoding pragma not supported in Perl 5.25 or later
t/enc_utf8.t ............... skipped: Perl <=5.25.2 or cperl required
t/Encode.t ................. ok
t/Encoder.t ................ ok
t/encoding-locale.t ........ ok
t/encoding.t ............... skipped: encoding pragma not supported in Perl 5.25 or later
t/fallback.t ............... ok
t/from_to.t ................ ok
t/grow.t ................... ok
t/gsm0338.t ................ ok
t/guess.t .................. ok
t/isa.t .................... ok
t/jis7-fallback.t .......... ok
t/jperl.t .................. skipped: encoding pragma not supported in Perl 5.25 or later
t/magic.t .................. ok
t/mime-header.t ............ ok
t/mime-name.t .............. ok
t/mime_header_iso2022jp.t .. ok
t/perlio.t ................. ok
t/piconv.t ................. ok
t/rt113164.t ............... ok
t/rt65541.t ................ ok
t/rt76824.t ................ ok
t/rt85489.t ................ ok
t/rt86327.t ................ ok
t/taint.t .................. ok
t/truncated_utf8.t ......... ok
t/undef.t .................. ok
t/Unicode.t ................ ok
t/Unicode_trailing_nul.t ... ok
t/use-Encode-Alias.t ....... ok
t/utf32warnings.t .......... ok
t/utf8ref.t ................ ok
t/utf8strict.t ............. ok
t/utf8warnings.t ........... ok
t/whatwg-aliases.t ......... skipped: For maintainers only
t/xml.t .................... ok
All tests successful.
Files=45, Tests=7769,  6 wallclock secs ( 0.21 usr  0.03 sys +  3.07 cusr  2.12 csys =  5.43 CPU)
Result: PASS
>>> perl-encode: Entering fakeroot...
"/usr/bin/perl" -MExtUtils::Command::MM -e 'cp_nonempty' -- Encode.bs blib/arch/auto/Encode/Encode.bs 644
make[1]: Entering directory '/tmp/src/Encode-3.21/Byte'
"/usr/bin/perl" -MExtUtils::Command::MM -e 'cp_nonempty' -- Byte.bs ../blib/arch/auto/Encode/Byte/Byte.bs 644
make[1]: Leaving directory '/tmp/src/Encode-3.21/Byte'
make[1]: Entering directory '/tmp/src/Encode-3.21/CN'
"/usr/bin/perl" -MExtUtils::Command::MM -e 'cp_nonempty' -- CN.bs ../blib/arch/auto/Encode/CN/CN.bs 644
make[1]: Leaving directory '/tmp/src/Encode-3.21/CN'
make[1]: Entering directory '/tmp/src/Encode-3.21/EBCDIC'
"/usr/bin/perl" -MExtUtils::Command::MM -e 'cp_nonempty' -- EBCDIC.bs ../blib/arch/auto/Encode/EBCDIC/EBCDIC.bs 644
make[1]: Leaving directory '/tmp/src/Encode-3.21/EBCDIC'
make[1]: Entering directory '/tmp/src/Encode-3.21/JP'
"/usr/bin/perl" -MExtUtils::Command::MM -e 'cp_nonempty' -- JP.bs ../blib/arch/auto/Encode/JP/JP.bs 644
make[1]: Leaving directory '/tmp/src/Encode-3.21/JP'
make[1]: Entering directory '/tmp/src/Encode-3.21/KR'
"/usr/bin/perl" -MExtUtils::Command::MM -e 'cp_nonempty' -- KR.bs ../blib/arch/auto/Encode/KR/KR.bs 644
make[1]: Leaving directory '/tmp/src/Encode-3.21/KR'
make[1]: Entering directory '/tmp/src/Encode-3.21/Symbol'
"/usr/bin/perl" -MExtUtils::Command::MM -e 'cp_nonempty' -- Symbol.bs ../blib/arch/auto/Encode/Symbol/Symbol.bs 644
make[1]: Leaving directory '/tmp/src/Encode-3.21/Symbol'
make[1]: Entering directory '/tmp/src/Encode-3.21/TW'
"/usr/bin/perl" -MExtUtils::Command::MM -e 'cp_nonempty' -- TW.bs ../blib/arch/auto/Encode/TW/TW.bs 644
make[1]: Leaving directory '/tmp/src/Encode-3.21/TW'
make[1]: Entering directory '/tmp/src/Encode-3.21/Unicode'
"/usr/bin/perl" -MExtUtils::Command::MM -e 'cp_nonempty' -- Unicode.bs ../blib/arch/auto/Encode/Unicode/Unicode.bs 644
make[1]: Leaving directory '/tmp/src/Encode-3.21/Unicode'
Manifying 3 pod documents
Manifying 18 pod documents
Appending installation info to /tmp/pkg/perl-encode/usr/lib/perl5/core_perl/perllocal.pod
Files found in blib/arch: installing files in blib/lib into architecture dependent library tree
Installing /tmp/pkg/perl-encode/usr/lib/perl5/vendor_perl/auto/Encode/Encode.so
Installing /tmp/pkg/perl-encode/usr/lib/perl5/vendor_perl/auto/Encode/TW/TW.so
Installing /tmp/pkg/perl-encode/usr/lib/perl5/vendor_perl/auto/Encode/EBCDIC/EBCDIC.so
Installing /tmp/pkg/perl-encode/usr/lib/perl5/vendor_perl/auto/Encode/CN/CN.so
Installing /tmp/pkg/perl-encode/usr/lib/perl5/vendor_perl/auto/Encode/Symbol/Symbol.so
Installing /tmp/pkg/perl-encode/usr/lib/perl5/vendor_perl/auto/Encode/Byte/Byte.so
Installing /tmp/pkg/perl-encode/usr/lib/perl5/vendor_perl/auto/Encode/JP/JP.so
Installing /tmp/pkg/perl-encode/usr/lib/perl5/vendor_perl/auto/Encode/KR/KR.so
Installing /tmp/pkg/perl-encode/usr/lib/perl5/vendor_perl/auto/Encode/Unicode/Unicode.so
Installing /tmp/pkg/perl-encode/usr/lib/perl5/vendor_perl/Encode.pm
Installing /tmp/pkg/perl-encode/usr/lib/perl5/vendor_perl/encoding.pm
Installing /tmp/pkg/perl-encode/usr/lib/perl5/vendor_perl/Encode/ConfigLocal_PM.e2x
Installing /tmp/pkg/perl-encode/usr/lib/perl5/vendor_perl/Encode/PerlIO.pod
Installing /tmp/pkg/perl-encode/usr/lib/perl5/vendor_perl/Encode/_T.e2x
Installing /tmp/pkg/perl-encode/usr/lib/perl5/vendor_perl/Encode/GSM0338.pm
Installing /tmp/pkg/perl-encode/usr/lib/perl5/vendor_perl/Encode/Encoding.pm
Installing /tmp/pkg/perl-encode/usr/lib/perl5/vendor_perl/Encode/Alias.pm
Installing /tmp/pkg/perl-encode/usr/lib/perl5/vendor_perl/Encode/Unicode.pm
Installing /tmp/pkg/perl-encode/usr/lib/perl5/vendor_perl/Encode/KR.pm
Installing /tmp/pkg/perl-encode/usr/lib/perl5/vendor_perl/Encode/README.e2x
Installing /tmp/pkg/perl-encode/usr/lib/perl5/vendor_perl/Encode/CN.pm
Installing /tmp/pkg/perl-encode/usr/lib/perl5/vendor_perl/Encode/EBCDIC.pm
Installing /tmp/pkg/perl-encode/usr/lib/perl5/vendor_perl/Encode/Supported.pod
Installing /tmp/pkg/perl-encode/usr/lib/perl5/vendor_perl/Encode/JP.pm
Installing /tmp/pkg/perl-encode/usr/lib/perl5/vendor_perl/Encode/CJKConstants.pm
Installing /tmp/pkg/perl-encode/usr/lib/perl5/vendor_perl/Encode/Makefile_PL.e2x
Installing /tmp/pkg/perl-encode/usr/lib/perl5/vendor_perl/Encode/encode.h
Installing /tmp/pkg/perl-encode/usr/lib/perl5/vendor_perl/Encode/_PM.e2x
Installing /tmp/pkg/perl-encode/usr/lib/perl5/vendor_perl/Encode/TW.pm
Installing /tmp/pkg/perl-encode/usr/lib/perl5/vendor_perl/Encode/Symbol.pm
Installing /tmp/pkg/perl-encode/usr/lib/perl5/vendor_perl/Encode/Encoder.pm
Installing /tmp/pkg/perl-encode/usr/lib/perl5/vendor_perl/Encode/Config.pm
Installing /tmp/pkg/perl-encode/usr/lib/perl5/vendor_perl/Encode/Byte.pm
Installing /tmp/pkg/perl-encode/usr/lib/perl5/vendor_perl/Encode/Changes.e2x
Installing /tmp/pkg/perl-encode/usr/lib/perl5/vendor_perl/Encode/Guess.pm
Installing /tmp/pkg/perl-encode/usr/lib/perl5/vendor_perl/Encode/MIME/Name.pm
Installing /tmp/pkg/perl-encode/usr/lib/perl5/vendor_perl/Encode/MIME/Header.pm
Installing /tmp/pkg/perl-encode/usr/lib/perl5/vendor_perl/Encode/MIME/Header/ISO_2022_JP.pm
Installing /tmp/pkg/perl-encode/usr/lib/perl5/vendor_perl/Encode/CN/HZ.pm
Installing /tmp/pkg/perl-encode/usr/lib/perl5/vendor_perl/Encode/JP/JIS7.pm
Installing /tmp/pkg/perl-encode/usr/lib/perl5/vendor_perl/Encode/JP/H2Z.pm
Installing /tmp/pkg/perl-encode/usr/lib/perl5/vendor_perl/Encode/KR/2022_KR.pm
Installing /tmp/pkg/perl-encode/usr/lib/perl5/vendor_perl/Encode/Unicode/UTF7.pm
Installing /tmp/pkg/perl-encode/usr/share/man/man1/piconv.1
Installing /tmp/pkg/perl-encode/usr/share/man/man1/enc2xs.1
Installing /tmp/pkg/perl-encode/usr/share/man/man1/encguess.1
Installing /tmp/pkg/perl-encode/usr/share/man/man3/Encode::CJKConstants.3pm
Installing /tmp/pkg/perl-encode/usr/share/man/man3/Encode::Alias.3pm
Installing /tmp/pkg/perl-encode/usr/share/man/man3/encoding.3pm
Installing /tmp/pkg/perl-encode/usr/share/man/man3/Encode::Supported.3pm
Installing /tmp/pkg/perl-encode/usr/share/man/man3/Encode::Config.3pm
Installing /tmp/pkg/perl-encode/usr/share/man/man3/Encode::CN::HZ.3pm
Installing /tmp/pkg/perl-encode/usr/share/man/man3/Encode::GSM0338.3pm
Installing /tmp/pkg/perl-encode/usr/share/man/man3/Encode::JP::H2Z.3pm
Installing /tmp/pkg/perl-encode/usr/share/man/man3/Encode::MIME::Name.3pm
Installing /tmp/pkg/perl-encode/usr/share/man/man3/Encode::Guess.3pm
Installing /tmp/pkg/perl-encode/usr/share/man/man3/Encode::PerlIO.3pm
Installing /tmp/pkg/perl-encode/usr/share/man/man3/Encode::MIME::Header.3pm
Installing /tmp/pkg/perl-encode/usr/share/man/man3/Encode::Encoder.3pm
Installing /tmp/pkg/perl-encode/usr/share/man/man3/Encode::Encoding.3pm
Installing /tmp/pkg/perl-encode/usr/share/man/man3/Encode.3pm
Installing /tmp/pkg/perl-encode/usr/share/man/man3/Encode::Unicode::UTF7.3pm
Installing /tmp/pkg/perl-encode/usr/share/man/man3/Encode::JP::JIS7.3pm
Installing /tmp/pkg/perl-encode/usr/share/man/man3/Encode::KR::2022_KR.3pm
Installing /tmp/pkg/perl-encode/usr/bin/enc2xs
Installing /tmp/pkg/perl-encode/usr/bin/encguess
Installing /tmp/pkg/perl-encode/usr/bin/piconv
>>> perl-encode-doc*: Running split function doc...
'usr/share/man' -> '/tmp/pkg/perl-encode-doc/usr/share/man'
'usr/lib/perl5/vendor_perl/Encode/PerlIO.pod' -> '/tmp/pkg/perl-encode-doc/usr/lib/perl5/vendor_perl/Encode/PerlIO.pod'
'usr/lib/perl5/vendor_perl/Encode/Supported.pod' -> '/tmp/pkg/perl-encode-doc/usr/lib/perl5/vendor_perl/Encode/Supported.pod'
>>> perl-encode-doc*: Preparing subpackage perl-encode-doc...
>>> perl-encode-doc*: Running postcheck for perl-encode-doc
>>> perl-encode*: Running postcheck for perl-encode
>>> perl-encode*: Preparing package perl-encode...
>>> perl-encode*: Stripping binaries
>>> perl-encode-doc*: Scanning shared objects
>>> perl-encode*: Scanning shared objects
>>> perl-encode-doc*: Tracing dependencies...
>>> perl-encode-doc*: Package size: 98.2 KB
>>> perl-encode-doc*: Compressing data...
>>> perl-encode-doc*: Create checksum...
>>> perl-encode-doc*: Create perl-encode-doc-3.21-r1.apk
>>> perl-encode*: Tracing dependencies...
	perl
	so:libc.musl-x86_64.so.1
>>> perl-encode*: Package size: 9.7 MB
>>> perl-encode*: Compressing data...
>>> perl-encode*: Create checksum...
>>> perl-encode*: Create perl-encode-3.21-r1.apk
>>> perl-encode: Updating the main/x86_64 repository index...
>>> perl-encode: Signing the index...
>>> perl-encode: Cleaning up srcdir
>>> perl-encode: Cleaning up build chroot
>>> perl-encode: Cleaning up pkgdir
