>>> perl-timedate: Validating /home/packager/oily-pine/main/perl-timedate/APKBUILD...
>>> perl-timedate: Cleaning up srcdir
>>> perl-timedate: Cleaning up pkgdir
>>> perl-timedate: Cleaning up tmpdir
>>> perl-timedate: Fetching https://cpan.metacpan.org/authors/id/A/AT/ATOOMIC/TimeDate-2.33.tar.gz
  % Total    % Received % Xferd  Average Speed   Time    Time     Time  Current
                                 Dload  Upload   Total   Spent    Left  Speed
  0     0    0     0    0     0      0      0 --:--:-- --:--:-- --:--:--     0100 29997  100 29997    0     0   193k      0 --:--:-- --:--:-- --:--:--  193k
>>> perl-timedate: Fetching https://cpan.metacpan.org/authors/id/A/AT/ATOOMIC/TimeDate-2.33.tar.gz
>>> perl-timedate: Checking sha512sums...
TimeDate-2.33.tar.gz: OK
>>> perl-timedate: Preparing build chroot...
fetch http://dl-cdn.alpinelinux.org/alpine/edge/main/x86_64/APKINDEX.tar.gz
(1/73) Installing musl (1.2.5-r10)
(2/73) Installing libcrypto3 (3.5.0-r0)
(3/73) Installing ca-certificates-bundle (20241121-r2)
(4/73) Installing libssl3 (3.5.0-r0)
(5/73) Installing zlib (1.3.1-r2)
(6/73) Installing libapk2 (2.14.9-r2)
(7/73) Installing apk-tools (2.14.9-r2)
(8/73) Installing libcap2 (2.76-r0)
(9/73) Installing libcap-getcap (2.76-r0)
(10/73) Installing fakeroot (1.37.1.1-r0)
(11/73) Installing scanelf (1.3.8-r1)
(12/73) Installing musl-utils (1.2.5-r10)
(13/73) Installing libgcc (14.3.0-r0)
(14/73) Installing libstdc++ (14.3.0-r0)
(15/73) Installing lzip (1.25-r0)
(16/73) Installing openssl (3.5.0-r0)
(17/73) Installing patch (2.8-r0)
(18/73) Installing pkgconf (2.4.3-r0)
(19/73) Installing acl-libs (2.3.2-r1)
(20/73) Installing tar (1.35-r3)
(21/73) Installing busybox (1.37.0-r18)
Executing busybox-1.37.0-r18.post-install
(22/73) Installing ssl_client (1.37.0-r18)
(23/73) Installing busybox-binsh (1.37.0-r18)
(24/73) Installing abuild (3.15.0-r0)
Executing abuild-3.15.0-r0.pre-install
(25/73) Installing abuild-sudo (3.15.0-r0)
(26/73) Installing alpine-baselayout-data (3.7.0-r0)
(27/73) Installing alpine-baselayout (3.7.0-r0)
Executing alpine-baselayout-3.7.0-r0.pre-install
Executing alpine-baselayout-3.7.0-r0.post-install
(28/73) Installing bridge (1.5-r5)
(29/73) Installing ifupdown-ng (0.12.1-r7)
(30/73) Installing openrc-user (0.62.2-r2)
(31/73) Installing openrc (0.62.2-r2)
Executing openrc-0.62.2-r2.post-install
(32/73) Installing mdev-conf (4.8-r0)
(33/73) Installing busybox-mdev-openrc (1.37.0-r18)
(34/73) Installing alpine-conf (3.20.0-r0)
(35/73) Installing alpine-keys (2.5-r0)
(36/73) Installing alpine-release (3.22.0-r0)
(37/73) Installing busybox-openrc (1.37.0-r18)
(38/73) Installing busybox-suid (1.37.0-r18)
(39/73) Installing alpine-base (3.22.0-r0)
(40/73) Installing jansson (2.14.1-r0)
(41/73) Installing zstd-libs (1.5.7-r0)
(42/73) Installing binutils (2.44-r0)
(43/73) Installing libmagic (5.46-r2)
(44/73) Installing file (5.46-r2)
(45/73) Installing libgomp (14.3.0-r0)
(46/73) Installing libatomic (14.3.0-r0)
(47/73) Installing gmp (6.3.0-r3)
(48/73) Installing isl26 (0.26-r1)
(49/73) Installing mpfr4 (4.2.1_p1-r0)
(50/73) Installing mpc1 (1.3.1-r1)
(51/73) Installing gcc (14.3.0-r0)
(52/73) Installing libstdc++-dev (14.3.0-r0)
(53/73) Installing musl-dev (1.2.5-r10)
(54/73) Installing g++ (14.3.0-r0)
(55/73) Installing make (4.4.1-r3)
(56/73) Installing fortify-headers (1.1-r5)
(57/73) Installing build-base (0.5-r3)
(58/73) Installing brotli-libs (1.1.0-r2)
(59/73) Installing c-ares (1.34.5-r0)
(60/73) Installing libunistring (1.3-r0)
(61/73) Installing libidn2 (2.3.7-r0)
(62/73) Installing nghttp2-libs (1.65.0-r0)
(63/73) Installing libpsl (0.21.5-r3)
(64/73) Installing libcurl (8.14.0-r2)
(65/73) Installing libexpat (2.7.1-r0)
(66/73) Installing pcre2 (10.43-r1)
(67/73) Installing git (2.49.0-r0)
(68/73) Installing git-init-template (2.49.0-r0)
(69/73) Installing libbz2 (1.0.8-r6)
(70/73) Installing perl (5.40.2-r0)
(71/73) Installing perl-error (0.17030-r0)
(72/73) Installing perl-git (2.49.0-r0)
(73/73) Installing git-perl (2.49.0-r0)
Executing busybox-1.37.0-r18.trigger
OK: 296 MiB in 73 packages
>>> perl-timedate: Fetching https://cpan.metacpan.org/authors/id/A/AT/ATOOMIC/TimeDate-2.33.tar.gz
>>> perl-timedate: Checking sha512sums...
TimeDate-2.33.tar.gz: OK
>>> perl-timedate: Unpacking /var/cache/distfiles/TimeDate-2.33.tar.gz...
Checking if your kit is complete...
Looks good
Generating a Unix-style Makefile
Writing Makefile for Date::Parse
Writing MYMETA.yml and MYMETA.json
cp lib/Date/Language/Russian_cp1251.pm blib/lib/Date/Language/Russian_cp1251.pm
cp lib/Date/Language/Italian.pm blib/lib/Date/Language/Italian.pm
cp lib/Date/Language/Icelandic.pm blib/lib/Date/Language/Icelandic.pm
cp lib/Date/Language/Afar.pm blib/lib/Date/Language/Afar.pm
cp lib/Date/Language/Dutch.pm blib/lib/Date/Language/Dutch.pm
cp lib/Date/Language/German.pm blib/lib/Date/Language/German.pm
cp lib/Date/Language/Bulgarian.pm blib/lib/Date/Language/Bulgarian.pm
cp lib/Date/Language/French.pm blib/lib/Date/Language/French.pm
cp lib/Date/Language/Russian.pm blib/lib/Date/Language/Russian.pm
cp lib/Date/Language/Turkish.pm blib/lib/Date/Language/Turkish.pm
cp lib/Date/Language/Swedish.pm blib/lib/Date/Language/Swedish.pm
cp lib/Date/Language/Greek.pm blib/lib/Date/Language/Greek.pm
cp lib/Date/Language/Chinese.pm blib/lib/Date/Language/Chinese.pm
cp lib/Time/Zone.pm blib/lib/Time/Zone.pm
cp lib/Date/Language/Romanian.pm blib/lib/Date/Language/Romanian.pm
cp lib/Date/Language/Tigrinya.pm blib/lib/Date/Language/Tigrinya.pm
cp lib/Date/Language/Oromo.pm blib/lib/Date/Language/Oromo.pm
cp lib/Date/Language/English.pm blib/lib/Date/Language/English.pm
cp lib/Date/Language/Brazilian.pm blib/lib/Date/Language/Brazilian.pm
cp lib/Date/Language/Chinese_GB.pm blib/lib/Date/Language/Chinese_GB.pm
cp lib/Date/Language/Hungarian.pm blib/lib/Date/Language/Hungarian.pm
cp lib/Date/Language/Austrian.pm blib/lib/Date/Language/Austrian.pm
cp lib/Date/Language/Danish.pm blib/lib/Date/Language/Danish.pm
cp lib/Date/Language/Sidama.pm blib/lib/Date/Language/Sidama.pm
cp lib/Date/Language.pm blib/lib/Date/Language.pm
cp lib/Date/Language/Spanish.pm blib/lib/Date/Language/Spanish.pm
cp lib/TimeDate.pm blib/lib/TimeDate.pm
cp lib/Date/Language/TigrinyaEthiopian.pm blib/lib/Date/Language/TigrinyaEthiopian.pm
cp lib/Date/Parse.pm blib/lib/Date/Parse.pm
cp lib/Date/Language/Russian_koi8r.pm blib/lib/Date/Language/Russian_koi8r.pm
cp lib/Date/Language/Norwegian.pm blib/lib/Date/Language/Norwegian.pm
cp lib/Date/Language/Amharic.pm blib/lib/Date/Language/Amharic.pm
cp lib/Date/Language/Somali.pm blib/lib/Date/Language/Somali.pm
cp lib/Date/Language/Czech.pm blib/lib/Date/Language/Czech.pm
cp lib/Date/Language/TigrinyaEritrean.pm blib/lib/Date/Language/TigrinyaEritrean.pm
cp lib/Date/Format.pm blib/lib/Date/Format.pm
cp lib/Date/Language/Finnish.pm blib/lib/Date/Language/Finnish.pm
cp lib/Date/Language/Gedeo.pm blib/lib/Date/Language/Gedeo.pm
cp lib/Date/Language/Occitan.pm blib/lib/Date/Language/Occitan.pm
Manifying 7 pod documents
PERL_DL_NONLAZY=1 "/usr/bin/perl" "-MExtUtils::Command::MM" "-MTest::Harness" "-e" "undef *Test::Harness::Switches; test_harness(0, 'blib/lib', 'blib/arch')" t/*.t
t/cpanrt.t ... ok
t/date.t ..... ok
t/format.t ... ok
t/getdate.t .. ok
t/lang.t ..... ok
All tests successful.
Files=5, Tests=509,  0 wallclock secs ( 0.02 usr  0.00 sys +  0.10 cusr  0.02 csys =  0.14 CPU)
Result: PASS
>>> perl-timedate: Entering fakeroot...
Manifying 7 pod documents
Appending installation info to /tmp/pkg/perl-timedate/usr/lib/perl5/core_perl/perllocal.pod
Installing /tmp/pkg/perl-timedate/usr/share/perl5/vendor_perl/TimeDate.pm
Installing /tmp/pkg/perl-timedate/usr/share/perl5/vendor_perl/Time/Zone.pm
Installing /tmp/pkg/perl-timedate/usr/share/perl5/vendor_perl/Date/Parse.pm
Installing /tmp/pkg/perl-timedate/usr/share/perl5/vendor_perl/Date/Language.pm
Installing /tmp/pkg/perl-timedate/usr/share/perl5/vendor_perl/Date/Format.pm
Installing /tmp/pkg/perl-timedate/usr/share/perl5/vendor_perl/Date/Language/Spanish.pm
Installing /tmp/pkg/perl-timedate/usr/share/perl5/vendor_perl/Date/Language/English.pm
Installing /tmp/pkg/perl-timedate/usr/share/perl5/vendor_perl/Date/Language/Amharic.pm
Installing /tmp/pkg/perl-timedate/usr/share/perl5/vendor_perl/Date/Language/Icelandic.pm
Installing /tmp/pkg/perl-timedate/usr/share/perl5/vendor_perl/Date/Language/Dutch.pm
Installing /tmp/pkg/perl-timedate/usr/share/perl5/vendor_perl/Date/Language/Somali.pm
Installing /tmp/pkg/perl-timedate/usr/share/perl5/vendor_perl/Date/Language/Hungarian.pm
Installing /tmp/pkg/perl-timedate/usr/share/perl5/vendor_perl/Date/Language/Norwegian.pm
Installing /tmp/pkg/perl-timedate/usr/share/perl5/vendor_perl/Date/Language/Bulgarian.pm
Installing /tmp/pkg/perl-timedate/usr/share/perl5/vendor_perl/Date/Language/Brazilian.pm
Installing /tmp/pkg/perl-timedate/usr/share/perl5/vendor_perl/Date/Language/Tigrinya.pm
Installing /tmp/pkg/perl-timedate/usr/share/perl5/vendor_perl/Date/Language/Chinese_GB.pm
Installing /tmp/pkg/perl-timedate/usr/share/perl5/vendor_perl/Date/Language/TigrinyaEritrean.pm
Installing /tmp/pkg/perl-timedate/usr/share/perl5/vendor_perl/Date/Language/Romanian.pm
Installing /tmp/pkg/perl-timedate/usr/share/perl5/vendor_perl/Date/Language/Austrian.pm
Installing /tmp/pkg/perl-timedate/usr/share/perl5/vendor_perl/Date/Language/Danish.pm
Installing /tmp/pkg/perl-timedate/usr/share/perl5/vendor_perl/Date/Language/Sidama.pm
Installing /tmp/pkg/perl-timedate/usr/share/perl5/vendor_perl/Date/Language/Swedish.pm
Installing /tmp/pkg/perl-timedate/usr/share/perl5/vendor_perl/Date/Language/Russian.pm
Installing /tmp/pkg/perl-timedate/usr/share/perl5/vendor_perl/Date/Language/Russian_koi8r.pm
Installing /tmp/pkg/perl-timedate/usr/share/perl5/vendor_perl/Date/Language/Czech.pm
Installing /tmp/pkg/perl-timedate/usr/share/perl5/vendor_perl/Date/Language/TigrinyaEthiopian.pm
Installing /tmp/pkg/perl-timedate/usr/share/perl5/vendor_perl/Date/Language/Oromo.pm
Installing /tmp/pkg/perl-timedate/usr/share/perl5/vendor_perl/Date/Language/Italian.pm
Installing /tmp/pkg/perl-timedate/usr/share/perl5/vendor_perl/Date/Language/French.pm
Installing /tmp/pkg/perl-timedate/usr/share/perl5/vendor_perl/Date/Language/Chinese.pm
Installing /tmp/pkg/perl-timedate/usr/share/perl5/vendor_perl/Date/Language/Occitan.pm
Installing /tmp/pkg/perl-timedate/usr/share/perl5/vendor_perl/Date/Language/Gedeo.pm
Installing /tmp/pkg/perl-timedate/usr/share/perl5/vendor_perl/Date/Language/Finnish.pm
Installing /tmp/pkg/perl-timedate/usr/share/perl5/vendor_perl/Date/Language/Russian_cp1251.pm
Installing /tmp/pkg/perl-timedate/usr/share/perl5/vendor_perl/Date/Language/Afar.pm
Installing /tmp/pkg/perl-timedate/usr/share/perl5/vendor_perl/Date/Language/Greek.pm
Installing /tmp/pkg/perl-timedate/usr/share/perl5/vendor_perl/Date/Language/Turkish.pm
Installing /tmp/pkg/perl-timedate/usr/share/perl5/vendor_perl/Date/Language/German.pm
Installing /tmp/pkg/perl-timedate/usr/share/man/man3/Date::Format.3pm
Installing /tmp/pkg/perl-timedate/usr/share/man/man3/TimeDate.3pm
Installing /tmp/pkg/perl-timedate/usr/share/man/man3/Date::Parse.3pm
Installing /tmp/pkg/perl-timedate/usr/share/man/man3/Date::Language::Bulgarian.3pm
Installing /tmp/pkg/perl-timedate/usr/share/man/man3/Date::Language::Hungarian.3pm
Installing /tmp/pkg/perl-timedate/usr/share/man/man3/Time::Zone.3pm
Installing /tmp/pkg/perl-timedate/usr/share/man/man3/Date::Language.3pm
>>> perl-timedate-doc*: Running split function doc...
'usr/share/man' -> '/tmp/pkg/perl-timedate-doc/usr/share/man'
>>> perl-timedate-doc*: Preparing subpackage perl-timedate-doc...
>>> perl-timedate-doc*: Running postcheck for perl-timedate-doc
>>> perl-timedate*: Running postcheck for perl-timedate
>>> perl-timedate*: Preparing package perl-timedate...
>>> perl-timedate-doc*: Tracing dependencies...
>>> perl-timedate-doc*: Package size: 10.7 KB
>>> perl-timedate-doc*: Compressing data...
>>> perl-timedate-doc*: Create checksum...
>>> perl-timedate-doc*: Create perl-timedate-doc-2.33-r4.apk
>>> perl-timedate*: Tracing dependencies...
	perl
>>> perl-timedate*: Package size: 72.4 KB
>>> perl-timedate*: Compressing data...
>>> perl-timedate*: Create checksum...
>>> perl-timedate*: Create perl-timedate-2.33-r4.apk
>>> perl-timedate: Updating the main/x86_64 repository index...
>>> perl-timedate: Signing the index...
>>> perl-timedate: Cleaning up srcdir
>>> perl-timedate: Cleaning up build chroot
>>> perl-timedate: Cleaning up pkgdir
