>>> perl-html-formattext-withlinks: Validating /home/packager/oily-pine/main/perl-html-formattext-withlinks/APKBUILD...
>>> perl-html-formattext-withlinks: Cleaning up srcdir
>>> perl-html-formattext-withlinks: Cleaning up pkgdir
>>> perl-html-formattext-withlinks: Cleaning up tmpdir
>>> perl-html-formattext-withlinks: Fetching https://cpan.metacpan.org/authors/id/S/ST/STRUAN/HTML-FormatText-WithLinks-0.15.tar.gz
  % Total    % Received % Xferd  Average Speed   Time    Time     Time  Current
                                 Dload  Upload   Total   Spent    Left  Speed
  0     0    0     0    0     0      0      0 --:--:-- --:--:-- --:--:--     0100 11915  100 11915    0     0  36295      0 --:--:-- --:--:-- --:--:-- 36326
>>> perl-html-formattext-withlinks: Fetching https://cpan.metacpan.org/authors/id/S/ST/STRUAN/HTML-FormatText-WithLinks-0.15.tar.gz
>>> perl-html-formattext-withlinks: Checking sha512sums...
HTML-FormatText-WithLinks-0.15.tar.gz: OK
>>> perl-html-formattext-withlinks: Preparing build chroot...
fetch http://dl-cdn.alpinelinux.org/alpine/edge/main/x86_64/APKINDEX.tar.gz
(1/86) Installing musl (1.2.5-r10)
(2/86) Installing libcrypto3 (3.5.0-r0)
(3/86) Installing ca-certificates-bundle (20241121-r2)
(4/86) Installing libssl3 (3.5.0-r0)
(5/86) Installing zlib (1.3.1-r2)
(6/86) Installing libapk2 (2.14.9-r2)
(7/86) Installing apk-tools (2.14.9-r2)
(8/86) Installing libcap2 (2.76-r0)
(9/86) Installing libcap-getcap (2.76-r0)
(10/86) Installing fakeroot (1.37.1.1-r0)
(11/86) Installing scanelf (1.3.8-r1)
(12/86) Installing musl-utils (1.2.5-r10)
(13/86) Installing libgcc (14.3.0-r1)
(14/86) Installing libstdc++ (14.3.0-r1)
(15/86) Installing lzip (1.25-r0)
(16/86) Installing openssl (3.5.0-r0)
(17/86) Installing patch (2.8-r0)
(18/86) Installing pkgconf (2.4.3-r0)
(19/86) Installing acl-libs (2.3.2-r1)
(20/86) Installing tar (1.35-r3)
(21/86) Installing busybox (1.37.0-r18)
Executing busybox-1.37.0-r18.post-install
(22/86) Installing ssl_client (1.37.0-r18)
(23/86) Installing busybox-binsh (1.37.0-r18)
(24/86) Installing abuild (3.15.0-r0)
Executing abuild-3.15.0-r0.pre-install
(25/86) Installing abuild-sudo (3.15.0-r0)
(26/86) Installing alpine-baselayout-data (3.7.0-r0)
(27/86) Installing alpine-baselayout (3.7.0-r0)
Executing alpine-baselayout-3.7.0-r0.pre-install
Executing alpine-baselayout-3.7.0-r0.post-install
(28/86) Installing bridge (1.5-r5)
(29/86) Installing ifupdown-ng (0.12.1-r7)
(30/86) Installing openrc-user (0.62.2-r2)
(31/86) Installing openrc (0.62.2-r2)
Executing openrc-0.62.2-r2.post-install
(32/86) Installing mdev-conf (4.8-r0)
(33/86) Installing busybox-mdev-openrc (1.37.0-r18)
(34/86) Installing alpine-conf (3.20.0-r0)
(35/86) Installing alpine-keys (2.5-r0)
(36/86) Installing alpine-release (3.22.0-r0)
(37/86) Installing busybox-openrc (1.37.0-r18)
(38/86) Installing busybox-suid (1.37.0-r18)
(39/86) Installing alpine-base (3.22.0-r0)
(40/86) Installing jansson (2.14.1-r0)
(41/86) Installing zstd-libs (1.5.7-r0)
(42/86) Installing binutils (2.44-r0)
(43/86) Installing libmagic (5.46-r2)
(44/86) Installing file (5.46-r2)
(45/86) Installing libgomp (14.3.0-r1)
(46/86) Installing libatomic (14.3.0-r1)
(47/86) Installing gmp (6.3.0-r3)
(48/86) Installing isl26 (0.26-r1)
(49/86) Installing mpfr4 (4.2.1_p1-r0)
(50/86) Installing mpc1 (1.3.1-r1)
(51/86) Installing gcc (14.3.0-r1)
(52/86) Installing libstdc++-dev (14.3.0-r1)
(53/86) Installing musl-dev (1.2.5-r10)
(54/86) Installing g++ (14.3.0-r1)
(55/86) Installing make (4.4.1-r3)
(56/86) Installing fortify-headers (1.1-r5)
(57/86) Installing build-base (0.5-r3)
(58/86) Installing brotli-libs (1.1.0-r2)
(59/86) Installing c-ares (1.34.5-r0)
(60/86) Installing libunistring (1.3-r0)
(61/86) Installing libidn2 (2.3.7-r0)
(62/86) Installing nghttp2-libs (1.65.0-r0)
(63/86) Installing libpsl (0.21.5-r3)
(64/86) Installing libcurl (8.14.0-r2)
(65/86) Installing libexpat (2.7.1-r0)
(66/86) Installing pcre2 (10.43-r1)
(67/86) Installing git (2.49.0-r0)
(68/86) Installing git-init-template (2.49.0-r0)
(69/86) Installing libbz2 (1.0.8-r6)
(70/86) Installing perl (5.40.2-r0)
(71/86) Installing perl-error (0.17030-r0)
(72/86) Installing perl-git (2.49.0-r0)
(73/86) Installing git-perl (2.49.0-r0)
(74/86) Installing perl-font-afm (1.20-r4)
(75/86) Installing perl-html-tagset (3.24-r0)
(76/86) Installing perl-clone (0.47-r0)
(77/86) Installing perl-http-date (6.06-r0)
(78/86) Installing perl-uri (5.28-r0)
(79/86) Installing perl-io-html (1.004-r1)
(80/86) Installing perl-encode-locale (1.05-r5)
(81/86) Installing perl-lwp-mediatypes (6.04-r3)
(82/86) Installing perl-http-message (7.00-r0)
(83/86) Installing perl-html-parser (3.83-r0)
(84/86) Installing perl-html-tree (5.07-r5)
(85/86) Installing perl-html-formatter (2.16-r3)
(86/86) Installing perl-module-build (0.4234-r1)
Executing busybox-1.37.0-r18.trigger
OK: 298 MiB in 86 packages
>>> perl-html-formattext-withlinks: Fetching https://cpan.metacpan.org/authors/id/S/ST/STRUAN/HTML-FormatText-WithLinks-0.15.tar.gz
>>> perl-html-formattext-withlinks: Checking sha512sums...
HTML-FormatText-WithLinks-0.15.tar.gz: OK
>>> perl-html-formattext-withlinks: Unpacking /var/cache/distfiles/HTML-FormatText-WithLinks-0.15.tar.gz...
Created MYMETA.yml and MYMETA.json
Creating new 'Build' script for 'HTML-FormatText-WithLinks' version '0.15'
Building HTML-FormatText-WithLinks
t/01load.t ...................... ok
t/basic_parse.t ................. ok
t/custom_format.t ............... ok
t/no_html_passed.t .............. ok
t/parse_a_with_no_href.t ........ ok
t/parse_file.t .................. ok
t/parse_missing_file.t .......... ok
t/parse_multiple_times.t ........ ok
t/parse_with_base.t ............. ok
t/parse_with_html_fragment.t .... ok
t/parse_with_identical_links.t .. ok
t/parse_with_links.t ............ ok
t/parse_with_local_links.t ...... ok
t/parse_with_name.t ............. ok
t/parse_with_relative_links.t ... ok
t/pod.t ......................... skipped: Test::Pod 1.00 required for testing POD
t/podcover.t .................... skipped: Test::Pod::Coverage 0.08 required for testing POD coverage
t/skip_linked_urls.t ............ ok
t/treebuilder_problem.t ......... skipped: Test::MockObject  required for testing TreeBuilder problems
t/with_emphasis.t ............... ok
All tests successful.
Files=20, Tests=92,  1 wallclock secs ( 0.03 usr  0.01 sys +  0.81 cusr  0.19 csys =  1.04 CPU)
Result: PASS
>>> perl-html-formattext-withlinks: Entering fakeroot...
Building HTML-FormatText-WithLinks
Installing /tmp/pkg/perl-html-formattext-withlinks/usr/share/perl5/vendor_perl/HTML/FormatText/WithLinks.pm
Installing /tmp/pkg/perl-html-formattext-withlinks/usr/share/man/man3/HTML::FormatText::WithLinks.3pm
>>> perl-html-formattext-withlinks-doc*: Running split function doc...
'usr/share/man' -> '/tmp/pkg/perl-html-formattext-withlinks-doc/usr/share/man'
>>> perl-html-formattext-withlinks-doc*: Preparing subpackage perl-html-formattext-withlinks-doc...
>>> perl-html-formattext-withlinks-doc*: Running postcheck for perl-html-formattext-withlinks-doc
>>> perl-html-formattext-withlinks*: Running postcheck for perl-html-formattext-withlinks
>>> perl-html-formattext-withlinks*: Preparing package perl-html-formattext-withlinks...
>>> perl-html-formattext-withlinks-doc*: Tracing dependencies...
>>> perl-html-formattext-withlinks-doc*: Package size: 3.0 KB
>>> perl-html-formattext-withlinks-doc*: Compressing data...
>>> perl-html-formattext-withlinks-doc*: Create checksum...
>>> perl-html-formattext-withlinks-doc*: Create perl-html-formattext-withlinks-doc-0.15-r5.apk
>>> perl-html-formattext-withlinks*: Tracing dependencies...
	perl
	perl-html-tree
	perl-uri
	perl-html-formatter
>>> perl-html-formattext-withlinks*: Package size: 11.6 KB
>>> perl-html-formattext-withlinks*: Compressing data...
>>> perl-html-formattext-withlinks*: Create checksum...
>>> perl-html-formattext-withlinks*: Create perl-html-formattext-withlinks-0.15-r5.apk
>>> perl-html-formattext-withlinks: Updating the main/x86_64 repository index...
>>> perl-html-formattext-withlinks: Signing the index...
>>> perl-html-formattext-withlinks: Cleaning up srcdir
>>> perl-html-formattext-withlinks: Cleaning up build chroot
>>> perl-html-formattext-withlinks: Cleaning up pkgdir
