pigz: not found
>>> perl-json-maybexs: Building main/perl-json-maybexs 1.004008-r0 (using abuild 3.14.1-r4) started Sun, 18 May 2025 07:50:06 +0000
>>> perl-json-maybexs: Validating /home/packager/aports/main/perl-json-maybexs/APKBUILD...
>>> perl-json-maybexs: Analyzing dependencies...
>>> perl-json-maybexs: Installing for build: build-base perl perl-test-needs
(1/7) Installing libbz2 (1.0.8-r6)
(2/7) Installing perl (5.40.2-r0)
(3/7) Installing perl-test-needs (0.002010-r1)
(4/7) Installing .makedepends-perl-json-maybexs (20250518.075008)
(5/7) Installing perl-error (0.17029-r2)
(6/7) Installing perl-git (2.47.2-r0)
(7/7) Installing git-perl (2.47.2-r0)
Executing busybox-1.37.0-r12.trigger
OK: 297 MiB in 88 packages
>>> perl-json-maybexs: Cleaning up srcdir
>>> perl-json-maybexs: Cleaning up pkgdir
>>> perl-json-maybexs: Cleaning up tmpdir
>>> perl-json-maybexs: Fetching https://cpan.metacpan.org/authors/id/E/ET/ETHER/JSON-MaybeXS-1.004008.tar.gz
Connecting to cpan.metacpan.org (146.75.122.217:443)
saving to '/var/cache/distfiles/JSON-MaybeXS-1.004008.tar.gz.part'
JSON-MaybeXS-1.00400 100% |********************************| 24049  0:00:00 ETA
'/var/cache/distfiles/JSON-MaybeXS-1.004008.tar.gz.part' saved
>>> perl-json-maybexs: Fetching https://cpan.metacpan.org/authors/id/E/ET/ETHER/JSON-MaybeXS-1.004008.tar.gz
>>> perl-json-maybexs: Checking sha512sums...
JSON-MaybeXS-1.004008.tar.gz: OK
>>> perl-json-maybexs: Unpacking /var/cache/distfiles/JSON-MaybeXS-1.004008.tar.gz...
HASCOMPILERiBw7/TESTEBLp.c:2:10: fatal error: EXTERN.h: No such file or directory
    2 | #include "EXTERN.h"
      |          ^~~~~~~~~~
compilation terminated.
Couldn't execute gcc -D_REENTRANT -D_GNU_SOURCE -D_GNU_SOURCE -fwrapv -fno-strict-aliasing -pipe -fstack-protector-strong -D_LARGEFILE_SOURCE -D_FILE_OFFSET_BITS=64 -Os -fstack-clash-protection -Wformat -Werror=format-security -fno-plt -O2 "-I/usr/lib/perl5/core_perl/CORE" -fPIC -c HASCOMPILERiBw7/TESTEBLp.c -o HASCOMPILERiBw7/TESTEBLp.o: Not a tty at Makefile.PL line 71.
Checking if your kit is complete...
Looks good
Generating a Unix-style Makefile
Writing Makefile for JSON::MaybeXS
Writing MYMETA.yml and MYMETA.json
cp lib/JSON/MaybeXS.pm blib/lib/JSON/MaybeXS.pm
Manifying 1 pod document
PERL_DL_NONLAZY=1 "/usr/bin/perl" "-MExtUtils::Command::MM" "-MTest::Harness" "-e" "undef *Test::Harness::Switches; test_harness(0, 'blib/lib', 'blib/arch')" t/*.t
t/cpanel.t .......... skipped: Need Cpanel::JSON::XS
# using invocant: JSON::MaybeXS
t/legacy.t .......... ok
t/new.t ............. ok
t/none.t ............ ok
# Using JSON::PP 4.16
# true is: bless( do{\(my $o = 1)}, 'JSON::PP::Boolean' )
# false is: bless( do{\(my $o = 0)}, 'JSON::PP::Boolean' )
t/pp.t .............. ok
t/preload_cpanel.t .. skipped: Need Cpanel::JSON::XS
t/preload_xs.t ...... skipped: Need JSON::XS 3.0
t/xs.t .............. skipped: Need JSON::XS 3.0
All tests successful.
Files=8, Tests=51,  1 wallclock secs ( 0.04 usr  0.01 sys +  0.46 cusr  0.08 csys =  0.59 CPU)
Result: PASS
>>> perl-json-maybexs: Entering fakeroot...
Manifying 1 pod document
Installing /home/packager/aports/main/perl-json-maybexs/pkg/perl-json-maybexs/usr/share/perl5/vendor_perl/JSON/MaybeXS.pm
Installing /home/packager/aports/main/perl-json-maybexs/pkg/perl-json-maybexs/usr/share/man/man3/JSON::MaybeXS.3pm
>>> perl-json-maybexs-doc*: Running split function doc...
'usr/share/man' -> '/home/packager/aports/main/perl-json-maybexs/pkg/perl-json-maybexs-doc/usr/share/man'
>>> perl-json-maybexs-doc*: Preparing subpackage perl-json-maybexs-doc...
>>> perl-json-maybexs-doc*: Running postcheck for perl-json-maybexs-doc
>>> perl-json-maybexs*: Running postcheck for perl-json-maybexs
>>> perl-json-maybexs*: Preparing package perl-json-maybexs...
>>> perl-json-maybexs-doc*: Tracing dependencies...
>>> perl-json-maybexs-doc*: Package size: 4.0 KB
>>> perl-json-maybexs-doc*: Compressing data...
>>> perl-json-maybexs-doc*: Create checksum...
pigz: not found
>>> perl-json-maybexs-doc*: Create perl-json-maybexs-doc-1.004008-r0.apk
>>> perl-json-maybexs*: Tracing dependencies...
	perl
>>> perl-json-maybexs*: Package size: 10.4 KB
>>> perl-json-maybexs*: Compressing data...
>>> perl-json-maybexs*: Create checksum...
pigz: not found
>>> perl-json-maybexs*: Create perl-json-maybexs-1.004008-r0.apk
>>> perl-json-maybexs: Build complete at Sun, 18 May 2025 07:50:11 +0000 elapsed time 0h 0m 5s
>>> perl-json-maybexs: Cleaning up srcdir
>>> perl-json-maybexs: Cleaning up pkgdir
>>> perl-json-maybexs: Uninstalling dependencies...
(1/7) Purging .makedepends-perl-json-maybexs (20250518.075008)
(2/7) Purging perl-test-needs (0.002010-r1)
(3/7) Purging git-perl (2.47.2-r0)
(4/7) Purging perl-git (2.47.2-r0)
(5/7) Purging perl-error (0.17029-r2)
(6/7) Purging perl (5.40.2-r0)
(7/7) Purging libbz2 (1.0.8-r6)
Executing busybox-1.37.0-r12.trigger
OK: 261 MiB in 81 packages
>>> perl-json-maybexs: Updating the main/x86_64 repository index...
>>> perl-json-maybexs: Signing the index...
pigz: not found
