>>> perl-test-tcp: Validating /home/packager/oily-pine/main/perl-test-tcp/APKBUILD...
>>> perl-test-tcp: Cleaning up srcdir
>>> perl-test-tcp: Cleaning up pkgdir
>>> perl-test-tcp: Cleaning up tmpdir
>>> perl-test-tcp: Fetching https://cpan.metacpan.org/authors/id/M/MI/MIYAGAWA/Test-TCP-2.22.tar.gz
  % Total    % Received % Xferd  Average Speed   Time    Time     Time  Current
                                 Dload  Upload   Total   Spent    Left  Speed
  0     0    0     0    0     0      0      0 --:--:-- --:--:-- --:--:--     0100 26582  100 26582    0     0   158k      0 --:--:-- --:--:-- --:--:--  159k
>>> perl-test-tcp: Fetching https://cpan.metacpan.org/authors/id/M/MI/MIYAGAWA/Test-TCP-2.22.tar.gz
>>> perl-test-tcp: Checking sha512sums...
Test-TCP-2.22.tar.gz: OK
>>> perl-test-tcp: Preparing build chroot...
fetch http://dl-cdn.alpinelinux.org/alpine/edge/main/x86_64/APKINDEX.tar.gz
(1/77) Installing musl (1.2.5-r10)
(2/77) Installing libcrypto3 (3.5.0-r0)
(3/77) Installing ca-certificates-bundle (20241121-r2)
(4/77) Installing libssl3 (3.5.0-r0)
(5/77) Installing zlib (1.3.1-r2)
(6/77) Installing libapk2 (2.14.9-r2)
(7/77) Installing apk-tools (2.14.9-r2)
(8/77) Installing libcap2 (2.76-r0)
(9/77) Installing libcap-getcap (2.76-r0)
(10/77) Installing fakeroot (1.37.1.1-r0)
(11/77) Installing scanelf (1.3.8-r1)
(12/77) Installing musl-utils (1.2.5-r10)
(13/77) Installing libgcc (14.3.0-r1)
(14/77) Installing libstdc++ (14.3.0-r1)
(15/77) Installing lzip (1.25-r0)
(16/77) Installing openssl (3.5.0-r0)
(17/77) Installing patch (2.8-r0)
(18/77) Installing pkgconf (2.4.3-r0)
(19/77) Installing acl-libs (2.3.2-r1)
(20/77) Installing tar (1.35-r3)
(21/77) Installing busybox (1.37.0-r18)
Executing busybox-1.37.0-r18.post-install
(22/77) Installing ssl_client (1.37.0-r18)
(23/77) Installing busybox-binsh (1.37.0-r18)
(24/77) Installing abuild (3.15.0-r0)
Executing abuild-3.15.0-r0.pre-install
(25/77) Installing abuild-sudo (3.15.0-r0)
(26/77) Installing alpine-baselayout-data (3.7.0-r0)
(27/77) Installing alpine-baselayout (3.7.0-r0)
Executing alpine-baselayout-3.7.0-r0.pre-install
Executing alpine-baselayout-3.7.0-r0.post-install
(28/77) Installing bridge (1.5-r5)
(29/77) Installing ifupdown-ng (0.12.1-r7)
(30/77) Installing openrc-user (0.62.2-r2)
(31/77) Installing openrc (0.62.2-r2)
Executing openrc-0.62.2-r2.post-install
(32/77) Installing mdev-conf (4.8-r0)
(33/77) Installing busybox-mdev-openrc (1.37.0-r18)
(34/77) Installing alpine-conf (3.20.0-r0)
(35/77) Installing alpine-keys (2.5-r0)
(36/77) Installing alpine-release (3.22.0-r0)
(37/77) Installing busybox-openrc (1.37.0-r18)
(38/77) Installing busybox-suid (1.37.0-r18)
(39/77) Installing alpine-base (3.22.0-r0)
(40/77) Installing jansson (2.14.1-r0)
(41/77) Installing zstd-libs (1.5.7-r0)
(42/77) Installing binutils (2.44-r0)
(43/77) Installing libmagic (5.46-r2)
(44/77) Installing file (5.46-r2)
(45/77) Installing libgomp (14.3.0-r1)
(46/77) Installing libatomic (14.3.0-r1)
(47/77) Installing gmp (6.3.0-r3)
(48/77) Installing isl26 (0.26-r1)
(49/77) Installing mpfr4 (4.2.1_p1-r0)
(50/77) Installing mpc1 (1.3.1-r1)
(51/77) Installing gcc (14.3.0-r1)
(52/77) Installing libstdc++-dev (14.3.0-r1)
(53/77) Installing musl-dev (1.2.5-r10)
(54/77) Installing g++ (14.3.0-r1)
(55/77) Installing make (4.4.1-r3)
(56/77) Installing fortify-headers (1.1-r5)
(57/77) Installing build-base (0.5-r3)
(58/77) Installing brotli-libs (1.1.0-r2)
(59/77) Installing c-ares (1.34.5-r0)
(60/77) Installing libunistring (1.3-r0)
(61/77) Installing libidn2 (2.3.7-r0)
(62/77) Installing nghttp2-libs (1.65.0-r0)
(63/77) Installing libpsl (0.21.5-r3)
(64/77) Installing libcurl (8.14.0-r2)
(65/77) Installing libexpat (2.7.1-r0)
(66/77) Installing pcre2 (10.43-r1)
(67/77) Installing git (2.49.0-r0)
(68/77) Installing git-init-template (2.49.0-r0)
(69/77) Installing libbz2 (1.0.8-r6)
(70/77) Installing perl (5.40.2-r0)
(71/77) Installing perl-error (0.17030-r0)
(72/77) Installing perl-git (2.49.0-r0)
(73/77) Installing git-perl (2.49.0-r0)
(74/77) Installing perl-utils (5.40.2-r0)
(75/77) Installing perl-dev (5.40.2-r0)
(76/77) Installing perl-test-requires (0.11-r3)
(77/77) Installing perl-test-sharedfork (0.35-r3)
Executing busybox-1.37.0-r18.trigger
OK: 305 MiB in 77 packages
>>> perl-test-tcp: Fetching https://cpan.metacpan.org/authors/id/M/MI/MIYAGAWA/Test-TCP-2.22.tar.gz
>>> perl-test-tcp: Checking sha512sums...
Test-TCP-2.22.tar.gz: OK
>>> perl-test-tcp: Unpacking /var/cache/distfiles/Test-TCP-2.22.tar.gz...
Checking if your kit is complete...
Looks good
Generating a Unix-style Makefile
Writing Makefile for Test::TCP
Writing MYMETA.yml and MYMETA.json
cp lib/Test/TCP/CheckPort.pm blib/lib/Test/TCP/CheckPort.pm
cp lib/Test/TCP.pm blib/lib/Test/TCP.pm
cp lib/Net/EmptyPort.pm blib/lib/Net/EmptyPort.pm
Manifying 3 pod documents
PERL_DL_NONLAZY=1 "/usr/bin/perl" "-MExtUtils::Command::MM" "-MTest::Harness" "-e" "undef *Test::Harness::Switches; test_harness(0, 'blib/lib', 'blib/arch')" t/*.t
# Test::More: 1.302199
t/00_compile.t ................. ok
t/01_simple.t .................. ok
# your server received SIGABRT
t/02_abrt.t .................... ok
t/03_return_when_sigterm.t ..... ok
t/04_die.t ..................... ok
# $Config{sig_name}: ZERO HUP INT QUIT ILL TRAP ABRT BUS FPE KILL USR1 SEGV USR2 PIPE ALRM TERM STKFLT CHLD CONT STOP TSTP TTIN TTOU URG XCPU XFSZ VTALRM PROF WINCH IO PWR SYS NUM32 NUM33 NUM34 RTMIN NUM36 NUM37 NUM38 NUM39 NUM40 NUM41 NUM42 NUM43 NUM44 NUM45 NUM46 NUM47 NUM48 NUM49 NUM50 NUM51 NUM52 NUM53 NUM54 NUM55 NUM56 NUM57 NUM58 NUM59 NUM60 NUM61 NUM62 NUM63 RTMAX IOT POLL UNUSED 
# CHILD_ERROR_NATIVE: 2
# $?: 2
t/05_sigint.t .................. ok
t/06_nest.t .................... ok
t/07_optional.t ................ ok
t/08_exit.t .................... ok
t/09_fork.t .................... ok
t/10_oo.t ...................... ok
    # found an empty IPv6 port
t/11_net_empty_port.t .......... ok
t/12_pass_wait_port_options.t .. ok
t/13_undef_port.t .............. ok
t/14_listen.t .................. ok
All tests successful.
Files=15, Tests=150, 27 wallclock secs ( 0.03 usr  0.00 sys +  0.79 cusr  0.18 csys =  1.00 CPU)
Result: PASS
>>> perl-test-tcp: Entering fakeroot...
Manifying 3 pod documents
Appending installation info to /tmp/pkg/perl-test-tcp/usr/lib/perl5/core_perl/perllocal.pod
Installing /tmp/pkg/perl-test-tcp/usr/share/perl5/vendor_perl/Test/TCP.pm
Installing /tmp/pkg/perl-test-tcp/usr/share/perl5/vendor_perl/Test/TCP/CheckPort.pm
Installing /tmp/pkg/perl-test-tcp/usr/share/perl5/vendor_perl/Net/EmptyPort.pm
Installing /tmp/pkg/perl-test-tcp/usr/share/man/man3/Test::TCP.3pm
Installing /tmp/pkg/perl-test-tcp/usr/share/man/man3/Test::TCP::CheckPort.3pm
Installing /tmp/pkg/perl-test-tcp/usr/share/man/man3/Net::EmptyPort.3pm
>>> perl-test-tcp-doc*: Running split function doc...
'usr/share/man' -> '/tmp/pkg/perl-test-tcp-doc/usr/share/man'
>>> perl-test-tcp-doc*: Preparing subpackage perl-test-tcp-doc...
>>> perl-test-tcp-doc*: Running postcheck for perl-test-tcp-doc
>>> perl-test-tcp*: Running postcheck for perl-test-tcp
>>> perl-test-tcp*: Preparing package perl-test-tcp...
>>> perl-test-tcp-doc*: Tracing dependencies...
>>> perl-test-tcp-doc*: Package size: 6.5 KB
>>> perl-test-tcp-doc*: Compressing data...
>>> perl-test-tcp-doc*: Create checksum...
>>> perl-test-tcp-doc*: Create perl-test-tcp-doc-2.22-r3.apk
>>> perl-test-tcp*: Tracing dependencies...
	perl
	perl-test-sharedfork
>>> perl-test-tcp*: Package size: 19.9 KB
>>> perl-test-tcp*: Compressing data...
>>> perl-test-tcp*: Create checksum...
>>> perl-test-tcp*: Create perl-test-tcp-2.22-r3.apk
>>> perl-test-tcp: Updating the main/x86_64 repository index...
>>> perl-test-tcp: Signing the index...
>>> perl-test-tcp: Cleaning up srcdir
>>> perl-test-tcp: Cleaning up build chroot
>>> perl-test-tcp: Cleaning up pkgdir
