>>> perl-compress-raw-bzip2: Validating /home/packager/oily-pine/main/perl-compress-raw-bzip2/APKBUILD...
>>> perl-compress-raw-bzip2: Cleaning up srcdir
>>> perl-compress-raw-bzip2: Cleaning up pkgdir
>>> perl-compress-raw-bzip2: Cleaning up tmpdir
>>> perl-compress-raw-bzip2: Fetching https://cpan.metacpan.org/authors/id/P/PM/PMQS/Compress-Raw-Bzip2-2.213.tar.gz
  % Total    % Received % Xferd  Average Speed   Time    Time     Time  Current
                                 Dload  Upload   Total   Spent    Left  Speed
  0     0    0     0    0     0      0      0 --:--:-- --:--:-- --:--:--     0100  213k  100  213k    0     0   697k      0 --:--:-- --:--:-- --:--:--  698k
>>> perl-compress-raw-bzip2: Fetching https://cpan.metacpan.org/authors/id/P/PM/PMQS/Compress-Raw-Bzip2-2.213.tar.gz
>>> perl-compress-raw-bzip2: Checking sha512sums...
Compress-Raw-Bzip2-2.213.tar.gz: OK
>>> perl-compress-raw-bzip2: Preparing build chroot...
fetch http://dl-cdn.alpinelinux.org/alpine/edge/main/x86_64/APKINDEX.tar.gz
(1/76) Installing musl (1.2.5-r10)
(2/76) Installing libcrypto3 (3.5.0-r0)
(3/76) Installing ca-certificates-bundle (20241121-r2)
(4/76) Installing libssl3 (3.5.0-r0)
(5/76) Installing zlib (1.3.1-r2)
(6/76) Installing libapk2 (2.14.9-r2)
(7/76) Installing apk-tools (2.14.9-r2)
(8/76) Installing libcap2 (2.76-r0)
(9/76) Installing libcap-getcap (2.76-r0)
(10/76) Installing fakeroot (1.37.1.1-r0)
(11/76) Installing scanelf (1.3.8-r1)
(12/76) Installing musl-utils (1.2.5-r10)
(13/76) Installing libgcc (14.3.0-r1)
(14/76) Installing libstdc++ (14.3.0-r1)
(15/76) Installing lzip (1.25-r0)
(16/76) Installing openssl (3.5.0-r0)
(17/76) Installing patch (2.8-r0)
(18/76) Installing pkgconf (2.4.3-r0)
(19/76) Installing acl-libs (2.3.2-r1)
(20/76) Installing tar (1.35-r3)
(21/76) Installing busybox (1.37.0-r18)
Executing busybox-1.37.0-r18.post-install
(22/76) Installing ssl_client (1.37.0-r18)
(23/76) Installing busybox-binsh (1.37.0-r18)
(24/76) Installing abuild (3.15.0-r0)
Executing abuild-3.15.0-r0.pre-install
(25/76) Installing abuild-sudo (3.15.0-r0)
(26/76) Installing alpine-baselayout-data (3.7.0-r0)
(27/76) Installing alpine-baselayout (3.7.0-r0)
Executing alpine-baselayout-3.7.0-r0.pre-install
Executing alpine-baselayout-3.7.0-r0.post-install
(28/76) Installing bridge (1.5-r5)
(29/76) Installing ifupdown-ng (0.12.1-r7)
(30/76) Installing openrc-user (0.62.2-r2)
(31/76) Installing openrc (0.62.2-r2)
Executing openrc-0.62.2-r2.post-install
(32/76) Installing mdev-conf (4.8-r0)
(33/76) Installing busybox-mdev-openrc (1.37.0-r18)
(34/76) Installing alpine-conf (3.20.0-r0)
(35/76) Installing alpine-keys (2.5-r0)
(36/76) Installing alpine-release (3.22.0-r0)
(37/76) Installing busybox-openrc (1.37.0-r18)
(38/76) Installing busybox-suid (1.37.0-r18)
(39/76) Installing alpine-base (3.22.0-r0)
(40/76) Installing jansson (2.14.1-r0)
(41/76) Installing zstd-libs (1.5.7-r0)
(42/76) Installing binutils (2.44-r0)
(43/76) Installing libmagic (5.46-r2)
(44/76) Installing file (5.46-r2)
(45/76) Installing libgomp (14.3.0-r1)
(46/76) Installing libatomic (14.3.0-r1)
(47/76) Installing gmp (6.3.0-r3)
(48/76) Installing isl26 (0.26-r1)
(49/76) Installing mpfr4 (4.2.1_p1-r0)
(50/76) Installing mpc1 (1.3.1-r1)
(51/76) Installing gcc (14.3.0-r1)
(52/76) Installing libstdc++-dev (14.3.0-r1)
(53/76) Installing musl-dev (1.2.5-r10)
(54/76) Installing g++ (14.3.0-r1)
(55/76) Installing make (4.4.1-r3)
(56/76) Installing fortify-headers (1.1-r5)
(57/76) Installing build-base (0.5-r3)
(58/76) Installing libbz2 (1.0.8-r6)
(59/76) Installing bzip2-dev (1.0.8-r6)
(60/76) Installing brotli-libs (1.1.0-r2)
(61/76) Installing c-ares (1.34.5-r0)
(62/76) Installing libunistring (1.3-r0)
(63/76) Installing libidn2 (2.3.7-r0)
(64/76) Installing nghttp2-libs (1.65.0-r0)
(65/76) Installing libpsl (0.21.5-r3)
(66/76) Installing libcurl (8.14.0-r2)
(67/76) Installing libexpat (2.7.1-r0)
(68/76) Installing pcre2 (10.43-r1)
(69/76) Installing git (2.49.0-r0)
(70/76) Installing git-init-template (2.49.0-r0)
(71/76) Installing perl (5.40.2-r0)
(72/76) Installing perl-error (0.17030-r0)
(73/76) Installing perl-git (2.49.0-r0)
(74/76) Installing git-perl (2.49.0-r0)
(75/76) Installing perl-utils (5.40.2-r0)
(76/76) Installing perl-dev (5.40.2-r0)
Executing busybox-1.37.0-r18.trigger
OK: 305 MiB in 76 packages
>>> perl-compress-raw-bzip2: Fetching https://cpan.metacpan.org/authors/id/P/PM/PMQS/Compress-Raw-Bzip2-2.213.tar.gz
>>> perl-compress-raw-bzip2: Checking sha512sums...
Compress-Raw-Bzip2-2.213.tar.gz: OK
>>> perl-compress-raw-bzip2: Unpacking /var/cache/distfiles/Compress-Raw-Bzip2-2.213.tar.gz...
Up/Downgrade not needed.
Checking if your kit is complete...
Looks good
Warning: -Lbzip2-src changed to -L/tmp/src/Compress-Raw-Bzip2-2.213/bzip2-src
Generating a Unix-style Makefile
Writing Makefile for Compress::Raw::Bzip2
Writing MYMETA.yml and MYMETA.json
Running Mkbootstrap for Bzip2 ()
"/usr/bin/perl" "/usr/share/perl5/core_perl/ExtUtils/xsubpp"  -typemap '/usr/share/perl5/core_perl/ExtUtils/typemap' -typemap '/tmp/src/Compress-Raw-Bzip2-2.213/typemap'  Bzip2.xs > Bzip2.xsc
chmod 644 "Bzip2.bs"
"/usr/bin/perl" -MExtUtils::Command::MM -e 'cp_nonempty' -- Bzip2.bs blib/arch/auto/Compress/Raw/Bzip2/Bzip2.bs 644
cp lib/Compress/Raw/Bzip2.pm blib/lib/Compress/Raw/Bzip2.pm
mv Bzip2.xsc Bzip2.c
cc -c  -I. -D_REENTRANT -D_GNU_SOURCE -D_GNU_SOURCE -fwrapv -fno-strict-aliasing -pipe -fstack-protector-strong -D_LARGEFILE_SOURCE -D_FILE_OFFSET_BITS=64 -Os -fstack-clash-protection -Wformat -Werror=format-security -fno-plt -O2   -DVERSION=\"2.213\" -DXS_VERSION=\"2.213\" -fPIC "-I/usr/lib/perl5/core_perl/CORE"  -DBZ_NO_STDIO -DUSE_PPPORT_H Bzip2.c
rm -f blib/arch/auto/Compress/Raw/Bzip2/Bzip2.so
LD_RUN_PATH="/usr/lib" cc  -shared -Os -fstack-clash-protection -Wformat -Werror=format-security -fno-plt -O2 -L/usr/local/lib -fstack-protector-strong  Bzip2.o  -o blib/arch/auto/Compress/Raw/Bzip2/Bzip2.so  \
   -L/tmp/src/Compress-Raw-Bzip2-2.213/bzip2-src -lbz2   \
  
chmod 755 blib/arch/auto/Compress/Raw/Bzip2/Bzip2.so
Manifying 1 pod document
"/usr/bin/perl" -MExtUtils::Command::MM -e 'cp_nonempty' -- Bzip2.bs blib/arch/auto/Compress/Raw/Bzip2/Bzip2.bs 644
PERL_DL_NONLAZY=1 "/usr/bin/perl" "-MExtUtils::Command::MM" "-MTest::Harness" "-e" "undef *Test::Harness::Switches; test_harness(0, 'blib/lib', 'blib/arch')" t/*.t
t/000prereq.t ...... ok
t/01bzip2.t ........ ok
t/09limitoutput.t .. ok
t/19nonpv.t ........ ok
t/99pod.t .......... skipped: Test::Pod 1.00 required for testing POD
t/meta-json.t ...... skipped: Test::CPAN::Meta::JSON required for testing META.json
t/meta-yaml.t ...... skipped: Test::CPAN::Meta required for testing META.yml
All tests successful.
Files=7, Tests=307,  1 wallclock secs ( 0.02 usr  0.00 sys +  0.15 cusr  0.03 csys =  0.20 CPU)
Result: PASS
>>> perl-compress-raw-bzip2: Entering fakeroot...
"/usr/bin/perl" -MExtUtils::Command::MM -e 'cp_nonempty' -- Bzip2.bs blib/arch/auto/Compress/Raw/Bzip2/Bzip2.bs 644
Manifying 1 pod document
Files found in blib/arch: installing files in blib/lib into architecture dependent library tree
Installing /tmp/pkg/perl-compress-raw-bzip2/usr/lib/perl5/vendor_perl/auto/Compress/Raw/Bzip2/Bzip2.so
Installing /tmp/pkg/perl-compress-raw-bzip2/usr/lib/perl5/vendor_perl/Compress/Raw/Bzip2.pm
Installing /tmp/pkg/perl-compress-raw-bzip2/usr/share/man/man3/Compress::Raw::Bzip2.3pm
>>> perl-compress-raw-bzip2*: Running postcheck for perl-compress-raw-bzip2
>>> perl-compress-raw-bzip2*: Preparing package perl-compress-raw-bzip2...
>>> perl-compress-raw-bzip2*: Stripping binaries
>>> WARNING: perl-compress-raw-bzip2*: Redundant /usr/lib in rpath found
>>> perl-compress-raw-bzip2*: Scanning shared objects
>>> perl-compress-raw-bzip2*: Tracing dependencies...
	perl
	so:libbz2.so.1
	so:libc.musl-x86_64.so.1
>>> perl-compress-raw-bzip2*: Package size: 44.3 KB
>>> perl-compress-raw-bzip2*: Compressing data...
>>> perl-compress-raw-bzip2*: Create checksum...
>>> perl-compress-raw-bzip2*: Create perl-compress-raw-bzip2-2.213-r0.apk
>>> perl-compress-raw-bzip2: Updating the main/x86_64 repository index...
>>> perl-compress-raw-bzip2: Signing the index...
>>> perl-compress-raw-bzip2: Cleaning up srcdir
>>> perl-compress-raw-bzip2: Cleaning up build chroot
>>> perl-compress-raw-bzip2: Cleaning up pkgdir
