>>> perl-net-dns: Validating /home/packager/oily-pine/main/perl-net-dns/APKBUILD...
>>> perl-net-dns: Cleaning up srcdir
>>> perl-net-dns: Cleaning up pkgdir
>>> perl-net-dns: Cleaning up tmpdir
>>> perl-net-dns: Fetching https://cpan.metacpan.org/authors/id/N/NL/NLNETLABS/Net-DNS-1.49.tar.gz
  % Total    % Received % Xferd  Average Speed   Time    Time     Time  Current
                                 Dload  Upload   Total   Spent    Left  Speed
  0     0    0     0    0     0      0      0 --:--:-- --:--:-- --:--:--     0100  256k  100  256k    0     0   772k      0 --:--:-- --:--:-- --:--:--  773k
>>> perl-net-dns: Fetching https://cpan.metacpan.org/authors/id/N/NL/NLNETLABS/Net-DNS-1.49.tar.gz
>>> perl-net-dns: Checking sha512sums...
Net-DNS-1.49.tar.gz: OK
>>> perl-net-dns: Preparing build chroot...
fetch http://dl-cdn.alpinelinux.org/alpine/edge/main/x86_64/APKINDEX.tar.gz
(1/76) Installing musl (1.2.5-r10)
(2/76) Installing libcrypto3 (3.5.0-r0)
(3/76) Installing ca-certificates-bundle (20241121-r2)
(4/76) Installing libssl3 (3.5.0-r0)
(5/76) Installing zlib (1.3.1-r2)
(6/76) Installing libapk2 (2.14.9-r2)
(7/76) Installing apk-tools (2.14.9-r2)
(8/76) Installing libcap2 (2.76-r0)
(9/76) Installing libcap-getcap (2.76-r0)
(10/76) Installing fakeroot (1.37.1.1-r0)
(11/76) Installing scanelf (1.3.8-r1)
(12/76) Installing musl-utils (1.2.5-r10)
(13/76) Installing libgcc (14.3.0-r0)
(14/76) Installing libstdc++ (14.3.0-r0)
(15/76) Installing lzip (1.25-r0)
(16/76) Installing openssl (3.5.0-r0)
(17/76) Installing patch (2.8-r0)
(18/76) Installing pkgconf (2.4.3-r0)
(19/76) Installing acl-libs (2.3.2-r1)
(20/76) Installing tar (1.35-r3)
(21/76) Installing busybox (1.37.0-r18)
Executing busybox-1.37.0-r18.post-install
(22/76) Installing ssl_client (1.37.0-r18)
(23/76) Installing busybox-binsh (1.37.0-r18)
(24/76) Installing abuild (3.15.0-r0)
Executing abuild-3.15.0-r0.pre-install
(25/76) Installing abuild-sudo (3.15.0-r0)
(26/76) Installing alpine-baselayout-data (3.7.0-r0)
(27/76) Installing alpine-baselayout (3.7.0-r0)
Executing alpine-baselayout-3.7.0-r0.pre-install
Executing alpine-baselayout-3.7.0-r0.post-install
(28/76) Installing bridge (1.5-r5)
(29/76) Installing ifupdown-ng (0.12.1-r7)
(30/76) Installing openrc-user (0.62.2-r2)
(31/76) Installing openrc (0.62.2-r2)
Executing openrc-0.62.2-r2.post-install
(32/76) Installing mdev-conf (4.8-r0)
(33/76) Installing busybox-mdev-openrc (1.37.0-r18)
(34/76) Installing alpine-conf (3.20.0-r0)
(35/76) Installing alpine-keys (2.5-r0)
(36/76) Installing alpine-release (3.22.0-r0)
(37/76) Installing busybox-openrc (1.37.0-r18)
(38/76) Installing busybox-suid (1.37.0-r18)
(39/76) Installing alpine-base (3.22.0-r0)
(40/76) Installing jansson (2.14.1-r0)
(41/76) Installing zstd-libs (1.5.7-r0)
(42/76) Installing binutils (2.44-r0)
(43/76) Installing libmagic (5.46-r2)
(44/76) Installing file (5.46-r2)
(45/76) Installing libgomp (14.3.0-r0)
(46/76) Installing libatomic (14.3.0-r0)
(47/76) Installing gmp (6.3.0-r3)
(48/76) Installing isl26 (0.26-r1)
(49/76) Installing mpfr4 (4.2.1_p1-r0)
(50/76) Installing mpc1 (1.3.1-r1)
(51/76) Installing gcc (14.3.0-r0)
(52/76) Installing libstdc++-dev (14.3.0-r0)
(53/76) Installing musl-dev (1.2.5-r10)
(54/76) Installing g++ (14.3.0-r0)
(55/76) Installing make (4.4.1-r3)
(56/76) Installing fortify-headers (1.1-r5)
(57/76) Installing build-base (0.5-r3)
(58/76) Installing brotli-libs (1.1.0-r2)
(59/76) Installing c-ares (1.34.5-r0)
(60/76) Installing libunistring (1.3-r0)
(61/76) Installing libidn2 (2.3.7-r0)
(62/76) Installing nghttp2-libs (1.65.0-r0)
(63/76) Installing libpsl (0.21.5-r3)
(64/76) Installing libcurl (8.14.0-r2)
(65/76) Installing libexpat (2.7.1-r0)
(66/76) Installing pcre2 (10.43-r1)
(67/76) Installing git (2.49.0-r0)
(68/76) Installing git-init-template (2.49.0-r0)
(69/76) Installing libbz2 (1.0.8-r6)
(70/76) Installing perl (5.40.2-r0)
(71/76) Installing perl-error (0.17030-r0)
(72/76) Installing perl-git (2.49.0-r0)
(73/76) Installing git-perl (2.49.0-r0)
(74/76) Installing perl-digest-sha1 (2.13-r19)
(75/76) Installing perl-digest-md5 (2.59-r2)
(76/76) Installing perl-digest-hmac (1.05-r0)
Executing busybox-1.37.0-r18.trigger
OK: 296 MiB in 76 packages
>>> perl-net-dns: Fetching https://cpan.metacpan.org/authors/id/N/NL/NLNETLABS/Net-DNS-1.49.tar.gz
>>> perl-net-dns: Checking sha512sums...
Net-DNS-1.49.tar.gz: OK
>>> perl-net-dns: Unpacking /var/cache/distfiles/Net-DNS-1.49.tar.gz...
Duplicate specification "noonline-tests" for option "noonline-tests"

Unable to establish TCP/IP connection to the global Internet.
Try again

Disabling online tests altogether...

Checking if your kit is complete...
Looks good
Generating a Unix-style Makefile
Writing Makefile for Net::DNS
Writing MYMETA.yml and MYMETA.json
cp lib/Net/DNS/RR/DELEG.pm blib/lib/Net/DNS/RR/DELEG.pm
cp lib/Net/DNS/RR/PTR.pm blib/lib/Net/DNS/RR/PTR.pm
cp lib/Net/DNS/DomainName.pm blib/lib/Net/DNS/DomainName.pm
cp lib/Net/DNS/RR/NSEC.pm blib/lib/Net/DNS/RR/NSEC.pm
cp lib/Net/DNS/RR/URI.pm blib/lib/Net/DNS/RR/URI.pm
cp lib/Net/DNS/RR/HIP.pm blib/lib/Net/DNS/RR/HIP.pm
cp lib/Net/DNS/RR/LOC.pm blib/lib/Net/DNS/RR/LOC.pm
cp lib/Net/DNS/RR/CNAME.pm blib/lib/Net/DNS/RR/CNAME.pm
cp lib/Net/DNS/Resolver/UNIX.pm blib/lib/Net/DNS/Resolver/UNIX.pm
cp lib/Net/DNS/RR/RP.pm blib/lib/Net/DNS/RR/RP.pm
cp lib/Net/DNS/Packet.pm blib/lib/Net/DNS/Packet.pm
cp lib/Net/DNS/RR/SPF.pm blib/lib/Net/DNS/RR/SPF.pm
cp lib/Net/DNS/Parameters.pm blib/lib/Net/DNS/Parameters.pm
cp lib/Net/DNS/RR/OPENPGPKEY.pm blib/lib/Net/DNS/RR/OPENPGPKEY.pm
cp lib/Net/DNS/RR/NULL.pm blib/lib/Net/DNS/RR/NULL.pm
cp lib/Net/DNS/RR/CDS.pm blib/lib/Net/DNS/RR/CDS.pm
cp lib/Net/DNS/RR/MINFO.pm blib/lib/Net/DNS/RR/MINFO.pm
cp lib/Net/DNS/RR.pm blib/lib/Net/DNS/RR.pm
cp lib/Net/DNS/Header.pm blib/lib/Net/DNS/Header.pm
cp lib/Net/DNS/RR/SSHFP.pm blib/lib/Net/DNS/RR/SSHFP.pm
cp lib/Net/DNS/RR/A.pm blib/lib/Net/DNS/RR/A.pm
cp lib/Net/DNS/RR/DNAME.pm blib/lib/Net/DNS/RR/DNAME.pm
cp lib/Net/DNS/RR/CERT.pm blib/lib/Net/DNS/RR/CERT.pm
cp lib/Net/DNS/RR/MB.pm blib/lib/Net/DNS/RR/MB.pm
cp lib/Net/DNS/RR/IPSECKEY.pm blib/lib/Net/DNS/RR/IPSECKEY.pm
cp lib/Net/DNS/RR/AFSDB.pm blib/lib/Net/DNS/RR/AFSDB.pm
cp lib/Net/DNS/RR/TSIG.pm blib/lib/Net/DNS/RR/TSIG.pm
cp lib/Net/DNS/RR/KEY.pm blib/lib/Net/DNS/RR/KEY.pm
cp lib/Net/DNS/Mailbox.pm blib/lib/Net/DNS/Mailbox.pm
cp lib/Net/DNS/Domain.pm blib/lib/Net/DNS/Domain.pm
cp lib/Net/DNS/RR/TKEY.pm blib/lib/Net/DNS/RR/TKEY.pm
cp lib/Net/DNS/RR/L64.pm blib/lib/Net/DNS/RR/L64.pm
cp lib/Net/DNS/Resolver/cygwin.pm blib/lib/Net/DNS/Resolver/cygwin.pm
cp lib/Net/DNS/RR/NSEC3PARAM.pm blib/lib/Net/DNS/RR/NSEC3PARAM.pm
cp lib/Net/DNS/RR/MR.pm blib/lib/Net/DNS/RR/MR.pm
cp lib/Net/DNS/RR/AMTRELAY.pm blib/lib/Net/DNS/RR/AMTRELAY.pm
cp lib/Net/DNS/RR/OPT.pm blib/lib/Net/DNS/RR/OPT.pm
cp lib/Net/DNS/RR/RRSIG.pm blib/lib/Net/DNS/RR/RRSIG.pm
cp lib/Net/DNS/Resolver/Base.pm blib/lib/Net/DNS/Resolver/Base.pm
cp lib/Net/DNS/Question.pm blib/lib/Net/DNS/Question.pm
cp lib/Net/DNS/Resolver/MSWin32.pm blib/lib/Net/DNS/Resolver/MSWin32.pm
cp lib/Net/DNS/Resolver/android.pm blib/lib/Net/DNS/Resolver/android.pm
cp lib/Net/DNS/RR/CSYNC.pm blib/lib/Net/DNS/RR/CSYNC.pm
cp lib/Net/DNS/RR/KX.pm blib/lib/Net/DNS/RR/KX.pm
cp lib/Net/DNS/RR/NID.pm blib/lib/Net/DNS/RR/NID.pm
cp lib/Net/DNS/RR/DHCID.pm blib/lib/Net/DNS/RR/DHCID.pm
cp lib/Net/DNS/RR/SVCB.pm blib/lib/Net/DNS/RR/SVCB.pm
cp lib/Net/DNS/RR/HTTPS.pm blib/lib/Net/DNS/RR/HTTPS.pm
cp lib/Net/DNS/RR/SOA.pm blib/lib/Net/DNS/RR/SOA.pm
cp lib/Net/DNS/Text.pm blib/lib/Net/DNS/Text.pm
cp lib/Net/DNS/RR/CAA.pm blib/lib/Net/DNS/RR/CAA.pm
cp lib/Net/DNS/Resolver/os390.pm blib/lib/Net/DNS/Resolver/os390.pm
cp lib/Net/DNS/RR/RT.pm blib/lib/Net/DNS/RR/RT.pm
cp lib/Net/DNS/RR/NAPTR.pm blib/lib/Net/DNS/RR/NAPTR.pm
cp lib/Net/DNS/FAQ.pod blib/lib/Net/DNS/FAQ.pod
cp lib/Net/DNS/RR/X25.pm blib/lib/Net/DNS/RR/X25.pm
cp lib/Net/DNS/Nameserver.pm blib/lib/Net/DNS/Nameserver.pm
cp lib/Net/DNS/RR/HINFO.pm blib/lib/Net/DNS/RR/HINFO.pm
cp lib/Net/DNS/RR/DNSKEY.pm blib/lib/Net/DNS/RR/DNSKEY.pm
cp lib/Net/DNS/RR/APL.pm blib/lib/Net/DNS/RR/APL.pm
cp lib/Net/DNS/RR/EUI48.pm blib/lib/Net/DNS/RR/EUI48.pm
cp lib/Net/DNS/RR/EUI64.pm blib/lib/Net/DNS/RR/EUI64.pm
cp lib/Net/DNS/Resolver/os2.pm blib/lib/Net/DNS/Resolver/os2.pm
cp lib/Net/DNS/RR/MG.pm blib/lib/Net/DNS/RR/MG.pm
cp lib/Net/DNS/RR/TXT.pm blib/lib/Net/DNS/RR/TXT.pm
cp lib/Net/DNS/RR/DSYNC.pm blib/lib/Net/DNS/RR/DSYNC.pm
cp lib/Net/DNS/RR/NSEC3.pm blib/lib/Net/DNS/RR/NSEC3.pm
cp lib/Net/DNS/Update.pm blib/lib/Net/DNS/Update.pm
cp lib/Net/DNS/RR/NS.pm blib/lib/Net/DNS/RR/NS.pm
cp lib/Net/DNS/RR/LP.pm blib/lib/Net/DNS/RR/LP.pm
cp lib/Net/DNS/RR/CDNSKEY.pm blib/lib/Net/DNS/RR/CDNSKEY.pm
cp lib/Net/DNS/ZoneFile.pm blib/lib/Net/DNS/ZoneFile.pm
cp lib/Net/DNS/RR/AAAA.pm blib/lib/Net/DNS/RR/AAAA.pm
cp lib/Net/DNS/RR/SIG.pm blib/lib/Net/DNS/RR/SIG.pm
cp lib/Net/DNS/RR/L32.pm blib/lib/Net/DNS/RR/L32.pm
cp lib/Net/DNS/RR/SMIMEA.pm blib/lib/Net/DNS/RR/SMIMEA.pm
cp lib/Net/DNS/Resolver.pm blib/lib/Net/DNS/Resolver.pm
cp lib/Net/DNS/RR/MX.pm blib/lib/Net/DNS/RR/MX.pm
cp lib/Net/DNS/RR/PX.pm blib/lib/Net/DNS/RR/PX.pm
cp lib/Net/DNS/RR/TLSA.pm blib/lib/Net/DNS/RR/TLSA.pm
cp lib/Net/DNS/RR/SRV.pm blib/lib/Net/DNS/RR/SRV.pm
cp lib/Net/DNS/RR/GPOS.pm blib/lib/Net/DNS/RR/GPOS.pm
cp lib/Net/DNS.pm blib/lib/Net/DNS.pm
cp lib/Net/DNS/RR/DS.pm blib/lib/Net/DNS/RR/DS.pm
cp lib/Net/DNS/Resolver/Recurse.pm blib/lib/Net/DNS/Resolver/Recurse.pm
cp lib/Net/DNS/RR/ISDN.pm blib/lib/Net/DNS/RR/ISDN.pm
cp lib/Net/DNS/RR/ZONEMD.pm blib/lib/Net/DNS/RR/ZONEMD.pm
Manifying 87 pod documents
PERL_DL_NONLAZY=1 HARNESS_OPTIONS=j1:c "/usr/bin/perl" "-It" "-MExtUtils::Command::MM" "-MTest::Harness" "-e" "undef *Test::Harness::Switches; test_harness(0, 'blib/lib', 'blib/arch')" t/*.t
t/00-install.t ............. ok
# 
# These tests were run using:
# 	Net::DNS                   1.49
# 	Carp                       1.54
# 	Config                     5.040002
# 	Digest::HMAC               1.05
# 	Digest::MD5                2.59
# 	Digest::SHA                6.04
# 	Encode                     3.21
# 	Exporter                   5.78
# 	ExtUtils::MakeMaker        7.70
# 	File::Find                 1.44
# 	File::Spec                 3.91
# 	Getopt::Long               2.57
# 	IO::File                   1.55
# 	IO::Select                 1.55
# 	IO::Socket                 1.55
# 	IO::Socket::IP             0.42
# 	MIME::Base64               3.16_01
# 	PerlIO                     1.12
# 	Scalar::Util               1.63
# 	Socket                     2.038
# 	Test::Builder              1.302199
# 	Test::More                 1.302199
# 	Time::Local                1.35
# 	base                       2.27
# 	constant                   1.33
# 	integer                    1.01
# 	overload                   1.37
# 	strict                     1.13
# 	warnings                   1.70
t/00-load.t ................ ok
t/00-pod.t ................. skipped: Test::Pod 1.45 not installed
t/01-resolver-config.t ..... ok
t/01-resolver-env.t ........ ok
t/01-resolver-file.t ....... ok
t/01-resolver-flags.t ...... ok
t/01-resolver-opt.t ........ ok
t/01-resolver.t ............ ok
t/02-domain.t .............. ok
t/02-domainname.t .......... ok
t/02-IDN.t ................. skipped: Net::LibIDN2 not installed
t/02-mailbox.t ............. ok
t/02-text.t ................ ok
t/03-header.t .............. ok
t/03-parameters.t .......... ok
t/03-question.t ............ ok
t/03-rr.t .................. ok
t/04-packet-truncate.t ..... ok
t/04-packet.t .............. ok
t/05-A.t ................... ok
t/05-AAAA.t ................ ok
t/05-AFSDB.t ............... ok
t/05-AMTRELAY.t ............ ok
t/05-APL.t ................. ok
t/05-CAA.t ................. ok
t/05-CDNSKEY.t ............. ok
t/05-CDS.t ................. ok
t/05-CERT.t ................ ok
t/05-CNAME.t ............... ok
t/05-CSYNC.t ............... ok
t/05-DHCID.t ............... ok
t/05-DNAME.t ............... ok
t/05-DNSKEY.t .............. ok
t/05-DS.t .................. ok
t/05-DSYNC.t ............... ok
t/05-EUI48.t ............... ok
t/05-EUI64.t ............... ok
t/05-HINFO.t ............... ok
t/05-HIP.t ................. ok
t/05-HTTPS.t ............... ok
t/05-IPSECKEY.t ............ ok
t/05-ISDN.t ................ ok
t/05-KEY.t ................. ok
t/05-KX.t .................. ok
t/05-L32.t ................. ok
t/05-L64.t ................. ok
t/05-LOC.t ................. ok
t/05-LP.t .................. ok
t/05-MINFO.t ............... ok
t/05-MX.t .................. ok
t/05-NAPTR.t ............... ok
t/05-NID.t ................. ok
t/05-NS.t .................. ok
t/05-NSEC.t ................ ok
t/05-NSEC3.t ............... ok
t/05-NSEC3PARAM.t .......... ok
t/05-NULL.t ................ ok
t/05-OPENPGPKEY.t .......... ok
t/05-OPT.t ................. ok
t/05-PTR.t ................. ok
t/05-PX.t .................. ok
t/05-RP.t .................. ok
t/05-RRSIG.t ............... ok
t/05-RT.t .................. ok
t/05-SIG.t ................. ok
t/05-SMIMEA.t .............. ok
t/05-SOA.t ................. ok
t/05-SPF.t ................. ok
t/05-SRV.t ................. ok
t/05-SSHFP.t ............... ok
t/05-SVCB.t ................ ok
t/05-TKEY.t ................ ok
t/05-TLSA.t ................ ok
t/05-TSIG.t ................ ok
t/05-TXT.t ................. ok
t/05-URI.t ................. ok
t/05-X25.t ................. ok
t/05-ZONEMD.t .............. ok
t/06-update-unique-push.t .. ok
t/06-update.t .............. ok
t/07-rrsort.t .............. ok
t/07-zonefile.t ............ ok
t/08-IPv4.t ................ skipped: Online tests disabled.
t/08-IPv6.t ................ skipped: Online tests disabled.
t/08-recurse.t ............. skipped: Online tests disabled.
t/21-NSEC-typelist.t ....... ok
t/22-NSEC-match.t .......... ok
t/23-NSEC-covered.t ........ ok
t/24-NSEC-encloser.t ....... ok
t/31-NSEC3-base32.t ........ ok
t/32-NSEC3-typelist.t ...... ok
t/33-NSEC3-hash.t .......... ok
t/34-NSEC3-flags.t ......... ok
t/36-NSEC3-covered.t ....... ok
t/37-NSEC3-encloser.t ...... ok
t/41-DNSKEY-keytag.t ....... ok
t/42-DNSKEY-flags.t ........ ok
t/43-DNSKEY-keylength.t .... ok
t/51-DS-SHA1.t ............. ok
t/52-DS-SHA256.t ........... ok
t/54-DS-SHA384.t ........... ok
t/71-TSIG-create.t ......... ok
t/72-TSIG-verify.t ......... ok
# Cleaning
t/99-cleanup.t ............. ok
All tests successful.
Files=105, Tests=3059,  9 wallclock secs ( 0.16 usr  0.05 sys +  5.73 cusr  1.09 csys =  7.03 CPU)
Result: PASS
>>> perl-net-dns: Entering fakeroot...
Manifying 87 pod documents
Installing /tmp/pkg/perl-net-dns/usr/share/perl5/vendor_perl/Net/DNS.pm
Installing /tmp/pkg/perl-net-dns/usr/share/perl5/vendor_perl/Net/DNS/Text.pm
Installing /tmp/pkg/perl-net-dns/usr/share/perl5/vendor_perl/Net/DNS/Parameters.pm
Installing /tmp/pkg/perl-net-dns/usr/share/perl5/vendor_perl/Net/DNS/Mailbox.pm
Installing /tmp/pkg/perl-net-dns/usr/share/perl5/vendor_perl/Net/DNS/Resolver.pm
Installing /tmp/pkg/perl-net-dns/usr/share/perl5/vendor_perl/Net/DNS/DomainName.pm
Installing /tmp/pkg/perl-net-dns/usr/share/perl5/vendor_perl/Net/DNS/FAQ.pod
Installing /tmp/pkg/perl-net-dns/usr/share/perl5/vendor_perl/Net/DNS/ZoneFile.pm
Installing /tmp/pkg/perl-net-dns/usr/share/perl5/vendor_perl/Net/DNS/Domain.pm
Installing /tmp/pkg/perl-net-dns/usr/share/perl5/vendor_perl/Net/DNS/Nameserver.pm
Installing /tmp/pkg/perl-net-dns/usr/share/perl5/vendor_perl/Net/DNS/RR.pm
Installing /tmp/pkg/perl-net-dns/usr/share/perl5/vendor_perl/Net/DNS/Header.pm
Installing /tmp/pkg/perl-net-dns/usr/share/perl5/vendor_perl/Net/DNS/Packet.pm
Installing /tmp/pkg/perl-net-dns/usr/share/perl5/vendor_perl/Net/DNS/Update.pm
Installing /tmp/pkg/perl-net-dns/usr/share/perl5/vendor_perl/Net/DNS/Question.pm
Installing /tmp/pkg/perl-net-dns/usr/share/perl5/vendor_perl/Net/DNS/Resolver/Base.pm
Installing /tmp/pkg/perl-net-dns/usr/share/perl5/vendor_perl/Net/DNS/Resolver/UNIX.pm
Installing /tmp/pkg/perl-net-dns/usr/share/perl5/vendor_perl/Net/DNS/Resolver/cygwin.pm
Installing /tmp/pkg/perl-net-dns/usr/share/perl5/vendor_perl/Net/DNS/Resolver/MSWin32.pm
Installing /tmp/pkg/perl-net-dns/usr/share/perl5/vendor_perl/Net/DNS/Resolver/android.pm
Installing /tmp/pkg/perl-net-dns/usr/share/perl5/vendor_perl/Net/DNS/Resolver/os390.pm
Installing /tmp/pkg/perl-net-dns/usr/share/perl5/vendor_perl/Net/DNS/Resolver/os2.pm
Installing /tmp/pkg/perl-net-dns/usr/share/perl5/vendor_perl/Net/DNS/Resolver/Recurse.pm
Installing /tmp/pkg/perl-net-dns/usr/share/perl5/vendor_perl/Net/DNS/RR/TXT.pm
Installing /tmp/pkg/perl-net-dns/usr/share/perl5/vendor_perl/Net/DNS/RR/DS.pm
Installing /tmp/pkg/perl-net-dns/usr/share/perl5/vendor_perl/Net/DNS/RR/RT.pm
Installing /tmp/pkg/perl-net-dns/usr/share/perl5/vendor_perl/Net/DNS/RR/CERT.pm
Installing /tmp/pkg/perl-net-dns/usr/share/perl5/vendor_perl/Net/DNS/RR/URI.pm
Installing /tmp/pkg/perl-net-dns/usr/share/perl5/vendor_perl/Net/DNS/RR/CSYNC.pm
Installing /tmp/pkg/perl-net-dns/usr/share/perl5/vendor_perl/Net/DNS/RR/SMIMEA.pm
Installing /tmp/pkg/perl-net-dns/usr/share/perl5/vendor_perl/Net/DNS/RR/CDNSKEY.pm
Installing /tmp/pkg/perl-net-dns/usr/share/perl5/vendor_perl/Net/DNS/RR/MR.pm
Installing /tmp/pkg/perl-net-dns/usr/share/perl5/vendor_perl/Net/DNS/RR/SOA.pm
Installing /tmp/pkg/perl-net-dns/usr/share/perl5/vendor_perl/Net/DNS/RR/NID.pm
Installing /tmp/pkg/perl-net-dns/usr/share/perl5/vendor_perl/Net/DNS/RR/AAAA.pm
Installing /tmp/pkg/perl-net-dns/usr/share/perl5/vendor_perl/Net/DNS/RR/IPSECKEY.pm
Installing /tmp/pkg/perl-net-dns/usr/share/perl5/vendor_perl/Net/DNS/RR/LP.pm
Installing /tmp/pkg/perl-net-dns/usr/share/perl5/vendor_perl/Net/DNS/RR/NSEC.pm
Installing /tmp/pkg/perl-net-dns/usr/share/perl5/vendor_perl/Net/DNS/RR/NAPTR.pm
Installing /tmp/pkg/perl-net-dns/usr/share/perl5/vendor_perl/Net/DNS/RR/DNAME.pm
Installing /tmp/pkg/perl-net-dns/usr/share/perl5/vendor_perl/Net/DNS/RR/L64.pm
Installing /tmp/pkg/perl-net-dns/usr/share/perl5/vendor_perl/Net/DNS/RR/A.pm
Installing /tmp/pkg/perl-net-dns/usr/share/perl5/vendor_perl/Net/DNS/RR/KX.pm
Installing /tmp/pkg/perl-net-dns/usr/share/perl5/vendor_perl/Net/DNS/RR/SRV.pm
Installing /tmp/pkg/perl-net-dns/usr/share/perl5/vendor_perl/Net/DNS/RR/ISDN.pm
Installing /tmp/pkg/perl-net-dns/usr/share/perl5/vendor_perl/Net/DNS/RR/OPT.pm
Installing /tmp/pkg/perl-net-dns/usr/share/perl5/vendor_perl/Net/DNS/RR/ZONEMD.pm
Installing /tmp/pkg/perl-net-dns/usr/share/perl5/vendor_perl/Net/DNS/RR/X25.pm
Installing /tmp/pkg/perl-net-dns/usr/share/perl5/vendor_perl/Net/DNS/RR/AMTRELAY.pm
Installing /tmp/pkg/perl-net-dns/usr/share/perl5/vendor_perl/Net/DNS/RR/MX.pm
Installing /tmp/pkg/perl-net-dns/usr/share/perl5/vendor_perl/Net/DNS/RR/SVCB.pm
Installing /tmp/pkg/perl-net-dns/usr/share/perl5/vendor_perl/Net/DNS/RR/SIG.pm
Installing /tmp/pkg/perl-net-dns/usr/share/perl5/vendor_perl/Net/DNS/RR/LOC.pm
Installing /tmp/pkg/perl-net-dns/usr/share/perl5/vendor_perl/Net/DNS/RR/DNSKEY.pm
Installing /tmp/pkg/perl-net-dns/usr/share/perl5/vendor_perl/Net/DNS/RR/DHCID.pm
Installing /tmp/pkg/perl-net-dns/usr/share/perl5/vendor_perl/Net/DNS/RR/RP.pm
Installing /tmp/pkg/perl-net-dns/usr/share/perl5/vendor_perl/Net/DNS/RR/HINFO.pm
Installing /tmp/pkg/perl-net-dns/usr/share/perl5/vendor_perl/Net/DNS/RR/TSIG.pm
Installing /tmp/pkg/perl-net-dns/usr/share/perl5/vendor_perl/Net/DNS/RR/L32.pm
Installing /tmp/pkg/perl-net-dns/usr/share/perl5/vendor_perl/Net/DNS/RR/CDS.pm
Installing /tmp/pkg/perl-net-dns/usr/share/perl5/vendor_perl/Net/DNS/RR/PX.pm
Installing /tmp/pkg/perl-net-dns/usr/share/perl5/vendor_perl/Net/DNS/RR/PTR.pm
Installing /tmp/pkg/perl-net-dns/usr/share/perl5/vendor_perl/Net/DNS/RR/SPF.pm
Installing /tmp/pkg/perl-net-dns/usr/share/perl5/vendor_perl/Net/DNS/RR/TLSA.pm
Installing /tmp/pkg/perl-net-dns/usr/share/perl5/vendor_perl/Net/DNS/RR/DELEG.pm
Installing /tmp/pkg/perl-net-dns/usr/share/perl5/vendor_perl/Net/DNS/RR/KEY.pm
Installing /tmp/pkg/perl-net-dns/usr/share/perl5/vendor_perl/Net/DNS/RR/APL.pm
Installing /tmp/pkg/perl-net-dns/usr/share/perl5/vendor_perl/Net/DNS/RR/NSEC3PARAM.pm
Installing /tmp/pkg/perl-net-dns/usr/share/perl5/vendor_perl/Net/DNS/RR/GPOS.pm
Installing /tmp/pkg/perl-net-dns/usr/share/perl5/vendor_perl/Net/DNS/RR/NSEC3.pm
Installing /tmp/pkg/perl-net-dns/usr/share/perl5/vendor_perl/Net/DNS/RR/EUI48.pm
Installing /tmp/pkg/perl-net-dns/usr/share/perl5/vendor_perl/Net/DNS/RR/CAA.pm
Installing /tmp/pkg/perl-net-dns/usr/share/perl5/vendor_perl/Net/DNS/RR/NS.pm
Installing /tmp/pkg/perl-net-dns/usr/share/perl5/vendor_perl/Net/DNS/RR/OPENPGPKEY.pm
Installing /tmp/pkg/perl-net-dns/usr/share/perl5/vendor_perl/Net/DNS/RR/AFSDB.pm
Installing /tmp/pkg/perl-net-dns/usr/share/perl5/vendor_perl/Net/DNS/RR/MB.pm
Installing /tmp/pkg/perl-net-dns/usr/share/perl5/vendor_perl/Net/DNS/RR/RRSIG.pm
Installing /tmp/pkg/perl-net-dns/usr/share/perl5/vendor_perl/Net/DNS/RR/CNAME.pm
Installing /tmp/pkg/perl-net-dns/usr/share/perl5/vendor_perl/Net/DNS/RR/DSYNC.pm
Installing /tmp/pkg/perl-net-dns/usr/share/perl5/vendor_perl/Net/DNS/RR/HIP.pm
Installing /tmp/pkg/perl-net-dns/usr/share/perl5/vendor_perl/Net/DNS/RR/HTTPS.pm
Installing /tmp/pkg/perl-net-dns/usr/share/perl5/vendor_perl/Net/DNS/RR/MINFO.pm
Installing /tmp/pkg/perl-net-dns/usr/share/perl5/vendor_perl/Net/DNS/RR/NULL.pm
Installing /tmp/pkg/perl-net-dns/usr/share/perl5/vendor_perl/Net/DNS/RR/SSHFP.pm
Installing /tmp/pkg/perl-net-dns/usr/share/perl5/vendor_perl/Net/DNS/RR/EUI64.pm
Installing /tmp/pkg/perl-net-dns/usr/share/perl5/vendor_perl/Net/DNS/RR/MG.pm
Installing /tmp/pkg/perl-net-dns/usr/share/perl5/vendor_perl/Net/DNS/RR/TKEY.pm
Installing /tmp/pkg/perl-net-dns/usr/share/man/man3/Net::DNS::Resolver::os2.3pm
Installing /tmp/pkg/perl-net-dns/usr/share/man/man3/Net::DNS::RR::AAAA.3pm
Installing /tmp/pkg/perl-net-dns/usr/share/man/man3/Net::DNS::RR::CSYNC.3pm
Installing /tmp/pkg/perl-net-dns/usr/share/man/man3/Net::DNS::RR::MB.3pm
Installing /tmp/pkg/perl-net-dns/usr/share/man/man3/Net::DNS::RR::SOA.3pm
Installing /tmp/pkg/perl-net-dns/usr/share/man/man3/Net::DNS::RR::LP.3pm
Installing /tmp/pkg/perl-net-dns/usr/share/man/man3/Net::DNS::RR::X25.3pm
Installing /tmp/pkg/perl-net-dns/usr/share/man/man3/Net::DNS::RR::OPT.3pm
Installing /tmp/pkg/perl-net-dns/usr/share/man/man3/Net::DNS::RR::DNSKEY.3pm
Installing /tmp/pkg/perl-net-dns/usr/share/man/man3/Net::DNS::RR::HIP.3pm
Installing /tmp/pkg/perl-net-dns/usr/share/man/man3/Net::DNS::RR::AFSDB.3pm
Installing /tmp/pkg/perl-net-dns/usr/share/man/man3/Net::DNS::RR::LOC.3pm
Installing /tmp/pkg/perl-net-dns/usr/share/man/man3/Net::DNS::RR::ZONEMD.3pm
Installing /tmp/pkg/perl-net-dns/usr/share/man/man3/Net::DNS::RR::SVCB.3pm
Installing /tmp/pkg/perl-net-dns/usr/share/man/man3/Net::DNS::Header.3pm
Installing /tmp/pkg/perl-net-dns/usr/share/man/man3/Net::DNS::RR::PTR.3pm
Installing /tmp/pkg/perl-net-dns/usr/share/man/man3/Net::DNS::RR::MINFO.3pm
Installing /tmp/pkg/perl-net-dns/usr/share/man/man3/Net::DNS::Question.3pm
Installing /tmp/pkg/perl-net-dns/usr/share/man/man3/Net::DNS::DomainName.3pm
Installing /tmp/pkg/perl-net-dns/usr/share/man/man3/Net::DNS::RR::AMTRELAY.3pm
Installing /tmp/pkg/perl-net-dns/usr/share/man/man3/Net::DNS::Parameters.3pm
Installing /tmp/pkg/perl-net-dns/usr/share/man/man3/Net::DNS::RR::TSIG.3pm
Installing /tmp/pkg/perl-net-dns/usr/share/man/man3/Net::DNS::RR::CERT.3pm
Installing /tmp/pkg/perl-net-dns/usr/share/man/man3/Net::DNS::RR::IPSECKEY.3pm
Installing /tmp/pkg/perl-net-dns/usr/share/man/man3/Net::DNS::RR::NAPTR.3pm
Installing /tmp/pkg/perl-net-dns/usr/share/man/man3/Net::DNS::RR::NID.3pm
Installing /tmp/pkg/perl-net-dns/usr/share/man/man3/Net::DNS::RR::A.3pm
Installing /tmp/pkg/perl-net-dns/usr/share/man/man3/Net::DNS::RR::CNAME.3pm
Installing /tmp/pkg/perl-net-dns/usr/share/man/man3/Net::DNS::RR::URI.3pm
Installing /tmp/pkg/perl-net-dns/usr/share/man/man3/Net::DNS::FAQ.3pm
Installing /tmp/pkg/perl-net-dns/usr/share/man/man3/Net::DNS::RR::SMIMEA.3pm
Installing /tmp/pkg/perl-net-dns/usr/share/man/man3/Net::DNS::Resolver::Recurse.3pm
Installing /tmp/pkg/perl-net-dns/usr/share/man/man3/Net::DNS::RR::SPF.3pm
Installing /tmp/pkg/perl-net-dns/usr/share/man/man3/Net::DNS::Resolver::os390.3pm
Installing /tmp/pkg/perl-net-dns/usr/share/man/man3/Net::DNS::Resolver::cygwin.3pm
Installing /tmp/pkg/perl-net-dns/usr/share/man/man3/Net::DNS::RR.3pm
Installing /tmp/pkg/perl-net-dns/usr/share/man/man3/Net::DNS::Text.3pm
Installing /tmp/pkg/perl-net-dns/usr/share/man/man3/Net::DNS::RR::RRSIG.3pm
Installing /tmp/pkg/perl-net-dns/usr/share/man/man3/Net::DNS::RR::NSEC3.3pm
Installing /tmp/pkg/perl-net-dns/usr/share/man/man3/Net::DNS::RR::KX.3pm
Installing /tmp/pkg/perl-net-dns/usr/share/man/man3/Net::DNS::Nameserver.3pm
Installing /tmp/pkg/perl-net-dns/usr/share/man/man3/Net::DNS::RR::DS.3pm
Installing /tmp/pkg/perl-net-dns/usr/share/man/man3/Net::DNS::RR::TKEY.3pm
Installing /tmp/pkg/perl-net-dns/usr/share/man/man3/Net::DNS::RR::PX.3pm
Installing /tmp/pkg/perl-net-dns/usr/share/man/man3/Net::DNS::RR::CDS.3pm
Installing /tmp/pkg/perl-net-dns/usr/share/man/man3/Net::DNS::RR::RP.3pm
Installing /tmp/pkg/perl-net-dns/usr/share/man/man3/Net::DNS::RR::EUI64.3pm
Installing /tmp/pkg/perl-net-dns/usr/share/man/man3/Net::DNS::Packet.3pm
Installing /tmp/pkg/perl-net-dns/usr/share/man/man3/Net::DNS::RR::SIG.3pm
Installing /tmp/pkg/perl-net-dns/usr/share/man/man3/Net::DNS::RR::TXT.3pm
Installing /tmp/pkg/perl-net-dns/usr/share/man/man3/Net::DNS::RR::DHCID.3pm
Installing /tmp/pkg/perl-net-dns/usr/share/man/man3/Net::DNS::RR::DNAME.3pm
Installing /tmp/pkg/perl-net-dns/usr/share/man/man3/Net::DNS::RR::CDNSKEY.3pm
Installing /tmp/pkg/perl-net-dns/usr/share/man/man3/Net::DNS::RR::NULL.3pm
Installing /tmp/pkg/perl-net-dns/usr/share/man/man3/Net::DNS::RR::CAA.3pm
Installing /tmp/pkg/perl-net-dns/usr/share/man/man3/Net::DNS::RR::L32.3pm
Installing /tmp/pkg/perl-net-dns/usr/share/man/man3/Net::DNS::Resolver::UNIX.3pm
Installing /tmp/pkg/perl-net-dns/usr/share/man/man3/Net::DNS::RR::GPOS.3pm
Installing /tmp/pkg/perl-net-dns/usr/share/man/man3/Net::DNS.3pm
Installing /tmp/pkg/perl-net-dns/usr/share/man/man3/Net::DNS::RR::DSYNC.3pm
Installing /tmp/pkg/perl-net-dns/usr/share/man/man3/Net::DNS::RR::ISDN.3pm
Installing /tmp/pkg/perl-net-dns/usr/share/man/man3/Net::DNS::RR::KEY.3pm
Installing /tmp/pkg/perl-net-dns/usr/share/man/man3/Net::DNS::RR::HINFO.3pm
Installing /tmp/pkg/perl-net-dns/usr/share/man/man3/Net::DNS::RR::MR.3pm
Installing /tmp/pkg/perl-net-dns/usr/share/man/man3/Net::DNS::Update.3pm
Installing /tmp/pkg/perl-net-dns/usr/share/man/man3/Net::DNS::RR::EUI48.3pm
Installing /tmp/pkg/perl-net-dns/usr/share/man/man3/Net::DNS::Domain.3pm
Installing /tmp/pkg/perl-net-dns/usr/share/man/man3/Net::DNS::RR::RT.3pm
Installing /tmp/pkg/perl-net-dns/usr/share/man/man3/Net::DNS::RR::MG.3pm
Installing /tmp/pkg/perl-net-dns/usr/share/man/man3/Net::DNS::RR::SRV.3pm
Installing /tmp/pkg/perl-net-dns/usr/share/man/man3/Net::DNS::RR::NSEC.3pm
Installing /tmp/pkg/perl-net-dns/usr/share/man/man3/Net::DNS::RR::L64.3pm
Installing /tmp/pkg/perl-net-dns/usr/share/man/man3/Net::DNS::RR::NS.3pm
Installing /tmp/pkg/perl-net-dns/usr/share/man/man3/Net::DNS::RR::HTTPS.3pm
Installing /tmp/pkg/perl-net-dns/usr/share/man/man3/Net::DNS::RR::TLSA.3pm
Installing /tmp/pkg/perl-net-dns/usr/share/man/man3/Net::DNS::RR::SSHFP.3pm
Installing /tmp/pkg/perl-net-dns/usr/share/man/man3/Net::DNS::RR::NSEC3PARAM.3pm
Installing /tmp/pkg/perl-net-dns/usr/share/man/man3/Net::DNS::Resolver::Base.3pm
Installing /tmp/pkg/perl-net-dns/usr/share/man/man3/Net::DNS::RR::OPENPGPKEY.3pm
Installing /tmp/pkg/perl-net-dns/usr/share/man/man3/Net::DNS::RR::DELEG.3pm
Installing /tmp/pkg/perl-net-dns/usr/share/man/man3/Net::DNS::Resolver.3pm
Installing /tmp/pkg/perl-net-dns/usr/share/man/man3/Net::DNS::RR::APL.3pm
Installing /tmp/pkg/perl-net-dns/usr/share/man/man3/Net::DNS::Mailbox.3pm
Installing /tmp/pkg/perl-net-dns/usr/share/man/man3/Net::DNS::ZoneFile.3pm
Installing /tmp/pkg/perl-net-dns/usr/share/man/man3/Net::DNS::Resolver::MSWin32.3pm
Installing /tmp/pkg/perl-net-dns/usr/share/man/man3/Net::DNS::RR::MX.3pm
Installing /tmp/pkg/perl-net-dns/usr/share/man/man3/Net::DNS::Resolver::android.3pm
>>> perl-net-dns-doc*: Running split function doc...
'usr/share/perl5/vendor_perl/Net/DNS/FAQ.pod' -> '/tmp/pkg/perl-net-dns-doc/usr/share/perl5/vendor_perl/Net/DNS/FAQ.pod'
'usr/share/man' -> '/tmp/pkg/perl-net-dns-doc/usr/share/man'
>>> perl-net-dns-doc*: Preparing subpackage perl-net-dns-doc...
>>> perl-net-dns-doc*: Running postcheck for perl-net-dns-doc
>>> perl-net-dns*: Running postcheck for perl-net-dns
>>> perl-net-dns*: Preparing package perl-net-dns...
>>> perl-net-dns-doc*: Tracing dependencies...
>>> perl-net-dns-doc*: Package size: 205.5 KB
>>> perl-net-dns-doc*: Compressing data...
>>> perl-net-dns-doc*: Create checksum...
>>> perl-net-dns-doc*: Create perl-net-dns-doc-1.49-r0.apk
>>> perl-net-dns*: Tracing dependencies...
	perl
	perl-digest-hmac
>>> perl-net-dns*: Package size: 605.6 KB
>>> perl-net-dns*: Compressing data...
>>> perl-net-dns*: Create checksum...
>>> perl-net-dns*: Create perl-net-dns-1.49-r0.apk
>>> perl-net-dns: Updating the main/x86_64 repository index...
>>> perl-net-dns: Signing the index...
>>> perl-net-dns: Cleaning up srcdir
>>> perl-net-dns: Cleaning up build chroot
>>> perl-net-dns: Cleaning up pkgdir
