pigz: not found
>>> perl-authen-sasl: Building main/perl-authen-sasl 2.1700-r0 (using abuild 3.14.1-r4) started Sun, 18 May 2025 09:31:20 +0000
>>> perl-authen-sasl: Validating /home/packager/aports/main/perl-authen-sasl/APKBUILD...
>>> perl-authen-sasl: Analyzing dependencies...
>>> perl-authen-sasl: Installing for build: build-base perl perl-digest-hmac perl-module-install
(1/14) Installing libbz2 (1.0.8-r6)
(2/14) Installing perl (5.40.2-r0)
(3/14) Installing perl-digest-sha1 (2.13-r19)
(4/14) Installing perl-digest-md5 (2.59-r2)
(5/14) Installing perl-digest-hmac (1.05-r0)
(6/14) Installing perl-yaml-tiny (1.76-r0)
(7/14) Installing perl-module-build (0.4234-r1)
(8/14) Installing perl-module-scandeps (1.37-r0)
(9/14) Installing perl-file-remove (1.61-r1)
(10/14) Installing perl-module-install (1.21-r1)
(11/14) Installing .makedepends-perl-authen-sasl (20250518.093122)
(12/14) Installing perl-error (0.17030-r0)
(13/14) Installing perl-git (2.47.2-r0)
(14/14) Installing git-perl (2.47.2-r0)
Executing busybox-1.37.0-r12.trigger
OK: 298 MiB in 95 packages
>>> perl-authen-sasl: Cleaning up srcdir
>>> perl-authen-sasl: Cleaning up pkgdir
>>> perl-authen-sasl: Cleaning up tmpdir
>>> perl-authen-sasl: Fetching https://cpan.metacpan.org/authors/id/E/EH/EHUELS/Authen-SASL-2.1700.tar.gz
Connecting to cpan.metacpan.org (146.75.122.217:443)
saving to '/var/cache/distfiles/Authen-SASL-2.1700.tar.gz.part'
Authen-SASL-2.1700.t 100% |********************************| 37488  0:00:00 ETA
'/var/cache/distfiles/Authen-SASL-2.1700.tar.gz.part' saved
>>> perl-authen-sasl: Fetching https://cpan.metacpan.org/authors/id/E/EH/EHUELS/Authen-SASL-2.1700.tar.gz
>>> perl-authen-sasl: Checking sha512sums...
Authen-SASL-2.1700.tar.gz: OK
>>> perl-authen-sasl: Unpacking /var/cache/distfiles/Authen-SASL-2.1700.tar.gz...
Warning: prerequisite Pod::Coverage::TrustPod 0 not found.
Warning: prerequisite Test::Pod 0 not found.
Warning: prerequisite Test::Pod::Coverage 0 not found.
Checking if your kit is complete...
Looks good
Generating a Unix-style Makefile
Writing Makefile for Authen::SASL
Writing MYMETA.yml and MYMETA.json
cp lib/Authen/SASL/EXTERNAL.pm blib/lib/Authen/SASL/EXTERNAL.pm
cp lib/Authen/SASL/Perl/EXTERNAL.pm blib/lib/Authen/SASL/Perl/EXTERNAL.pm
cp lib/Authen/SASL/Perl/LOGIN.pm blib/lib/Authen/SASL/Perl/LOGIN.pm
cp lib/Authen/SASL/Perl/ANONYMOUS.pm blib/lib/Authen/SASL/Perl/ANONYMOUS.pm
cp lib/Authen/SASL/Perl/DIGEST_MD5.pm blib/lib/Authen/SASL/Perl/DIGEST_MD5.pm
cp lib/Authen/SASL/Perl.pod blib/lib/Authen/SASL/Perl.pod
cp lib/Authen/SASL/Perl/CRAM_MD5.pm blib/lib/Authen/SASL/Perl/CRAM_MD5.pm
cp lib/Authen/SASL/CRAM_MD5.pm blib/lib/Authen/SASL/CRAM_MD5.pm
cp lib/Authen/SASL.pm blib/lib/Authen/SASL.pm
cp lib/Authen/SASL/Perl.pm blib/lib/Authen/SASL/Perl.pm
cp lib/Authen/SASL/Perl/PLAIN.pm blib/lib/Authen/SASL/Perl/PLAIN.pm
cp lib/Authen/SASL.pod blib/lib/Authen/SASL.pod
cp lib/Authen/SASL/Perl/GSSAPI.pm blib/lib/Authen/SASL/Perl/GSSAPI.pm
Manifying 9 pod documents
PERL_DL_NONLAZY=1 "/usr/bin/perl" "-MExtUtils::Command::MM" "-MTest::Harness" "-e" "undef *Test::Harness::Switches; test_harness(0, 'blib/lib', 'blib/arch')" t/*.t t/negotiations/*.t t/server/*.t
t/anon.t ..................... ok
t/author-pod-syntax.t ........ skipped: these tests are for testing by the author
t/callback.t ................. ok
t/compat.t ................... ok
t/cram_md5.t ................. ok
t/digest_md5.t ............... ok
t/digest_md5_verified.t ...... ok
t/external.t ................. ok
t/login.t .................... ok
t/negotiations/digest_md5.t .. ok
t/negotiations/login.t ....... ok
t/negotiations/plain.t ....... ok
t/order.t .................... ok
t/plain.t .................... ok
t/server/digest_md5.t ........ ok
t/server/login.t ............. ok
t/server/plain.t ............. ok
All tests successful.
Files=17, Tests=323,  1 wallclock secs ( 0.07 usr  0.02 sys +  1.11 cusr  0.17 csys =  1.37 CPU)
Result: PASS
>>> perl-authen-sasl: Entering fakeroot...
Manifying 9 pod documents
Appending installation info to /home/packager/aports/main/perl-authen-sasl/pkg/perl-authen-sasl/usr/lib/perl5/core_perl/perllocal.pod
Installing /home/packager/aports/main/perl-authen-sasl/pkg/perl-authen-sasl/usr/share/perl5/vendor_perl/Authen/SASL.pm
Installing /home/packager/aports/main/perl-authen-sasl/pkg/perl-authen-sasl/usr/share/perl5/vendor_perl/Authen/SASL.pod
Installing /home/packager/aports/main/perl-authen-sasl/pkg/perl-authen-sasl/usr/share/perl5/vendor_perl/Authen/SASL/EXTERNAL.pm
Installing /home/packager/aports/main/perl-authen-sasl/pkg/perl-authen-sasl/usr/share/perl5/vendor_perl/Authen/SASL/CRAM_MD5.pm
Installing /home/packager/aports/main/perl-authen-sasl/pkg/perl-authen-sasl/usr/share/perl5/vendor_perl/Authen/SASL/Perl.pm
Installing /home/packager/aports/main/perl-authen-sasl/pkg/perl-authen-sasl/usr/share/perl5/vendor_perl/Authen/SASL/Perl.pod
Installing /home/packager/aports/main/perl-authen-sasl/pkg/perl-authen-sasl/usr/share/perl5/vendor_perl/Authen/SASL/Perl/EXTERNAL.pm
Installing /home/packager/aports/main/perl-authen-sasl/pkg/perl-authen-sasl/usr/share/perl5/vendor_perl/Authen/SASL/Perl/PLAIN.pm
Installing /home/packager/aports/main/perl-authen-sasl/pkg/perl-authen-sasl/usr/share/perl5/vendor_perl/Authen/SASL/Perl/CRAM_MD5.pm
Installing /home/packager/aports/main/perl-authen-sasl/pkg/perl-authen-sasl/usr/share/perl5/vendor_perl/Authen/SASL/Perl/GSSAPI.pm
Installing /home/packager/aports/main/perl-authen-sasl/pkg/perl-authen-sasl/usr/share/perl5/vendor_perl/Authen/SASL/Perl/LOGIN.pm
Installing /home/packager/aports/main/perl-authen-sasl/pkg/perl-authen-sasl/usr/share/perl5/vendor_perl/Authen/SASL/Perl/DIGEST_MD5.pm
Installing /home/packager/aports/main/perl-authen-sasl/pkg/perl-authen-sasl/usr/share/perl5/vendor_perl/Authen/SASL/Perl/ANONYMOUS.pm
Installing /home/packager/aports/main/perl-authen-sasl/pkg/perl-authen-sasl/usr/share/man/man3/Authen::SASL::Perl::DIGEST_MD5.3pm
Installing /home/packager/aports/main/perl-authen-sasl/pkg/perl-authen-sasl/usr/share/man/man3/Authen::SASL::Perl.3pm
Installing /home/packager/aports/main/perl-authen-sasl/pkg/perl-authen-sasl/usr/share/man/man3/Authen::SASL::Perl::EXTERNAL.3pm
Installing /home/packager/aports/main/perl-authen-sasl/pkg/perl-authen-sasl/usr/share/man/man3/Authen::SASL::Perl::CRAM_MD5.3pm
Installing /home/packager/aports/main/perl-authen-sasl/pkg/perl-authen-sasl/usr/share/man/man3/Authen::SASL::Perl::LOGIN.3pm
Installing /home/packager/aports/main/perl-authen-sasl/pkg/perl-authen-sasl/usr/share/man/man3/Authen::SASL.3pm
Installing /home/packager/aports/main/perl-authen-sasl/pkg/perl-authen-sasl/usr/share/man/man3/Authen::SASL::Perl::GSSAPI.3pm
Installing /home/packager/aports/main/perl-authen-sasl/pkg/perl-authen-sasl/usr/share/man/man3/Authen::SASL::Perl::ANONYMOUS.3pm
Installing /home/packager/aports/main/perl-authen-sasl/pkg/perl-authen-sasl/usr/share/man/man3/Authen::SASL::Perl::PLAIN.3pm
>>> perl-authen-sasl-doc*: Running split function doc...
'usr/share/man' -> '/home/packager/aports/main/perl-authen-sasl/pkg/perl-authen-sasl-doc/usr/share/man'
>>> perl-authen-sasl-doc*: Preparing subpackage perl-authen-sasl-doc...
>>> perl-authen-sasl-doc*: Running postcheck for perl-authen-sasl-doc
>>> perl-authen-sasl*: Running postcheck for perl-authen-sasl
>>> perl-authen-sasl*: Preparing package perl-authen-sasl...
>>> perl-authen-sasl-doc*: Tracing dependencies...
>>> perl-authen-sasl-doc*: Package size: 17.6 KB
>>> perl-authen-sasl-doc*: Compressing data...
>>> perl-authen-sasl-doc*: Create checksum...
pigz: not found
>>> perl-authen-sasl-doc*: Create perl-authen-sasl-doc-2.1700-r0.apk
>>> perl-authen-sasl*: Tracing dependencies...
	perl
	perl-digest-hmac
>>> perl-authen-sasl*: Package size: 71.0 KB
>>> perl-authen-sasl*: Compressing data...
>>> perl-authen-sasl*: Create checksum...
pigz: not found
>>> perl-authen-sasl*: Create perl-authen-sasl-2.1700-r0.apk
>>> perl-authen-sasl: Build complete at Sun, 18 May 2025 09:31:25 +0000 elapsed time 0h 0m 5s
>>> perl-authen-sasl: Cleaning up srcdir
>>> perl-authen-sasl: Cleaning up pkgdir
>>> perl-authen-sasl: Uninstalling dependencies...
(1/14) Purging .makedepends-perl-authen-sasl (20250518.093122)
(2/14) Purging perl-digest-hmac (1.05-r0)
(3/14) Purging perl-digest-sha1 (2.13-r19)
(4/14) Purging perl-digest-md5 (2.59-r2)
(5/14) Purging perl-module-install (1.21-r1)
(6/14) Purging perl-yaml-tiny (1.76-r0)
(7/14) Purging perl-module-build (0.4234-r1)
(8/14) Purging perl-module-scandeps (1.37-r0)
(9/14) Purging perl-file-remove (1.61-r1)
(10/14) Purging git-perl (2.47.2-r0)
(11/14) Purging perl-git (2.47.2-r0)
(12/14) Purging perl-error (0.17030-r0)
(13/14) Purging perl (5.40.2-r0)
(14/14) Purging libbz2 (1.0.8-r6)
Executing busybox-1.37.0-r12.trigger
OK: 261 MiB in 81 packages
>>> perl-authen-sasl: Updating the main/x86_64 repository index...
>>> perl-authen-sasl: Signing the index...
pigz: not found
