pigz: not found
>>> perl-lwp-protocol-https: Building main/perl-lwp-protocol-https 6.14-r0 (using abuild 3.14.1-r4) started Fri, 23 May 2025 01:30:20 +0000
>>> perl-lwp-protocol-https: Validating /home/packager/aports/main/perl-lwp-protocol-https/APKBUILD...
>>> perl-lwp-protocol-https: Analyzing dependencies...
>>> perl-lwp-protocol-https: Installing for build: build-base perl perl-io-socket-ssl perl-libwww perl-net-http perl-test-needs perl-test-requiresinternet
(1/23) Installing ca-certificates (20241121-r2)
(2/23) Installing perl-net-ssleay (1.94-r2)
(3/23) Installing perl-mozilla-ca (20250202-r0)
(4/23) Installing perl-io-socket-ssl (2.089-r0)
(5/23) Installing perl-http-date (6.06-r0)
(6/23) Installing perl-clone (0.47-r0)
(7/23) Installing perl-uri (5.28-r0)
(8/23) Installing perl-io-html (1.004-r1)
(9/23) Installing perl-encode-locale (1.05-r5)
(10/23) Installing perl-lwp-mediatypes (6.04-r3)
(11/23) Installing perl-http-message (7.00-r0)
(12/23) Installing perl-http-cookies (6.11-r0)
(13/23) Installing perl-net-http (6.23-r1)
(14/23) Installing perl-html-tagset (3.24-r0)
(15/23) Installing perl-html-parser (3.83-r0)
(16/23) Installing perl-file-listing (6.16-r0)
(17/23) Installing perl-www-robotrules (6.02-r5)
(18/23) Installing perl-http-negotiate (6.01-r5)
(19/23) Installing perl-try-tiny (0.32-r0)
(20/23) Installing perl-libwww (6.77-r0)
(21/23) Installing perl-test-needs (0.002010-r1)
(22/23) Installing perl-test-requiresinternet (0.05-r4)
(23/23) Installing .makedepends-perl-lwp-protocol-https (20250523.013024)
Executing ca-certificates-20241121-r2.trigger
Executing busybox-1.37.0-r12.trigger
OK: 316 MiB in 137 packages
>>> perl-lwp-protocol-https: Cleaning up srcdir
>>> perl-lwp-protocol-https: Cleaning up pkgdir
>>> perl-lwp-protocol-https: Cleaning up tmpdir
>>> perl-lwp-protocol-https: Fetching https://cpan.metacpan.org/authors/id/O/OA/OALDERS/LWP-Protocol-https-6.14.tar.gz
Connecting to cpan.metacpan.org (146.75.122.217:443)
saving to '/var/cache/distfiles/LWP-Protocol-https-6.14.tar.gz.part'
LWP-Protocol-https-6 100% |********************************| 33714  0:00:00 ETA
'/var/cache/distfiles/LWP-Protocol-https-6.14.tar.gz.part' saved
>>> perl-lwp-protocol-https: Fetching https://cpan.metacpan.org/authors/id/O/OA/OALDERS/LWP-Protocol-https-6.14.tar.gz
>>> perl-lwp-protocol-https: Checking sha512sums...
LWP-Protocol-https-6.14.tar.gz: OK
>>> perl-lwp-protocol-https: Unpacking /var/cache/distfiles/LWP-Protocol-https-6.14.tar.gz...
Checking if your kit is complete...
Looks good
Generating a Unix-style Makefile
Writing Makefile for LWP::Protocol::https
Writing MYMETA.yml and MYMETA.json
cp lib/LWP/Protocol/https.pm blib/lib/LWP/Protocol/https.pm
Manifying 1 pod document
PERL_DL_NONLAZY=1 "/usr/bin/perl" "-MExtUtils::Command::MM" "-MTest::Harness" "-e" "undef *Test::Harness::Switches; test_harness(0, 'blib/lib', 'blib/arch')" t/*.t
# 
# Versions for all modules listed in MYMETA.json (including optional ones):
# 
# === Configure Requires ===
# 
#     Module                  Want     Have
#     ------------------- -------- --------
#     ExtUtils::MakeMaker      any     7.70
#     perl                5.008001 5.040002
# 
# === Configure Suggests ===
# 
#     Module      Want Have
#     -------- ------- ----
#     JSON::PP 2.27300 4.16
# 
# === Build Requires ===
# 
#     Module              Want Have
#     ------------------- ---- ----
#     ExtUtils::MakeMaker  any 7.70
# 
# === Test Requires ===
# 
#     Module                     Want     Have
#     ---------------------- -------- --------
#     ExtUtils::MakeMaker         any     7.70
#     File::Spec                  any     3.91
#     File::Temp                  any   0.2311
#     IO::Select                  any     1.55
#     IO::Socket::INET            any     1.55
#     IO::Socket::SSL           1.970    2.089
#     IO::Socket::SSL::Utils      any    2.015
#     LWP::UserAgent             6.06     6.77
#     Socket                      any    2.038
#     Test::More                 0.96 1.302199
#     Test::Needs            0.002010 0.002010
#     Test::RequiresInternet      any     0.05
#     perl                   5.008001 5.040002
#     warnings                    any     1.70
# 
# === Test Recommends ===
# 
#     Module         Want     Have
#     ---------- -------- --------
#     CPAN::Meta 2.120900 2.150010
# 
# === Runtime Requires ===
# 
#     Module                  Want     Have
#     ------------------- -------- --------
#     IO::Socket::SSL        1.970    2.089
#     LWP::Protocol::http      any     6.77
#     LWP::UserAgent          6.06     6.77
#     Net::HTTPS                 6     6.23
#     base                     any     2.27
#     perl                5.008001 5.040002
#     strict                   any     1.13
# 
# === Other Modules ===
# 
#     Module      Have
#     ----------- ----
#     Net::SSLeay 1.94
# 
t/00-report-prereqs.t .. ok
    # Net::SSLeay::OPENSSL_VERSION_NUMBER() 0x30300030
    # IO::Select 1.55
    # IO::Socket::INET 1.55
    # IO::Socket::SSL 2.089
    # IO::Socket::SSL::Utils 2.015
    # Socket 2.038
t/diag.t ............... ok
t/example.t ............ ok
t/https_proxy.t ........ ok
All tests successful.
Files=4, Tests=62,  3 wallclock secs ( 0.06 usr  0.00 sys +  1.65 cusr  0.22 csys =  1.93 CPU)
Result: PASS
>>> perl-lwp-protocol-https: Entering fakeroot...
Manifying 1 pod document
Installing /home/packager/aports/main/perl-lwp-protocol-https/pkg/perl-lwp-protocol-https/usr/share/perl5/vendor_perl/LWP/Protocol/https.pm
Installing /home/packager/aports/main/perl-lwp-protocol-https/pkg/perl-lwp-protocol-https/usr/share/man/man3/LWP::Protocol::https.3pm
>>> perl-lwp-protocol-https-doc*: Running split function doc...
renamed 'usr/share/man' -> '/home/packager/aports/main/perl-lwp-protocol-https/pkg/perl-lwp-protocol-https-doc/usr/share/man'
>>> perl-lwp-protocol-https-doc*: Preparing subpackage perl-lwp-protocol-https-doc...
>>> perl-lwp-protocol-https-doc*: Running postcheck for perl-lwp-protocol-https-doc
>>> perl-lwp-protocol-https*: Running postcheck for perl-lwp-protocol-https
>>> perl-lwp-protocol-https*: Preparing package perl-lwp-protocol-https...
libfakeroot internal error: payload not recognized!
>>> perl-lwp-protocol-https-doc*: Tracing dependencies...
>>> perl-lwp-protocol-https-doc*: Package size: 1.6 KB
>>> perl-lwp-protocol-https-doc*: Compressing data...
>>> perl-lwp-protocol-https-doc*: Create checksum...
pigz: not found
>>> perl-lwp-protocol-https-doc*: Create perl-lwp-protocol-https-doc-6.14-r0.apk
>>> perl-lwp-protocol-https*: Tracing dependencies...
	perl
	perl-io-socket-ssl
	perl-libwww
	perl-net-http
>>> perl-lwp-protocol-https*: Package size: 5.4 KB
>>> perl-lwp-protocol-https*: Compressing data...
>>> perl-lwp-protocol-https*: Create checksum...
pigz: not found
>>> perl-lwp-protocol-https*: Create perl-lwp-protocol-https-6.14-r0.apk
>>> perl-lwp-protocol-https: Build complete at Fri, 23 May 2025 01:30:32 +0000 elapsed time 0h 0m 12s
>>> perl-lwp-protocol-https: Cleaning up srcdir
>>> perl-lwp-protocol-https: Cleaning up pkgdir
>>> perl-lwp-protocol-https: Uninstalling dependencies...
(1/23) Purging .makedepends-perl-lwp-protocol-https (20250523.013024)
(2/23) Purging perl-io-socket-ssl (2.089-r0)
(3/23) Purging ca-certificates (20241121-r2)
Executing ca-certificates-20241121-r2.post-deinstall
(4/23) Purging perl-net-ssleay (1.94-r2)
(5/23) Purging perl-mozilla-ca (20250202-r0)
(6/23) Purging perl-libwww (6.77-r0)
(7/23) Purging perl-http-cookies (6.11-r0)
(8/23) Purging perl-html-parser (3.83-r0)
(9/23) Purging perl-html-tagset (3.24-r0)
(10/23) Purging perl-file-listing (6.16-r0)
(11/23) Purging perl-www-robotrules (6.02-r5)
(12/23) Purging perl-http-negotiate (6.01-r5)
(13/23) Purging perl-http-message (7.00-r0)
(14/23) Purging perl-clone (0.47-r0)
(15/23) Purging perl-http-date (6.06-r0)
(16/23) Purging perl-io-html (1.004-r1)
(17/23) Purging perl-lwp-mediatypes (6.04-r3)
(18/23) Purging perl-encode-locale (1.05-r5)
(19/23) Purging perl-try-tiny (0.32-r0)
(20/23) Purging perl-net-http (6.23-r1)
(21/23) Purging perl-uri (5.28-r0)
(22/23) Purging perl-test-needs (0.002010-r1)
(23/23) Purging perl-test-requiresinternet (0.05-r4)
Executing busybox-1.37.0-r12.trigger
OK: 313 MiB in 114 packages
>>> perl-lwp-protocol-https: Updating the main/x86_64 repository index...
>>> perl-lwp-protocol-https: Signing the index...
pigz: not found
