pigz: not found
>>> perl-io-html: Building main/perl-io-html 1.004-r1 (using abuild 3.14.1-r4) started Sun, 18 May 2025 07:13:52 +0000
>>> perl-io-html: Validating /home/packager/aports/main/perl-io-html/APKBUILD...
>>> perl-io-html: Analyzing dependencies...
>>> perl-io-html: Installing for build: build-base perl
(1/6) Installing libbz2 (1.0.8-r6)
(2/6) Installing perl (5.40.2-r0)
(3/6) Installing .makedepends-perl-io-html (20250518.071355)
(4/6) Installing perl-error (0.17029-r2)
(5/6) Installing perl-git (2.47.2-r0)
(6/6) Installing git-perl (2.47.2-r0)
Executing busybox-1.37.0-r12.trigger
OK: 297 MiB in 87 packages
>>> perl-io-html: Cleaning up srcdir
>>> perl-io-html: Cleaning up pkgdir
>>> perl-io-html: Cleaning up tmpdir
>>> perl-io-html: Fetching https://cpan.metacpan.org/authors/id/C/CJ/CJM/IO-HTML-1.004.tar.gz
Connecting to cpan.metacpan.org (146.75.122.217:443)
saving to '/var/cache/distfiles/IO-HTML-1.004.tar.gz.part'
IO-HTML-1.004.tar.gz 100% |********************************| 20927  0:00:00 ETA
'/var/cache/distfiles/IO-HTML-1.004.tar.gz.part' saved
>>> perl-io-html: Fetching https://cpan.metacpan.org/authors/id/C/CJ/CJM/IO-HTML-1.004.tar.gz
>>> perl-io-html: Checking sha512sums...
IO-HTML-1.004.tar.gz: OK
>>> perl-io-html: Unpacking /var/cache/distfiles/IO-HTML-1.004.tar.gz...
Checking if your kit is complete...
Looks good
Generating a Unix-style Makefile
Writing Makefile for IO::HTML
Writing MYMETA.yml and MYMETA.json
cp lib/IO/HTML.pm blib/lib/IO/HTML.pm
Manifying 1 pod document
PERL_DL_NONLAZY=1 "/usr/bin/perl" "-MExtUtils::Command::MM" "-MTest::Harness" "-e" "undef *Test::Harness::Switches; test_harness(0, 'blib/lib', 'blib/arch')" t/*.t
t/00-all_prereqs.t .. ok
# Testing IO::HTML 1.004
t/00-load.t ......... ok
t/10-find.t ......... ok
t/20-open.t ......... ok
t/30-outfile.t ...... ok
All tests successful.
Files=5, Tests=165,  0 wallclock secs ( 0.02 usr  0.02 sys +  0.36 cusr  0.08 csys =  0.48 CPU)
Result: PASS
>>> perl-io-html: Entering fakeroot...
Manifying 1 pod document
Appending installation info to /home/packager/aports/main/perl-io-html/pkg/perl-io-html/usr/lib/perl5/core_perl/perllocal.pod
Installing /home/packager/aports/main/perl-io-html/pkg/perl-io-html/usr/share/perl5/vendor_perl/IO/HTML.pm
Installing /home/packager/aports/main/perl-io-html/pkg/perl-io-html/usr/share/man/man3/IO::HTML.3pm
>>> perl-io-html-doc*: Running split function doc...
'usr/share/man' -> '/home/packager/aports/main/perl-io-html/pkg/perl-io-html-doc/usr/share/man'
>>> perl-io-html-doc*: Preparing subpackage perl-io-html-doc...
>>> perl-io-html-doc*: Running postcheck for perl-io-html-doc
>>> perl-io-html*: Running postcheck for perl-io-html
>>> perl-io-html*: Preparing package perl-io-html...
>>> perl-io-html-doc*: Tracing dependencies...
>>> perl-io-html-doc*: Package size: 5.2 KB
>>> perl-io-html-doc*: Compressing data...
>>> perl-io-html-doc*: Create checksum...
pigz: not found
>>> perl-io-html-doc*: Create perl-io-html-doc-1.004-r1.apk
>>> perl-io-html*: Tracing dependencies...
	perl
>>> perl-io-html*: Package size: 19.2 KB
>>> perl-io-html*: Compressing data...
>>> perl-io-html*: Create checksum...
pigz: not found
>>> perl-io-html*: Create perl-io-html-1.004-r1.apk
>>> perl-io-html: Build complete at Sun, 18 May 2025 07:13:57 +0000 elapsed time 0h 0m 5s
>>> perl-io-html: Cleaning up srcdir
>>> perl-io-html: Cleaning up pkgdir
>>> perl-io-html: Uninstalling dependencies...
(1/6) Purging .makedepends-perl-io-html (20250518.071355)
(2/6) Purging git-perl (2.47.2-r0)
(3/6) Purging perl-git (2.47.2-r0)
(4/6) Purging perl-error (0.17029-r2)
(5/6) Purging perl (5.40.2-r0)
(6/6) Purging libbz2 (1.0.8-r6)
Executing busybox-1.37.0-r12.trigger
OK: 260 MiB in 81 packages
>>> perl-io-html: Updating the main/x86_64 repository index...
>>> perl-io-html: Signing the index...
pigz: not found
