pigz: not found
>>> perl-xml-sax: Building main/perl-xml-sax 1.02-r3 (using abuild 3.14.1-r4) started Sun, 18 May 2025 06:19:56 +0000
>>> perl-xml-sax: Validating /home/packager/aports/main/perl-xml-sax/APKBUILD...
>>> perl-xml-sax: Analyzing dependencies...
>>> perl-xml-sax: Installing for build: build-base perl perl-xml-sax-base perl-xml-namespacesupport
(1/8) Installing libbz2 (1.0.8-r6)
(2/8) Installing perl (5.40.2-r0)
(3/8) Installing perl-xml-sax-base (1.09-r5)
(4/8) Installing perl-xml-namespacesupport (1.12-r5)
(5/8) Installing .makedepends-perl-xml-sax (20250518.061958)
(6/8) Installing perl-error (0.17029-r2)
(7/8) Installing perl-git (2.47.2-r0)
(8/8) Installing git-perl (2.47.2-r0)
Executing busybox-1.37.0-r12.trigger
OK: 297 MiB in 89 packages
>>> perl-xml-sax: Cleaning up srcdir
>>> perl-xml-sax: Cleaning up pkgdir
>>> perl-xml-sax: Cleaning up tmpdir
>>> perl-xml-sax: Fetching https://cpan.metacpan.org/authors/id/G/GR/GRANTM/XML-SAX-1.02.tar.gz
Connecting to cpan.metacpan.org (146.75.122.217:443)
saving to '/var/cache/distfiles/XML-SAX-1.02.tar.gz.part'
XML-SAX-1.02.tar.gz. 100% |********************************| 47318  0:00:00 ETA
'/var/cache/distfiles/XML-SAX-1.02.tar.gz.part' saved
>>> perl-xml-sax: Fetching https://cpan.metacpan.org/authors/id/G/GR/GRANTM/XML-SAX-1.02.tar.gz
>>> perl-xml-sax: Checking sha512sums...
XML-SAX-1.02.tar.gz: OK
>>> perl-xml-sax: Unpacking /var/cache/distfiles/XML-SAX-1.02.tar.gz...
Checking if your kit is complete...
Looks good
Generating a Unix-style Makefile
Writing Makefile for XML::SAX
Writing MYMETA.yml and MYMETA.json
cp lib/XML/SAX/PurePerl/DebugHandler.pm blib/lib/XML/SAX/PurePerl/DebugHandler.pm
cp lib/XML/SAX/PurePerl/Reader/Stream.pm blib/lib/XML/SAX/PurePerl/Reader/Stream.pm
cp lib/XML/SAX/PurePerl/UnicodeExt.pm blib/lib/XML/SAX/PurePerl/UnicodeExt.pm
cp lib/XML/SAX/PurePerl/EncodingDetect.pm blib/lib/XML/SAX/PurePerl/EncodingDetect.pm
cp lib/XML/SAX/PurePerl/DocType.pm blib/lib/XML/SAX/PurePerl/DocType.pm
cp lib/XML/SAX/PurePerl/Reader.pm blib/lib/XML/SAX/PurePerl/Reader.pm
cp lib/XML/SAX/PurePerl/Reader/NoUnicodeExt.pm blib/lib/XML/SAX/PurePerl/Reader/NoUnicodeExt.pm
cp lib/XML/SAX/PurePerl/Reader/URI.pm blib/lib/XML/SAX/PurePerl/Reader/URI.pm
cp lib/XML/SAX/ParserFactory.pm blib/lib/XML/SAX/ParserFactory.pm
cp lib/XML/SAX.pm blib/lib/XML/SAX.pm
cp lib/XML/SAX/PurePerl/Productions.pm blib/lib/XML/SAX/PurePerl/Productions.pm
cp lib/XML/SAX/PurePerl/NoUnicodeExt.pm blib/lib/XML/SAX/PurePerl/NoUnicodeExt.pm
cp lib/XML/SAX/PurePerl/Exception.pm blib/lib/XML/SAX/PurePerl/Exception.pm
cp lib/XML/SAX/PurePerl/Reader/UnicodeExt.pm blib/lib/XML/SAX/PurePerl/Reader/UnicodeExt.pm
cp lib/XML/SAX/PurePerl.pm blib/lib/XML/SAX/PurePerl.pm
cp lib/XML/SAX/PurePerl/DTDDecls.pm blib/lib/XML/SAX/PurePerl/DTDDecls.pm
cp lib/XML/SAX/DocumentLocator.pm blib/lib/XML/SAX/DocumentLocator.pm
cp lib/XML/SAX/PurePerl/XMLDecl.pm blib/lib/XML/SAX/PurePerl/XMLDecl.pm
cp lib/XML/SAX/Intro.pod blib/lib/XML/SAX/Intro.pod
cp lib/XML/SAX/PurePerl/Reader/String.pm blib/lib/XML/SAX/PurePerl/Reader/String.pm
Manifying 6 pod documents
PERL_DL_NONLAZY=1 "/usr/bin/perl" "-MExtUtils::Command::MM" "-MTest::Harness" "-e" "undef *Test::Harness::Switches; test_harness(0, 'blib/lib', 'blib/arch')" t/*.t
t/00basic.t ....... ok
t/01known.t ....... ok
t/10xmldecl1.t .... ok
t/11xmldecl2.t .... ok
t/12miscstart.t ... ok
t/13int_ent.t ..... ok
t/14encoding.t .... ok
t/15element.t ..... ok
parsed 80085 bytes in 0 seconds
t/16large.t ....... ok
t/19pi.t .......... ok
t/20factory.t ..... ok
t/21saxini.t ...... ok
t/30parse_file.t .. ok
t/40cdata.t ....... ok
t/42entities.t .... ok
t/99cleanup.t ..... ok
All tests successful.
Files=16, Tests=113,  1 wallclock secs ( 0.07 usr  0.01 sys +  1.17 cusr  0.19 csys =  1.44 CPU)
Result: PASS
>>> perl-xml-sax: Entering fakeroot...
Manifying 6 pod documents
Appending installation info to /home/packager/aports/main/perl-xml-sax/pkg/perl-xml-sax/usr/lib/perl5/core_perl/perllocal.pod
Installing /home/packager/aports/main/perl-xml-sax/pkg/perl-xml-sax/usr/share/perl5/vendor_perl/XML/SAX.pm
Installing /home/packager/aports/main/perl-xml-sax/pkg/perl-xml-sax/usr/share/perl5/vendor_perl/XML/SAX/DocumentLocator.pm
Installing /home/packager/aports/main/perl-xml-sax/pkg/perl-xml-sax/usr/share/perl5/vendor_perl/XML/SAX/Intro.pod
Installing /home/packager/aports/main/perl-xml-sax/pkg/perl-xml-sax/usr/share/perl5/vendor_perl/XML/SAX/ParserFactory.pm
Installing /home/packager/aports/main/perl-xml-sax/pkg/perl-xml-sax/usr/share/perl5/vendor_perl/XML/SAX/PurePerl.pm
Installing /home/packager/aports/main/perl-xml-sax/pkg/perl-xml-sax/usr/share/perl5/vendor_perl/XML/SAX/PurePerl/UnicodeExt.pm
Installing /home/packager/aports/main/perl-xml-sax/pkg/perl-xml-sax/usr/share/perl5/vendor_perl/XML/SAX/PurePerl/DocType.pm
Installing /home/packager/aports/main/perl-xml-sax/pkg/perl-xml-sax/usr/share/perl5/vendor_perl/XML/SAX/PurePerl/DTDDecls.pm
Installing /home/packager/aports/main/perl-xml-sax/pkg/perl-xml-sax/usr/share/perl5/vendor_perl/XML/SAX/PurePerl/DebugHandler.pm
Installing /home/packager/aports/main/perl-xml-sax/pkg/perl-xml-sax/usr/share/perl5/vendor_perl/XML/SAX/PurePerl/Productions.pm
Installing /home/packager/aports/main/perl-xml-sax/pkg/perl-xml-sax/usr/share/perl5/vendor_perl/XML/SAX/PurePerl/XMLDecl.pm
Installing /home/packager/aports/main/perl-xml-sax/pkg/perl-xml-sax/usr/share/perl5/vendor_perl/XML/SAX/PurePerl/NoUnicodeExt.pm
Installing /home/packager/aports/main/perl-xml-sax/pkg/perl-xml-sax/usr/share/perl5/vendor_perl/XML/SAX/PurePerl/EncodingDetect.pm
Installing /home/packager/aports/main/perl-xml-sax/pkg/perl-xml-sax/usr/share/perl5/vendor_perl/XML/SAX/PurePerl/Reader.pm
Installing /home/packager/aports/main/perl-xml-sax/pkg/perl-xml-sax/usr/share/perl5/vendor_perl/XML/SAX/PurePerl/Exception.pm
Installing /home/packager/aports/main/perl-xml-sax/pkg/perl-xml-sax/usr/share/perl5/vendor_perl/XML/SAX/PurePerl/Reader/UnicodeExt.pm
Installing /home/packager/aports/main/perl-xml-sax/pkg/perl-xml-sax/usr/share/perl5/vendor_perl/XML/SAX/PurePerl/Reader/URI.pm
Installing /home/packager/aports/main/perl-xml-sax/pkg/perl-xml-sax/usr/share/perl5/vendor_perl/XML/SAX/PurePerl/Reader/Stream.pm
Installing /home/packager/aports/main/perl-xml-sax/pkg/perl-xml-sax/usr/share/perl5/vendor_perl/XML/SAX/PurePerl/Reader/String.pm
Installing /home/packager/aports/main/perl-xml-sax/pkg/perl-xml-sax/usr/share/perl5/vendor_perl/XML/SAX/PurePerl/Reader/NoUnicodeExt.pm
Installing /home/packager/aports/main/perl-xml-sax/pkg/perl-xml-sax/usr/share/man/man3/XML::SAX::PurePerl.3pm
Installing /home/packager/aports/main/perl-xml-sax/pkg/perl-xml-sax/usr/share/man/man3/XML::SAX.3pm
Installing /home/packager/aports/main/perl-xml-sax/pkg/perl-xml-sax/usr/share/man/man3/XML::SAX::Intro.3pm
Installing /home/packager/aports/main/perl-xml-sax/pkg/perl-xml-sax/usr/share/man/man3/XML::SAX::PurePerl::Reader.3pm
Installing /home/packager/aports/main/perl-xml-sax/pkg/perl-xml-sax/usr/share/man/man3/XML::SAX::DocumentLocator.3pm
Installing /home/packager/aports/main/perl-xml-sax/pkg/perl-xml-sax/usr/share/man/man3/XML::SAX::ParserFactory.3pm
could not find ParserDetails.ini in blib/lib/XML/SAX
>>> perl-xml-sax-doc*: Running split function doc...
'usr/share/man' -> '/home/packager/aports/main/perl-xml-sax/pkg/perl-xml-sax-doc/usr/share/man'
>>> perl-xml-sax-doc*: Preparing subpackage perl-xml-sax-doc...
>>> perl-xml-sax-doc*: Running postcheck for perl-xml-sax-doc
>>> perl-xml-sax*: Running postcheck for perl-xml-sax
>>> perl-xml-sax*: Preparing package perl-xml-sax...
>>> perl-xml-sax*: Script found. /bin/sh added as a dependency for perl-xml-sax-1.02-r3.apk
>>> perl-xml-sax*: Adding .post-install
>>> perl-xml-sax*: Adding .post-upgrade
>>> perl-xml-sax*: Adding .pre-deinstall
>>> perl-xml-sax-doc*: Tracing dependencies...
>>> perl-xml-sax-doc*: Package size: 15.7 KB
>>> perl-xml-sax-doc*: Compressing data...
>>> perl-xml-sax-doc*: Create checksum...
pigz: not found
>>> perl-xml-sax-doc*: Create perl-xml-sax-doc-1.02-r3.apk
>>> perl-xml-sax*: Tracing dependencies...
	perl
	perl-xml-sax-base
	perl-xml-namespacesupport
	/bin/sh
>>> perl-xml-sax*: Package size: 99.0 KB
>>> perl-xml-sax*: Compressing data...
>>> perl-xml-sax*: Create checksum...
pigz: not found
>>> perl-xml-sax*: Create perl-xml-sax-1.02-r3.apk
>>> perl-xml-sax: Build complete at Sun, 18 May 2025 06:20:02 +0000 elapsed time 0h 0m 6s
>>> perl-xml-sax: Cleaning up srcdir
>>> perl-xml-sax: Cleaning up pkgdir
>>> perl-xml-sax: Uninstalling dependencies...
(1/8) Purging .makedepends-perl-xml-sax (20250518.061958)
(2/8) Purging perl-xml-sax-base (1.09-r5)
(3/8) Purging perl-xml-namespacesupport (1.12-r5)
(4/8) Purging git-perl (2.47.2-r0)
(5/8) Purging perl-git (2.47.2-r0)
(6/8) Purging perl-error (0.17029-r2)
(7/8) Purging perl (5.40.2-r0)
(8/8) Purging libbz2 (1.0.8-r6)
Executing busybox-1.37.0-r12.trigger
OK: 260 MiB in 81 packages
>>> perl-xml-sax: Updating the main/x86_64 repository index...
>>> perl-xml-sax: Signing the index...
pigz: not found
