pigz: not found
>>> perl-xml-rss: Building main/perl-xml-rss 1.65-r0 (using abuild 3.14.1-r4) started Fri, 23 May 2025 02:17:49 +0000
>>> perl-xml-rss: Validating /home/packager/aports/main/perl-xml-rss/APKBUILD...
>>> perl-xml-rss: Analyzing dependencies...
>>> perl-xml-rss: Installing for build: build-base perl perl-datetime-format-w3cdtf perl-xml-parser perl-html-parser perl-datetime-format-mail perl-module-build
(1/49) Installing perl-sub-quote (2.006008-r1)
(2/49) Installing perl-devel-stacktrace (2.05-r0)
(3/49) Installing perl-role-tiny (2.002004-r2)
(4/49) Installing perl-mro-compat (0.15-r2)
(5/49) Installing perl-try-tiny (0.32-r0)
(6/49) Installing perl-test-fatal (0.017-r1)
(7/49) Installing perl-eval-closure (0.14-r4)
(8/49) Installing perl-module-runtime (0.016-r6)
(9/49) Installing perl-clone (0.47-r0)
(10/49) Installing perl-specio (0.50-r0)
(11/49) Installing perl-dist-checkconflicts (0.11-r4)
(12/49) Installing perl-class-inspector (1.36-r3)
(13/49) Installing perl-file-sharedir (1.118-r1)
(14/49) Installing perl-sub-exporter-progressive (0.001013-r4)
(15/49) Installing perl-module-implementation (0.09-r5)
(16/49) Installing perl-b-hooks-endofscope (0.28-r0)
(17/49) Installing perl-package-stash (0.40-r1)
(18/49) Installing perl-namespace-clean (0.27-r4)
(19/49) Installing perl-namespace-autoclean (0.31-r0)
(20/49) Installing perl-test-simple (1.302209-r0)
(21/49) Installing perl-test-without-module (0.23-r0)
(22/49) Installing perl-class-data-inheritable (0.10-r0)
(23/49) Installing perl-exception-class (1.45-r1)
(24/49) Installing perl-test2-plugin-nowarnings (0.10-r1)
(25/49) Installing perl-params-validationcompiler (0.31-r2)
(26/49) Installing perl-datetime-locale (1.45-r0)
(27/49) Installing perl-class-singleton (1.6-r2)
(28/49) Installing perl-datetime-timezone (2.65-r0)
(29/49) Installing perl-datetime (1.66-r0)
(30/49) Installing perl-datetime-format-w3cdtf (0.08-r4)
(31/49) Installing perl-http-date (6.06-r0)
(32/49) Installing perl-uri (5.28-r0)
(33/49) Installing perl-io-html (1.004-r1)
(34/49) Installing perl-encode-locale (1.05-r5)
(35/49) Installing perl-lwp-mediatypes (6.04-r3)
(36/49) Installing perl-http-message (7.00-r0)
(37/49) Installing perl-http-cookies (6.11-r0)
(38/49) Installing perl-net-http (6.23-r1)
(39/49) Installing perl-html-tagset (3.24-r0)
(40/49) Installing perl-html-parser (3.83-r0)
(41/49) Installing perl-file-listing (6.16-r0)
(42/49) Installing perl-www-robotrules (6.02-r5)
(43/49) Installing perl-http-negotiate (6.01-r5)
(44/49) Installing perl-libwww (6.77-r0)
(45/49) Installing perl-xml-parser (2.47-r1)
(46/49) Installing perl-params-validate (1.31-r3)
(47/49) Installing perl-datetime-format-mail (0.403-r4)
(48/49) Installing perl-module-build (0.4234-r1)
(49/49) Installing .makedepends-perl-xml-rss (20250523.021751)
Executing busybox-1.37.0-r12.trigger
OK: 330 MiB in 163 packages
>>> perl-xml-rss: Cleaning up srcdir
>>> perl-xml-rss: Cleaning up pkgdir
>>> perl-xml-rss: Cleaning up tmpdir
>>> perl-xml-rss: Fetching https://cpan.metacpan.org/authors/id/S/SH/SHLOMIF/XML-RSS-1.65.tar.gz
Connecting to cpan.metacpan.org (146.75.122.217:443)
saving to '/var/cache/distfiles/XML-RSS-1.65.tar.gz.part'
XML-RSS-1.65.tar.gz. 100% |********************************|  129k  0:00:00 ETA
'/var/cache/distfiles/XML-RSS-1.65.tar.gz.part' saved
>>> perl-xml-rss: Fetching https://cpan.metacpan.org/authors/id/S/SH/SHLOMIF/XML-RSS-1.65.tar.gz
>>> perl-xml-rss: Checking sha512sums...
XML-RSS-1.65.tar.gz: OK
>>> perl-xml-rss: Unpacking /var/cache/distfiles/XML-RSS-1.65.tar.gz...
Created MYMETA.yml and MYMETA.json
Creating new 'Build' script for 'XML-RSS' version '1.65'
Building XML-RSS
t/0.9-generate.t ...................... ok
t/0.9-parse.t ......................... ok
t/0.9-strict.t ........................ ok
t/0.91-parse.t ........................ ok
t/00-compile.t ........................ ok
t/1.0-gen-errors-on-missing-fields.t .. ok
t/1.0-generate.t ...................... ok
t/1.0-parse-2.t ....................... ok
t/1.0-parse-exotic.t .................. ok
t/1.0-parse.t ......................... ok
t/1.0-to-2.0.t ........................ ok
t/2.0-generate.t ...................... ok
t/2.0-modules.t ....................... ok
t/2.0-parse-2.t ....................... ok
t/2.0-parse-cloud.t ................... ok
t/2.0-parse-self.t .................... ok
t/2.0-parse.t ......................... ok
t/2.0-permalink.t ..................... ok
t/2.0-wo-title.t ...................... ok
t/add-item-insert-vs-append.t ......... ok
t/auto_add_modules.t .................. ok
t/charset1.t .......................... skipped: Test::Differences required
t/empty-elements.t .................... ok
t/enclosures-multi.t .................. ok
t/enclosures.t ........................ ok
t/enclosures2.t ....................... ok
t/encode-output.t ..................... ok
t/encoding.t .......................... ok
t/guid-outside-item.t ................. ok
t/guid.t .............................. ok
t/load.t .............................. ok
t/render-upon-init.t .................. ok
t/rss2-gt-encoding.t .................. skipped: Test::Differences required
t/rss2-nested-custom-tag.t ............ ok
t/save-while-in-taint-mode.t .......... ok
t/subcategory.t ....................... skipped: Test::Differences required
t/test-generated-items.t .............. ok
t/version.t ........................... ok
t/xml-base.t .......................... ok
t/xml-header.t ........................ ok
All tests successful.
Files=40, Tests=454, 25 wallclock secs ( 0.24 usr  0.05 sys + 21.40 cusr  2.71 csys = 24.40 CPU)
Result: PASS
>>> perl-xml-rss: Entering fakeroot...
Building XML-RSS
Installing /home/packager/aports/main/perl-xml-rss/pkg/perl-xml-rss/usr/share/perl5/vendor_perl/XML/RSS.pm
Installing /home/packager/aports/main/perl-xml-rss/pkg/perl-xml-rss/usr/share/perl5/vendor_perl/XML/RSS/Private/Output/V0_91.pm
Installing /home/packager/aports/main/perl-xml-rss/pkg/perl-xml-rss/usr/share/perl5/vendor_perl/XML/RSS/Private/Output/Base.pm
Installing /home/packager/aports/main/perl-xml-rss/pkg/perl-xml-rss/usr/share/perl5/vendor_perl/XML/RSS/Private/Output/V2_0.pm
Installing /home/packager/aports/main/perl-xml-rss/pkg/perl-xml-rss/usr/share/perl5/vendor_perl/XML/RSS/Private/Output/V0_9.pm
Installing /home/packager/aports/main/perl-xml-rss/pkg/perl-xml-rss/usr/share/perl5/vendor_perl/XML/RSS/Private/Output/V1_0.pm
Installing /home/packager/aports/main/perl-xml-rss/pkg/perl-xml-rss/usr/share/perl5/vendor_perl/XML/RSS/Private/Output/Roles/ModulesElems.pm
Installing /home/packager/aports/main/perl-xml-rss/pkg/perl-xml-rss/usr/share/perl5/vendor_perl/XML/RSS/Private/Output/Roles/ImageDims.pm
Installing /home/packager/aports/main/perl-xml-rss/pkg/perl-xml-rss/usr/share/man/man3/XML::RSS::Private::Output::V0_9.3pm
Installing /home/packager/aports/main/perl-xml-rss/pkg/perl-xml-rss/usr/share/man/man3/XML::RSS::Private::Output::Roles::ModulesElems.3pm
Installing /home/packager/aports/main/perl-xml-rss/pkg/perl-xml-rss/usr/share/man/man3/XML::RSS::Private::Output::V2_0.3pm
Installing /home/packager/aports/main/perl-xml-rss/pkg/perl-xml-rss/usr/share/man/man3/XML::RSS::Private::Output::Roles::ImageDims.3pm
Installing /home/packager/aports/main/perl-xml-rss/pkg/perl-xml-rss/usr/share/man/man3/XML::RSS::Private::Output::V1_0.3pm
Installing /home/packager/aports/main/perl-xml-rss/pkg/perl-xml-rss/usr/share/man/man3/XML::RSS::Private::Output::Base.3pm
Installing /home/packager/aports/main/perl-xml-rss/pkg/perl-xml-rss/usr/share/man/man3/XML::RSS::Private::Output::V0_91.3pm
Installing /home/packager/aports/main/perl-xml-rss/pkg/perl-xml-rss/usr/share/man/man3/XML::RSS.3pm
>>> perl-xml-rss-doc*: Running split function doc...
renamed 'usr/share/man' -> '/home/packager/aports/main/perl-xml-rss/pkg/perl-xml-rss-doc/usr/share/man'
>>> perl-xml-rss-doc*: Preparing subpackage perl-xml-rss-doc...
>>> perl-xml-rss-doc*: Running postcheck for perl-xml-rss-doc
>>> perl-xml-rss*: Running postcheck for perl-xml-rss
>>> perl-xml-rss*: Preparing package perl-xml-rss...
>>> perl-xml-rss-doc*: Tracing dependencies...
libfakeroot internal error: payload not recognized!
>>> perl-xml-rss-doc*: Package size: 23.1 KB
>>> perl-xml-rss-doc*: Compressing data...
>>> perl-xml-rss-doc*: Create checksum...
pigz: not found
>>> perl-xml-rss-doc*: Create perl-xml-rss-doc-1.65-r0.apk
>>> perl-xml-rss*: Tracing dependencies...
	perl
	perl-datetime-format-w3cdtf
	perl-xml-parser
	perl-html-parser
	perl-datetime-format-mail
>>> perl-xml-rss*: Package size: 109.8 KB
>>> perl-xml-rss*: Compressing data...
>>> perl-xml-rss*: Create checksum...
pigz: not found
>>> perl-xml-rss*: Create perl-xml-rss-1.65-r0.apk
>>> perl-xml-rss: Build complete at Fri, 23 May 2025 02:18:23 +0000 elapsed time 0h 0m 34s
>>> perl-xml-rss: Cleaning up srcdir
>>> perl-xml-rss: Cleaning up pkgdir
>>> perl-xml-rss: Uninstalling dependencies...
(1/49) Purging .makedepends-perl-xml-rss (20250523.021751)
(2/49) Purging perl-datetime-format-w3cdtf (0.08-r4)
(3/49) Purging perl-xml-parser (2.47-r1)
(4/49) Purging perl-libwww (6.77-r0)
(5/49) Purging perl-http-cookies (6.11-r0)
(6/49) Purging perl-net-http (6.23-r1)
(7/49) Purging perl-file-listing (6.16-r0)
(8/49) Purging perl-www-robotrules (6.02-r5)
(9/49) Purging perl-http-negotiate (6.01-r5)
(10/49) Purging perl-html-parser (3.83-r0)
(11/49) Purging perl-html-tagset (3.24-r0)
(12/49) Purging perl-http-message (7.00-r0)
(13/49) Purging perl-http-date (6.06-r0)
(14/49) Purging perl-io-html (1.004-r1)
(15/49) Purging perl-encode-locale (1.05-r5)
(16/49) Purging perl-lwp-mediatypes (6.04-r3)
(17/49) Purging perl-uri (5.28-r0)
(18/49) Purging perl-datetime-format-mail (0.403-r4)
(19/49) Purging perl-datetime (1.66-r0)
(20/49) Purging perl-datetime-locale (1.45-r0)
(21/49) Purging perl-file-sharedir (1.118-r1)
(22/49) Purging perl-class-inspector (1.36-r3)
(23/49) Purging perl-datetime-timezone (2.65-r0)
(24/49) Purging perl-class-singleton (1.6-r2)
(25/49) Purging perl-namespace-autoclean (0.31-r0)
(26/49) Purging perl-namespace-clean (0.27-r4)
(27/49) Purging perl-package-stash (0.40-r1)
(28/49) Purging perl-dist-checkconflicts (0.11-r4)
(29/49) Purging perl-b-hooks-endofscope (0.28-r0)
(30/49) Purging perl-sub-exporter-progressive (0.001013-r4)
(31/49) Purging perl-params-validationcompiler (0.31-r2)
(32/49) Purging perl-specio (0.50-r0)
(33/49) Purging perl-sub-quote (2.006008-r1)
(34/49) Purging perl-test-fatal (0.017-r1)
(35/49) Purging perl-clone (0.47-r0)
(36/49) Purging perl-test-without-module (0.23-r0)
(37/49) Purging perl-eval-closure (0.14-r4)
(38/49) Purging perl-exception-class (1.45-r1)
(39/49) Purging perl-devel-stacktrace (2.05-r0)
(40/49) Purging perl-class-data-inheritable (0.10-r0)
(41/49) Purging perl-test2-plugin-nowarnings (0.10-r1)
(42/49) Purging perl-test-simple (1.302209-r0)
(43/49) Purging perl-role-tiny (2.002004-r2)
(44/49) Purging perl-mro-compat (0.15-r2)
(45/49) Purging perl-params-validate (1.31-r3)
(46/49) Purging perl-module-implementation (0.09-r5)
(47/49) Purging perl-module-runtime (0.016-r6)
(48/49) Purging perl-try-tiny (0.32-r0)
(49/49) Purging perl-module-build (0.4234-r1)
Executing busybox-1.37.0-r12.trigger
OK: 313 MiB in 114 packages
>>> perl-xml-rss: Updating the main/x86_64 repository index...
>>> perl-xml-rss: Signing the index...
pigz: not found
