pigz: not found
>>> perl-javascript-minifier: Building main/perl-javascript-minifier 1.16-r1 (using abuild 3.14.1-r4) started Sun, 18 May 2025 09:12:46 +0000
>>> perl-javascript-minifier: Validating /home/packager/aports/main/perl-javascript-minifier/APKBUILD...
>>> perl-javascript-minifier: Analyzing dependencies...
>>> perl-javascript-minifier: Installing for build: build-base perl
(1/6) Installing libbz2 (1.0.8-r6)
(2/6) Installing perl (5.40.2-r0)
(3/6) Installing .makedepends-perl-javascript-minifier (20250518.091249)
(4/6) Installing perl-error (0.17030-r0)
(5/6) Installing perl-git (2.47.2-r0)
(6/6) Installing git-perl (2.47.2-r0)
Executing busybox-1.37.0-r12.trigger
OK: 297 MiB in 87 packages
>>> perl-javascript-minifier: Cleaning up srcdir
>>> perl-javascript-minifier: Cleaning up pkgdir
>>> perl-javascript-minifier: Cleaning up tmpdir
>>> perl-javascript-minifier: Fetching https://cpan.metacpan.org/authors/id/Z/ZO/ZOFFIX/JavaScript-Minifier-1.16.tar.gz
Connecting to cpan.metacpan.org (146.75.122.217:443)
saving to '/var/cache/distfiles/JavaScript-Minifier-1.16.tar.gz.part'
JavaScript-Minifier- 100% |********************************| 23523  0:00:00 ETA
'/var/cache/distfiles/JavaScript-Minifier-1.16.tar.gz.part' saved
>>> perl-javascript-minifier: Fetching https://cpan.metacpan.org/authors/id/Z/ZO/ZOFFIX/JavaScript-Minifier-1.16.tar.gz
>>> perl-javascript-minifier: Checking sha512sums...
JavaScript-Minifier-1.16.tar.gz: OK
>>> perl-javascript-minifier: Unpacking /var/cache/distfiles/JavaScript-Minifier-1.16.tar.gz...
Checking if your kit is complete...
Looks good
Generating a Unix-style Makefile
Writing Makefile for JavaScript::Minifier
Writing MYMETA.yml and MYMETA.json
cp lib/JavaScript/Minifier.pm blib/lib/JavaScript/Minifier.pm
Manifying 1 pod document
PERL_DL_NONLAZY=1 "/usr/bin/perl" "-MExtUtils::Command::MM" "-MTest::Harness" "-e" "undef *Test::Harness::Switches; test_harness(0, 'blib/lib', 'blib/arch')" t/*.t
t/00-compile.t ........... ok
# Testing JavaScript::Minifier 1.16, Perl 5.040002, /usr/bin/perl
t/00-load.t .............. ok
t/01-newline-at-end.t .... ok
t/JavaScript-Minifier.t .. ok
All tests successful.
Files=4, Tests=23,  0 wallclock secs ( 0.03 usr  0.00 sys +  0.29 cusr  0.04 csys =  0.36 CPU)
Result: PASS
>>> perl-javascript-minifier: Entering fakeroot...
Manifying 1 pod document
Appending installation info to /home/packager/aports/main/perl-javascript-minifier/pkg/perl-javascript-minifier/usr/lib/perl5/core_perl/perllocal.pod
Installing /home/packager/aports/main/perl-javascript-minifier/pkg/perl-javascript-minifier/usr/share/perl5/vendor_perl/JavaScript/Minifier.pm
Installing /home/packager/aports/main/perl-javascript-minifier/pkg/perl-javascript-minifier/usr/share/man/man3/JavaScript::Minifier.3pm
>>> perl-javascript-minifier-doc*: Running split function doc...
'usr/share/man' -> '/home/packager/aports/main/perl-javascript-minifier/pkg/perl-javascript-minifier-doc/usr/share/man'
>>> perl-javascript-minifier-doc*: Preparing subpackage perl-javascript-minifier-doc...
>>> perl-javascript-minifier-doc*: Running postcheck for perl-javascript-minifier-doc
>>> perl-javascript-minifier*: Running postcheck for perl-javascript-minifier
>>> perl-javascript-minifier*: Preparing package perl-javascript-minifier...
>>> perl-javascript-minifier-doc*: Tracing dependencies...
>>> perl-javascript-minifier-doc*: Package size: 2.3 KB
>>> perl-javascript-minifier-doc*: Compressing data...
>>> perl-javascript-minifier-doc*: Create checksum...
pigz: not found
>>> perl-javascript-minifier-doc*: Create perl-javascript-minifier-doc-1.16-r1.apk
>>> perl-javascript-minifier*: Tracing dependencies...
	perl
>>> perl-javascript-minifier*: Package size: 14.7 KB
>>> perl-javascript-minifier*: Compressing data...
>>> perl-javascript-minifier*: Create checksum...
pigz: not found
>>> perl-javascript-minifier*: Create perl-javascript-minifier-1.16-r1.apk
>>> perl-javascript-minifier: Build complete at Sun, 18 May 2025 09:12:51 +0000 elapsed time 0h 0m 5s
>>> perl-javascript-minifier: Cleaning up srcdir
>>> perl-javascript-minifier: Cleaning up pkgdir
>>> perl-javascript-minifier: Uninstalling dependencies...
(1/6) Purging .makedepends-perl-javascript-minifier (20250518.091249)
(2/6) Purging git-perl (2.47.2-r0)
(3/6) Purging perl-git (2.47.2-r0)
(4/6) Purging perl-error (0.17030-r0)
(5/6) Purging perl (5.40.2-r0)
(6/6) Purging libbz2 (1.0.8-r6)
Executing busybox-1.37.0-r12.trigger
OK: 261 MiB in 81 packages
>>> perl-javascript-minifier: Updating the main/x86_64 repository index...
>>> perl-javascript-minifier: Signing the index...
pigz: not found
