pigz: not found
>>> perl-test-refcount: Building main/perl-test-refcount 0.10-r5 (using abuild 3.14.1-r4) started Sun, 18 May 2025 08:17:57 +0000
>>> perl-test-refcount: Validating /home/packager/aports/main/perl-test-refcount/APKBUILD...
>>> perl-test-refcount: Analyzing dependencies...
>>> perl-test-refcount: Installing for build: build-base perl perl-dev perl-module-build
(1/9) Installing libbz2 (1.0.8-r6)
(2/9) Installing perl (5.40.2-r0)
(3/9) Installing perl-utils (5.40.2-r0)
(4/9) Installing perl-dev (5.40.2-r0)
(5/9) Installing perl-module-build (0.4234-r1)
(6/9) Installing .makedepends-perl-test-refcount (20250518.081800)
(7/9) Installing perl-error (0.17029-r2)
(8/9) Installing perl-git (2.47.2-r0)
(9/9) Installing git-perl (2.47.2-r0)
Executing busybox-1.37.0-r12.trigger
OK: 307 MiB in 90 packages
>>> perl-test-refcount: Cleaning up srcdir
>>> perl-test-refcount: Cleaning up pkgdir
>>> perl-test-refcount: Cleaning up tmpdir
>>> perl-test-refcount: Fetching https://cpan.metacpan.org/authors/id/P/PE/PEVANS/Test-Refcount-0.10.tar.gz
Connecting to cpan.metacpan.org (146.75.122.217:443)
saving to '/var/cache/distfiles/Test-Refcount-0.10.tar.gz.part'
Test-Refcount-0.10.t 100% |********************************| 17218  0:00:00 ETA
'/var/cache/distfiles/Test-Refcount-0.10.tar.gz.part' saved
>>> perl-test-refcount: Fetching https://cpan.metacpan.org/authors/id/P/PE/PEVANS/Test-Refcount-0.10.tar.gz
>>> perl-test-refcount: Checking sha512sums...
Test-Refcount-0.10.tar.gz: OK
>>> perl-test-refcount: Unpacking /var/cache/distfiles/Test-Refcount-0.10.tar.gz...
Checking prerequisites...
  recommends:
    *  Devel::MAT is not installed

ERRORS/WARNINGS FOUND IN PREREQUISITES.  You may wish to install the versions
of the modules indicated above before proceeding with this installation

Run 'Build installdeps' to install missing prerequisites.

Created MYMETA.yml and MYMETA.json
Creating new 'Build' script for 'Test-Refcount' version '0.10'
Building Test-Refcount
t/00use.t ....... ok
t/01count.t ..... ok
t/02one.t ....... ok
t/03weak.t ...... ok
t/04reftypes.t .. ok
t/99pod.t ....... skipped: Test::Pod 1.00 required for testing POD
All tests successful.
Files=6, Tests=20,  0 wallclock secs ( 0.03 usr  0.02 sys +  0.41 cusr  0.06 csys =  0.52 CPU)
Result: PASS
>>> perl-test-refcount: Entering fakeroot...
Building Test-Refcount
Installing /home/packager/aports/main/perl-test-refcount/pkg/perl-test-refcount/usr/share/perl5/vendor_perl/Test/Refcount.pm
Installing /home/packager/aports/main/perl-test-refcount/pkg/perl-test-refcount/usr/share/man/man3/Test::Refcount.3pm
>>> perl-test-refcount-doc*: Running split function doc...
'usr/share/man' -> '/home/packager/aports/main/perl-test-refcount/pkg/perl-test-refcount-doc/usr/share/man'
>>> perl-test-refcount-doc*: Preparing subpackage perl-test-refcount-doc...
>>> perl-test-refcount-doc*: Running postcheck for perl-test-refcount-doc
>>> perl-test-refcount*: Running postcheck for perl-test-refcount
>>> perl-test-refcount*: Preparing package perl-test-refcount...
>>> perl-test-refcount-doc*: Tracing dependencies...
>>> perl-test-refcount-doc*: Package size: 3.9 KB
>>> perl-test-refcount-doc*: Compressing data...
>>> perl-test-refcount-doc*: Create checksum...
pigz: not found
>>> perl-test-refcount-doc*: Create perl-test-refcount-doc-0.10-r5.apk
>>> perl-test-refcount*: Tracing dependencies...
	perl
>>> perl-test-refcount*: Package size: 9.4 KB
>>> perl-test-refcount*: Compressing data...
>>> perl-test-refcount*: Create checksum...
pigz: not found
>>> perl-test-refcount*: Create perl-test-refcount-0.10-r5.apk
>>> perl-test-refcount: Build complete at Sun, 18 May 2025 08:18:03 +0000 elapsed time 0h 0m 6s
>>> perl-test-refcount: Cleaning up srcdir
>>> perl-test-refcount: Cleaning up pkgdir
>>> perl-test-refcount: Uninstalling dependencies...
(1/9) Purging .makedepends-perl-test-refcount (20250518.081800)
(2/9) Purging perl-dev (5.40.2-r0)
(3/9) Purging perl-utils (5.40.2-r0)
(4/9) Purging perl-module-build (0.4234-r1)
(5/9) Purging git-perl (2.47.2-r0)
(6/9) Purging perl-git (2.47.2-r0)
(7/9) Purging perl-error (0.17029-r2)
(8/9) Purging perl (5.40.2-r0)
(9/9) Purging libbz2 (1.0.8-r6)
Executing busybox-1.37.0-r12.trigger
OK: 261 MiB in 81 packages
>>> perl-test-refcount: Updating the main/x86_64 repository index...
>>> perl-test-refcount: Signing the index...
pigz: not found
