>>> perl-net-server: Validating /home/packager/oily-pine/main/perl-net-server/APKBUILD...
>>> perl-net-server: Cleaning up srcdir
>>> perl-net-server: Cleaning up pkgdir
>>> perl-net-server: Cleaning up tmpdir
>>> perl-net-server: Fetching https://cpan.metacpan.org/authors/id/R/RH/RHANDOM/Net-Server-2.014.tar.gz
  % Total    % Received % Xferd  Average Speed   Time    Time     Time  Current
                                 Dload  Upload   Total   Spent    Left  Speed
  0     0    0     0    0     0      0      0 --:--:-- --:--:-- --:--:--     0100  151k  100  151k    0     0   507k      0 --:--:-- --:--:-- --:--:--  508k
>>> perl-net-server: Fetching https://cpan.metacpan.org/authors/id/R/RH/RHANDOM/Net-Server-2.014.tar.gz
>>> perl-net-server: Checking sha512sums...
Net-Server-2.014.tar.gz: OK
>>> perl-net-server: Preparing build chroot...
fetch http://dl-cdn.alpinelinux.org/alpine/edge/main/x86_64/APKINDEX.tar.gz
(1/75) Installing musl (1.2.5-r10)
(2/75) Installing libcrypto3 (3.5.0-r0)
(3/75) Installing ca-certificates-bundle (20241121-r2)
(4/75) Installing libssl3 (3.5.0-r0)
(5/75) Installing zlib (1.3.1-r2)
(6/75) Installing libapk2 (2.14.9-r2)
(7/75) Installing apk-tools (2.14.9-r2)
(8/75) Installing libcap2 (2.76-r0)
(9/75) Installing libcap-getcap (2.76-r0)
(10/75) Installing fakeroot (1.37.1.1-r0)
(11/75) Installing scanelf (1.3.8-r1)
(12/75) Installing musl-utils (1.2.5-r10)
(13/75) Installing libgcc (14.3.0-r1)
(14/75) Installing libstdc++ (14.3.0-r1)
(15/75) Installing lzip (1.25-r0)
(16/75) Installing openssl (3.5.0-r0)
(17/75) Installing patch (2.8-r0)
(18/75) Installing pkgconf (2.4.3-r0)
(19/75) Installing acl-libs (2.3.2-r1)
(20/75) Installing tar (1.35-r3)
(21/75) Installing busybox (1.37.0-r18)
Executing busybox-1.37.0-r18.post-install
(22/75) Installing ssl_client (1.37.0-r18)
(23/75) Installing busybox-binsh (1.37.0-r18)
(24/75) Installing abuild (3.15.0-r0)
Executing abuild-3.15.0-r0.pre-install
(25/75) Installing abuild-sudo (3.15.0-r0)
(26/75) Installing alpine-baselayout-data (3.7.0-r0)
(27/75) Installing alpine-baselayout (3.7.0-r0)
Executing alpine-baselayout-3.7.0-r0.pre-install
Executing alpine-baselayout-3.7.0-r0.post-install
(28/75) Installing bridge (1.5-r5)
(29/75) Installing ifupdown-ng (0.12.1-r7)
(30/75) Installing openrc-user (0.62.2-r2)
(31/75) Installing openrc (0.62.2-r2)
Executing openrc-0.62.2-r2.post-install
(32/75) Installing mdev-conf (4.8-r0)
(33/75) Installing busybox-mdev-openrc (1.37.0-r18)
(34/75) Installing alpine-conf (3.20.0-r0)
(35/75) Installing alpine-keys (2.5-r0)
(36/75) Installing alpine-release (3.22.0-r0)
(37/75) Installing busybox-openrc (1.37.0-r18)
(38/75) Installing busybox-suid (1.37.0-r18)
(39/75) Installing alpine-base (3.22.0-r0)
(40/75) Installing jansson (2.14.1-r0)
(41/75) Installing zstd-libs (1.5.7-r0)
(42/75) Installing binutils (2.44-r0)
(43/75) Installing libmagic (5.46-r2)
(44/75) Installing file (5.46-r2)
(45/75) Installing libgomp (14.3.0-r1)
(46/75) Installing libatomic (14.3.0-r1)
(47/75) Installing gmp (6.3.0-r3)
(48/75) Installing isl26 (0.26-r1)
(49/75) Installing mpfr4 (4.2.1_p1-r0)
(50/75) Installing mpc1 (1.3.1-r1)
(51/75) Installing gcc (14.3.0-r1)
(52/75) Installing libstdc++-dev (14.3.0-r1)
(53/75) Installing musl-dev (1.2.5-r10)
(54/75) Installing g++ (14.3.0-r1)
(55/75) Installing make (4.4.1-r3)
(56/75) Installing fortify-headers (1.1-r5)
(57/75) Installing build-base (0.5-r3)
(58/75) Installing brotli-libs (1.1.0-r2)
(59/75) Installing c-ares (1.34.5-r0)
(60/75) Installing libunistring (1.3-r0)
(61/75) Installing libidn2 (2.3.7-r0)
(62/75) Installing nghttp2-libs (1.65.0-r0)
(63/75) Installing libpsl (0.21.5-r3)
(64/75) Installing libcurl (8.14.0-r2)
(65/75) Installing libexpat (2.7.1-r0)
(66/75) Installing pcre2 (10.43-r1)
(67/75) Installing git (2.49.0-r0)
(68/75) Installing git-init-template (2.49.0-r0)
(69/75) Installing libbz2 (1.0.8-r6)
(70/75) Installing perl (5.40.2-r0)
(71/75) Installing perl-error (0.17030-r0)
(72/75) Installing perl-git (2.49.0-r0)
(73/75) Installing git-perl (2.49.0-r0)
(74/75) Installing perl-utils (5.40.2-r0)
(75/75) Installing perl-dev (5.40.2-r0)
Executing busybox-1.37.0-r18.trigger
OK: 305 MiB in 75 packages
>>> perl-net-server: Fetching https://cpan.metacpan.org/authors/id/R/RH/RHANDOM/Net-Server-2.014.tar.gz
>>> perl-net-server: Checking sha512sums...
Net-Server-2.014.tar.gz: OK
>>> perl-net-server: Unpacking /var/cache/distfiles/Net-Server-2.014.tar.gz...
Checking if your kit is complete...
Looks good
Generating a Unix-style Makefile
Writing Makefile for Net::Server
Writing MYMETA.yml and MYMETA.json
cp lib/Net/Server/Single.pm blib/lib/Net/Server/Single.pm
cp lib/Net/Server/Log/Sys/Syslog.pm blib/lib/Net/Server/Log/Sys/Syslog.pm
cp lib/Net/Server/PSGI.pm blib/lib/Net/Server/PSGI.pm
cp lib/Net/Server/Thread.pm blib/lib/Net/Server/Thread.pm
cp lib/Net/Server/Fork.pm blib/lib/Net/Server/Fork.pm
cp lib/Net/Server.pm blib/lib/Net/Server.pm
cp lib/Net/Server/Proto/TCP.pm blib/lib/Net/Server/Proto/TCP.pm
cp lib/Net/Server/SIG.pm blib/lib/Net/Server/SIG.pm
cp lib/Net/Server/HTTP.pm blib/lib/Net/Server/HTTP.pm
cp lib/Net/Server/Log/Log/Log4perl.pm blib/lib/Net/Server/Log/Log/Log4perl.pm
cp lib/Net/Server/Daemonize.pm blib/lib/Net/Server/Daemonize.pm
cp lib/Net/Server/PreForkSimple.pm blib/lib/Net/Server/PreForkSimple.pm
cp lib/Net/Server/Proto/UDP.pm blib/lib/Net/Server/Proto/UDP.pm
cp lib/Net/Server/Multiplex.pm blib/lib/Net/Server/Multiplex.pm
cp lib/Net/Server/Proto/SSLEAY.pm blib/lib/Net/Server/Proto/SSLEAY.pm
cp lib/Net/Server/Proto.pm blib/lib/Net/Server/Proto.pm
cp lib/Net/Server/Proto/SSL.pm blib/lib/Net/Server/Proto/SSL.pm
cp lib/Net/Server/Proto/UNIX.pm blib/lib/Net/Server/Proto/UNIX.pm
cp lib/Net/Server/INET.pm blib/lib/Net/Server/INET.pm
cp lib/Net/Server.pod blib/lib/Net/Server.pod
cp lib/Net/Server/PreFork.pm blib/lib/Net/Server/PreFork.pm
cp lib/Net/Server/MultiType.pm blib/lib/Net/Server/MultiType.pm
cp lib/Net/Server/Proto/UNIXDGRAM.pm blib/lib/Net/Server/Proto/UNIXDGRAM.pm
cp bin/net-server blib/script/net-server
"/usr/bin/perl" -MExtUtils::MY -e 'MY->fixin(shift)' -- blib/script/net-server
Manifying 1 pod document
Manifying 22 pod documents
PERL_DL_NONLAZY=1 "/usr/bin/perl" "-MExtUtils::Command::MM" "-MTest::Harness" "-e" "undef *Test::Harness::Switches; test_harness(0, 'blib/lib', 'blib/arch')" t/*.t
t/Options.t ............... ok
t/Port_Configuration.t .... ok
t/Server_BASE.t ........... ok
t/Server_Fork.t ........... ok
t/Server_http.t ........... ok
t/Server_INET.t ........... ok
t/Server_Multiplex.t ...... ok
t/Server_MultiType.t ...... ok
t/Server_PreFork.t ........ ok
t/Server_PreForkSimple.t .. ok
t/Server_psgi.t ........... ok
t/Server_Single.t ......... ok
t/Server_Thread.t ......... ok
t/SSL_test.t .............. ok
t/SSLEAY_test.t ........... ok
t/UDP_test.t .............. ok
t/UNIX_test.t ............. ok
All tests successful.
Files=17, Tests=195,  1 wallclock secs ( 0.01 usr  0.01 sys +  0.48 cusr  0.10 csys =  0.60 CPU)
Result: PASS
>>> perl-net-server: Entering fakeroot...
Manifying 1 pod document
Manifying 22 pod documents
Appending installation info to /tmp/pkg/perl-net-server/usr/lib/perl5/core_perl/perllocal.pod
Installing /tmp/pkg/perl-net-server/usr/share/perl5/vendor_perl/Net/Server.pod
Installing /tmp/pkg/perl-net-server/usr/share/perl5/vendor_perl/Net/Server.pm
Installing /tmp/pkg/perl-net-server/usr/share/perl5/vendor_perl/Net/Server/INET.pm
Installing /tmp/pkg/perl-net-server/usr/share/perl5/vendor_perl/Net/Server/MultiType.pm
Installing /tmp/pkg/perl-net-server/usr/share/perl5/vendor_perl/Net/Server/Fork.pm
Installing /tmp/pkg/perl-net-server/usr/share/perl5/vendor_perl/Net/Server/HTTP.pm
Installing /tmp/pkg/perl-net-server/usr/share/perl5/vendor_perl/Net/Server/Daemonize.pm
Installing /tmp/pkg/perl-net-server/usr/share/perl5/vendor_perl/Net/Server/PreFork.pm
Installing /tmp/pkg/perl-net-server/usr/share/perl5/vendor_perl/Net/Server/SIG.pm
Installing /tmp/pkg/perl-net-server/usr/share/perl5/vendor_perl/Net/Server/Single.pm
Installing /tmp/pkg/perl-net-server/usr/share/perl5/vendor_perl/Net/Server/PreForkSimple.pm
Installing /tmp/pkg/perl-net-server/usr/share/perl5/vendor_perl/Net/Server/Multiplex.pm
Installing /tmp/pkg/perl-net-server/usr/share/perl5/vendor_perl/Net/Server/Thread.pm
Installing /tmp/pkg/perl-net-server/usr/share/perl5/vendor_perl/Net/Server/Proto.pm
Installing /tmp/pkg/perl-net-server/usr/share/perl5/vendor_perl/Net/Server/PSGI.pm
Installing /tmp/pkg/perl-net-server/usr/share/perl5/vendor_perl/Net/Server/Log/Log/Log4perl.pm
Installing /tmp/pkg/perl-net-server/usr/share/perl5/vendor_perl/Net/Server/Log/Sys/Syslog.pm
Installing /tmp/pkg/perl-net-server/usr/share/perl5/vendor_perl/Net/Server/Proto/UNIX.pm
Installing /tmp/pkg/perl-net-server/usr/share/perl5/vendor_perl/Net/Server/Proto/SSL.pm
Installing /tmp/pkg/perl-net-server/usr/share/perl5/vendor_perl/Net/Server/Proto/UNIXDGRAM.pm
Installing /tmp/pkg/perl-net-server/usr/share/perl5/vendor_perl/Net/Server/Proto/UDP.pm
Installing /tmp/pkg/perl-net-server/usr/share/perl5/vendor_perl/Net/Server/Proto/TCP.pm
Installing /tmp/pkg/perl-net-server/usr/share/perl5/vendor_perl/Net/Server/Proto/SSLEAY.pm
Installing /tmp/pkg/perl-net-server/usr/share/man/man1/net-server.1
Installing /tmp/pkg/perl-net-server/usr/share/man/man3/Net::Server::Fork.3pm
Installing /tmp/pkg/perl-net-server/usr/share/man/man3/Net::Server::Proto::UDP.3pm
Installing /tmp/pkg/perl-net-server/usr/share/man/man3/Net::Server::Log::Sys::Syslog.3pm
Installing /tmp/pkg/perl-net-server/usr/share/man/man3/Net::Server::Proto.3pm
Installing /tmp/pkg/perl-net-server/usr/share/man/man3/Net::Server::Daemonize.3pm
Installing /tmp/pkg/perl-net-server/usr/share/man/man3/Net::Server::Proto::UNIX.3pm
Installing /tmp/pkg/perl-net-server/usr/share/man/man3/Net::Server.3pm
Installing /tmp/pkg/perl-net-server/usr/share/man/man3/Net::Server::Multiplex.3pm
Installing /tmp/pkg/perl-net-server/usr/share/man/man3/Net::Server::PreForkSimple.3pm
Installing /tmp/pkg/perl-net-server/usr/share/man/man3/Net::Server::INET.3pm
Installing /tmp/pkg/perl-net-server/usr/share/man/man3/Net::Server::Proto::SSL.3pm
Installing /tmp/pkg/perl-net-server/usr/share/man/man3/Net::Server::Log::Log::Log4perl.3pm
Installing /tmp/pkg/perl-net-server/usr/share/man/man3/Net::Server::PreFork.3pm
Installing /tmp/pkg/perl-net-server/usr/share/man/man3/Net::Server::Proto::UNIXDGRAM.3pm
Installing /tmp/pkg/perl-net-server/usr/share/man/man3/Net::Server::HTTP.3pm
Installing /tmp/pkg/perl-net-server/usr/share/man/man3/Net::Server::Thread.3pm
Installing /tmp/pkg/perl-net-server/usr/share/man/man3/Net::Server::Proto::TCP.3pm
Installing /tmp/pkg/perl-net-server/usr/share/man/man3/Net::Server::Single.3pm
Installing /tmp/pkg/perl-net-server/usr/share/man/man3/Net::Server::Proto::SSLEAY.3pm
Installing /tmp/pkg/perl-net-server/usr/share/man/man3/Net::Server::SIG.3pm
Installing /tmp/pkg/perl-net-server/usr/share/man/man3/Net::Server::PSGI.3pm
Installing /tmp/pkg/perl-net-server/usr/share/man/man3/Net::Server::MultiType.3pm
Installing /tmp/pkg/perl-net-server/usr/bin/net-server
>>> perl-net-server-doc*: Running split function doc...
'usr/share/man' -> '/tmp/pkg/perl-net-server-doc/usr/share/man'
>>> perl-net-server-doc*: Preparing subpackage perl-net-server-doc...
>>> perl-net-server-doc*: Running postcheck for perl-net-server-doc
>>> perl-net-server*: Running postcheck for perl-net-server
>>> perl-net-server*: Preparing package perl-net-server...
>>> perl-net-server-doc*: Tracing dependencies...
>>> perl-net-server-doc*: Package size: 77.9 KB
>>> perl-net-server-doc*: Compressing data...
>>> perl-net-server-doc*: Create checksum...
>>> perl-net-server-doc*: Create perl-net-server-doc-2.014-r2.apk
>>> perl-net-server*: Tracing dependencies...
	perl
>>> perl-net-server*: Package size: 343.2 KB
>>> perl-net-server*: Compressing data...
>>> perl-net-server*: Create checksum...
>>> perl-net-server*: Create perl-net-server-2.014-r2.apk
>>> perl-net-server: Updating the main/x86_64 repository index...
>>> perl-net-server: Signing the index...
>>> perl-net-server: Cleaning up srcdir
>>> perl-net-server: Cleaning up build chroot
>>> perl-net-server: Cleaning up pkgdir
