pigz: not found
>>> perl-params-classify: Building main/perl-params-classify 0.015-r10 (using abuild 3.14.1-r4) started Sun, 18 May 2025 07:02:20 +0000
>>> perl-params-classify: Validating /home/packager/aports/main/perl-params-classify/APKBUILD...
>>> perl-params-classify: Analyzing dependencies...
>>> perl-params-classify: Installing for build: build-base perl perl-dev perl-module-build
(1/9) Installing libbz2 (1.0.8-r6)
(2/9) Installing perl (5.40.2-r0)
(3/9) Installing perl-utils (5.40.2-r0)
(4/9) Installing perl-dev (5.40.2-r0)
(5/9) Installing perl-module-build (0.4234-r1)
(6/9) Installing .makedepends-perl-params-classify (20250518.070222)
(7/9) Installing perl-error (0.17029-r2)
(8/9) Installing perl-git (2.47.2-r0)
(9/9) Installing git-perl (2.47.2-r0)
Executing busybox-1.37.0-r12.trigger
OK: 306 MiB in 90 packages
>>> perl-params-classify: Cleaning up srcdir
>>> perl-params-classify: Cleaning up pkgdir
>>> perl-params-classify: Cleaning up tmpdir
>>> perl-params-classify: Fetching https://cpan.metacpan.org/authors/id/Z/ZE/ZEFRAM/Params-Classify-0.015.tar.gz
Connecting to cpan.metacpan.org (146.75.122.217:443)
saving to '/var/cache/distfiles/Params-Classify-0.015.tar.gz.part'
Params-Classify-0.01 100% |********************************| 22061  0:00:00 ETA
'/var/cache/distfiles/Params-Classify-0.015.tar.gz.part' saved
>>> perl-params-classify: Fetching https://cpan.metacpan.org/authors/id/Z/ZE/ZEFRAM/Params-Classify-0.015.tar.gz
>>> perl-params-classify: Checking sha512sums...
Params-Classify-0.015.tar.gz: OK
>>> perl-params-classify: Unpacking /var/cache/distfiles/Params-Classify-0.015.tar.gz...
Checking prerequisites...
  recommends:
    *  Devel::CallChecker is not installed

ERRORS/WARNINGS FOUND IN PREREQUISITES.  You may wish to install the versions
of the modules indicated above before proceeding with this installation

Run 'Build installdeps' to install missing prerequisites.

Created MYMETA.yml and MYMETA.json
Creating new 'Build' script for 'Params-Classify' version '0.015'
Building Params-Classify
gcc -I/usr/lib/perl5/core_perl/CORE '-DVERSION="0.015"' '-DXS_VERSION="0.015"' -fPIC -c -D_REENTRANT -D_GNU_SOURCE -D_GNU_SOURCE -fwrapv -fno-strict-aliasing -pipe -fstack-protector-strong -D_LARGEFILE_SOURCE '-D_FILE_OFFSET_BITS=64' -D_REENTRANT -D_GNU_SOURCE -D_GNU_SOURCE -fwrapv -fno-strict-aliasing -pipe -fstack-protector-strong -D_LARGEFILE_SOURCE '-D_FILE_OFFSET_BITS=64' -Os -fstack-clash-protection -Wformat '-Werror=format-security' -fno-plt -O2 -o lib/Params/Classify.o lib/Params/Classify.c
lib/Params/Classify.xs:10:9: warning: "PERL_VERSION_GE" redefined
   10 | #define PERL_VERSION_GE(r,v,s) \
      |         ^~~~~~~~~~~~~~~
In file included from /usr/lib/perl5/core_perl/CORE/perl.h:3329,
                 from lib/Params/Classify.xs:3:
/usr/lib/perl5/core_perl/CORE/handy.h:578:10: note: this is the location of the previous definition
  578 | # define PERL_VERSION_GE(j,n,p)  (! PERL_VERSION_LT(j,n,p))
      |          ^~~~~~~~~~~~~~~
ExtUtils::Mkbootstrap::Mkbootstrap('blib/arch/auto/Params/Classify/Classify.bs')
cc -shared -Os -fstack-clash-protection -Wformat '-Werror=format-security' -fno-plt -O2 -L/usr/local/lib -fstack-protector-strong -o blib/arch/auto/Params/Classify/Classify.so lib/Params/Classify.o
t/blessed.t ...... ok
t/blessed_pp.t ... ok
t/check.t ........ ok
t/check_pp.t ..... ok
t/classify.t ..... ok
t/classify_pp.t .. ok
t/error.t ........ ok
t/error_pp.t ..... ok
t/pod_cvg.t ...... skipped: Test::Pod::Coverage not available
t/pod_cvg_pp.t ... skipped: Test::Pod::Coverage not available
t/pod_syn.t ...... skipped: Test::Pod not available
t/ref.t .......... ok
t/ref_pp.t ....... ok
All tests successful.
Files=13, Tests=4746,  2 wallclock secs ( 0.31 usr  0.04 sys +  1.43 cusr  0.21 csys =  1.99 CPU)
Result: PASS
>>> perl-params-classify: Entering fakeroot...
Building Params-Classify
Files found in blib/arch: installing files in blib/lib into architecture dependent library tree
Installing /home/packager/aports/main/perl-params-classify/pkg/perl-params-classify/usr/lib/perl5/vendor_perl/auto/Params/Classify/Classify.so
Installing /home/packager/aports/main/perl-params-classify/pkg/perl-params-classify/usr/lib/perl5/vendor_perl/auto/Params/Classify/Classify.bs
Installing /home/packager/aports/main/perl-params-classify/pkg/perl-params-classify/usr/lib/perl5/vendor_perl/Params/Classify.pm
Installing /home/packager/aports/main/perl-params-classify/pkg/perl-params-classify/usr/share/man/man3/Params::Classify.3pm
>>> perl-params-classify-doc*: Running split function doc...
'usr/share/man' -> '/home/packager/aports/main/perl-params-classify/pkg/perl-params-classify-doc/usr/share/man'
>>> perl-params-classify-doc*: Preparing subpackage perl-params-classify-doc...
>>> perl-params-classify-doc*: Running postcheck for perl-params-classify-doc
>>> perl-params-classify*: Running postcheck for perl-params-classify
>>> perl-params-classify*: Preparing package perl-params-classify...
>>> perl-params-classify*: Stripping binaries
>>> perl-params-classify-doc*: Scanning shared objects
>>> perl-params-classify*: Scanning shared objects
>>> perl-params-classify-doc*: Tracing dependencies...
>>> perl-params-classify-doc*: Package size: 4.7 KB
>>> perl-params-classify-doc*: Compressing data...
>>> perl-params-classify-doc*: Create checksum...
pigz: not found
>>> perl-params-classify-doc*: Create perl-params-classify-doc-0.015-r10.apk
>>> perl-params-classify*: Tracing dependencies...
	perl
	so:libc.musl-x86_64.so.1
>>> perl-params-classify*: Package size: 37.1 KB
>>> perl-params-classify*: Compressing data...
>>> perl-params-classify*: Create checksum...
pigz: not found
>>> perl-params-classify*: Create perl-params-classify-0.015-r10.apk
>>> perl-params-classify: Build complete at Sun, 18 May 2025 07:02:28 +0000 elapsed time 0h 0m 8s
>>> perl-params-classify: Cleaning up srcdir
>>> perl-params-classify: Cleaning up pkgdir
>>> perl-params-classify: Uninstalling dependencies...
(1/9) Purging .makedepends-perl-params-classify (20250518.070222)
(2/9) Purging perl-dev (5.40.2-r0)
(3/9) Purging perl-utils (5.40.2-r0)
(4/9) Purging perl-module-build (0.4234-r1)
(5/9) Purging git-perl (2.47.2-r0)
(6/9) Purging perl-git (2.47.2-r0)
(7/9) Purging perl-error (0.17029-r2)
(8/9) Purging perl (5.40.2-r0)
(9/9) Purging libbz2 (1.0.8-r6)
Executing busybox-1.37.0-r12.trigger
OK: 260 MiB in 81 packages
>>> perl-params-classify: Updating the main/x86_64 repository index...
>>> perl-params-classify: Signing the index...
pigz: not found
