pigz: not found
>>> perl-file-sharedir-install: Building main/perl-file-sharedir-install 0.14-r2 (using abuild 3.14.1-r4) started Sun, 18 May 2025 07:51:16 +0000
>>> perl-file-sharedir-install: Validating /home/packager/aports/main/perl-file-sharedir-install/APKBUILD...
>>> perl-file-sharedir-install: Analyzing dependencies...
>>> perl-file-sharedir-install: Installing for build: build-base perl perl-dev
(1/8) Installing libbz2 (1.0.8-r6)
(2/8) Installing perl (5.40.2-r0)
(3/8) Installing perl-utils (5.40.2-r0)
(4/8) Installing perl-dev (5.40.2-r0)
(5/8) Installing .makedepends-perl-file-sharedir-install (20250518.075117)
(6/8) Installing perl-error (0.17029-r2)
(7/8) Installing perl-git (2.47.2-r0)
(8/8) Installing git-perl (2.47.2-r0)
Executing busybox-1.37.0-r12.trigger
OK: 307 MiB in 89 packages
>>> perl-file-sharedir-install: Cleaning up srcdir
>>> perl-file-sharedir-install: Cleaning up pkgdir
>>> perl-file-sharedir-install: Cleaning up tmpdir
>>> perl-file-sharedir-install: Fetching https://cpan.metacpan.org/authors/id/E/ET/ETHER/File-ShareDir-Install-0.14.tar.gz
Connecting to cpan.metacpan.org (146.75.122.217:443)
saving to '/var/cache/distfiles/File-ShareDir-Install-0.14.tar.gz.part'
File-ShareDir-Instal 100% |********************************| 31637  0:00:00 ETA
'/var/cache/distfiles/File-ShareDir-Install-0.14.tar.gz.part' saved
>>> perl-file-sharedir-install: Fetching https://cpan.metacpan.org/authors/id/E/ET/ETHER/File-ShareDir-Install-0.14.tar.gz
>>> perl-file-sharedir-install: Checking sha512sums...
File-ShareDir-Install-0.14.tar.gz: OK
>>> perl-file-sharedir-install: Unpacking /var/cache/distfiles/File-ShareDir-Install-0.14.tar.gz...
Checking if your kit is complete...
Looks good
Generating a Unix-style Makefile
Writing Makefile for File::ShareDir::Install
Writing MYMETA.yml and MYMETA.json
cp lib/File/ShareDir/Install.pm blib/lib/File/ShareDir/Install.pm
Manifying 1 pod document
PERL_DL_NONLAZY=1 "/usr/bin/perl" "-MExtUtils::Command::MM" "-MTest::Harness" "-e" "undef *Test::Harness::Switches; test_harness(0, 'blib/lib', 'blib/arch')" t/*.t
t/10_makefile.t ........ ok
t/11_dotfile.t ......... ok
t/12_delete.t .......... ok
# 
# Versions for all modules listed in MYMETA.json (including optional ones):
# 
# === Configure Requires ===
# 
#     Module              Want Have
#     ------------------- ---- ----
#     ExtUtils::MakeMaker  any 7.70
# 
# === Build Requires ===
# 
#     Module              Want Have
#     ------------------- ---- ----
#     ExtUtils::MakeMaker  any 7.70
# 
# === Test Requires ===
# 
#     Module              Want     Have
#     ------------------- ---- --------
#     ExtUtils::MakeMaker  any     7.70
#     File::Path           any     2.18
#     File::Spec           any     3.91
#     Test::More           any 1.302199
# 
# === Test Recommends ===
# 
#     Module         Want     Have
#     ---------- -------- --------
#     CPAN::Meta 2.120900 2.150010
# 
# === Runtime Requires ===
# 
#     Module     Want Have
#     ---------- ---- ----
#     Carp        any 1.54
#     Exporter    any 5.78
#     File::Spec  any 3.91
#     IO::Dir     any 1.55
#     strict      any 1.13
#     warnings    any 1.70
# 
# === Other Modules ===
# 
#     Module             Have
#     --------------- -------
#     Encode             3.21
#     File::Temp       0.2311
#     JSON::PP           4.16
#     Module::Runtime missing
#     Pod::Coverage   missing
#     Sub::Name       missing
#     YAML            missing
#     autodie            2.37
# 
t/00-report-prereqs.t .. ok
All tests successful.
Files=4, Tests=39,  2 wallclock secs ( 0.03 usr  0.01 sys +  2.13 cusr  0.31 csys =  2.48 CPU)
Result: PASS
>>> perl-file-sharedir-install: Entering fakeroot...
Manifying 1 pod document
Appending installation info to /home/packager/aports/main/perl-file-sharedir-install/pkg/perl-file-sharedir-install/usr/lib/perl5/core_perl/perllocal.pod
Installing /home/packager/aports/main/perl-file-sharedir-install/pkg/perl-file-sharedir-install/usr/share/perl5/vendor_perl/File/ShareDir/Install.pm
Installing /home/packager/aports/main/perl-file-sharedir-install/pkg/perl-file-sharedir-install/usr/share/man/man3/File::ShareDir::Install.3pm
>>> perl-file-sharedir-install-doc*: Running split function doc...
'usr/share/man' -> '/home/packager/aports/main/perl-file-sharedir-install/pkg/perl-file-sharedir-install-doc/usr/share/man'
>>> perl-file-sharedir-install-doc*: Preparing subpackage perl-file-sharedir-install-doc...
>>> perl-file-sharedir-install-doc*: Running postcheck for perl-file-sharedir-install-doc
>>> perl-file-sharedir-install*: Running postcheck for perl-file-sharedir-install
>>> perl-file-sharedir-install*: Preparing package perl-file-sharedir-install...
>>> perl-file-sharedir-install-doc*: Tracing dependencies...
>>> perl-file-sharedir-install-doc*: Package size: 2.9 KB
>>> perl-file-sharedir-install-doc*: Compressing data...
>>> perl-file-sharedir-install-doc*: Create checksum...
pigz: not found
>>> perl-file-sharedir-install-doc*: Create perl-file-sharedir-install-doc-0.14-r2.apk
>>> perl-file-sharedir-install*: Tracing dependencies...
	perl
>>> perl-file-sharedir-install*: Package size: 10.9 KB
>>> perl-file-sharedir-install*: Compressing data...
>>> perl-file-sharedir-install*: Create checksum...
pigz: not found
>>> perl-file-sharedir-install*: Create perl-file-sharedir-install-0.14-r2.apk
>>> perl-file-sharedir-install: Build complete at Sun, 18 May 2025 07:51:22 +0000 elapsed time 0h 0m 6s
>>> perl-file-sharedir-install: Cleaning up srcdir
>>> perl-file-sharedir-install: Cleaning up pkgdir
>>> perl-file-sharedir-install: Uninstalling dependencies...
(1/8) Purging .makedepends-perl-file-sharedir-install (20250518.075117)
(2/8) Purging perl-dev (5.40.2-r0)
(3/8) Purging perl-utils (5.40.2-r0)
(4/8) Purging git-perl (2.47.2-r0)
(5/8) Purging perl-git (2.47.2-r0)
(6/8) Purging perl-error (0.17029-r2)
(7/8) Purging perl (5.40.2-r0)
(8/8) Purging libbz2 (1.0.8-r6)
Executing busybox-1.37.0-r12.trigger
OK: 261 MiB in 81 packages
>>> perl-file-sharedir-install: Updating the main/x86_64 repository index...
>>> perl-file-sharedir-install: Signing the index...
pigz: not found
