pigz: not found
>>> perl-sub-uplevel: Building main/perl-sub-uplevel 0.2800-r6 (using abuild 3.14.1-r4) started Sun, 18 May 2025 07:09:15 +0000
>>> perl-sub-uplevel: Validating /home/packager/aports/main/perl-sub-uplevel/APKBUILD...
>>> perl-sub-uplevel: Analyzing dependencies...
>>> perl-sub-uplevel: Installing for build: build-base perl
(1/6) Installing libbz2 (1.0.8-r6)
(2/6) Installing perl (5.40.2-r0)
(3/6) Installing .makedepends-perl-sub-uplevel (20250518.070916)
(4/6) Installing perl-error (0.17029-r2)
(5/6) Installing perl-git (2.47.2-r0)
(6/6) Installing git-perl (2.47.2-r0)
Executing busybox-1.37.0-r12.trigger
OK: 297 MiB in 87 packages
>>> perl-sub-uplevel: Cleaning up srcdir
>>> perl-sub-uplevel: Cleaning up pkgdir
>>> perl-sub-uplevel: Cleaning up tmpdir
>>> perl-sub-uplevel: Fetching https://cpan.metacpan.org/authors/id/D/DA/DAGOLDEN/Sub-Uplevel-0.2800.tar.gz
Connecting to cpan.metacpan.org (146.75.122.217:443)
saving to '/var/cache/distfiles/Sub-Uplevel-0.2800.tar.gz.part'
Sub-Uplevel-0.2800.t 100% |********************************| 28361  0:00:00 ETA
'/var/cache/distfiles/Sub-Uplevel-0.2800.tar.gz.part' saved
>>> perl-sub-uplevel: Fetching https://cpan.metacpan.org/authors/id/D/DA/DAGOLDEN/Sub-Uplevel-0.2800.tar.gz
>>> perl-sub-uplevel: Checking sha512sums...
Sub-Uplevel-0.2800.tar.gz: OK
>>> perl-sub-uplevel: Unpacking /var/cache/distfiles/Sub-Uplevel-0.2800.tar.gz...
Checking if your kit is complete...
Looks good
Generating a Unix-style Makefile
Writing Makefile for Sub::Uplevel
Writing MYMETA.yml and MYMETA.json
cp lib/Sub/Uplevel.pm blib/lib/Sub/Uplevel.pm
Manifying 1 pod document
PERL_DL_NONLAZY=1 "/usr/bin/perl" "-MExtUtils::Command::MM" "-MTest::Harness" "-e" "undef *Test::Harness::Switches; test_harness(0, 'blib/lib', 'blib/arch')" t/*.t
# 
# Versions for all modules listed in MYMETA.json (including optional ones):
# 
# === Configure Requires ===
# 
#     Module              Want Have
#     ------------------- ---- ----
#     ExtUtils::MakeMaker 6.17 7.70
# 
# === Build Requires ===
# 
#     Module              Want Have
#     ------------------- ---- ----
#     ExtUtils::MakeMaker  any 7.70
# 
# === Test Requires ===
# 
#     Module              Want     Have
#     ------------------- ---- --------
#     Exporter             any     5.78
#     ExtUtils::MakeMaker  any     7.70
#     File::Spec           any     3.91
#     Test::More           any 1.302199
#     lib                  any     0.65
# 
# === Test Recommends ===
# 
#     Module         Want     Have
#     ---------- -------- --------
#     CPAN::Meta 2.120900 2.150010
# 
# === Runtime Requires ===
# 
#     Module   Want Have
#     -------- ---- ----
#     Carp      any 1.54
#     constant  any 1.33
#     strict    any 1.13
#     warnings  any 1.70
# 
t/00-report-prereqs.t ........ ok
t/01_die_check.t ............. ok
t/02_uplevel.t ............... ok
t/03_nested_uplevels.t ....... ok
t/04_honor_later_override.t .. ok
t/05_honor_prior_override.t .. ok
t/06_db_args.t ............... ok
t/07_uplevel_too_high.t ...... ok
t/08_exporter.t .............. ok
t/09_emptylist.t ............. ok
All tests successful.
Files=10, Tests=158,  1 wallclock secs ( 0.05 usr  0.01 sys +  0.77 cusr  0.12 csys =  0.95 CPU)
Result: PASS
>>> perl-sub-uplevel: Entering fakeroot...
Manifying 1 pod document
Installing /home/packager/aports/main/perl-sub-uplevel/pkg/perl-sub-uplevel/usr/share/perl5/vendor_perl/Sub/Uplevel.pm
Installing /home/packager/aports/main/perl-sub-uplevel/pkg/perl-sub-uplevel/usr/share/man/man3/Sub::Uplevel.3pm
>>> perl-sub-uplevel-doc*: Running split function doc...
'usr/share/man' -> '/home/packager/aports/main/perl-sub-uplevel/pkg/perl-sub-uplevel-doc/usr/share/man'
>>> perl-sub-uplevel-doc*: Preparing subpackage perl-sub-uplevel-doc...
>>> perl-sub-uplevel-doc*: Running postcheck for perl-sub-uplevel-doc
>>> perl-sub-uplevel*: Running postcheck for perl-sub-uplevel
>>> perl-sub-uplevel*: Preparing package perl-sub-uplevel...
>>> perl-sub-uplevel-doc*: Tracing dependencies...
>>> perl-sub-uplevel-doc*: Package size: 3.3 KB
>>> perl-sub-uplevel-doc*: Compressing data...
>>> perl-sub-uplevel-doc*: Create checksum...
pigz: not found
>>> perl-sub-uplevel-doc*: Create perl-sub-uplevel-doc-0.2800-r6.apk
>>> perl-sub-uplevel*: Tracing dependencies...
	perl
>>> perl-sub-uplevel*: Package size: 17.7 KB
>>> perl-sub-uplevel*: Compressing data...
>>> perl-sub-uplevel*: Create checksum...
pigz: not found
>>> perl-sub-uplevel*: Create perl-sub-uplevel-0.2800-r6.apk
>>> perl-sub-uplevel: Build complete at Sun, 18 May 2025 07:09:20 +0000 elapsed time 0h 0m 5s
>>> perl-sub-uplevel: Cleaning up srcdir
>>> perl-sub-uplevel: Cleaning up pkgdir
>>> perl-sub-uplevel: Uninstalling dependencies...
(1/6) Purging .makedepends-perl-sub-uplevel (20250518.070916)
(2/6) Purging git-perl (2.47.2-r0)
(3/6) Purging perl-git (2.47.2-r0)
(4/6) Purging perl-error (0.17029-r2)
(5/6) Purging perl (5.40.2-r0)
(6/6) Purging libbz2 (1.0.8-r6)
Executing busybox-1.37.0-r12.trigger
OK: 260 MiB in 81 packages
>>> perl-sub-uplevel: Updating the main/x86_64 repository index...
>>> perl-sub-uplevel: Signing the index...
pigz: not found
