>>> perl-html-formattext-withlinks-andtables: Validating /home/packager/oily-pine/main/perl-html-formattext-withlinks-andtables/APKBUILD...
>>> perl-html-formattext-withlinks-andtables: Cleaning up srcdir
>>> perl-html-formattext-withlinks-andtables: Cleaning up pkgdir
>>> perl-html-formattext-withlinks-andtables: Cleaning up tmpdir
>>> perl-html-formattext-withlinks-andtables: Fetching https://cpan.metacpan.org/authors/id/D/DA/DALEEVANS/HTML-FormatText-WithLinks-AndTables-0.07.tar.gz
  % Total    % Received % Xferd  Average Speed   Time    Time     Time  Current
                                 Dload  Upload   Total   Spent    Left  Speed
  0     0    0     0    0     0      0      0 --:--:-- --:--:-- --:--:--     0  0     0    0     0    0     0      0      0 --:--:-- --:--:-- --:--:--     0100 11934  100 11934    0     0  49636      0 --:--:-- --:--:-- --:--:-- 49518
>>> perl-html-formattext-withlinks-andtables: Fetching https://cpan.metacpan.org/authors/id/D/DA/DALEEVANS/HTML-FormatText-WithLinks-AndTables-0.07.tar.gz
>>> perl-html-formattext-withlinks-andtables: Checking sha512sums...
HTML-FormatText-WithLinks-AndTables-0.07.tar.gz: OK
>>> perl-html-formattext-withlinks-andtables: Preparing build chroot...
fetch http://dl-cdn.alpinelinux.org/alpine/edge/main/x86_64/APKINDEX.tar.gz
(1/88) Installing musl (1.2.5-r10)
(2/88) Installing libcrypto3 (3.5.0-r0)
(3/88) Installing ca-certificates-bundle (20241121-r2)
(4/88) Installing libssl3 (3.5.0-r0)
(5/88) Installing zlib (1.3.1-r2)
(6/88) Installing libapk2 (2.14.9-r2)
(7/88) Installing apk-tools (2.14.9-r2)
(8/88) Installing libcap2 (2.76-r0)
(9/88) Installing libcap-getcap (2.76-r0)
(10/88) Installing fakeroot (1.37.1.1-r0)
(11/88) Installing scanelf (1.3.8-r1)
(12/88) Installing musl-utils (1.2.5-r10)
(13/88) Installing libgcc (14.3.0-r1)
(14/88) Installing libstdc++ (14.3.0-r1)
(15/88) Installing lzip (1.25-r0)
(16/88) Installing openssl (3.5.0-r0)
(17/88) Installing patch (2.8-r0)
(18/88) Installing pkgconf (2.4.3-r0)
(19/88) Installing acl-libs (2.3.2-r1)
(20/88) Installing tar (1.35-r3)
(21/88) Installing busybox (1.37.0-r18)
Executing busybox-1.37.0-r18.post-install
(22/88) Installing ssl_client (1.37.0-r18)
(23/88) Installing busybox-binsh (1.37.0-r18)
(24/88) Installing abuild (3.15.0-r0)
Executing abuild-3.15.0-r0.pre-install
(25/88) Installing abuild-sudo (3.15.0-r0)
(26/88) Installing alpine-baselayout-data (3.7.0-r0)
(27/88) Installing alpine-baselayout (3.7.0-r0)
Executing alpine-baselayout-3.7.0-r0.pre-install
Executing alpine-baselayout-3.7.0-r0.post-install
(28/88) Installing bridge (1.5-r5)
(29/88) Installing ifupdown-ng (0.12.1-r7)
(30/88) Installing openrc-user (0.62.2-r2)
(31/88) Installing openrc (0.62.2-r2)
Executing openrc-0.62.2-r2.post-install
(32/88) Installing mdev-conf (4.8-r0)
(33/88) Installing busybox-mdev-openrc (1.37.0-r18)
(34/88) Installing alpine-conf (3.20.0-r0)
(35/88) Installing alpine-keys (2.5-r0)
(36/88) Installing alpine-release (3.22.0-r0)
(37/88) Installing busybox-openrc (1.37.0-r18)
(38/88) Installing busybox-suid (1.37.0-r18)
(39/88) Installing alpine-base (3.22.0-r0)
(40/88) Installing jansson (2.14.1-r0)
(41/88) Installing zstd-libs (1.5.7-r0)
(42/88) Installing binutils (2.44-r0)
(43/88) Installing libmagic (5.46-r2)
(44/88) Installing file (5.46-r2)
(45/88) Installing libgomp (14.3.0-r1)
(46/88) Installing libatomic (14.3.0-r1)
(47/88) Installing gmp (6.3.0-r3)
(48/88) Installing isl26 (0.26-r1)
(49/88) Installing mpfr4 (4.2.1_p1-r0)
(50/88) Installing mpc1 (1.3.1-r1)
(51/88) Installing gcc (14.3.0-r1)
(52/88) Installing libstdc++-dev (14.3.0-r1)
(53/88) Installing musl-dev (1.2.5-r10)
(54/88) Installing g++ (14.3.0-r1)
(55/88) Installing make (4.4.1-r3)
(56/88) Installing fortify-headers (1.1-r5)
(57/88) Installing build-base (0.5-r3)
(58/88) Installing brotli-libs (1.1.0-r2)
(59/88) Installing c-ares (1.34.5-r0)
(60/88) Installing libunistring (1.3-r0)
(61/88) Installing libidn2 (2.3.7-r0)
(62/88) Installing nghttp2-libs (1.65.0-r0)
(63/88) Installing libpsl (0.21.5-r3)
(64/88) Installing libcurl (8.14.0-r2)
(65/88) Installing libexpat (2.7.1-r0)
(66/88) Installing pcre2 (10.43-r1)
(67/88) Installing git (2.49.0-r0)
(68/88) Installing git-init-template (2.49.0-r0)
(69/88) Installing libbz2 (1.0.8-r6)
(70/88) Installing perl (5.40.2-r0)
(71/88) Installing perl-error (0.17030-r0)
(72/88) Installing perl-git (2.49.0-r0)
(73/88) Installing git-perl (2.49.0-r0)
(74/88) Installing perl-utils (5.40.2-r0)
(75/88) Installing perl-dev (5.40.2-r0)
(76/88) Installing perl-font-afm (1.20-r4)
(77/88) Installing perl-html-tagset (3.24-r0)
(78/88) Installing perl-clone (0.47-r0)
(79/88) Installing perl-http-date (6.06-r0)
(80/88) Installing perl-uri (5.28-r0)
(81/88) Installing perl-io-html (1.004-r1)
(82/88) Installing perl-encode-locale (1.05-r5)
(83/88) Installing perl-lwp-mediatypes (6.04-r3)
(84/88) Installing perl-http-message (7.00-r0)
(85/88) Installing perl-html-parser (3.83-r0)
(86/88) Installing perl-html-tree (5.07-r5)
(87/88) Installing perl-html-formatter (2.16-r3)
(88/88) Installing perl-html-formattext-withlinks (0.15-r5)
Executing busybox-1.37.0-r18.trigger
OK: 307 MiB in 88 packages
>>> perl-html-formattext-withlinks-andtables: Fetching https://cpan.metacpan.org/authors/id/D/DA/DALEEVANS/HTML-FormatText-WithLinks-AndTables-0.07.tar.gz
>>> perl-html-formattext-withlinks-andtables: Checking sha512sums...
HTML-FormatText-WithLinks-AndTables-0.07.tar.gz: OK
>>> perl-html-formattext-withlinks-andtables: Unpacking /var/cache/distfiles/HTML-FormatText-WithLinks-AndTables-0.07.tar.gz...
WARNING: Older versions of ExtUtils::MakeMaker may errantly install README.pod as part of this distribution. It is recommended to avoid using this path in CPAN modules.
Checking if your kit is complete...
Looks good
Generating a Unix-style Makefile
Writing Makefile for HTML::FormatText::WithLinks::AndTables
Writing MYMETA.yml and MYMETA.json
cp lib/HTML/FormatText/WithLinks/AndTables.pm blib/lib/HTML/FormatText/WithLinks/AndTables.pm
Manifying 1 pod document
PERL_DL_NONLAZY=1 "/usr/bin/perl" "-MExtUtils::Command::MM" "-MTest::Harness" "-e" "undef *Test::Harness::Switches; test_harness(0, 'blib/lib', 'blib/arch')" t/*.t
# Testing HTML::FormatText::WithLinks::AndTables 0.07, Perl 5.040002, /usr/bin/perl
t/00-load.t .............................. ok
t/author-critic.t ........................ skipped: these tests are for testing by the author
t/author-pod-coverage.t .................. skipped: these tests are for testing by the author
t/author-pod-syntax.t .................... skipped: these tests are for testing by the author
t/boilerplate.t .......................... ok
t/empty_row.t ............................ ok
t/empty_td.t ............................. ok
t/empty_td_warning.t ..................... ok
t/html-formattext-withlinks-andtables.t .. ok
t/pod.t .................................. skipped: Test::Pod 1.22 required for testing POD
t/preserve_options.t ..................... ok
t/table-header.t ......................... ok
All tests successful.

Test Summary Report
-------------------
t/boilerplate.t                        (Wstat: 0 Tests: 3 Failed: 0)
  TODO passed:   1-3
Files=12, Tests=10,  1 wallclock secs ( 0.02 usr  0.01 sys +  0.39 cusr  0.04 csys =  0.46 CPU)
Result: PASS
>>> perl-html-formattext-withlinks-andtables: Entering fakeroot...
Manifying 1 pod document
Appending installation info to /tmp/pkg/perl-html-formattext-withlinks-andtables/usr/lib/perl5/core_perl/perllocal.pod
Installing /tmp/pkg/perl-html-formattext-withlinks-andtables/usr/share/perl5/vendor_perl/HTML/FormatText/WithLinks/AndTables.pm
Installing /tmp/pkg/perl-html-formattext-withlinks-andtables/usr/share/man/man3/HTML::FormatText::WithLinks::AndTables.3pm
>>> perl-html-formattext-withlinks-andtables-doc*: Running split function doc...
'usr/share/man' -> '/tmp/pkg/perl-html-formattext-withlinks-andtables-doc/usr/share/man'
>>> perl-html-formattext-withlinks-andtables-doc*: Preparing subpackage perl-html-formattext-withlinks-andtables-doc...
>>> perl-html-formattext-withlinks-andtables-doc*: Running postcheck for perl-html-formattext-withlinks-andtables-doc
>>> perl-html-formattext-withlinks-andtables*: Running postcheck for perl-html-formattext-withlinks-andtables
>>> perl-html-formattext-withlinks-andtables*: Preparing package perl-html-formattext-withlinks-andtables...
>>> perl-html-formattext-withlinks-andtables-doc*: Tracing dependencies...
>>> perl-html-formattext-withlinks-andtables-doc*: Package size: 2.5 KB
>>> perl-html-formattext-withlinks-andtables-doc*: Compressing data...
>>> perl-html-formattext-withlinks-andtables-doc*: Create checksum...
>>> perl-html-formattext-withlinks-andtables-doc*: Create perl-html-formattext-withlinks-andtables-doc-0.07-r4.apk
>>> perl-html-formattext-withlinks-andtables*: Tracing dependencies...
	perl
	perl-html-formattext-withlinks
	perl-html-tree
	perl-html-formatter
>>> perl-html-formattext-withlinks-andtables*: Package size: 12.6 KB
>>> perl-html-formattext-withlinks-andtables*: Compressing data...
>>> perl-html-formattext-withlinks-andtables*: Create checksum...
>>> perl-html-formattext-withlinks-andtables*: Create perl-html-formattext-withlinks-andtables-0.07-r4.apk
>>> perl-html-formattext-withlinks-andtables: Updating the main/x86_64 repository index...
>>> perl-html-formattext-withlinks-andtables: Signing the index...
>>> perl-html-formattext-withlinks-andtables: Cleaning up srcdir
>>> perl-html-formattext-withlinks-andtables: Cleaning up build chroot
>>> perl-html-formattext-withlinks-andtables: Cleaning up pkgdir
