>>> librsync: Validating /home/packager/oily-pine/main/librsync/APKBUILD...
>>> librsync: Cleaning up srcdir
>>> librsync: Cleaning up pkgdir
>>> librsync: Cleaning up tmpdir
>>> librsync: Fetching librsync-2.3.4.tar.gz::https://github.com/librsync/librsync/archive/v2.3.4.tar.gz
  % Total    % Received % Xferd  Average Speed   Time    Time     Time  Current
                                 Dload  Upload   Total   Spent    Left  Speed
  0     0    0     0    0     0      0      0 --:--:-- --:--:-- --:--:--     0  0     0    0     0    0     0      0      0 --:--:-- --:--:-- --:--:--     0  0     0    0     0    0     0      0      0 --:--:-- --:--:-- --:--:--     0
100  196k    0  196k    0     0   242k      0 --:--:-- --:--:-- --:--:--  242k
>>> librsync: Fetching librsync-2.3.4.tar.gz::https://github.com/librsync/librsync/archive/v2.3.4.tar.gz
>>> librsync: Checking sha512sums...
librsync-2.3.4.tar.gz: OK
>>> librsync: Preparing build chroot...
fetch http://dl-cdn.alpinelinux.org/alpine/edge/main/x86_64/APKINDEX.tar.gz
(1/84) Installing musl (1.2.5-r10)
(2/84) Installing libcrypto3 (3.5.0-r0)
(3/84) Installing ca-certificates-bundle (20241121-r2)
(4/84) Installing libssl3 (3.5.0-r0)
(5/84) Installing zlib (1.3.1-r2)
(6/84) Installing libapk2 (2.14.9-r2)
(7/84) Installing apk-tools (2.14.9-r2)
(8/84) Installing libcap2 (2.76-r0)
(9/84) Installing libcap-getcap (2.76-r0)
(10/84) Installing fakeroot (1.37.1.1-r0)
(11/84) Installing scanelf (1.3.8-r1)
(12/84) Installing musl-utils (1.2.5-r10)
(13/84) Installing libgcc (14.3.0-r1)
(14/84) Installing libstdc++ (14.3.0-r1)
(15/84) Installing lzip (1.25-r0)
(16/84) Installing openssl (3.5.0-r0)
(17/84) Installing patch (2.8-r0)
(18/84) Installing pkgconf (2.4.3-r0)
(19/84) Installing acl-libs (2.3.2-r1)
(20/84) Installing tar (1.35-r3)
(21/84) Installing busybox (1.37.0-r18)
Executing busybox-1.37.0-r18.post-install
(22/84) Installing ssl_client (1.37.0-r18)
(23/84) Installing busybox-binsh (1.37.0-r18)
(24/84) Installing abuild (3.15.0-r0)
Executing abuild-3.15.0-r0.pre-install
(25/84) Installing abuild-sudo (3.15.0-r0)
(26/84) Installing alpine-baselayout-data (3.7.0-r0)
(27/84) Installing alpine-baselayout (3.7.0-r0)
Executing alpine-baselayout-3.7.0-r0.pre-install
Executing alpine-baselayout-3.7.0-r0.post-install
(28/84) Installing bridge (1.5-r5)
(29/84) Installing ifupdown-ng (0.12.1-r7)
(30/84) Installing openrc-user (0.62.2-r2)
(31/84) Installing openrc (0.62.2-r2)
Executing openrc-0.62.2-r2.post-install
(32/84) Installing mdev-conf (4.8-r0)
(33/84) Installing busybox-mdev-openrc (1.37.0-r18)
(34/84) Installing alpine-conf (3.20.0-r0)
(35/84) Installing alpine-keys (2.5-r0)
(36/84) Installing alpine-release (3.22.0-r0)
(37/84) Installing busybox-openrc (1.37.0-r18)
(38/84) Installing busybox-suid (1.37.0-r18)
(39/84) Installing alpine-base (3.22.0-r0)
(40/84) Installing jansson (2.14.1-r0)
(41/84) Installing zstd-libs (1.5.7-r0)
(42/84) Installing binutils (2.44-r0)
(43/84) Installing libmagic (5.46-r2)
(44/84) Installing file (5.46-r2)
(45/84) Installing libgomp (14.3.0-r1)
(46/84) Installing libatomic (14.3.0-r1)
(47/84) Installing gmp (6.3.0-r3)
(48/84) Installing isl26 (0.26-r1)
(49/84) Installing mpfr4 (4.2.1_p1-r0)
(50/84) Installing mpc1 (1.3.1-r1)
(51/84) Installing gcc (14.3.0-r1)
(52/84) Installing libstdc++-dev (14.3.0-r1)
(53/84) Installing musl-dev (1.2.5-r10)
(54/84) Installing g++ (14.3.0-r1)
(55/84) Installing make (4.4.1-r3)
(56/84) Installing fortify-headers (1.1-r5)
(57/84) Installing build-base (0.5-r3)
(58/84) Installing libbz2 (1.0.8-r6)
(59/84) Installing bzip2-dev (1.0.8-r6)
(60/84) Installing libexpat (2.7.1-r0)
(61/84) Installing lz4-libs (1.10.0-r0)
(62/84) Installing xz-libs (5.8.1-r0)
(63/84) Installing libarchive (3.8.0-r0)
(64/84) Installing rhash-libs (1.4.5-r0)
(65/84) Installing libuv (1.51.0-r0)
(66/84) Installing cmake (4.0.2-r0)
(67/84) Installing brotli-libs (1.1.0-r2)
(68/84) Installing c-ares (1.34.5-r0)
(69/84) Installing libunistring (1.3-r0)
(70/84) Installing libidn2 (2.3.7-r0)
(71/84) Installing nghttp2-libs (1.65.0-r0)
(72/84) Installing libpsl (0.21.5-r3)
(73/84) Installing libcurl (8.14.0-r2)
(74/84) Installing pcre2 (10.43-r1)
(75/84) Installing git (2.49.0-r0)
(76/84) Installing git-init-template (2.49.0-r0)
(77/84) Installing perl (5.40.2-r0)
(78/84) Installing perl-error (0.17030-r0)
(79/84) Installing perl-git (2.49.0-r0)
(80/84) Installing git-perl (2.49.0-r0)
(81/84) Installing popt (1.19-r4)
(82/84) Installing popt-dev (1.19-r4)
(83/84) Installing samurai (1.2-r7)
(84/84) Installing zlib-dev (1.3.1-r2)
Executing busybox-1.37.0-r18.trigger
OK: 350 MiB in 84 packages
>>> librsync: Fetching librsync-2.3.4.tar.gz::https://github.com/librsync/librsync/archive/v2.3.4.tar.gz
>>> librsync: Checking sha512sums...
librsync-2.3.4.tar.gz: OK
>>> librsync: Unpacking /var/cache/distfiles/librsync-2.3.4.tar.gz...
CMake Warning (dev) at CMakeLists.txt:19 (project):
  cmake_minimum_required() should be called prior to this top-level project()
  call.  Please see the cmake-commands(7) manual for usage documentation of
  both commands.
This warning is for project developers.  Use -Wno-dev to suppress it.

-- The C compiler identification is GNU 14.3.0
-- Detecting C compiler ABI info
-- Detecting C compiler ABI info - done
-- Check for working C compiler: /usr/bin/cc - skipped
-- Detecting C compile features
-- Detecting C compile features - done
CMake Deprecation Warning at CMakeLists.txt:20 (cmake_minimum_required):
  Compatibility with CMake < 3.10 will be removed from a future version of
  CMake.

  Update the VERSION argument <min> value.  Or, use the <min>...<max> syntax
  to tell CMake that the project requires at least <min> but has been updated
  to work with policies introduced by <max> or earlier.


-- CMAKE_BUILD_TYPE = None
-- DO_RS_TRACE=0
-- Looking for include file sys/file.h
-- Looking for include file sys/file.h - found
-- Looking for include file sys/stat.h
-- Looking for include file sys/stat.h - found
-- Looking for include file sys/types.h
-- Looking for include file sys/types.h - found
-- Looking for include file unistd.h
-- Looking for include file unistd.h - found
-- Looking for include file io.h
-- Looking for include file io.h - not found
-- Looking for include file fcntl.h
-- Looking for include file fcntl.h - found
-- Looking for include file mcheck.h
-- Looking for include file mcheck.h - not found
-- Looking for include file zlib.h
-- Looking for include file zlib.h - found
-- Looking for include file bzlib.h
-- Looking for include file bzlib.h - found
-- Looking for __func__
-- Looking for __func__ - found
-- Looking for __FUNCTION__
-- Looking for __FUNCTION__ - found
-- Looking for fseeko
-- Looking for fseeko - found
-- Looking for fseeko64
-- Looking for fseeko64 - not found
-- Looking for _fseeki64
-- Looking for _fseeki64 - not found
-- Looking for fstat64
-- Looking for fstat64 - not found
-- Looking for _fstati64
-- Looking for _fstati64 - not found
-- Looking for fileno
-- Looking for fileno - found
-- Looking for _fileno
-- Looking for _fileno - not found
-- Looking for stdint.h
-- Looking for stdint.h - found
-- Looking for stddef.h
-- Looking for stddef.h - found
-- Check size of long
-- Check size of long - done
-- Check size of long long
-- Check size of long long - done
-- Check size of off_t
-- Check size of off_t - done
-- Check size of off64_t
-- Check size of off64_t - failed
-- Check size of size_t
-- Check size of size_t - done
-- Check size of unsigned int
-- Check size of unsigned int - done
-- Check size of unsigned long
-- Check size of unsigned long - done
-- Check size of unsigned short
-- Check size of unsigned short - done
-- Performing Test HAVE_PRINTF_Z
-- Performing Test HAVE_PRINTF_Z - Success
-- System is little-endian.
-- PROJECT_NAME  = librsync
-- BUILD_HOSTNAME = build-edge-x86_64
-- CMAKE_SYSTEM = Linux-6.12.30-0-lts
-- Found PkgConfig: /usr/bin/pkg-config (found version "2.4.3")
-- Found POPT: PkgConfig::POPT (found version "1.19")
-- POPT_INCLUDE_DIRS  = 
-- POPT_LIBRARIES = PkgConfig::POPT
-- Found BZip2: /usr/lib/libbz2.so (found version "1.0.8")
-- Looking for BZ2_bzCompressInit
-- Looking for BZ2_bzCompressInit - found
-- BZIP2_INCLUDE_DIRS  = /usr/include
-- BZIP2_LIBRARIES = /usr/lib/libbz2.so
-- Found ZLIB: /usr/lib/libz.so (found version "1.3.1")
-- ZLIB_INCLUDE_DIRS  = /usr/include
-- ZLIB_LIBRARIES = /usr/lib/libz.so
-- Could NOT find LIBB2 (missing: LIBB2_LIBRARY_RELEASE LIBB2_INCLUDE_DIR) 
-- Using included blake2 implementation.
-- Could NOT find Doxygen (missing: DOXYGEN_EXECUTABLE) 
-- CMAKE_C_FLAGS  = -Os -fstack-clash-protection -Wformat -Werror=format-security -fno-plt -O2 -flto=auto -Wall -std=c99 -pedantic
-- Configuring done (1.6s)
-- Generating done (0.0s)
-- Build files have been written to: /tmp/src/librsync-2.3.4/build
[1/74] Building C object CMakeFiles/rdiff.dir/src/isprefix.c.o
[2/74] Building C object CMakeFiles/rdiff.dir/src/rdiff.c.o
[3/74] Building C object CMakeFiles/rsync.dir/src/blake2/blake2b-ref.c.o
[4/74] Building C object CMakeFiles/rsync.dir/src/whole.c.o
[5/74] Building C object CMakeFiles/rsync.dir/src/version.c.o
[6/74] Building C object CMakeFiles/rsync.dir/src/util.c.o
[7/74] Building C object CMakeFiles/rsync.dir/src/tube.c.o
[8/74] Building C object CMakeFiles/rsync.dir/src/trace.c.o
[9/74] Building C object CMakeFiles/rsync.dir/src/sumset.c.o
[10/74] Building C object CMakeFiles/rsync.dir/src/stats.c.o
[11/74] Building C object CMakeFiles/rsync.dir/src/scoop.c.o
[12/74] Building C object CMakeFiles/rsync.dir/src/rabinkarp.c.o
[13/74] Building C object CMakeFiles/rsync.dir/src/rollsum.c.o
[14/74] Building C object CMakeFiles/rsync.dir/src/readsums.c.o
[15/74] Building C object CMakeFiles/rsync.dir/src/patch.c.o
[16/74] Building C object CMakeFiles/rsync.dir/src/netint.c.o
[17/74] Building C object CMakeFiles/rsync.dir/src/msg.c.o
[18/74] Building C object CMakeFiles/rsync.dir/src/mksum.c.o
[19/74] Building C object CMakeFiles/rsync.dir/src/mdfour.c.o
[20/74] Building C object CMakeFiles/rsync.dir/src/job.c.o
[21/74] Building C object CMakeFiles/rsync.dir/src/hex.c.o
[22/74] Building C object CMakeFiles/rsync.dir/src/hashtable.c.o
[23/74] Building C object CMakeFiles/rsync.dir/src/fileutil.c.o
[24/74] Building C object CMakeFiles/rsync.dir/src/emit.c.o
[25/74] Building C object CMakeFiles/rsync.dir/src/delta.c.o
[26/74] Building C object CMakeFiles/rsync.dir/src/command.c.o
[27/74] Building C object CMakeFiles/rsync.dir/src/checksum.c.o
[28/74] Building C object CMakeFiles/rsync.dir/src/buf.c.o
[29/74] Building C object CMakeFiles/rsync.dir/src/base64.c.o
[30/74] Building C object CMakeFiles/rsync.dir/src/prototab.c.o
[31/74] Building C object CMakeFiles/sumset_test.dir/src/blake2/blake2b-ref.c.o
[32/74] Building C object CMakeFiles/sumset_test.dir/src/hashtable.c.o
[33/74] Building C object CMakeFiles/sumset_test.dir/src/mdfour.c.o
[34/74] Building C object CMakeFiles/sumset_test.dir/src/rabinkarp.c.o
[35/74] Building C object CMakeFiles/sumset_test.dir/src/rollsum.c.o
[36/74] Building C object CMakeFiles/sumset_test.dir/src/checksum.c.o
[37/74] Building C object CMakeFiles/sumset_test.dir/src/hex.c.o
[38/74] Building C object CMakeFiles/sumset_test.dir/src/trace.c.o
[39/74] Building C object CMakeFiles/sumset_test.dir/src/util.c.o
[40/74] Building C object CMakeFiles/sumset_test.dir/src/sumset.c.o
[41/74] Building C object CMakeFiles/sumset_test.dir/tests/sumset_test.c.o
[42/74] Building C object CMakeFiles/checksum_test.dir/src/blake2/blake2b-ref.c.o
[43/74] Building C object CMakeFiles/checksum_test.dir/src/mdfour.c.o
[44/74] Building C object CMakeFiles/checksum_test.dir/src/rabinkarp.c.o
[45/74] Building C object CMakeFiles/checksum_test.dir/src/rollsum.c.o
[46/74] Building C object CMakeFiles/checksum_test.dir/src/checksum.c.o
[47/74] Building C object CMakeFiles/checksum_test.dir/tests/checksum_test.c.o
[48/74] Building C object CMakeFiles/hashtable_test.dir/src/hashtable.c.o
[49/74] Building C object CMakeFiles/hashtable_test.dir/tests/hashtable_test.c.o
[50/74] Building C object CMakeFiles/rabinkarp_perf.dir/src/rabinkarp.c.o
[51/74] Building C object CMakeFiles/rabinkarp_perf.dir/tests/rabinkarp_perf.c.o
[52/74] Building C object CMakeFiles/rabinkarp_test.dir/src/rabinkarp.c.o
[53/74] Building C object CMakeFiles/rabinkarp_test.dir/tests/rabinkarp_test.c.o
[54/74] Building C object CMakeFiles/rollsum_test.dir/src/rollsum.c.o
[55/74] Building C object CMakeFiles/rollsum_test.dir/tests/rollsum_test.c.o
[56/74] Building C object CMakeFiles/netint_test.dir/src/scoop.c.o
[57/74] Building C object CMakeFiles/netint_test.dir/src/tube.c.o
[58/74] Building C object CMakeFiles/netint_test.dir/src/trace.c.o
[59/74] Linking C shared library librsync.so.2.3.4
[60/74] Building C object CMakeFiles/netint_test.dir/src/util.c.o
[61/74] Building C object CMakeFiles/netint_test.dir/src/netint.c.o
[62/74] Building C object CMakeFiles/netint_test.dir/tests/netint_test.c.o
[63/74] Building C object CMakeFiles/isprefix_test.dir/src/isprefix.c.o
[64/74] Linking C executable rabinkarp_perf
[65/74] Building C object CMakeFiles/isprefix_test.dir/tests/isprefix_test.c.o
[66/74] Linking C executable rollsum_test
[67/74] Linking C executable rabinkarp_test
[68/74] Linking C executable isprefix_test
[69/74] Linking C executable sumset_test
[70/74] Linking C executable hashtable_test
[71/74] Linking C executable netint_test
[72/74] Linking C executable checksum_test
[73/74] Creating library symlink librsync.so.2 librsync.so
[74/74] Linking C executable rdiff
Test project /tmp/src/librsync-2.3.4/build
      Start  1: isprefix_test
      Start  2: netint_test
      Start  3: rollsum_test
      Start  4: rabinkarp_test
      Start  5: hashtable_test
      Start  6: checksum_test
      Start  7: sumset_test
      Start  8: rdiff_bad_option
      Start  9: Help
      Start 10: Mutate
      Start 11: Signature
      Start 12: Sources
      Start 13: Triple
      Start 14: Delta
      Start 15: Changes
 1/15 Test  #1: isprefix_test ....................   Passed    0.01 sec
 2/15 Test  #2: netint_test ......................   Passed    0.01 sec
 3/15 Test  #3: rollsum_test .....................   Passed    0.01 sec
 4/15 Test  #4: rabinkarp_test ...................   Passed    0.01 sec
 5/15 Test  #5: hashtable_test ...................   Passed    0.00 sec
 6/15 Test  #6: checksum_test ....................   Passed    0.00 sec
 7/15 Test  #7: sumset_test ......................   Passed    0.00 sec
 8/15 Test  #8: rdiff_bad_option .................   Passed    0.00 sec
 9/15 Test  #9: Help .............................   Passed    0.00 sec
10/15 Test #14: Delta ............................   Passed    0.04 sec
11/15 Test #11: Signature ........................   Passed    0.20 sec
12/15 Test #10: Mutate ...........................   Passed    0.82 sec
13/15 Test #15: Changes ..........................   Passed    0.96 sec
14/15 Test #12: Sources ..........................   Passed    1.20 sec
15/15 Test #13: Triple ...........................   Passed    2.00 sec

100% tests passed, 0 tests failed out of 15

Total Test time (real) =   2.00 sec
>>> librsync: Entering fakeroot...
-- Install configuration: "None"
-- Installing: /tmp/pkg/librsync/usr/lib/librsync.so.2.3.4
-- Installing: /tmp/pkg/librsync/usr/lib/librsync.so.2
-- Installing: /tmp/pkg/librsync/usr/lib/librsync.so
-- Installing: /tmp/pkg/librsync/usr/bin/rdiff
-- Set non-toolchain portion of runtime path of "/tmp/pkg/librsync/usr/bin/rdiff" to ""
-- Installing: /tmp/pkg/librsync/usr/include/librsync.h
-- Installing: /tmp/pkg/librsync/usr/include/librsync_export.h
-- Installing: /tmp/pkg/librsync/usr/share/man/man3/librsync.3
-- Installing: /tmp/pkg/librsync/usr/share/man/man1/rdiff.1
>>> librsync-dev*: Running split function dev...
'usr/include' -> '/tmp/pkg/librsync-dev/usr/include'
'usr/lib/librsync.so' -> '/tmp/pkg/librsync-dev/usr/lib/librsync.so'
>>> librsync-dev*: Preparing subpackage librsync-dev...
>>> librsync-dev*: Stripping binaries
>>> librsync-dev*: Running postcheck for librsync-dev
>>> librsync-doc*: Running split function doc...
'usr/share/man' -> '/tmp/pkg/librsync-doc/usr/share/man'
>>> librsync-doc*: Preparing subpackage librsync-doc...
>>> librsync-doc*: Running postcheck for librsync-doc
>>> librsync*: Running postcheck for librsync
>>> librsync*: Preparing package librsync...
>>> librsync*: Stripping binaries
>>> librsync-dev*: Scanning shared objects
>>> librsync-doc*: Scanning shared objects
>>> librsync*: Scanning shared objects
>>> librsync-dev*: Tracing dependencies...
	librsync=2.3.4-r1
>>> librsync-dev*: Package size: 23.6 KB
>>> librsync-dev*: Compressing data...
>>> librsync-dev*: Create checksum...
>>> librsync-dev*: Create librsync-dev-2.3.4-r1.apk
>>> librsync-doc*: Tracing dependencies...
>>> librsync-doc*: Package size: 2.6 KB
>>> librsync-doc*: Compressing data...
>>> librsync-doc*: Create checksum...
>>> librsync-doc*: Create librsync-doc-2.3.4-r1.apk
>>> librsync*: Tracing dependencies...
	so:libc.musl-x86_64.so.1
	so:libpopt.so.0
>>> librsync*: Package size: 75.9 KB
>>> librsync*: Compressing data...
>>> librsync*: Create checksum...
>>> librsync*: Create librsync-2.3.4-r1.apk
>>> librsync: Updating the main/x86_64 repository index...
>>> librsync: Signing the index...
>>> librsync: Cleaning up srcdir
>>> librsync: Cleaning up build chroot
>>> librsync: Cleaning up pkgdir
