pigz: not found
>>> perl-class-method-modifiers: Building main/perl-class-method-modifiers 2.15-r1 (using abuild 3.14.1-r4) started Sun, 18 May 2025 07:35:15 +0000
>>> perl-class-method-modifiers: Validating /home/packager/aports/main/perl-class-method-modifiers/APKBUILD...
>>> perl-class-method-modifiers: Analyzing dependencies...
>>> perl-class-method-modifiers: Installing for build: build-base perl perl-dev perl-test-needs perl-test-fatal
(1/11) Installing libbz2 (1.0.8-r6)
(2/11) Installing perl (5.40.2-r0)
(3/11) Installing perl-utils (5.40.2-r0)
(4/11) Installing perl-dev (5.40.2-r0)
(5/11) Installing perl-test-needs (0.002010-r1)
(6/11) Installing perl-try-tiny (0.32-r0)
(7/11) Installing perl-test-fatal (0.017-r1)
(8/11) Installing .makedepends-perl-class-method-modifiers (20250518.073518)
(9/11) Installing perl-error (0.17029-r2)
(10/11) Installing perl-git (2.47.2-r0)
(11/11) Installing git-perl (2.47.2-r0)
Executing busybox-1.37.0-r12.trigger
OK: 306 MiB in 92 packages
>>> perl-class-method-modifiers: Cleaning up srcdir
>>> perl-class-method-modifiers: Cleaning up pkgdir
>>> perl-class-method-modifiers: Cleaning up tmpdir
>>> perl-class-method-modifiers: Fetching https://cpan.metacpan.org/authors/id/E/ET/ETHER/Class-Method-Modifiers-2.15.tar.gz
Connecting to cpan.metacpan.org (146.75.122.217:443)
saving to '/var/cache/distfiles/Class-Method-Modifiers-2.15.tar.gz.part'
Class-Method-Modifie 100% |********************************| 41167  0:00:00 ETA
'/var/cache/distfiles/Class-Method-Modifiers-2.15.tar.gz.part' saved
>>> perl-class-method-modifiers: Fetching https://cpan.metacpan.org/authors/id/E/ET/ETHER/Class-Method-Modifiers-2.15.tar.gz
>>> perl-class-method-modifiers: Checking sha512sums...
Class-Method-Modifiers-2.15.tar.gz: OK
>>> perl-class-method-modifiers: Unpacking /var/cache/distfiles/Class-Method-Modifiers-2.15.tar.gz...
Checking if your kit is complete...
Looks good
Generating a Unix-style Makefile
Writing Makefile for Class::Method::Modifiers
Writing MYMETA.yml and MYMETA.json
cp lib/Class/Method/Modifiers.pm blib/lib/Class/Method/Modifiers.pm
Manifying 1 pod document
PERL_DL_NONLAZY=1 "/usr/bin/perl" "-MExtUtils::Command::MM" "-MTest::Harness" "-e" "undef *Test::Harness::Switches; test_harness(0, 'blib/lib', 'blib/arch')" t/*.t
# 
# Versions for all modules listed in MYMETA.json (including optional ones):
# 
# === Configure Requires ===
# 
#     Module               Want     Have
#     ------------------- ----- --------
#     ExtUtils::MakeMaker   any     7.70
#     perl                5.006 5.040002
# 
# === Build Requires ===
# 
#     Module              Want Have
#     ------------------- ---- ----
#     ExtUtils::MakeMaker  any 7.70
# 
# === Test Requires ===
# 
#     Module               Want     Have
#     ------------------- ----- --------
#     ExtUtils::MakeMaker   any     7.70
#     File::Spec            any     3.91
#     Test::More           0.88 1.302199
#     if                    any   0.0610
#     perl                5.006 5.040002
# 
# === Test Recommends ===
# 
#     Module         Want     Have
#     ---------- -------- --------
#     CPAN::Meta 2.120900 2.150010
# 
# === Runtime Requires ===
# 
#     Module    Want     Have
#     -------- ----- --------
#     B          any     1.89
#     Carp       any     1.54
#     Exporter   any     5.78
#     base       any     2.27
#     perl     5.006 5.040002
#     strict     any     1.13
#     warnings   any     1.70
# 
# === Other Modules ===
# 
#     Module                  Have
#     -------------------- -------
#     Encode                  3.21
#     File::Temp            0.2311
#     JSON::PP                4.16
#     Module::Runtime      missing
#     Moo                  missing
#     Moose                missing
#     Pod::Coverage        missing
#     Role::Tiny           missing
#     Sub::Install         missing
#     Sub::Name            missing
#     YAML                 missing
#     autodie                 2.37
#     namespace::autoclean missing
#     namespace::clean     missing
# 
t/00-report-prereqs.t ............... ok
t/000-load.t ........................ ok
t/001-error.t ....................... ok
t/002-cache.t ....................... ok
t/003-basic.t ....................... ok
t/004-around.t ...................... ok
t/005-return.t ...................... ok
t/010-before-args.t ................. ok
t/011-after-args.t .................. ok
t/012-around-args.t ................. ok
t/020-multiple-inheritance.t ........ ok
t/030-multiple-before.t ............. ok
t/031-multiple-after.t .............. ok
t/032-multiple-around.t ............. ok
t/034-multiple-everything.t ......... ok
t/035-multiple-everything-twice.t ... ok
t/040-twice-orig.t .................. ok
t/041-modify-parent.t ............... ok
t/051-undef-list-ctxt.t ............. ok
t/060-caller.t ...................... ok
t/070-modify-multiple-at-once.t ..... ok
t/080-multiple-modifiers.t .......... ok
t/081-sub-and-modifier.t ............ ok
t/090-diamond.t ..................... ok
t/100-class-mop-method-modifiers.t .. ok
t/110-namespace-clean.t ............. ok
t/120-fresh.t ....................... ok
t/130-clean-underscore.t ............ ok
t/140-lvalue.t ...................... ok
All tests successful.
Files=29, Tests=131,  3 wallclock secs ( 0.08 usr  0.04 sys +  2.02 cusr  0.34 csys =  2.48 CPU)
Result: PASS
>>> perl-class-method-modifiers: Entering fakeroot...
Manifying 1 pod document
Appending installation info to /home/packager/aports/main/perl-class-method-modifiers/pkg/perl-class-method-modifiers/usr/lib/perl5/core_perl/perllocal.pod
Installing /home/packager/aports/main/perl-class-method-modifiers/pkg/perl-class-method-modifiers/usr/share/perl5/vendor_perl/Class/Method/Modifiers.pm
Installing /home/packager/aports/main/perl-class-method-modifiers/pkg/perl-class-method-modifiers/usr/share/man/man3/Class::Method::Modifiers.3pm
>>> perl-class-method-modifiers-doc*: Running split function doc...
'usr/share/man' -> '/home/packager/aports/main/perl-class-method-modifiers/pkg/perl-class-method-modifiers-doc/usr/share/man'
>>> perl-class-method-modifiers-doc*: Preparing subpackage perl-class-method-modifiers-doc...
>>> perl-class-method-modifiers-doc*: Running postcheck for perl-class-method-modifiers-doc
>>> perl-class-method-modifiers*: Running postcheck for perl-class-method-modifiers
>>> perl-class-method-modifiers*: Preparing package perl-class-method-modifiers...
>>> perl-class-method-modifiers-doc*: Tracing dependencies...
>>> perl-class-method-modifiers-doc*: Package size: 4.9 KB
>>> perl-class-method-modifiers-doc*: Compressing data...
>>> perl-class-method-modifiers-doc*: Create checksum...
pigz: not found
>>> perl-class-method-modifiers-doc*: Create perl-class-method-modifiers-doc-2.15-r1.apk
>>> perl-class-method-modifiers*: Tracing dependencies...
	perl
>>> perl-class-method-modifiers*: Package size: 16.6 KB
>>> perl-class-method-modifiers*: Compressing data...
>>> perl-class-method-modifiers*: Create checksum...
pigz: not found
>>> perl-class-method-modifiers*: Create perl-class-method-modifiers-2.15-r1.apk
>>> perl-class-method-modifiers: Build complete at Sun, 18 May 2025 07:35:23 +0000 elapsed time 0h 0m 8s
>>> perl-class-method-modifiers: Cleaning up srcdir
>>> perl-class-method-modifiers: Cleaning up pkgdir
>>> perl-class-method-modifiers: Uninstalling dependencies...
(1/11) Purging .makedepends-perl-class-method-modifiers (20250518.073518)
(2/11) Purging perl-dev (5.40.2-r0)
(3/11) Purging perl-utils (5.40.2-r0)
(4/11) Purging perl-test-needs (0.002010-r1)
(5/11) Purging perl-test-fatal (0.017-r1)
(6/11) Purging perl-try-tiny (0.32-r0)
(7/11) Purging git-perl (2.47.2-r0)
(8/11) Purging perl-git (2.47.2-r0)
(9/11) Purging perl-error (0.17029-r2)
(10/11) Purging perl (5.40.2-r0)
(11/11) Purging libbz2 (1.0.8-r6)
Executing busybox-1.37.0-r12.trigger
OK: 260 MiB in 81 packages
>>> perl-class-method-modifiers: Updating the main/x86_64 repository index...
>>> perl-class-method-modifiers: Signing the index...
pigz: not found
