pigz: not found
>>> perl-namespace-clean: Building main/perl-namespace-clean 0.27-r4 (using abuild 3.14.1-r4) started Sun, 18 May 2025 07:52:04 +0000
>>> perl-namespace-clean: Validating /home/packager/aports/main/perl-namespace-clean/APKBUILD...
>>> perl-namespace-clean: Analyzing dependencies...
>>> perl-namespace-clean: Installing for build: build-base perl perl-package-stash perl-b-hooks-endofscope perl-dev
(1/15) Installing libbz2 (1.0.8-r6)
(2/15) Installing perl (5.40.2-r0)
(3/15) Installing perl-module-runtime (0.016-r6)
(4/15) Installing perl-dist-checkconflicts (0.11-r4)
(5/15) Installing perl-try-tiny (0.32-r0)
(6/15) Installing perl-module-implementation (0.09-r5)
(7/15) Installing perl-package-stash (0.40-r1)
(8/15) Installing perl-sub-exporter-progressive (0.001013-r4)
(9/15) Installing perl-b-hooks-endofscope (0.28-r0)
(10/15) Installing perl-utils (5.40.2-r0)
(11/15) Installing perl-dev (5.40.2-r0)
(12/15) Installing .makedepends-perl-namespace-clean (20250518.075207)
(13/15) Installing perl-error (0.17029-r2)
(14/15) Installing perl-git (2.47.2-r0)
(15/15) Installing git-perl (2.47.2-r0)
Executing busybox-1.37.0-r12.trigger
OK: 307 MiB in 96 packages
>>> perl-namespace-clean: Cleaning up srcdir
>>> perl-namespace-clean: Cleaning up pkgdir
>>> perl-namespace-clean: Cleaning up tmpdir
>>> perl-namespace-clean: Fetching https://cpan.metacpan.org/authors/id/R/RI/RIBASUSHI/namespace-clean-0.27.tar.gz
Connecting to cpan.metacpan.org (146.75.122.217:443)
saving to '/var/cache/distfiles/namespace-clean-0.27.tar.gz.part'
namespace-clean-0.27 100% |********************************| 17801  0:00:00 ETA
'/var/cache/distfiles/namespace-clean-0.27.tar.gz.part' saved
>>> perl-namespace-clean: Fetching https://cpan.metacpan.org/authors/id/R/RI/RIBASUSHI/namespace-clean-0.27.tar.gz
>>> perl-namespace-clean: Checking sha512sums...
namespace-clean-0.27.tar.gz: OK
>>> perl-namespace-clean: Unpacking /var/cache/distfiles/namespace-clean-0.27.tar.gz...
Checking if your kit is complete...
Looks good
Generating a Unix-style Makefile
Writing Makefile for namespace::clean
Writing MYMETA.yml and MYMETA.json
cp lib/namespace/clean/_Util.pm blib/lib/namespace/clean/_Util.pm
cp lib/namespace/clean.pm blib/lib/namespace/clean.pm
Manifying 1 pod document
PERL_DL_NONLAZY=1 "/usr/bin/perl" "-MExtUtils::Command::MM" "-MTest::Harness" "-e" "undef *Test::Harness::Switches; test_harness(0, 'blib/lib', 'blib/arch')" t/*.t
t/00-basic.t ................ ok
t/01-function-wipeout.t ..... ok
t/02-inheritance.t .......... ok
t/03-unimport.t ............. ok
t/04-except.t ............... ok
t/05-explicit-cleanee.t ..... ok
t/05-syntax-error.t ......... ok
t/06-other-types.t .......... ok
t/07-debugger.t ............. ok
t/07-pseudo-debugger.t ...... ok
t/08-const-sub.t ............ ok
t/09-fiddle-hinthash.t ...... ok
t/10-pure-perl.t ............ skipped: PP tests already executed
t/11-multiclean-in-scope.t .. ok
All tests successful.
Files=14, Tests=2099,  2 wallclock secs ( 0.17 usr  0.03 sys +  1.32 cusr  0.23 csys =  1.75 CPU)
Result: PASS
>>> perl-namespace-clean: Entering fakeroot...
Manifying 1 pod document
Appending installation info to /home/packager/aports/main/perl-namespace-clean/pkg/perl-namespace-clean/usr/lib/perl5/core_perl/perllocal.pod
Installing /home/packager/aports/main/perl-namespace-clean/pkg/perl-namespace-clean/usr/share/perl5/vendor_perl/namespace/clean.pm
Installing /home/packager/aports/main/perl-namespace-clean/pkg/perl-namespace-clean/usr/share/perl5/vendor_perl/namespace/clean/_Util.pm
Installing /home/packager/aports/main/perl-namespace-clean/pkg/perl-namespace-clean/usr/share/man/man3/namespace::clean.3pm
>>> perl-namespace-clean-doc*: Running split function doc...
'usr/share/man' -> '/home/packager/aports/main/perl-namespace-clean/pkg/perl-namespace-clean-doc/usr/share/man'
>>> perl-namespace-clean-doc*: Preparing subpackage perl-namespace-clean-doc...
>>> perl-namespace-clean-doc*: Running postcheck for perl-namespace-clean-doc
>>> perl-namespace-clean*: Running postcheck for perl-namespace-clean
>>> perl-namespace-clean*: Preparing package perl-namespace-clean...
>>> perl-namespace-clean-doc*: Tracing dependencies...
>>> perl-namespace-clean-doc*: Package size: 3.6 KB
>>> perl-namespace-clean-doc*: Compressing data...
>>> perl-namespace-clean-doc*: Create checksum...
pigz: not found
>>> perl-namespace-clean-doc*: Create perl-namespace-clean-doc-0.27-r4.apk
>>> perl-namespace-clean*: Tracing dependencies...
	perl
	perl-package-stash
	perl-b-hooks-endofscope
>>> perl-namespace-clean*: Package size: 15.7 KB
>>> perl-namespace-clean*: Compressing data...
>>> perl-namespace-clean*: Create checksum...
pigz: not found
>>> perl-namespace-clean*: Create perl-namespace-clean-0.27-r4.apk
>>> perl-namespace-clean: Build complete at Sun, 18 May 2025 07:52:11 +0000 elapsed time 0h 0m 7s
>>> perl-namespace-clean: Cleaning up srcdir
>>> perl-namespace-clean: Cleaning up pkgdir
>>> perl-namespace-clean: Uninstalling dependencies...
(1/15) Purging .makedepends-perl-namespace-clean (20250518.075207)
(2/15) Purging perl-package-stash (0.40-r1)
(3/15) Purging perl-dist-checkconflicts (0.11-r4)
(4/15) Purging perl-b-hooks-endofscope (0.28-r0)
(5/15) Purging perl-sub-exporter-progressive (0.001013-r4)
(6/15) Purging perl-module-implementation (0.09-r5)
(7/15) Purging perl-module-runtime (0.016-r6)
(8/15) Purging perl-try-tiny (0.32-r0)
(9/15) Purging perl-dev (5.40.2-r0)
(10/15) Purging perl-utils (5.40.2-r0)
(11/15) Purging git-perl (2.47.2-r0)
(12/15) Purging perl-git (2.47.2-r0)
(13/15) Purging perl-error (0.17029-r2)
(14/15) Purging perl (5.40.2-r0)
(15/15) Purging libbz2 (1.0.8-r6)
Executing busybox-1.37.0-r12.trigger
OK: 261 MiB in 81 packages
>>> perl-namespace-clean: Updating the main/x86_64 repository index...
>>> perl-namespace-clean: Signing the index...
pigz: not found
