pigz: not found
>>> perl-data-optlist: Building main/perl-data-optlist 0.114-r1 (using abuild 3.14.1-r4) started Sun, 18 May 2025 09:21:53 +0000
>>> perl-data-optlist: Validating /home/packager/aports/main/perl-data-optlist/APKBUILD...
>>> perl-data-optlist: Analyzing dependencies...
>>> perl-data-optlist: Installing for build: build-base perl perl-params-util perl-sub-install
(1/8) Installing libbz2 (1.0.8-r6)
(2/8) Installing perl (5.40.2-r0)
(3/8) Installing perl-params-util (1.102-r5)
(4/8) Installing perl-sub-install (0.929-r2)
(5/8) Installing .makedepends-perl-data-optlist (20250518.092154)
(6/8) Installing perl-error (0.17030-r0)
(7/8) Installing perl-git (2.47.2-r0)
(8/8) Installing git-perl (2.47.2-r0)
Executing busybox-1.37.0-r12.trigger
OK: 297 MiB in 89 packages
>>> perl-data-optlist: Cleaning up srcdir
>>> perl-data-optlist: Cleaning up pkgdir
>>> perl-data-optlist: Cleaning up tmpdir
>>> perl-data-optlist: Fetching https://cpan.metacpan.org/authors/id/R/RJ/RJBS/Data-OptList-0.114.tar.gz
Connecting to cpan.metacpan.org (146.75.122.217:443)
saving to '/var/cache/distfiles/Data-OptList-0.114.tar.gz.part'
Data-OptList-0.114.t 100% |********************************| 19891  0:00:00 ETA
'/var/cache/distfiles/Data-OptList-0.114.tar.gz.part' saved
>>> perl-data-optlist: Fetching https://cpan.metacpan.org/authors/id/R/RJ/RJBS/Data-OptList-0.114.tar.gz
>>> perl-data-optlist: Checking sha512sums...
Data-OptList-0.114.tar.gz: OK
>>> perl-data-optlist: Unpacking /var/cache/distfiles/Data-OptList-0.114.tar.gz...
Checking if your kit is complete...
Looks good
Generating a Unix-style Makefile
Writing Makefile for Data::OptList
Writing MYMETA.yml and MYMETA.json
cp lib/Data/OptList.pm blib/lib/Data/OptList.pm
Manifying 1 pod document
PERL_DL_NONLAZY=1 "/usr/bin/perl" "-MExtUtils::Command::MM" "-MTest::Harness" "-e" "undef *Test::Harness::Switches; test_harness(0, 'blib/lib', 'blib/arch')" t/*.t
# 
# Versions for all modules listed in MYMETA.json (including optional ones):
# 
# === Configure Requires ===
# 
#     Module              Want Have
#     ------------------- ---- ----
#     ExtUtils::MakeMaker 6.78 7.70
# 
# === Build Requires ===
# 
#     Module              Want Have
#     ------------------- ---- ----
#     ExtUtils::MakeMaker  any 7.70
# 
# === Test Requires ===
# 
#     Module              Want     Have
#     ------------------- ---- --------
#     ExtUtils::MakeMaker  any     7.70
#     File::Spec           any     3.91
#     Test::More          0.96 1.302199
# 
# === Test Recommends ===
# 
#     Module         Want     Have
#     ---------- -------- --------
#     CPAN::Meta 2.120900 2.150010
# 
# === Runtime Requires ===
# 
#     Module        Want     Have
#     ------------ ----- --------
#     List::Util     any     1.63
#     Params::Util   any    1.102
#     Sub::Install 0.921    0.929
#     perl         5.012 5.040002
#     strict         any     1.13
#     warnings       any     1.70
# 
t/00-report-prereqs.t .. ok
t/hash.t ............... ok
t/mkopt.t .............. ok
All tests successful.
Files=3, Tests=41,  1 wallclock secs ( 0.02 usr  0.01 sys +  0.34 cusr  0.04 csys =  0.41 CPU)
Result: PASS
>>> perl-data-optlist: Entering fakeroot...
Manifying 1 pod document
Appending installation info to /home/packager/aports/main/perl-data-optlist/pkg/perl-data-optlist/usr/lib/perl5/core_perl/perllocal.pod
Installing /home/packager/aports/main/perl-data-optlist/pkg/perl-data-optlist/usr/share/perl5/vendor_perl/Data/OptList.pm
Installing /home/packager/aports/main/perl-data-optlist/pkg/perl-data-optlist/usr/share/man/man3/Data::OptList.3pm
>>> perl-data-optlist-doc*: Running split function doc...
'usr/share/man' -> '/home/packager/aports/main/perl-data-optlist/pkg/perl-data-optlist-doc/usr/share/man'
>>> perl-data-optlist-doc*: Preparing subpackage perl-data-optlist-doc...
>>> perl-data-optlist-doc*: Running postcheck for perl-data-optlist-doc
>>> perl-data-optlist*: Running postcheck for perl-data-optlist
>>> perl-data-optlist*: Preparing package perl-data-optlist...
>>> perl-data-optlist-doc*: Tracing dependencies...
>>> perl-data-optlist-doc*: Package size: 2.9 KB
>>> perl-data-optlist-doc*: Compressing data...
>>> perl-data-optlist-doc*: Create checksum...
pigz: not found
>>> perl-data-optlist-doc*: Create perl-data-optlist-doc-0.114-r1.apk
>>> perl-data-optlist*: Tracing dependencies...
	perl
	perl-params-util
	perl-sub-install
>>> perl-data-optlist*: Package size: 11.8 KB
>>> perl-data-optlist*: Compressing data...
>>> perl-data-optlist*: Create checksum...
pigz: not found
>>> perl-data-optlist*: Create perl-data-optlist-0.114-r1.apk
>>> perl-data-optlist: Build complete at Sun, 18 May 2025 09:21:57 +0000 elapsed time 0h 0m 4s
>>> perl-data-optlist: Cleaning up srcdir
>>> perl-data-optlist: Cleaning up pkgdir
>>> perl-data-optlist: Uninstalling dependencies...
(1/8) Purging .makedepends-perl-data-optlist (20250518.092154)
(2/8) Purging perl-params-util (1.102-r5)
(3/8) Purging perl-sub-install (0.929-r2)
(4/8) Purging git-perl (2.47.2-r0)
(5/8) Purging perl-git (2.47.2-r0)
(6/8) Purging perl-error (0.17030-r0)
(7/8) Purging perl (5.40.2-r0)
(8/8) Purging libbz2 (1.0.8-r6)
Executing busybox-1.37.0-r12.trigger
OK: 261 MiB in 81 packages
>>> perl-data-optlist: Updating the main/x86_64 repository index...
>>> perl-data-optlist: Signing the index...
pigz: not found
