>>> perl-xs-parse-keyword: Validating /home/packager/oily-pine/main/perl-xs-parse-keyword/APKBUILD...
>>> perl-xs-parse-keyword: Cleaning up srcdir
>>> perl-xs-parse-keyword: Cleaning up pkgdir
>>> perl-xs-parse-keyword: Cleaning up tmpdir
>>> perl-xs-parse-keyword: Fetching https://cpan.metacpan.org/authors/id/P/PE/PEVANS/XS-Parse-Keyword-0.48.tar.gz
  % Total    % Received % Xferd  Average Speed   Time    Time     Time  Current
                                 Dload  Upload   Total   Spent    Left  Speed
  0     0    0     0    0     0      0      0 --:--:-- --:--:-- --:--:--     0100 94858  100 94858    0     0   507k      0 --:--:-- --:--:-- --:--:--  508k
>>> perl-xs-parse-keyword: Fetching https://cpan.metacpan.org/authors/id/P/PE/PEVANS/XS-Parse-Keyword-0.48.tar.gz
>>> perl-xs-parse-keyword: Checking sha512sums...
XS-Parse-Keyword-0.48.tar.gz: OK
>>> perl-xs-parse-keyword: Preparing build chroot...
fetch http://dl-cdn.alpinelinux.org/alpine/edge/main/x86_64/APKINDEX.tar.gz
(1/79) Installing musl (1.2.5-r10)
(2/79) Installing libcrypto3 (3.5.0-r0)
(3/79) Installing ca-certificates-bundle (20241121-r2)
(4/79) Installing libssl3 (3.5.0-r0)
(5/79) Installing zlib (1.3.1-r2)
(6/79) Installing libapk2 (2.14.9-r2)
(7/79) Installing apk-tools (2.14.9-r2)
(8/79) Installing libcap2 (2.76-r0)
(9/79) Installing libcap-getcap (2.76-r0)
(10/79) Installing fakeroot (1.37.1.1-r0)
(11/79) Installing scanelf (1.3.8-r1)
(12/79) Installing musl-utils (1.2.5-r10)
(13/79) Installing libgcc (14.3.0-r0)
(14/79) Installing libstdc++ (14.3.0-r0)
(15/79) Installing lzip (1.25-r0)
(16/79) Installing openssl (3.5.0-r0)
(17/79) Installing patch (2.8-r0)
(18/79) Installing pkgconf (2.4.3-r0)
(19/79) Installing acl-libs (2.3.2-r1)
(20/79) Installing tar (1.35-r3)
(21/79) Installing busybox (1.37.0-r18)
Executing busybox-1.37.0-r18.post-install
(22/79) Installing ssl_client (1.37.0-r18)
(23/79) Installing busybox-binsh (1.37.0-r18)
(24/79) Installing abuild (3.15.0-r0)
Executing abuild-3.15.0-r0.pre-install
(25/79) Installing abuild-sudo (3.15.0-r0)
(26/79) Installing alpine-baselayout-data (3.7.0-r0)
(27/79) Installing alpine-baselayout (3.7.0-r0)
Executing alpine-baselayout-3.7.0-r0.pre-install
Executing alpine-baselayout-3.7.0-r0.post-install
(28/79) Installing bridge (1.5-r5)
(29/79) Installing ifupdown-ng (0.12.1-r7)
(30/79) Installing openrc-user (0.62.2-r2)
(31/79) Installing openrc (0.62.2-r2)
Executing openrc-0.62.2-r2.post-install
(32/79) Installing mdev-conf (4.8-r0)
(33/79) Installing busybox-mdev-openrc (1.37.0-r18)
(34/79) Installing alpine-conf (3.20.0-r0)
(35/79) Installing alpine-keys (2.5-r0)
(36/79) Installing alpine-release (3.22.0-r0)
(37/79) Installing busybox-openrc (1.37.0-r18)
(38/79) Installing busybox-suid (1.37.0-r18)
(39/79) Installing alpine-base (3.22.0-r0)
(40/79) Installing jansson (2.14.1-r0)
(41/79) Installing zstd-libs (1.5.7-r0)
(42/79) Installing binutils (2.44-r0)
(43/79) Installing libmagic (5.46-r2)
(44/79) Installing file (5.46-r2)
(45/79) Installing libgomp (14.3.0-r0)
(46/79) Installing libatomic (14.3.0-r0)
(47/79) Installing gmp (6.3.0-r3)
(48/79) Installing isl26 (0.26-r1)
(49/79) Installing mpfr4 (4.2.1_p1-r0)
(50/79) Installing mpc1 (1.3.1-r1)
(51/79) Installing gcc (14.3.0-r0)
(52/79) Installing libstdc++-dev (14.3.0-r0)
(53/79) Installing musl-dev (1.2.5-r10)
(54/79) Installing g++ (14.3.0-r0)
(55/79) Installing make (4.4.1-r3)
(56/79) Installing fortify-headers (1.1-r5)
(57/79) Installing build-base (0.5-r3)
(58/79) Installing brotli-libs (1.1.0-r2)
(59/79) Installing c-ares (1.34.5-r0)
(60/79) Installing libunistring (1.3-r0)
(61/79) Installing libidn2 (2.3.7-r0)
(62/79) Installing nghttp2-libs (1.65.0-r0)
(63/79) Installing libpsl (0.21.5-r3)
(64/79) Installing libcurl (8.14.0-r2)
(65/79) Installing libexpat (2.7.1-r0)
(66/79) Installing pcre2 (10.43-r1)
(67/79) Installing git (2.49.0-r0)
(68/79) Installing git-init-template (2.49.0-r0)
(69/79) Installing libbz2 (1.0.8-r6)
(70/79) Installing perl (5.40.2-r0)
(71/79) Installing perl-error (0.17030-r0)
(72/79) Installing perl-git (2.49.0-r0)
(73/79) Installing git-perl (2.49.0-r0)
(74/79) Installing perl-utils (5.40.2-r0)
(75/79) Installing perl-dev (5.40.2-r0)
(76/79) Installing perl-extutils-cchecker (0.12-r1)
(77/79) Installing perl-class-inspector (1.36-r3)
(78/79) Installing perl-file-sharedir (1.118-r1)
(79/79) Installing perl-module-build (0.4234-r1)
Executing busybox-1.37.0-r18.trigger
OK: 306 MiB in 79 packages
>>> perl-xs-parse-keyword: Fetching https://cpan.metacpan.org/authors/id/P/PE/PEVANS/XS-Parse-Keyword-0.48.tar.gz
>>> perl-xs-parse-keyword: Checking sha512sums...
XS-Parse-Keyword-0.48.tar.gz: OK
>>> perl-xs-parse-keyword: Unpacking /var/cache/distfiles/XS-Parse-Keyword-0.48.tar.gz...
Created MYMETA.yml and MYMETA.json
Creating new 'Build' script for 'XS-Parse-Keyword' version '0.48'
Building XS-Parse-Keyword
cc -Isrc/ -I/usr/lib/perl5/core_perl/CORE -fPIC -Ishare-keyword/include -Ishare-infix/include -Ihax -c -D_REENTRANT -D_GNU_SOURCE -D_GNU_SOURCE -fwrapv -fno-strict-aliasing -pipe -fstack-protector-strong -D_LARGEFILE_SOURCE '-D_FILE_OFFSET_BITS=64' -D_REENTRANT -D_GNU_SOURCE -D_GNU_SOURCE -fwrapv -fno-strict-aliasing -pipe -fstack-protector-strong -D_LARGEFILE_SOURCE '-D_FILE_OFFSET_BITS=64' -Os -fstack-clash-protection -Wformat '-Werror=format-security' -fno-plt -O2 -o src/infix.o src/infix.c
cc -Isrc/ -I/usr/lib/perl5/core_perl/CORE -fPIC -Ishare-keyword/include -Ishare-infix/include -Ihax -c -D_REENTRANT -D_GNU_SOURCE -D_GNU_SOURCE -fwrapv -fno-strict-aliasing -pipe -fstack-protector-strong -D_LARGEFILE_SOURCE '-D_FILE_OFFSET_BITS=64' -D_REENTRANT -D_GNU_SOURCE -D_GNU_SOURCE -fwrapv -fno-strict-aliasing -pipe -fstack-protector-strong -D_LARGEFILE_SOURCE '-D_FILE_OFFSET_BITS=64' -Os -fstack-clash-protection -Wformat '-Werror=format-security' -fno-plt -O2 -o src/keyword.o src/keyword.c
src/keyword.c: In function 'my_keyword_plugin':
src/keyword.c:1012:20: warning: field precision specifier '.*' expects argument of type 'int', but argument 2 has type 'STRLEN' {aka 'long unsigned int'} [-Wformat=]
 1012 |       croak("'my %.*s' is not permitted as a lexical keyword", kwlen, kw);
      |                  ~~^~                                          ~~~~~
      |                    |                                           |
      |                    int                                         STRLEN {aka long unsigned int}
cc -Isrc/ -I/usr/lib/perl5/core_perl/CORE '-DVERSION="0.48"' '-DXS_VERSION="0.48"' -fPIC -Ishare-keyword/include -Ishare-infix/include -Ihax -c -D_REENTRANT -D_GNU_SOURCE -D_GNU_SOURCE -fwrapv -fno-strict-aliasing -pipe -fstack-protector-strong -D_LARGEFILE_SOURCE '-D_FILE_OFFSET_BITS=64' -D_REENTRANT -D_GNU_SOURCE -D_GNU_SOURCE -fwrapv -fno-strict-aliasing -pipe -fstack-protector-strong -D_LARGEFILE_SOURCE '-D_FILE_OFFSET_BITS=64' -Os -fstack-clash-protection -Wformat '-Werror=format-security' -fno-plt -O2 -o lib/XS/Parse/Keyword.o lib/XS/Parse/Keyword.c
ExtUtils::Mkbootstrap::Mkbootstrap('blib/arch/auto/XS/Parse/Keyword/Keyword.bs')
cc -shared -Os -fstack-clash-protection -Wformat '-Werror=format-security' -fno-plt -O2 -L/usr/local/lib -fstack-protector-strong -o blib/arch/auto/XS/Parse/Keyword/Keyword.so lib/XS/Parse/Keyword.o src/infix.o src/keyword.o
cc -I/usr/lib/perl5/core_perl/CORE '-DVERSION="0.48"' '-DXS_VERSION="0.48"' -fPIC -Ishare-keyword/include -Ishare-infix/include -Ihax -c -D_REENTRANT -D_GNU_SOURCE -D_GNU_SOURCE -fwrapv -fno-strict-aliasing -pipe -fstack-protector-strong -D_LARGEFILE_SOURCE '-D_FILE_OFFSET_BITS=64' -D_REENTRANT -D_GNU_SOURCE -D_GNU_SOURCE -fwrapv -fno-strict-aliasing -pipe -fstack-protector-strong -D_LARGEFILE_SOURCE '-D_FILE_OFFSET_BITS=64' -Os -fstack-clash-protection -Wformat '-Werror=format-security' -fno-plt -O2 -o t/build.o t/build.c
ExtUtils::Mkbootstrap::Mkbootstrap('t/blib/arch/auto/t/build/build.bs')
cc -shared -Os -fstack-clash-protection -Wformat '-Werror=format-security' -fno-plt -O2 -L/usr/local/lib -fstack-protector-strong -o t/blib/arch/auto/t/build/build.so t/build.o
cc -I/usr/lib/perl5/core_perl/CORE '-DVERSION="0.48"' '-DXS_VERSION="0.48"' -fPIC -Ishare-keyword/include -Ishare-infix/include -Ihax -c -D_REENTRANT -D_GNU_SOURCE -D_GNU_SOURCE -fwrapv -fno-strict-aliasing -pipe -fstack-protector-strong -D_LARGEFILE_SOURCE '-D_FILE_OFFSET_BITS=64' -D_REENTRANT -D_GNU_SOURCE -D_GNU_SOURCE -fwrapv -fno-strict-aliasing -pipe -fstack-protector-strong -D_LARGEFILE_SOURCE '-D_FILE_OFFSET_BITS=64' -Os -fstack-clash-protection -Wformat '-Werror=format-security' -fno-plt -O2 -o t/flags.o t/flags.c
ExtUtils::Mkbootstrap::Mkbootstrap('t/blib/arch/auto/t/flags/flags.bs')
cc -shared -Os -fstack-clash-protection -Wformat '-Werror=format-security' -fno-plt -O2 -L/usr/local/lib -fstack-protector-strong -o t/blib/arch/auto/t/flags/flags.so t/flags.o
cc -I/usr/lib/perl5/core_perl/CORE '-DVERSION="0.48"' '-DXS_VERSION="0.48"' -fPIC -Ishare-keyword/include -Ishare-infix/include -Ihax -c -D_REENTRANT -D_GNU_SOURCE -D_GNU_SOURCE -fwrapv -fno-strict-aliasing -pipe -fstack-protector-strong -D_LARGEFILE_SOURCE '-D_FILE_OFFSET_BITS=64' -D_REENTRANT -D_GNU_SOURCE -D_GNU_SOURCE -fwrapv -fno-strict-aliasing -pipe -fstack-protector-strong -D_LARGEFILE_SOURCE '-D_FILE_OFFSET_BITS=64' -Os -fstack-clash-protection -Wformat '-Werror=format-security' -fno-plt -O2 -o t/infix.o t/infix.c
ExtUtils::Mkbootstrap::Mkbootstrap('t/blib/arch/auto/t/infix/infix.bs')
cc -shared -Os -fstack-clash-protection -Wformat '-Werror=format-security' -fno-plt -O2 -L/usr/local/lib -fstack-protector-strong -o t/blib/arch/auto/t/infix/infix.so t/infix.o
cc -I/usr/lib/perl5/core_perl/CORE '-DVERSION="0.48"' '-DXS_VERSION="0.48"' -fPIC -Ishare-keyword/include -Ishare-infix/include -Ihax -c -D_REENTRANT -D_GNU_SOURCE -D_GNU_SOURCE -fwrapv -fno-strict-aliasing -pipe -fstack-protector-strong -D_LARGEFILE_SOURCE '-D_FILE_OFFSET_BITS=64' -D_REENTRANT -D_GNU_SOURCE -D_GNU_SOURCE -fwrapv -fno-strict-aliasing -pipe -fstack-protector-strong -D_LARGEFILE_SOURCE '-D_FILE_OFFSET_BITS=64' -Os -fstack-clash-protection -Wformat '-Werror=format-security' -fno-plt -O2 -o t/line.o t/line.c
ExtUtils::Mkbootstrap::Mkbootstrap('t/blib/arch/auto/t/line/line.bs')
cc -shared -Os -fstack-clash-protection -Wformat '-Werror=format-security' -fno-plt -O2 -L/usr/local/lib -fstack-protector-strong -o t/blib/arch/auto/t/line/line.so t/line.o
cc -I/usr/lib/perl5/core_perl/CORE '-DVERSION="0.48"' '-DXS_VERSION="0.48"' -fPIC -Ishare-keyword/include -Ishare-infix/include -Ihax -c -D_REENTRANT -D_GNU_SOURCE -D_GNU_SOURCE -fwrapv -fno-strict-aliasing -pipe -fstack-protector-strong -D_LARGEFILE_SOURCE '-D_FILE_OFFSET_BITS=64' -D_REENTRANT -D_GNU_SOURCE -D_GNU_SOURCE -fwrapv -fno-strict-aliasing -pipe -fstack-protector-strong -D_LARGEFILE_SOURCE '-D_FILE_OFFSET_BITS=64' -Os -fstack-clash-protection -Wformat '-Werror=format-security' -fno-plt -O2 -o t/pieces.o t/pieces.c
ExtUtils::Mkbootstrap::Mkbootstrap('t/blib/arch/auto/t/pieces/pieces.bs')
cc -shared -Os -fstack-clash-protection -Wformat '-Werror=format-security' -fno-plt -O2 -L/usr/local/lib -fstack-protector-strong -o t/blib/arch/auto/t/pieces/pieces.so t/pieces.o
cc -I/usr/lib/perl5/core_perl/CORE '-DVERSION="0.48"' '-DXS_VERSION="0.48"' -fPIC -Ishare-keyword/include -Ishare-infix/include -Ihax -c -D_REENTRANT -D_GNU_SOURCE -D_GNU_SOURCE -fwrapv -fno-strict-aliasing -pipe -fstack-protector-strong -D_LARGEFILE_SOURCE '-D_FILE_OFFSET_BITS=64' -D_REENTRANT -D_GNU_SOURCE -D_GNU_SOURCE -fwrapv -fno-strict-aliasing -pipe -fstack-protector-strong -D_LARGEFILE_SOURCE '-D_FILE_OFFSET_BITS=64' -Os -fstack-clash-protection -Wformat '-Werror=format-security' -fno-plt -O2 -o t/probing.o t/probing.c
ExtUtils::Mkbootstrap::Mkbootstrap('t/blib/arch/auto/t/probing/probing.bs')
cc -shared -Os -fstack-clash-protection -Wformat '-Werror=format-security' -fno-plt -O2 -L/usr/local/lib -fstack-protector-strong -o t/blib/arch/auto/t/probing/probing.so t/probing.o
cc -I/usr/lib/perl5/core_perl/CORE '-DVERSION="0.48"' '-DXS_VERSION="0.48"' -fPIC -Ishare-keyword/include -Ishare-infix/include -Ihax -c -D_REENTRANT -D_GNU_SOURCE -D_GNU_SOURCE -fwrapv -fno-strict-aliasing -pipe -fstack-protector-strong -D_LARGEFILE_SOURCE '-D_FILE_OFFSET_BITS=64' -D_REENTRANT -D_GNU_SOURCE -D_GNU_SOURCE -fwrapv -fno-strict-aliasing -pipe -fstack-protector-strong -D_LARGEFILE_SOURCE '-D_FILE_OFFSET_BITS=64' -Os -fstack-clash-protection -Wformat '-Werror=format-security' -fno-plt -O2 -o t/stages.o t/stages.c
ExtUtils::Mkbootstrap::Mkbootstrap('t/blib/arch/auto/t/stages/stages.bs')
cc -shared -Os -fstack-clash-protection -Wformat '-Werror=format-security' -fno-plt -O2 -L/usr/local/lib -fstack-protector-strong -o t/blib/arch/auto/t/stages/stages.so t/stages.o
cc -I/usr/lib/perl5/core_perl/CORE '-DVERSION="0.48"' '-DXS_VERSION="0.48"' -fPIC -Ishare-keyword/include -Ishare-infix/include -Ihax -c -D_REENTRANT -D_GNU_SOURCE -D_GNU_SOURCE -fwrapv -fno-strict-aliasing -pipe -fstack-protector-strong -D_LARGEFILE_SOURCE '-D_FILE_OFFSET_BITS=64' -D_REENTRANT -D_GNU_SOURCE -D_GNU_SOURCE -fwrapv -fno-strict-aliasing -pipe -fstack-protector-strong -D_LARGEFILE_SOURCE '-D_FILE_OFFSET_BITS=64' -Os -fstack-clash-protection -Wformat '-Werror=format-security' -fno-plt -O2 -o t/structures.o t/structures.c
ExtUtils::Mkbootstrap::Mkbootstrap('t/blib/arch/auto/t/structures/structures.bs')
cc -shared -Os -fstack-clash-protection -Wformat '-Werror=format-security' -fno-plt -O2 -L/usr/local/lib -fstack-protector-strong -o t/blib/arch/auto/t/structures/structures.so t/structures.o
t/00use.t ............... ok
t/10stages-permit.t ..... ok
t/11stages-check.t ...... ok
t/30pieces-literal.t .... ok
t/31pieces-block.t ...... ok
t/32pieces-anonsub.t .... ok
t/33pieces-arithexpr.t .. ok
t/33pieces-listexpr.t ... ok
t/33pieces-termexpr.t ... ok
t/34pieces-ident.t ...... ok
t/35pieces-lexvar.t ..... ok
t/36pieces-attrs.t ...... ok
t/37pieces-vstring.t .... ok
t/38pieces-infix.t ...... ok
t/39pieces-warning.t .... ok
t/40build.t ............. ok
t/41structures.t ........ ok
t/42containers.t ........ ok
t/43probing.t ........... ok
t/50flags-autosemi.t .... ok
t/51flags-lexical.t ..... ok
t/60line.t .............. ok
t/70infix.t ............. ok
t/71infix-wrapper.t ..... ok
t/99pod.t ............... skipped: Test::Pod 1.00 required for testing POD
All tests successful.
Files=25, Tests=195,  2 wallclock secs ( 0.01 usr  0.04 sys +  1.27 cusr  0.19 csys =  1.51 CPU)
Result: PASS
>>> perl-xs-parse-keyword: Entering fakeroot...
Building XS-Parse-Keyword
Files found in blib/arch: installing files in blib/lib into architecture dependent library tree
Installing /tmp/pkg/perl-xs-parse-keyword/usr/lib/perl5/vendor_perl/auto/XS/Parse/Keyword/Keyword.bs
Installing /tmp/pkg/perl-xs-parse-keyword/usr/lib/perl5/vendor_perl/auto/XS/Parse/Keyword/Keyword.so
Installing /tmp/pkg/perl-xs-parse-keyword/usr/lib/perl5/vendor_perl/auto/share/module/XS-Parse-Keyword/include/XSParseKeyword.h
Installing /tmp/pkg/perl-xs-parse-keyword/usr/lib/perl5/vendor_perl/auto/share/module/XS-Parse-Infix/include/XSParseInfix.h
Installing /tmp/pkg/perl-xs-parse-keyword/usr/lib/perl5/vendor_perl/XS/Parse/Infix.pm
Installing /tmp/pkg/perl-xs-parse-keyword/usr/lib/perl5/vendor_perl/XS/Parse/Keyword.pm
Installing /tmp/pkg/perl-xs-parse-keyword/usr/lib/perl5/vendor_perl/XS/Parse/Infix/Builder.pm
Installing /tmp/pkg/perl-xs-parse-keyword/usr/lib/perl5/vendor_perl/XS/Parse/Infix/Builder_data.pm
Installing /tmp/pkg/perl-xs-parse-keyword/usr/lib/perl5/vendor_perl/XS/Parse/Keyword/Builder.pm
Installing /tmp/pkg/perl-xs-parse-keyword/usr/lib/perl5/vendor_perl/XS/Parse/Keyword/Builder_data.pm
Installing /tmp/pkg/perl-xs-parse-keyword/usr/share/man/man3/XS::Parse::Infix::Builder.3pm
Installing /tmp/pkg/perl-xs-parse-keyword/usr/share/man/man3/XS::Parse::Infix.3pm
Installing /tmp/pkg/perl-xs-parse-keyword/usr/share/man/man3/XS::Parse::Keyword.3pm
Installing /tmp/pkg/perl-xs-parse-keyword/usr/share/man/man3/XS::Parse::Keyword::Builder.3pm
>>> perl-xs-parse-keyword-doc*: Running split function doc...
'usr/share/man' -> '/tmp/pkg/perl-xs-parse-keyword-doc/usr/share/man'
>>> perl-xs-parse-keyword-doc*: Preparing subpackage perl-xs-parse-keyword-doc...
>>> perl-xs-parse-keyword-doc*: Running postcheck for perl-xs-parse-keyword-doc
>>> perl-xs-parse-keyword*: Running postcheck for perl-xs-parse-keyword
>>> perl-xs-parse-keyword*: Preparing package perl-xs-parse-keyword...
>>> perl-xs-parse-keyword*: Stripping binaries
>>> perl-xs-parse-keyword-doc*: Scanning shared objects
>>> perl-xs-parse-keyword*: Scanning shared objects
>>> perl-xs-parse-keyword-doc*: Tracing dependencies...
>>> perl-xs-parse-keyword-doc*: Package size: 20.4 KB
>>> perl-xs-parse-keyword-doc*: Compressing data...
>>> perl-xs-parse-keyword-doc*: Create checksum...
>>> perl-xs-parse-keyword-doc*: Create perl-xs-parse-keyword-doc-0.48-r0.apk
>>> perl-xs-parse-keyword*: Tracing dependencies...
	perl
	perl-file-sharedir
	so:libc.musl-x86_64.so.1
>>> perl-xs-parse-keyword*: Package size: 126.1 KB
>>> perl-xs-parse-keyword*: Compressing data...
>>> perl-xs-parse-keyword*: Create checksum...
>>> perl-xs-parse-keyword*: Create perl-xs-parse-keyword-0.48-r0.apk
>>> perl-xs-parse-keyword: Updating the main/x86_64 repository index...
>>> perl-xs-parse-keyword: Signing the index...
>>> perl-xs-parse-keyword: Cleaning up srcdir
>>> perl-xs-parse-keyword: Cleaning up build chroot
>>> perl-xs-parse-keyword: Cleaning up pkgdir
