pigz: not found
>>> perl-ipc-system-simple: Building main/perl-ipc-system-simple 1.30-r3 (using abuild 3.14.1-r4) started Sun, 18 May 2025 07:54:44 +0000
>>> perl-ipc-system-simple: Validating /home/packager/aports/main/perl-ipc-system-simple/APKBUILD...
>>> perl-ipc-system-simple: Analyzing dependencies...
>>> perl-ipc-system-simple: Installing for build: build-base perl
(1/6) Installing libbz2 (1.0.8-r6)
(2/6) Installing perl (5.40.2-r0)
(3/6) Installing .makedepends-perl-ipc-system-simple (20250518.075446)
(4/6) Installing perl-error (0.17029-r2)
(5/6) Installing perl-git (2.47.2-r0)
(6/6) Installing git-perl (2.47.2-r0)
Executing busybox-1.37.0-r12.trigger
OK: 297 MiB in 87 packages
>>> perl-ipc-system-simple: Cleaning up srcdir
>>> perl-ipc-system-simple: Cleaning up pkgdir
>>> perl-ipc-system-simple: Cleaning up tmpdir
>>> perl-ipc-system-simple: Fetching https://cpan.metacpan.org/authors/id/J/JK/JKEENAN/IPC-System-Simple-1.30.tar.gz
Connecting to cpan.metacpan.org (146.75.122.217:443)
saving to '/var/cache/distfiles/IPC-System-Simple-1.30.tar.gz.part'
IPC-System-Simple-1. 100% |********************************| 31902  0:00:00 ETA
'/var/cache/distfiles/IPC-System-Simple-1.30.tar.gz.part' saved
>>> perl-ipc-system-simple: Fetching https://cpan.metacpan.org/authors/id/J/JK/JKEENAN/IPC-System-Simple-1.30.tar.gz
>>> perl-ipc-system-simple: Checking sha512sums...
IPC-System-Simple-1.30.tar.gz: OK
>>> perl-ipc-system-simple: Unpacking /var/cache/distfiles/IPC-System-Simple-1.30.tar.gz...
Checking if your kit is complete...
Looks good
Generating a Unix-style Makefile
Writing Makefile for IPC::System::Simple
Writing MYMETA.yml and MYMETA.json
cp lib/IPC/System/Simple.pm blib/lib/IPC/System/Simple.pm
Manifying 1 pod document
PERL_DL_NONLAZY=1 "/usr/bin/perl" "-MExtUtils::Command::MM" "-MTest::Harness" "-e" "undef *Test::Harness::Switches; test_harness(0, 'blib/lib', 'blib/arch')" t/*.t
t/01_load.t ........... ok
t/02_exit.t ........... ok
t/03_signal.t ......... ok
t/04_capture.t ........ ok
t/05_multi_capture.t .. ok
t/06_fail.t ........... ok
t/07_taint.t .......... ok
t/08_core.t ........... skipped: BSD::Resource required for coredump tests
t/09_system.t ......... ok
t/10_formatting.t ..... ok
t/11_newlines.t ....... ok
t/12_systemx.t ........ ok
t/13_exports.t ........ ok
t/14_uninitialised.t .. skipped: Test::NoWarnings required for testing undef warnings
t/args.t .............. ok
t/internal.t .......... ok
t/win32.t ............. skipped: Win32 only tests
All tests successful.
Files=17, Tests=181,  3 wallclock secs ( 0.09 usr  0.01 sys +  1.60 cusr  0.36 csys =  2.06 CPU)
Result: PASS
>>> perl-ipc-system-simple: Entering fakeroot...
Manifying 1 pod document
Appending installation info to /home/packager/aports/main/perl-ipc-system-simple/pkg/perl-ipc-system-simple/usr/lib/perl5/core_perl/perllocal.pod
Installing /home/packager/aports/main/perl-ipc-system-simple/pkg/perl-ipc-system-simple/usr/share/perl5/vendor_perl/IPC/System/Simple.pm
Installing /home/packager/aports/main/perl-ipc-system-simple/pkg/perl-ipc-system-simple/usr/share/man/man3/IPC::System::Simple.3pm
>>> perl-ipc-system-simple-doc*: Running split function doc...
'usr/share/man' -> '/home/packager/aports/main/perl-ipc-system-simple/pkg/perl-ipc-system-simple-doc/usr/share/man'
>>> perl-ipc-system-simple-doc*: Preparing subpackage perl-ipc-system-simple-doc...
>>> perl-ipc-system-simple-doc*: Running postcheck for perl-ipc-system-simple-doc
>>> perl-ipc-system-simple*: Running postcheck for perl-ipc-system-simple
>>> perl-ipc-system-simple*: Preparing package perl-ipc-system-simple...
>>> perl-ipc-system-simple-doc*: Tracing dependencies...
>>> perl-ipc-system-simple-doc*: Package size: 7.0 KB
>>> perl-ipc-system-simple-doc*: Compressing data...
>>> perl-ipc-system-simple-doc*: Create checksum...
pigz: not found
>>> perl-ipc-system-simple-doc*: Create perl-ipc-system-simple-doc-1.30-r3.apk
>>> perl-ipc-system-simple*: Tracing dependencies...
	perl
>>> perl-ipc-system-simple*: Package size: 33.1 KB
>>> perl-ipc-system-simple*: Compressing data...
>>> perl-ipc-system-simple*: Create checksum...
pigz: not found
>>> perl-ipc-system-simple*: Create perl-ipc-system-simple-1.30-r3.apk
>>> perl-ipc-system-simple: Build complete at Sun, 18 May 2025 07:54:51 +0000 elapsed time 0h 0m 7s
>>> perl-ipc-system-simple: Cleaning up srcdir
>>> perl-ipc-system-simple: Cleaning up pkgdir
>>> perl-ipc-system-simple: Uninstalling dependencies...
(1/6) Purging .makedepends-perl-ipc-system-simple (20250518.075446)
(2/6) Purging git-perl (2.47.2-r0)
(3/6) Purging perl-git (2.47.2-r0)
(4/6) Purging perl-error (0.17029-r2)
(5/6) Purging perl (5.40.2-r0)
(6/6) Purging libbz2 (1.0.8-r6)
Executing busybox-1.37.0-r12.trigger
OK: 261 MiB in 81 packages
>>> perl-ipc-system-simple: Updating the main/x86_64 repository index...
>>> perl-ipc-system-simple: Signing the index...
pigz: not found
