>>> perl-cgi-fast: Validating /home/packager/oily-pine/main/perl-cgi-fast/APKBUILD...
>>> perl-cgi-fast: Cleaning up srcdir
>>> perl-cgi-fast: Cleaning up pkgdir
>>> perl-cgi-fast: Cleaning up tmpdir
>>> perl-cgi-fast: Fetching https://cpan.metacpan.org/authors/id/L/LE/LEEJO/CGI-Fast-2.17.tar.gz
  % Total    % Received % Xferd  Average Speed   Time    Time     Time  Current
                                 Dload  Upload   Total   Spent    Left  Speed
  0     0    0     0    0     0      0      0 --:--:-- --:--:-- --:--:--     0100  9264  100  9264    0     0  38922      0 --:--:-- --:--:-- --:--:-- 39088
>>> perl-cgi-fast: Fetching https://cpan.metacpan.org/authors/id/L/LE/LEEJO/CGI-Fast-2.17.tar.gz
>>> perl-cgi-fast: Checking sha512sums...
CGI-Fast-2.17.tar.gz: OK
>>> perl-cgi-fast: Preparing build chroot...
fetch http://dl-cdn.alpinelinux.org/alpine/edge/main/x86_64/APKINDEX.tar.gz
(1/84) Installing musl (1.2.5-r10)
(2/84) Installing libcrypto3 (3.5.0-r0)
(3/84) Installing ca-certificates-bundle (20241121-r2)
(4/84) Installing libssl3 (3.5.0-r0)
(5/84) Installing zlib (1.3.1-r2)
(6/84) Installing libapk2 (2.14.9-r2)
(7/84) Installing apk-tools (2.14.9-r2)
(8/84) Installing libcap2 (2.76-r0)
(9/84) Installing libcap-getcap (2.76-r0)
(10/84) Installing fakeroot (1.37.1.1-r0)
(11/84) Installing scanelf (1.3.8-r1)
(12/84) Installing musl-utils (1.2.5-r10)
(13/84) Installing libgcc (14.3.0-r1)
(14/84) Installing libstdc++ (14.3.0-r1)
(15/84) Installing lzip (1.25-r0)
(16/84) Installing openssl (3.5.0-r0)
(17/84) Installing patch (2.8-r0)
(18/84) Installing pkgconf (2.4.3-r0)
(19/84) Installing acl-libs (2.3.2-r1)
(20/84) Installing tar (1.35-r3)
(21/84) Installing busybox (1.37.0-r18)
Executing busybox-1.37.0-r18.post-install
(22/84) Installing ssl_client (1.37.0-r18)
(23/84) Installing busybox-binsh (1.37.0-r18)
(24/84) Installing abuild (3.15.0-r0)
Executing abuild-3.15.0-r0.pre-install
(25/84) Installing abuild-sudo (3.15.0-r0)
(26/84) Installing alpine-baselayout-data (3.7.0-r0)
(27/84) Installing alpine-baselayout (3.7.0-r0)
Executing alpine-baselayout-3.7.0-r0.pre-install
Executing alpine-baselayout-3.7.0-r0.post-install
(28/84) Installing bridge (1.5-r5)
(29/84) Installing ifupdown-ng (0.12.1-r7)
(30/84) Installing openrc-user (0.62.2-r2)
(31/84) Installing openrc (0.62.2-r2)
Executing openrc-0.62.2-r2.post-install
(32/84) Installing mdev-conf (4.8-r0)
(33/84) Installing busybox-mdev-openrc (1.37.0-r18)
(34/84) Installing alpine-conf (3.20.0-r0)
(35/84) Installing alpine-keys (2.5-r0)
(36/84) Installing alpine-release (3.22.0-r0)
(37/84) Installing busybox-openrc (1.37.0-r18)
(38/84) Installing busybox-suid (1.37.0-r18)
(39/84) Installing alpine-base (3.22.0-r0)
(40/84) Installing jansson (2.14.1-r0)
(41/84) Installing zstd-libs (1.5.7-r0)
(42/84) Installing binutils (2.44-r0)
(43/84) Installing libmagic (5.46-r2)
(44/84) Installing file (5.46-r2)
(45/84) Installing libgomp (14.3.0-r1)
(46/84) Installing libatomic (14.3.0-r1)
(47/84) Installing gmp (6.3.0-r3)
(48/84) Installing isl26 (0.26-r1)
(49/84) Installing mpfr4 (4.2.1_p1-r0)
(50/84) Installing mpc1 (1.3.1-r1)
(51/84) Installing gcc (14.3.0-r1)
(52/84) Installing libstdc++-dev (14.3.0-r1)
(53/84) Installing musl-dev (1.2.5-r10)
(54/84) Installing g++ (14.3.0-r1)
(55/84) Installing make (4.4.1-r3)
(56/84) Installing fortify-headers (1.1-r5)
(57/84) Installing build-base (0.5-r3)
(58/84) Installing brotli-libs (1.1.0-r2)
(59/84) Installing c-ares (1.34.5-r0)
(60/84) Installing libunistring (1.3-r0)
(61/84) Installing libidn2 (2.3.7-r0)
(62/84) Installing nghttp2-libs (1.65.0-r0)
(63/84) Installing libpsl (0.21.5-r3)
(64/84) Installing libcurl (8.14.0-r2)
(65/84) Installing libexpat (2.7.1-r0)
(66/84) Installing pcre2 (10.43-r1)
(67/84) Installing git (2.49.0-r0)
(68/84) Installing git-init-template (2.49.0-r0)
(69/84) Installing libbz2 (1.0.8-r6)
(70/84) Installing perl (5.40.2-r0)
(71/84) Installing perl-error (0.17030-r0)
(72/84) Installing perl-git (2.49.0-r0)
(73/84) Installing git-perl (2.49.0-r0)
(74/84) Installing perl-html-tagset (3.24-r0)
(75/84) Installing perl-clone (0.47-r0)
(76/84) Installing perl-http-date (6.06-r0)
(77/84) Installing perl-uri (5.28-r0)
(78/84) Installing perl-io-html (1.004-r1)
(79/84) Installing perl-encode-locale (1.05-r5)
(80/84) Installing perl-lwp-mediatypes (6.04-r3)
(81/84) Installing perl-http-message (7.00-r0)
(82/84) Installing perl-html-parser (3.83-r0)
(83/84) Installing perl-cgi (4.68-r0)
(84/84) Installing perl-fcgi (0.82-r4)
Executing busybox-1.37.0-r18.trigger
OK: 297 MiB in 84 packages
>>> perl-cgi-fast: Fetching https://cpan.metacpan.org/authors/id/L/LE/LEEJO/CGI-Fast-2.17.tar.gz
>>> perl-cgi-fast: Checking sha512sums...
CGI-Fast-2.17.tar.gz: OK
>>> perl-cgi-fast: Unpacking /var/cache/distfiles/CGI-Fast-2.17.tar.gz...
Checking if your kit is complete...
Looks good
Warning: LINKTYPE set to '', no longer necessary
Generating a Unix-style Makefile
Writing Makefile for CGI::Fast
Writing MYMETA.yml and MYMETA.json
cp lib/CGI/Fast.pm blib/lib/CGI/Fast.pm
Manifying 1 pod document
PERL_DL_NONLAZY=1 "/usr/bin/perl" "-MExtUtils::Command::MM" "-MTest::Harness" "-e" "undef *Test::Harness::Switches; test_harness(0, 'blib/lib', 'blib/arch')" t/*.t
t/001_basic.t .............. ok
t/002_import.t ............. ok
t/003_env_pollution.t ...... ok
t/004_fcgi_file_handles.t .. ok
t/005_no_file_handles.t .... ok
t/006_changes.t ............ skipped: Test::CPAN::Changes required for this test
t/007_socket_perm.t ........ ok
All tests successful.
Files=7, Tests=53,  0 wallclock secs ( 0.02 usr  0.00 sys +  0.30 cusr  0.05 csys =  0.37 CPU)
Result: PASS
>>> perl-cgi-fast: Entering fakeroot...
Manifying 1 pod document
Installing /tmp/pkg/perl-cgi-fast/usr/share/perl5/vendor_perl/CGI/Fast.pm
Installing /tmp/pkg/perl-cgi-fast/usr/share/man/man3/CGI::Fast.3pm
>>> perl-cgi-fast-doc*: Running split function doc...
'usr/share/man' -> '/tmp/pkg/perl-cgi-fast-doc/usr/share/man'
>>> perl-cgi-fast-doc*: Preparing subpackage perl-cgi-fast-doc...
>>> perl-cgi-fast-doc*: Running postcheck for perl-cgi-fast-doc
>>> perl-cgi-fast*: Running postcheck for perl-cgi-fast
>>> perl-cgi-fast*: Preparing package perl-cgi-fast...
>>> perl-cgi-fast-doc*: Tracing dependencies...
>>> perl-cgi-fast-doc*: Package size: 3.4 KB
>>> perl-cgi-fast-doc*: Compressing data...
>>> perl-cgi-fast-doc*: Create checksum...
>>> perl-cgi-fast-doc*: Create perl-cgi-fast-doc-2.17-r1.apk
>>> perl-cgi-fast*: Tracing dependencies...
	perl
	perl-cgi
	perl-fcgi
>>> perl-cgi-fast*: Package size: 9.4 KB
>>> perl-cgi-fast*: Compressing data...
>>> perl-cgi-fast*: Create checksum...
>>> perl-cgi-fast*: Create perl-cgi-fast-2.17-r1.apk
>>> perl-cgi-fast: Updating the main/x86_64 repository index...
>>> perl-cgi-fast: Signing the index...
>>> perl-cgi-fast: Cleaning up srcdir
>>> perl-cgi-fast: Cleaning up build chroot
>>> perl-cgi-fast: Cleaning up pkgdir
