>>> perl-params-validationcompiler: Validating /home/packager/oily-pine/main/perl-params-validationcompiler/APKBUILD...
>>> perl-params-validationcompiler: Cleaning up srcdir
>>> perl-params-validationcompiler: Cleaning up pkgdir
>>> perl-params-validationcompiler: Cleaning up tmpdir
>>> perl-params-validationcompiler: Fetching https://cpan.metacpan.org/authors/id/D/DR/DROLSKY/Params-ValidationCompiler-0.31.tar.gz
  % Total    % Received % Xferd  Average Speed   Time    Time     Time  Current
                                 Dload  Upload   Total   Spent    Left  Speed
  0     0    0     0    0     0      0      0 --:--:-- --:--:-- --:--:--     0100 51530  100 51530    0     0   293k      0 --:--:-- --:--:-- --:--:--  294k
>>> perl-params-validationcompiler: Fetching https://cpan.metacpan.org/authors/id/D/DR/DROLSKY/Params-ValidationCompiler-0.31.tar.gz
>>> perl-params-validationcompiler: Checking sha512sums...
Params-ValidationCompiler-0.31.tar.gz: OK
>>> perl-params-validationcompiler: Preparing build chroot...
fetch http://dl-cdn.alpinelinux.org/alpine/edge/main/x86_64/APKINDEX.tar.gz
(1/90) Installing musl (1.2.5-r10)
(2/90) Installing libcrypto3 (3.5.0-r0)
(3/90) Installing ca-certificates-bundle (20241121-r2)
(4/90) Installing libssl3 (3.5.0-r0)
(5/90) Installing zlib (1.3.1-r2)
(6/90) Installing libapk2 (2.14.9-r2)
(7/90) Installing apk-tools (2.14.9-r2)
(8/90) Installing libcap2 (2.76-r0)
(9/90) Installing libcap-getcap (2.76-r0)
(10/90) Installing fakeroot (1.37.1.1-r0)
(11/90) Installing scanelf (1.3.8-r1)
(12/90) Installing musl-utils (1.2.5-r10)
(13/90) Installing libgcc (14.3.0-r1)
(14/90) Installing libstdc++ (14.3.0-r1)
(15/90) Installing lzip (1.25-r0)
(16/90) Installing openssl (3.5.0-r0)
(17/90) Installing patch (2.8-r0)
(18/90) Installing pkgconf (2.4.3-r0)
(19/90) Installing acl-libs (2.3.2-r1)
(20/90) Installing tar (1.35-r3)
(21/90) Installing busybox (1.37.0-r18)
Executing busybox-1.37.0-r18.post-install
(22/90) Installing ssl_client (1.37.0-r18)
(23/90) Installing busybox-binsh (1.37.0-r18)
(24/90) Installing abuild (3.15.0-r0)
Executing abuild-3.15.0-r0.pre-install
(25/90) Installing abuild-sudo (3.15.0-r0)
(26/90) Installing alpine-baselayout-data (3.7.0-r0)
(27/90) Installing alpine-baselayout (3.7.0-r0)
Executing alpine-baselayout-3.7.0-r0.pre-install
Executing alpine-baselayout-3.7.0-r0.post-install
(28/90) Installing bridge (1.5-r5)
(29/90) Installing ifupdown-ng (0.12.1-r7)
(30/90) Installing openrc-user (0.62.2-r2)
(31/90) Installing openrc (0.62.2-r2)
Executing openrc-0.62.2-r2.post-install
(32/90) Installing mdev-conf (4.8-r0)
(33/90) Installing busybox-mdev-openrc (1.37.0-r18)
(34/90) Installing alpine-conf (3.20.0-r0)
(35/90) Installing alpine-keys (2.5-r0)
(36/90) Installing alpine-release (3.22.0-r0)
(37/90) Installing busybox-openrc (1.37.0-r18)
(38/90) Installing busybox-suid (1.37.0-r18)
(39/90) Installing alpine-base (3.22.0-r0)
(40/90) Installing jansson (2.14.1-r0)
(41/90) Installing zstd-libs (1.5.7-r0)
(42/90) Installing binutils (2.44-r0)
(43/90) Installing libmagic (5.46-r2)
(44/90) Installing file (5.46-r2)
(45/90) Installing libgomp (14.3.0-r1)
(46/90) Installing libatomic (14.3.0-r1)
(47/90) Installing gmp (6.3.0-r3)
(48/90) Installing isl26 (0.26-r1)
(49/90) Installing mpfr4 (4.2.1_p1-r0)
(50/90) Installing mpc1 (1.3.1-r1)
(51/90) Installing gcc (14.3.0-r1)
(52/90) Installing libstdc++-dev (14.3.0-r1)
(53/90) Installing musl-dev (1.2.5-r10)
(54/90) Installing g++ (14.3.0-r1)
(55/90) Installing make (4.4.1-r3)
(56/90) Installing fortify-headers (1.1-r5)
(57/90) Installing build-base (0.5-r3)
(58/90) Installing brotli-libs (1.1.0-r2)
(59/90) Installing c-ares (1.34.5-r0)
(60/90) Installing libunistring (1.3-r0)
(61/90) Installing libidn2 (2.3.7-r0)
(62/90) Installing nghttp2-libs (1.65.0-r0)
(63/90) Installing libpsl (0.21.5-r3)
(64/90) Installing libcurl (8.14.0-r2)
(65/90) Installing libexpat (2.7.1-r0)
(66/90) Installing pcre2 (10.43-r1)
(67/90) Installing git (2.49.0-r0)
(68/90) Installing git-init-template (2.49.0-r0)
(69/90) Installing libbz2 (1.0.8-r6)
(70/90) Installing perl (5.40.2-r0)
(71/90) Installing perl-error (0.17030-r0)
(72/90) Installing perl-git (2.49.0-r0)
(73/90) Installing git-perl (2.49.0-r0)
(74/90) Installing perl-eval-closure (0.14-r4)
(75/90) Installing perl-devel-stacktrace (2.05-r0)
(76/90) Installing perl-class-data-inheritable (0.10-r0)
(77/90) Installing perl-exception-class (1.45-r1)
(78/90) Installing perl-mro-compat (0.15-r2)
(79/90) Installing perl-role-tiny (2.002004-r2)
(80/90) Installing perl-sub-quote (2.006008-r1)
(81/90) Installing perl-try-tiny (0.32-r0)
(82/90) Installing perl-test-fatal (0.017-r1)
(83/90) Installing perl-module-runtime (0.016-r6)
(84/90) Installing perl-clone (0.47-r0)
(85/90) Installing perl-specio (0.50-r0)
(86/90) Installing perl-test-simple (1.302209-r0)
(87/90) Installing perl-test-without-module (0.23-r0)
(88/90) Installing perl-test2-plugin-nowarnings (0.10-r1)
(89/90) Installing perl-exporter-tiny (1.006002-r1)
(90/90) Installing perl-type-tiny (2.006000-r0)
Executing busybox-1.37.0-r18.trigger
OK: 299 MiB in 90 packages
>>> perl-params-validationcompiler: Fetching https://cpan.metacpan.org/authors/id/D/DR/DROLSKY/Params-ValidationCompiler-0.31.tar.gz
>>> perl-params-validationcompiler: Checking sha512sums...
Params-ValidationCompiler-0.31.tar.gz: OK
>>> perl-params-validationcompiler: Unpacking /var/cache/distfiles/Params-ValidationCompiler-0.31.tar.gz...
Checking if your kit is complete...
Looks good
Generating a Unix-style Makefile
Writing Makefile for Params::ValidationCompiler
Writing MYMETA.yml and MYMETA.json
cp lib/Params/ValidationCompiler/Compiler.pm blib/lib/Params/ValidationCompiler/Compiler.pm
cp lib/Params/ValidationCompiler.pm blib/lib/Params/ValidationCompiler.pm
cp lib/Params/ValidationCompiler/Exceptions.pm blib/lib/Params/ValidationCompiler/Exceptions.pm
Manifying 3 pod documents
PERL_DL_NONLAZY=1 "/usr/bin/perl" "-MExtUtils::Command::MM" "-MTest::Harness" "-e" "undef *Test::Harness::Switches; test_harness(0, 'blib/lib', 'blib/arch')" t/*.t t/named/*.t t/positional/*.t
# 
# Versions for all modules listed in MYMETA.json (including optional ones):
# 
# === Configure Requires ===
# 
#     Module              Want Have
#     ------------------- ---- ----
#     ExtUtils::MakeMaker  any 7.70
# 
# === Build Requires ===
# 
#     Module              Want Have
#     ------------------- ---- ----
#     ExtUtils::MakeMaker  any 7.70
# 
# === Test Requires ===
# 
#     Module                        Want     Have
#     ------------------------- -------- --------
#     ExtUtils::MakeMaker            any     7.70
#     File::Spec                     any     3.91
#     Hash::Util                     any     0.32
#     Specio                        0.14     0.50
#     Test2::Plugin::NoWarnings      any     0.10
#     Test2::Require::Module         any 1.302209
#     Test2::V0                      any 1.302209
#     Test::More                1.302015 1.302209
#     Test::Without::Module          any     0.23
# 
# === Test Recommends ===
# 
#     Module         Want     Have
#     ---------- -------- --------
#     CPAN::Meta 2.120900 2.150010
# 
# === Runtime Requires ===
# 
#     Module           Want Have
#     ---------------- ---- ----
#     B                 any 1.89
#     Carp              any 1.54
#     Eval::Closure     any 0.14
#     Exception::Class  any 1.45
#     Exporter          any 5.78
#     List::Util       1.29 1.63
#     Scalar::Util      any 1.63
#     overload          any 1.37
#     strict            any 1.13
#     warnings          any 1.70
# 
# === Runtime Recommends ===
# 
#     Module            Want    Have
#     ----------------- ---- -------
#     Class::XSAccessor 1.17 missing
#     Sub::Util         1.40    1.63
# 
t/00-report-prereqs.t .... ok
t/default.t .............. ok
t/exceptions.t ........... ok
t/moose.t ................ skipped: Module 'Moose::Util::TypeConstraints' is not installed
t/name-fails.t ........... ok
t/name.t ................. ok
t/named/args-check.t ..... ok
t/named/const-hash.t ..... skipped: Module 'Const::Fast' is not installed
t/named/locked-hash.t .... ok
t/named/required.t ....... ok
t/named/return-object.t .. ok
t/named/slurpy.t ......... ok
t/pairs-to-value-list.t .. ok
t/positional/default.t ... ok
t/positional/required.t .. ok
t/positional/slurpy.t .... ok
t/self-check.t ........... ok
t/source_for.t ........... ok
t/specio.t ............... ok
t/type-tiny.t ............ ok
All tests successful.
Files=20, Tests=81,  1 wallclock secs ( 0.02 usr  0.02 sys +  1.21 cusr  0.21 csys =  1.46 CPU)
Result: PASS
>>> perl-params-validationcompiler: Entering fakeroot...
Manifying 3 pod documents
Appending installation info to /tmp/pkg/perl-params-validationcompiler/usr/lib/perl5/core_perl/perllocal.pod
Installing /tmp/pkg/perl-params-validationcompiler/usr/share/perl5/vendor_perl/Params/ValidationCompiler.pm
Installing /tmp/pkg/perl-params-validationcompiler/usr/share/perl5/vendor_perl/Params/ValidationCompiler/Exceptions.pm
Installing /tmp/pkg/perl-params-validationcompiler/usr/share/perl5/vendor_perl/Params/ValidationCompiler/Compiler.pm
Installing /tmp/pkg/perl-params-validationcompiler/usr/share/man/man3/Params::ValidationCompiler::Compiler.3pm
Installing /tmp/pkg/perl-params-validationcompiler/usr/share/man/man3/Params::ValidationCompiler::Exceptions.3pm
Installing /tmp/pkg/perl-params-validationcompiler/usr/share/man/man3/Params::ValidationCompiler.3pm
>>> perl-params-validationcompiler-doc*: Running split function doc...
'usr/share/man' -> '/tmp/pkg/perl-params-validationcompiler-doc/usr/share/man'
>>> perl-params-validationcompiler-doc*: Preparing subpackage perl-params-validationcompiler-doc...
>>> perl-params-validationcompiler-doc*: Running postcheck for perl-params-validationcompiler-doc
>>> perl-params-validationcompiler*: Running postcheck for perl-params-validationcompiler
>>> perl-params-validationcompiler*: Preparing package perl-params-validationcompiler...
>>> perl-params-validationcompiler-doc*: Tracing dependencies...
>>> perl-params-validationcompiler-doc*: Package size: 6.9 KB
>>> perl-params-validationcompiler-doc*: Compressing data...
>>> perl-params-validationcompiler-doc*: Create checksum...
>>> perl-params-validationcompiler-doc*: Create perl-params-validationcompiler-doc-0.31-r2.apk
>>> perl-params-validationcompiler*: Tracing dependencies...
	perl
	perl-specio
	perl-test-simple
	perl-test-without-module
	perl-eval-closure
	perl-exception-class
	perl-test2-plugin-nowarnings
	perl-role-tiny
	perl-mro-compat
>>> perl-params-validationcompiler*: Package size: 39.5 KB
>>> perl-params-validationcompiler*: Compressing data...
>>> perl-params-validationcompiler*: Create checksum...
>>> perl-params-validationcompiler*: Create perl-params-validationcompiler-0.31-r2.apk
>>> perl-params-validationcompiler: Updating the main/x86_64 repository index...
>>> perl-params-validationcompiler: Signing the index...
>>> perl-params-validationcompiler: Cleaning up srcdir
>>> perl-params-validationcompiler: Cleaning up build chroot
>>> perl-params-validationcompiler: Cleaning up pkgdir
