pigz: not found
>>> perl-test-nowarnings: Building main/perl-test-nowarnings 1.06-r1 (using abuild 3.14.1-r4) started Sun, 18 May 2025 07:11:37 +0000
>>> perl-test-nowarnings: Validating /home/packager/aports/main/perl-test-nowarnings/APKBUILD...
>>> perl-test-nowarnings: Analyzing dependencies...
>>> perl-test-nowarnings: Installing for build: build-base perl
(1/6) Installing libbz2 (1.0.8-r6)
(2/6) Installing perl (5.40.2-r0)
(3/6) Installing .makedepends-perl-test-nowarnings (20250518.071138)
(4/6) Installing perl-error (0.17029-r2)
(5/6) Installing perl-git (2.47.2-r0)
(6/6) Installing git-perl (2.47.2-r0)
Executing busybox-1.37.0-r12.trigger
OK: 297 MiB in 87 packages
>>> perl-test-nowarnings: Cleaning up srcdir
>>> perl-test-nowarnings: Cleaning up pkgdir
>>> perl-test-nowarnings: Cleaning up tmpdir
>>> perl-test-nowarnings: Fetching https://cpan.metacpan.org/authors/id/H/HA/HAARG/Test-NoWarnings-1.06.tar.gz
Connecting to cpan.metacpan.org (146.75.122.217:443)
saving to '/var/cache/distfiles/Test-NoWarnings-1.06.tar.gz.part'
Test-NoWarnings-1.06 100% |********************************| 19445  0:00:00 ETA
'/var/cache/distfiles/Test-NoWarnings-1.06.tar.gz.part' saved
>>> perl-test-nowarnings: Fetching https://cpan.metacpan.org/authors/id/H/HA/HAARG/Test-NoWarnings-1.06.tar.gz
>>> perl-test-nowarnings: Checking sha512sums...
Test-NoWarnings-1.06.tar.gz: OK
>>> perl-test-nowarnings: Unpacking /var/cache/distfiles/Test-NoWarnings-1.06.tar.gz...
Checking if your kit is complete...
Looks good
Generating a Unix-style Makefile
Writing Makefile for Test::NoWarnings
Writing MYMETA.yml and MYMETA.json
cp lib/Test/NoWarnings/Warning.pm blib/lib/Test/NoWarnings/Warning.pm
cp lib/Test/NoWarnings.pm blib/lib/Test/NoWarnings.pm
Manifying 1 pod document
PERL_DL_NONLAZY=1 "/usr/bin/perl" "-MExtUtils::Command::MM" "-MTest::Harness" "-e" "undef *Test::Harness::Switches; test_harness(0, 'blib/lib', 'blib/arch')" t/*.t
t/01_compile.t ....... ok
t/02_none.t .......... ok
t/03_end.t ........... ok
t/04_no_tests.t ...... ok
t/05_no_end.t ........ ok
t/06_fork.t .......... ok
t/07_done_testing.t .. ok
All tests successful.
Files=7, Tests=48,  0 wallclock secs ( 0.05 usr  0.00 sys +  0.42 cusr  0.09 csys =  0.56 CPU)
Result: PASS
>>> perl-test-nowarnings: Entering fakeroot...
Manifying 1 pod document
Appending installation info to /home/packager/aports/main/perl-test-nowarnings/pkg/perl-test-nowarnings/usr/lib/perl5/core_perl/perllocal.pod
Installing /home/packager/aports/main/perl-test-nowarnings/pkg/perl-test-nowarnings/usr/share/perl5/vendor_perl/Test/NoWarnings.pm
Installing /home/packager/aports/main/perl-test-nowarnings/pkg/perl-test-nowarnings/usr/share/perl5/vendor_perl/Test/NoWarnings/Warning.pm
Installing /home/packager/aports/main/perl-test-nowarnings/pkg/perl-test-nowarnings/usr/share/man/man3/Test::NoWarnings.3pm
>>> perl-test-nowarnings-doc*: Running split function doc...
'usr/share/man' -> '/home/packager/aports/main/perl-test-nowarnings/pkg/perl-test-nowarnings-doc/usr/share/man'
>>> perl-test-nowarnings-doc*: Preparing subpackage perl-test-nowarnings-doc...
>>> perl-test-nowarnings-doc*: Running postcheck for perl-test-nowarnings-doc
>>> perl-test-nowarnings*: Running postcheck for perl-test-nowarnings
>>> perl-test-nowarnings*: Preparing package perl-test-nowarnings...
>>> perl-test-nowarnings-doc*: Tracing dependencies...
>>> perl-test-nowarnings-doc*: Package size: 3.2 KB
>>> perl-test-nowarnings-doc*: Compressing data...
>>> perl-test-nowarnings-doc*: Create checksum...
pigz: not found
>>> perl-test-nowarnings-doc*: Create perl-test-nowarnings-doc-1.06-r1.apk
>>> perl-test-nowarnings*: Tracing dependencies...
	perl
>>> perl-test-nowarnings*: Package size: 9.7 KB
>>> perl-test-nowarnings*: Compressing data...
>>> perl-test-nowarnings*: Create checksum...
pigz: not found
>>> perl-test-nowarnings*: Create perl-test-nowarnings-1.06-r1.apk
>>> perl-test-nowarnings: Build complete at Sun, 18 May 2025 07:11:41 +0000 elapsed time 0h 0m 4s
>>> perl-test-nowarnings: Cleaning up srcdir
>>> perl-test-nowarnings: Cleaning up pkgdir
>>> perl-test-nowarnings: Uninstalling dependencies...
(1/6) Purging .makedepends-perl-test-nowarnings (20250518.071138)
(2/6) Purging git-perl (2.47.2-r0)
(3/6) Purging perl-git (2.47.2-r0)
(4/6) Purging perl-error (0.17029-r2)
(5/6) Purging perl (5.40.2-r0)
(6/6) Purging libbz2 (1.0.8-r6)
Executing busybox-1.37.0-r12.trigger
OK: 260 MiB in 81 packages
>>> perl-test-nowarnings: Updating the main/x86_64 repository index...
>>> perl-test-nowarnings: Signing the index...
pigz: not found
