pigz: not found
>>> perl-gdtextutil: Building main/perl-gdtextutil 0.86-r5 (using abuild 3.14.1-r4) started Fri, 23 May 2025 03:19:38 +0000
>>> perl-gdtextutil: Validating /home/packager/aports/main/perl-gdtextutil/APKBUILD...
>>> perl-gdtextutil: Analyzing dependencies...
>>> perl-gdtextutil: Installing for build: build-base perl perl-gd
(1/25) Installing libxau (1.0.12-r0)
(2/25) Installing libmd (1.1.0-r0)
(3/25) Installing libbsd (0.12.2-r0)
(4/25) Installing libxdmcp (1.1.5-r1)
(5/25) Installing libxcb (1.16.1-r0)
(6/25) Installing libx11 (1.8.10-r0)
(7/25) Installing libxext (1.3.6-r2)
(8/25) Installing libice (1.1.1-r6)
(9/25) Installing libuuid (2.40.4-r1)
(10/25) Installing libsm (1.2.4-r4)
(11/25) Installing libxt (1.3.1-r0)
(12/25) Installing libxpm (3.5.17-r0)
(13/25) Installing aom-libs (3.11.0-r1)
(14/25) Installing libdav1d (1.5.1-r0)
(15/25) Installing libsharpyuv (1.4.0-r0)
(16/25) Installing libavif (1.0.4-r0)
(17/25) Installing libpng (1.6.47-r0)
(18/25) Installing freetype (2.13.3-r0)
(19/25) Installing fontconfig (2.15.0-r1)
(20/25) Installing libjpeg-turbo (3.1.0-r0)
(21/25) Installing libwebp (1.4.0-r0)
(22/25) Installing tiff (4.7.0-r0)
(23/25) Installing libgd (2.3.3-r9)
(24/25) Installing perl-gd (2.83-r0)
(25/25) Installing .makedepends-perl-gdtextutil (20250523.031940)
Executing busybox-1.37.0-r12.trigger
OK: 330 MiB in 139 packages
>>> perl-gdtextutil: Cleaning up srcdir
>>> perl-gdtextutil: Cleaning up pkgdir
>>> perl-gdtextutil: Cleaning up tmpdir
>>> perl-gdtextutil: Fetching https://cpan.metacpan.org/authors/id/M/MV/MVERB/GDTextUtil-0.86.tar.gz
Connecting to cpan.metacpan.org (146.75.122.217:443)
saving to '/var/cache/distfiles/GDTextUtil-0.86.tar.gz.part'
GDTextUtil-0.86.tar. 100% |********************************| 64698  0:00:00 ETA
'/var/cache/distfiles/GDTextUtil-0.86.tar.gz.part' saved
>>> perl-gdtextutil: Fetching https://cpan.metacpan.org/authors/id/M/MV/MVERB/GDTextUtil-0.86.tar.gz
>>> perl-gdtextutil: Checking sha512sums...
GDTextUtil-0.86.tar.gz: OK
>>> perl-gdtextutil: Unpacking /var/cache/distfiles/GDTextUtil-0.86.tar.gz...
Checking if your kit is complete...
Looks good
Generating a Unix-style Makefile
Writing Makefile for GD::Text
Writing MYMETA.yml and MYMETA.json
cp Text/Align.pm blib/lib/GD/Text/Align.pm
cp Text/Wrap.pm blib/lib/GD/Text/Wrap.pm
cp Text.pm blib/lib/GD/Text.pm
Manifying 3 pod documents
PERL_DL_NONLAZY=1 "/usr/bin/perl" "-MExtUtils::Command::MM" "-MTest::Harness" "-e" "undef *Test::Harness::Switches; test_harness(0, 'blib/lib', 'blib/arch')" t/*.t
t/align.t .. ok
t/text.t ... ok
t/wrap.t ... ok
All tests successful.
Files=3, Tests=55,  1 wallclock secs ( 0.03 usr  0.01 sys +  0.45 cusr  0.08 csys =  0.57 CPU)
Result: PASS
>>> perl-gdtextutil: Entering fakeroot...
Manifying 3 pod documents
Installing /home/packager/aports/main/perl-gdtextutil/pkg/perl-gdtextutil/usr/share/perl5/vendor_perl/GD/Text.pm
Installing /home/packager/aports/main/perl-gdtextutil/pkg/perl-gdtextutil/usr/share/perl5/vendor_perl/GD/Text/Wrap.pm
Installing /home/packager/aports/main/perl-gdtextutil/pkg/perl-gdtextutil/usr/share/perl5/vendor_perl/GD/Text/Align.pm
Installing /home/packager/aports/main/perl-gdtextutil/pkg/perl-gdtextutil/usr/share/man/man3/GD::Text::Align.3pm
Installing /home/packager/aports/main/perl-gdtextutil/pkg/perl-gdtextutil/usr/share/man/man3/GD::Text::Wrap.3pm
Installing /home/packager/aports/main/perl-gdtextutil/pkg/perl-gdtextutil/usr/share/man/man3/GD::Text.3pm
>>> perl-gdtextutil-doc*: Running split function doc...
renamed 'usr/share/man' -> '/home/packager/aports/main/perl-gdtextutil/pkg/perl-gdtextutil-doc/usr/share/man'
>>> perl-gdtextutil-doc*: Preparing subpackage perl-gdtextutil-doc...
libfakeroot internal error: payload not recognized!
>>> perl-gdtextutil-doc*: Running postcheck for perl-gdtextutil-doc
>>> perl-gdtextutil*: Running postcheck for perl-gdtextutil
>>> perl-gdtextutil*: Preparing package perl-gdtextutil...
libfakeroot internal error: payload not recognized!
>>> perl-gdtextutil-doc*: Tracing dependencies...
>>> perl-gdtextutil-doc*: Package size: 9.9 KB
>>> perl-gdtextutil-doc*: Compressing data...
>>> perl-gdtextutil-doc*: Create checksum...
pigz: not found
>>> perl-gdtextutil-doc*: Create perl-gdtextutil-doc-0.86-r5.apk
>>> perl-gdtextutil*: Tracing dependencies...
	perl
	perl-gd
>>> perl-gdtextutil*: Package size: 39.9 KB
>>> perl-gdtextutil*: Compressing data...
>>> perl-gdtextutil*: Create checksum...
pigz: not found
>>> perl-gdtextutil*: Create perl-gdtextutil-0.86-r5.apk
>>> perl-gdtextutil: Build complete at Fri, 23 May 2025 03:19:47 +0000 elapsed time 0h 0m 9s
>>> perl-gdtextutil: Cleaning up srcdir
>>> perl-gdtextutil: Cleaning up pkgdir
>>> perl-gdtextutil: Uninstalling dependencies...
(1/25) Purging .makedepends-perl-gdtextutil (20250523.031940)
(2/25) Purging perl-gd (2.83-r0)
(3/25) Purging libgd (2.3.3-r9)
(4/25) Purging libxpm (3.5.17-r0)
(5/25) Purging libxt (1.3.1-r0)
(6/25) Purging tiff (4.7.0-r0)
(7/25) Purging libavif (1.0.4-r0)
(8/25) Purging aom-libs (3.11.0-r1)
(9/25) Purging fontconfig (2.15.0-r1)
(10/25) Purging freetype (2.13.3-r0)
(11/25) Purging libxext (1.3.6-r2)
(12/25) Purging libx11 (1.8.10-r0)
(13/25) Purging libxcb (1.16.1-r0)
(14/25) Purging libxdmcp (1.1.5-r1)
(15/25) Purging libbsd (0.12.2-r0)
(16/25) Purging libdav1d (1.5.1-r0)
(17/25) Purging libsm (1.2.4-r4)
(18/25) Purging libice (1.1.1-r6)
(19/25) Purging libjpeg-turbo (3.1.0-r0)
(20/25) Purging libmd (1.1.0-r0)
(21/25) Purging libpng (1.6.47-r0)
(22/25) Purging libwebp (1.4.0-r0)
(23/25) Purging libsharpyuv (1.4.0-r0)
(24/25) Purging libuuid (2.40.4-r1)
(25/25) Purging libxau (1.0.12-r0)
Executing busybox-1.37.0-r12.trigger
OK: 313 MiB in 114 packages
>>> perl-gdtextutil: Updating the main/x86_64 repository index...
>>> perl-gdtextutil: Signing the index...
pigz: not found
