>>> perl-cgi-psgi: Validating /home/packager/oily-pine/main/perl-cgi-psgi/APKBUILD...
>>> perl-cgi-psgi: Cleaning up srcdir
>>> perl-cgi-psgi: Cleaning up pkgdir
>>> perl-cgi-psgi: Cleaning up tmpdir
>>> perl-cgi-psgi: Fetching https://cpan.metacpan.org/authors/id/M/MI/MIYAGAWA/CGI-PSGI-0.15.tar.gz
  % Total    % Received % Xferd  Average Speed   Time    Time     Time  Current
                                 Dload  Upload   Total   Spent    Left  Speed
  0     0    0     0    0     0      0      0 --:--:-- --:--:-- --:--:--     0100 27933  100 27933    0     0   106k      0 --:--:-- --:--:-- --:--:--  106k
>>> perl-cgi-psgi: Fetching https://cpan.metacpan.org/authors/id/M/MI/MIYAGAWA/CGI-PSGI-0.15.tar.gz
>>> perl-cgi-psgi: Checking sha512sums...
CGI-PSGI-0.15.tar.gz: OK
>>> perl-cgi-psgi: Preparing build chroot...
fetch http://dl-cdn.alpinelinux.org/alpine/edge/main/x86_64/APKINDEX.tar.gz
(1/85) Installing musl (1.2.5-r10)
(2/85) Installing libcrypto3 (3.5.0-r0)
(3/85) Installing ca-certificates-bundle (20241121-r2)
(4/85) Installing libssl3 (3.5.0-r0)
(5/85) Installing zlib (1.3.1-r2)
(6/85) Installing libapk2 (2.14.9-r2)
(7/85) Installing apk-tools (2.14.9-r2)
(8/85) Installing libcap2 (2.76-r0)
(9/85) Installing libcap-getcap (2.76-r0)
(10/85) Installing fakeroot (1.37.1.1-r0)
(11/85) Installing scanelf (1.3.8-r1)
(12/85) Installing musl-utils (1.2.5-r10)
(13/85) Installing libgcc (14.3.0-r1)
(14/85) Installing libstdc++ (14.3.0-r1)
(15/85) Installing lzip (1.25-r0)
(16/85) Installing openssl (3.5.0-r0)
(17/85) Installing patch (2.8-r0)
(18/85) Installing pkgconf (2.4.3-r0)
(19/85) Installing acl-libs (2.3.2-r1)
(20/85) Installing tar (1.35-r3)
(21/85) Installing busybox (1.37.0-r18)
Executing busybox-1.37.0-r18.post-install
(22/85) Installing ssl_client (1.37.0-r18)
(23/85) Installing busybox-binsh (1.37.0-r18)
(24/85) Installing abuild (3.15.0-r0)
Executing abuild-3.15.0-r0.pre-install
(25/85) Installing abuild-sudo (3.15.0-r0)
(26/85) Installing alpine-baselayout-data (3.7.0-r0)
(27/85) Installing alpine-baselayout (3.7.0-r0)
Executing alpine-baselayout-3.7.0-r0.pre-install
Executing alpine-baselayout-3.7.0-r0.post-install
(28/85) Installing bridge (1.5-r5)
(29/85) Installing ifupdown-ng (0.12.1-r7)
(30/85) Installing openrc-user (0.62.2-r2)
(31/85) Installing openrc (0.62.2-r2)
Executing openrc-0.62.2-r2.post-install
(32/85) Installing mdev-conf (4.8-r0)
(33/85) Installing busybox-mdev-openrc (1.37.0-r18)
(34/85) Installing alpine-conf (3.20.0-r0)
(35/85) Installing alpine-keys (2.5-r0)
(36/85) Installing alpine-release (3.22.0-r0)
(37/85) Installing busybox-openrc (1.37.0-r18)
(38/85) Installing busybox-suid (1.37.0-r18)
(39/85) Installing alpine-base (3.22.0-r0)
(40/85) Installing jansson (2.14.1-r0)
(41/85) Installing zstd-libs (1.5.7-r0)
(42/85) Installing binutils (2.44-r0)
(43/85) Installing libmagic (5.46-r2)
(44/85) Installing file (5.46-r2)
(45/85) Installing libgomp (14.3.0-r1)
(46/85) Installing libatomic (14.3.0-r1)
(47/85) Installing gmp (6.3.0-r3)
(48/85) Installing isl26 (0.26-r1)
(49/85) Installing mpfr4 (4.2.1_p1-r0)
(50/85) Installing mpc1 (1.3.1-r1)
(51/85) Installing gcc (14.3.0-r1)
(52/85) Installing libstdc++-dev (14.3.0-r1)
(53/85) Installing musl-dev (1.2.5-r10)
(54/85) Installing g++ (14.3.0-r1)
(55/85) Installing make (4.4.1-r3)
(56/85) Installing fortify-headers (1.1-r5)
(57/85) Installing build-base (0.5-r3)
(58/85) Installing brotli-libs (1.1.0-r2)
(59/85) Installing c-ares (1.34.5-r0)
(60/85) Installing libunistring (1.3-r0)
(61/85) Installing libidn2 (2.3.7-r0)
(62/85) Installing nghttp2-libs (1.65.0-r0)
(63/85) Installing libpsl (0.21.5-r3)
(64/85) Installing libcurl (8.14.0-r2)
(65/85) Installing libexpat (2.7.1-r0)
(66/85) Installing pcre2 (10.43-r1)
(67/85) Installing git (2.49.0-r0)
(68/85) Installing git-init-template (2.49.0-r0)
(69/85) Installing libbz2 (1.0.8-r6)
(70/85) Installing perl (5.40.2-r0)
(71/85) Installing perl-error (0.17030-r0)
(72/85) Installing perl-git (2.49.0-r0)
(73/85) Installing git-perl (2.49.0-r0)
(74/85) Installing perl-html-tagset (3.24-r0)
(75/85) Installing perl-clone (0.47-r0)
(76/85) Installing perl-http-date (6.06-r0)
(77/85) Installing perl-uri (5.28-r0)
(78/85) Installing perl-io-html (1.004-r1)
(79/85) Installing perl-encode-locale (1.05-r5)
(80/85) Installing perl-lwp-mediatypes (6.04-r3)
(81/85) Installing perl-http-message (7.00-r0)
(82/85) Installing perl-html-parser (3.83-r0)
(83/85) Installing perl-cgi (4.68-r0)
(84/85) Installing perl-utils (5.40.2-r0)
(85/85) Installing perl-dev (5.40.2-r0)
Executing busybox-1.37.0-r18.trigger
OK: 307 MiB in 85 packages
>>> perl-cgi-psgi: Fetching https://cpan.metacpan.org/authors/id/M/MI/MIYAGAWA/CGI-PSGI-0.15.tar.gz
>>> perl-cgi-psgi: Checking sha512sums...
CGI-PSGI-0.15.tar.gz: OK
>>> perl-cgi-psgi: Unpacking /var/cache/distfiles/CGI-PSGI-0.15.tar.gz...
Checking if your kit is complete...
Looks good
Generating a Unix-style Makefile
Writing Makefile for CGI::PSGI
Writing MYMETA.yml and MYMETA.json
cp lib/CGI/PSGI.pm blib/lib/CGI/PSGI.pm
Manifying 1 pod document
PERL_DL_NONLAZY=1 "/usr/bin/perl" "-MExtUtils::Command::MM" "-MTest::Harness" "-e" "undef *Test::Harness::Switches; test_harness(0, 'inc', 'blib/lib', 'blib/arch')" t/*.t
t/00_compile.t .... ok
t/cookie.t ........ ok
t/http.t .......... ok
CGI::param called in list context from t/psgi.t line 42, this can lead to vulnerabilities. See the warning in "Fetching the value or values of a single named parameter" at /usr/share/perl5/vendor_perl/CGI.pm line 416.
t/psgi.t .......... ok
t/psgi_headers.t .. ok
t/redirect.t ...... ok
t/upload.t ........ ok
All tests successful.
Files=7, Tests=88,  1 wallclock secs ( 0.01 usr  0.01 sys +  0.33 cusr  0.03 csys =  0.38 CPU)
Result: PASS
>>> perl-cgi-psgi: Entering fakeroot...
Manifying 1 pod document
Appending installation info to /tmp/pkg/perl-cgi-psgi/usr/lib/perl5/core_perl/perllocal.pod
Installing /tmp/pkg/perl-cgi-psgi/usr/share/perl5/vendor_perl/CGI/PSGI.pm
Installing /tmp/pkg/perl-cgi-psgi/usr/share/man/man3/CGI::PSGI.3pm
>>> perl-cgi-psgi-doc*: Running split function doc...
'usr/share/man' -> '/tmp/pkg/perl-cgi-psgi-doc/usr/share/man'
>>> perl-cgi-psgi-doc*: Preparing subpackage perl-cgi-psgi-doc...
>>> perl-cgi-psgi-doc*: Running postcheck for perl-cgi-psgi-doc
>>> perl-cgi-psgi*: Running postcheck for perl-cgi-psgi
>>> perl-cgi-psgi*: Preparing package perl-cgi-psgi...
>>> perl-cgi-psgi-doc*: Tracing dependencies...
>>> perl-cgi-psgi-doc*: Package size: 2.2 KB
>>> perl-cgi-psgi-doc*: Compressing data...
>>> perl-cgi-psgi-doc*: Create checksum...
>>> perl-cgi-psgi-doc*: Create perl-cgi-psgi-doc-0.15-r5.apk
>>> perl-cgi-psgi*: Tracing dependencies...
	perl
	perl-cgi
>>> perl-cgi-psgi*: Package size: 9.1 KB
>>> perl-cgi-psgi*: Compressing data...
>>> perl-cgi-psgi*: Create checksum...
>>> perl-cgi-psgi*: Create perl-cgi-psgi-0.15-r5.apk
>>> perl-cgi-psgi: Updating the main/x86_64 repository index...
>>> perl-cgi-psgi: Signing the index...
>>> perl-cgi-psgi: Cleaning up srcdir
>>> perl-cgi-psgi: Cleaning up build chroot
>>> perl-cgi-psgi: Cleaning up pkgdir
