>>> doxygen: Validating /home/packager/oily-pine/main/doxygen/APKBUILD...
>>> doxygen: Cleaning up srcdir
>>> doxygen: Cleaning up pkgdir
>>> doxygen: Cleaning up tmpdir
>>> doxygen: Fetching https://doxygen.nl/files/doxygen-1.13.2.src.tar.gz
  % Total    % Received % Xferd  Average Speed   Time    Time     Time  Current
                                 Dload  Upload   Total   Spent    Left  Speed
  0     0    0     0    0     0      0      0 --:--:-- --:--:-- --:--:--     0 85 8312k   85 7108k    0     0  17.5M      0 --:--:-- --:--:-- --:--:-- 17.4M100 8312k  100 8312k    0     0  18.5M      0 --:--:-- --:--:-- --:--:-- 18.5M
>>> doxygen: Fetching https://doxygen.nl/files/doxygen-1.13.2.src.tar.gz
>>> doxygen: Checking sha512sums...
doxygen-1.13.2.src.tar.gz: OK
>>> doxygen: Preparing build chroot...
fetch http://dl-cdn.alpinelinux.org/alpine/edge/main/x86_64/APKINDEX.tar.gz
(1/104) Installing musl (1.2.5-r10)
(2/104) Installing libcrypto3 (3.5.0-r0)
(3/104) Installing ca-certificates-bundle (20241121-r2)
(4/104) Installing libssl3 (3.5.0-r0)
(5/104) Installing zlib (1.3.1-r2)
(6/104) Installing libapk2 (2.14.9-r2)
(7/104) Installing apk-tools (2.14.9-r2)
(8/104) Installing libcap2 (2.76-r0)
(9/104) Installing libcap-getcap (2.76-r0)
(10/104) Installing fakeroot (1.37.1.1-r0)
(11/104) Installing scanelf (1.3.8-r1)
(12/104) Installing musl-utils (1.2.5-r10)
(13/104) Installing libgcc (14.3.0-r0)
(14/104) Installing libstdc++ (14.3.0-r0)
(15/104) Installing lzip (1.25-r0)
(16/104) Installing openssl (3.5.0-r0)
(17/104) Installing patch (2.8-r0)
(18/104) Installing pkgconf (2.4.3-r0)
(19/104) Installing acl-libs (2.3.2-r1)
(20/104) Installing tar (1.35-r3)
(21/104) Installing busybox (1.37.0-r18)
Executing busybox-1.37.0-r18.post-install
(22/104) Installing ssl_client (1.37.0-r18)
(23/104) Installing busybox-binsh (1.37.0-r18)
(24/104) Installing abuild (3.15.0-r0)
Executing abuild-3.15.0-r0.pre-install
(25/104) Installing abuild-sudo (3.15.0-r0)
(26/104) Installing alpine-baselayout-data (3.7.0-r0)
(27/104) Installing alpine-baselayout (3.7.0-r0)
Executing alpine-baselayout-3.7.0-r0.pre-install
Executing alpine-baselayout-3.7.0-r0.post-install
(28/104) Installing bridge (1.5-r5)
(29/104) Installing ifupdown-ng (0.12.1-r7)
(30/104) Installing openrc-user (0.62.2-r2)
(31/104) Installing openrc (0.62.2-r2)
Executing openrc-0.62.2-r2.post-install
(32/104) Installing mdev-conf (4.8-r0)
(33/104) Installing busybox-mdev-openrc (1.37.0-r18)
(34/104) Installing alpine-conf (3.20.0-r0)
(35/104) Installing alpine-keys (2.5-r0)
(36/104) Installing alpine-release (3.22.0-r0)
(37/104) Installing busybox-openrc (1.37.0-r18)
(38/104) Installing busybox-suid (1.37.0-r18)
(39/104) Installing alpine-base (3.22.0-r0)
(40/104) Installing m4 (1.4.20-r0)
(41/104) Installing bison (3.8.2-r2)
(42/104) Installing jansson (2.14.1-r0)
(43/104) Installing zstd-libs (1.5.7-r0)
(44/104) Installing binutils (2.44-r0)
(45/104) Installing libmagic (5.46-r2)
(46/104) Installing file (5.46-r2)
(47/104) Installing libgomp (14.3.0-r0)
(48/104) Installing libatomic (14.3.0-r0)
(49/104) Installing gmp (6.3.0-r3)
(50/104) Installing isl26 (0.26-r1)
(51/104) Installing mpfr4 (4.2.1_p1-r0)
(52/104) Installing mpc1 (1.3.1-r1)
(53/104) Installing gcc (14.3.0-r0)
(54/104) Installing libstdc++-dev (14.3.0-r0)
(55/104) Installing musl-dev (1.2.5-r10)
(56/104) Installing g++ (14.3.0-r0)
(57/104) Installing make (4.4.1-r3)
(58/104) Installing fortify-headers (1.1-r5)
(59/104) Installing build-base (0.5-r3)
(60/104) Installing libbz2 (1.0.8-r6)
(61/104) Installing libexpat (2.7.1-r0)
(62/104) Installing lz4-libs (1.10.0-r0)
(63/104) Installing xz-libs (5.8.1-r0)
(64/104) Installing libarchive (3.8.0-r0)
(65/104) Installing rhash-libs (1.4.5-r0)
(66/104) Installing libuv (1.51.0-r0)
(67/104) Installing cmake (4.0.2-r0)
(68/104) Installing coreutils-env (9.7-r1)
(69/104) Installing coreutils-fmt (9.7-r1)
(70/104) Installing coreutils-sha512sum (9.7-r1)
(71/104) Installing libattr (2.5.2-r2)
(72/104) Installing skalibs-libs (2.14.4.0-r0)
(73/104) Installing utmps-libs (0.1.3.1-r0)
(74/104) Installing coreutils (9.7-r1)
(75/104) Installing flex (2.6.4-r7)
(76/104) Installing brotli-libs (1.1.0-r2)
(77/104) Installing c-ares (1.34.5-r0)
(78/104) Installing libunistring (1.3-r0)
(79/104) Installing libidn2 (2.3.7-r0)
(80/104) Installing nghttp2-libs (1.65.0-r0)
(81/104) Installing libpsl (0.21.5-r3)
(82/104) Installing libcurl (8.14.0-r2)
(83/104) Installing pcre2 (10.43-r1)
(84/104) Installing git (2.49.0-r0)
(85/104) Installing git-init-template (2.49.0-r0)
(86/104) Installing libxml2 (2.13.8-r0)
(87/104) Installing libxml2-utils (2.13.8-r0)
(88/104) Installing perl (5.40.2-r0)
(89/104) Installing perl-error (0.17030-r0)
(90/104) Installing perl-git (2.49.0-r0)
(91/104) Installing git-perl (2.49.0-r0)
(92/104) Installing libffi (3.4.8-r0)
(93/104) Installing gdbm (1.24-r0)
(94/104) Installing mpdecimal (4.0.1-r0)
(95/104) Installing ncurses-terminfo-base (6.5_p20250503-r0)
(96/104) Installing libncursesw (6.5_p20250503-r0)
(97/104) Installing libpanelw (6.5_p20250503-r0)
(98/104) Installing readline (8.2.13-r1)
(99/104) Installing sqlite-libs (3.50.0-r0)
(100/104) Installing python3 (3.12.10-r1)
(101/104) Installing python3-pycache-pyc0 (3.12.10-r1)
(102/104) Installing pyc (3.12.10-r1)
(103/104) Installing python3-pyc (3.12.10-r1)
(104/104) Installing samurai (1.2-r7)
Executing busybox-1.37.0-r18.trigger
OK: 390 MiB in 104 packages
>>> doxygen: Fetching https://doxygen.nl/files/doxygen-1.13.2.src.tar.gz
>>> doxygen: Checking sha512sums...
doxygen-1.13.2.src.tar.gz: OK
>>> doxygen: Unpacking /var/cache/distfiles/doxygen-1.13.2.src.tar.gz...
-- The C compiler identification is GNU 14.3.0
-- The CXX compiler identification is GNU 14.3.0
-- Detecting C compiler ABI info
-- Detecting C compiler ABI info - done
-- Check for working C compiler: /usr/bin/cc - skipped
-- Detecting C compile features
-- Detecting C compile features - done
-- Detecting CXX compiler ABI info
-- Detecting CXX compiler ABI info - done
-- Check for working CXX compiler: /usr/bin/c++ - skipped
-- Detecting CXX compile features
-- Detecting CXX compile features - done
-- Using Cmake version 4.0.2
-- Found Python: /usr/bin/python3.12 (found version "3.12.10") found components: Interpreter
-- Found FLEX: /usr/bin/flex (found version "2.6.4")
-- Found BISON: /usr/bin/bison (found version "3.8.2")
-- Performing Test CMAKE_HAVE_LIBC_PTHREAD
-- Performing Test CMAKE_HAVE_LIBC_PTHREAD - Success
-- Found Threads: TRUE
-- Performing Test Iconv_IS_BUILT_IN
-- Performing Test Iconv_IS_BUILT_IN - Success
-- Found Iconv: built in to C library
-- Build spdlog: 1.14.1
-- Build type: MinSizeRel
-- The javacc executable not found, using existing files
-- The generateDS executable not found, using existing files
-- Configuring done (0.5s)
CMake Warning (dev) at src/CMakeLists.txt:140 (add_custom_command):
  Policy CMP0116 is not set: Ninja generators transform DEPFILEs from
  add_custom_command().  Run "cmake --help-policy CMP0116" for policy
  details.  Use the cmake_policy command to set the policy and suppress this
  warning.
This warning is for project developers.  Use -Wno-dev to suppress it.

CMake Warning (dev) at src/CMakeLists.txt:140 (add_custom_command):
  Policy CMP0116 is not set: Ninja generators transform DEPFILEs from
  add_custom_command().  Run "cmake --help-policy CMP0116" for policy
  details.  Use the cmake_policy command to set the policy and suppress this
  warning.
This warning is for project developers.  Use -Wno-dev to suppress it.

CMake Warning (dev) at src/CMakeLists.txt:140 (add_custom_command):
  Policy CMP0116 is not set: Ninja generators transform DEPFILEs from
  add_custom_command().  Run "cmake --help-policy CMP0116" for policy
  details.  Use the cmake_policy command to set the policy and suppress this
  warning.
This warning is for project developers.  Use -Wno-dev to suppress it.

CMake Warning (dev) at src/CMakeLists.txt:140 (add_custom_command):
  Policy CMP0116 is not set: Ninja generators transform DEPFILEs from
  add_custom_command().  Run "cmake --help-policy CMP0116" for policy
  details.  Use the cmake_policy command to set the policy and suppress this
  warning.
This warning is for project developers.  Use -Wno-dev to suppress it.

CMake Warning (dev) at src/CMakeLists.txt:140 (add_custom_command):
  Policy CMP0116 is not set: Ninja generators transform DEPFILEs from
  add_custom_command().  Run "cmake --help-policy CMP0116" for policy
  details.  Use the cmake_policy command to set the policy and suppress this
  warning.
This warning is for project developers.  Use -Wno-dev to suppress it.

CMake Warning (dev) at src/CMakeLists.txt:140 (add_custom_command):
  Policy CMP0116 is not set: Ninja generators transform DEPFILEs from
  add_custom_command().  Run "cmake --help-policy CMP0116" for policy
  details.  Use the cmake_policy command to set the policy and suppress this
  warning.
This warning is for project developers.  Use -Wno-dev to suppress it.

CMake Warning (dev) at src/CMakeLists.txt:140 (add_custom_command):
  Policy CMP0116 is not set: Ninja generators transform DEPFILEs from
  add_custom_command().  Run "cmake --help-policy CMP0116" for policy
  details.  Use the cmake_policy command to set the policy and suppress this
  warning.
This warning is for project developers.  Use -Wno-dev to suppress it.

CMake Warning (dev) at src/CMakeLists.txt:140 (add_custom_command):
  Policy CMP0116 is not set: Ninja generators transform DEPFILEs from
  add_custom_command().  Run "cmake --help-policy CMP0116" for policy
  details.  Use the cmake_policy command to set the policy and suppress this
  warning.
This warning is for project developers.  Use -Wno-dev to suppress it.

CMake Warning (dev) at src/CMakeLists.txt:140 (add_custom_command):
  Policy CMP0116 is not set: Ninja generators transform DEPFILEs from
  add_custom_command().  Run "cmake --help-policy CMP0116" for policy
  details.  Use the cmake_policy command to set the policy and suppress this
  warning.
This warning is for project developers.  Use -Wno-dev to suppress it.

CMake Warning (dev) at src/CMakeLists.txt:140 (add_custom_command):
  Policy CMP0116 is not set: Ninja generators transform DEPFILEs from
  add_custom_command().  Run "cmake --help-policy CMP0116" for policy
  details.  Use the cmake_policy command to set the policy and suppress this
  warning.
This warning is for project developers.  Use -Wno-dev to suppress it.

CMake Warning (dev) at src/CMakeLists.txt:140 (add_custom_command):
  Policy CMP0116 is not set: Ninja generators transform DEPFILEs from
  add_custom_command().  Run "cmake --help-policy CMP0116" for policy
  details.  Use the cmake_policy command to set the policy and suppress this
  warning.
This warning is for project developers.  Use -Wno-dev to suppress it.

CMake Warning (dev) at src/CMakeLists.txt:140 (add_custom_command):
  Policy CMP0116 is not set: Ninja generators transform DEPFILEs from
  add_custom_command().  Run "cmake --help-policy CMP0116" for policy
  details.  Use the cmake_policy command to set the policy and suppress this
  warning.
This warning is for project developers.  Use -Wno-dev to suppress it.

CMake Warning (dev) at src/CMakeLists.txt:140 (add_custom_command):
  Policy CMP0116 is not set: Ninja generators transform DEPFILEs from
  add_custom_command().  Run "cmake --help-policy CMP0116" for policy
  details.  Use the cmake_policy command to set the policy and suppress this
  warning.
This warning is for project developers.  Use -Wno-dev to suppress it.

CMake Warning (dev) at src/CMakeLists.txt:140 (add_custom_command):
  Policy CMP0116 is not set: Ninja generators transform DEPFILEs from
  add_custom_command().  Run "cmake --help-policy CMP0116" for policy
  details.  Use the cmake_policy command to set the policy and suppress this
  warning.
This warning is for project developers.  Use -Wno-dev to suppress it.

CMake Warning (dev) at src/CMakeLists.txt:140 (add_custom_command):
  Policy CMP0116 is not set: Ninja generators transform DEPFILEs from
  add_custom_command().  Run "cmake --help-policy CMP0116" for policy
  details.  Use the cmake_policy command to set the policy and suppress this
  warning.
This warning is for project developers.  Use -Wno-dev to suppress it.

CMake Warning (dev) at src/CMakeLists.txt:140 (add_custom_command):
  Policy CMP0116 is not set: Ninja generators transform DEPFILEs from
  add_custom_command().  Run "cmake --help-policy CMP0116" for policy
  details.  Use the cmake_policy command to set the policy and suppress this
  warning.
This warning is for project developers.  Use -Wno-dev to suppress it.

CMake Warning (dev) at src/CMakeLists.txt:140 (add_custom_command):
  Policy CMP0116 is not set: Ninja generators transform DEPFILEs from
  add_custom_command().  Run "cmake --help-policy CMP0116" for policy
  details.  Use the cmake_policy command to set the policy and suppress this
  warning.
This warning is for project developers.  Use -Wno-dev to suppress it.

CMake Warning (dev) at src/CMakeLists.txt:140 (add_custom_command):
  Policy CMP0116 is not set: Ninja generators transform DEPFILEs from
  add_custom_command().  Run "cmake --help-policy CMP0116" for policy
  details.  Use the cmake_policy command to set the policy and suppress this
  warning.
This warning is for project developers.  Use -Wno-dev to suppress it.

CMake Warning (dev) at src/CMakeLists.txt:140 (add_custom_command):
  Policy CMP0116 is not set: Ninja generators transform DEPFILEs from
  add_custom_command().  Run "cmake --help-policy CMP0116" for policy
  details.  Use the cmake_policy command to set the policy and suppress this
  warning.
This warning is for project developers.  Use -Wno-dev to suppress it.

-- Generating done (0.0s)
CMake Warning:
  Manually-specified variables were not used by the project:

    build_xmlparser


-- Build files have been written to: /tmp/src/doxygen-1.13.2/build
[1/2] Re-checking globbed directories...
[1/268] Generating ../generated_src/configvalues.h
[2/268] Generating ../generated_src/xml.l.h
[3/268] [FLEX][xml] Building scanner with flex 2.6.4
[4/268] Checking the doxygen version for changes...
[5/268] Checking the git repository for changes...
[6/268] Building C object deps/sqlite3/CMakeFiles/sqlite3.dir/sqlite3.c.o
[7/268] Building CXX object deps/spdlog/CMakeFiles/spdlog.dir/src/bundled_fmtlib_format.cpp.o
[8/268] Building CXX object deps/spdlog/CMakeFiles/spdlog.dir/src/cfg.cpp.o
[9/268] Building CXX object deps/spdlog/CMakeFiles/spdlog.dir/src/async.cpp.o
[10/268] Building CXX object deps/spdlog/CMakeFiles/spdlog.dir/src/file_sinks.cpp.o
[11/268] Building CXX object deps/spdlog/CMakeFiles/spdlog.dir/src/color_sinks.cpp.o
[12/268] Building CXX object deps/spdlog/CMakeFiles/spdlog.dir/src/stdout_sinks.cpp.o
[13/268] Building CXX object deps/spdlog/CMakeFiles/spdlog.dir/src/spdlog.cpp.o
[14/268] Generating ../../generated_src/mscgen_lexer.l.h
[15/268] [FLEX][mscgen_lexer] Building scanner with flex 2.6.4
[16/268] [BISON][mscgen_language] Building parser with bison 3.8.2
[17/268] Building CXX object deps/liblodepng/CMakeFiles/lodepng.dir/lodepng.cpp.o
[18/268] Building CXX object libversion/CMakeFiles/doxygen_version.dir/fullversion.cpp.o
[19/268] Building CXX object libversion/CMakeFiles/doxygen_version.dir/__/generated_src/gitversion.cpp.o
[20/268] Building CXX object libversion/CMakeFiles/doxygen_version.dir/__/generated_src/doxyversion.cpp.o
[21/268] Building C object deps/libmd5/CMakeFiles/md5.dir/md5.c.o
[22/268] Building CXX object libxml/CMakeFiles/xml.dir/__/generated_src/xml.cpp.o
[23/268] Generating ../generated_src/VhdlParserTokenManager_adj.cc
[24/268] Generating ../generated_src/VhdlParser_adj.cc
[25/268] Building CXX object vhdlparser/CMakeFiles/vhdlparser.dir/__/generated_src/VhdlParser_adj.cc.o
[26/268] Linking C static library lib/libmd5.a
[27/268] Building CXX object vhdlparser/CMakeFiles/vhdlparser.dir/__/generated_src/VhdlParserTokenManager_adj.cc.o
[28/268] Building CXX object deps/libmscgen/CMakeFiles/mscgen.dir/__/__/generated_src/mscgen_language.cpp.o
[29/268] Building C object deps/libmscgen/CMakeFiles/mscgen.dir/mscgen_utf8.c.o
[30/268] Building C object deps/libmscgen/CMakeFiles/mscgen.dir/mscgen_usage.c.o
[31/268] Building C object deps/libmscgen/CMakeFiles/mscgen.dir/mscgen_svg_out.c.o
[32/268] Building C object deps/libmscgen/CMakeFiles/mscgen.dir/mscgen_safe.c.o
[33/268] Building C object deps/libmscgen/CMakeFiles/mscgen.dir/mscgen_msc.c.o
[34/268] Linking CXX static library lib/libdoxygen_version.a
[35/268] Building C object deps/libmscgen/CMakeFiles/mscgen.dir/mscgen_api.c.o
[36/268] Building CXX object deps/libmscgen/CMakeFiles/mscgen.dir/__/__/generated_src/mscgen_lexer.cpp.o
[37/268] Building C object deps/libmscgen/CMakeFiles/mscgen.dir/mscgen_null_out.c.o
[38/268] Building C object deps/libmscgen/CMakeFiles/mscgen.dir/mscgen_ps_out.c.o
[39/268] Building C object deps/libmscgen/CMakeFiles/mscgen.dir/mscgen_gd_out.c.o
[40/268] Building C object deps/libmscgen/CMakeFiles/mscgen.dir/mscgen_adraw.c.o
[41/268] Building C object deps/libmscgen/CMakeFiles/mscgen.dir/gd_lodepng.c.o
[42/268] Building C object deps/libmscgen/CMakeFiles/mscgen.dir/gdhelpers.c.o
[43/268] Building C object deps/libmscgen/CMakeFiles/mscgen.dir/gdfonts.c.o
[44/268] Building C object deps/libmscgen/CMakeFiles/mscgen.dir/gd_color.c.o
[45/268] Building C object deps/libmscgen/CMakeFiles/mscgen.dir/gdtables.c.o
[46/268] Building C object deps/libmscgen/CMakeFiles/mscgen.dir/gdfontt.c.o
[47/268] Building C object deps/libmscgen/CMakeFiles/mscgen.dir/gd_security.c.o
[48/268] Building C object deps/libmscgen/CMakeFiles/mscgen.dir/gd.c.o
[49/268] Building CXX object vhdlparser/CMakeFiles/vhdlparser.dir/TokenMgrError.cc.o
[50/268] Building CXX object vhdlparser/CMakeFiles/vhdlparser.dir/Token.cc.o
[51/268] Building CXX object vhdlparser/CMakeFiles/vhdlparser.dir/ParseException.cc.o
[52/268] Building CXX object vhdlparser/CMakeFiles/vhdlparser.dir/CharStream.cc.o
[53/268] Linking CXX static library lib/liblodepng.a
[54/268] Linking CXX static library lib/libxml.a
[55/268] Linking CXX static library lib/libmscgen.a
[56/268] Linking CXX static library lib/libspdlog.a
[57/268] Generating ../generated_src/xmlcode.l, ../generated_src/xmlcode.corr, ../generated_src/xmlcode.d
[58/268] Generating ../generated_src/vhdlcode.l, ../generated_src/vhdlcode.corr, ../generated_src/vhdlcode.d
[59/268] Generating ../generated_src/sqlcode.l, ../generated_src/sqlcode.corr, ../generated_src/sqlcode.d
[60/268] Generating ../generated_src/scanner.l, ../generated_src/scanner.corr, ../generated_src/scanner.d
[61/268] Generating ../generated_src/pyscanner.l, ../generated_src/pyscanner.corr, ../generated_src/pyscanner.d
[62/268] Generating ../generated_src/pycode.l, ../generated_src/pycode.corr, ../generated_src/pycode.d
[63/268] Generating ../generated_src/pre.l, ../generated_src/pre.corr, ../generated_src/pre.d
[64/268] Generating ../generated_src/lexscanner.l, ../generated_src/lexscanner.corr, ../generated_src/lexscanner.d
[65/268] Generating ../generated_src/lexcode.l, ../generated_src/lexcode.corr, ../generated_src/lexcode.d
[66/268] Generating ../generated_src/fortranscanner.l, ../generated_src/fortranscanner.corr, ../generated_src/fortranscanner.d
[67/268] Generating ../generated_src/fortrancode.l, ../generated_src/fortrancode.corr, ../generated_src/fortrancode.d
[68/268] Generating ../generated_src/doctokenizer.l, ../generated_src/doctokenizer.corr, ../generated_src/doctokenizer.d
[69/268] Generating ../generated_src/defargs.l, ../generated_src/defargs.corr, ../generated_src/defargs.d
[70/268] Generating ../generated_src/declinfo.l, ../generated_src/declinfo.corr, ../generated_src/declinfo.d
[71/268] [FLEX][sqlcode] Building scanner with flex 2.6.4
[72/268] [FLEX][pyscanner] Building scanner with flex 2.6.4
[73/268] [FLEX][xmlcode] Building scanner with flex 2.6.4
[74/268] [FLEX][vhdlcode] Building scanner with flex 2.6.4
[75/268] [FLEX][declinfo] Building scanner with flex 2.6.4
[76/268] [FLEX][fortranscanner] Building scanner with flex 2.6.4
[77/268] [FLEX][lexscanner] Building scanner with flex 2.6.4
[78/268] [FLEX][lexcode] Building scanner with flex 2.6.4
[79/268] [FLEX][fortrancode] Building scanner with flex 2.6.4
[80/268] Generating ../generated_src/fortrancode.l.h
[81/268] [FLEX][defargs] Building scanner with flex 2.6.4
[82/268] [FLEX][pre] Building scanner with flex 2.6.4
[83/268] Generating ../generated_src/pre.l.h
[84/268] Generating ../generated_src/xmlcode.cpp
[85/268] [FLEX][scanner] Building scanner with flex 2.6.4
[86/268] Generating ../generated_src/sqlcode.cpp
[87/268] Generating ../generated_src/declinfo.cpp
[88/268] Generating ../generated_src/scanner.l.h
[89/268] Generating ../generated_src/pyscanner.cpp
[90/268] Generating ../generated_src/lexcode.cpp
[91/268] Generating ../generated_src/lexscanner.cpp
[92/268] [FLEX][doctokenizer] Building scanner with flex 2.6.4
[93/268] Generating ../generated_src/doctokenizer.l.h
[94/268] Generating ../generated_src/defargs.cpp
[95/268] Generating ../generated_src/defargs.l.h
[96/268] [FLEX][pycode] Building scanner with flex 2.6.4
[97/268] Generating ../generated_src/pycode.l.h
[98/268] Generating ../generated_src/lexcode.l.h
[99/268] Generating ../generated_src/pre.cpp
[100/268] Generating ../generated_src/lexscanner.l.h
[101/268] Generating ../generated_src/fortranscanner.l.h
[102/268] Generating ../generated_src/declinfo.l.h
[103/268] Generating ../generated_src/vhdlcode.l.h
[104/268] Generating ../generated_src/xmlcode.l.h
[105/268] Generating ../generated_src/pyscanner.l.h
[106/268] Generating ../generated_src/pycode.cpp
[107/268] Generating ../generated_src/sqlcode.l.h
[108/268] Generating ../generated_src/constexp.l, ../generated_src/constexp.corr, ../generated_src/constexp.d
[109/268] Generating ../generated_src/commentscan.l, ../generated_src/commentscan.corr, ../generated_src/commentscan.d
[110/268] Generating ../generated_src/commentcnv.l, ../generated_src/commentcnv.corr, ../generated_src/commentcnv.d
[111/268] Generating ../generated_src/code.l, ../generated_src/code.corr, ../generated_src/code.d
[112/268] Generating /tmp/src/doxygen-1.13.2/build/generated_src/resources.cpp
[113/268] Generating ../generated_src/ce_parse.h
[114/268] [BISON][constexp] Building parser with bison 3.8.2
[115/268] [FLEX][constexp] Building scanner with flex 2.6.4
[116/268] Generating ../generated_src/constexp.l.h
[117/268] Generating ../generated_src/configimpl.l, ../generated_src/configimpl.corr, ../generated_src/configimpl.d
[118/268] [FLEX][code] Building scanner with flex 2.6.4
[119/268] [FLEX][commentcnv] Building scanner with flex 2.6.4
[120/268] [FLEX][commentscan] Building scanner with flex 2.6.4
[121/268] Generating ../generated_src/constexp.cpp
[122/268] Generating ../generated_src/commentscan.l.h
[123/268] [FLEX][configimpl] Building scanner with flex 2.6.4
[124/268] Generating ../generated_src/configimpl.cpp
[125/268] Generating ../generated_src/configimpl.l.h
[126/268] Generating ../generated_src/commentcnv.cpp
[127/268] Generating ../generated_src/commentcnv.l.h
[128/268] Generating ../generated_src/code.l.h
[129/268] Generating ../generated_src/configvalues.cpp
[130/268] Generating ../generated_src/configoptions.cpp
[131/268] Generating ../generated_src/commentscan.cpp
[132/268] Building CXX object src/CMakeFiles/doxycfg.dir/__/generated_src/configoptions.cpp.o
[133/268] Building CXX object src/CMakeFiles/doxycfg.dir/trace.cpp.o
[134/268] Building CXX object src/CMakeFiles/doxycfg.dir/debug.cpp.o
[135/268] Building CXX object src/CMakeFiles/doxycfg.dir/message.cpp.o
[136/268] Building C object src/CMakeFiles/doxycfg.dir/portable_c.c.o
[137/268] Building CXX object src/CMakeFiles/doxycfg.dir/portable.cpp.o
[138/268] Building CXX object src/CMakeFiles/doxycfg.dir/__/generated_src/configvalues.cpp.o
[139/268] Generating ../generated_src/code.cpp
[140/268] Building CXX object src/CMakeFiles/doxycfg.dir/__/generated_src/configimpl.cpp.o
[141/268] Generating ../generated_src/vhdlcode.cpp
[142/268] Generating ../generated_src/scanner.cpp
[143/268] Generating ../generated_src/fortrancode.cpp
[144/268] Linking CXX static library lib/libvhdlparser.a
[145/268] Generating ../generated_src/doctokenizer.cpp
[146/268] Linking CXX static library lib/libdoxycfg.a
[147/268] Generating ../generated_src/fortranscanner.cpp
[148/268] Building CXX object src/CMakeFiles/doxymain.dir/__/generated_src/fortranscanner.cpp.o
[149/268] Building CXX object src/CMakeFiles/doxygen.dir/main.cpp.o
[150/268] Building CXX object src/CMakeFiles/doxymain.dir/xmlgen.cpp.o
[151/268] Building CXX object src/CMakeFiles/doxymain.dir/xmldocvisitor.cpp.o
[152/268] Building CXX object src/CMakeFiles/doxymain.dir/vhdljjparser.cpp.o
[153/268] Building CXX object src/CMakeFiles/doxymain.dir/vhdldocgen.cpp.o
[154/268] Building CXX object src/CMakeFiles/doxymain.dir/util.cpp.o
[155/268] Building CXX object src/CMakeFiles/doxymain.dir/utf8.cpp.o
[156/268] Building CXX object src/CMakeFiles/doxymain.dir/tooltip.cpp.o
[157/268] Building CXX object src/CMakeFiles/doxymain.dir/textdocvisitor.cpp.o
[158/268] Building CXX object src/CMakeFiles/doxymain.dir/tagreader.cpp.o
[159/268] Building CXX object src/CMakeFiles/doxymain.dir/symbolresolver.cpp.o
[160/268] Building CXX object src/CMakeFiles/doxymain.dir/stlsupport.cpp.o
[161/268] Building CXX object src/CMakeFiles/doxymain.dir/sqlite3gen.cpp.o
[162/268] Building CXX object src/CMakeFiles/doxymain.dir/sitemap.cpp.o
[163/268] Building CXX object src/CMakeFiles/doxymain.dir/singlecomment.cpp.o
[164/268] Building CXX object src/CMakeFiles/doxymain.dir/searchindex_js.cpp.o
[165/268] Building CXX object src/CMakeFiles/doxymain.dir/searchindex.cpp.o
[166/268] Building CXX object src/CMakeFiles/doxymain.dir/rtfstyle.cpp.o
[167/268] Building CXX object src/CMakeFiles/doxymain.dir/rtfgen.cpp.o
[168/268] Building CXX object src/CMakeFiles/doxymain.dir/rtfdocvisitor.cpp.o
[169/268] Building CXX object src/CMakeFiles/doxymain.dir/resourcemgr.cpp.o
[170/268] Building CXX object src/CMakeFiles/doxymain.dir/regex.cpp.o
[171/268] Building CXX object src/CMakeFiles/doxymain.dir/reflist.cpp.o
[172/268] Building CXX object src/CMakeFiles/doxymain.dir/qhp.cpp.o
[173/268] Building CXX object src/CMakeFiles/doxymain.dir/qcstring.cpp.o
[174/268] Building CXX object src/CMakeFiles/doxymain.dir/plantuml.cpp.o
[175/268] Building CXX object src/CMakeFiles/doxymain.dir/perlmodgen.cpp.o
[176/268] Building CXX object src/CMakeFiles/doxymain.dir/pagedef.cpp.o
[177/268] Building CXX object src/CMakeFiles/doxymain.dir/outputlist.cpp.o
[178/268] Building CXX object src/CMakeFiles/doxymain.dir/outputgen.cpp.o
[179/268] Building CXX object src/CMakeFiles/doxymain.dir/namespacedef.cpp.o
[180/268] Building CXX object src/CMakeFiles/doxymain.dir/msc.cpp.o
[181/268] Building CXX object src/CMakeFiles/doxymain.dir/moduledef.cpp.o
[182/268] Building CXX object src/CMakeFiles/doxymain.dir/memberlist.cpp.o
[183/268] Building CXX object src/CMakeFiles/doxymain.dir/membergroup.cpp.o
[184/268] Building CXX object src/CMakeFiles/doxymain.dir/memberdef.cpp.o
[185/268] Building CXX object src/CMakeFiles/doxymain.dir/markdown.cpp.o
[186/268] Building CXX object src/CMakeFiles/doxymain.dir/mangen.cpp.o
[187/268] Building CXX object src/CMakeFiles/doxymain.dir/mandocvisitor.cpp.o
[188/268] Building CXX object src/CMakeFiles/doxymain.dir/layout.cpp.o
[189/268] Building CXX object src/CMakeFiles/doxymain.dir/latexgen.cpp.o
[190/268] Building CXX object src/CMakeFiles/doxymain.dir/latexdocvisitor.cpp.o
[191/268] Building CXX object src/CMakeFiles/doxymain.dir/language.cpp.o
[192/268] Building CXX object src/CMakeFiles/doxymain.dir/index.cpp.o
[193/268] Building CXX object src/CMakeFiles/doxymain.dir/image.cpp.o
[194/268] Building CXX object src/CMakeFiles/doxymain.dir/htmlhelp.cpp.o
[195/268] Building CXX object src/CMakeFiles/doxymain.dir/htmlgen.cpp.o
[196/268] Building CXX object src/CMakeFiles/doxymain.dir/htmlentity.cpp.o
[197/268] Building CXX object src/CMakeFiles/doxymain.dir/htmldocvisitor.cpp.o
[198/268] Building CXX object src/CMakeFiles/doxymain.dir/htags.cpp.o
[199/268] Building CXX object src/CMakeFiles/doxymain.dir/groupdef.cpp.o
[200/268] Linking C static library lib/libsqlite3.a
[201/268] Building CXX object src/CMakeFiles/doxymain.dir/ftvhelp.cpp.o
[202/268] Building CXX object src/CMakeFiles/doxymain.dir/formula.cpp.o
[203/268] Building CXX object src/CMakeFiles/doxymain.dir/fileparser.cpp.o
[204/268] Building CXX object src/CMakeFiles/doxymain.dir/fileinfo.cpp.o
[205/268] Building CXX object src/CMakeFiles/doxymain.dir/filedef.cpp.o
[206/268] Building CXX object src/CMakeFiles/doxymain.dir/entry.cpp.o
[207/268] Building CXX object src/CMakeFiles/doxymain.dir/emoji.cpp.o
[208/268] Building CXX object src/CMakeFiles/doxymain.dir/eclipsehelp.cpp.o
[209/268] Building CXX object src/CMakeFiles/doxymain.dir/doxygen.cpp.o
[210/268] Building CXX object src/CMakeFiles/doxymain.dir/dotrunner.cpp.o
[211/268] Building CXX object src/CMakeFiles/doxymain.dir/dotnode.cpp.o
[212/268] Building CXX object src/CMakeFiles/doxymain.dir/dotlegendgraph.cpp.o
[213/268] Building CXX object src/CMakeFiles/doxymain.dir/dotincldepgraph.cpp.o
[214/268] Building CXX object src/CMakeFiles/doxymain.dir/dotgroupcollaboration.cpp.o
[215/268] Building CXX object src/CMakeFiles/doxymain.dir/dotgraph.cpp.o
[216/268] Building CXX object src/CMakeFiles/doxymain.dir/dotgfxhierarchytable.cpp.o
[217/268] Building CXX object src/CMakeFiles/doxymain.dir/dotfilepatcher.cpp.o
[218/268] Building CXX object src/CMakeFiles/doxymain.dir/dotdirdeps.cpp.o
[219/268] Building CXX object src/CMakeFiles/doxymain.dir/dotclassgraph.cpp.o
[220/268] Building CXX object src/CMakeFiles/doxymain.dir/dotcallgraph.cpp.o
[221/268] Building CXX object src/CMakeFiles/doxymain.dir/dot.cpp.o
[222/268] Building CXX object src/CMakeFiles/doxymain.dir/docvisitor.cpp.o
[223/268] Building CXX object src/CMakeFiles/doxymain.dir/docsets.cpp.o
[224/268] Building CXX object src/CMakeFiles/doxymain.dir/docparser.cpp.o
[225/268] Building CXX object src/CMakeFiles/doxymain.dir/docnode.cpp.o
[226/268] Building CXX object src/CMakeFiles/doxymain.dir/docgroup.cpp.o
[227/268] Building CXX object src/CMakeFiles/doxymain.dir/docbookvisitor.cpp.o
[228/268] Building CXX object src/CMakeFiles/doxymain.dir/docbookgen.cpp.o
[229/268] Building CXX object src/CMakeFiles/doxymain.dir/dirdef.cpp.o
[230/268] Building CXX object src/CMakeFiles/doxymain.dir/dir.cpp.o
[231/268] Building CXX object src/CMakeFiles/doxymain.dir/diagram.cpp.o
[232/268] Building CXX object src/CMakeFiles/doxymain.dir/dia.cpp.o
[233/268] Building CXX object src/CMakeFiles/doxymain.dir/definition.cpp.o
[234/268] Building CXX object src/CMakeFiles/doxymain.dir/defgen.cpp.o
[235/268] Building CXX object src/CMakeFiles/doxymain.dir/datetime.cpp.o
[236/268] Building CXX object src/CMakeFiles/doxymain.dir/cppvalue.cpp.o
[237/268] Building CXX object src/CMakeFiles/doxymain.dir/condparser.cpp.o
[238/268] Building CXX object src/CMakeFiles/doxymain.dir/conceptdef.cpp.o
[239/268] Building CXX object src/CMakeFiles/doxymain.dir/codefragment.cpp.o
[240/268] Building CXX object src/CMakeFiles/doxymain.dir/cmdmapper.cpp.o
[241/268] Building CXX object src/CMakeFiles/doxymain.dir/classlist.cpp.o
[242/268] Building CXX object src/CMakeFiles/doxymain.dir/classdef.cpp.o
[243/268] Building CXX object src/CMakeFiles/doxymain.dir/clangparser.cpp.o
[244/268] Building CXX object src/CMakeFiles/doxymain.dir/cite.cpp.o
[245/268] Building CXX object src/CMakeFiles/doxymain.dir/arguments.cpp.o
[246/268] Building CXX object src/CMakeFiles/doxymain.dir/anchor.cpp.o
[247/268] Building CXX object src/CMakeFiles/doxymain.dir/aliases.cpp.o
[248/268] Building CXX object src/CMakeFiles/doxymain.dir/__/generated_src/resources.cpp.o
[249/268] Building CXX object src/CMakeFiles/doxymain.dir/__/generated_src/ce_parse.cpp.o
[250/268] Building CXX object src/CMakeFiles/doxymain.dir/__/generated_src/xmlcode.cpp.o
[251/268] Building CXX object src/CMakeFiles/doxymain.dir/__/generated_src/vhdlcode.cpp.o
[252/268] Building CXX object src/CMakeFiles/doxymain.dir/__/generated_src/sqlcode.cpp.o
[253/268] Building CXX object src/CMakeFiles/doxymain.dir/__/generated_src/scanner.cpp.o
[254/268] Building CXX object src/CMakeFiles/doxymain.dir/__/generated_src/pyscanner.cpp.o
[255/268] Building CXX object src/CMakeFiles/doxymain.dir/__/generated_src/pycode.cpp.o
[256/268] Building CXX object src/CMakeFiles/doxymain.dir/__/generated_src/pre.cpp.o
[257/268] Building CXX object src/CMakeFiles/doxymain.dir/__/generated_src/lexscanner.cpp.o
[258/268] Building CXX object src/CMakeFiles/doxymain.dir/__/generated_src/lexcode.cpp.o
[259/268] Building CXX object src/CMakeFiles/doxymain.dir/__/generated_src/fortrancode.cpp.o
[260/268] Building CXX object src/CMakeFiles/doxymain.dir/__/generated_src/doctokenizer.cpp.o
[261/268] Building CXX object src/CMakeFiles/doxymain.dir/__/generated_src/defargs.cpp.o
[262/268] Building CXX object src/CMakeFiles/doxymain.dir/__/generated_src/declinfo.cpp.o
[263/268] Building CXX object src/CMakeFiles/doxymain.dir/__/generated_src/constexp.cpp.o
[264/268] Building CXX object src/CMakeFiles/doxymain.dir/__/generated_src/commentscan.cpp.o
[265/268] Building CXX object src/CMakeFiles/doxymain.dir/__/generated_src/commentcnv.cpp.o
[266/268] Building CXX object src/CMakeFiles/doxymain.dir/__/generated_src/code.cpp.o
[267/268] Linking CXX static library lib/libdoxymain.a
[268/268] Linking CXX executable bin/doxygen
Test project /tmp/src/doxygen-1.13.2/build
        Start   1: 001_a
        Start   2: 002_addindex
        Start   3: 003_anchor
        Start   4: 004_arg
        Start   5: 005_attention
        Start   6: 006_author
        Start   7: 007_b
        Start   8: 008_brief
        Start   9: 009_bug
        Start  10: 010_c
        Start  11: 011_category
        Start  12: 012_cite
        Start  13: 013_class
        Start  14: 014_code
        Start  15: 015_cond
        Start  16: 016_copydoc
  1/106 Test  #12: 012_cite .....................................   Passed    0.05 sec
        Start  17: 017_copyright
  2/106 Test   #1: 001_a ........................................   Passed    0.06 sec
        Start  18: 018_def
  3/106 Test   #4: 004_arg ......................................   Passed    0.07 sec
        Start  19: 019_defgroup
  4/106 Test   #8: 008_brief ....................................   Passed    0.07 sec
        Start  20: 020_only
  5/106 Test  #16: 016_copydoc ..................................   Passed    0.08 sec
        Start  21: 021_dontinclude
  6/106 Test  #10: 010_c ........................................   Passed    0.09 sec
        Start  22: 022_dot
  7/106 Test   #3: 003_anchor ...................................   Passed    0.09 sec
        Start  23: 023_e
  8/106 Test   #6: 006_author ...................................   Passed    0.09 sec
        Start  24: 024_if
  9/106 Test   #9: 009_bug ......................................   Passed    0.09 sec
 10/106 Test  #14: 014_code .....................................   Passed    0.09 sec
        Start  25: 025_example
        Start  26: 026_exception
 11/106 Test   #2: 002_addindex .................................   Passed    0.10 sec
        Start  27: 027_extends
 12/106 Test   #7: 007_b ........................................   Passed    0.12 sec
        Start  28: 028_formula
 13/106 Test   #5: 005_attention ................................   Passed    0.12 sec
        Start  29: 029_hideinit
 14/106 Test  #15: 015_cond .....................................   Passed    0.12 sec
        Start  30: 030_htmlinclude
 15/106 Test  #11: 011_category .................................   Passed    0.13 sec
        Start  31: 031_image
 16/106 Test  #13: 013_class ....................................   Passed    0.14 sec
        Start  32: 032_include
 17/106 Test  #17: 017_copyright ................................   Passed    0.10 sec
        Start  33: 033_internal
 18/106 Test  #24: 024_if .......................................   Passed    0.08 sec
        Start  34: 034_internal
 19/106 Test  #26: 026_exception ................................   Passed    0.08 sec
        Start  35: 035_invariant
 20/106 Test  #19: 019_defgroup .................................   Passed    0.12 sec
        Start  36: 036_link
 21/106 Test  #20: 020_only .....................................   Passed    0.11 sec
        Start  37: 037_msc
 22/106 Test  #21: 021_dontinclude ..............................   Passed    0.10 sec
        Start  38: 038_n
 23/106 Test  #18: 018_def ......................................   Passed    0.13 sec
 24/106 Test  #22: 022_dot ......................................   Passed    0.10 sec
        Start  39: 039_name
        Start  40: 040_namespace
 25/106 Test  #27: 027_extends ..................................   Passed    0.09 sec
        Start  41: 041_overload
 26/106 Test  #25: 025_example ..................................   Passed    0.10 sec
        Start  42: 042_package
 27/106 Test  #29: 029_hideinit .................................   Passed    0.09 sec
        Start  43: 043_page
 28/106 Test  #23: 023_e ........................................   Passed    0.13 sec
        Start  44: 044_section
 29/106 Test  #28: 028_formula ..................................   Passed    0.10 sec
        Start  45: 045_refitem
 30/106 Test  #32: 032_include ..................................   Passed    0.10 sec
        Start  46: 046_related
 31/106 Test  #35: 035_invariant ................................   Passed    0.07 sec
        Start  47: 047_return
 32/106 Test  #30: 030_htmlinclude ..............................   Passed    0.13 sec
        Start  48: 048_showinit
 33/106 Test  #36: 036_link .....................................   Passed    0.09 sec
        Start  49: 049_snippet
 34/106 Test  #33: 033_internal .................................   Passed    0.12 sec
        Start  50: 050_verbatim
 35/106 Test  #40: 040_namespace ................................   Passed    0.08 sec
        Start  51: 051_escape
 36/106 Test  #31: 031_image ....................................   Passed    0.14 sec
        Start  52: 052_tilde
 37/106 Test  #34: 034_internal .................................   Passed    0.11 sec
        Start  53: 053_tilde
 38/106 Test  #38: 038_n ........................................   Passed    0.11 sec
        Start  54: 054_parblock
 39/106 Test  #44: 044_section ..................................   Passed    0.09 sec
        Start  55: 055_markdown
 40/106 Test  #42: 042_package ..................................   Passed    0.11 sec
        Start  56: 056_latexinclude
 41/106 Test  #43: 043_page .....................................   Passed    0.10 sec
        Start  57: 057_inlinenamespace
 42/106 Test  #37: 037_msc ......................................   Passed    0.14 sec
        Start  58: 058_strong_enum
 43/106 Test  #45: 045_refitem ..................................   Passed    0.10 sec
        Start  59: 059_template
 44/106 Test  #39: 039_name .....................................   Passed    0.13 sec
        Start  60: 060_details
 45/106 Test  #41: 041_overload .................................   Passed    0.13 sec
        Start  61: 061_Únicod€_file
 46/106 Test  #47: 047_return ...................................   Passed    0.08 sec
        Start  62: 062_main
 47/106 Test  #46: 046_related ..................................   Passed    0.09 sec
        Start  63: 063_main
 48/106 Test  #48: 048_showinit .................................   Passed    0.09 sec
        Start  64: 064_castoperator
 49/106 Test  #50: 050_verbatim .................................   Passed    0.11 sec
 50/106 Test  #52: 052_tilde ....................................   Passed    0.10 sec
        Start  65: 065_tilde
        Start  66: 066_property_initializer
 51/106 Test  #51: 051_escape ...................................   Passed    0.12 sec
        Start  67: 067_link_varargs
 52/106 Test  #54: 054_parblock .................................   Passed    0.10 sec
 53/106 Test  #55: 055_markdown .................................   Passed    0.10 sec
        Start  68: 068_ref_varargs
        Start  69: 069_link_variadic_template
 54/106 Test  #59: 059_template .................................   Passed    0.08 sec
        Start  70: 070_ref_variadic_template
 55/106 Test  #61: 061_Únicod€_file ..........................   Passed    0.08 sec
        Start  71: 071_enum_in_anon_ns
 56/106 Test  #49: 049_snippet ..................................   Passed    0.15 sec
 57/106 Test  #53: 053_tilde ....................................   Passed    0.13 sec
 58/106 Test  #56: 056_latexinclude .............................   Passed    0.11 sec
        Start  72: 072_using
        Start  73: 073_typed_enum
        Start  74: 074_ref
 59/106 Test  #57: 057_inlinenamespace ..........................   Passed    0.10 sec
        Start  75: 075_argmatch
 60/106 Test  #58: 058_strong_enum ..............................   Passed    0.10 sec
        Start  76: 076_emojis
 61/106 Test  #62: 062_main .....................................   Passed    0.12 sec
        Start  77: 077_no_xml_namespace_members_in_file_scope
 62/106 Test  #63: 063_main .....................................   Passed    0.12 sec
        Start  78: 078_xml_namespace_members_in_file_scope
 63/106 Test  #66: 066_property_initializer .....................   Passed    0.08 sec
        Start  79: 079_tableofcontents
 64/106 Test  #60: 060_details ..................................   Passed    0.14 sec
        Start  80: 080_extract_private_virtual
 65/106 Test  #65: 065_tilde ....................................   Passed    0.08 sec
        Start  81: 081_brief_lists
 66/106 Test  #64: 064_castoperator .............................   Passed    0.12 sec
        Start  82: 082_decl_def
 67/106 Test  #75: 075_argmatch .................................   Passed    0.07 sec
        Start  83: 083_decl_def
 68/106 Test  #74: 074_ref ......................................   Passed    0.11 sec
        Start  84: 084_markdown_pre
 69/106 Test  #67: 067_link_varargs .............................   Passed    0.13 sec
        Start  85: 085_tooltip
 70/106 Test  #72: 072_using ....................................   Passed    0.11 sec
        Start  86: 086_style_tags
 71/106 Test  #81: 081_brief_lists ..............................   Passed    0.07 sec
        Start  87: 087_public_type
 72/106 Test  #79: 079_tableofcontents ..........................   Passed    0.08 sec
        Start  88: 088_module_var
 73/106 Test  #77: 077_no_xml_namespace_members_in_file_scope ...   Passed    0.09 sec
        Start  89: 089_module_proc
 74/106 Test  #78: 078_xml_namespace_members_in_file_scope ......   Passed    0.09 sec
        Start  90: 090_interfaces
 75/106 Test  #70: 070_ref_variadic_template ....................   Passed    0.15 sec
 76/106 Test  #71: 071_enum_in_anon_ns ..........................   Passed    0.15 sec
 77/106 Test  #73: 073_typed_enum ...............................   Passed    0.14 sec
        Start  91: 091_module_with_procs
        Start  92: 092_more_interfaces
        Start  93: 093_interface_inside_routine
 78/106 Test  #68: 068_ref_varargs ..............................   Passed    0.15 sec
        Start  94: 094_old_style_fortran_routines
 79/106 Test  #69: 069_link_variadic_template ...................   Passed    0.15 sec
        Start  95: 095_inheritance
 80/106 Test  #83: 083_decl_def .................................   Passed    0.09 sec
        Start  96: 096_namespace_inheritance
 81/106 Test  #80: 080_extract_private_virtual ..................   Passed    0.13 sec
        Start  97: 097_type_with_procedures
 82/106 Test  #85: 085_tooltip ..................................   Passed    0.07 sec
        Start  98: 098_abstract_type
 83/106 Test  #82: 082_decl_def .................................   Passed    0.13 sec
        Start  99: 099_a
 84/106 Test  #89: 089_module_proc ..............................   Passed    0.08 sec
        Start 100: 100_a
 85/106 Test  #84: 084_markdown_pre .............................   Passed    0.10 sec
        Start 101: 101_static_assert
 86/106 Test  #93: 093_interface_inside_routine .................   Passed    0.08 sec
        Start 102: 102_header
 87/106 Test  #88: 088_module_var ...............................   Passed    0.10 sec
        Start 103: 103_include
 88/106 Test  #86: 086_style_tags ...............................   Passed    0.12 sec
        Start 104: 104_typedef_merging
 89/106 Test  #94: 094_old_style_fortran_routines ...............   Passed    0.11 sec
        Start 105: 105_using
 90/106 Test  #90: 090_interfaces ...............................   Passed    0.13 sec
        Start 106: 106_specialization
 91/106 Test  #91: 091_module_with_procs ........................   Passed    0.13 sec
 92/106 Test  #97: 097_type_with_procedures .....................   Passed    0.10 sec
 93/106 Test  #87: 087_public_type ..............................   Passed    0.15 sec
 94/106 Test  #96: 096_namespace_inheritance ....................   Passed    0.11 sec
 95/106 Test  #98: 098_abstract_type ............................   Passed    0.11 sec
 96/106 Test  #95: 095_inheritance ..............................   Passed    0.15 sec
 97/106 Test #101: 101_static_assert ............................   Passed    0.09 sec
 98/106 Test  #99: 099_a ........................................   Passed    0.11 sec
 99/106 Test #102: 102_header ...................................   Passed    0.09 sec
100/106 Test  #92: 092_more_interfaces ..........................   Passed    0.18 sec
101/106 Test #100: 100_a ........................................   Passed    0.12 sec
102/106 Test #104: 104_typedef_merging ..........................   Passed    0.09 sec
103/106 Test #103: 103_include ..................................   Passed    0.09 sec
104/106 Test #105: 105_using ....................................   Passed    0.08 sec
105/106 Test #106: 106_specialization ...........................   Passed    0.09 sec
106/106 Test  #76: 076_emojis ...................................   Passed    0.54 sec

100% tests passed, 0 tests failed out of 106

Total Test time (real) =   0.97 sec
>>> doxygen: Entering fakeroot...
-- Install configuration: "MinSizeRel"
-- Installing: /tmp/pkg/doxygen/usr/bin/doxygen
-- Installing: /tmp/pkg/doxygen/usr/share/man/man1/doxygen.1
>>> doxygen-doc*: Running split function doc...
renamed 'usr/share/man' -> '/tmp/pkg/doxygen-doc/usr/share/man'
>>> doxygen-doc*: Preparing subpackage doxygen-doc...
>>> doxygen-doc*: Running postcheck for doxygen-doc
>>> doxygen*: Running postcheck for doxygen
>>> doxygen*: Preparing package doxygen...
>>> doxygen*: Stripping binaries
>>> doxygen-doc*: Scanning shared objects
>>> doxygen*: Scanning shared objects
>>> doxygen-doc*: Tracing dependencies...
>>> doxygen-doc*: Package size: 1.0 KB
>>> doxygen-doc*: Compressing data...
>>> doxygen-doc*: Create checksum...
>>> doxygen-doc*: Create doxygen-doc-1.13.2-r0.apk
>>> doxygen*: Tracing dependencies...
	so:libc.musl-x86_64.so.1
	so:libgcc_s.so.1
	so:libstdc++.so.6
>>> doxygen*: Package size: 16.4 MB
>>> doxygen*: Compressing data...
>>> doxygen*: Create checksum...
>>> doxygen*: Create doxygen-1.13.2-r0.apk
>>> doxygen: Updating the main/x86_64 repository index...
>>> doxygen: Signing the index...
>>> doxygen: Cleaning up srcdir
>>> doxygen: Cleaning up build chroot
>>> doxygen: Cleaning up pkgdir
