pigz: not found
>>> perl-libwww: Building main/perl-libwww 6.77-r0 (using abuild 3.14.1-r4) started Thu, 22 May 2025 23:54:56 +0000
>>> perl-libwww: Validating /home/packager/aports/main/perl-libwww/APKBUILD...
>>> perl-libwww: Analyzing dependencies...
>>> perl-libwww: Installing for build: build-base perl perl-http-date perl-http-cookies perl-net-http perl-html-parser perl-file-listing perl-www-robotrules perl-http-negotiate perl-uri perl-http-message perl-lwp-mediatypes perl-encode-locale perl-try-tiny perl-test-needs perl-test-leaktrace perl-http-daemon perl-test-fatal perl-test-requiresinternet perl-http-cookiejar
(1/22) Installing perl-http-date (6.06-r0)
(2/22) Installing perl-clone (0.47-r0)
(3/22) Installing perl-uri (5.28-r0)
(4/22) Installing perl-io-html (1.004-r1)
(5/22) Installing perl-encode-locale (1.05-r5)
(6/22) Installing perl-lwp-mediatypes (6.04-r3)
(7/22) Installing perl-http-message (7.00-r0)
(8/22) Installing perl-http-cookies (6.11-r0)
(9/22) Installing perl-net-http (6.23-r1)
(10/22) Installing perl-html-tagset (3.24-r0)
(11/22) Installing perl-html-parser (3.83-r0)
(12/22) Installing perl-file-listing (6.16-r0)
(13/22) Installing perl-www-robotrules (6.02-r5)
(14/22) Installing perl-http-negotiate (6.01-r5)
(15/22) Installing perl-try-tiny (0.32-r0)
(16/22) Installing perl-test-needs (0.002010-r1)
(17/22) Installing perl-test-leaktrace (0.17-r5)
(18/22) Installing perl-http-daemon (6.16-r2)
(19/22) Installing perl-test-fatal (0.017-r1)
(20/22) Installing perl-test-requiresinternet (0.05-r4)
(21/22) Installing perl-http-cookiejar (0.014-r1)
(22/22) Installing .makedepends-perl-libwww (20250522.235500)
OK: 314 MiB in 136 packages
>>> perl-libwww: Cleaning up srcdir
>>> perl-libwww: Cleaning up pkgdir
>>> perl-libwww: Cleaning up tmpdir
>>> perl-libwww: Fetching https://cpan.metacpan.org/authors/id/O/OA/OALDERS/libwww-perl-6.77.tar.gz
Connecting to cpan.metacpan.org (146.75.122.217:443)
saving to '/var/cache/distfiles/libwww-perl-6.77.tar.gz.part'
libwww-perl-6.77.tar 100% |********************************|  179k  0:00:00 ETA
'/var/cache/distfiles/libwww-perl-6.77.tar.gz.part' saved
>>> perl-libwww: Fetching https://cpan.metacpan.org/authors/id/O/OA/OALDERS/libwww-perl-6.77.tar.gz
>>> perl-libwww: Checking sha512sums...
libwww-perl-6.77.tar.gz: OK
>>> perl-libwww: Unpacking /var/cache/distfiles/libwww-perl-6.77.tar.gz...
Checking if your kit is complete...
Looks good
Generating a Unix-style Makefile
Writing Makefile for LWP
Writing MYMETA.yml and MYMETA.json
cp lib/LWP/Protocol/nntp.pm blib/lib/LWP/Protocol/nntp.pm
cp lib/LWP/Authen/Ntlm.pm blib/lib/LWP/Authen/Ntlm.pm
cp lwptut.pod blib/lib/lwptut.pod
cp lib/LWP/Authen/Digest.pm blib/lib/LWP/Authen/Digest.pm
cp lib/LWP/Protocol/loopback.pm blib/lib/LWP/Protocol/loopback.pm
cp lib/LWP/Protocol/cpan.pm blib/lib/LWP/Protocol/cpan.pm
cp lib/LWP/Protocol/gopher.pm blib/lib/LWP/Protocol/gopher.pm
cp lib/LWP/UserAgent.pm blib/lib/LWP/UserAgent.pm
cp lib/LWP/Authen/Basic.pm blib/lib/LWP/Authen/Basic.pm
cp lib/LWP.pm blib/lib/LWP.pm
cp lib/LWP/Simple.pm blib/lib/LWP/Simple.pm
cp lib/LWP/Protocol/file.pm blib/lib/LWP/Protocol/file.pm
cp lib/LWP/Protocol/data.pm blib/lib/LWP/Protocol/data.pm
cp lib/LWP/Protocol/mailto.pm blib/lib/LWP/Protocol/mailto.pm
cp lwpcook.pod blib/lib/lwpcook.pod
cp lib/LWP/RobotUA.pm blib/lib/LWP/RobotUA.pm
cp lib/LWP/DebugFile.pm blib/lib/LWP/DebugFile.pm
cp lib/LWP/Debug/TraceHTTP.pm blib/lib/LWP/Debug/TraceHTTP.pm
cp lib/LWP/Protocol.pm blib/lib/LWP/Protocol.pm
cp lib/LWP/Protocol/http.pm blib/lib/LWP/Protocol/http.pm
cp lib/LWP/ConnCache.pm blib/lib/LWP/ConnCache.pm
cp lib/LWP/MemberMixin.pm blib/lib/LWP/MemberMixin.pm
cp lib/LWP/Debug.pm blib/lib/LWP/Debug.pm
cp lib/LWP/Protocol/nogo.pm blib/lib/LWP/Protocol/nogo.pm
cp lib/LWP/Protocol/ftp.pm blib/lib/LWP/Protocol/ftp.pm
cp bin/lwp-download blib/script/lwp-download
cp bin/lwp-dump blib/script/lwp-dump
cp bin/lwp-mirror blib/script/lwp-mirror
"/usr/bin/perl" -MExtUtils::MY -e 'MY->fixin(shift)' -- blib/script/lwp-download
"/usr/bin/perl" -MExtUtils::MY -e 'MY->fixin(shift)' -- blib/script/lwp-dump
"/usr/bin/perl" -MExtUtils::MY -e 'MY->fixin(shift)' -- blib/script/lwp-mirror
cp bin/lwp-request blib/script/lwp-request
"/usr/bin/perl" -MExtUtils::MY -e 'MY->fixin(shift)' -- blib/script/lwp-request
Manifying 4 pod documents
Manifying 11 pod documents
PERL_DL_NONLAZY=1 "/usr/bin/perl" "-MExtUtils::Command::MM" "-MTest::Harness" "-e" "undef *Test::Harness::Switches; test_harness(0, 'blib/lib', 'blib/arch')" t/*.t t/base/*.t t/base/protocols/*.t t/leak/*.t t/local/*.t t/robot/*.t
# 
# Versions for all modules listed in MYMETA.json (including optional ones):
# 
# === Configure Requires ===
# 
#     Module              Want Have
#     ------------------- ---- ----
#     ExtUtils::MakeMaker  any 7.70
#     File::Copy           any 2.41
#     Getopt::Long         any 2.57
# 
# === Configure Suggests ===
# 
#     Module      Want Have
#     -------- ------- ----
#     JSON::PP 2.27300 4.16
# 
# === Build Requires ===
# 
#     Module              Want Have
#     ------------------- ---- ----
#     ExtUtils::MakeMaker  any 7.70
# 
# === Test Requires ===
# 
#     Module                 Want     Have
#     ---------------------- ---- --------
#     ExtUtils::MakeMaker     any     7.70
#     File::Spec              any     3.91
#     FindBin                 any     1.54
#     HTTP::CookieJar::LWP    any    0.014
#     HTTP::Daemon           6.12     6.16
#     Test::Fatal             any    0.017
#     Test::More             0.96 1.302199
#     Test::Needs             any 0.002010
#     Test::RequiresInternet  any     0.05
# 
# === Test Recommends ===
# 
#     Module              Want     Have
#     --------------- -------- --------
#     CPAN::Meta      2.120900 2.150010
#     Test::LeakTrace      any     0.17
# 
# === Runtime Requires ===
# 
#     Module                    Want     Have
#     --------------------- -------- --------
#     Digest::MD5                any  2.58_01
#     Encode                    2.12     3.21
#     Encode::Locale             any     1.05
#     File::Copy                 any     2.41
#     File::Listing                6     6.16
#     File::Temp                 any   0.2311
#     Getopt::Long               any     2.57
#     HTML::Entities             any     3.83
#     HTML::HeadParser          3.71     3.83
#     HTTP::Cookies                6     6.11
#     HTTP::Date                   6     6.06
#     HTTP::Negotiate              6     6.01
#     HTTP::Request             6.18     7.00
#     HTTP::Request::Common     6.18     7.00
#     HTTP::Response            6.18     7.00
#     HTTP::Status              6.18     7.00
#     IO::Select                 any     1.55
#     IO::Socket                 any     1.55
#     LWP::MediaTypes              6     6.04
#     MIME::Base64               2.1  3.16_01
#     Module::Load               any     0.36
#     Net::FTP                  2.58     3.15
#     Net::HTTP                 6.18     6.23
#     Scalar::Util               any     1.63
#     Try::Tiny                  any     0.32
#     URI                       1.10     5.28
#     URI::Escape                any     5.28
#     WWW::RobotRules              6     6.02
#     parent                   0.217    0.241
#     perl                  5.008001 5.040002
#     strict                     any     1.13
#     warnings                   any     1.70
# 
# === Runtime Suggests ===
# 
#     Module               Want    Have
#     -------------------- ---- -------
#     Authen::NTLM         1.02 missing
#     Data::Dump           1.13 missing
#     IO::Socket::INET      any    1.55
#     LWP::Protocol::https 6.02 missing
# 
t/00-report-prereqs.t .......... ok
t/10-attrs.t ................... ok
t/base/default_content_type.t .. ok
t/base/protocols.t ............. ok
t/base/protocols/nntp.t ........ skipped: nntp.perl.org is unstable and Test::RequiresInternet is not catching it
t/base/proxy.t ................. ok
t/base/proxy_request.t ......... ok
t/base/simple.t ................ ok
t/base/ua.t .................... ok
t/base/ua_handlers.t ........... ok
t/leak/no_leak.t ............... ok
t/local/autoload-get.t ......... ok
t/local/autoload.t ............. ok
t/local/cookie_jar.t ........... ok
t/local/download_to_fh.t ....... ok
t/local/get.t .................. ok
t/local/http.t ................. ok
t/local/httpsub.t .............. ok
t/local/protosub.t ............. ok
t/redirect.t ................... ok
t/robot/ua-get.t ............... ok
t/robot/ua.t ................... ok
All tests successful.
Files=22, Tests=317, 39 wallclock secs ( 0.17 usr  0.02 sys +  6.76 cusr  1.04 csys =  7.99 CPU)
Result: PASS
>>> perl-libwww: Entering fakeroot...
Manifying 4 pod documents
Manifying 11 pod documents
Installing /home/packager/aports/main/perl-libwww/pkg/perl-libwww/usr/share/perl5/vendor_perl/LWP.pm
Installing /home/packager/aports/main/perl-libwww/pkg/perl-libwww/usr/share/perl5/vendor_perl/lwpcook.pod
Installing /home/packager/aports/main/perl-libwww/pkg/perl-libwww/usr/share/perl5/vendor_perl/lwptut.pod
Installing /home/packager/aports/main/perl-libwww/pkg/perl-libwww/usr/share/perl5/vendor_perl/LWP/Protocol.pm
Installing /home/packager/aports/main/perl-libwww/pkg/perl-libwww/usr/share/perl5/vendor_perl/LWP/ConnCache.pm
Installing /home/packager/aports/main/perl-libwww/pkg/perl-libwww/usr/share/perl5/vendor_perl/LWP/DebugFile.pm
Installing /home/packager/aports/main/perl-libwww/pkg/perl-libwww/usr/share/perl5/vendor_perl/LWP/Simple.pm
Installing /home/packager/aports/main/perl-libwww/pkg/perl-libwww/usr/share/perl5/vendor_perl/LWP/RobotUA.pm
Installing /home/packager/aports/main/perl-libwww/pkg/perl-libwww/usr/share/perl5/vendor_perl/LWP/MemberMixin.pm
Installing /home/packager/aports/main/perl-libwww/pkg/perl-libwww/usr/share/perl5/vendor_perl/LWP/UserAgent.pm
Installing /home/packager/aports/main/perl-libwww/pkg/perl-libwww/usr/share/perl5/vendor_perl/LWP/Debug.pm
Installing /home/packager/aports/main/perl-libwww/pkg/perl-libwww/usr/share/perl5/vendor_perl/LWP/Authen/Basic.pm
Installing /home/packager/aports/main/perl-libwww/pkg/perl-libwww/usr/share/perl5/vendor_perl/LWP/Authen/Digest.pm
Installing /home/packager/aports/main/perl-libwww/pkg/perl-libwww/usr/share/perl5/vendor_perl/LWP/Authen/Ntlm.pm
Installing /home/packager/aports/main/perl-libwww/pkg/perl-libwww/usr/share/perl5/vendor_perl/LWP/Debug/TraceHTTP.pm
Installing /home/packager/aports/main/perl-libwww/pkg/perl-libwww/usr/share/perl5/vendor_perl/LWP/Protocol/file.pm
Installing /home/packager/aports/main/perl-libwww/pkg/perl-libwww/usr/share/perl5/vendor_perl/LWP/Protocol/http.pm
Installing /home/packager/aports/main/perl-libwww/pkg/perl-libwww/usr/share/perl5/vendor_perl/LWP/Protocol/mailto.pm
Installing /home/packager/aports/main/perl-libwww/pkg/perl-libwww/usr/share/perl5/vendor_perl/LWP/Protocol/nogo.pm
Installing /home/packager/aports/main/perl-libwww/pkg/perl-libwww/usr/share/perl5/vendor_perl/LWP/Protocol/nntp.pm
Installing /home/packager/aports/main/perl-libwww/pkg/perl-libwww/usr/share/perl5/vendor_perl/LWP/Protocol/gopher.pm
Installing /home/packager/aports/main/perl-libwww/pkg/perl-libwww/usr/share/perl5/vendor_perl/LWP/Protocol/loopback.pm
Installing /home/packager/aports/main/perl-libwww/pkg/perl-libwww/usr/share/perl5/vendor_perl/LWP/Protocol/ftp.pm
Installing /home/packager/aports/main/perl-libwww/pkg/perl-libwww/usr/share/perl5/vendor_perl/LWP/Protocol/cpan.pm
Installing /home/packager/aports/main/perl-libwww/pkg/perl-libwww/usr/share/perl5/vendor_perl/LWP/Protocol/data.pm
Installing /home/packager/aports/main/perl-libwww/pkg/perl-libwww/usr/share/man/man1/lwp-request.1
Installing /home/packager/aports/main/perl-libwww/pkg/perl-libwww/usr/share/man/man1/lwp-mirror.1
Installing /home/packager/aports/main/perl-libwww/pkg/perl-libwww/usr/share/man/man1/lwp-download.1
Installing /home/packager/aports/main/perl-libwww/pkg/perl-libwww/usr/share/man/man1/lwp-dump.1
Installing /home/packager/aports/main/perl-libwww/pkg/perl-libwww/usr/share/man/man3/LWP::UserAgent.3pm
Installing /home/packager/aports/main/perl-libwww/pkg/perl-libwww/usr/share/man/man3/LWP::Debug.3pm
Installing /home/packager/aports/main/perl-libwww/pkg/perl-libwww/usr/share/man/man3/LWP::MemberMixin.3pm
Installing /home/packager/aports/main/perl-libwww/pkg/perl-libwww/usr/share/man/man3/LWP.3pm
Installing /home/packager/aports/main/perl-libwww/pkg/perl-libwww/usr/share/man/man3/LWP::Simple.3pm
Installing /home/packager/aports/main/perl-libwww/pkg/perl-libwww/usr/share/man/man3/LWP::ConnCache.3pm
Installing /home/packager/aports/main/perl-libwww/pkg/perl-libwww/usr/share/man/man3/LWP::Authen::Ntlm.3pm
Installing /home/packager/aports/main/perl-libwww/pkg/perl-libwww/usr/share/man/man3/LWP::Protocol.3pm
Installing /home/packager/aports/main/perl-libwww/pkg/perl-libwww/usr/share/man/man3/LWP::RobotUA.3pm
Installing /home/packager/aports/main/perl-libwww/pkg/perl-libwww/usr/share/man/man3/lwpcook.3pm
Installing /home/packager/aports/main/perl-libwww/pkg/perl-libwww/usr/share/man/man3/lwptut.3pm
Installing /home/packager/aports/main/perl-libwww/pkg/perl-libwww/usr/bin/lwp-request
Installing /home/packager/aports/main/perl-libwww/pkg/perl-libwww/usr/bin/lwp-mirror
Installing /home/packager/aports/main/perl-libwww/pkg/perl-libwww/usr/bin/lwp-download
Installing /home/packager/aports/main/perl-libwww/pkg/perl-libwww/usr/bin/lwp-dump
>>> perl-libwww-doc*: Running split function doc...
renamed 'usr/share/man' -> '/home/packager/aports/main/perl-libwww/pkg/perl-libwww-doc/usr/share/man'
>>> perl-libwww-doc*: Preparing subpackage perl-libwww-doc...
>>> perl-libwww-doc*: Running postcheck for perl-libwww-doc
>>> perl-libwww*: Running postcheck for perl-libwww
>>> perl-libwww*: Preparing package perl-libwww...
>>> perl-libwww-doc*: Tracing dependencies...
>>> perl-libwww-doc*: Package size: 59.3 KB
>>> perl-libwww-doc*: Compressing data...
>>> perl-libwww-doc*: Create checksum...
pigz: not found
>>> perl-libwww-doc*: Create perl-libwww-doc-6.77-r0.apk
>>> perl-libwww*: Tracing dependencies...
	perl
	perl-http-date
	perl-http-cookies
	perl-net-http
	perl-html-parser
	perl-file-listing
	perl-www-robotrules
	perl-http-negotiate
	perl-uri
	perl-http-message
	perl-lwp-mediatypes
	perl-encode-locale
	perl-try-tiny
>>> perl-libwww*: Package size: 260.8 KB
>>> perl-libwww*: Compressing data...
>>> perl-libwww*: Create checksum...
pigz: not found
>>> perl-libwww*: Create perl-libwww-6.77-r0.apk
>>> perl-libwww: Build complete at Thu, 22 May 2025 23:55:45 +0000 elapsed time 0h 0m 49s
>>> perl-libwww: Cleaning up srcdir
>>> perl-libwww: Cleaning up pkgdir
>>> perl-libwww: Uninstalling dependencies...
(1/22) Purging .makedepends-perl-libwww (20250522.235500)
(2/22) Purging perl-http-cookies (6.11-r0)
(3/22) Purging perl-net-http (6.23-r1)
(4/22) Purging perl-html-parser (3.83-r0)
(5/22) Purging perl-html-tagset (3.24-r0)
(6/22) Purging perl-file-listing (6.16-r0)
(7/22) Purging perl-www-robotrules (6.02-r5)
(8/22) Purging perl-http-negotiate (6.01-r5)
(9/22) Purging perl-test-needs (0.002010-r1)
(10/22) Purging perl-test-leaktrace (0.17-r5)
(11/22) Purging perl-http-daemon (6.16-r2)
(12/22) Purging perl-http-message (7.00-r0)
(13/22) Purging perl-clone (0.47-r0)
(14/22) Purging perl-uri (5.28-r0)
(15/22) Purging perl-io-html (1.004-r1)
(16/22) Purging perl-encode-locale (1.05-r5)
(17/22) Purging perl-lwp-mediatypes (6.04-r3)
(18/22) Purging perl-test-fatal (0.017-r1)
(19/22) Purging perl-try-tiny (0.32-r0)
(20/22) Purging perl-test-requiresinternet (0.05-r4)
(21/22) Purging perl-http-cookiejar (0.014-r1)
(22/22) Purging perl-http-date (6.06-r0)
OK: 313 MiB in 114 packages
>>> perl-libwww: Updating the main/x86_64 repository index...
>>> perl-libwww: Signing the index...
pigz: not found
