pigz: not found
>>> perl-mime-lite: Building main/perl-mime-lite 3.033-r1 (using abuild 3.14.1-r4) started Sun, 18 May 2025 10:17:32 +0000
>>> perl-mime-lite: Validating /home/packager/aports/main/perl-mime-lite/APKBUILD...
>>> perl-mime-lite: Analyzing dependencies...
>>> perl-mime-lite: Installing for build: build-base perl perl-mime-types perl-email-date-format perl-mailtools perl-test-pod-coverage
(1/14) Installing libbz2 (1.0.8-r6)
(2/14) Installing perl (5.40.2-r0)
(3/14) Installing perl-mime-types (2.28-r0)
(4/14) Installing perl-email-date-format (1.008-r1)
(5/14) Installing perl-timedate (2.33-r4)
(6/14) Installing perl-mailtools (2.22-r0)
(7/14) Installing perl-devel-symdump (2.18-r4)
(8/14) Installing perl-pod-parser (1.67-r0)
(9/14) Installing perl-pod-coverage (0.23-r7)
(10/14) Installing perl-test-pod-coverage (1.10-r6)
(11/14) Installing .makedepends-perl-mime-lite (20250518.101735)
(12/14) Installing perl-error (0.17030-r0)
(13/14) Installing perl-git (2.47.2-r0)
(14/14) Installing git-perl (2.47.2-r0)
Executing busybox-1.37.0-r12.trigger
OK: 298 MiB in 95 packages
>>> perl-mime-lite: Cleaning up srcdir
>>> perl-mime-lite: Cleaning up pkgdir
>>> perl-mime-lite: Cleaning up tmpdir
>>> perl-mime-lite: Fetching https://cpan.metacpan.org/authors/id/R/RJ/RJBS/MIME-Lite-3.033.tar.gz
Connecting to cpan.metacpan.org (146.75.122.217:443)
saving to '/var/cache/distfiles/MIME-Lite-3.033.tar.gz.part'
MIME-Lite-3.033.tar. 100% |********************************| 82715  0:00:00 ETA
'/var/cache/distfiles/MIME-Lite-3.033.tar.gz.part' saved
>>> perl-mime-lite: Fetching https://cpan.metacpan.org/authors/id/R/RJ/RJBS/MIME-Lite-3.033.tar.gz
>>> perl-mime-lite: Checking sha512sums...
MIME-Lite-3.033.tar.gz: OK
>>> perl-mime-lite: Unpacking /var/cache/distfiles/MIME-Lite-3.033.tar.gz...
Checking if your kit is complete...
Looks good
Generating a Unix-style Makefile
Writing Makefile for MIME::Lite
Writing MYMETA.yml and MYMETA.json
cp lib/MIME/Lite.pm blib/lib/MIME/Lite.pm
cp changes.pod blib/lib/MIME/changes.pod
Manifying 2 pod documents
PERL_DL_NONLAZY=1 "/usr/bin/perl" "-MExtUtils::Command::MM" "-MTest::Harness" "-e" "undef *Test::Harness::Switches; test_harness(0, 'blib/lib', 'blib/arch')" t/*.t
t/addrs.t ......... ok
t/data.t .......... ok
t/head.t .......... ok
t/mime-version.t .. ok
t/parts.t ......... ok
t/pod-coverage.t .. skipped: set RELEASE_TESTING to run this test
t/pod.t ........... skipped: Test::Pod 1.14 required for testing POD
t/sendmail.t ...... ok
t/types.t ......... ok
t/verify.t ........ ok
All tests successful.
Files=10, Tests=48,  1 wallclock secs ( 0.04 usr  0.01 sys +  0.81 cusr  0.14 csys =  1.00 CPU)
Result: PASS
>>> perl-mime-lite: Entering fakeroot...
Manifying 2 pod documents
Appending installation info to /home/packager/aports/main/perl-mime-lite/pkg/perl-mime-lite/usr/lib/perl5/core_perl/perllocal.pod
Installing /home/packager/aports/main/perl-mime-lite/pkg/perl-mime-lite/usr/share/perl5/vendor_perl/MIME/changes.pod
Installing /home/packager/aports/main/perl-mime-lite/pkg/perl-mime-lite/usr/share/perl5/vendor_perl/MIME/Lite.pm
Installing /home/packager/aports/main/perl-mime-lite/pkg/perl-mime-lite/usr/share/man/man3/MIME::Lite.3pm
Installing /home/packager/aports/main/perl-mime-lite/pkg/perl-mime-lite/usr/share/man/man3/MIME::changes.3pm
>>> perl-mime-lite-doc*: Running split function doc...
'usr/share/man' -> '/home/packager/aports/main/perl-mime-lite/pkg/perl-mime-lite-doc/usr/share/man'
>>> perl-mime-lite-doc*: Preparing subpackage perl-mime-lite-doc...
>>> perl-mime-lite-doc*: Running postcheck for perl-mime-lite-doc
>>> perl-mime-lite*: Running postcheck for perl-mime-lite
>>> perl-mime-lite*: Preparing package perl-mime-lite...
>>> perl-mime-lite-doc*: Tracing dependencies...
>>> perl-mime-lite-doc*: Package size: 28.6 KB
>>> perl-mime-lite-doc*: Compressing data...
>>> perl-mime-lite-doc*: Create checksum...
pigz: not found
>>> perl-mime-lite-doc*: Create perl-mime-lite-doc-3.033-r1.apk
>>> perl-mime-lite*: Tracing dependencies...
	perl
	perl-mime-types
	perl-email-date-format
	perl-mailtools
	perl-test-pod-coverage
>>> perl-mime-lite*: Package size: 121.5 KB
>>> perl-mime-lite*: Compressing data...
>>> perl-mime-lite*: Create checksum...
pigz: not found
>>> perl-mime-lite*: Create perl-mime-lite-3.033-r1.apk
>>> perl-mime-lite: Build complete at Sun, 18 May 2025 10:17:38 +0000 elapsed time 0h 0m 6s
>>> perl-mime-lite: Cleaning up srcdir
>>> perl-mime-lite: Cleaning up pkgdir
>>> perl-mime-lite: Uninstalling dependencies...
(1/14) Purging .makedepends-perl-mime-lite (20250518.101735)
(2/14) Purging perl-mime-types (2.28-r0)
(3/14) Purging perl-email-date-format (1.008-r1)
(4/14) Purging perl-mailtools (2.22-r0)
(5/14) Purging perl-timedate (2.33-r4)
(6/14) Purging perl-test-pod-coverage (1.10-r6)
(7/14) Purging perl-pod-coverage (0.23-r7)
(8/14) Purging perl-devel-symdump (2.18-r4)
(9/14) Purging perl-pod-parser (1.67-r0)
(10/14) Purging git-perl (2.47.2-r0)
(11/14) Purging perl-git (2.47.2-r0)
(12/14) Purging perl-error (0.17030-r0)
(13/14) Purging perl (5.40.2-r0)
(14/14) Purging libbz2 (1.0.8-r6)
Executing busybox-1.37.0-r12.trigger
OK: 261 MiB in 81 packages
>>> perl-mime-lite: Updating the main/x86_64 repository index...
>>> perl-mime-lite: Signing the index...
pigz: not found
