>>> perl-apache-session: Validating /home/packager/oily-pine/main/perl-apache-session/APKBUILD...
>>> perl-apache-session: Cleaning up srcdir
>>> perl-apache-session: Cleaning up pkgdir
>>> perl-apache-session: Cleaning up tmpdir
>>> perl-apache-session: Fetching https://cpan.metacpan.org/authors/id/C/CH/CHORNY/Apache-Session-1.94.tar.gz
  % Total    % Received % Xferd  Average Speed   Time    Time     Time  Current
                                 Dload  Upload   Total   Spent    Left  Speed
  0     0    0     0    0     0      0      0 --:--:-- --:--:-- --:--:--     0  0     0    0     0    0     0      0      0 --:--:-- --:--:-- --:--:--     0100 49899  100 49899    0     0   182k      0 --:--:-- --:--:-- --:--:--  182k
>>> perl-apache-session: Fetching https://cpan.metacpan.org/authors/id/C/CH/CHORNY/Apache-Session-1.94.tar.gz
>>> perl-apache-session: Checking sha512sums...
Apache-Session-1.94.tar.gz: OK
>>> perl-apache-session: Preparing build chroot...
fetch http://dl-cdn.alpinelinux.org/alpine/edge/main/x86_64/APKINDEX.tar.gz
(1/77) Installing musl (1.2.5-r10)
(2/77) Installing libcrypto3 (3.5.0-r0)
(3/77) Installing ca-certificates-bundle (20241121-r2)
(4/77) Installing libssl3 (3.5.0-r0)
(5/77) Installing zlib (1.3.1-r2)
(6/77) Installing libapk2 (2.14.9-r2)
(7/77) Installing apk-tools (2.14.9-r2)
(8/77) Installing libcap2 (2.76-r0)
(9/77) Installing libcap-getcap (2.76-r0)
(10/77) Installing fakeroot (1.37.1.1-r0)
(11/77) Installing scanelf (1.3.8-r1)
(12/77) Installing musl-utils (1.2.5-r10)
(13/77) Installing libgcc (14.3.0-r1)
(14/77) Installing libstdc++ (14.3.0-r1)
(15/77) Installing lzip (1.25-r0)
(16/77) Installing openssl (3.5.0-r0)
(17/77) Installing patch (2.8-r0)
(18/77) Installing pkgconf (2.4.3-r0)
(19/77) Installing acl-libs (2.3.2-r1)
(20/77) Installing tar (1.35-r3)
(21/77) Installing busybox (1.37.0-r18)
Executing busybox-1.37.0-r18.post-install
(22/77) Installing ssl_client (1.37.0-r18)
(23/77) Installing busybox-binsh (1.37.0-r18)
(24/77) Installing abuild (3.15.0-r0)
Executing abuild-3.15.0-r0.pre-install
(25/77) Installing abuild-sudo (3.15.0-r0)
(26/77) Installing alpine-baselayout-data (3.7.0-r0)
(27/77) Installing alpine-baselayout (3.7.0-r0)
Executing alpine-baselayout-3.7.0-r0.pre-install
Executing alpine-baselayout-3.7.0-r0.post-install
(28/77) Installing bridge (1.5-r5)
(29/77) Installing ifupdown-ng (0.12.1-r7)
(30/77) Installing openrc-user (0.62.2-r2)
(31/77) Installing openrc (0.62.2-r2)
Executing openrc-0.62.2-r2.post-install
(32/77) Installing mdev-conf (4.8-r0)
(33/77) Installing busybox-mdev-openrc (1.37.0-r18)
(34/77) Installing alpine-conf (3.20.0-r0)
(35/77) Installing alpine-keys (2.5-r0)
(36/77) Installing alpine-release (3.22.0-r0)
(37/77) Installing busybox-openrc (1.37.0-r18)
(38/77) Installing busybox-suid (1.37.0-r18)
(39/77) Installing alpine-base (3.22.0-r0)
(40/77) Installing jansson (2.14.1-r0)
(41/77) Installing zstd-libs (1.5.7-r0)
(42/77) Installing binutils (2.44-r0)
(43/77) Installing libmagic (5.46-r2)
(44/77) Installing file (5.46-r2)
(45/77) Installing libgomp (14.3.0-r1)
(46/77) Installing libatomic (14.3.0-r1)
(47/77) Installing gmp (6.3.0-r3)
(48/77) Installing isl26 (0.26-r1)
(49/77) Installing mpfr4 (4.2.1_p1-r0)
(50/77) Installing mpc1 (1.3.1-r1)
(51/77) Installing gcc (14.3.0-r1)
(52/77) Installing libstdc++-dev (14.3.0-r1)
(53/77) Installing musl-dev (1.2.5-r10)
(54/77) Installing g++ (14.3.0-r1)
(55/77) Installing make (4.4.1-r3)
(56/77) Installing fortify-headers (1.1-r5)
(57/77) Installing build-base (0.5-r3)
(58/77) Installing brotli-libs (1.1.0-r2)
(59/77) Installing c-ares (1.34.5-r0)
(60/77) Installing libunistring (1.3-r0)
(61/77) Installing libidn2 (2.3.7-r0)
(62/77) Installing nghttp2-libs (1.65.0-r0)
(63/77) Installing libpsl (0.21.5-r3)
(64/77) Installing libcurl (8.14.0-r2)
(65/77) Installing libexpat (2.7.1-r0)
(66/77) Installing pcre2 (10.43-r1)
(67/77) Installing git (2.49.0-r0)
(68/77) Installing git-init-template (2.49.0-r0)
(69/77) Installing libbz2 (1.0.8-r6)
(70/77) Installing perl (5.40.2-r0)
(71/77) Installing perl-error (0.17030-r0)
(72/77) Installing perl-git (2.49.0-r0)
(73/77) Installing git-perl (2.49.0-r0)
(74/77) Installing perl-module-build (0.4234-r1)
(75/77) Installing perl-test-deep (1.205-r0)
(76/77) Installing perl-sub-uplevel (0.2800-r6)
(77/77) Installing perl-test-exception (0.43-r4)
Executing busybox-1.37.0-r18.trigger
OK: 297 MiB in 77 packages
>>> perl-apache-session: Fetching https://cpan.metacpan.org/authors/id/C/CH/CHORNY/Apache-Session-1.94.tar.gz
>>> perl-apache-session: Checking sha512sums...
Apache-Session-1.94.tar.gz: OK
>>> perl-apache-session: Unpacking /var/cache/distfiles/Apache-Session-1.94.tar.gz...
Created MYMETA.yml and MYMETA.json
Creating new 'Build' script for 'Apache-Session' version '1.94'
Building Apache-Session
t/99base64.t ....... ok
t/99dbfile.t ....... skipped: Optional module (DB_File) not installed
t/99dbfilestore.t .. skipped: Optional module (DB_File) not installed
t/99file.t ......... ok
t/99filelock.t ..... ok
t/99filestore.t .... ok
t/99flex.t ......... ok
t/99md5gen.t ....... ok
t/99moduniqgen.t ... ok
t/99mysql.t ........ skipped: Optional modules (Test::Database, DBD::mysql, DBI) not installed
t/99mysqllock.t .... skipped: Optional modules (Test::Database, DBD::mysql, DBI) not installed
t/99mysqlstore.t ... skipped: Optional modules (DBD::mysql, DBI) not installed
t/99nulllock.t ..... ok
t/99oracle.t ....... skipped: Not running RDBM tests without APACHE_SESSION_MAINTAINER=1
t/99postgres.t ..... skipped: Not running RDBM tests without APACHE_SESSION_MAINTAINER=1
t/99semaphore.t .... skipped: Can't tune this test. Help needed.
t/99storable.t ..... ok
t/99uue.t .......... ok
t/pod.t ............ skipped: Test::Pod 1.14 required for testing POD
All tests successful.
Files=19, Tests=75,  0 wallclock secs ( 0.02 usr  0.02 sys +  0.74 cusr  0.10 csys =  0.88 CPU)
Result: PASS
>>> perl-apache-session: Entering fakeroot...
Building Apache-Session
Installing /tmp/pkg/perl-apache-session/usr/share/perl5/vendor_perl/Apache/Session.pm
Installing /tmp/pkg/perl-apache-session/usr/share/perl5/vendor_perl/Apache/Session/Postgres.pm
Installing /tmp/pkg/perl-apache-session/usr/share/perl5/vendor_perl/Apache/Session/Oracle.pm
Installing /tmp/pkg/perl-apache-session/usr/share/perl5/vendor_perl/Apache/Session/DB_File.pm
Installing /tmp/pkg/perl-apache-session/usr/share/perl5/vendor_perl/Apache/Session/Sybase.pm
Installing /tmp/pkg/perl-apache-session/usr/share/perl5/vendor_perl/Apache/Session/Flex.pm
Installing /tmp/pkg/perl-apache-session/usr/share/perl5/vendor_perl/Apache/Session/Informix.pm
Installing /tmp/pkg/perl-apache-session/usr/share/perl5/vendor_perl/Apache/Session/File.pm
Installing /tmp/pkg/perl-apache-session/usr/share/perl5/vendor_perl/Apache/Session/MySQL.pm
Installing /tmp/pkg/perl-apache-session/usr/share/perl5/vendor_perl/Apache/Session/Lock/Null.pm
Installing /tmp/pkg/perl-apache-session/usr/share/perl5/vendor_perl/Apache/Session/Lock/Sybase.pm
Installing /tmp/pkg/perl-apache-session/usr/share/perl5/vendor_perl/Apache/Session/Lock/File.pm
Installing /tmp/pkg/perl-apache-session/usr/share/perl5/vendor_perl/Apache/Session/Lock/Semaphore.pm
Installing /tmp/pkg/perl-apache-session/usr/share/perl5/vendor_perl/Apache/Session/Lock/MySQL.pm
Installing /tmp/pkg/perl-apache-session/usr/share/perl5/vendor_perl/Apache/Session/Serialize/UUEncode.pm
Installing /tmp/pkg/perl-apache-session/usr/share/perl5/vendor_perl/Apache/Session/Serialize/Storable.pm
Installing /tmp/pkg/perl-apache-session/usr/share/perl5/vendor_perl/Apache/Session/Serialize/Sybase.pm
Installing /tmp/pkg/perl-apache-session/usr/share/perl5/vendor_perl/Apache/Session/Serialize/Base64.pm
Installing /tmp/pkg/perl-apache-session/usr/share/perl5/vendor_perl/Apache/Session/Generate/ModUsertrack.pm
Installing /tmp/pkg/perl-apache-session/usr/share/perl5/vendor_perl/Apache/Session/Generate/MD5.pm
Installing /tmp/pkg/perl-apache-session/usr/share/perl5/vendor_perl/Apache/Session/Generate/ModUniqueId.pm
Installing /tmp/pkg/perl-apache-session/usr/share/perl5/vendor_perl/Apache/Session/Store/Postgres.pm
Installing /tmp/pkg/perl-apache-session/usr/share/perl5/vendor_perl/Apache/Session/Store/DBI.pm
Installing /tmp/pkg/perl-apache-session/usr/share/perl5/vendor_perl/Apache/Session/Store/Oracle.pm
Installing /tmp/pkg/perl-apache-session/usr/share/perl5/vendor_perl/Apache/Session/Store/DB_File.pm
Installing /tmp/pkg/perl-apache-session/usr/share/perl5/vendor_perl/Apache/Session/Store/Sybase.pm
Installing /tmp/pkg/perl-apache-session/usr/share/perl5/vendor_perl/Apache/Session/Store/Informix.pm
Installing /tmp/pkg/perl-apache-session/usr/share/perl5/vendor_perl/Apache/Session/Store/File.pm
Installing /tmp/pkg/perl-apache-session/usr/share/perl5/vendor_perl/Apache/Session/Store/MySQL.pm
Installing /tmp/pkg/perl-apache-session/usr/share/perl5/vendor_perl/Apache/Session/MySQL/NoLock.pm
Installing /tmp/pkg/perl-apache-session/usr/share/man/man3/Apache::Session::Generate::ModUniqueId.3pm
Installing /tmp/pkg/perl-apache-session/usr/share/man/man3/Apache::Session::Lock::Sybase.3pm
Installing /tmp/pkg/perl-apache-session/usr/share/man/man3/Apache::Session::Generate::MD5.3pm
Installing /tmp/pkg/perl-apache-session/usr/share/man/man3/Apache::Session::Store::Oracle.3pm
Installing /tmp/pkg/perl-apache-session/usr/share/man/man3/Apache::Session::Store::File.3pm
Installing /tmp/pkg/perl-apache-session/usr/share/man/man3/Apache::Session::Lock::File.3pm
Installing /tmp/pkg/perl-apache-session/usr/share/man/man3/Apache::Session::Oracle.3pm
Installing /tmp/pkg/perl-apache-session/usr/share/man/man3/Apache::Session::Sybase.3pm
Installing /tmp/pkg/perl-apache-session/usr/share/man/man3/Apache::Session::Serialize::Base64.3pm
Installing /tmp/pkg/perl-apache-session/usr/share/man/man3/Apache::Session::Store::MySQL.3pm
Installing /tmp/pkg/perl-apache-session/usr/share/man/man3/Apache::Session::MySQL::NoLock.3pm
Installing /tmp/pkg/perl-apache-session/usr/share/man/man3/Apache::Session::MySQL.3pm
Installing /tmp/pkg/perl-apache-session/usr/share/man/man3/Apache::Session::Store::DB_File.3pm
Installing /tmp/pkg/perl-apache-session/usr/share/man/man3/Apache::Session::Store::Postgres.3pm
Installing /tmp/pkg/perl-apache-session/usr/share/man/man3/Apache::Session::Serialize::Storable.3pm
Installing /tmp/pkg/perl-apache-session/usr/share/man/man3/Apache::Session.3pm
Installing /tmp/pkg/perl-apache-session/usr/share/man/man3/Apache::Session::Informix.3pm
Installing /tmp/pkg/perl-apache-session/usr/share/man/man3/Apache::Session::Lock::Semaphore.3pm
Installing /tmp/pkg/perl-apache-session/usr/share/man/man3/Apache::Session::Lock::MySQL.3pm
Installing /tmp/pkg/perl-apache-session/usr/share/man/man3/Apache::Session::DB_File.3pm
Installing /tmp/pkg/perl-apache-session/usr/share/man/man3/Apache::Session::Store::Informix.3pm
Installing /tmp/pkg/perl-apache-session/usr/share/man/man3/Apache::Session::File.3pm
Installing /tmp/pkg/perl-apache-session/usr/share/man/man3/Apache::Session::Serialize::Sybase.3pm
Installing /tmp/pkg/perl-apache-session/usr/share/man/man3/Apache::Session::Generate::ModUsertrack.3pm
Installing /tmp/pkg/perl-apache-session/usr/share/man/man3/Apache::Session::Lock::Null.3pm
Installing /tmp/pkg/perl-apache-session/usr/share/man/man3/Apache::Session::Flex.3pm
Installing /tmp/pkg/perl-apache-session/usr/share/man/man3/Apache::Session::Serialize::UUEncode.3pm
Installing /tmp/pkg/perl-apache-session/usr/share/man/man3/Apache::Session::Store::Sybase.3pm
Installing /tmp/pkg/perl-apache-session/usr/share/man/man3/Apache::Session::Postgres.3pm
>>> perl-apache-session-doc*: Running split function doc...
'usr/share/man' -> '/tmp/pkg/perl-apache-session-doc/usr/share/man'
>>> perl-apache-session-doc*: Preparing subpackage perl-apache-session-doc...
>>> perl-apache-session-doc*: Running postcheck for perl-apache-session-doc
>>> perl-apache-session*: Running postcheck for perl-apache-session
>>> perl-apache-session*: Preparing package perl-apache-session...
>>> perl-apache-session-doc*: Tracing dependencies...
>>> perl-apache-session-doc*: Package size: 46.2 KB
>>> perl-apache-session-doc*: Compressing data...
>>> perl-apache-session-doc*: Create checksum...
>>> perl-apache-session-doc*: Create perl-apache-session-doc-1.94-r1.apk
>>> perl-apache-session*: Tracing dependencies...
	perl
>>> perl-apache-session*: Package size: 115.3 KB
>>> perl-apache-session*: Compressing data...
>>> perl-apache-session*: Create checksum...
>>> perl-apache-session*: Create perl-apache-session-1.94-r1.apk
>>> perl-apache-session: Updating the main/x86_64 repository index...
>>> perl-apache-session: Signing the index...
>>> perl-apache-session: Cleaning up srcdir
>>> perl-apache-session: Cleaning up build chroot
>>> perl-apache-session: Cleaning up pkgdir
