pigz: not found
>>> perl-html-formattext-withlinks: Building main/perl-html-formattext-withlinks 0.15-r5 (using abuild 3.14.1-r4) started Sun, 18 May 2025 09:25:12 +0000
>>> perl-html-formattext-withlinks: Validating /home/packager/aports/main/perl-html-formattext-withlinks/APKBUILD...
>>> perl-html-formattext-withlinks: Analyzing dependencies...
>>> perl-html-formattext-withlinks: Installing for build: build-base perl perl-html-tree perl-uri perl-html-formatter perl-module-build
(1/19) Installing libbz2 (1.0.8-r6)
(2/19) Installing perl (5.40.2-r0)
(3/19) Installing perl-html-tagset (3.24-r0)
(4/19) Installing perl-clone (0.47-r0)
(5/19) Installing perl-http-date (6.06-r0)
(6/19) Installing perl-uri (5.28-r0)
(7/19) Installing perl-io-html (1.004-r1)
(8/19) Installing perl-encode-locale (1.05-r5)
(9/19) Installing perl-lwp-mediatypes (6.04-r3)
(10/19) Installing perl-http-message (7.00-r0)
(11/19) Installing perl-html-parser (3.83-r0)
(12/19) Installing perl-html-tree (5.07-r5)
(13/19) Installing perl-font-afm (1.20-r4)
(14/19) Installing perl-html-formatter (2.16-r3)
(15/19) Installing perl-module-build (0.4234-r1)
(16/19) Installing .makedepends-perl-html-formattext-withlinks (20250518.092514)
(17/19) Installing perl-error (0.17030-r0)
(18/19) Installing perl-git (2.47.2-r0)
(19/19) Installing git-perl (2.47.2-r0)
Executing busybox-1.37.0-r12.trigger
OK: 299 MiB in 100 packages
>>> perl-html-formattext-withlinks: Cleaning up srcdir
>>> perl-html-formattext-withlinks: Cleaning up pkgdir
>>> perl-html-formattext-withlinks: Cleaning up tmpdir
>>> perl-html-formattext-withlinks: Fetching https://cpan.metacpan.org/authors/id/S/ST/STRUAN/HTML-FormatText-WithLinks-0.15.tar.gz
Connecting to cpan.metacpan.org (146.75.122.217:443)
saving to '/var/cache/distfiles/HTML-FormatText-WithLinks-0.15.tar.gz.part'
HTML-FormatText-With 100% |********************************| 11915  0:00:00 ETA
'/var/cache/distfiles/HTML-FormatText-WithLinks-0.15.tar.gz.part' saved
>>> perl-html-formattext-withlinks: Fetching https://cpan.metacpan.org/authors/id/S/ST/STRUAN/HTML-FormatText-WithLinks-0.15.tar.gz
>>> perl-html-formattext-withlinks: Checking sha512sums...
HTML-FormatText-WithLinks-0.15.tar.gz: OK
>>> perl-html-formattext-withlinks: Unpacking /var/cache/distfiles/HTML-FormatText-WithLinks-0.15.tar.gz...
Created MYMETA.yml and MYMETA.json
Creating new 'Build' script for 'HTML-FormatText-WithLinks' version '0.15'
Building HTML-FormatText-WithLinks
t/01load.t ...................... ok
t/basic_parse.t ................. ok
t/custom_format.t ............... ok
t/no_html_passed.t .............. ok
t/parse_a_with_no_href.t ........ ok
t/parse_file.t .................. ok
t/parse_missing_file.t .......... ok
t/parse_multiple_times.t ........ ok
t/parse_with_base.t ............. ok
t/parse_with_html_fragment.t .... ok
t/parse_with_identical_links.t .. ok
t/parse_with_links.t ............ ok
t/parse_with_local_links.t ...... ok
t/parse_with_name.t ............. ok
t/parse_with_relative_links.t ... ok
t/pod.t ......................... skipped: Test::Pod 1.00 required for testing POD
t/podcover.t .................... skipped: Test::Pod::Coverage 0.08 required for testing POD coverage
t/skip_linked_urls.t ............ ok
t/treebuilder_problem.t ......... skipped: Test::MockObject  required for testing TreeBuilder problems
t/with_emphasis.t ............... ok
All tests successful.
Files=20, Tests=92,  2 wallclock secs ( 0.06 usr  0.03 sys +  1.79 cusr  0.30 csys =  2.18 CPU)
Result: PASS
>>> perl-html-formattext-withlinks: Entering fakeroot...
Building HTML-FormatText-WithLinks
Installing /home/packager/aports/main/perl-html-formattext-withlinks/pkg/perl-html-formattext-withlinks/usr/share/perl5/vendor_perl/HTML/FormatText/WithLinks.pm
Installing /home/packager/aports/main/perl-html-formattext-withlinks/pkg/perl-html-formattext-withlinks/usr/share/man/man3/HTML::FormatText::WithLinks.3pm
>>> perl-html-formattext-withlinks-doc*: Running split function doc...
'usr/share/man' -> '/home/packager/aports/main/perl-html-formattext-withlinks/pkg/perl-html-formattext-withlinks-doc/usr/share/man'
>>> perl-html-formattext-withlinks-doc*: Preparing subpackage perl-html-formattext-withlinks-doc...
>>> perl-html-formattext-withlinks-doc*: Running postcheck for perl-html-formattext-withlinks-doc
>>> perl-html-formattext-withlinks*: Running postcheck for perl-html-formattext-withlinks
>>> perl-html-formattext-withlinks*: Preparing package perl-html-formattext-withlinks...
>>> perl-html-formattext-withlinks-doc*: Tracing dependencies...
>>> perl-html-formattext-withlinks-doc*: Package size: 3.0 KB
>>> perl-html-formattext-withlinks-doc*: Compressing data...
>>> perl-html-formattext-withlinks-doc*: Create checksum...
pigz: not found
>>> perl-html-formattext-withlinks-doc*: Create perl-html-formattext-withlinks-doc-0.15-r5.apk
>>> perl-html-formattext-withlinks*: Tracing dependencies...
	perl
	perl-html-tree
	perl-uri
	perl-html-formatter
>>> perl-html-formattext-withlinks*: Package size: 11.6 KB
>>> perl-html-formattext-withlinks*: Compressing data...
>>> perl-html-formattext-withlinks*: Create checksum...
pigz: not found
>>> perl-html-formattext-withlinks*: Create perl-html-formattext-withlinks-0.15-r5.apk
>>> perl-html-formattext-withlinks: Build complete at Sun, 18 May 2025 09:25:19 +0000 elapsed time 0h 0m 7s
>>> perl-html-formattext-withlinks: Cleaning up srcdir
>>> perl-html-formattext-withlinks: Cleaning up pkgdir
>>> perl-html-formattext-withlinks: Uninstalling dependencies...
(1/19) Purging .makedepends-perl-html-formattext-withlinks (20250518.092514)
(2/19) Purging perl-html-formatter (2.16-r3)
(3/19) Purging perl-font-afm (1.20-r4)
(4/19) Purging perl-html-tree (5.07-r5)
(5/19) Purging perl-html-parser (3.83-r0)
(6/19) Purging perl-html-tagset (3.24-r0)
(7/19) Purging perl-http-message (7.00-r0)
(8/19) Purging perl-clone (0.47-r0)
(9/19) Purging perl-http-date (6.06-r0)
(10/19) Purging perl-io-html (1.004-r1)
(11/19) Purging perl-encode-locale (1.05-r5)
(12/19) Purging perl-lwp-mediatypes (6.04-r3)
(13/19) Purging perl-uri (5.28-r0)
(14/19) Purging perl-module-build (0.4234-r1)
(15/19) Purging git-perl (2.47.2-r0)
(16/19) Purging perl-git (2.47.2-r0)
(17/19) Purging perl-error (0.17030-r0)
(18/19) Purging perl (5.40.2-r0)
(19/19) Purging libbz2 (1.0.8-r6)
Executing busybox-1.37.0-r12.trigger
OK: 261 MiB in 81 packages
>>> perl-html-formattext-withlinks: Updating the main/x86_64 repository index...
>>> perl-html-formattext-withlinks: Signing the index...
pigz: not found
