pigz: not found
>>> perl-xml-sax-base: Building main/perl-xml-sax-base 1.09-r5 (using abuild 3.14.1-r4) started Sun, 18 May 2025 06:19:46 +0000
>>> perl-xml-sax-base: Validating /home/packager/aports/main/perl-xml-sax-base/APKBUILD...
>>> perl-xml-sax-base: Analyzing dependencies...
>>> perl-xml-sax-base: Installing for build: build-base perl
(1/6) Installing libbz2 (1.0.8-r6)
(2/6) Installing perl (5.40.2-r0)
(3/6) Installing .makedepends-perl-xml-sax-base (20250518.061947)
(4/6) Installing perl-error (0.17029-r2)
(5/6) Installing perl-git (2.47.2-r0)
(6/6) Installing git-perl (2.47.2-r0)
Executing busybox-1.37.0-r12.trigger
OK: 297 MiB in 87 packages
>>> perl-xml-sax-base: Cleaning up srcdir
>>> perl-xml-sax-base: Cleaning up pkgdir
>>> perl-xml-sax-base: Cleaning up tmpdir
>>> perl-xml-sax-base: Fetching https://cpan.metacpan.org/authors/id/G/GR/GRANTM/XML-SAX-Base-1.09.tar.gz
Connecting to cpan.metacpan.org (146.75.122.217:443)
saving to '/var/cache/distfiles/XML-SAX-Base-1.09.tar.gz.part'
XML-SAX-Base-1.09.ta 100% |********************************| 28215  0:00:00 ETA
'/var/cache/distfiles/XML-SAX-Base-1.09.tar.gz.part' saved
>>> perl-xml-sax-base: Fetching https://cpan.metacpan.org/authors/id/G/GR/GRANTM/XML-SAX-Base-1.09.tar.gz
>>> perl-xml-sax-base: Checking sha512sums...
XML-SAX-Base-1.09.tar.gz: OK
>>> perl-xml-sax-base: Unpacking /var/cache/distfiles/XML-SAX-Base-1.09.tar.gz...
Checking if your kit is complete...
Looks good
Generating a Unix-style Makefile
Writing Makefile for XML::SAX::Base
Writing MYMETA.yml and MYMETA.json
cp BuildSAXBase.pl blib/lib/XML/SAX/BuildSAXBase.pl
cp lib/XML/SAX/Base.pm blib/lib/XML/SAX/Base.pm
cp lib/XML/SAX/Exception.pm blib/lib/XML/SAX/Exception.pm
Manifying 3 pod documents
PERL_DL_NONLAZY=1 "/usr/bin/perl" "-MExtUtils::Command::MM" "-MTest::Harness" "-e" "undef *Test::Harness::Switches; test_harness(0, 'blib/lib', 'blib/arch')" t/*.t
t/00basic.t ............. ok
t/01exception.t ......... ok
t/01simpledriver.t ...... ok
t/02simplefilter.t ...... ok
t/03chdriver.t .......... ok
t/04chfilter.t .......... ok
t/05dtdhdriver.t ........ ok
t/06lexhdriver.t ........ ok
t/07declhdriver.t ....... ok
t/08errorhdriver.t ...... ok
t/09resoldriver.t ....... ok
t/10dochdriver.t ........ ok
t/11sax1multiclass.t .... ok
t/12sax2multiclass.t .... ok
t/13handlerswitch.t ..... ok
t/14downstreamswitch.t .. ok
t/15parentswitch.t ...... ok
t/16gethandlers.t ....... ok
t/release-pod-syntax.t .. skipped: these tests are for release candidate testing
All tests successful.
Files=19, Tests=137,  1 wallclock secs ( 0.06 usr  0.03 sys +  0.52 cusr  0.15 csys =  0.76 CPU)
Result: PASS
>>> perl-xml-sax-base: Entering fakeroot...
Manifying 3 pod documents
Appending installation info to /home/packager/aports/main/perl-xml-sax-base/pkg/perl-xml-sax-base/usr/lib/perl5/core_perl/perllocal.pod
Installing /home/packager/aports/main/perl-xml-sax-base/pkg/perl-xml-sax-base/usr/share/perl5/vendor_perl/XML/SAX/Base.pm
Installing /home/packager/aports/main/perl-xml-sax-base/pkg/perl-xml-sax-base/usr/share/perl5/vendor_perl/XML/SAX/BuildSAXBase.pl
Installing /home/packager/aports/main/perl-xml-sax-base/pkg/perl-xml-sax-base/usr/share/perl5/vendor_perl/XML/SAX/Exception.pm
Installing /home/packager/aports/main/perl-xml-sax-base/pkg/perl-xml-sax-base/usr/share/man/man3/XML::SAX::BuildSAXBase.3pm
Installing /home/packager/aports/main/perl-xml-sax-base/pkg/perl-xml-sax-base/usr/share/man/man3/XML::SAX::Base.3pm
Installing /home/packager/aports/main/perl-xml-sax-base/pkg/perl-xml-sax-base/usr/share/man/man3/XML::SAX::Exception.3pm
>>> perl-xml-sax-base-doc*: Running split function doc...
'usr/share/man' -> '/home/packager/aports/main/perl-xml-sax-base/pkg/perl-xml-sax-base-doc/usr/share/man'
>>> perl-xml-sax-base-doc*: Preparing subpackage perl-xml-sax-base-doc...
>>> perl-xml-sax-base-doc*: Running postcheck for perl-xml-sax-base-doc
>>> perl-xml-sax-base*: Running postcheck for perl-xml-sax-base
>>> perl-xml-sax-base*: Preparing package perl-xml-sax-base...
>>> perl-xml-sax-base-doc*: Tracing dependencies...
>>> perl-xml-sax-base-doc*: Package size: 10.2 KB
>>> perl-xml-sax-base-doc*: Compressing data...
>>> perl-xml-sax-base-doc*: Create checksum...
pigz: not found
>>> perl-xml-sax-base-doc*: Create perl-xml-sax-base-doc-1.09-r5.apk
>>> perl-xml-sax-base*: Tracing dependencies...
	perl
>>> perl-xml-sax-base*: Package size: 151.0 KB
>>> perl-xml-sax-base*: Compressing data...
>>> perl-xml-sax-base*: Create checksum...
pigz: not found
>>> perl-xml-sax-base*: Create perl-xml-sax-base-1.09-r5.apk
>>> perl-xml-sax-base: Build complete at Sun, 18 May 2025 06:19:50 +0000 elapsed time 0h 0m 4s
>>> perl-xml-sax-base: Cleaning up srcdir
>>> perl-xml-sax-base: Cleaning up pkgdir
>>> perl-xml-sax-base: Uninstalling dependencies...
(1/6) Purging .makedepends-perl-xml-sax-base (20250518.061947)
(2/6) Purging git-perl (2.47.2-r0)
(3/6) Purging perl-git (2.47.2-r0)
(4/6) Purging perl-error (0.17029-r2)
(5/6) Purging perl (5.40.2-r0)
(6/6) Purging libbz2 (1.0.8-r6)
Executing busybox-1.37.0-r12.trigger
OK: 260 MiB in 81 packages
>>> perl-xml-sax-base: Updating the main/x86_64 repository index...
>>> perl-xml-sax-base: Signing the index...
pigz: not found
