pigz: not found
>>> perl-yaml-tiny: Building main/perl-yaml-tiny 1.76-r0 (using abuild 3.14.1-r4) started Sun, 18 May 2025 07:50:12 +0000
>>> perl-yaml-tiny: Validating /home/packager/aports/main/perl-yaml-tiny/APKBUILD...
>>> perl-yaml-tiny: Analyzing dependencies...
>>> perl-yaml-tiny: Installing for build: build-base perl perl-json-maybexs
(1/7) Installing libbz2 (1.0.8-r6)
(2/7) Installing perl (5.40.2-r0)
(3/7) Installing perl-json-maybexs (1.004008-r0)
(4/7) Installing .makedepends-perl-yaml-tiny (20250518.075013)
(5/7) Installing perl-error (0.17029-r2)
(6/7) Installing perl-git (2.47.2-r0)
(7/7) Installing git-perl (2.47.2-r0)
Executing busybox-1.37.0-r12.trigger
OK: 297 MiB in 88 packages
>>> perl-yaml-tiny: Cleaning up srcdir
>>> perl-yaml-tiny: Cleaning up pkgdir
>>> perl-yaml-tiny: Cleaning up tmpdir
>>> perl-yaml-tiny: Fetching https://cpan.metacpan.org/authors/id/E/ET/ETHER/YAML-Tiny-1.76.tar.gz
Connecting to cpan.metacpan.org (146.75.122.217:443)
saving to '/var/cache/distfiles/YAML-Tiny-1.76.tar.gz.part'
YAML-Tiny-1.76.tar.g 100% |********************************| 75559  0:00:00 ETA
'/var/cache/distfiles/YAML-Tiny-1.76.tar.gz.part' saved
>>> perl-yaml-tiny: Fetching https://cpan.metacpan.org/authors/id/E/ET/ETHER/YAML-Tiny-1.76.tar.gz
>>> perl-yaml-tiny: Checking sha512sums...
YAML-Tiny-1.76.tar.gz: OK
>>> perl-yaml-tiny: Unpacking /var/cache/distfiles/YAML-Tiny-1.76.tar.gz...
Checking if your kit is complete...
Looks good
Generating a Unix-style Makefile
Writing Makefile for YAML::Tiny
Writing MYMETA.yml and MYMETA.json
cp lib/YAML/Tiny.pm blib/lib/YAML/Tiny.pm
Manifying 1 pod document
PERL_DL_NONLAZY=1 "/usr/bin/perl" "-MExtUtils::Command::MM" "-MTest::Harness" "-e" "undef *Test::Harness::Switches; test_harness(0, 'blib/lib', 'blib/arch')" t/*.t
# 
# Versions for all modules listed in MYMETA.json (including optional ones):
# 
# === Configure Requires ===
# 
#     Module                  Want     Have
#     ------------------- -------- --------
#     ExtUtils::MakeMaker      any     7.70
#     perl                5.008001 5.040002
# 
# === Configure Suggests ===
# 
#     Module      Want Have
#     -------- ------- ----
#     JSON::PP 2.27300 4.16
# 
# === Build Requires ===
# 
#     Module              Want Have
#     ------------------- ---- ----
#     ExtUtils::MakeMaker  any 7.70
# 
# === Test Requires ===
# 
#     Module                    Want     Have
#     --------------------- -------- --------
#     ExtUtils::MakeMaker        any     7.70
#     File::Basename             any     2.86
#     File::Find                 any     1.44
#     File::Spec                0.80     3.91
#     File::Spec::Functions      any     3.91
#     File::Temp                0.19   0.2311
#     Getopt::Long               any     2.57
#     IO::Dir                    any     1.55
#     JSON::PP                   any     4.16
#     List::Util                 any     1.63
#     Test::More                0.88 1.302199
#     base                       any     2.27
#     lib                        any     0.65
#     open                       any     1.13
#     perl                  5.008001 5.040002
#     utf8                       any     1.25
#     vars                       any     1.05
# 
# === Test Recommends ===
# 
#     Module            Want     Have
#     ------------- -------- --------
#     CPAN::Meta    2.120900 2.150010
#     JSON::MaybeXS 1.001000 1.004008
# 
# === Runtime Requires ===
# 
#     Module           Want     Have
#     ------------ -------- --------
#     B                 any     1.89
#     Carp              any     1.54
#     Exporter          any     5.78
#     Fcntl             any     1.18
#     Scalar::Util      any     1.63
#     perl         5.008001 5.040002
#     strict            any     1.13
#     warnings          any     1.70
# 
# === Other Modules ===
# 
#     Module             Have
#     --------------- -------
#     Encode             3.21
#     File::Temp       0.2311
#     JSON::PP           4.16
#     Module::Runtime missing
#     Pod::Coverage   missing
#     Sub::Name       missing
#     YAML            missing
#     autodie            2.37
# 
t/00-report-prereqs.t .. ok
t/01_api.t ............. ok
t/01_compile.t ......... ok
t/10_read.t ............ ok
t/11_read_string.t ..... ok
t/12_write.t ........... ok
t/13_write_string.t .... ok
t/20_subclass.t ........ ok
t/21_yamlpm_compat.t ... ok
# using JSON backend: JSON::PP 4.16
t/30_yaml_spec_tml.t ... ok
t/31_local_tml.t ....... ok
t/32_world_tml.t ....... ok
t/86_fail.t ............ ok
All tests successful.
Files=13, Tests=58,  2 wallclock secs ( 0.15 usr  0.03 sys +  1.78 cusr  0.21 csys =  2.17 CPU)
Result: PASS
>>> perl-yaml-tiny: Entering fakeroot...
Manifying 1 pod document
Installing /home/packager/aports/main/perl-yaml-tiny/pkg/perl-yaml-tiny/usr/share/perl5/vendor_perl/YAML/Tiny.pm
Installing /home/packager/aports/main/perl-yaml-tiny/pkg/perl-yaml-tiny/usr/share/man/man3/YAML::Tiny.3pm
>>> perl-yaml-tiny-doc*: Running split function doc...
'usr/share/man' -> '/home/packager/aports/main/perl-yaml-tiny/pkg/perl-yaml-tiny-doc/usr/share/man'
>>> perl-yaml-tiny-doc*: Preparing subpackage perl-yaml-tiny-doc...
>>> perl-yaml-tiny-doc*: Running postcheck for perl-yaml-tiny-doc
>>> perl-yaml-tiny*: Running postcheck for perl-yaml-tiny
>>> perl-yaml-tiny*: Preparing package perl-yaml-tiny...
>>> perl-yaml-tiny-doc*: Tracing dependencies...
>>> perl-yaml-tiny-doc*: Package size: 7.1 KB
>>> perl-yaml-tiny-doc*: Compressing data...
>>> perl-yaml-tiny-doc*: Create checksum...
pigz: not found
>>> perl-yaml-tiny-doc*: Create perl-yaml-tiny-doc-1.76-r0.apk
>>> perl-yaml-tiny*: Tracing dependencies...
	perl
>>> perl-yaml-tiny*: Package size: 41.6 KB
>>> perl-yaml-tiny*: Compressing data...
>>> perl-yaml-tiny*: Create checksum...
pigz: not found
>>> perl-yaml-tiny*: Create perl-yaml-tiny-1.76-r0.apk
>>> perl-yaml-tiny: Build complete at Sun, 18 May 2025 07:50:17 +0000 elapsed time 0h 0m 5s
>>> perl-yaml-tiny: Cleaning up srcdir
>>> perl-yaml-tiny: Cleaning up pkgdir
>>> perl-yaml-tiny: Uninstalling dependencies...
(1/7) Purging .makedepends-perl-yaml-tiny (20250518.075013)
(2/7) Purging perl-json-maybexs (1.004008-r0)
(3/7) Purging git-perl (2.47.2-r0)
(4/7) Purging perl-git (2.47.2-r0)
(5/7) Purging perl-error (0.17029-r2)
(6/7) Purging perl (5.40.2-r0)
(7/7) Purging libbz2 (1.0.8-r6)
Executing busybox-1.37.0-r12.trigger
OK: 261 MiB in 81 packages
>>> perl-yaml-tiny: Updating the main/x86_64 repository index...
>>> perl-yaml-tiny: Signing the index...
pigz: not found
