pigz: not found
>>> perl-config-inifiles: Building main/perl-config-inifiles 3.000003-r3 (using abuild 3.14.1-r4) started Sun, 18 May 2025 09:39:34 +0000
>>> perl-config-inifiles: Validating /home/packager/aports/main/perl-config-inifiles/APKBUILD...
>>> perl-config-inifiles: Analyzing dependencies...
>>> perl-config-inifiles: Installing for build: build-base perl perl-io-stringy perl-dev perl-module-build
(1/10) Installing libbz2 (1.0.8-r6)
(2/10) Installing perl (5.40.2-r0)
(3/10) Installing perl-io-stringy (2.113-r3)
(4/10) Installing perl-utils (5.40.2-r0)
(5/10) Installing perl-dev (5.40.2-r0)
(6/10) Installing perl-module-build (0.4234-r1)
(7/10) Installing .makedepends-perl-config-inifiles (20250518.093937)
(8/10) Installing perl-error (0.17030-r0)
(9/10) Installing perl-git (2.47.2-r0)
(10/10) Installing git-perl (2.47.2-r0)
Executing busybox-1.37.0-r12.trigger
OK: 307 MiB in 91 packages
>>> perl-config-inifiles: Cleaning up srcdir
>>> perl-config-inifiles: Cleaning up pkgdir
>>> perl-config-inifiles: Cleaning up tmpdir
>>> perl-config-inifiles: Fetching https://cpan.metacpan.org/authors/id/S/SH/SHLOMIF/Config-IniFiles-3.000003.tar.gz
Connecting to cpan.metacpan.org (146.75.122.217:443)
saving to '/var/cache/distfiles/Config-IniFiles-3.000003.tar.gz.part'
Config-IniFiles-3.00 100% |********************************| 70024  0:00:00 ETA
'/var/cache/distfiles/Config-IniFiles-3.000003.tar.gz.part' saved
>>> perl-config-inifiles: Fetching https://cpan.metacpan.org/authors/id/S/SH/SHLOMIF/Config-IniFiles-3.000003.tar.gz
>>> perl-config-inifiles: Checking sha512sums...
Config-IniFiles-3.000003.tar.gz: OK
>>> perl-config-inifiles: Unpacking /var/cache/distfiles/Config-IniFiles-3.000003.tar.gz...
Created MYMETA.yml and MYMETA.json
Creating new 'Build' script for 'Config-IniFiles' version '3.000003'
Building Config-IniFiles
t/00-compile.t ................................ ok
t/00load.t .................................... ok
t/01basic.t ................................... ok
t/02weird.t ................................... ok
t/03comments.t ................................ ok
t/04import.t .................................. ok
t/05hash.t .................................... ok
t/06oo.t ...................................... ok
t/07misc.t .................................... ok
t/08group.t ................................... ok
t/09case.t .................................... ok
t/10delta.t ................................... ok
t/11copy-ties-with-array-vals.t ............... ok
t/12open-empty-file.t ......................... ok
t/13val-in-list-context.t ..................... ok
t/14brackets-within-values.t .................. ok
t/15store-and-retrieve-here-doc-terminator.t .. ok
t/16case-sensitive-default.t .................. ok
t/17untainted-multiline-values.t .............. ok
t/18non-contiguous-groups.t ................... ok
t/19param-found-outside-section.t ............. ok
t/20allowedcommentchars.t ..................... ok
t/22trailing-comment-lines.t .................. ok
t/23scalar-ref.t .............................. ok
t/24case-sensitive-exists.t ................... ok
t/25line-endings.t ............................ ok
t/26scalar-filehandle.t ....................... ok
t/27empty-ini.t ............................... ok
t/28nomultiline.t ............................. ok
t/29end-of-line-comment.t ..................... ok
t/30parameters-with-empty-values.t ............ ok
t/31comments_with_spaces.t .................... ok
t/32mswin-outputs-contain-crs.t ............... skipped: Test is only relevant for Microsoft Windows
untie attempted while 1 inner references still exist at t/33update-using-tied-fh-w-shorter-names.t line 52.
t/33update-using-tied-fh-w-shorter-names.t .... ok
t/34trailing-comments-double-delimeter.t ...... ok
t/35reload-config-no-file.t ................... ok
t/35section-iterators.t ....................... ok
t/36php-compat.t .............................. ok
t/37here-doc-no-end-marker.t .................. ok
All tests successful.
Files=39, Tests=205,  5 wallclock secs ( 0.13 usr  0.04 sys +  3.51 cusr  0.58 csys =  4.26 CPU)
Result: PASS
>>> perl-config-inifiles: Entering fakeroot...
Building Config-IniFiles
Installing /home/packager/aports/main/perl-config-inifiles/pkg/perl-config-inifiles/usr/share/perl5/vendor_perl/Config/IniFiles.pm
Installing /home/packager/aports/main/perl-config-inifiles/pkg/perl-config-inifiles/usr/share/man/man3/Config::IniFiles.3pm
>>> perl-config-inifiles-doc*: Running split function doc...
'usr/share/man' -> '/home/packager/aports/main/perl-config-inifiles/pkg/perl-config-inifiles-doc/usr/share/man'
>>> perl-config-inifiles-doc*: Preparing subpackage perl-config-inifiles-doc...
>>> perl-config-inifiles-doc*: Running postcheck for perl-config-inifiles-doc
>>> perl-config-inifiles*: Running postcheck for perl-config-inifiles
>>> perl-config-inifiles*: Preparing package perl-config-inifiles...
>>> perl-config-inifiles-doc*: Tracing dependencies...
>>> perl-config-inifiles-doc*: Package size: 12.8 KB
>>> perl-config-inifiles-doc*: Compressing data...
>>> perl-config-inifiles-doc*: Create checksum...
pigz: not found
>>> perl-config-inifiles-doc*: Create perl-config-inifiles-doc-3.000003-r3.apk
>>> perl-config-inifiles*: Tracing dependencies...
	perl
	perl-io-stringy
>>> perl-config-inifiles*: Package size: 87.7 KB
>>> perl-config-inifiles*: Compressing data...
>>> perl-config-inifiles*: Create checksum...
pigz: not found
>>> perl-config-inifiles*: Create perl-config-inifiles-3.000003-r3.apk
>>> perl-config-inifiles: Build complete at Sun, 18 May 2025 09:39:44 +0000 elapsed time 0h 0m 10s
>>> perl-config-inifiles: Cleaning up srcdir
>>> perl-config-inifiles: Cleaning up pkgdir
>>> perl-config-inifiles: Uninstalling dependencies...
(1/10) Purging .makedepends-perl-config-inifiles (20250518.093937)
(2/10) Purging perl-io-stringy (2.113-r3)
(3/10) Purging perl-dev (5.40.2-r0)
(4/10) Purging perl-utils (5.40.2-r0)
(5/10) Purging perl-module-build (0.4234-r1)
(6/10) Purging git-perl (2.47.2-r0)
(7/10) Purging perl-git (2.47.2-r0)
(8/10) Purging perl-error (0.17030-r0)
(9/10) Purging perl (5.40.2-r0)
(10/10) Purging libbz2 (1.0.8-r6)
Executing busybox-1.37.0-r12.trigger
OK: 261 MiB in 81 packages
>>> perl-config-inifiles: Updating the main/x86_64 repository index...
>>> perl-config-inifiles: Signing the index...
pigz: not found
