>>> perl-crypt-openssl-random: Validating /home/packager/oily-pine/main/perl-crypt-openssl-random/APKBUILD...
>>> perl-crypt-openssl-random: Cleaning up srcdir
>>> perl-crypt-openssl-random: Cleaning up pkgdir
>>> perl-crypt-openssl-random: Cleaning up tmpdir
>>> perl-crypt-openssl-random: Fetching https://cpan.metacpan.org/authors/id/R/RU/RURBAN/Crypt-OpenSSL-Random-0.17.tar.gz
  % Total    % Received % Xferd  Average Speed   Time    Time     Time  Current
                                 Dload  Upload   Total   Spent    Left  Speed
  0     0    0     0    0     0      0      0 --:--:-- --:--:-- --:--:--     0100 19234  100 19234    0     0   125k      0 --:--:-- --:--:-- --:--:--  126k
>>> perl-crypt-openssl-random: Fetching https://cpan.metacpan.org/authors/id/R/RU/RURBAN/Crypt-OpenSSL-Random-0.17.tar.gz
>>> perl-crypt-openssl-random: Checking sha512sums...
Crypt-OpenSSL-Random-0.17.tar.gz: OK
>>> perl-crypt-openssl-random: Preparing build chroot...
fetch http://dl-cdn.alpinelinux.org/alpine/edge/main/x86_64/APKINDEX.tar.gz
(1/77) Installing musl (1.2.5-r10)
(2/77) Installing libcrypto3 (3.5.0-r0)
(3/77) Installing ca-certificates-bundle (20241121-r2)
(4/77) Installing libssl3 (3.5.0-r0)
(5/77) Installing zlib (1.3.1-r2)
(6/77) Installing libapk2 (2.14.9-r2)
(7/77) Installing apk-tools (2.14.9-r2)
(8/77) Installing libcap2 (2.76-r0)
(9/77) Installing libcap-getcap (2.76-r0)
(10/77) Installing fakeroot (1.37.1.1-r0)
(11/77) Installing scanelf (1.3.8-r1)
(12/77) Installing musl-utils (1.2.5-r10)
(13/77) Installing libgcc (14.3.0-r1)
(14/77) Installing libstdc++ (14.3.0-r1)
(15/77) Installing lzip (1.25-r0)
(16/77) Installing openssl (3.5.0-r0)
(17/77) Installing patch (2.8-r0)
(18/77) Installing pkgconf (2.4.3-r0)
(19/77) Installing acl-libs (2.3.2-r1)
(20/77) Installing tar (1.35-r3)
(21/77) Installing busybox (1.37.0-r18)
Executing busybox-1.37.0-r18.post-install
(22/77) Installing ssl_client (1.37.0-r18)
(23/77) Installing busybox-binsh (1.37.0-r18)
(24/77) Installing abuild (3.15.0-r0)
Executing abuild-3.15.0-r0.pre-install
(25/77) Installing abuild-sudo (3.15.0-r0)
(26/77) Installing alpine-baselayout-data (3.7.0-r0)
(27/77) Installing alpine-baselayout (3.7.0-r0)
Executing alpine-baselayout-3.7.0-r0.pre-install
Executing alpine-baselayout-3.7.0-r0.post-install
(28/77) Installing bridge (1.5-r5)
(29/77) Installing ifupdown-ng (0.12.1-r7)
(30/77) Installing openrc-user (0.62.2-r2)
(31/77) Installing openrc (0.62.2-r2)
Executing openrc-0.62.2-r2.post-install
(32/77) Installing mdev-conf (4.8-r0)
(33/77) Installing busybox-mdev-openrc (1.37.0-r18)
(34/77) Installing alpine-conf (3.20.0-r0)
(35/77) Installing alpine-keys (2.5-r0)
(36/77) Installing alpine-release (3.22.0-r0)
(37/77) Installing busybox-openrc (1.37.0-r18)
(38/77) Installing busybox-suid (1.37.0-r18)
(39/77) Installing alpine-base (3.22.0-r0)
(40/77) Installing jansson (2.14.1-r0)
(41/77) Installing zstd-libs (1.5.7-r0)
(42/77) Installing binutils (2.44-r0)
(43/77) Installing libmagic (5.46-r2)
(44/77) Installing file (5.46-r2)
(45/77) Installing libgomp (14.3.0-r1)
(46/77) Installing libatomic (14.3.0-r1)
(47/77) Installing gmp (6.3.0-r3)
(48/77) Installing isl26 (0.26-r1)
(49/77) Installing mpfr4 (4.2.1_p1-r0)
(50/77) Installing mpc1 (1.3.1-r1)
(51/77) Installing gcc (14.3.0-r1)
(52/77) Installing libstdc++-dev (14.3.0-r1)
(53/77) Installing musl-dev (1.2.5-r10)
(54/77) Installing g++ (14.3.0-r1)
(55/77) Installing make (4.4.1-r3)
(56/77) Installing fortify-headers (1.1-r5)
(57/77) Installing build-base (0.5-r3)
(58/77) Installing brotli-libs (1.1.0-r2)
(59/77) Installing c-ares (1.34.5-r0)
(60/77) Installing libunistring (1.3-r0)
(61/77) Installing libidn2 (2.3.7-r0)
(62/77) Installing nghttp2-libs (1.65.0-r0)
(63/77) Installing libpsl (0.21.5-r3)
(64/77) Installing libcurl (8.14.0-r2)
(65/77) Installing libexpat (2.7.1-r0)
(66/77) Installing pcre2 (10.43-r1)
(67/77) Installing git (2.49.0-r0)
(68/77) Installing git-init-template (2.49.0-r0)
(69/77) Installing openssl-dev (3.5.0-r0)
(70/77) Installing libbz2 (1.0.8-r6)
(71/77) Installing perl (5.40.2-r0)
(72/77) Installing perl-error (0.17030-r0)
(73/77) Installing perl-git (2.49.0-r0)
(74/77) Installing git-perl (2.49.0-r0)
(75/77) Installing perl-crypt-openssl-guess (0.15-r1)
(76/77) Installing perl-utils (5.40.2-r0)
(77/77) Installing perl-dev (5.40.2-r0)
Executing busybox-1.37.0-r18.trigger
OK: 307 MiB in 77 packages
>>> perl-crypt-openssl-random: Fetching https://cpan.metacpan.org/authors/id/R/RU/RURBAN/Crypt-OpenSSL-Random-0.17.tar.gz
>>> perl-crypt-openssl-random: Checking sha512sums...
Crypt-OpenSSL-Random-0.17.tar.gz: OK
>>> perl-crypt-openssl-random: Unpacking /var/cache/distfiles/Crypt-OpenSSL-Random-0.17.tar.gz...
Warning: prerequisite Test::Pod 1.22 not found.
Checking if your kit is complete...
Looks good
Generating a Unix-style Makefile
Writing Makefile for Crypt::OpenSSL::Random
Writing MYMETA.yml and MYMETA.json
Running Mkbootstrap for Random ()
"/usr/bin/perl" "/usr/share/perl5/core_perl/ExtUtils/xsubpp"  -typemap '/usr/share/perl5/core_perl/ExtUtils/typemap'  Random.xs > Random.xsc
chmod 644 "Random.bs"
"/usr/bin/perl" -MExtUtils::Command::MM -e 'cp_nonempty' -- Random.bs blib/arch/auto/Crypt/OpenSSL/Random/Random.bs 644
cp Random.pm blib/lib/Crypt/OpenSSL/Random.pm
mv Random.xsc Random.c
cc -c  -I/usr/include -D_REENTRANT -D_GNU_SOURCE -D_GNU_SOURCE -fwrapv -fno-strict-aliasing -pipe -fstack-protector-strong -D_LARGEFILE_SOURCE -D_FILE_OFFSET_BITS=64 -Os -fstack-clash-protection -Wformat -Werror=format-security -fno-plt -O2   -DVERSION=\"0.17\" -DXS_VERSION=\"0.17\" -fPIC "-I/usr/lib/perl5/core_perl/CORE"   Random.c
rm -f blib/arch/auto/Crypt/OpenSSL/Random/Random.so
LD_RUN_PATH="/usr/lib" cc  -shared -Os -fstack-clash-protection -Wformat -Werror=format-security -fno-plt -O2 -L/usr/local/lib -fstack-protector-strong  Random.o  -o blib/arch/auto/Crypt/OpenSSL/Random/Random.so  \
   -L/usr -L/usr/lib -lssl -lcrypto   \
  
chmod 755 blib/arch/auto/Crypt/OpenSSL/Random/Random.so
Manifying 1 pod document
"/usr/bin/perl" -MExtUtils::Command::MM -e 'cp_nonempty' -- Random.bs blib/arch/auto/Crypt/OpenSSL/Random/Random.bs 644
PERL_DL_NONLAZY=1 "/usr/bin/perl" "-MExtUtils::Command::MM" "-MTest::Harness" "-e" "undef *Test::Harness::Switches; test_harness(0, 'blib/lib', 'blib/arch')" t/*.t
t/0-basic.t ................. ok
t/z_kwalitee.t .............. skipped: This test is only run for the module author
t/z_manifest.t .............. skipped: requires a git checkout and a unix for git and diff
t/z_meta.t .................. skipped: This test is only run for the module author
t/z_perl_minimum_version.t .. skipped: Author tests not required for installation
t/z_pod-coverage.t .......... skipped: This test is only run for the module author
t/z_pod.t ................... skipped: Test::Pod 1.00 required for testing POD
All tests successful.
Files=7, Tests=5,  1 wallclock secs ( 0.02 usr  0.00 sys +  0.18 cusr  0.03 csys =  0.23 CPU)
Result: PASS
>>> perl-crypt-openssl-random: Entering fakeroot...
"/usr/bin/perl" -MExtUtils::Command::MM -e 'cp_nonempty' -- Random.bs blib/arch/auto/Crypt/OpenSSL/Random/Random.bs 644
Manifying 1 pod document
Files found in blib/arch: installing files in blib/lib into architecture dependent library tree
Installing /tmp/pkg/perl-crypt-openssl-random/usr/lib/perl5/vendor_perl/auto/Crypt/OpenSSL/Random/Random.so
Installing /tmp/pkg/perl-crypt-openssl-random/usr/lib/perl5/vendor_perl/Crypt/OpenSSL/Random.pm
Installing /tmp/pkg/perl-crypt-openssl-random/usr/share/man/man3/Crypt::OpenSSL::Random.3pm
>>> perl-crypt-openssl-random-doc*: Running split function doc...
'usr/share/man' -> '/tmp/pkg/perl-crypt-openssl-random-doc/usr/share/man'
>>> perl-crypt-openssl-random-doc*: Preparing subpackage perl-crypt-openssl-random-doc...
>>> perl-crypt-openssl-random-doc*: Running postcheck for perl-crypt-openssl-random-doc
>>> perl-crypt-openssl-random*: Running postcheck for perl-crypt-openssl-random
>>> perl-crypt-openssl-random*: Preparing package perl-crypt-openssl-random...
>>> perl-crypt-openssl-random*: Stripping binaries
>>> WARNING: perl-crypt-openssl-random*: Redundant /usr/lib in rpath found
>>> perl-crypt-openssl-random-doc*: Scanning shared objects
>>> perl-crypt-openssl-random*: Scanning shared objects
>>> perl-crypt-openssl-random-doc*: Tracing dependencies...
>>> perl-crypt-openssl-random-doc*: Package size: 2.1 KB
>>> perl-crypt-openssl-random-doc*: Compressing data...
>>> perl-crypt-openssl-random-doc*: Create checksum...
>>> perl-crypt-openssl-random-doc*: Create perl-crypt-openssl-random-doc-0.17-r0.apk
>>> perl-crypt-openssl-random*: Tracing dependencies...
	perl
	so:libc.musl-x86_64.so.1
	so:libcrypto.so.3
>>> perl-crypt-openssl-random*: Package size: 16.8 KB
>>> perl-crypt-openssl-random*: Compressing data...
>>> perl-crypt-openssl-random*: Create checksum...
>>> perl-crypt-openssl-random*: Create perl-crypt-openssl-random-0.17-r0.apk
>>> perl-crypt-openssl-random: Updating the main/x86_64 repository index...
>>> perl-crypt-openssl-random: Signing the index...
>>> perl-crypt-openssl-random: Cleaning up srcdir
>>> perl-crypt-openssl-random: Cleaning up build chroot
>>> perl-crypt-openssl-random: Cleaning up pkgdir
